[2022-09-24T19:50:49.274+0000] {processor.py:156} INFO - Started process (PID=254) to work on /home/airflow/.local/lib/python3.7/site-packages/airflow/example_dags/example_branch_day_of_week_operator.py
[2022-09-24T19:50:49.280+0000] {processor.py:758} INFO - Processing file /home/airflow/.local/lib/python3.7/site-packages/airflow/example_dags/example_branch_day_of_week_operator.py for tasks to queue
[2022-09-24T19:50:49.289+0000] {logging_mixin.py:117} INFO - [2022-09-24T19:50:49.289+0000] {dagbag.py:525} INFO - Filling up the DagBag from /home/airflow/.local/lib/python3.7/site-packages/airflow/example_dags/example_branch_day_of_week_operator.py
[2022-09-24T19:50:49.496+0000] {processor.py:768} INFO - DAG(s) dict_keys(['example_weekday_branch_operator']) retrieved from /home/airflow/.local/lib/python3.7/site-packages/airflow/example_dags/example_branch_day_of_week_operator.py
[2022-09-24T19:50:50.039+0000] {logging_mixin.py:117} INFO - [2022-09-24T19:50:50.039+0000] {dag.py:2573} INFO - Sync 1 DAGs
[2022-09-24T19:50:50.306+0000] {logging_mixin.py:117} INFO - [2022-09-24T19:50:50.306+0000] {dag.py:3328} INFO - Setting next_dagrun for example_weekday_branch_operator to 2022-09-23T00:00:00+00:00, run_after=2022-09-24T00:00:00+00:00
[2022-09-24T19:50:50.423+0000] {processor.py:178} INFO - Processing /home/airflow/.local/lib/python3.7/site-packages/airflow/example_dags/example_branch_day_of_week_operator.py took 1.170 seconds
[2022-09-24T19:51:23.529+0000] {processor.py:156} INFO - Started process (PID=452) to work on /home/airflow/.local/lib/python3.7/site-packages/airflow/example_dags/example_branch_day_of_week_operator.py
[2022-09-24T19:51:23.533+0000] {processor.py:758} INFO - Processing file /home/airflow/.local/lib/python3.7/site-packages/airflow/example_dags/example_branch_day_of_week_operator.py for tasks to queue
[2022-09-24T19:51:23.535+0000] {logging_mixin.py:117} INFO - [2022-09-24T19:51:23.535+0000] {dagbag.py:525} INFO - Filling up the DagBag from /home/airflow/.local/lib/python3.7/site-packages/airflow/example_dags/example_branch_day_of_week_operator.py
[2022-09-24T19:51:23.604+0000] {processor.py:768} INFO - DAG(s) dict_keys(['example_weekday_branch_operator']) retrieved from /home/airflow/.local/lib/python3.7/site-packages/airflow/example_dags/example_branch_day_of_week_operator.py
[2022-09-24T19:51:23.721+0000] {logging_mixin.py:117} INFO - [2022-09-24T19:51:23.721+0000] {dag.py:2573} INFO - Sync 1 DAGs
[2022-09-24T19:51:23.862+0000] {logging_mixin.py:117} INFO - [2022-09-24T19:51:23.862+0000] {dag.py:3328} INFO - Setting next_dagrun for example_weekday_branch_operator to 2022-09-23T00:00:00+00:00, run_after=2022-09-24T00:00:00+00:00
[2022-09-24T19:51:23.945+0000] {processor.py:178} INFO - Processing /home/airflow/.local/lib/python3.7/site-packages/airflow/example_dags/example_branch_day_of_week_operator.py took 0.437 seconds
[2022-09-24T19:51:57.577+0000] {processor.py:156} INFO - Started process (PID=652) to work on /home/airflow/.local/lib/python3.7/site-packages/airflow/example_dags/example_branch_day_of_week_operator.py
[2022-09-24T19:51:57.584+0000] {processor.py:758} INFO - Processing file /home/airflow/.local/lib/python3.7/site-packages/airflow/example_dags/example_branch_day_of_week_operator.py for tasks to queue
[2022-09-24T19:51:57.588+0000] {logging_mixin.py:117} INFO - [2022-09-24T19:51:57.587+0000] {dagbag.py:525} INFO - Filling up the DagBag from /home/airflow/.local/lib/python3.7/site-packages/airflow/example_dags/example_branch_day_of_week_operator.py
[2022-09-24T19:51:57.627+0000] {processor.py:768} INFO - DAG(s) dict_keys(['example_weekday_branch_operator']) retrieved from /home/airflow/.local/lib/python3.7/site-packages/airflow/example_dags/example_branch_day_of_week_operator.py
[2022-09-24T19:51:57.710+0000] {logging_mixin.py:117} INFO - [2022-09-24T19:51:57.710+0000] {dag.py:2573} INFO - Sync 1 DAGs
[2022-09-24T19:51:58.077+0000] {logging_mixin.py:117} INFO - [2022-09-24T19:51:58.077+0000] {dag.py:3328} INFO - Setting next_dagrun for example_weekday_branch_operator to 2022-09-23T00:00:00+00:00, run_after=2022-09-24T00:00:00+00:00
[2022-09-24T19:51:58.607+0000] {processor.py:178} INFO - Processing /home/airflow/.local/lib/python3.7/site-packages/airflow/example_dags/example_branch_day_of_week_operator.py took 1.038 seconds
[2022-09-24T19:52:28.934+0000] {processor.py:156} INFO - Started process (PID=850) to work on /home/airflow/.local/lib/python3.7/site-packages/airflow/example_dags/example_branch_day_of_week_operator.py
[2022-09-24T19:52:28.939+0000] {processor.py:758} INFO - Processing file /home/airflow/.local/lib/python3.7/site-packages/airflow/example_dags/example_branch_day_of_week_operator.py for tasks to queue
[2022-09-24T19:52:28.943+0000] {logging_mixin.py:117} INFO - [2022-09-24T19:52:28.943+0000] {dagbag.py:525} INFO - Filling up the DagBag from /home/airflow/.local/lib/python3.7/site-packages/airflow/example_dags/example_branch_day_of_week_operator.py
[2022-09-24T19:52:28.987+0000] {processor.py:768} INFO - DAG(s) dict_keys(['example_weekday_branch_operator']) retrieved from /home/airflow/.local/lib/python3.7/site-packages/airflow/example_dags/example_branch_day_of_week_operator.py
[2022-09-24T19:52:29.098+0000] {logging_mixin.py:117} INFO - [2022-09-24T19:52:29.098+0000] {dag.py:2573} INFO - Sync 1 DAGs
[2022-09-24T19:52:29.333+0000] {logging_mixin.py:117} INFO - [2022-09-24T19:52:29.333+0000] {dag.py:3328} INFO - Setting next_dagrun for example_weekday_branch_operator to 2022-09-23T00:00:00+00:00, run_after=2022-09-24T00:00:00+00:00
[2022-09-24T19:52:29.373+0000] {processor.py:178} INFO - Processing /home/airflow/.local/lib/python3.7/site-packages/airflow/example_dags/example_branch_day_of_week_operator.py took 0.451 seconds
[2022-09-24T19:52:59.495+0000] {processor.py:156} INFO - Started process (PID=1048) to work on /home/airflow/.local/lib/python3.7/site-packages/airflow/example_dags/example_branch_day_of_week_operator.py
[2022-09-24T19:52:59.499+0000] {processor.py:758} INFO - Processing file /home/airflow/.local/lib/python3.7/site-packages/airflow/example_dags/example_branch_day_of_week_operator.py for tasks to queue
[2022-09-24T19:52:59.501+0000] {logging_mixin.py:117} INFO - [2022-09-24T19:52:59.501+0000] {dagbag.py:525} INFO - Filling up the DagBag from /home/airflow/.local/lib/python3.7/site-packages/airflow/example_dags/example_branch_day_of_week_operator.py
[2022-09-24T19:52:59.534+0000] {processor.py:768} INFO - DAG(s) dict_keys(['example_weekday_branch_operator']) retrieved from /home/airflow/.local/lib/python3.7/site-packages/airflow/example_dags/example_branch_day_of_week_operator.py
[2022-09-24T19:52:59.812+0000] {logging_mixin.py:117} INFO - [2022-09-24T19:52:59.812+0000] {dag.py:2573} INFO - Sync 1 DAGs
[2022-09-24T19:52:59.881+0000] {logging_mixin.py:117} INFO - [2022-09-24T19:52:59.880+0000] {dag.py:3328} INFO - Setting next_dagrun for example_weekday_branch_operator to 2022-09-23T00:00:00+00:00, run_after=2022-09-24T00:00:00+00:00
[2022-09-24T19:52:59.918+0000] {processor.py:178} INFO - Processing /home/airflow/.local/lib/python3.7/site-packages/airflow/example_dags/example_branch_day_of_week_operator.py took 0.432 seconds
[2022-09-24T19:53:33.086+0000] {processor.py:156} INFO - Started process (PID=1245) to work on /home/airflow/.local/lib/python3.7/site-packages/airflow/example_dags/example_branch_day_of_week_operator.py
[2022-09-24T19:53:33.098+0000] {processor.py:758} INFO - Processing file /home/airflow/.local/lib/python3.7/site-packages/airflow/example_dags/example_branch_day_of_week_operator.py for tasks to queue
[2022-09-24T19:53:33.101+0000] {logging_mixin.py:117} INFO - [2022-09-24T19:53:33.101+0000] {dagbag.py:525} INFO - Filling up the DagBag from /home/airflow/.local/lib/python3.7/site-packages/airflow/example_dags/example_branch_day_of_week_operator.py
[2022-09-24T19:53:33.319+0000] {processor.py:768} INFO - DAG(s) dict_keys(['example_weekday_branch_operator']) retrieved from /home/airflow/.local/lib/python3.7/site-packages/airflow/example_dags/example_branch_day_of_week_operator.py
[2022-09-24T19:53:34.590+0000] {logging_mixin.py:117} INFO - [2022-09-24T19:53:34.590+0000] {dag.py:2573} INFO - Sync 1 DAGs
[2022-09-24T19:53:34.682+0000] {logging_mixin.py:117} INFO - [2022-09-24T19:53:34.681+0000] {dag.py:3328} INFO - Setting next_dagrun for example_weekday_branch_operator to 2022-09-23T00:00:00+00:00, run_after=2022-09-24T00:00:00+00:00
[2022-09-24T19:53:34.756+0000] {processor.py:178} INFO - Processing /home/airflow/.local/lib/python3.7/site-packages/airflow/example_dags/example_branch_day_of_week_operator.py took 1.725 seconds
[2022-09-24T19:54:06.155+0000] {processor.py:156} INFO - Started process (PID=1443) to work on /home/airflow/.local/lib/python3.7/site-packages/airflow/example_dags/example_branch_day_of_week_operator.py
[2022-09-24T19:54:06.160+0000] {processor.py:758} INFO - Processing file /home/airflow/.local/lib/python3.7/site-packages/airflow/example_dags/example_branch_day_of_week_operator.py for tasks to queue
[2022-09-24T19:54:06.165+0000] {logging_mixin.py:117} INFO - [2022-09-24T19:54:06.164+0000] {dagbag.py:525} INFO - Filling up the DagBag from /home/airflow/.local/lib/python3.7/site-packages/airflow/example_dags/example_branch_day_of_week_operator.py
[2022-09-24T19:54:06.246+0000] {processor.py:768} INFO - DAG(s) dict_keys(['example_weekday_branch_operator']) retrieved from /home/airflow/.local/lib/python3.7/site-packages/airflow/example_dags/example_branch_day_of_week_operator.py
[2022-09-24T19:54:06.840+0000] {logging_mixin.py:117} INFO - [2022-09-24T19:54:06.840+0000] {dag.py:2573} INFO - Sync 1 DAGs
[2022-09-24T19:54:06.892+0000] {logging_mixin.py:117} INFO - [2022-09-24T19:54:06.891+0000] {dag.py:3328} INFO - Setting next_dagrun for example_weekday_branch_operator to 2022-09-23T00:00:00+00:00, run_after=2022-09-24T00:00:00+00:00
[2022-09-24T19:54:06.978+0000] {processor.py:178} INFO - Processing /home/airflow/.local/lib/python3.7/site-packages/airflow/example_dags/example_branch_day_of_week_operator.py took 0.847 seconds
[2022-09-24T19:54:37.298+0000] {processor.py:156} INFO - Started process (PID=1641) to work on /home/airflow/.local/lib/python3.7/site-packages/airflow/example_dags/example_branch_day_of_week_operator.py
[2022-09-24T19:54:37.305+0000] {processor.py:758} INFO - Processing file /home/airflow/.local/lib/python3.7/site-packages/airflow/example_dags/example_branch_day_of_week_operator.py for tasks to queue
[2022-09-24T19:54:37.309+0000] {logging_mixin.py:117} INFO - [2022-09-24T19:54:37.308+0000] {dagbag.py:525} INFO - Filling up the DagBag from /home/airflow/.local/lib/python3.7/site-packages/airflow/example_dags/example_branch_day_of_week_operator.py
[2022-09-24T19:54:37.735+0000] {processor.py:768} INFO - DAG(s) dict_keys(['example_weekday_branch_operator']) retrieved from /home/airflow/.local/lib/python3.7/site-packages/airflow/example_dags/example_branch_day_of_week_operator.py
[2022-09-24T19:54:37.804+0000] {logging_mixin.py:117} INFO - [2022-09-24T19:54:37.804+0000] {dag.py:2573} INFO - Sync 1 DAGs
[2022-09-24T19:54:37.850+0000] {logging_mixin.py:117} INFO - [2022-09-24T19:54:37.850+0000] {dag.py:3328} INFO - Setting next_dagrun for example_weekday_branch_operator to 2022-09-23T00:00:00+00:00, run_after=2022-09-24T00:00:00+00:00
[2022-09-24T19:54:37.925+0000] {processor.py:178} INFO - Processing /home/airflow/.local/lib/python3.7/site-packages/airflow/example_dags/example_branch_day_of_week_operator.py took 0.640 seconds
[2022-09-24T19:55:09.004+0000] {processor.py:156} INFO - Started process (PID=1845) to work on /home/airflow/.local/lib/python3.7/site-packages/airflow/example_dags/example_branch_day_of_week_operator.py
[2022-09-24T19:55:09.010+0000] {processor.py:758} INFO - Processing file /home/airflow/.local/lib/python3.7/site-packages/airflow/example_dags/example_branch_day_of_week_operator.py for tasks to queue
[2022-09-24T19:55:09.015+0000] {logging_mixin.py:117} INFO - [2022-09-24T19:55:09.014+0000] {dagbag.py:525} INFO - Filling up the DagBag from /home/airflow/.local/lib/python3.7/site-packages/airflow/example_dags/example_branch_day_of_week_operator.py
[2022-09-24T19:55:09.144+0000] {processor.py:768} INFO - DAG(s) dict_keys(['example_weekday_branch_operator']) retrieved from /home/airflow/.local/lib/python3.7/site-packages/airflow/example_dags/example_branch_day_of_week_operator.py
[2022-09-24T19:55:09.360+0000] {logging_mixin.py:117} INFO - [2022-09-24T19:55:09.360+0000] {dag.py:2573} INFO - Sync 1 DAGs
[2022-09-24T19:55:09.509+0000] {logging_mixin.py:117} INFO - [2022-09-24T19:55:09.509+0000] {dag.py:3328} INFO - Setting next_dagrun for example_weekday_branch_operator to 2022-09-23T00:00:00+00:00, run_after=2022-09-24T00:00:00+00:00
[2022-09-24T19:55:09.623+0000] {processor.py:178} INFO - Processing /home/airflow/.local/lib/python3.7/site-packages/airflow/example_dags/example_branch_day_of_week_operator.py took 0.677 seconds
[2022-09-24T19:55:39.908+0000] {processor.py:156} INFO - Started process (PID=2040) to work on /home/airflow/.local/lib/python3.7/site-packages/airflow/example_dags/example_branch_day_of_week_operator.py
[2022-09-24T19:55:39.912+0000] {processor.py:758} INFO - Processing file /home/airflow/.local/lib/python3.7/site-packages/airflow/example_dags/example_branch_day_of_week_operator.py for tasks to queue
[2022-09-24T19:55:39.916+0000] {logging_mixin.py:117} INFO - [2022-09-24T19:55:39.916+0000] {dagbag.py:525} INFO - Filling up the DagBag from /home/airflow/.local/lib/python3.7/site-packages/airflow/example_dags/example_branch_day_of_week_operator.py
[2022-09-24T19:55:39.998+0000] {processor.py:768} INFO - DAG(s) dict_keys(['example_weekday_branch_operator']) retrieved from /home/airflow/.local/lib/python3.7/site-packages/airflow/example_dags/example_branch_day_of_week_operator.py
[2022-09-24T19:55:40.097+0000] {logging_mixin.py:117} INFO - [2022-09-24T19:55:40.097+0000] {dag.py:2573} INFO - Sync 1 DAGs
[2022-09-24T19:55:40.165+0000] {logging_mixin.py:117} INFO - [2022-09-24T19:55:40.165+0000] {dag.py:3328} INFO - Setting next_dagrun for example_weekday_branch_operator to 2022-09-23T00:00:00+00:00, run_after=2022-09-24T00:00:00+00:00
[2022-09-24T19:55:40.214+0000] {processor.py:178} INFO - Processing /home/airflow/.local/lib/python3.7/site-packages/airflow/example_dags/example_branch_day_of_week_operator.py took 0.319 seconds
[2022-09-24T19:56:10.852+0000] {processor.py:156} INFO - Started process (PID=2238) to work on /home/airflow/.local/lib/python3.7/site-packages/airflow/example_dags/example_branch_day_of_week_operator.py
[2022-09-24T19:56:10.857+0000] {processor.py:758} INFO - Processing file /home/airflow/.local/lib/python3.7/site-packages/airflow/example_dags/example_branch_day_of_week_operator.py for tasks to queue
[2022-09-24T19:56:10.862+0000] {logging_mixin.py:117} INFO - [2022-09-24T19:56:10.861+0000] {dagbag.py:525} INFO - Filling up the DagBag from /home/airflow/.local/lib/python3.7/site-packages/airflow/example_dags/example_branch_day_of_week_operator.py
[2022-09-24T19:56:11.013+0000] {processor.py:768} INFO - DAG(s) dict_keys(['example_weekday_branch_operator']) retrieved from /home/airflow/.local/lib/python3.7/site-packages/airflow/example_dags/example_branch_day_of_week_operator.py
[2022-09-24T19:56:11.145+0000] {logging_mixin.py:117} INFO - [2022-09-24T19:56:11.144+0000] {dag.py:2573} INFO - Sync 1 DAGs
[2022-09-24T19:56:11.229+0000] {logging_mixin.py:117} INFO - [2022-09-24T19:56:11.228+0000] {dag.py:3328} INFO - Setting next_dagrun for example_weekday_branch_operator to 2022-09-23T00:00:00+00:00, run_after=2022-09-24T00:00:00+00:00
[2022-09-24T19:56:11.301+0000] {processor.py:178} INFO - Processing /home/airflow/.local/lib/python3.7/site-packages/airflow/example_dags/example_branch_day_of_week_operator.py took 0.464 seconds
[2022-09-24T19:56:41.572+0000] {processor.py:156} INFO - Started process (PID=2438) to work on /home/airflow/.local/lib/python3.7/site-packages/airflow/example_dags/example_branch_day_of_week_operator.py
[2022-09-24T19:56:41.577+0000] {processor.py:758} INFO - Processing file /home/airflow/.local/lib/python3.7/site-packages/airflow/example_dags/example_branch_day_of_week_operator.py for tasks to queue
[2022-09-24T19:56:41.580+0000] {logging_mixin.py:117} INFO - [2022-09-24T19:56:41.580+0000] {dagbag.py:525} INFO - Filling up the DagBag from /home/airflow/.local/lib/python3.7/site-packages/airflow/example_dags/example_branch_day_of_week_operator.py
[2022-09-24T19:56:41.620+0000] {processor.py:768} INFO - DAG(s) dict_keys(['example_weekday_branch_operator']) retrieved from /home/airflow/.local/lib/python3.7/site-packages/airflow/example_dags/example_branch_day_of_week_operator.py
[2022-09-24T19:56:41.712+0000] {logging_mixin.py:117} INFO - [2022-09-24T19:56:41.712+0000] {dag.py:2573} INFO - Sync 1 DAGs
[2022-09-24T19:56:41.774+0000] {logging_mixin.py:117} INFO - [2022-09-24T19:56:41.774+0000] {dag.py:3328} INFO - Setting next_dagrun for example_weekday_branch_operator to 2022-09-23T00:00:00+00:00, run_after=2022-09-24T00:00:00+00:00
[2022-09-24T19:56:41.824+0000] {processor.py:178} INFO - Processing /home/airflow/.local/lib/python3.7/site-packages/airflow/example_dags/example_branch_day_of_week_operator.py took 0.262 seconds
[2022-09-24T19:57:12.323+0000] {processor.py:156} INFO - Started process (PID=2637) to work on /home/airflow/.local/lib/python3.7/site-packages/airflow/example_dags/example_branch_day_of_week_operator.py
[2022-09-24T19:57:12.327+0000] {processor.py:758} INFO - Processing file /home/airflow/.local/lib/python3.7/site-packages/airflow/example_dags/example_branch_day_of_week_operator.py for tasks to queue
[2022-09-24T19:57:12.330+0000] {logging_mixin.py:117} INFO - [2022-09-24T19:57:12.329+0000] {dagbag.py:525} INFO - Filling up the DagBag from /home/airflow/.local/lib/python3.7/site-packages/airflow/example_dags/example_branch_day_of_week_operator.py
[2022-09-24T19:57:12.373+0000] {processor.py:768} INFO - DAG(s) dict_keys(['example_weekday_branch_operator']) retrieved from /home/airflow/.local/lib/python3.7/site-packages/airflow/example_dags/example_branch_day_of_week_operator.py
[2022-09-24T19:57:12.500+0000] {logging_mixin.py:117} INFO - [2022-09-24T19:57:12.500+0000] {dag.py:2573} INFO - Sync 1 DAGs
[2022-09-24T19:57:12.567+0000] {logging_mixin.py:117} INFO - [2022-09-24T19:57:12.567+0000] {dag.py:3328} INFO - Setting next_dagrun for example_weekday_branch_operator to 2022-09-23T00:00:00+00:00, run_after=2022-09-24T00:00:00+00:00
[2022-09-24T19:57:12.624+0000] {processor.py:178} INFO - Processing /home/airflow/.local/lib/python3.7/site-packages/airflow/example_dags/example_branch_day_of_week_operator.py took 0.307 seconds
[2022-09-24T19:57:42.979+0000] {processor.py:156} INFO - Started process (PID=2835) to work on /home/airflow/.local/lib/python3.7/site-packages/airflow/example_dags/example_branch_day_of_week_operator.py
[2022-09-24T19:57:42.982+0000] {processor.py:758} INFO - Processing file /home/airflow/.local/lib/python3.7/site-packages/airflow/example_dags/example_branch_day_of_week_operator.py for tasks to queue
[2022-09-24T19:57:42.986+0000] {logging_mixin.py:117} INFO - [2022-09-24T19:57:42.985+0000] {dagbag.py:525} INFO - Filling up the DagBag from /home/airflow/.local/lib/python3.7/site-packages/airflow/example_dags/example_branch_day_of_week_operator.py
[2022-09-24T19:57:43.023+0000] {processor.py:768} INFO - DAG(s) dict_keys(['example_weekday_branch_operator']) retrieved from /home/airflow/.local/lib/python3.7/site-packages/airflow/example_dags/example_branch_day_of_week_operator.py
[2022-09-24T19:57:43.096+0000] {logging_mixin.py:117} INFO - [2022-09-24T19:57:43.096+0000] {dag.py:2573} INFO - Sync 1 DAGs
[2022-09-24T19:57:43.147+0000] {logging_mixin.py:117} INFO - [2022-09-24T19:57:43.147+0000] {dag.py:3328} INFO - Setting next_dagrun for example_weekday_branch_operator to 2022-09-23T00:00:00+00:00, run_after=2022-09-24T00:00:00+00:00
[2022-09-24T19:57:43.213+0000] {processor.py:178} INFO - Processing /home/airflow/.local/lib/python3.7/site-packages/airflow/example_dags/example_branch_day_of_week_operator.py took 0.243 seconds
[2022-09-24T19:58:13.809+0000] {processor.py:156} INFO - Started process (PID=3032) to work on /home/airflow/.local/lib/python3.7/site-packages/airflow/example_dags/example_branch_day_of_week_operator.py
[2022-09-24T19:58:13.816+0000] {processor.py:758} INFO - Processing file /home/airflow/.local/lib/python3.7/site-packages/airflow/example_dags/example_branch_day_of_week_operator.py for tasks to queue
[2022-09-24T19:58:13.824+0000] {logging_mixin.py:117} INFO - [2022-09-24T19:58:13.823+0000] {dagbag.py:525} INFO - Filling up the DagBag from /home/airflow/.local/lib/python3.7/site-packages/airflow/example_dags/example_branch_day_of_week_operator.py
[2022-09-24T19:58:13.861+0000] {processor.py:768} INFO - DAG(s) dict_keys(['example_weekday_branch_operator']) retrieved from /home/airflow/.local/lib/python3.7/site-packages/airflow/example_dags/example_branch_day_of_week_operator.py
[2022-09-24T19:58:13.938+0000] {logging_mixin.py:117} INFO - [2022-09-24T19:58:13.938+0000] {dag.py:2573} INFO - Sync 1 DAGs
[2022-09-24T19:58:13.987+0000] {logging_mixin.py:117} INFO - [2022-09-24T19:58:13.987+0000] {dag.py:3328} INFO - Setting next_dagrun for example_weekday_branch_operator to 2022-09-23T00:00:00+00:00, run_after=2022-09-24T00:00:00+00:00
[2022-09-24T19:58:14.032+0000] {processor.py:178} INFO - Processing /home/airflow/.local/lib/python3.7/site-packages/airflow/example_dags/example_branch_day_of_week_operator.py took 0.239 seconds
[2022-09-24T19:58:44.915+0000] {processor.py:156} INFO - Started process (PID=3230) to work on /home/airflow/.local/lib/python3.7/site-packages/airflow/example_dags/example_branch_day_of_week_operator.py
[2022-09-24T19:58:44.919+0000] {processor.py:758} INFO - Processing file /home/airflow/.local/lib/python3.7/site-packages/airflow/example_dags/example_branch_day_of_week_operator.py for tasks to queue
[2022-09-24T19:58:44.921+0000] {logging_mixin.py:117} INFO - [2022-09-24T19:58:44.921+0000] {dagbag.py:525} INFO - Filling up the DagBag from /home/airflow/.local/lib/python3.7/site-packages/airflow/example_dags/example_branch_day_of_week_operator.py
[2022-09-24T19:58:44.961+0000] {processor.py:768} INFO - DAG(s) dict_keys(['example_weekday_branch_operator']) retrieved from /home/airflow/.local/lib/python3.7/site-packages/airflow/example_dags/example_branch_day_of_week_operator.py
[2022-09-24T19:58:45.048+0000] {logging_mixin.py:117} INFO - [2022-09-24T19:58:45.048+0000] {dag.py:2573} INFO - Sync 1 DAGs
[2022-09-24T19:58:45.102+0000] {logging_mixin.py:117} INFO - [2022-09-24T19:58:45.102+0000] {dag.py:3328} INFO - Setting next_dagrun for example_weekday_branch_operator to 2022-09-23T00:00:00+00:00, run_after=2022-09-24T00:00:00+00:00
[2022-09-24T19:58:45.145+0000] {processor.py:178} INFO - Processing /home/airflow/.local/lib/python3.7/site-packages/airflow/example_dags/example_branch_day_of_week_operator.py took 0.236 seconds
[2022-09-24T19:59:16.488+0000] {processor.py:156} INFO - Started process (PID=3430) to work on /home/airflow/.local/lib/python3.7/site-packages/airflow/example_dags/example_branch_day_of_week_operator.py
[2022-09-24T19:59:16.493+0000] {processor.py:758} INFO - Processing file /home/airflow/.local/lib/python3.7/site-packages/airflow/example_dags/example_branch_day_of_week_operator.py for tasks to queue
[2022-09-24T19:59:16.496+0000] {logging_mixin.py:117} INFO - [2022-09-24T19:59:16.496+0000] {dagbag.py:525} INFO - Filling up the DagBag from /home/airflow/.local/lib/python3.7/site-packages/airflow/example_dags/example_branch_day_of_week_operator.py
[2022-09-24T19:59:16.564+0000] {processor.py:768} INFO - DAG(s) dict_keys(['example_weekday_branch_operator']) retrieved from /home/airflow/.local/lib/python3.7/site-packages/airflow/example_dags/example_branch_day_of_week_operator.py
[2022-09-24T19:59:16.671+0000] {logging_mixin.py:117} INFO - [2022-09-24T19:59:16.671+0000] {dag.py:2573} INFO - Sync 1 DAGs
[2022-09-24T19:59:16.727+0000] {logging_mixin.py:117} INFO - [2022-09-24T19:59:16.727+0000] {dag.py:3328} INFO - Setting next_dagrun for example_weekday_branch_operator to 2022-09-23T00:00:00+00:00, run_after=2022-09-24T00:00:00+00:00
[2022-09-24T19:59:16.776+0000] {processor.py:178} INFO - Processing /home/airflow/.local/lib/python3.7/site-packages/airflow/example_dags/example_branch_day_of_week_operator.py took 0.299 seconds
[2022-09-24T19:59:47.279+0000] {processor.py:156} INFO - Started process (PID=3622) to work on /home/airflow/.local/lib/python3.7/site-packages/airflow/example_dags/example_branch_day_of_week_operator.py
[2022-09-24T19:59:47.296+0000] {processor.py:758} INFO - Processing file /home/airflow/.local/lib/python3.7/site-packages/airflow/example_dags/example_branch_day_of_week_operator.py for tasks to queue
[2022-09-24T19:59:47.315+0000] {logging_mixin.py:117} INFO - [2022-09-24T19:59:47.302+0000] {dagbag.py:525} INFO - Filling up the DagBag from /home/airflow/.local/lib/python3.7/site-packages/airflow/example_dags/example_branch_day_of_week_operator.py
[2022-09-24T19:59:47.428+0000] {processor.py:768} INFO - DAG(s) dict_keys(['example_weekday_branch_operator']) retrieved from /home/airflow/.local/lib/python3.7/site-packages/airflow/example_dags/example_branch_day_of_week_operator.py
[2022-09-24T19:59:47.708+0000] {logging_mixin.py:117} INFO - [2022-09-24T19:59:47.708+0000] {dag.py:2573} INFO - Sync 1 DAGs
[2022-09-24T19:59:48.193+0000] {logging_mixin.py:117} INFO - [2022-09-24T19:59:48.192+0000] {dag.py:3328} INFO - Setting next_dagrun for example_weekday_branch_operator to 2022-09-23T00:00:00+00:00, run_after=2022-09-24T00:00:00+00:00
[2022-09-24T19:59:48.275+0000] {processor.py:178} INFO - Processing /home/airflow/.local/lib/python3.7/site-packages/airflow/example_dags/example_branch_day_of_week_operator.py took 1.026 seconds
[2022-09-24T20:00:18.771+0000] {processor.py:156} INFO - Started process (PID=3822) to work on /home/airflow/.local/lib/python3.7/site-packages/airflow/example_dags/example_branch_day_of_week_operator.py
[2022-09-24T20:00:18.779+0000] {processor.py:758} INFO - Processing file /home/airflow/.local/lib/python3.7/site-packages/airflow/example_dags/example_branch_day_of_week_operator.py for tasks to queue
[2022-09-24T20:00:18.784+0000] {logging_mixin.py:117} INFO - [2022-09-24T20:00:18.783+0000] {dagbag.py:525} INFO - Filling up the DagBag from /home/airflow/.local/lib/python3.7/site-packages/airflow/example_dags/example_branch_day_of_week_operator.py
[2022-09-24T20:00:18.820+0000] {processor.py:768} INFO - DAG(s) dict_keys(['example_weekday_branch_operator']) retrieved from /home/airflow/.local/lib/python3.7/site-packages/airflow/example_dags/example_branch_day_of_week_operator.py
[2022-09-24T20:00:18.927+0000] {logging_mixin.py:117} INFO - [2022-09-24T20:00:18.927+0000] {dag.py:2573} INFO - Sync 1 DAGs
[2022-09-24T20:00:18.990+0000] {logging_mixin.py:117} INFO - [2022-09-24T20:00:18.990+0000] {dag.py:3328} INFO - Setting next_dagrun for example_weekday_branch_operator to 2022-09-23T00:00:00+00:00, run_after=2022-09-24T00:00:00+00:00
[2022-09-24T20:00:19.035+0000] {processor.py:178} INFO - Processing /home/airflow/.local/lib/python3.7/site-packages/airflow/example_dags/example_branch_day_of_week_operator.py took 0.277 seconds
[2022-09-24T20:00:51.730+0000] {processor.py:156} INFO - Started process (PID=4027) to work on /home/airflow/.local/lib/python3.7/site-packages/airflow/example_dags/example_branch_day_of_week_operator.py
[2022-09-24T20:00:51.877+0000] {processor.py:758} INFO - Processing file /home/airflow/.local/lib/python3.7/site-packages/airflow/example_dags/example_branch_day_of_week_operator.py for tasks to queue
[2022-09-24T20:00:51.883+0000] {logging_mixin.py:117} INFO - [2022-09-24T20:00:51.882+0000] {dagbag.py:525} INFO - Filling up the DagBag from /home/airflow/.local/lib/python3.7/site-packages/airflow/example_dags/example_branch_day_of_week_operator.py
[2022-09-24T20:00:51.991+0000] {processor.py:768} INFO - DAG(s) dict_keys(['example_weekday_branch_operator']) retrieved from /home/airflow/.local/lib/python3.7/site-packages/airflow/example_dags/example_branch_day_of_week_operator.py
[2022-09-24T20:00:52.171+0000] {logging_mixin.py:117} INFO - [2022-09-24T20:00:52.171+0000] {dag.py:2573} INFO - Sync 1 DAGs
[2022-09-24T20:00:52.263+0000] {logging_mixin.py:117} INFO - [2022-09-24T20:00:52.263+0000] {dag.py:3328} INFO - Setting next_dagrun for example_weekday_branch_operator to 2022-09-23T00:00:00+00:00, run_after=2022-09-24T00:00:00+00:00
[2022-09-24T20:00:52.349+0000] {processor.py:178} INFO - Processing /home/airflow/.local/lib/python3.7/site-packages/airflow/example_dags/example_branch_day_of_week_operator.py took 0.630 seconds
[2022-09-24T20:01:23.563+0000] {processor.py:156} INFO - Started process (PID=4225) to work on /home/airflow/.local/lib/python3.7/site-packages/airflow/example_dags/example_branch_day_of_week_operator.py
[2022-09-24T20:01:23.567+0000] {processor.py:758} INFO - Processing file /home/airflow/.local/lib/python3.7/site-packages/airflow/example_dags/example_branch_day_of_week_operator.py for tasks to queue
[2022-09-24T20:01:23.569+0000] {logging_mixin.py:117} INFO - [2022-09-24T20:01:23.569+0000] {dagbag.py:525} INFO - Filling up the DagBag from /home/airflow/.local/lib/python3.7/site-packages/airflow/example_dags/example_branch_day_of_week_operator.py
[2022-09-24T20:01:23.648+0000] {processor.py:768} INFO - DAG(s) dict_keys(['example_weekday_branch_operator']) retrieved from /home/airflow/.local/lib/python3.7/site-packages/airflow/example_dags/example_branch_day_of_week_operator.py
[2022-09-24T20:01:23.820+0000] {logging_mixin.py:117} INFO - [2022-09-24T20:01:23.820+0000] {dag.py:2573} INFO - Sync 1 DAGs
[2022-09-24T20:01:23.875+0000] {logging_mixin.py:117} INFO - [2022-09-24T20:01:23.875+0000] {dag.py:3328} INFO - Setting next_dagrun for example_weekday_branch_operator to 2022-09-23T00:00:00+00:00, run_after=2022-09-24T00:00:00+00:00
[2022-09-24T20:01:23.916+0000] {processor.py:178} INFO - Processing /home/airflow/.local/lib/python3.7/site-packages/airflow/example_dags/example_branch_day_of_week_operator.py took 0.359 seconds
[2022-09-24T20:01:54.231+0000] {processor.py:156} INFO - Started process (PID=4423) to work on /home/airflow/.local/lib/python3.7/site-packages/airflow/example_dags/example_branch_day_of_week_operator.py
[2022-09-24T20:01:54.235+0000] {processor.py:758} INFO - Processing file /home/airflow/.local/lib/python3.7/site-packages/airflow/example_dags/example_branch_day_of_week_operator.py for tasks to queue
[2022-09-24T20:01:54.237+0000] {logging_mixin.py:117} INFO - [2022-09-24T20:01:54.237+0000] {dagbag.py:525} INFO - Filling up the DagBag from /home/airflow/.local/lib/python3.7/site-packages/airflow/example_dags/example_branch_day_of_week_operator.py
[2022-09-24T20:01:54.273+0000] {processor.py:768} INFO - DAG(s) dict_keys(['example_weekday_branch_operator']) retrieved from /home/airflow/.local/lib/python3.7/site-packages/airflow/example_dags/example_branch_day_of_week_operator.py
[2022-09-24T20:01:54.355+0000] {logging_mixin.py:117} INFO - [2022-09-24T20:01:54.355+0000] {dag.py:2573} INFO - Sync 1 DAGs
[2022-09-24T20:01:54.426+0000] {logging_mixin.py:117} INFO - [2022-09-24T20:01:54.426+0000] {dag.py:3328} INFO - Setting next_dagrun for example_weekday_branch_operator to 2022-09-23T00:00:00+00:00, run_after=2022-09-24T00:00:00+00:00
[2022-09-24T20:01:54.464+0000] {processor.py:178} INFO - Processing /home/airflow/.local/lib/python3.7/site-packages/airflow/example_dags/example_branch_day_of_week_operator.py took 0.241 seconds
[2022-09-24T20:02:25.099+0000] {processor.py:156} INFO - Started process (PID=4619) to work on /home/airflow/.local/lib/python3.7/site-packages/airflow/example_dags/example_branch_day_of_week_operator.py
[2022-09-24T20:02:25.103+0000] {processor.py:758} INFO - Processing file /home/airflow/.local/lib/python3.7/site-packages/airflow/example_dags/example_branch_day_of_week_operator.py for tasks to queue
[2022-09-24T20:02:25.106+0000] {logging_mixin.py:117} INFO - [2022-09-24T20:02:25.106+0000] {dagbag.py:525} INFO - Filling up the DagBag from /home/airflow/.local/lib/python3.7/site-packages/airflow/example_dags/example_branch_day_of_week_operator.py
[2022-09-24T20:02:25.159+0000] {processor.py:768} INFO - DAG(s) dict_keys(['example_weekday_branch_operator']) retrieved from /home/airflow/.local/lib/python3.7/site-packages/airflow/example_dags/example_branch_day_of_week_operator.py
[2022-09-24T20:02:25.268+0000] {logging_mixin.py:117} INFO - [2022-09-24T20:02:25.267+0000] {dag.py:2573} INFO - Sync 1 DAGs
[2022-09-24T20:02:25.327+0000] {logging_mixin.py:117} INFO - [2022-09-24T20:02:25.327+0000] {dag.py:3328} INFO - Setting next_dagrun for example_weekday_branch_operator to 2022-09-23T00:00:00+00:00, run_after=2022-09-24T00:00:00+00:00
[2022-09-24T20:02:25.381+0000] {processor.py:178} INFO - Processing /home/airflow/.local/lib/python3.7/site-packages/airflow/example_dags/example_branch_day_of_week_operator.py took 0.288 seconds
[2022-09-24T20:02:55.658+0000] {processor.py:156} INFO - Started process (PID=4827) to work on /home/airflow/.local/lib/python3.7/site-packages/airflow/example_dags/example_branch_day_of_week_operator.py
[2022-09-24T20:02:55.664+0000] {processor.py:758} INFO - Processing file /home/airflow/.local/lib/python3.7/site-packages/airflow/example_dags/example_branch_day_of_week_operator.py for tasks to queue
[2022-09-24T20:02:55.671+0000] {logging_mixin.py:117} INFO - [2022-09-24T20:02:55.669+0000] {dagbag.py:525} INFO - Filling up the DagBag from /home/airflow/.local/lib/python3.7/site-packages/airflow/example_dags/example_branch_day_of_week_operator.py
[2022-09-24T20:02:55.791+0000] {processor.py:768} INFO - DAG(s) dict_keys(['example_weekday_branch_operator']) retrieved from /home/airflow/.local/lib/python3.7/site-packages/airflow/example_dags/example_branch_day_of_week_operator.py
[2022-09-24T20:02:56.003+0000] {logging_mixin.py:117} INFO - [2022-09-24T20:02:56.002+0000] {dag.py:2573} INFO - Sync 1 DAGs
[2022-09-24T20:02:56.099+0000] {logging_mixin.py:117} INFO - [2022-09-24T20:02:56.099+0000] {dag.py:3328} INFO - Setting next_dagrun for example_weekday_branch_operator to 2022-09-23T00:00:00+00:00, run_after=2022-09-24T00:00:00+00:00
[2022-09-24T20:02:56.135+0000] {processor.py:178} INFO - Processing /home/airflow/.local/lib/python3.7/site-packages/airflow/example_dags/example_branch_day_of_week_operator.py took 0.499 seconds
[2022-09-24T20:03:31.539+0000] {processor.py:156} INFO - Started process (PID=5021) to work on /home/airflow/.local/lib/python3.7/site-packages/airflow/example_dags/example_branch_day_of_week_operator.py
[2022-09-24T20:03:31.543+0000] {processor.py:758} INFO - Processing file /home/airflow/.local/lib/python3.7/site-packages/airflow/example_dags/example_branch_day_of_week_operator.py for tasks to queue
[2022-09-24T20:03:31.549+0000] {logging_mixin.py:117} INFO - [2022-09-24T20:03:31.547+0000] {dagbag.py:525} INFO - Filling up the DagBag from /home/airflow/.local/lib/python3.7/site-packages/airflow/example_dags/example_branch_day_of_week_operator.py
[2022-09-24T20:03:31.694+0000] {processor.py:768} INFO - DAG(s) dict_keys(['example_weekday_branch_operator']) retrieved from /home/airflow/.local/lib/python3.7/site-packages/airflow/example_dags/example_branch_day_of_week_operator.py
[2022-09-24T20:03:31.982+0000] {logging_mixin.py:117} INFO - [2022-09-24T20:03:31.977+0000] {dag.py:2573} INFO - Sync 1 DAGs
[2022-09-24T20:03:32.658+0000] {logging_mixin.py:117} INFO - [2022-09-24T20:03:32.657+0000] {dag.py:3328} INFO - Setting next_dagrun for example_weekday_branch_operator to 2022-09-23T00:00:00+00:00, run_after=2022-09-24T00:00:00+00:00
[2022-09-24T20:03:33.005+0000] {processor.py:178} INFO - Processing /home/airflow/.local/lib/python3.7/site-packages/airflow/example_dags/example_branch_day_of_week_operator.py took 1.514 seconds
[2022-09-24T20:04:03.397+0000] {processor.py:156} INFO - Started process (PID=5221) to work on /home/airflow/.local/lib/python3.7/site-packages/airflow/example_dags/example_branch_day_of_week_operator.py
[2022-09-24T20:04:03.401+0000] {processor.py:758} INFO - Processing file /home/airflow/.local/lib/python3.7/site-packages/airflow/example_dags/example_branch_day_of_week_operator.py for tasks to queue
[2022-09-24T20:04:03.403+0000] {logging_mixin.py:117} INFO - [2022-09-24T20:04:03.403+0000] {dagbag.py:525} INFO - Filling up the DagBag from /home/airflow/.local/lib/python3.7/site-packages/airflow/example_dags/example_branch_day_of_week_operator.py
[2022-09-24T20:04:03.436+0000] {processor.py:768} INFO - DAG(s) dict_keys(['example_weekday_branch_operator']) retrieved from /home/airflow/.local/lib/python3.7/site-packages/airflow/example_dags/example_branch_day_of_week_operator.py
[2022-09-24T20:04:03.513+0000] {logging_mixin.py:117} INFO - [2022-09-24T20:04:03.512+0000] {dag.py:2573} INFO - Sync 1 DAGs
[2022-09-24T20:04:03.571+0000] {logging_mixin.py:117} INFO - [2022-09-24T20:04:03.570+0000] {dag.py:3328} INFO - Setting next_dagrun for example_weekday_branch_operator to 2022-09-23T00:00:00+00:00, run_after=2022-09-24T00:00:00+00:00
[2022-09-24T20:04:03.612+0000] {processor.py:178} INFO - Processing /home/airflow/.local/lib/python3.7/site-packages/airflow/example_dags/example_branch_day_of_week_operator.py took 0.221 seconds
[2022-09-24T20:04:33.933+0000] {processor.py:156} INFO - Started process (PID=5419) to work on /home/airflow/.local/lib/python3.7/site-packages/airflow/example_dags/example_branch_day_of_week_operator.py
[2022-09-24T20:04:33.937+0000] {processor.py:758} INFO - Processing file /home/airflow/.local/lib/python3.7/site-packages/airflow/example_dags/example_branch_day_of_week_operator.py for tasks to queue
[2022-09-24T20:04:33.940+0000] {logging_mixin.py:117} INFO - [2022-09-24T20:04:33.939+0000] {dagbag.py:525} INFO - Filling up the DagBag from /home/airflow/.local/lib/python3.7/site-packages/airflow/example_dags/example_branch_day_of_week_operator.py
[2022-09-24T20:04:33.976+0000] {processor.py:768} INFO - DAG(s) dict_keys(['example_weekday_branch_operator']) retrieved from /home/airflow/.local/lib/python3.7/site-packages/airflow/example_dags/example_branch_day_of_week_operator.py
[2022-09-24T20:04:34.053+0000] {logging_mixin.py:117} INFO - [2022-09-24T20:04:34.052+0000] {dag.py:2573} INFO - Sync 1 DAGs
[2022-09-24T20:04:34.101+0000] {logging_mixin.py:117} INFO - [2022-09-24T20:04:34.100+0000] {dag.py:3328} INFO - Setting next_dagrun for example_weekday_branch_operator to 2022-09-23T00:00:00+00:00, run_after=2022-09-24T00:00:00+00:00
[2022-09-24T20:04:34.139+0000] {processor.py:178} INFO - Processing /home/airflow/.local/lib/python3.7/site-packages/airflow/example_dags/example_branch_day_of_week_operator.py took 0.211 seconds
[2022-09-24T20:05:04.393+0000] {processor.py:156} INFO - Started process (PID=5624) to work on /home/airflow/.local/lib/python3.7/site-packages/airflow/example_dags/example_branch_day_of_week_operator.py
[2022-09-24T20:05:04.403+0000] {processor.py:758} INFO - Processing file /home/airflow/.local/lib/python3.7/site-packages/airflow/example_dags/example_branch_day_of_week_operator.py for tasks to queue
[2022-09-24T20:05:04.415+0000] {logging_mixin.py:117} INFO - [2022-09-24T20:05:04.414+0000] {dagbag.py:525} INFO - Filling up the DagBag from /home/airflow/.local/lib/python3.7/site-packages/airflow/example_dags/example_branch_day_of_week_operator.py
[2022-09-24T20:05:04.464+0000] {processor.py:768} INFO - DAG(s) dict_keys(['example_weekday_branch_operator']) retrieved from /home/airflow/.local/lib/python3.7/site-packages/airflow/example_dags/example_branch_day_of_week_operator.py
[2022-09-24T20:05:04.591+0000] {logging_mixin.py:117} INFO - [2022-09-24T20:05:04.590+0000] {dag.py:2573} INFO - Sync 1 DAGs
[2022-09-24T20:05:04.679+0000] {logging_mixin.py:117} INFO - [2022-09-24T20:05:04.678+0000] {dag.py:3328} INFO - Setting next_dagrun for example_weekday_branch_operator to 2022-09-23T00:00:00+00:00, run_after=2022-09-24T00:00:00+00:00
[2022-09-24T20:05:04.742+0000] {processor.py:178} INFO - Processing /home/airflow/.local/lib/python3.7/site-packages/airflow/example_dags/example_branch_day_of_week_operator.py took 0.356 seconds
[2022-09-24T20:05:36.344+0000] {processor.py:156} INFO - Started process (PID=5823) to work on /home/airflow/.local/lib/python3.7/site-packages/airflow/example_dags/example_branch_day_of_week_operator.py
[2022-09-24T20:05:36.349+0000] {processor.py:758} INFO - Processing file /home/airflow/.local/lib/python3.7/site-packages/airflow/example_dags/example_branch_day_of_week_operator.py for tasks to queue
[2022-09-24T20:05:36.366+0000] {logging_mixin.py:117} INFO - [2022-09-24T20:05:36.362+0000] {dagbag.py:525} INFO - Filling up the DagBag from /home/airflow/.local/lib/python3.7/site-packages/airflow/example_dags/example_branch_day_of_week_operator.py
[2022-09-24T20:05:36.672+0000] {processor.py:768} INFO - DAG(s) dict_keys(['example_weekday_branch_operator']) retrieved from /home/airflow/.local/lib/python3.7/site-packages/airflow/example_dags/example_branch_day_of_week_operator.py
[2022-09-24T20:05:37.172+0000] {logging_mixin.py:117} INFO - [2022-09-24T20:05:37.172+0000] {dag.py:2573} INFO - Sync 1 DAGs
[2022-09-24T20:05:37.605+0000] {logging_mixin.py:117} INFO - [2022-09-24T20:05:37.605+0000] {dag.py:3328} INFO - Setting next_dagrun for example_weekday_branch_operator to 2022-09-23T00:00:00+00:00, run_after=2022-09-24T00:00:00+00:00
[2022-09-24T20:05:37.771+0000] {processor.py:178} INFO - Processing /home/airflow/.local/lib/python3.7/site-packages/airflow/example_dags/example_branch_day_of_week_operator.py took 1.468 seconds
[2022-09-24T20:06:07.988+0000] {processor.py:156} INFO - Started process (PID=6020) to work on /home/airflow/.local/lib/python3.7/site-packages/airflow/example_dags/example_branch_day_of_week_operator.py
[2022-09-24T20:06:07.993+0000] {processor.py:758} INFO - Processing file /home/airflow/.local/lib/python3.7/site-packages/airflow/example_dags/example_branch_day_of_week_operator.py for tasks to queue
[2022-09-24T20:06:07.999+0000] {logging_mixin.py:117} INFO - [2022-09-24T20:06:07.999+0000] {dagbag.py:525} INFO - Filling up the DagBag from /home/airflow/.local/lib/python3.7/site-packages/airflow/example_dags/example_branch_day_of_week_operator.py
[2022-09-24T20:06:08.084+0000] {processor.py:768} INFO - DAG(s) dict_keys(['example_weekday_branch_operator']) retrieved from /home/airflow/.local/lib/python3.7/site-packages/airflow/example_dags/example_branch_day_of_week_operator.py
[2022-09-24T20:06:08.250+0000] {logging_mixin.py:117} INFO - [2022-09-24T20:06:08.249+0000] {dag.py:2573} INFO - Sync 1 DAGs
[2022-09-24T20:06:08.415+0000] {logging_mixin.py:117} INFO - [2022-09-24T20:06:08.415+0000] {dag.py:3328} INFO - Setting next_dagrun for example_weekday_branch_operator to 2022-09-23T00:00:00+00:00, run_after=2022-09-24T00:00:00+00:00
[2022-09-24T20:06:08.521+0000] {processor.py:178} INFO - Processing /home/airflow/.local/lib/python3.7/site-packages/airflow/example_dags/example_branch_day_of_week_operator.py took 0.547 seconds
[2022-09-24T20:06:39.183+0000] {processor.py:156} INFO - Started process (PID=6217) to work on /home/airflow/.local/lib/python3.7/site-packages/airflow/example_dags/example_branch_day_of_week_operator.py
[2022-09-24T20:06:39.189+0000] {processor.py:758} INFO - Processing file /home/airflow/.local/lib/python3.7/site-packages/airflow/example_dags/example_branch_day_of_week_operator.py for tasks to queue
[2022-09-24T20:06:39.201+0000] {logging_mixin.py:117} INFO - [2022-09-24T20:06:39.197+0000] {dagbag.py:525} INFO - Filling up the DagBag from /home/airflow/.local/lib/python3.7/site-packages/airflow/example_dags/example_branch_day_of_week_operator.py
[2022-09-24T20:06:39.298+0000] {processor.py:768} INFO - DAG(s) dict_keys(['example_weekday_branch_operator']) retrieved from /home/airflow/.local/lib/python3.7/site-packages/airflow/example_dags/example_branch_day_of_week_operator.py
[2022-09-24T20:06:39.534+0000] {logging_mixin.py:117} INFO - [2022-09-24T20:06:39.533+0000] {dag.py:2573} INFO - Sync 1 DAGs
[2022-09-24T20:06:39.616+0000] {logging_mixin.py:117} INFO - [2022-09-24T20:06:39.616+0000] {dag.py:3328} INFO - Setting next_dagrun for example_weekday_branch_operator to 2022-09-23T00:00:00+00:00, run_after=2022-09-24T00:00:00+00:00
[2022-09-24T20:06:39.671+0000] {processor.py:178} INFO - Processing /home/airflow/.local/lib/python3.7/site-packages/airflow/example_dags/example_branch_day_of_week_operator.py took 0.510 seconds
[2022-09-24T20:07:10.130+0000] {processor.py:156} INFO - Started process (PID=6416) to work on /home/airflow/.local/lib/python3.7/site-packages/airflow/example_dags/example_branch_day_of_week_operator.py
[2022-09-24T20:07:10.135+0000] {processor.py:758} INFO - Processing file /home/airflow/.local/lib/python3.7/site-packages/airflow/example_dags/example_branch_day_of_week_operator.py for tasks to queue
[2022-09-24T20:07:10.137+0000] {logging_mixin.py:117} INFO - [2022-09-24T20:07:10.137+0000] {dagbag.py:525} INFO - Filling up the DagBag from /home/airflow/.local/lib/python3.7/site-packages/airflow/example_dags/example_branch_day_of_week_operator.py
[2022-09-24T20:07:10.172+0000] {processor.py:768} INFO - DAG(s) dict_keys(['example_weekday_branch_operator']) retrieved from /home/airflow/.local/lib/python3.7/site-packages/airflow/example_dags/example_branch_day_of_week_operator.py
[2022-09-24T20:07:10.249+0000] {logging_mixin.py:117} INFO - [2022-09-24T20:07:10.249+0000] {dag.py:2573} INFO - Sync 1 DAGs
[2022-09-24T20:07:10.299+0000] {logging_mixin.py:117} INFO - [2022-09-24T20:07:10.299+0000] {dag.py:3328} INFO - Setting next_dagrun for example_weekday_branch_operator to 2022-09-23T00:00:00+00:00, run_after=2022-09-24T00:00:00+00:00
[2022-09-24T20:07:10.339+0000] {processor.py:178} INFO - Processing /home/airflow/.local/lib/python3.7/site-packages/airflow/example_dags/example_branch_day_of_week_operator.py took 0.215 seconds
[2022-09-24T20:07:40.579+0000] {processor.py:156} INFO - Started process (PID=6615) to work on /home/airflow/.local/lib/python3.7/site-packages/airflow/example_dags/example_branch_day_of_week_operator.py
[2022-09-24T20:07:40.583+0000] {processor.py:758} INFO - Processing file /home/airflow/.local/lib/python3.7/site-packages/airflow/example_dags/example_branch_day_of_week_operator.py for tasks to queue
[2022-09-24T20:07:40.587+0000] {logging_mixin.py:117} INFO - [2022-09-24T20:07:40.586+0000] {dagbag.py:525} INFO - Filling up the DagBag from /home/airflow/.local/lib/python3.7/site-packages/airflow/example_dags/example_branch_day_of_week_operator.py
[2022-09-24T20:07:40.632+0000] {processor.py:768} INFO - DAG(s) dict_keys(['example_weekday_branch_operator']) retrieved from /home/airflow/.local/lib/python3.7/site-packages/airflow/example_dags/example_branch_day_of_week_operator.py
[2022-09-24T20:07:40.730+0000] {logging_mixin.py:117} INFO - [2022-09-24T20:07:40.729+0000] {dag.py:2573} INFO - Sync 1 DAGs
[2022-09-24T20:07:40.827+0000] {logging_mixin.py:117} INFO - [2022-09-24T20:07:40.827+0000] {dag.py:3328} INFO - Setting next_dagrun for example_weekday_branch_operator to 2022-09-23T00:00:00+00:00, run_after=2022-09-24T00:00:00+00:00
[2022-09-24T20:07:40.889+0000] {processor.py:178} INFO - Processing /home/airflow/.local/lib/python3.7/site-packages/airflow/example_dags/example_branch_day_of_week_operator.py took 0.325 seconds
[2022-09-24T20:08:11.345+0000] {processor.py:156} INFO - Started process (PID=6822) to work on /home/airflow/.local/lib/python3.7/site-packages/airflow/example_dags/example_branch_day_of_week_operator.py
[2022-09-24T20:08:11.349+0000] {processor.py:758} INFO - Processing file /home/airflow/.local/lib/python3.7/site-packages/airflow/example_dags/example_branch_day_of_week_operator.py for tasks to queue
[2022-09-24T20:08:11.353+0000] {logging_mixin.py:117} INFO - [2022-09-24T20:08:11.352+0000] {dagbag.py:525} INFO - Filling up the DagBag from /home/airflow/.local/lib/python3.7/site-packages/airflow/example_dags/example_branch_day_of_week_operator.py
[2022-09-24T20:08:11.400+0000] {processor.py:768} INFO - DAG(s) dict_keys(['example_weekday_branch_operator']) retrieved from /home/airflow/.local/lib/python3.7/site-packages/airflow/example_dags/example_branch_day_of_week_operator.py
[2022-09-24T20:08:11.492+0000] {logging_mixin.py:117} INFO - [2022-09-24T20:08:11.491+0000] {dag.py:2573} INFO - Sync 1 DAGs
[2022-09-24T20:08:11.552+0000] {logging_mixin.py:117} INFO - [2022-09-24T20:08:11.552+0000] {dag.py:3328} INFO - Setting next_dagrun for example_weekday_branch_operator to 2022-09-23T00:00:00+00:00, run_after=2022-09-24T00:00:00+00:00
[2022-09-24T20:08:11.601+0000] {processor.py:178} INFO - Processing /home/airflow/.local/lib/python3.7/site-packages/airflow/example_dags/example_branch_day_of_week_operator.py took 0.267 seconds
[2022-09-24T20:08:42.216+0000] {processor.py:156} INFO - Started process (PID=7021) to work on /home/airflow/.local/lib/python3.7/site-packages/airflow/example_dags/example_branch_day_of_week_operator.py
[2022-09-24T20:08:42.222+0000] {processor.py:758} INFO - Processing file /home/airflow/.local/lib/python3.7/site-packages/airflow/example_dags/example_branch_day_of_week_operator.py for tasks to queue
[2022-09-24T20:08:42.225+0000] {logging_mixin.py:117} INFO - [2022-09-24T20:08:42.225+0000] {dagbag.py:525} INFO - Filling up the DagBag from /home/airflow/.local/lib/python3.7/site-packages/airflow/example_dags/example_branch_day_of_week_operator.py
[2022-09-24T20:08:42.264+0000] {processor.py:768} INFO - DAG(s) dict_keys(['example_weekday_branch_operator']) retrieved from /home/airflow/.local/lib/python3.7/site-packages/airflow/example_dags/example_branch_day_of_week_operator.py
[2022-09-24T20:08:42.378+0000] {logging_mixin.py:117} INFO - [2022-09-24T20:08:42.377+0000] {dag.py:2573} INFO - Sync 1 DAGs
[2022-09-24T20:08:42.483+0000] {logging_mixin.py:117} INFO - [2022-09-24T20:08:42.483+0000] {dag.py:3328} INFO - Setting next_dagrun for example_weekday_branch_operator to 2022-09-23T00:00:00+00:00, run_after=2022-09-24T00:00:00+00:00
[2022-09-24T20:08:42.551+0000] {processor.py:178} INFO - Processing /home/airflow/.local/lib/python3.7/site-packages/airflow/example_dags/example_branch_day_of_week_operator.py took 0.344 seconds
[2022-09-24T20:09:12.743+0000] {processor.py:156} INFO - Started process (PID=7217) to work on /home/airflow/.local/lib/python3.7/site-packages/airflow/example_dags/example_branch_day_of_week_operator.py
[2022-09-24T20:09:12.747+0000] {processor.py:758} INFO - Processing file /home/airflow/.local/lib/python3.7/site-packages/airflow/example_dags/example_branch_day_of_week_operator.py for tasks to queue
[2022-09-24T20:09:12.749+0000] {logging_mixin.py:117} INFO - [2022-09-24T20:09:12.749+0000] {dagbag.py:525} INFO - Filling up the DagBag from /home/airflow/.local/lib/python3.7/site-packages/airflow/example_dags/example_branch_day_of_week_operator.py
[2022-09-24T20:09:12.799+0000] {processor.py:768} INFO - DAG(s) dict_keys(['example_weekday_branch_operator']) retrieved from /home/airflow/.local/lib/python3.7/site-packages/airflow/example_dags/example_branch_day_of_week_operator.py
[2022-09-24T20:09:12.944+0000] {logging_mixin.py:117} INFO - [2022-09-24T20:09:12.944+0000] {dag.py:2573} INFO - Sync 1 DAGs
[2022-09-24T20:09:13.039+0000] {logging_mixin.py:117} INFO - [2022-09-24T20:09:13.039+0000] {dag.py:3328} INFO - Setting next_dagrun for example_weekday_branch_operator to 2022-09-23T00:00:00+00:00, run_after=2022-09-24T00:00:00+00:00
[2022-09-24T20:09:13.077+0000] {processor.py:178} INFO - Processing /home/airflow/.local/lib/python3.7/site-packages/airflow/example_dags/example_branch_day_of_week_operator.py took 0.341 seconds
[2022-09-24T20:09:43.467+0000] {processor.py:156} INFO - Started process (PID=7427) to work on /home/airflow/.local/lib/python3.7/site-packages/airflow/example_dags/example_branch_day_of_week_operator.py
[2022-09-24T20:09:43.479+0000] {processor.py:758} INFO - Processing file /home/airflow/.local/lib/python3.7/site-packages/airflow/example_dags/example_branch_day_of_week_operator.py for tasks to queue
[2022-09-24T20:09:43.481+0000] {logging_mixin.py:117} INFO - [2022-09-24T20:09:43.481+0000] {dagbag.py:525} INFO - Filling up the DagBag from /home/airflow/.local/lib/python3.7/site-packages/airflow/example_dags/example_branch_day_of_week_operator.py
[2022-09-24T20:09:43.515+0000] {processor.py:768} INFO - DAG(s) dict_keys(['example_weekday_branch_operator']) retrieved from /home/airflow/.local/lib/python3.7/site-packages/airflow/example_dags/example_branch_day_of_week_operator.py
[2022-09-24T20:09:43.618+0000] {logging_mixin.py:117} INFO - [2022-09-24T20:09:43.617+0000] {dag.py:2573} INFO - Sync 1 DAGs
[2022-09-24T20:09:43.698+0000] {logging_mixin.py:117} INFO - [2022-09-24T20:09:43.698+0000] {dag.py:3328} INFO - Setting next_dagrun for example_weekday_branch_operator to 2022-09-23T00:00:00+00:00, run_after=2022-09-24T00:00:00+00:00
[2022-09-24T20:09:43.769+0000] {processor.py:178} INFO - Processing /home/airflow/.local/lib/python3.7/site-packages/airflow/example_dags/example_branch_day_of_week_operator.py took 0.323 seconds
[2022-09-24T20:10:14.197+0000] {processor.py:156} INFO - Started process (PID=7626) to work on /home/airflow/.local/lib/python3.7/site-packages/airflow/example_dags/example_branch_day_of_week_operator.py
[2022-09-24T20:10:14.201+0000] {processor.py:758} INFO - Processing file /home/airflow/.local/lib/python3.7/site-packages/airflow/example_dags/example_branch_day_of_week_operator.py for tasks to queue
[2022-09-24T20:10:14.205+0000] {logging_mixin.py:117} INFO - [2022-09-24T20:10:14.204+0000] {dagbag.py:525} INFO - Filling up the DagBag from /home/airflow/.local/lib/python3.7/site-packages/airflow/example_dags/example_branch_day_of_week_operator.py
[2022-09-24T20:10:14.249+0000] {processor.py:768} INFO - DAG(s) dict_keys(['example_weekday_branch_operator']) retrieved from /home/airflow/.local/lib/python3.7/site-packages/airflow/example_dags/example_branch_day_of_week_operator.py
[2022-09-24T20:10:14.342+0000] {logging_mixin.py:117} INFO - [2022-09-24T20:10:14.341+0000] {dag.py:2573} INFO - Sync 1 DAGs
[2022-09-24T20:10:14.422+0000] {logging_mixin.py:117} INFO - [2022-09-24T20:10:14.421+0000] {dag.py:3328} INFO - Setting next_dagrun for example_weekday_branch_operator to 2022-09-23T00:00:00+00:00, run_after=2022-09-24T00:00:00+00:00
[2022-09-24T20:10:14.482+0000] {processor.py:178} INFO - Processing /home/airflow/.local/lib/python3.7/site-packages/airflow/example_dags/example_branch_day_of_week_operator.py took 0.295 seconds
[2022-09-24T20:10:44.887+0000] {processor.py:156} INFO - Started process (PID=7833) to work on /home/airflow/.local/lib/python3.7/site-packages/airflow/example_dags/example_branch_day_of_week_operator.py
[2022-09-24T20:10:44.891+0000] {processor.py:758} INFO - Processing file /home/airflow/.local/lib/python3.7/site-packages/airflow/example_dags/example_branch_day_of_week_operator.py for tasks to queue
[2022-09-24T20:10:44.895+0000] {logging_mixin.py:117} INFO - [2022-09-24T20:10:44.894+0000] {dagbag.py:525} INFO - Filling up the DagBag from /home/airflow/.local/lib/python3.7/site-packages/airflow/example_dags/example_branch_day_of_week_operator.py
[2022-09-24T20:10:44.941+0000] {processor.py:768} INFO - DAG(s) dict_keys(['example_weekday_branch_operator']) retrieved from /home/airflow/.local/lib/python3.7/site-packages/airflow/example_dags/example_branch_day_of_week_operator.py
[2022-09-24T20:10:45.027+0000] {logging_mixin.py:117} INFO - [2022-09-24T20:10:45.027+0000] {dag.py:2573} INFO - Sync 1 DAGs
[2022-09-24T20:10:45.107+0000] {logging_mixin.py:117} INFO - [2022-09-24T20:10:45.107+0000] {dag.py:3328} INFO - Setting next_dagrun for example_weekday_branch_operator to 2022-09-23T00:00:00+00:00, run_after=2022-09-24T00:00:00+00:00
[2022-09-24T20:10:45.167+0000] {processor.py:178} INFO - Processing /home/airflow/.local/lib/python3.7/site-packages/airflow/example_dags/example_branch_day_of_week_operator.py took 0.288 seconds
[2022-09-24T20:11:15.417+0000] {processor.py:156} INFO - Started process (PID=8028) to work on /home/airflow/.local/lib/python3.7/site-packages/airflow/example_dags/example_branch_day_of_week_operator.py
[2022-09-24T20:11:15.422+0000] {processor.py:758} INFO - Processing file /home/airflow/.local/lib/python3.7/site-packages/airflow/example_dags/example_branch_day_of_week_operator.py for tasks to queue
[2022-09-24T20:11:15.431+0000] {logging_mixin.py:117} INFO - [2022-09-24T20:11:15.430+0000] {dagbag.py:525} INFO - Filling up the DagBag from /home/airflow/.local/lib/python3.7/site-packages/airflow/example_dags/example_branch_day_of_week_operator.py
[2022-09-24T20:11:15.506+0000] {processor.py:768} INFO - DAG(s) dict_keys(['example_weekday_branch_operator']) retrieved from /home/airflow/.local/lib/python3.7/site-packages/airflow/example_dags/example_branch_day_of_week_operator.py
[2022-09-24T20:11:15.678+0000] {logging_mixin.py:117} INFO - [2022-09-24T20:11:15.677+0000] {dag.py:2573} INFO - Sync 1 DAGs
[2022-09-24T20:11:15.799+0000] {logging_mixin.py:117} INFO - [2022-09-24T20:11:15.799+0000] {dag.py:3328} INFO - Setting next_dagrun for example_weekday_branch_operator to 2022-09-23T00:00:00+00:00, run_after=2022-09-24T00:00:00+00:00
[2022-09-24T20:11:15.871+0000] {processor.py:178} INFO - Processing /home/airflow/.local/lib/python3.7/site-packages/airflow/example_dags/example_branch_day_of_week_operator.py took 0.481 seconds
[2022-09-24T20:11:46.631+0000] {processor.py:156} INFO - Started process (PID=8228) to work on /home/airflow/.local/lib/python3.7/site-packages/airflow/example_dags/example_branch_day_of_week_operator.py
[2022-09-24T20:11:46.636+0000] {processor.py:758} INFO - Processing file /home/airflow/.local/lib/python3.7/site-packages/airflow/example_dags/example_branch_day_of_week_operator.py for tasks to queue
[2022-09-24T20:11:46.640+0000] {logging_mixin.py:117} INFO - [2022-09-24T20:11:46.640+0000] {dagbag.py:525} INFO - Filling up the DagBag from /home/airflow/.local/lib/python3.7/site-packages/airflow/example_dags/example_branch_day_of_week_operator.py
[2022-09-24T20:11:46.704+0000] {processor.py:768} INFO - DAG(s) dict_keys(['example_weekday_branch_operator']) retrieved from /home/airflow/.local/lib/python3.7/site-packages/airflow/example_dags/example_branch_day_of_week_operator.py
[2022-09-24T20:11:46.844+0000] {logging_mixin.py:117} INFO - [2022-09-24T20:11:46.843+0000] {dag.py:2573} INFO - Sync 1 DAGs
[2022-09-24T20:11:46.911+0000] {logging_mixin.py:117} INFO - [2022-09-24T20:11:46.911+0000] {dag.py:3328} INFO - Setting next_dagrun for example_weekday_branch_operator to 2022-09-23T00:00:00+00:00, run_after=2022-09-24T00:00:00+00:00
[2022-09-24T20:11:46.974+0000] {processor.py:178} INFO - Processing /home/airflow/.local/lib/python3.7/site-packages/airflow/example_dags/example_branch_day_of_week_operator.py took 0.366 seconds
[2022-09-24T20:12:18.852+0000] {processor.py:156} INFO - Started process (PID=8434) to work on /home/airflow/.local/lib/python3.7/site-packages/airflow/example_dags/example_branch_day_of_week_operator.py
[2022-09-24T20:12:18.860+0000] {processor.py:758} INFO - Processing file /home/airflow/.local/lib/python3.7/site-packages/airflow/example_dags/example_branch_day_of_week_operator.py for tasks to queue
[2022-09-24T20:12:18.865+0000] {logging_mixin.py:117} INFO - [2022-09-24T20:12:18.864+0000] {dagbag.py:525} INFO - Filling up the DagBag from /home/airflow/.local/lib/python3.7/site-packages/airflow/example_dags/example_branch_day_of_week_operator.py
[2022-09-24T20:12:18.938+0000] {processor.py:768} INFO - DAG(s) dict_keys(['example_weekday_branch_operator']) retrieved from /home/airflow/.local/lib/python3.7/site-packages/airflow/example_dags/example_branch_day_of_week_operator.py
[2022-09-24T20:12:19.061+0000] {logging_mixin.py:117} INFO - [2022-09-24T20:12:19.061+0000] {dag.py:2573} INFO - Sync 1 DAGs
[2022-09-24T20:12:19.384+0000] {logging_mixin.py:117} INFO - [2022-09-24T20:12:19.384+0000] {dag.py:3328} INFO - Setting next_dagrun for example_weekday_branch_operator to 2022-09-23T00:00:00+00:00, run_after=2022-09-24T00:00:00+00:00
[2022-09-24T20:12:19.514+0000] {processor.py:178} INFO - Processing /home/airflow/.local/lib/python3.7/site-packages/airflow/example_dags/example_branch_day_of_week_operator.py took 0.685 seconds
[2022-09-24T20:12:51.050+0000] {processor.py:156} INFO - Started process (PID=8635) to work on /home/airflow/.local/lib/python3.7/site-packages/airflow/example_dags/example_branch_day_of_week_operator.py
[2022-09-24T20:12:51.057+0000] {processor.py:758} INFO - Processing file /home/airflow/.local/lib/python3.7/site-packages/airflow/example_dags/example_branch_day_of_week_operator.py for tasks to queue
[2022-09-24T20:12:51.072+0000] {logging_mixin.py:117} INFO - [2022-09-24T20:12:51.071+0000] {dagbag.py:525} INFO - Filling up the DagBag from /home/airflow/.local/lib/python3.7/site-packages/airflow/example_dags/example_branch_day_of_week_operator.py
[2022-09-24T20:12:51.322+0000] {processor.py:768} INFO - DAG(s) dict_keys(['example_weekday_branch_operator']) retrieved from /home/airflow/.local/lib/python3.7/site-packages/airflow/example_dags/example_branch_day_of_week_operator.py
[2022-09-24T20:12:51.619+0000] {logging_mixin.py:117} INFO - [2022-09-24T20:12:51.619+0000] {dag.py:2573} INFO - Sync 1 DAGs
[2022-09-24T20:12:51.729+0000] {logging_mixin.py:117} INFO - [2022-09-24T20:12:51.728+0000] {dag.py:3328} INFO - Setting next_dagrun for example_weekday_branch_operator to 2022-09-23T00:00:00+00:00, run_after=2022-09-24T00:00:00+00:00
[2022-09-24T20:12:52.233+0000] {processor.py:178} INFO - Processing /home/airflow/.local/lib/python3.7/site-packages/airflow/example_dags/example_branch_day_of_week_operator.py took 1.208 seconds
[2022-09-24T20:13:23.024+0000] {processor.py:156} INFO - Started process (PID=8831) to work on /home/airflow/.local/lib/python3.7/site-packages/airflow/example_dags/example_branch_day_of_week_operator.py
[2022-09-24T20:13:23.031+0000] {processor.py:758} INFO - Processing file /home/airflow/.local/lib/python3.7/site-packages/airflow/example_dags/example_branch_day_of_week_operator.py for tasks to queue
[2022-09-24T20:13:23.040+0000] {logging_mixin.py:117} INFO - [2022-09-24T20:13:23.040+0000] {dagbag.py:525} INFO - Filling up the DagBag from /home/airflow/.local/lib/python3.7/site-packages/airflow/example_dags/example_branch_day_of_week_operator.py
[2022-09-24T20:13:23.136+0000] {processor.py:768} INFO - DAG(s) dict_keys(['example_weekday_branch_operator']) retrieved from /home/airflow/.local/lib/python3.7/site-packages/airflow/example_dags/example_branch_day_of_week_operator.py
[2022-09-24T20:13:23.292+0000] {logging_mixin.py:117} INFO - [2022-09-24T20:13:23.292+0000] {dag.py:2573} INFO - Sync 1 DAGs
[2022-09-24T20:13:23.386+0000] {logging_mixin.py:117} INFO - [2022-09-24T20:13:23.386+0000] {dag.py:3328} INFO - Setting next_dagrun for example_weekday_branch_operator to 2022-09-23T00:00:00+00:00, run_after=2022-09-24T00:00:00+00:00
[2022-09-24T20:13:23.443+0000] {processor.py:178} INFO - Processing /home/airflow/.local/lib/python3.7/site-packages/airflow/example_dags/example_branch_day_of_week_operator.py took 0.430 seconds
[2022-09-24T20:13:53.662+0000] {processor.py:156} INFO - Started process (PID=9024) to work on /home/airflow/.local/lib/python3.7/site-packages/airflow/example_dags/example_branch_day_of_week_operator.py
[2022-09-24T20:13:53.666+0000] {processor.py:758} INFO - Processing file /home/airflow/.local/lib/python3.7/site-packages/airflow/example_dags/example_branch_day_of_week_operator.py for tasks to queue
[2022-09-24T20:13:53.669+0000] {logging_mixin.py:117} INFO - [2022-09-24T20:13:53.668+0000] {dagbag.py:525} INFO - Filling up the DagBag from /home/airflow/.local/lib/python3.7/site-packages/airflow/example_dags/example_branch_day_of_week_operator.py
[2022-09-24T20:13:53.703+0000] {processor.py:768} INFO - DAG(s) dict_keys(['example_weekday_branch_operator']) retrieved from /home/airflow/.local/lib/python3.7/site-packages/airflow/example_dags/example_branch_day_of_week_operator.py
[2022-09-24T20:13:53.784+0000] {logging_mixin.py:117} INFO - [2022-09-24T20:13:53.784+0000] {dag.py:2573} INFO - Sync 1 DAGs
[2022-09-24T20:13:53.835+0000] {logging_mixin.py:117} INFO - [2022-09-24T20:13:53.834+0000] {dag.py:3328} INFO - Setting next_dagrun for example_weekday_branch_operator to 2022-09-23T00:00:00+00:00, run_after=2022-09-24T00:00:00+00:00
[2022-09-24T20:13:53.876+0000] {processor.py:178} INFO - Processing /home/airflow/.local/lib/python3.7/site-packages/airflow/example_dags/example_branch_day_of_week_operator.py took 0.220 seconds
[2022-09-24T20:14:30.201+0000] {processor.py:156} INFO - Started process (PID=9197) to work on /home/airflow/.local/lib/python3.7/site-packages/airflow/example_dags/example_branch_day_of_week_operator.py
[2022-09-24T20:14:30.209+0000] {processor.py:758} INFO - Processing file /home/airflow/.local/lib/python3.7/site-packages/airflow/example_dags/example_branch_day_of_week_operator.py for tasks to queue
[2022-09-24T20:14:30.216+0000] {logging_mixin.py:117} INFO - [2022-09-24T20:14:30.216+0000] {dagbag.py:525} INFO - Filling up the DagBag from /home/airflow/.local/lib/python3.7/site-packages/airflow/example_dags/example_branch_day_of_week_operator.py
[2022-09-24T20:14:30.299+0000] {processor.py:768} INFO - DAG(s) dict_keys(['example_weekday_branch_operator']) retrieved from /home/airflow/.local/lib/python3.7/site-packages/airflow/example_dags/example_branch_day_of_week_operator.py
[2022-09-24T20:14:30.625+0000] {logging_mixin.py:117} INFO - [2022-09-24T20:14:30.624+0000] {dag.py:2573} INFO - Sync 1 DAGs
[2022-09-24T20:14:30.811+0000] {logging_mixin.py:117} INFO - [2022-09-24T20:14:30.810+0000] {dag.py:3328} INFO - Setting next_dagrun for example_weekday_branch_operator to 2022-09-23T00:00:00+00:00, run_after=2022-09-24T00:00:00+00:00
[2022-09-24T20:14:30.993+0000] {processor.py:178} INFO - Processing /home/airflow/.local/lib/python3.7/site-packages/airflow/example_dags/example_branch_day_of_week_operator.py took 0.805 seconds
[2022-09-24T20:15:01.365+0000] {processor.py:156} INFO - Started process (PID=9397) to work on /home/airflow/.local/lib/python3.7/site-packages/airflow/example_dags/example_branch_day_of_week_operator.py
[2022-09-24T20:15:01.370+0000] {processor.py:758} INFO - Processing file /home/airflow/.local/lib/python3.7/site-packages/airflow/example_dags/example_branch_day_of_week_operator.py for tasks to queue
[2022-09-24T20:15:01.374+0000] {logging_mixin.py:117} INFO - [2022-09-24T20:15:01.373+0000] {dagbag.py:525} INFO - Filling up the DagBag from /home/airflow/.local/lib/python3.7/site-packages/airflow/example_dags/example_branch_day_of_week_operator.py
[2022-09-24T20:15:01.442+0000] {processor.py:768} INFO - DAG(s) dict_keys(['example_weekday_branch_operator']) retrieved from /home/airflow/.local/lib/python3.7/site-packages/airflow/example_dags/example_branch_day_of_week_operator.py
[2022-09-24T20:15:01.541+0000] {logging_mixin.py:117} INFO - [2022-09-24T20:15:01.541+0000] {dag.py:2573} INFO - Sync 1 DAGs
[2022-09-24T20:15:01.604+0000] {logging_mixin.py:117} INFO - [2022-09-24T20:15:01.604+0000] {dag.py:3328} INFO - Setting next_dagrun for example_weekday_branch_operator to 2022-09-23T00:00:00+00:00, run_after=2022-09-24T00:00:00+00:00
[2022-09-24T20:15:01.717+0000] {processor.py:178} INFO - Processing /home/airflow/.local/lib/python3.7/site-packages/airflow/example_dags/example_branch_day_of_week_operator.py took 0.364 seconds
[2022-09-24T20:15:33.101+0000] {processor.py:156} INFO - Started process (PID=9593) to work on /home/airflow/.local/lib/python3.7/site-packages/airflow/example_dags/example_branch_day_of_week_operator.py
[2022-09-24T20:15:33.120+0000] {processor.py:758} INFO - Processing file /home/airflow/.local/lib/python3.7/site-packages/airflow/example_dags/example_branch_day_of_week_operator.py for tasks to queue
[2022-09-24T20:15:33.123+0000] {logging_mixin.py:117} INFO - [2022-09-24T20:15:33.123+0000] {dagbag.py:525} INFO - Filling up the DagBag from /home/airflow/.local/lib/python3.7/site-packages/airflow/example_dags/example_branch_day_of_week_operator.py
[2022-09-24T20:15:33.248+0000] {processor.py:768} INFO - DAG(s) dict_keys(['example_weekday_branch_operator']) retrieved from /home/airflow/.local/lib/python3.7/site-packages/airflow/example_dags/example_branch_day_of_week_operator.py
[2022-09-24T20:15:33.511+0000] {logging_mixin.py:117} INFO - [2022-09-24T20:15:33.511+0000] {dag.py:2573} INFO - Sync 1 DAGs
[2022-09-24T20:15:33.708+0000] {logging_mixin.py:117} INFO - [2022-09-24T20:15:33.708+0000] {dag.py:3328} INFO - Setting next_dagrun for example_weekday_branch_operator to 2022-09-23T00:00:00+00:00, run_after=2022-09-24T00:00:00+00:00
[2022-09-24T20:15:33.815+0000] {processor.py:178} INFO - Processing /home/airflow/.local/lib/python3.7/site-packages/airflow/example_dags/example_branch_day_of_week_operator.py took 0.763 seconds
[2022-09-24T20:16:04.312+0000] {processor.py:156} INFO - Started process (PID=9796) to work on /home/airflow/.local/lib/python3.7/site-packages/airflow/example_dags/example_branch_day_of_week_operator.py
[2022-09-24T20:16:04.319+0000] {processor.py:758} INFO - Processing file /home/airflow/.local/lib/python3.7/site-packages/airflow/example_dags/example_branch_day_of_week_operator.py for tasks to queue
[2022-09-24T20:16:04.328+0000] {logging_mixin.py:117} INFO - [2022-09-24T20:16:04.328+0000] {dagbag.py:525} INFO - Filling up the DagBag from /home/airflow/.local/lib/python3.7/site-packages/airflow/example_dags/example_branch_day_of_week_operator.py
[2022-09-24T20:16:04.378+0000] {processor.py:768} INFO - DAG(s) dict_keys(['example_weekday_branch_operator']) retrieved from /home/airflow/.local/lib/python3.7/site-packages/airflow/example_dags/example_branch_day_of_week_operator.py
[2022-09-24T20:16:04.479+0000] {logging_mixin.py:117} INFO - [2022-09-24T20:16:04.479+0000] {dag.py:2573} INFO - Sync 1 DAGs
[2022-09-24T20:16:04.545+0000] {logging_mixin.py:117} INFO - [2022-09-24T20:16:04.545+0000] {dag.py:3328} INFO - Setting next_dagrun for example_weekday_branch_operator to 2022-09-23T00:00:00+00:00, run_after=2022-09-24T00:00:00+00:00
[2022-09-24T20:16:04.600+0000] {processor.py:178} INFO - Processing /home/airflow/.local/lib/python3.7/site-packages/airflow/example_dags/example_branch_day_of_week_operator.py took 0.301 seconds
[2022-09-24T20:16:34.863+0000] {processor.py:156} INFO - Started process (PID=9996) to work on /home/airflow/.local/lib/python3.7/site-packages/airflow/example_dags/example_branch_day_of_week_operator.py
[2022-09-24T20:16:34.867+0000] {processor.py:758} INFO - Processing file /home/airflow/.local/lib/python3.7/site-packages/airflow/example_dags/example_branch_day_of_week_operator.py for tasks to queue
[2022-09-24T20:16:34.871+0000] {logging_mixin.py:117} INFO - [2022-09-24T20:16:34.871+0000] {dagbag.py:525} INFO - Filling up the DagBag from /home/airflow/.local/lib/python3.7/site-packages/airflow/example_dags/example_branch_day_of_week_operator.py
[2022-09-24T20:16:34.926+0000] {processor.py:768} INFO - DAG(s) dict_keys(['example_weekday_branch_operator']) retrieved from /home/airflow/.local/lib/python3.7/site-packages/airflow/example_dags/example_branch_day_of_week_operator.py
[2022-09-24T20:16:35.027+0000] {logging_mixin.py:117} INFO - [2022-09-24T20:16:35.027+0000] {dag.py:2573} INFO - Sync 1 DAGs
[2022-09-24T20:16:35.095+0000] {logging_mixin.py:117} INFO - [2022-09-24T20:16:35.095+0000] {dag.py:3328} INFO - Setting next_dagrun for example_weekday_branch_operator to 2022-09-23T00:00:00+00:00, run_after=2022-09-24T00:00:00+00:00
[2022-09-24T20:16:35.169+0000] {processor.py:178} INFO - Processing /home/airflow/.local/lib/python3.7/site-packages/airflow/example_dags/example_branch_day_of_week_operator.py took 0.315 seconds
[2022-09-24T20:17:06.312+0000] {processor.py:156} INFO - Started process (PID=10197) to work on /home/airflow/.local/lib/python3.7/site-packages/airflow/example_dags/example_branch_day_of_week_operator.py
[2022-09-24T20:17:06.316+0000] {processor.py:758} INFO - Processing file /home/airflow/.local/lib/python3.7/site-packages/airflow/example_dags/example_branch_day_of_week_operator.py for tasks to queue
[2022-09-24T20:17:06.321+0000] {logging_mixin.py:117} INFO - [2022-09-24T20:17:06.320+0000] {dagbag.py:525} INFO - Filling up the DagBag from /home/airflow/.local/lib/python3.7/site-packages/airflow/example_dags/example_branch_day_of_week_operator.py
[2022-09-24T20:17:06.431+0000] {processor.py:768} INFO - DAG(s) dict_keys(['example_weekday_branch_operator']) retrieved from /home/airflow/.local/lib/python3.7/site-packages/airflow/example_dags/example_branch_day_of_week_operator.py
[2022-09-24T20:17:06.587+0000] {logging_mixin.py:117} INFO - [2022-09-24T20:17:06.587+0000] {dag.py:2573} INFO - Sync 1 DAGs
[2022-09-24T20:17:06.755+0000] {logging_mixin.py:117} INFO - [2022-09-24T20:17:06.753+0000] {dag.py:3328} INFO - Setting next_dagrun for example_weekday_branch_operator to 2022-09-23T00:00:00+00:00, run_after=2022-09-24T00:00:00+00:00
[2022-09-24T20:17:06.879+0000] {processor.py:178} INFO - Processing /home/airflow/.local/lib/python3.7/site-packages/airflow/example_dags/example_branch_day_of_week_operator.py took 0.586 seconds
[2022-09-24T20:17:38.221+0000] {processor.py:156} INFO - Started process (PID=10395) to work on /home/airflow/.local/lib/python3.7/site-packages/airflow/example_dags/example_branch_day_of_week_operator.py
[2022-09-24T20:17:38.226+0000] {processor.py:758} INFO - Processing file /home/airflow/.local/lib/python3.7/site-packages/airflow/example_dags/example_branch_day_of_week_operator.py for tasks to queue
[2022-09-24T20:17:38.234+0000] {logging_mixin.py:117} INFO - [2022-09-24T20:17:38.232+0000] {dagbag.py:525} INFO - Filling up the DagBag from /home/airflow/.local/lib/python3.7/site-packages/airflow/example_dags/example_branch_day_of_week_operator.py
[2022-09-24T20:17:38.361+0000] {processor.py:768} INFO - DAG(s) dict_keys(['example_weekday_branch_operator']) retrieved from /home/airflow/.local/lib/python3.7/site-packages/airflow/example_dags/example_branch_day_of_week_operator.py
[2022-09-24T20:17:38.520+0000] {logging_mixin.py:117} INFO - [2022-09-24T20:17:38.519+0000] {dag.py:2573} INFO - Sync 1 DAGs
[2022-09-24T20:17:38.625+0000] {logging_mixin.py:117} INFO - [2022-09-24T20:17:38.613+0000] {dag.py:3328} INFO - Setting next_dagrun for example_weekday_branch_operator to 2022-09-23T00:00:00+00:00, run_after=2022-09-24T00:00:00+00:00
[2022-09-24T20:17:38.756+0000] {processor.py:178} INFO - Processing /home/airflow/.local/lib/python3.7/site-packages/airflow/example_dags/example_branch_day_of_week_operator.py took 0.566 seconds
[2022-09-24T20:18:11.230+0000] {processor.py:156} INFO - Started process (PID=10593) to work on /home/airflow/.local/lib/python3.7/site-packages/airflow/example_dags/example_branch_day_of_week_operator.py
[2022-09-24T20:18:11.239+0000] {processor.py:758} INFO - Processing file /home/airflow/.local/lib/python3.7/site-packages/airflow/example_dags/example_branch_day_of_week_operator.py for tasks to queue
[2022-09-24T20:18:11.243+0000] {logging_mixin.py:117} INFO - [2022-09-24T20:18:11.242+0000] {dagbag.py:525} INFO - Filling up the DagBag from /home/airflow/.local/lib/python3.7/site-packages/airflow/example_dags/example_branch_day_of_week_operator.py
[2022-09-24T20:18:11.297+0000] {processor.py:768} INFO - DAG(s) dict_keys(['example_weekday_branch_operator']) retrieved from /home/airflow/.local/lib/python3.7/site-packages/airflow/example_dags/example_branch_day_of_week_operator.py
[2022-09-24T20:18:11.513+0000] {logging_mixin.py:117} INFO - [2022-09-24T20:18:11.512+0000] {dag.py:2573} INFO - Sync 1 DAGs
[2022-09-24T20:18:11.678+0000] {logging_mixin.py:117} INFO - [2022-09-24T20:18:11.677+0000] {dag.py:3328} INFO - Setting next_dagrun for example_weekday_branch_operator to 2022-09-23T00:00:00+00:00, run_after=2022-09-24T00:00:00+00:00
[2022-09-24T20:18:11.753+0000] {processor.py:178} INFO - Processing /home/airflow/.local/lib/python3.7/site-packages/airflow/example_dags/example_branch_day_of_week_operator.py took 0.535 seconds
[2022-09-24T20:18:42.035+0000] {processor.py:156} INFO - Started process (PID=10793) to work on /home/airflow/.local/lib/python3.7/site-packages/airflow/example_dags/example_branch_day_of_week_operator.py
[2022-09-24T20:18:42.037+0000] {processor.py:758} INFO - Processing file /home/airflow/.local/lib/python3.7/site-packages/airflow/example_dags/example_branch_day_of_week_operator.py for tasks to queue
[2022-09-24T20:18:42.039+0000] {logging_mixin.py:117} INFO - [2022-09-24T20:18:42.039+0000] {dagbag.py:525} INFO - Filling up the DagBag from /home/airflow/.local/lib/python3.7/site-packages/airflow/example_dags/example_branch_day_of_week_operator.py
[2022-09-24T20:18:42.078+0000] {processor.py:768} INFO - DAG(s) dict_keys(['example_weekday_branch_operator']) retrieved from /home/airflow/.local/lib/python3.7/site-packages/airflow/example_dags/example_branch_day_of_week_operator.py
[2022-09-24T20:18:42.152+0000] {logging_mixin.py:117} INFO - [2022-09-24T20:18:42.151+0000] {dag.py:2573} INFO - Sync 1 DAGs
[2022-09-24T20:18:42.204+0000] {logging_mixin.py:117} INFO - [2022-09-24T20:18:42.204+0000] {dag.py:3328} INFO - Setting next_dagrun for example_weekday_branch_operator to 2022-09-23T00:00:00+00:00, run_after=2022-09-24T00:00:00+00:00
[2022-09-24T20:18:42.246+0000] {processor.py:178} INFO - Processing /home/airflow/.local/lib/python3.7/site-packages/airflow/example_dags/example_branch_day_of_week_operator.py took 0.220 seconds
[2022-09-24T20:19:15.171+0000] {processor.py:156} INFO - Started process (PID=10999) to work on /home/airflow/.local/lib/python3.7/site-packages/airflow/example_dags/example_branch_day_of_week_operator.py
[2022-09-24T20:19:15.183+0000] {processor.py:758} INFO - Processing file /home/airflow/.local/lib/python3.7/site-packages/airflow/example_dags/example_branch_day_of_week_operator.py for tasks to queue
[2022-09-24T20:19:15.196+0000] {logging_mixin.py:117} INFO - [2022-09-24T20:19:15.196+0000] {dagbag.py:525} INFO - Filling up the DagBag from /home/airflow/.local/lib/python3.7/site-packages/airflow/example_dags/example_branch_day_of_week_operator.py
[2022-09-24T20:19:15.273+0000] {processor.py:768} INFO - DAG(s) dict_keys(['example_weekday_branch_operator']) retrieved from /home/airflow/.local/lib/python3.7/site-packages/airflow/example_dags/example_branch_day_of_week_operator.py
[2022-09-24T20:19:15.449+0000] {logging_mixin.py:117} INFO - [2022-09-24T20:19:15.448+0000] {dag.py:2573} INFO - Sync 1 DAGs
[2022-09-24T20:19:15.618+0000] {logging_mixin.py:117} INFO - [2022-09-24T20:19:15.618+0000] {dag.py:3328} INFO - Setting next_dagrun for example_weekday_branch_operator to 2022-09-23T00:00:00+00:00, run_after=2022-09-24T00:00:00+00:00
[2022-09-24T20:19:15.718+0000] {processor.py:178} INFO - Processing /home/airflow/.local/lib/python3.7/site-packages/airflow/example_dags/example_branch_day_of_week_operator.py took 0.576 seconds
[2022-09-24T20:19:45.972+0000] {processor.py:156} INFO - Started process (PID=11200) to work on /home/airflow/.local/lib/python3.7/site-packages/airflow/example_dags/example_branch_day_of_week_operator.py
[2022-09-24T20:19:45.975+0000] {processor.py:758} INFO - Processing file /home/airflow/.local/lib/python3.7/site-packages/airflow/example_dags/example_branch_day_of_week_operator.py for tasks to queue
[2022-09-24T20:19:45.978+0000] {logging_mixin.py:117} INFO - [2022-09-24T20:19:45.977+0000] {dagbag.py:525} INFO - Filling up the DagBag from /home/airflow/.local/lib/python3.7/site-packages/airflow/example_dags/example_branch_day_of_week_operator.py
[2022-09-24T20:19:46.016+0000] {processor.py:768} INFO - DAG(s) dict_keys(['example_weekday_branch_operator']) retrieved from /home/airflow/.local/lib/python3.7/site-packages/airflow/example_dags/example_branch_day_of_week_operator.py
[2022-09-24T20:19:46.101+0000] {logging_mixin.py:117} INFO - [2022-09-24T20:19:46.101+0000] {dag.py:2573} INFO - Sync 1 DAGs
[2022-09-24T20:19:46.158+0000] {logging_mixin.py:117} INFO - [2022-09-24T20:19:46.157+0000] {dag.py:3328} INFO - Setting next_dagrun for example_weekday_branch_operator to 2022-09-23T00:00:00+00:00, run_after=2022-09-24T00:00:00+00:00
[2022-09-24T20:19:46.201+0000] {processor.py:178} INFO - Processing /home/airflow/.local/lib/python3.7/site-packages/airflow/example_dags/example_branch_day_of_week_operator.py took 0.235 seconds
[2022-09-24T20:20:16.802+0000] {processor.py:156} INFO - Started process (PID=11398) to work on /home/airflow/.local/lib/python3.7/site-packages/airflow/example_dags/example_branch_day_of_week_operator.py
[2022-09-24T20:20:16.807+0000] {processor.py:758} INFO - Processing file /home/airflow/.local/lib/python3.7/site-packages/airflow/example_dags/example_branch_day_of_week_operator.py for tasks to queue
[2022-09-24T20:20:16.811+0000] {logging_mixin.py:117} INFO - [2022-09-24T20:20:16.810+0000] {dagbag.py:525} INFO - Filling up the DagBag from /home/airflow/.local/lib/python3.7/site-packages/airflow/example_dags/example_branch_day_of_week_operator.py
[2022-09-24T20:20:16.843+0000] {processor.py:768} INFO - DAG(s) dict_keys(['example_weekday_branch_operator']) retrieved from /home/airflow/.local/lib/python3.7/site-packages/airflow/example_dags/example_branch_day_of_week_operator.py
[2022-09-24T20:20:16.914+0000] {logging_mixin.py:117} INFO - [2022-09-24T20:20:16.914+0000] {dag.py:2573} INFO - Sync 1 DAGs
[2022-09-24T20:20:16.979+0000] {logging_mixin.py:117} INFO - [2022-09-24T20:20:16.978+0000] {dag.py:3328} INFO - Setting next_dagrun for example_weekday_branch_operator to 2022-09-23T00:00:00+00:00, run_after=2022-09-24T00:00:00+00:00
[2022-09-24T20:20:17.016+0000] {processor.py:178} INFO - Processing /home/airflow/.local/lib/python3.7/site-packages/airflow/example_dags/example_branch_day_of_week_operator.py took 0.222 seconds
[2022-09-24T20:20:47.407+0000] {processor.py:156} INFO - Started process (PID=11601) to work on /home/airflow/.local/lib/python3.7/site-packages/airflow/example_dags/example_branch_day_of_week_operator.py
[2022-09-24T20:20:47.416+0000] {processor.py:758} INFO - Processing file /home/airflow/.local/lib/python3.7/site-packages/airflow/example_dags/example_branch_day_of_week_operator.py for tasks to queue
[2022-09-24T20:20:47.428+0000] {logging_mixin.py:117} INFO - [2022-09-24T20:20:47.428+0000] {dagbag.py:525} INFO - Filling up the DagBag from /home/airflow/.local/lib/python3.7/site-packages/airflow/example_dags/example_branch_day_of_week_operator.py
[2022-09-24T20:20:47.464+0000] {processor.py:768} INFO - DAG(s) dict_keys(['example_weekday_branch_operator']) retrieved from /home/airflow/.local/lib/python3.7/site-packages/airflow/example_dags/example_branch_day_of_week_operator.py
[2022-09-24T20:20:47.578+0000] {logging_mixin.py:117} INFO - [2022-09-24T20:20:47.577+0000] {dag.py:2573} INFO - Sync 1 DAGs
[2022-09-24T20:20:47.633+0000] {logging_mixin.py:117} INFO - [2022-09-24T20:20:47.633+0000] {dag.py:3328} INFO - Setting next_dagrun for example_weekday_branch_operator to 2022-09-23T00:00:00+00:00, run_after=2022-09-24T00:00:00+00:00
[2022-09-24T20:20:47.702+0000] {processor.py:178} INFO - Processing /home/airflow/.local/lib/python3.7/site-packages/airflow/example_dags/example_branch_day_of_week_operator.py took 0.305 seconds
[2022-09-24T20:21:18.443+0000] {processor.py:156} INFO - Started process (PID=11801) to work on /home/airflow/.local/lib/python3.7/site-packages/airflow/example_dags/example_branch_day_of_week_operator.py
[2022-09-24T20:21:18.452+0000] {processor.py:758} INFO - Processing file /home/airflow/.local/lib/python3.7/site-packages/airflow/example_dags/example_branch_day_of_week_operator.py for tasks to queue
[2022-09-24T20:21:18.470+0000] {logging_mixin.py:117} INFO - [2022-09-24T20:21:18.469+0000] {dagbag.py:525} INFO - Filling up the DagBag from /home/airflow/.local/lib/python3.7/site-packages/airflow/example_dags/example_branch_day_of_week_operator.py
[2022-09-24T20:21:18.562+0000] {processor.py:768} INFO - DAG(s) dict_keys(['example_weekday_branch_operator']) retrieved from /home/airflow/.local/lib/python3.7/site-packages/airflow/example_dags/example_branch_day_of_week_operator.py
[2022-09-24T20:21:18.700+0000] {logging_mixin.py:117} INFO - [2022-09-24T20:21:18.700+0000] {dag.py:2573} INFO - Sync 1 DAGs
[2022-09-24T20:21:18.781+0000] {logging_mixin.py:117} INFO - [2022-09-24T20:21:18.781+0000] {dag.py:3328} INFO - Setting next_dagrun for example_weekday_branch_operator to 2022-09-23T00:00:00+00:00, run_after=2022-09-24T00:00:00+00:00
[2022-09-24T20:21:18.838+0000] {processor.py:178} INFO - Processing /home/airflow/.local/lib/python3.7/site-packages/airflow/example_dags/example_branch_day_of_week_operator.py took 0.408 seconds
