[2022-09-24T19:50:41.465+0000] {processor.py:156} INFO - Started process (PID=200) to work on /home/airflow/.local/lib/python3.7/site-packages/airflow/example_dags/example_skip_dag.py
[2022-09-24T19:50:41.473+0000] {processor.py:758} INFO - Processing file /home/airflow/.local/lib/python3.7/site-packages/airflow/example_dags/example_skip_dag.py for tasks to queue
[2022-09-24T19:50:41.484+0000] {logging_mixin.py:117} INFO - [2022-09-24T19:50:41.481+0000] {dagbag.py:525} INFO - Filling up the DagBag from /home/airflow/.local/lib/python3.7/site-packages/airflow/example_dags/example_skip_dag.py
[2022-09-24T19:50:41.617+0000] {processor.py:768} INFO - DAG(s) dict_keys(['example_skip_dag']) retrieved from /home/airflow/.local/lib/python3.7/site-packages/airflow/example_dags/example_skip_dag.py
[2022-09-24T19:50:41.955+0000] {logging_mixin.py:117} INFO - [2022-09-24T19:50:41.954+0000] {dag.py:2573} INFO - Sync 1 DAGs
[2022-09-24T19:50:42.120+0000] {logging_mixin.py:117} INFO - [2022-09-24T19:50:42.120+0000] {dag.py:3328} INFO - Setting next_dagrun for example_skip_dag to 2022-09-23T19:50:42.119855+00:00, run_after=2022-09-24T19:50:42.119855+00:00
[2022-09-24T19:50:42.245+0000] {processor.py:178} INFO - Processing /home/airflow/.local/lib/python3.7/site-packages/airflow/example_dags/example_skip_dag.py took 0.801 seconds
[2022-09-24T19:51:12.661+0000] {processor.py:156} INFO - Started process (PID=398) to work on /home/airflow/.local/lib/python3.7/site-packages/airflow/example_dags/example_skip_dag.py
[2022-09-24T19:51:12.671+0000] {processor.py:758} INFO - Processing file /home/airflow/.local/lib/python3.7/site-packages/airflow/example_dags/example_skip_dag.py for tasks to queue
[2022-09-24T19:51:12.675+0000] {logging_mixin.py:117} INFO - [2022-09-24T19:51:12.675+0000] {dagbag.py:525} INFO - Filling up the DagBag from /home/airflow/.local/lib/python3.7/site-packages/airflow/example_dags/example_skip_dag.py
[2022-09-24T19:51:12.774+0000] {processor.py:768} INFO - DAG(s) dict_keys(['example_skip_dag']) retrieved from /home/airflow/.local/lib/python3.7/site-packages/airflow/example_dags/example_skip_dag.py
[2022-09-24T19:51:13.085+0000] {logging_mixin.py:117} INFO - [2022-09-24T19:51:13.084+0000] {dag.py:2573} INFO - Sync 1 DAGs
[2022-09-24T19:51:13.278+0000] {logging_mixin.py:117} INFO - [2022-09-24T19:51:13.278+0000] {dag.py:3328} INFO - Setting next_dagrun for example_skip_dag to 2022-09-23T19:51:13.269847+00:00, run_after=2022-09-24T19:51:13.269847+00:00
[2022-09-24T19:51:13.398+0000] {processor.py:178} INFO - Processing /home/airflow/.local/lib/python3.7/site-packages/airflow/example_dags/example_skip_dag.py took 0.755 seconds
[2022-09-24T19:51:43.918+0000] {processor.py:156} INFO - Started process (PID=593) to work on /home/airflow/.local/lib/python3.7/site-packages/airflow/example_dags/example_skip_dag.py
[2022-09-24T19:51:43.922+0000] {processor.py:758} INFO - Processing file /home/airflow/.local/lib/python3.7/site-packages/airflow/example_dags/example_skip_dag.py for tasks to queue
[2022-09-24T19:51:43.925+0000] {logging_mixin.py:117} INFO - [2022-09-24T19:51:43.925+0000] {dagbag.py:525} INFO - Filling up the DagBag from /home/airflow/.local/lib/python3.7/site-packages/airflow/example_dags/example_skip_dag.py
[2022-09-24T19:51:43.965+0000] {processor.py:768} INFO - DAG(s) dict_keys(['example_skip_dag']) retrieved from /home/airflow/.local/lib/python3.7/site-packages/airflow/example_dags/example_skip_dag.py
[2022-09-24T19:51:44.144+0000] {logging_mixin.py:117} INFO - [2022-09-24T19:51:44.142+0000] {dag.py:2573} INFO - Sync 1 DAGs
[2022-09-24T19:51:44.277+0000] {logging_mixin.py:117} INFO - [2022-09-24T19:51:44.277+0000] {dag.py:3328} INFO - Setting next_dagrun for example_skip_dag to 2022-09-23T19:51:44.277053+00:00, run_after=2022-09-24T19:51:44.277053+00:00
[2022-09-24T19:51:44.734+0000] {processor.py:178} INFO - Processing /home/airflow/.local/lib/python3.7/site-packages/airflow/example_dags/example_skip_dag.py took 0.827 seconds
[2022-09-24T19:52:16.542+0000] {processor.py:156} INFO - Started process (PID=797) to work on /home/airflow/.local/lib/python3.7/site-packages/airflow/example_dags/example_skip_dag.py
[2022-09-24T19:52:16.551+0000] {processor.py:758} INFO - Processing file /home/airflow/.local/lib/python3.7/site-packages/airflow/example_dags/example_skip_dag.py for tasks to queue
[2022-09-24T19:52:16.559+0000] {logging_mixin.py:117} INFO - [2022-09-24T19:52:16.559+0000] {dagbag.py:525} INFO - Filling up the DagBag from /home/airflow/.local/lib/python3.7/site-packages/airflow/example_dags/example_skip_dag.py
[2022-09-24T19:52:16.617+0000] {processor.py:768} INFO - DAG(s) dict_keys(['example_skip_dag']) retrieved from /home/airflow/.local/lib/python3.7/site-packages/airflow/example_dags/example_skip_dag.py
[2022-09-24T19:52:16.764+0000] {logging_mixin.py:117} INFO - [2022-09-24T19:52:16.764+0000] {dag.py:2573} INFO - Sync 1 DAGs
[2022-09-24T19:52:17.081+0000] {logging_mixin.py:117} INFO - [2022-09-24T19:52:17.080+0000] {dag.py:3328} INFO - Setting next_dagrun for example_skip_dag to 2022-09-23T19:52:17.080456+00:00, run_after=2022-09-24T19:52:17.080456+00:00
[2022-09-24T19:52:17.143+0000] {processor.py:178} INFO - Processing /home/airflow/.local/lib/python3.7/site-packages/airflow/example_dags/example_skip_dag.py took 0.612 seconds
[2022-09-24T19:52:47.319+0000] {processor.py:156} INFO - Started process (PID=994) to work on /home/airflow/.local/lib/python3.7/site-packages/airflow/example_dags/example_skip_dag.py
[2022-09-24T19:52:47.324+0000] {processor.py:758} INFO - Processing file /home/airflow/.local/lib/python3.7/site-packages/airflow/example_dags/example_skip_dag.py for tasks to queue
[2022-09-24T19:52:47.327+0000] {logging_mixin.py:117} INFO - [2022-09-24T19:52:47.327+0000] {dagbag.py:525} INFO - Filling up the DagBag from /home/airflow/.local/lib/python3.7/site-packages/airflow/example_dags/example_skip_dag.py
[2022-09-24T19:52:47.374+0000] {processor.py:768} INFO - DAG(s) dict_keys(['example_skip_dag']) retrieved from /home/airflow/.local/lib/python3.7/site-packages/airflow/example_dags/example_skip_dag.py
[2022-09-24T19:52:47.510+0000] {logging_mixin.py:117} INFO - [2022-09-24T19:52:47.510+0000] {dag.py:2573} INFO - Sync 1 DAGs
[2022-09-24T19:52:47.866+0000] {logging_mixin.py:117} INFO - [2022-09-24T19:52:47.866+0000] {dag.py:3328} INFO - Setting next_dagrun for example_skip_dag to 2022-09-23T19:52:47.865953+00:00, run_after=2022-09-24T19:52:47.865953+00:00
[2022-09-24T19:52:47.977+0000] {processor.py:178} INFO - Processing /home/airflow/.local/lib/python3.7/site-packages/airflow/example_dags/example_skip_dag.py took 0.666 seconds
[2022-09-24T19:53:26.082+0000] {processor.py:156} INFO - Started process (PID=1198) to work on /home/airflow/.local/lib/python3.7/site-packages/airflow/example_dags/example_skip_dag.py
[2022-09-24T19:53:26.090+0000] {processor.py:758} INFO - Processing file /home/airflow/.local/lib/python3.7/site-packages/airflow/example_dags/example_skip_dag.py for tasks to queue
[2022-09-24T19:53:26.108+0000] {logging_mixin.py:117} INFO - [2022-09-24T19:53:26.107+0000] {dagbag.py:525} INFO - Filling up the DagBag from /home/airflow/.local/lib/python3.7/site-packages/airflow/example_dags/example_skip_dag.py
[2022-09-24T19:53:26.231+0000] {processor.py:768} INFO - DAG(s) dict_keys(['example_skip_dag']) retrieved from /home/airflow/.local/lib/python3.7/site-packages/airflow/example_dags/example_skip_dag.py
[2022-09-24T19:53:27.212+0000] {logging_mixin.py:117} INFO - [2022-09-24T19:53:27.212+0000] {dag.py:2573} INFO - Sync 1 DAGs
[2022-09-24T19:53:27.341+0000] {logging_mixin.py:117} INFO - [2022-09-24T19:53:27.340+0000] {dag.py:3328} INFO - Setting next_dagrun for example_skip_dag to 2022-09-23T19:53:27.340415+00:00, run_after=2022-09-24T19:53:27.340415+00:00
[2022-09-24T19:53:27.428+0000] {processor.py:178} INFO - Processing /home/airflow/.local/lib/python3.7/site-packages/airflow/example_dags/example_skip_dag.py took 1.390 seconds
[2022-09-24T19:53:57.628+0000] {processor.py:156} INFO - Started process (PID=1398) to work on /home/airflow/.local/lib/python3.7/site-packages/airflow/example_dags/example_skip_dag.py
[2022-09-24T19:53:57.635+0000] {processor.py:758} INFO - Processing file /home/airflow/.local/lib/python3.7/site-packages/airflow/example_dags/example_skip_dag.py for tasks to queue
[2022-09-24T19:53:57.642+0000] {logging_mixin.py:117} INFO - [2022-09-24T19:53:57.641+0000] {dagbag.py:525} INFO - Filling up the DagBag from /home/airflow/.local/lib/python3.7/site-packages/airflow/example_dags/example_skip_dag.py
[2022-09-24T19:53:57.704+0000] {processor.py:768} INFO - DAG(s) dict_keys(['example_skip_dag']) retrieved from /home/airflow/.local/lib/python3.7/site-packages/airflow/example_dags/example_skip_dag.py
[2022-09-24T19:53:58.126+0000] {logging_mixin.py:117} INFO - [2022-09-24T19:53:58.125+0000] {dag.py:2573} INFO - Sync 1 DAGs
[2022-09-24T19:53:58.200+0000] {logging_mixin.py:117} INFO - [2022-09-24T19:53:58.199+0000] {dag.py:3328} INFO - Setting next_dagrun for example_skip_dag to 2022-09-23T19:53:58.199604+00:00, run_after=2022-09-24T19:53:58.199604+00:00
[2022-09-24T19:53:58.239+0000] {processor.py:178} INFO - Processing /home/airflow/.local/lib/python3.7/site-packages/airflow/example_dags/example_skip_dag.py took 0.623 seconds
[2022-09-24T19:54:28.851+0000] {processor.py:156} INFO - Started process (PID=1598) to work on /home/airflow/.local/lib/python3.7/site-packages/airflow/example_dags/example_skip_dag.py
[2022-09-24T19:54:28.857+0000] {processor.py:758} INFO - Processing file /home/airflow/.local/lib/python3.7/site-packages/airflow/example_dags/example_skip_dag.py for tasks to queue
[2022-09-24T19:54:28.873+0000] {logging_mixin.py:117} INFO - [2022-09-24T19:54:28.870+0000] {dagbag.py:525} INFO - Filling up the DagBag from /home/airflow/.local/lib/python3.7/site-packages/airflow/example_dags/example_skip_dag.py
[2022-09-24T19:54:29.151+0000] {processor.py:768} INFO - DAG(s) dict_keys(['example_skip_dag']) retrieved from /home/airflow/.local/lib/python3.7/site-packages/airflow/example_dags/example_skip_dag.py
[2022-09-24T19:54:29.237+0000] {logging_mixin.py:117} INFO - [2022-09-24T19:54:29.236+0000] {dag.py:2573} INFO - Sync 1 DAGs
[2022-09-24T19:54:29.289+0000] {logging_mixin.py:117} INFO - [2022-09-24T19:54:29.289+0000] {dag.py:3328} INFO - Setting next_dagrun for example_skip_dag to 2022-09-23T19:54:29.288972+00:00, run_after=2022-09-24T19:54:29.288972+00:00
[2022-09-24T19:54:29.329+0000] {processor.py:178} INFO - Processing /home/airflow/.local/lib/python3.7/site-packages/airflow/example_dags/example_skip_dag.py took 0.491 seconds
[2022-09-24T19:54:59.751+0000] {processor.py:156} INFO - Started process (PID=1793) to work on /home/airflow/.local/lib/python3.7/site-packages/airflow/example_dags/example_skip_dag.py
[2022-09-24T19:54:59.755+0000] {processor.py:758} INFO - Processing file /home/airflow/.local/lib/python3.7/site-packages/airflow/example_dags/example_skip_dag.py for tasks to queue
[2022-09-24T19:54:59.760+0000] {logging_mixin.py:117} INFO - [2022-09-24T19:54:59.759+0000] {dagbag.py:525} INFO - Filling up the DagBag from /home/airflow/.local/lib/python3.7/site-packages/airflow/example_dags/example_skip_dag.py
[2022-09-24T19:54:59.812+0000] {processor.py:768} INFO - DAG(s) dict_keys(['example_skip_dag']) retrieved from /home/airflow/.local/lib/python3.7/site-packages/airflow/example_dags/example_skip_dag.py
[2022-09-24T19:54:59.893+0000] {logging_mixin.py:117} INFO - [2022-09-24T19:54:59.893+0000] {dag.py:2573} INFO - Sync 1 DAGs
[2022-09-24T19:54:59.942+0000] {logging_mixin.py:117} INFO - [2022-09-24T19:54:59.942+0000] {dag.py:3328} INFO - Setting next_dagrun for example_skip_dag to 2022-09-23T19:54:59.941872+00:00, run_after=2022-09-24T19:54:59.941872+00:00
[2022-09-24T19:54:59.984+0000] {processor.py:178} INFO - Processing /home/airflow/.local/lib/python3.7/site-packages/airflow/example_dags/example_skip_dag.py took 0.244 seconds
[2022-09-24T19:55:30.590+0000] {processor.py:156} INFO - Started process (PID=1991) to work on /home/airflow/.local/lib/python3.7/site-packages/airflow/example_dags/example_skip_dag.py
[2022-09-24T19:55:30.594+0000] {processor.py:758} INFO - Processing file /home/airflow/.local/lib/python3.7/site-packages/airflow/example_dags/example_skip_dag.py for tasks to queue
[2022-09-24T19:55:30.599+0000] {logging_mixin.py:117} INFO - [2022-09-24T19:55:30.599+0000] {dagbag.py:525} INFO - Filling up the DagBag from /home/airflow/.local/lib/python3.7/site-packages/airflow/example_dags/example_skip_dag.py
[2022-09-24T19:55:30.650+0000] {processor.py:768} INFO - DAG(s) dict_keys(['example_skip_dag']) retrieved from /home/airflow/.local/lib/python3.7/site-packages/airflow/example_dags/example_skip_dag.py
[2022-09-24T19:55:31.100+0000] {logging_mixin.py:117} INFO - [2022-09-24T19:55:31.100+0000] {dag.py:2573} INFO - Sync 1 DAGs
[2022-09-24T19:55:31.260+0000] {logging_mixin.py:117} INFO - [2022-09-24T19:55:31.260+0000] {dag.py:3328} INFO - Setting next_dagrun for example_skip_dag to 2022-09-23T19:55:31.259635+00:00, run_after=2022-09-24T19:55:31.259635+00:00
[2022-09-24T19:55:31.366+0000] {processor.py:178} INFO - Processing /home/airflow/.local/lib/python3.7/site-packages/airflow/example_dags/example_skip_dag.py took 0.803 seconds
[2022-09-24T19:56:01.969+0000] {processor.py:156} INFO - Started process (PID=2187) to work on /home/airflow/.local/lib/python3.7/site-packages/airflow/example_dags/example_skip_dag.py
[2022-09-24T19:56:01.978+0000] {processor.py:758} INFO - Processing file /home/airflow/.local/lib/python3.7/site-packages/airflow/example_dags/example_skip_dag.py for tasks to queue
[2022-09-24T19:56:01.982+0000] {logging_mixin.py:117} INFO - [2022-09-24T19:56:01.980+0000] {dagbag.py:525} INFO - Filling up the DagBag from /home/airflow/.local/lib/python3.7/site-packages/airflow/example_dags/example_skip_dag.py
[2022-09-24T19:56:02.063+0000] {processor.py:768} INFO - DAG(s) dict_keys(['example_skip_dag']) retrieved from /home/airflow/.local/lib/python3.7/site-packages/airflow/example_dags/example_skip_dag.py
[2022-09-24T19:56:02.152+0000] {logging_mixin.py:117} INFO - [2022-09-24T19:56:02.151+0000] {dag.py:2573} INFO - Sync 1 DAGs
[2022-09-24T19:56:02.200+0000] {logging_mixin.py:117} INFO - [2022-09-24T19:56:02.200+0000] {dag.py:3328} INFO - Setting next_dagrun for example_skip_dag to 2022-09-23T19:56:02.199926+00:00, run_after=2022-09-24T19:56:02.199926+00:00
[2022-09-24T19:56:02.279+0000] {processor.py:178} INFO - Processing /home/airflow/.local/lib/python3.7/site-packages/airflow/example_dags/example_skip_dag.py took 0.330 seconds
[2022-09-24T19:56:32.444+0000] {processor.py:156} INFO - Started process (PID=2384) to work on /home/airflow/.local/lib/python3.7/site-packages/airflow/example_dags/example_skip_dag.py
[2022-09-24T19:56:32.448+0000] {processor.py:758} INFO - Processing file /home/airflow/.local/lib/python3.7/site-packages/airflow/example_dags/example_skip_dag.py for tasks to queue
[2022-09-24T19:56:32.452+0000] {logging_mixin.py:117} INFO - [2022-09-24T19:56:32.451+0000] {dagbag.py:525} INFO - Filling up the DagBag from /home/airflow/.local/lib/python3.7/site-packages/airflow/example_dags/example_skip_dag.py
[2022-09-24T19:56:32.486+0000] {processor.py:768} INFO - DAG(s) dict_keys(['example_skip_dag']) retrieved from /home/airflow/.local/lib/python3.7/site-packages/airflow/example_dags/example_skip_dag.py
[2022-09-24T19:56:32.570+0000] {logging_mixin.py:117} INFO - [2022-09-24T19:56:32.569+0000] {dag.py:2573} INFO - Sync 1 DAGs
[2022-09-24T19:56:32.634+0000] {logging_mixin.py:117} INFO - [2022-09-24T19:56:32.634+0000] {dag.py:3328} INFO - Setting next_dagrun for example_skip_dag to 2022-09-23T19:56:32.633630+00:00, run_after=2022-09-24T19:56:32.633630+00:00
[2022-09-24T19:56:32.695+0000] {processor.py:178} INFO - Processing /home/airflow/.local/lib/python3.7/site-packages/airflow/example_dags/example_skip_dag.py took 0.264 seconds
[2022-09-24T19:57:02.988+0000] {processor.py:156} INFO - Started process (PID=2590) to work on /home/airflow/.local/lib/python3.7/site-packages/airflow/example_dags/example_skip_dag.py
[2022-09-24T19:57:02.999+0000] {processor.py:758} INFO - Processing file /home/airflow/.local/lib/python3.7/site-packages/airflow/example_dags/example_skip_dag.py for tasks to queue
[2022-09-24T19:57:03.022+0000] {logging_mixin.py:117} INFO - [2022-09-24T19:57:03.010+0000] {dagbag.py:525} INFO - Filling up the DagBag from /home/airflow/.local/lib/python3.7/site-packages/airflow/example_dags/example_skip_dag.py
[2022-09-24T19:57:03.082+0000] {processor.py:768} INFO - DAG(s) dict_keys(['example_skip_dag']) retrieved from /home/airflow/.local/lib/python3.7/site-packages/airflow/example_dags/example_skip_dag.py
[2022-09-24T19:57:03.199+0000] {logging_mixin.py:117} INFO - [2022-09-24T19:57:03.199+0000] {dag.py:2573} INFO - Sync 1 DAGs
[2022-09-24T19:57:03.258+0000] {logging_mixin.py:117} INFO - [2022-09-24T19:57:03.257+0000] {dag.py:3328} INFO - Setting next_dagrun for example_skip_dag to 2022-09-23T19:57:03.256941+00:00, run_after=2022-09-24T19:57:03.256941+00:00
[2022-09-24T19:57:03.302+0000] {processor.py:178} INFO - Processing /home/airflow/.local/lib/python3.7/site-packages/airflow/example_dags/example_skip_dag.py took 0.320 seconds
[2022-09-24T19:57:34.633+0000] {processor.py:156} INFO - Started process (PID=2779) to work on /home/airflow/.local/lib/python3.7/site-packages/airflow/example_dags/example_skip_dag.py
[2022-09-24T19:57:34.640+0000] {processor.py:758} INFO - Processing file /home/airflow/.local/lib/python3.7/site-packages/airflow/example_dags/example_skip_dag.py for tasks to queue
[2022-09-24T19:57:34.662+0000] {logging_mixin.py:117} INFO - [2022-09-24T19:57:34.648+0000] {dagbag.py:525} INFO - Filling up the DagBag from /home/airflow/.local/lib/python3.7/site-packages/airflow/example_dags/example_skip_dag.py
[2022-09-24T19:57:34.818+0000] {processor.py:768} INFO - DAG(s) dict_keys(['example_skip_dag']) retrieved from /home/airflow/.local/lib/python3.7/site-packages/airflow/example_dags/example_skip_dag.py
[2022-09-24T19:57:34.951+0000] {logging_mixin.py:117} INFO - [2022-09-24T19:57:34.951+0000] {dag.py:2573} INFO - Sync 1 DAGs
[2022-09-24T19:57:35.021+0000] {logging_mixin.py:117} INFO - [2022-09-24T19:57:35.021+0000] {dag.py:3328} INFO - Setting next_dagrun for example_skip_dag to 2022-09-23T19:57:35.020525+00:00, run_after=2022-09-24T19:57:35.020525+00:00
[2022-09-24T19:57:35.068+0000] {processor.py:178} INFO - Processing /home/airflow/.local/lib/python3.7/site-packages/airflow/example_dags/example_skip_dag.py took 0.450 seconds
[2022-09-24T19:58:08.194+0000] {processor.py:156} INFO - Started process (PID=2989) to work on /home/airflow/.local/lib/python3.7/site-packages/airflow/example_dags/example_skip_dag.py
[2022-09-24T19:58:08.212+0000] {processor.py:758} INFO - Processing file /home/airflow/.local/lib/python3.7/site-packages/airflow/example_dags/example_skip_dag.py for tasks to queue
[2022-09-24T19:58:08.219+0000] {logging_mixin.py:117} INFO - [2022-09-24T19:58:08.219+0000] {dagbag.py:525} INFO - Filling up the DagBag from /home/airflow/.local/lib/python3.7/site-packages/airflow/example_dags/example_skip_dag.py
[2022-09-24T19:58:08.393+0000] {processor.py:768} INFO - DAG(s) dict_keys(['example_skip_dag']) retrieved from /home/airflow/.local/lib/python3.7/site-packages/airflow/example_dags/example_skip_dag.py
[2022-09-24T19:58:08.728+0000] {logging_mixin.py:117} INFO - [2022-09-24T19:58:08.728+0000] {dag.py:2573} INFO - Sync 1 DAGs
[2022-09-24T19:58:08.935+0000] {logging_mixin.py:117} INFO - [2022-09-24T19:58:08.935+0000] {dag.py:3328} INFO - Setting next_dagrun for example_skip_dag to 2022-09-23T19:58:08.934666+00:00, run_after=2022-09-24T19:58:08.934666+00:00
[2022-09-24T19:58:09.067+0000] {processor.py:178} INFO - Processing /home/airflow/.local/lib/python3.7/site-packages/airflow/example_dags/example_skip_dag.py took 0.899 seconds
[2022-09-24T19:58:39.642+0000] {processor.py:156} INFO - Started process (PID=3187) to work on /home/airflow/.local/lib/python3.7/site-packages/airflow/example_dags/example_skip_dag.py
[2022-09-24T19:58:39.651+0000] {processor.py:758} INFO - Processing file /home/airflow/.local/lib/python3.7/site-packages/airflow/example_dags/example_skip_dag.py for tasks to queue
[2022-09-24T19:58:39.655+0000] {logging_mixin.py:117} INFO - [2022-09-24T19:58:39.655+0000] {dagbag.py:525} INFO - Filling up the DagBag from /home/airflow/.local/lib/python3.7/site-packages/airflow/example_dags/example_skip_dag.py
[2022-09-24T19:58:39.700+0000] {processor.py:768} INFO - DAG(s) dict_keys(['example_skip_dag']) retrieved from /home/airflow/.local/lib/python3.7/site-packages/airflow/example_dags/example_skip_dag.py
[2022-09-24T19:58:39.791+0000] {logging_mixin.py:117} INFO - [2022-09-24T19:58:39.791+0000] {dag.py:2573} INFO - Sync 1 DAGs
[2022-09-24T19:58:39.845+0000] {logging_mixin.py:117} INFO - [2022-09-24T19:58:39.844+0000] {dag.py:3328} INFO - Setting next_dagrun for example_skip_dag to 2022-09-23T19:58:39.844053+00:00, run_after=2022-09-24T19:58:39.844053+00:00
[2022-09-24T19:58:39.892+0000] {processor.py:178} INFO - Processing /home/airflow/.local/lib/python3.7/site-packages/airflow/example_dags/example_skip_dag.py took 0.261 seconds
[2022-09-24T19:59:13.141+0000] {processor.py:156} INFO - Started process (PID=3385) to work on /home/airflow/.local/lib/python3.7/site-packages/airflow/example_dags/example_skip_dag.py
[2022-09-24T19:59:13.152+0000] {processor.py:758} INFO - Processing file /home/airflow/.local/lib/python3.7/site-packages/airflow/example_dags/example_skip_dag.py for tasks to queue
[2022-09-24T19:59:13.157+0000] {logging_mixin.py:117} INFO - [2022-09-24T19:59:13.157+0000] {dagbag.py:525} INFO - Filling up the DagBag from /home/airflow/.local/lib/python3.7/site-packages/airflow/example_dags/example_skip_dag.py
[2022-09-24T19:59:13.344+0000] {processor.py:768} INFO - DAG(s) dict_keys(['example_skip_dag']) retrieved from /home/airflow/.local/lib/python3.7/site-packages/airflow/example_dags/example_skip_dag.py
[2022-09-24T19:59:13.659+0000] {logging_mixin.py:117} INFO - [2022-09-24T19:59:13.659+0000] {dag.py:2573} INFO - Sync 1 DAGs
[2022-09-24T19:59:13.841+0000] {logging_mixin.py:117} INFO - [2022-09-24T19:59:13.841+0000] {dag.py:3328} INFO - Setting next_dagrun for example_skip_dag to 2022-09-23T19:59:13.840891+00:00, run_after=2022-09-24T19:59:13.840891+00:00
[2022-09-24T19:59:13.940+0000] {processor.py:178} INFO - Processing /home/airflow/.local/lib/python3.7/site-packages/airflow/example_dags/example_skip_dag.py took 0.813 seconds
[2022-09-24T19:59:44.390+0000] {processor.py:156} INFO - Started process (PID=3582) to work on /home/airflow/.local/lib/python3.7/site-packages/airflow/example_dags/example_skip_dag.py
[2022-09-24T19:59:44.396+0000] {processor.py:758} INFO - Processing file /home/airflow/.local/lib/python3.7/site-packages/airflow/example_dags/example_skip_dag.py for tasks to queue
[2022-09-24T19:59:44.398+0000] {logging_mixin.py:117} INFO - [2022-09-24T19:59:44.398+0000] {dagbag.py:525} INFO - Filling up the DagBag from /home/airflow/.local/lib/python3.7/site-packages/airflow/example_dags/example_skip_dag.py
[2022-09-24T19:59:44.459+0000] {processor.py:768} INFO - DAG(s) dict_keys(['example_skip_dag']) retrieved from /home/airflow/.local/lib/python3.7/site-packages/airflow/example_dags/example_skip_dag.py
[2022-09-24T19:59:44.631+0000] {logging_mixin.py:117} INFO - [2022-09-24T19:59:44.631+0000] {dag.py:2573} INFO - Sync 1 DAGs
[2022-09-24T19:59:44.694+0000] {logging_mixin.py:117} INFO - [2022-09-24T19:59:44.694+0000] {dag.py:3328} INFO - Setting next_dagrun for example_skip_dag to 2022-09-23T19:59:44.694066+00:00, run_after=2022-09-24T19:59:44.694066+00:00
[2022-09-24T19:59:44.738+0000] {processor.py:178} INFO - Processing /home/airflow/.local/lib/python3.7/site-packages/airflow/example_dags/example_skip_dag.py took 0.357 seconds
[2022-09-24T20:00:15.423+0000] {processor.py:156} INFO - Started process (PID=3775) to work on /home/airflow/.local/lib/python3.7/site-packages/airflow/example_dags/example_skip_dag.py
[2022-09-24T20:00:15.427+0000] {processor.py:758} INFO - Processing file /home/airflow/.local/lib/python3.7/site-packages/airflow/example_dags/example_skip_dag.py for tasks to queue
[2022-09-24T20:00:15.431+0000] {logging_mixin.py:117} INFO - [2022-09-24T20:00:15.430+0000] {dagbag.py:525} INFO - Filling up the DagBag from /home/airflow/.local/lib/python3.7/site-packages/airflow/example_dags/example_skip_dag.py
[2022-09-24T20:00:15.465+0000] {processor.py:768} INFO - DAG(s) dict_keys(['example_skip_dag']) retrieved from /home/airflow/.local/lib/python3.7/site-packages/airflow/example_dags/example_skip_dag.py
[2022-09-24T20:00:15.566+0000] {logging_mixin.py:117} INFO - [2022-09-24T20:00:15.566+0000] {dag.py:2573} INFO - Sync 1 DAGs
[2022-09-24T20:00:15.653+0000] {logging_mixin.py:117} INFO - [2022-09-24T20:00:15.653+0000] {dag.py:3328} INFO - Setting next_dagrun for example_skip_dag to 2022-09-23T20:00:15.652407+00:00, run_after=2022-09-24T20:00:15.652407+00:00
[2022-09-24T20:00:15.816+0000] {processor.py:178} INFO - Processing /home/airflow/.local/lib/python3.7/site-packages/airflow/example_dags/example_skip_dag.py took 0.419 seconds
[2022-09-24T20:00:46.233+0000] {processor.py:156} INFO - Started process (PID=3977) to work on /home/airflow/.local/lib/python3.7/site-packages/airflow/example_dags/example_skip_dag.py
[2022-09-24T20:00:46.237+0000] {processor.py:758} INFO - Processing file /home/airflow/.local/lib/python3.7/site-packages/airflow/example_dags/example_skip_dag.py for tasks to queue
[2022-09-24T20:00:46.240+0000] {logging_mixin.py:117} INFO - [2022-09-24T20:00:46.239+0000] {dagbag.py:525} INFO - Filling up the DagBag from /home/airflow/.local/lib/python3.7/site-packages/airflow/example_dags/example_skip_dag.py
[2022-09-24T20:00:46.297+0000] {processor.py:768} INFO - DAG(s) dict_keys(['example_skip_dag']) retrieved from /home/airflow/.local/lib/python3.7/site-packages/airflow/example_dags/example_skip_dag.py
[2022-09-24T20:00:46.377+0000] {logging_mixin.py:117} INFO - [2022-09-24T20:00:46.376+0000] {dag.py:2573} INFO - Sync 1 DAGs
[2022-09-24T20:00:46.427+0000] {logging_mixin.py:117} INFO - [2022-09-24T20:00:46.427+0000] {dag.py:3328} INFO - Setting next_dagrun for example_skip_dag to 2022-09-23T20:00:46.426513+00:00, run_after=2022-09-24T20:00:46.426513+00:00
[2022-09-24T20:00:46.469+0000] {processor.py:178} INFO - Processing /home/airflow/.local/lib/python3.7/site-packages/airflow/example_dags/example_skip_dag.py took 0.244 seconds
[2022-09-24T20:01:18.041+0000] {processor.py:156} INFO - Started process (PID=4182) to work on /home/airflow/.local/lib/python3.7/site-packages/airflow/example_dags/example_skip_dag.py
[2022-09-24T20:01:18.044+0000] {processor.py:758} INFO - Processing file /home/airflow/.local/lib/python3.7/site-packages/airflow/example_dags/example_skip_dag.py for tasks to queue
[2022-09-24T20:01:18.047+0000] {logging_mixin.py:117} INFO - [2022-09-24T20:01:18.047+0000] {dagbag.py:525} INFO - Filling up the DagBag from /home/airflow/.local/lib/python3.7/site-packages/airflow/example_dags/example_skip_dag.py
[2022-09-24T20:01:18.121+0000] {processor.py:768} INFO - DAG(s) dict_keys(['example_skip_dag']) retrieved from /home/airflow/.local/lib/python3.7/site-packages/airflow/example_dags/example_skip_dag.py
[2022-09-24T20:01:18.366+0000] {logging_mixin.py:117} INFO - [2022-09-24T20:01:18.366+0000] {dag.py:2573} INFO - Sync 1 DAGs
[2022-09-24T20:01:18.579+0000] {logging_mixin.py:117} INFO - [2022-09-24T20:01:18.578+0000] {dag.py:3328} INFO - Setting next_dagrun for example_skip_dag to 2022-09-23T20:01:18.578101+00:00, run_after=2022-09-24T20:01:18.578101+00:00
[2022-09-24T20:01:18.682+0000] {processor.py:178} INFO - Processing /home/airflow/.local/lib/python3.7/site-packages/airflow/example_dags/example_skip_dag.py took 0.654 seconds
[2022-09-24T20:01:51.042+0000] {processor.py:156} INFO - Started process (PID=4378) to work on /home/airflow/.local/lib/python3.7/site-packages/airflow/example_dags/example_skip_dag.py
[2022-09-24T20:01:51.046+0000] {processor.py:758} INFO - Processing file /home/airflow/.local/lib/python3.7/site-packages/airflow/example_dags/example_skip_dag.py for tasks to queue
[2022-09-24T20:01:51.052+0000] {logging_mixin.py:117} INFO - [2022-09-24T20:01:51.049+0000] {dagbag.py:525} INFO - Filling up the DagBag from /home/airflow/.local/lib/python3.7/site-packages/airflow/example_dags/example_skip_dag.py
[2022-09-24T20:01:51.111+0000] {processor.py:768} INFO - DAG(s) dict_keys(['example_skip_dag']) retrieved from /home/airflow/.local/lib/python3.7/site-packages/airflow/example_dags/example_skip_dag.py
[2022-09-24T20:01:51.200+0000] {logging_mixin.py:117} INFO - [2022-09-24T20:01:51.200+0000] {dag.py:2573} INFO - Sync 1 DAGs
[2022-09-24T20:01:51.299+0000] {logging_mixin.py:117} INFO - [2022-09-24T20:01:51.299+0000] {dag.py:3328} INFO - Setting next_dagrun for example_skip_dag to 2022-09-23T20:01:51.298884+00:00, run_after=2022-09-24T20:01:51.298884+00:00
[2022-09-24T20:01:51.387+0000] {processor.py:178} INFO - Processing /home/airflow/.local/lib/python3.7/site-packages/airflow/example_dags/example_skip_dag.py took 0.366 seconds
[2022-09-24T20:02:21.893+0000] {processor.py:156} INFO - Started process (PID=4574) to work on /home/airflow/.local/lib/python3.7/site-packages/airflow/example_dags/example_skip_dag.py
[2022-09-24T20:02:21.896+0000] {processor.py:758} INFO - Processing file /home/airflow/.local/lib/python3.7/site-packages/airflow/example_dags/example_skip_dag.py for tasks to queue
[2022-09-24T20:02:21.902+0000] {logging_mixin.py:117} INFO - [2022-09-24T20:02:21.900+0000] {dagbag.py:525} INFO - Filling up the DagBag from /home/airflow/.local/lib/python3.7/site-packages/airflow/example_dags/example_skip_dag.py
[2022-09-24T20:02:21.955+0000] {processor.py:768} INFO - DAG(s) dict_keys(['example_skip_dag']) retrieved from /home/airflow/.local/lib/python3.7/site-packages/airflow/example_dags/example_skip_dag.py
[2022-09-24T20:02:22.045+0000] {logging_mixin.py:117} INFO - [2022-09-24T20:02:22.045+0000] {dag.py:2573} INFO - Sync 1 DAGs
[2022-09-24T20:02:22.130+0000] {logging_mixin.py:117} INFO - [2022-09-24T20:02:22.130+0000] {dag.py:3328} INFO - Setting next_dagrun for example_skip_dag to 2022-09-23T20:02:22.129474+00:00, run_after=2022-09-24T20:02:22.129474+00:00
[2022-09-24T20:02:22.214+0000] {processor.py:178} INFO - Processing /home/airflow/.local/lib/python3.7/site-packages/airflow/example_dags/example_skip_dag.py took 0.327 seconds
[2022-09-24T20:02:53.214+0000] {processor.py:156} INFO - Started process (PID=4780) to work on /home/airflow/.local/lib/python3.7/site-packages/airflow/example_dags/example_skip_dag.py
[2022-09-24T20:02:53.219+0000] {processor.py:758} INFO - Processing file /home/airflow/.local/lib/python3.7/site-packages/airflow/example_dags/example_skip_dag.py for tasks to queue
[2022-09-24T20:02:53.223+0000] {logging_mixin.py:117} INFO - [2022-09-24T20:02:53.223+0000] {dagbag.py:525} INFO - Filling up the DagBag from /home/airflow/.local/lib/python3.7/site-packages/airflow/example_dags/example_skip_dag.py
[2022-09-24T20:02:53.306+0000] {processor.py:768} INFO - DAG(s) dict_keys(['example_skip_dag']) retrieved from /home/airflow/.local/lib/python3.7/site-packages/airflow/example_dags/example_skip_dag.py
[2022-09-24T20:02:53.511+0000] {logging_mixin.py:117} INFO - [2022-09-24T20:02:53.511+0000] {dag.py:2573} INFO - Sync 1 DAGs
[2022-09-24T20:02:53.666+0000] {logging_mixin.py:117} INFO - [2022-09-24T20:02:53.666+0000] {dag.py:3328} INFO - Setting next_dagrun for example_skip_dag to 2022-09-23T20:02:53.665904+00:00, run_after=2022-09-24T20:02:53.665904+00:00
[2022-09-24T20:02:53.746+0000] {processor.py:178} INFO - Processing /home/airflow/.local/lib/python3.7/site-packages/airflow/example_dags/example_skip_dag.py took 0.546 seconds
[2022-09-24T20:03:24.118+0000] {processor.py:156} INFO - Started process (PID=4983) to work on /home/airflow/.local/lib/python3.7/site-packages/airflow/example_dags/example_skip_dag.py
[2022-09-24T20:03:24.125+0000] {processor.py:758} INFO - Processing file /home/airflow/.local/lib/python3.7/site-packages/airflow/example_dags/example_skip_dag.py for tasks to queue
[2022-09-24T20:03:24.146+0000] {logging_mixin.py:117} INFO - [2022-09-24T20:03:24.145+0000] {dagbag.py:525} INFO - Filling up the DagBag from /home/airflow/.local/lib/python3.7/site-packages/airflow/example_dags/example_skip_dag.py
[2022-09-24T20:03:24.229+0000] {processor.py:768} INFO - DAG(s) dict_keys(['example_skip_dag']) retrieved from /home/airflow/.local/lib/python3.7/site-packages/airflow/example_dags/example_skip_dag.py
[2022-09-24T20:03:24.577+0000] {logging_mixin.py:117} INFO - [2022-09-24T20:03:24.575+0000] {dag.py:2573} INFO - Sync 1 DAGs
[2022-09-24T20:03:24.776+0000] {logging_mixin.py:117} INFO - [2022-09-24T20:03:24.776+0000] {dag.py:3328} INFO - Setting next_dagrun for example_skip_dag to 2022-09-23T20:03:24.776075+00:00, run_after=2022-09-24T20:03:24.776075+00:00
[2022-09-24T20:03:24.945+0000] {processor.py:178} INFO - Processing /home/airflow/.local/lib/python3.7/site-packages/airflow/example_dags/example_skip_dag.py took 0.833 seconds
[2022-09-24T20:03:55.279+0000] {processor.py:156} INFO - Started process (PID=5179) to work on /home/airflow/.local/lib/python3.7/site-packages/airflow/example_dags/example_skip_dag.py
[2022-09-24T20:03:55.289+0000] {processor.py:758} INFO - Processing file /home/airflow/.local/lib/python3.7/site-packages/airflow/example_dags/example_skip_dag.py for tasks to queue
[2022-09-24T20:03:55.338+0000] {logging_mixin.py:117} INFO - [2022-09-24T20:03:55.337+0000] {dagbag.py:525} INFO - Filling up the DagBag from /home/airflow/.local/lib/python3.7/site-packages/airflow/example_dags/example_skip_dag.py
[2022-09-24T20:03:55.496+0000] {processor.py:768} INFO - DAG(s) dict_keys(['example_skip_dag']) retrieved from /home/airflow/.local/lib/python3.7/site-packages/airflow/example_dags/example_skip_dag.py
[2022-09-24T20:03:56.114+0000] {logging_mixin.py:117} INFO - [2022-09-24T20:03:56.114+0000] {dag.py:2573} INFO - Sync 1 DAGs
[2022-09-24T20:03:56.316+0000] {logging_mixin.py:117} INFO - [2022-09-24T20:03:56.315+0000] {dag.py:3328} INFO - Setting next_dagrun for example_skip_dag to 2022-09-23T20:03:56.314943+00:00, run_after=2022-09-24T20:03:56.314943+00:00
[2022-09-24T20:03:56.459+0000] {processor.py:178} INFO - Processing /home/airflow/.local/lib/python3.7/site-packages/airflow/example_dags/example_skip_dag.py took 1.259 seconds
[2022-09-24T20:04:26.552+0000] {processor.py:156} INFO - Started process (PID=5374) to work on /home/airflow/.local/lib/python3.7/site-packages/airflow/example_dags/example_skip_dag.py
[2022-09-24T20:04:26.557+0000] {processor.py:758} INFO - Processing file /home/airflow/.local/lib/python3.7/site-packages/airflow/example_dags/example_skip_dag.py for tasks to queue
[2022-09-24T20:04:26.560+0000] {logging_mixin.py:117} INFO - [2022-09-24T20:04:26.559+0000] {dagbag.py:525} INFO - Filling up the DagBag from /home/airflow/.local/lib/python3.7/site-packages/airflow/example_dags/example_skip_dag.py
[2022-09-24T20:04:26.595+0000] {processor.py:768} INFO - DAG(s) dict_keys(['example_skip_dag']) retrieved from /home/airflow/.local/lib/python3.7/site-packages/airflow/example_dags/example_skip_dag.py
[2022-09-24T20:04:26.695+0000] {logging_mixin.py:117} INFO - [2022-09-24T20:04:26.695+0000] {dag.py:2573} INFO - Sync 1 DAGs
[2022-09-24T20:04:26.749+0000] {logging_mixin.py:117} INFO - [2022-09-24T20:04:26.748+0000] {dag.py:3328} INFO - Setting next_dagrun for example_skip_dag to 2022-09-23T20:04:26.748538+00:00, run_after=2022-09-24T20:04:26.748538+00:00
[2022-09-24T20:04:26.789+0000] {processor.py:178} INFO - Processing /home/airflow/.local/lib/python3.7/site-packages/airflow/example_dags/example_skip_dag.py took 0.242 seconds
[2022-09-24T20:04:57.362+0000] {processor.py:156} INFO - Started process (PID=5570) to work on /home/airflow/.local/lib/python3.7/site-packages/airflow/example_dags/example_skip_dag.py
[2022-09-24T20:04:57.369+0000] {processor.py:758} INFO - Processing file /home/airflow/.local/lib/python3.7/site-packages/airflow/example_dags/example_skip_dag.py for tasks to queue
[2022-09-24T20:04:57.378+0000] {logging_mixin.py:117} INFO - [2022-09-24T20:04:57.374+0000] {dagbag.py:525} INFO - Filling up the DagBag from /home/airflow/.local/lib/python3.7/site-packages/airflow/example_dags/example_skip_dag.py
[2022-09-24T20:04:57.554+0000] {processor.py:768} INFO - DAG(s) dict_keys(['example_skip_dag']) retrieved from /home/airflow/.local/lib/python3.7/site-packages/airflow/example_dags/example_skip_dag.py
[2022-09-24T20:04:57.825+0000] {logging_mixin.py:117} INFO - [2022-09-24T20:04:57.824+0000] {dag.py:2573} INFO - Sync 1 DAGs
[2022-09-24T20:04:58.013+0000] {logging_mixin.py:117} INFO - [2022-09-24T20:04:58.012+0000] {dag.py:3328} INFO - Setting next_dagrun for example_skip_dag to 2022-09-23T20:04:58.011689+00:00, run_after=2022-09-24T20:04:58.011689+00:00
[2022-09-24T20:04:58.122+0000] {processor.py:178} INFO - Processing /home/airflow/.local/lib/python3.7/site-packages/airflow/example_dags/example_skip_dag.py took 0.777 seconds
[2022-09-24T20:05:28.808+0000] {processor.py:156} INFO - Started process (PID=5770) to work on /home/airflow/.local/lib/python3.7/site-packages/airflow/example_dags/example_skip_dag.py
[2022-09-24T20:05:28.811+0000] {processor.py:758} INFO - Processing file /home/airflow/.local/lib/python3.7/site-packages/airflow/example_dags/example_skip_dag.py for tasks to queue
[2022-09-24T20:05:28.816+0000] {logging_mixin.py:117} INFO - [2022-09-24T20:05:28.815+0000] {dagbag.py:525} INFO - Filling up the DagBag from /home/airflow/.local/lib/python3.7/site-packages/airflow/example_dags/example_skip_dag.py
[2022-09-24T20:05:28.856+0000] {processor.py:768} INFO - DAG(s) dict_keys(['example_skip_dag']) retrieved from /home/airflow/.local/lib/python3.7/site-packages/airflow/example_dags/example_skip_dag.py
[2022-09-24T20:05:28.958+0000] {logging_mixin.py:117} INFO - [2022-09-24T20:05:28.958+0000] {dag.py:2573} INFO - Sync 1 DAGs
[2022-09-24T20:05:29.023+0000] {logging_mixin.py:117} INFO - [2022-09-24T20:05:29.023+0000] {dag.py:3328} INFO - Setting next_dagrun for example_skip_dag to 2022-09-23T20:05:29.022960+00:00, run_after=2022-09-24T20:05:29.022960+00:00
[2022-09-24T20:05:29.078+0000] {processor.py:178} INFO - Processing /home/airflow/.local/lib/python3.7/site-packages/airflow/example_dags/example_skip_dag.py took 0.282 seconds
[2022-09-24T20:05:59.896+0000] {processor.py:156} INFO - Started process (PID=5959) to work on /home/airflow/.local/lib/python3.7/site-packages/airflow/example_dags/example_skip_dag.py
[2022-09-24T20:05:59.908+0000] {processor.py:758} INFO - Processing file /home/airflow/.local/lib/python3.7/site-packages/airflow/example_dags/example_skip_dag.py for tasks to queue
[2022-09-24T20:06:00.028+0000] {logging_mixin.py:117} INFO - [2022-09-24T20:06:00.028+0000] {dagbag.py:525} INFO - Filling up the DagBag from /home/airflow/.local/lib/python3.7/site-packages/airflow/example_dags/example_skip_dag.py
[2022-09-24T20:06:00.262+0000] {processor.py:768} INFO - DAG(s) dict_keys(['example_skip_dag']) retrieved from /home/airflow/.local/lib/python3.7/site-packages/airflow/example_dags/example_skip_dag.py
[2022-09-24T20:06:00.792+0000] {logging_mixin.py:117} INFO - [2022-09-24T20:06:00.792+0000] {dag.py:2573} INFO - Sync 1 DAGs
[2022-09-24T20:06:01.076+0000] {logging_mixin.py:117} INFO - [2022-09-24T20:06:01.075+0000] {dag.py:3328} INFO - Setting next_dagrun for example_skip_dag to 2022-09-23T20:06:01.075034+00:00, run_after=2022-09-24T20:06:01.075034+00:00
[2022-09-24T20:06:01.186+0000] {processor.py:178} INFO - Processing /home/airflow/.local/lib/python3.7/site-packages/airflow/example_dags/example_skip_dag.py took 1.297 seconds
[2022-09-24T20:06:32.348+0000] {processor.py:156} INFO - Started process (PID=6156) to work on /home/airflow/.local/lib/python3.7/site-packages/airflow/example_dags/example_skip_dag.py
[2022-09-24T20:06:32.358+0000] {processor.py:758} INFO - Processing file /home/airflow/.local/lib/python3.7/site-packages/airflow/example_dags/example_skip_dag.py for tasks to queue
[2022-09-24T20:06:32.369+0000] {logging_mixin.py:117} INFO - [2022-09-24T20:06:32.368+0000] {dagbag.py:525} INFO - Filling up the DagBag from /home/airflow/.local/lib/python3.7/site-packages/airflow/example_dags/example_skip_dag.py
[2022-09-24T20:06:32.429+0000] {processor.py:768} INFO - DAG(s) dict_keys(['example_skip_dag']) retrieved from /home/airflow/.local/lib/python3.7/site-packages/airflow/example_dags/example_skip_dag.py
[2022-09-24T20:06:32.541+0000] {logging_mixin.py:117} INFO - [2022-09-24T20:06:32.540+0000] {dag.py:2573} INFO - Sync 1 DAGs
[2022-09-24T20:06:32.643+0000] {logging_mixin.py:117} INFO - [2022-09-24T20:06:32.642+0000] {dag.py:3328} INFO - Setting next_dagrun for example_skip_dag to 2022-09-23T20:06:32.637635+00:00, run_after=2022-09-24T20:06:32.637635+00:00
[2022-09-24T20:06:32.712+0000] {processor.py:178} INFO - Processing /home/airflow/.local/lib/python3.7/site-packages/airflow/example_dags/example_skip_dag.py took 0.377 seconds
[2022-09-24T20:07:02.948+0000] {processor.py:156} INFO - Started process (PID=6354) to work on /home/airflow/.local/lib/python3.7/site-packages/airflow/example_dags/example_skip_dag.py
[2022-09-24T20:07:02.952+0000] {processor.py:758} INFO - Processing file /home/airflow/.local/lib/python3.7/site-packages/airflow/example_dags/example_skip_dag.py for tasks to queue
[2022-09-24T20:07:02.955+0000] {logging_mixin.py:117} INFO - [2022-09-24T20:07:02.954+0000] {dagbag.py:525} INFO - Filling up the DagBag from /home/airflow/.local/lib/python3.7/site-packages/airflow/example_dags/example_skip_dag.py
[2022-09-24T20:07:03.007+0000] {processor.py:768} INFO - DAG(s) dict_keys(['example_skip_dag']) retrieved from /home/airflow/.local/lib/python3.7/site-packages/airflow/example_dags/example_skip_dag.py
[2022-09-24T20:07:03.190+0000] {logging_mixin.py:117} INFO - [2022-09-24T20:07:03.189+0000] {dag.py:2573} INFO - Sync 1 DAGs
[2022-09-24T20:07:03.249+0000] {logging_mixin.py:117} INFO - [2022-09-24T20:07:03.249+0000] {dag.py:3328} INFO - Setting next_dagrun for example_skip_dag to 2022-09-23T20:07:03.248672+00:00, run_after=2022-09-24T20:07:03.248672+00:00
[2022-09-24T20:07:03.286+0000] {processor.py:178} INFO - Processing /home/airflow/.local/lib/python3.7/site-packages/airflow/example_dags/example_skip_dag.py took 0.344 seconds
[2022-09-24T20:07:34.173+0000] {processor.py:156} INFO - Started process (PID=6562) to work on /home/airflow/.local/lib/python3.7/site-packages/airflow/example_dags/example_skip_dag.py
[2022-09-24T20:07:34.177+0000] {processor.py:758} INFO - Processing file /home/airflow/.local/lib/python3.7/site-packages/airflow/example_dags/example_skip_dag.py for tasks to queue
[2022-09-24T20:07:34.180+0000] {logging_mixin.py:117} INFO - [2022-09-24T20:07:34.179+0000] {dagbag.py:525} INFO - Filling up the DagBag from /home/airflow/.local/lib/python3.7/site-packages/airflow/example_dags/example_skip_dag.py
[2022-09-24T20:07:34.214+0000] {processor.py:768} INFO - DAG(s) dict_keys(['example_skip_dag']) retrieved from /home/airflow/.local/lib/python3.7/site-packages/airflow/example_dags/example_skip_dag.py
[2022-09-24T20:07:34.296+0000] {logging_mixin.py:117} INFO - [2022-09-24T20:07:34.296+0000] {dag.py:2573} INFO - Sync 1 DAGs
[2022-09-24T20:07:34.346+0000] {logging_mixin.py:117} INFO - [2022-09-24T20:07:34.346+0000] {dag.py:3328} INFO - Setting next_dagrun for example_skip_dag to 2022-09-23T20:07:34.345653+00:00, run_after=2022-09-24T20:07:34.345653+00:00
[2022-09-24T20:07:34.387+0000] {processor.py:178} INFO - Processing /home/airflow/.local/lib/python3.7/site-packages/airflow/example_dags/example_skip_dag.py took 0.220 seconds
[2022-09-24T20:08:05.046+0000] {processor.py:156} INFO - Started process (PID=6760) to work on /home/airflow/.local/lib/python3.7/site-packages/airflow/example_dags/example_skip_dag.py
[2022-09-24T20:08:05.055+0000] {processor.py:758} INFO - Processing file /home/airflow/.local/lib/python3.7/site-packages/airflow/example_dags/example_skip_dag.py for tasks to queue
[2022-09-24T20:08:05.062+0000] {logging_mixin.py:117} INFO - [2022-09-24T20:08:05.061+0000] {dagbag.py:525} INFO - Filling up the DagBag from /home/airflow/.local/lib/python3.7/site-packages/airflow/example_dags/example_skip_dag.py
[2022-09-24T20:08:05.145+0000] {processor.py:768} INFO - DAG(s) dict_keys(['example_skip_dag']) retrieved from /home/airflow/.local/lib/python3.7/site-packages/airflow/example_dags/example_skip_dag.py
[2022-09-24T20:08:05.332+0000] {logging_mixin.py:117} INFO - [2022-09-24T20:08:05.332+0000] {dag.py:2573} INFO - Sync 1 DAGs
[2022-09-24T20:08:05.426+0000] {logging_mixin.py:117} INFO - [2022-09-24T20:08:05.426+0000] {dag.py:3328} INFO - Setting next_dagrun for example_skip_dag to 2022-09-23T20:08:05.426165+00:00, run_after=2022-09-24T20:08:05.426165+00:00
[2022-09-24T20:08:05.493+0000] {processor.py:178} INFO - Processing /home/airflow/.local/lib/python3.7/site-packages/airflow/example_dags/example_skip_dag.py took 0.471 seconds
[2022-09-24T20:08:36.023+0000] {processor.py:156} INFO - Started process (PID=6968) to work on /home/airflow/.local/lib/python3.7/site-packages/airflow/example_dags/example_skip_dag.py
[2022-09-24T20:08:36.033+0000] {processor.py:758} INFO - Processing file /home/airflow/.local/lib/python3.7/site-packages/airflow/example_dags/example_skip_dag.py for tasks to queue
[2022-09-24T20:08:36.039+0000] {logging_mixin.py:117} INFO - [2022-09-24T20:08:36.038+0000] {dagbag.py:525} INFO - Filling up the DagBag from /home/airflow/.local/lib/python3.7/site-packages/airflow/example_dags/example_skip_dag.py
[2022-09-24T20:08:36.119+0000] {processor.py:768} INFO - DAG(s) dict_keys(['example_skip_dag']) retrieved from /home/airflow/.local/lib/python3.7/site-packages/airflow/example_dags/example_skip_dag.py
[2022-09-24T20:08:36.381+0000] {logging_mixin.py:117} INFO - [2022-09-24T20:08:36.381+0000] {dag.py:2573} INFO - Sync 1 DAGs
[2022-09-24T20:08:36.444+0000] {logging_mixin.py:117} INFO - [2022-09-24T20:08:36.443+0000] {dag.py:3328} INFO - Setting next_dagrun for example_skip_dag to 2022-09-23T20:08:36.443359+00:00, run_after=2022-09-24T20:08:36.443359+00:00
[2022-09-24T20:08:36.481+0000] {processor.py:178} INFO - Processing /home/airflow/.local/lib/python3.7/site-packages/airflow/example_dags/example_skip_dag.py took 0.501 seconds
[2022-09-24T20:09:07.108+0000] {processor.py:156} INFO - Started process (PID=7167) to work on /home/airflow/.local/lib/python3.7/site-packages/airflow/example_dags/example_skip_dag.py
[2022-09-24T20:09:07.115+0000] {processor.py:758} INFO - Processing file /home/airflow/.local/lib/python3.7/site-packages/airflow/example_dags/example_skip_dag.py for tasks to queue
[2022-09-24T20:09:07.118+0000] {logging_mixin.py:117} INFO - [2022-09-24T20:09:07.117+0000] {dagbag.py:525} INFO - Filling up the DagBag from /home/airflow/.local/lib/python3.7/site-packages/airflow/example_dags/example_skip_dag.py
[2022-09-24T20:09:07.179+0000] {processor.py:768} INFO - DAG(s) dict_keys(['example_skip_dag']) retrieved from /home/airflow/.local/lib/python3.7/site-packages/airflow/example_dags/example_skip_dag.py
[2022-09-24T20:09:07.262+0000] {logging_mixin.py:117} INFO - [2022-09-24T20:09:07.261+0000] {dag.py:2573} INFO - Sync 1 DAGs
[2022-09-24T20:09:07.320+0000] {logging_mixin.py:117} INFO - [2022-09-24T20:09:07.320+0000] {dag.py:3328} INFO - Setting next_dagrun for example_skip_dag to 2022-09-23T20:09:07.320023+00:00, run_after=2022-09-24T20:09:07.320023+00:00
[2022-09-24T20:09:07.367+0000] {processor.py:178} INFO - Processing /home/airflow/.local/lib/python3.7/site-packages/airflow/example_dags/example_skip_dag.py took 0.269 seconds
[2022-09-24T20:09:38.320+0000] {processor.py:156} INFO - Started process (PID=7366) to work on /home/airflow/.local/lib/python3.7/site-packages/airflow/example_dags/example_skip_dag.py
[2022-09-24T20:09:38.324+0000] {processor.py:758} INFO - Processing file /home/airflow/.local/lib/python3.7/site-packages/airflow/example_dags/example_skip_dag.py for tasks to queue
[2022-09-24T20:09:38.328+0000] {logging_mixin.py:117} INFO - [2022-09-24T20:09:38.328+0000] {dagbag.py:525} INFO - Filling up the DagBag from /home/airflow/.local/lib/python3.7/site-packages/airflow/example_dags/example_skip_dag.py
[2022-09-24T20:09:38.381+0000] {processor.py:768} INFO - DAG(s) dict_keys(['example_skip_dag']) retrieved from /home/airflow/.local/lib/python3.7/site-packages/airflow/example_dags/example_skip_dag.py
[2022-09-24T20:09:38.468+0000] {logging_mixin.py:117} INFO - [2022-09-24T20:09:38.468+0000] {dag.py:2573} INFO - Sync 1 DAGs
[2022-09-24T20:09:38.521+0000] {logging_mixin.py:117} INFO - [2022-09-24T20:09:38.521+0000] {dag.py:3328} INFO - Setting next_dagrun for example_skip_dag to 2022-09-23T20:09:38.520645+00:00, run_after=2022-09-24T20:09:38.520645+00:00
[2022-09-24T20:09:38.558+0000] {processor.py:178} INFO - Processing /home/airflow/.local/lib/python3.7/site-packages/airflow/example_dags/example_skip_dag.py took 0.249 seconds
[2022-09-24T20:10:09.014+0000] {processor.py:156} INFO - Started process (PID=7573) to work on /home/airflow/.local/lib/python3.7/site-packages/airflow/example_dags/example_skip_dag.py
[2022-09-24T20:10:09.017+0000] {processor.py:758} INFO - Processing file /home/airflow/.local/lib/python3.7/site-packages/airflow/example_dags/example_skip_dag.py for tasks to queue
[2022-09-24T20:10:09.026+0000] {logging_mixin.py:117} INFO - [2022-09-24T20:10:09.023+0000] {dagbag.py:525} INFO - Filling up the DagBag from /home/airflow/.local/lib/python3.7/site-packages/airflow/example_dags/example_skip_dag.py
[2022-09-24T20:10:09.077+0000] {processor.py:768} INFO - DAG(s) dict_keys(['example_skip_dag']) retrieved from /home/airflow/.local/lib/python3.7/site-packages/airflow/example_dags/example_skip_dag.py
[2022-09-24T20:10:09.177+0000] {logging_mixin.py:117} INFO - [2022-09-24T20:10:09.177+0000] {dag.py:2573} INFO - Sync 1 DAGs
[2022-09-24T20:10:09.239+0000] {logging_mixin.py:117} INFO - [2022-09-24T20:10:09.239+0000] {dag.py:3328} INFO - Setting next_dagrun for example_skip_dag to 2022-09-23T20:10:09.239351+00:00, run_after=2022-09-24T20:10:09.239351+00:00
[2022-09-24T20:10:09.317+0000] {processor.py:178} INFO - Processing /home/airflow/.local/lib/python3.7/site-packages/airflow/example_dags/example_skip_dag.py took 0.311 seconds
[2022-09-24T20:10:39.515+0000] {processor.py:156} INFO - Started process (PID=7771) to work on /home/airflow/.local/lib/python3.7/site-packages/airflow/example_dags/example_skip_dag.py
[2022-09-24T20:10:39.520+0000] {processor.py:758} INFO - Processing file /home/airflow/.local/lib/python3.7/site-packages/airflow/example_dags/example_skip_dag.py for tasks to queue
[2022-09-24T20:10:39.524+0000] {logging_mixin.py:117} INFO - [2022-09-24T20:10:39.523+0000] {dagbag.py:525} INFO - Filling up the DagBag from /home/airflow/.local/lib/python3.7/site-packages/airflow/example_dags/example_skip_dag.py
[2022-09-24T20:10:39.560+0000] {processor.py:768} INFO - DAG(s) dict_keys(['example_skip_dag']) retrieved from /home/airflow/.local/lib/python3.7/site-packages/airflow/example_dags/example_skip_dag.py
[2022-09-24T20:10:39.653+0000] {logging_mixin.py:117} INFO - [2022-09-24T20:10:39.653+0000] {dag.py:2573} INFO - Sync 1 DAGs
[2022-09-24T20:10:39.703+0000] {logging_mixin.py:117} INFO - [2022-09-24T20:10:39.702+0000] {dag.py:3328} INFO - Setting next_dagrun for example_skip_dag to 2022-09-23T20:10:39.702132+00:00, run_after=2022-09-24T20:10:39.702132+00:00
[2022-09-24T20:10:39.759+0000] {processor.py:178} INFO - Processing /home/airflow/.local/lib/python3.7/site-packages/airflow/example_dags/example_skip_dag.py took 0.258 seconds
[2022-09-24T20:11:10.119+0000] {processor.py:156} INFO - Started process (PID=7975) to work on /home/airflow/.local/lib/python3.7/site-packages/airflow/example_dags/example_skip_dag.py
[2022-09-24T20:11:10.123+0000] {processor.py:758} INFO - Processing file /home/airflow/.local/lib/python3.7/site-packages/airflow/example_dags/example_skip_dag.py for tasks to queue
[2022-09-24T20:11:10.125+0000] {logging_mixin.py:117} INFO - [2022-09-24T20:11:10.125+0000] {dagbag.py:525} INFO - Filling up the DagBag from /home/airflow/.local/lib/python3.7/site-packages/airflow/example_dags/example_skip_dag.py
[2022-09-24T20:11:10.166+0000] {processor.py:768} INFO - DAG(s) dict_keys(['example_skip_dag']) retrieved from /home/airflow/.local/lib/python3.7/site-packages/airflow/example_dags/example_skip_dag.py
[2022-09-24T20:11:10.290+0000] {logging_mixin.py:117} INFO - [2022-09-24T20:11:10.289+0000] {dag.py:2573} INFO - Sync 1 DAGs
[2022-09-24T20:11:10.424+0000] {logging_mixin.py:117} INFO - [2022-09-24T20:11:10.424+0000] {dag.py:3328} INFO - Setting next_dagrun for example_skip_dag to 2022-09-23T20:11:10.423217+00:00, run_after=2022-09-24T20:11:10.423217+00:00
[2022-09-24T20:11:10.510+0000] {processor.py:178} INFO - Processing /home/airflow/.local/lib/python3.7/site-packages/airflow/example_dags/example_skip_dag.py took 0.402 seconds
[2022-09-24T20:11:41.461+0000] {processor.py:156} INFO - Started process (PID=8168) to work on /home/airflow/.local/lib/python3.7/site-packages/airflow/example_dags/example_skip_dag.py
[2022-09-24T20:11:41.467+0000] {processor.py:758} INFO - Processing file /home/airflow/.local/lib/python3.7/site-packages/airflow/example_dags/example_skip_dag.py for tasks to queue
[2022-09-24T20:11:41.593+0000] {logging_mixin.py:117} INFO - [2022-09-24T20:11:41.592+0000] {dagbag.py:525} INFO - Filling up the DagBag from /home/airflow/.local/lib/python3.7/site-packages/airflow/example_dags/example_skip_dag.py
[2022-09-24T20:11:41.678+0000] {processor.py:768} INFO - DAG(s) dict_keys(['example_skip_dag']) retrieved from /home/airflow/.local/lib/python3.7/site-packages/airflow/example_dags/example_skip_dag.py
[2022-09-24T20:11:41.859+0000] {logging_mixin.py:117} INFO - [2022-09-24T20:11:41.858+0000] {dag.py:2573} INFO - Sync 1 DAGs
[2022-09-24T20:11:42.164+0000] {logging_mixin.py:117} INFO - [2022-09-24T20:11:42.164+0000] {dag.py:3328} INFO - Setting next_dagrun for example_skip_dag to 2022-09-23T20:11:42.163799+00:00, run_after=2022-09-24T20:11:42.163799+00:00
[2022-09-24T20:11:42.286+0000] {processor.py:178} INFO - Processing /home/airflow/.local/lib/python3.7/site-packages/airflow/example_dags/example_skip_dag.py took 0.851 seconds
[2022-09-24T20:12:12.570+0000] {processor.py:156} INFO - Started process (PID=8368) to work on /home/airflow/.local/lib/python3.7/site-packages/airflow/example_dags/example_skip_dag.py
[2022-09-24T20:12:12.574+0000] {processor.py:758} INFO - Processing file /home/airflow/.local/lib/python3.7/site-packages/airflow/example_dags/example_skip_dag.py for tasks to queue
[2022-09-24T20:12:12.576+0000] {logging_mixin.py:117} INFO - [2022-09-24T20:12:12.576+0000] {dagbag.py:525} INFO - Filling up the DagBag from /home/airflow/.local/lib/python3.7/site-packages/airflow/example_dags/example_skip_dag.py
[2022-09-24T20:12:12.609+0000] {processor.py:768} INFO - DAG(s) dict_keys(['example_skip_dag']) retrieved from /home/airflow/.local/lib/python3.7/site-packages/airflow/example_dags/example_skip_dag.py
[2022-09-24T20:12:12.704+0000] {logging_mixin.py:117} INFO - [2022-09-24T20:12:12.703+0000] {dag.py:2573} INFO - Sync 1 DAGs
[2022-09-24T20:12:12.760+0000] {logging_mixin.py:117} INFO - [2022-09-24T20:12:12.759+0000] {dag.py:3328} INFO - Setting next_dagrun for example_skip_dag to 2022-09-23T20:12:12.759165+00:00, run_after=2022-09-24T20:12:12.759165+00:00
[2022-09-24T20:12:12.808+0000] {processor.py:178} INFO - Processing /home/airflow/.local/lib/python3.7/site-packages/airflow/example_dags/example_skip_dag.py took 0.246 seconds
[2022-09-24T20:12:43.437+0000] {processor.py:156} INFO - Started process (PID=8556) to work on /home/airflow/.local/lib/python3.7/site-packages/airflow/example_dags/example_skip_dag.py
[2022-09-24T20:12:43.440+0000] {processor.py:758} INFO - Processing file /home/airflow/.local/lib/python3.7/site-packages/airflow/example_dags/example_skip_dag.py for tasks to queue
[2022-09-24T20:12:43.443+0000] {logging_mixin.py:117} INFO - [2022-09-24T20:12:43.443+0000] {dagbag.py:525} INFO - Filling up the DagBag from /home/airflow/.local/lib/python3.7/site-packages/airflow/example_dags/example_skip_dag.py
[2022-09-24T20:12:43.483+0000] {processor.py:768} INFO - DAG(s) dict_keys(['example_skip_dag']) retrieved from /home/airflow/.local/lib/python3.7/site-packages/airflow/example_dags/example_skip_dag.py
[2022-09-24T20:12:43.572+0000] {logging_mixin.py:117} INFO - [2022-09-24T20:12:43.571+0000] {dag.py:2573} INFO - Sync 1 DAGs
[2022-09-24T20:12:43.691+0000] {logging_mixin.py:117} INFO - [2022-09-24T20:12:43.691+0000] {dag.py:3328} INFO - Setting next_dagrun for example_skip_dag to 2022-09-23T20:12:43.690647+00:00, run_after=2022-09-24T20:12:43.690647+00:00
[2022-09-24T20:12:43.767+0000] {processor.py:178} INFO - Processing /home/airflow/.local/lib/python3.7/site-packages/airflow/example_dags/example_skip_dag.py took 0.345 seconds
[2022-09-24T20:13:14.452+0000] {processor.py:156} INFO - Started process (PID=8754) to work on /home/airflow/.local/lib/python3.7/site-packages/airflow/example_dags/example_skip_dag.py
[2022-09-24T20:13:14.457+0000] {processor.py:758} INFO - Processing file /home/airflow/.local/lib/python3.7/site-packages/airflow/example_dags/example_skip_dag.py for tasks to queue
[2022-09-24T20:13:14.464+0000] {logging_mixin.py:117} INFO - [2022-09-24T20:13:14.462+0000] {dagbag.py:525} INFO - Filling up the DagBag from /home/airflow/.local/lib/python3.7/site-packages/airflow/example_dags/example_skip_dag.py
[2022-09-24T20:13:14.508+0000] {processor.py:768} INFO - DAG(s) dict_keys(['example_skip_dag']) retrieved from /home/airflow/.local/lib/python3.7/site-packages/airflow/example_dags/example_skip_dag.py
[2022-09-24T20:13:14.649+0000] {logging_mixin.py:117} INFO - [2022-09-24T20:13:14.648+0000] {dag.py:2573} INFO - Sync 1 DAGs
[2022-09-24T20:13:14.715+0000] {logging_mixin.py:117} INFO - [2022-09-24T20:13:14.715+0000] {dag.py:3328} INFO - Setting next_dagrun for example_skip_dag to 2022-09-23T20:13:14.714786+00:00, run_after=2022-09-24T20:13:14.714786+00:00
[2022-09-24T20:13:14.797+0000] {processor.py:178} INFO - Processing /home/airflow/.local/lib/python3.7/site-packages/airflow/example_dags/example_skip_dag.py took 0.351 seconds
[2022-09-24T20:13:45.815+0000] {processor.py:156} INFO - Started process (PID=8958) to work on /home/airflow/.local/lib/python3.7/site-packages/airflow/example_dags/example_skip_dag.py
[2022-09-24T20:13:45.821+0000] {processor.py:758} INFO - Processing file /home/airflow/.local/lib/python3.7/site-packages/airflow/example_dags/example_skip_dag.py for tasks to queue
[2022-09-24T20:13:45.836+0000] {logging_mixin.py:117} INFO - [2022-09-24T20:13:45.833+0000] {dagbag.py:525} INFO - Filling up the DagBag from /home/airflow/.local/lib/python3.7/site-packages/airflow/example_dags/example_skip_dag.py
[2022-09-24T20:13:45.963+0000] {processor.py:768} INFO - DAG(s) dict_keys(['example_skip_dag']) retrieved from /home/airflow/.local/lib/python3.7/site-packages/airflow/example_dags/example_skip_dag.py
[2022-09-24T20:13:47.573+0000] {logging_mixin.py:117} INFO - [2022-09-24T20:13:47.573+0000] {dag.py:2573} INFO - Sync 1 DAGs
[2022-09-24T20:13:47.774+0000] {logging_mixin.py:117} INFO - [2022-09-24T20:13:47.774+0000] {dag.py:3328} INFO - Setting next_dagrun for example_skip_dag to 2022-09-23T20:13:47.774025+00:00, run_after=2022-09-24T20:13:47.774025+00:00
[2022-09-24T20:13:47.929+0000] {processor.py:178} INFO - Processing /home/airflow/.local/lib/python3.7/site-packages/airflow/example_dags/example_skip_dag.py took 2.155 seconds
[2022-09-24T20:14:25.285+0000] {processor.py:156} INFO - Started process (PID=9157) to work on /home/airflow/.local/lib/python3.7/site-packages/airflow/example_dags/example_skip_dag.py
[2022-09-24T20:14:25.304+0000] {processor.py:758} INFO - Processing file /home/airflow/.local/lib/python3.7/site-packages/airflow/example_dags/example_skip_dag.py for tasks to queue
[2022-09-24T20:14:25.318+0000] {logging_mixin.py:117} INFO - [2022-09-24T20:14:25.316+0000] {dagbag.py:525} INFO - Filling up the DagBag from /home/airflow/.local/lib/python3.7/site-packages/airflow/example_dags/example_skip_dag.py
[2022-09-24T20:14:25.476+0000] {processor.py:768} INFO - DAG(s) dict_keys(['example_skip_dag']) retrieved from /home/airflow/.local/lib/python3.7/site-packages/airflow/example_dags/example_skip_dag.py
[2022-09-24T20:14:25.859+0000] {logging_mixin.py:117} INFO - [2022-09-24T20:14:25.858+0000] {dag.py:2573} INFO - Sync 1 DAGs
[2022-09-24T20:14:26.057+0000] {logging_mixin.py:117} INFO - [2022-09-24T20:14:26.052+0000] {dag.py:3328} INFO - Setting next_dagrun for example_skip_dag to 2022-09-23T20:14:26.051633+00:00, run_after=2022-09-24T20:14:26.051633+00:00
[2022-09-24T20:14:26.400+0000] {processor.py:178} INFO - Processing /home/airflow/.local/lib/python3.7/site-packages/airflow/example_dags/example_skip_dag.py took 0.984 seconds
[2022-09-24T20:14:56.686+0000] {processor.py:156} INFO - Started process (PID=9355) to work on /home/airflow/.local/lib/python3.7/site-packages/airflow/example_dags/example_skip_dag.py
[2022-09-24T20:14:56.690+0000] {processor.py:758} INFO - Processing file /home/airflow/.local/lib/python3.7/site-packages/airflow/example_dags/example_skip_dag.py for tasks to queue
[2022-09-24T20:14:56.694+0000] {logging_mixin.py:117} INFO - [2022-09-24T20:14:56.693+0000] {dagbag.py:525} INFO - Filling up the DagBag from /home/airflow/.local/lib/python3.7/site-packages/airflow/example_dags/example_skip_dag.py
[2022-09-24T20:14:56.733+0000] {processor.py:768} INFO - DAG(s) dict_keys(['example_skip_dag']) retrieved from /home/airflow/.local/lib/python3.7/site-packages/airflow/example_dags/example_skip_dag.py
[2022-09-24T20:14:56.822+0000] {logging_mixin.py:117} INFO - [2022-09-24T20:14:56.821+0000] {dag.py:2573} INFO - Sync 1 DAGs
[2022-09-24T20:14:56.885+0000] {logging_mixin.py:117} INFO - [2022-09-24T20:14:56.885+0000] {dag.py:3328} INFO - Setting next_dagrun for example_skip_dag to 2022-09-23T20:14:56.885339+00:00, run_after=2022-09-24T20:14:56.885339+00:00
[2022-09-24T20:14:56.951+0000] {processor.py:178} INFO - Processing /home/airflow/.local/lib/python3.7/site-packages/airflow/example_dags/example_skip_dag.py took 0.274 seconds
[2022-09-24T20:15:27.462+0000] {processor.py:156} INFO - Started process (PID=9550) to work on /home/airflow/.local/lib/python3.7/site-packages/airflow/example_dags/example_skip_dag.py
[2022-09-24T20:15:27.466+0000] {processor.py:758} INFO - Processing file /home/airflow/.local/lib/python3.7/site-packages/airflow/example_dags/example_skip_dag.py for tasks to queue
[2022-09-24T20:15:27.470+0000] {logging_mixin.py:117} INFO - [2022-09-24T20:15:27.469+0000] {dagbag.py:525} INFO - Filling up the DagBag from /home/airflow/.local/lib/python3.7/site-packages/airflow/example_dags/example_skip_dag.py
[2022-09-24T20:15:27.544+0000] {processor.py:768} INFO - DAG(s) dict_keys(['example_skip_dag']) retrieved from /home/airflow/.local/lib/python3.7/site-packages/airflow/example_dags/example_skip_dag.py
[2022-09-24T20:15:27.646+0000] {logging_mixin.py:117} INFO - [2022-09-24T20:15:27.646+0000] {dag.py:2573} INFO - Sync 1 DAGs
[2022-09-24T20:15:27.718+0000] {logging_mixin.py:117} INFO - [2022-09-24T20:15:27.718+0000] {dag.py:3328} INFO - Setting next_dagrun for example_skip_dag to 2022-09-23T20:15:27.718357+00:00, run_after=2022-09-24T20:15:27.718357+00:00
[2022-09-24T20:15:27.782+0000] {processor.py:178} INFO - Processing /home/airflow/.local/lib/python3.7/site-packages/airflow/example_dags/example_skip_dag.py took 0.332 seconds
[2022-09-24T20:15:58.028+0000] {processor.py:156} INFO - Started process (PID=9741) to work on /home/airflow/.local/lib/python3.7/site-packages/airflow/example_dags/example_skip_dag.py
[2022-09-24T20:15:58.033+0000] {processor.py:758} INFO - Processing file /home/airflow/.local/lib/python3.7/site-packages/airflow/example_dags/example_skip_dag.py for tasks to queue
[2022-09-24T20:15:58.037+0000] {logging_mixin.py:117} INFO - [2022-09-24T20:15:58.037+0000] {dagbag.py:525} INFO - Filling up the DagBag from /home/airflow/.local/lib/python3.7/site-packages/airflow/example_dags/example_skip_dag.py
[2022-09-24T20:15:58.082+0000] {processor.py:768} INFO - DAG(s) dict_keys(['example_skip_dag']) retrieved from /home/airflow/.local/lib/python3.7/site-packages/airflow/example_dags/example_skip_dag.py
[2022-09-24T20:15:58.226+0000] {logging_mixin.py:117} INFO - [2022-09-24T20:15:58.226+0000] {dag.py:2573} INFO - Sync 1 DAGs
[2022-09-24T20:15:58.288+0000] {logging_mixin.py:117} INFO - [2022-09-24T20:15:58.288+0000] {dag.py:3328} INFO - Setting next_dagrun for example_skip_dag to 2022-09-23T20:15:58.287760+00:00, run_after=2022-09-24T20:15:58.287760+00:00
[2022-09-24T20:15:58.353+0000] {processor.py:178} INFO - Processing /home/airflow/.local/lib/python3.7/site-packages/airflow/example_dags/example_skip_dag.py took 0.336 seconds
[2022-09-24T20:16:28.560+0000] {processor.py:156} INFO - Started process (PID=9941) to work on /home/airflow/.local/lib/python3.7/site-packages/airflow/example_dags/example_skip_dag.py
[2022-09-24T20:16:28.566+0000] {processor.py:758} INFO - Processing file /home/airflow/.local/lib/python3.7/site-packages/airflow/example_dags/example_skip_dag.py for tasks to queue
[2022-09-24T20:16:28.572+0000] {logging_mixin.py:117} INFO - [2022-09-24T20:16:28.570+0000] {dagbag.py:525} INFO - Filling up the DagBag from /home/airflow/.local/lib/python3.7/site-packages/airflow/example_dags/example_skip_dag.py
[2022-09-24T20:16:28.724+0000] {processor.py:768} INFO - DAG(s) dict_keys(['example_skip_dag']) retrieved from /home/airflow/.local/lib/python3.7/site-packages/airflow/example_dags/example_skip_dag.py
[2022-09-24T20:16:28.931+0000] {logging_mixin.py:117} INFO - [2022-09-24T20:16:28.931+0000] {dag.py:2573} INFO - Sync 1 DAGs
[2022-09-24T20:16:29.090+0000] {logging_mixin.py:117} INFO - [2022-09-24T20:16:29.089+0000] {dag.py:3328} INFO - Setting next_dagrun for example_skip_dag to 2022-09-23T20:16:29.089447+00:00, run_after=2022-09-24T20:16:29.089447+00:00
[2022-09-24T20:16:29.157+0000] {processor.py:178} INFO - Processing /home/airflow/.local/lib/python3.7/site-packages/airflow/example_dags/example_skip_dag.py took 0.617 seconds
[2022-09-24T20:16:59.739+0000] {processor.py:156} INFO - Started process (PID=10140) to work on /home/airflow/.local/lib/python3.7/site-packages/airflow/example_dags/example_skip_dag.py
[2022-09-24T20:16:59.745+0000] {processor.py:758} INFO - Processing file /home/airflow/.local/lib/python3.7/site-packages/airflow/example_dags/example_skip_dag.py for tasks to queue
[2022-09-24T20:16:59.751+0000] {logging_mixin.py:117} INFO - [2022-09-24T20:16:59.750+0000] {dagbag.py:525} INFO - Filling up the DagBag from /home/airflow/.local/lib/python3.7/site-packages/airflow/example_dags/example_skip_dag.py
[2022-09-24T20:16:59.795+0000] {processor.py:768} INFO - DAG(s) dict_keys(['example_skip_dag']) retrieved from /home/airflow/.local/lib/python3.7/site-packages/airflow/example_dags/example_skip_dag.py
[2022-09-24T20:16:59.875+0000] {logging_mixin.py:117} INFO - [2022-09-24T20:16:59.874+0000] {dag.py:2573} INFO - Sync 1 DAGs
[2022-09-24T20:16:59.925+0000] {logging_mixin.py:117} INFO - [2022-09-24T20:16:59.925+0000] {dag.py:3328} INFO - Setting next_dagrun for example_skip_dag to 2022-09-23T20:16:59.924979+00:00, run_after=2022-09-24T20:16:59.924979+00:00
[2022-09-24T20:16:59.968+0000] {processor.py:178} INFO - Processing /home/airflow/.local/lib/python3.7/site-packages/airflow/example_dags/example_skip_dag.py took 0.239 seconds
[2022-09-24T20:17:30.323+0000] {processor.py:156} INFO - Started process (PID=10338) to work on /home/airflow/.local/lib/python3.7/site-packages/airflow/example_dags/example_skip_dag.py
[2022-09-24T20:17:30.327+0000] {processor.py:758} INFO - Processing file /home/airflow/.local/lib/python3.7/site-packages/airflow/example_dags/example_skip_dag.py for tasks to queue
[2022-09-24T20:17:30.329+0000] {logging_mixin.py:117} INFO - [2022-09-24T20:17:30.329+0000] {dagbag.py:525} INFO - Filling up the DagBag from /home/airflow/.local/lib/python3.7/site-packages/airflow/example_dags/example_skip_dag.py
[2022-09-24T20:17:30.365+0000] {processor.py:768} INFO - DAG(s) dict_keys(['example_skip_dag']) retrieved from /home/airflow/.local/lib/python3.7/site-packages/airflow/example_dags/example_skip_dag.py
[2022-09-24T20:17:30.460+0000] {logging_mixin.py:117} INFO - [2022-09-24T20:17:30.460+0000] {dag.py:2573} INFO - Sync 1 DAGs
[2022-09-24T20:17:30.513+0000] {logging_mixin.py:117} INFO - [2022-09-24T20:17:30.513+0000] {dag.py:3328} INFO - Setting next_dagrun for example_skip_dag to 2022-09-23T20:17:30.512765+00:00, run_after=2022-09-24T20:17:30.512765+00:00
[2022-09-24T20:17:30.564+0000] {processor.py:178} INFO - Processing /home/airflow/.local/lib/python3.7/site-packages/airflow/example_dags/example_skip_dag.py took 0.252 seconds
[2022-09-24T20:18:01.479+0000] {processor.py:156} INFO - Started process (PID=10541) to work on /home/airflow/.local/lib/python3.7/site-packages/airflow/example_dags/example_skip_dag.py
[2022-09-24T20:18:01.527+0000] {processor.py:758} INFO - Processing file /home/airflow/.local/lib/python3.7/site-packages/airflow/example_dags/example_skip_dag.py for tasks to queue
[2022-09-24T20:18:01.540+0000] {logging_mixin.py:117} INFO - [2022-09-24T20:18:01.539+0000] {dagbag.py:525} INFO - Filling up the DagBag from /home/airflow/.local/lib/python3.7/site-packages/airflow/example_dags/example_skip_dag.py
[2022-09-24T20:18:01.698+0000] {processor.py:768} INFO - DAG(s) dict_keys(['example_skip_dag']) retrieved from /home/airflow/.local/lib/python3.7/site-packages/airflow/example_dags/example_skip_dag.py
[2022-09-24T20:18:01.935+0000] {logging_mixin.py:117} INFO - [2022-09-24T20:18:01.935+0000] {dag.py:2573} INFO - Sync 1 DAGs
[2022-09-24T20:18:02.062+0000] {logging_mixin.py:117} INFO - [2022-09-24T20:18:02.062+0000] {dag.py:3328} INFO - Setting next_dagrun for example_skip_dag to 2022-09-23T20:18:02.061637+00:00, run_after=2022-09-24T20:18:02.061637+00:00
[2022-09-24T20:18:02.143+0000] {processor.py:178} INFO - Processing /home/airflow/.local/lib/python3.7/site-packages/airflow/example_dags/example_skip_dag.py took 0.674 seconds
[2022-09-24T20:18:32.448+0000] {processor.py:156} INFO - Started process (PID=10734) to work on /home/airflow/.local/lib/python3.7/site-packages/airflow/example_dags/example_skip_dag.py
[2022-09-24T20:18:32.451+0000] {processor.py:758} INFO - Processing file /home/airflow/.local/lib/python3.7/site-packages/airflow/example_dags/example_skip_dag.py for tasks to queue
[2022-09-24T20:18:32.455+0000] {logging_mixin.py:117} INFO - [2022-09-24T20:18:32.454+0000] {dagbag.py:525} INFO - Filling up the DagBag from /home/airflow/.local/lib/python3.7/site-packages/airflow/example_dags/example_skip_dag.py
[2022-09-24T20:18:32.487+0000] {processor.py:768} INFO - DAG(s) dict_keys(['example_skip_dag']) retrieved from /home/airflow/.local/lib/python3.7/site-packages/airflow/example_dags/example_skip_dag.py
[2022-09-24T20:18:32.586+0000] {logging_mixin.py:117} INFO - [2022-09-24T20:18:32.586+0000] {dag.py:2573} INFO - Sync 1 DAGs
[2022-09-24T20:18:32.642+0000] {logging_mixin.py:117} INFO - [2022-09-24T20:18:32.642+0000] {dag.py:3328} INFO - Setting next_dagrun for example_skip_dag to 2022-09-23T20:18:32.641707+00:00, run_after=2022-09-24T20:18:32.641707+00:00
[2022-09-24T20:18:32.677+0000] {processor.py:178} INFO - Processing /home/airflow/.local/lib/python3.7/site-packages/airflow/example_dags/example_skip_dag.py took 0.235 seconds
[2022-09-24T20:19:02.892+0000] {processor.py:156} INFO - Started process (PID=10939) to work on /home/airflow/.local/lib/python3.7/site-packages/airflow/example_dags/example_skip_dag.py
[2022-09-24T20:19:02.896+0000] {processor.py:758} INFO - Processing file /home/airflow/.local/lib/python3.7/site-packages/airflow/example_dags/example_skip_dag.py for tasks to queue
[2022-09-24T20:19:02.905+0000] {logging_mixin.py:117} INFO - [2022-09-24T20:19:02.903+0000] {dagbag.py:525} INFO - Filling up the DagBag from /home/airflow/.local/lib/python3.7/site-packages/airflow/example_dags/example_skip_dag.py
[2022-09-24T20:19:02.954+0000] {processor.py:768} INFO - DAG(s) dict_keys(['example_skip_dag']) retrieved from /home/airflow/.local/lib/python3.7/site-packages/airflow/example_dags/example_skip_dag.py
[2022-09-24T20:19:03.075+0000] {logging_mixin.py:117} INFO - [2022-09-24T20:19:03.074+0000] {dag.py:2573} INFO - Sync 1 DAGs
[2022-09-24T20:19:03.150+0000] {logging_mixin.py:117} INFO - [2022-09-24T20:19:03.149+0000] {dag.py:3328} INFO - Setting next_dagrun for example_skip_dag to 2022-09-23T20:19:03.149376+00:00, run_after=2022-09-24T20:19:03.149376+00:00
[2022-09-24T20:19:03.203+0000] {processor.py:178} INFO - Processing /home/airflow/.local/lib/python3.7/site-packages/airflow/example_dags/example_skip_dag.py took 0.321 seconds
[2022-09-24T20:19:33.525+0000] {processor.py:156} INFO - Started process (PID=11141) to work on /home/airflow/.local/lib/python3.7/site-packages/airflow/example_dags/example_skip_dag.py
[2022-09-24T20:19:33.530+0000] {processor.py:758} INFO - Processing file /home/airflow/.local/lib/python3.7/site-packages/airflow/example_dags/example_skip_dag.py for tasks to queue
[2022-09-24T20:19:33.535+0000] {logging_mixin.py:117} INFO - [2022-09-24T20:19:33.535+0000] {dagbag.py:525} INFO - Filling up the DagBag from /home/airflow/.local/lib/python3.7/site-packages/airflow/example_dags/example_skip_dag.py
[2022-09-24T20:19:33.577+0000] {processor.py:768} INFO - DAG(s) dict_keys(['example_skip_dag']) retrieved from /home/airflow/.local/lib/python3.7/site-packages/airflow/example_dags/example_skip_dag.py
[2022-09-24T20:19:33.667+0000] {logging_mixin.py:117} INFO - [2022-09-24T20:19:33.667+0000] {dag.py:2573} INFO - Sync 1 DAGs
[2022-09-24T20:19:33.716+0000] {logging_mixin.py:117} INFO - [2022-09-24T20:19:33.716+0000] {dag.py:3328} INFO - Setting next_dagrun for example_skip_dag to 2022-09-23T20:19:33.715569+00:00, run_after=2022-09-24T20:19:33.715569+00:00
[2022-09-24T20:19:33.760+0000] {processor.py:178} INFO - Processing /home/airflow/.local/lib/python3.7/site-packages/airflow/example_dags/example_skip_dag.py took 0.241 seconds
[2022-09-24T20:20:03.989+0000] {processor.py:156} INFO - Started process (PID=11337) to work on /home/airflow/.local/lib/python3.7/site-packages/airflow/example_dags/example_skip_dag.py
[2022-09-24T20:20:03.994+0000] {processor.py:758} INFO - Processing file /home/airflow/.local/lib/python3.7/site-packages/airflow/example_dags/example_skip_dag.py for tasks to queue
[2022-09-24T20:20:03.998+0000] {logging_mixin.py:117} INFO - [2022-09-24T20:20:03.997+0000] {dagbag.py:525} INFO - Filling up the DagBag from /home/airflow/.local/lib/python3.7/site-packages/airflow/example_dags/example_skip_dag.py
[2022-09-24T20:20:04.037+0000] {processor.py:768} INFO - DAG(s) dict_keys(['example_skip_dag']) retrieved from /home/airflow/.local/lib/python3.7/site-packages/airflow/example_dags/example_skip_dag.py
[2022-09-24T20:20:04.137+0000] {logging_mixin.py:117} INFO - [2022-09-24T20:20:04.137+0000] {dag.py:2573} INFO - Sync 1 DAGs
[2022-09-24T20:20:04.199+0000] {logging_mixin.py:117} INFO - [2022-09-24T20:20:04.199+0000] {dag.py:3328} INFO - Setting next_dagrun for example_skip_dag to 2022-09-23T20:20:04.198777+00:00, run_after=2022-09-24T20:20:04.198777+00:00
[2022-09-24T20:20:04.252+0000] {processor.py:178} INFO - Processing /home/airflow/.local/lib/python3.7/site-packages/airflow/example_dags/example_skip_dag.py took 0.270 seconds
[2022-09-24T20:20:34.569+0000] {processor.py:156} INFO - Started process (PID=11537) to work on /home/airflow/.local/lib/python3.7/site-packages/airflow/example_dags/example_skip_dag.py
[2022-09-24T20:20:34.572+0000] {processor.py:758} INFO - Processing file /home/airflow/.local/lib/python3.7/site-packages/airflow/example_dags/example_skip_dag.py for tasks to queue
[2022-09-24T20:20:34.576+0000] {logging_mixin.py:117} INFO - [2022-09-24T20:20:34.575+0000] {dagbag.py:525} INFO - Filling up the DagBag from /home/airflow/.local/lib/python3.7/site-packages/airflow/example_dags/example_skip_dag.py
[2022-09-24T20:20:34.609+0000] {processor.py:768} INFO - DAG(s) dict_keys(['example_skip_dag']) retrieved from /home/airflow/.local/lib/python3.7/site-packages/airflow/example_dags/example_skip_dag.py
[2022-09-24T20:20:34.682+0000] {logging_mixin.py:117} INFO - [2022-09-24T20:20:34.681+0000] {dag.py:2573} INFO - Sync 1 DAGs
[2022-09-24T20:20:34.732+0000] {logging_mixin.py:117} INFO - [2022-09-24T20:20:34.732+0000] {dag.py:3328} INFO - Setting next_dagrun for example_skip_dag to 2022-09-23T20:20:34.731704+00:00, run_after=2022-09-24T20:20:34.731704+00:00
[2022-09-24T20:20:34.783+0000] {processor.py:178} INFO - Processing /home/airflow/.local/lib/python3.7/site-packages/airflow/example_dags/example_skip_dag.py took 0.220 seconds
[2022-09-24T20:21:05.089+0000] {processor.py:156} INFO - Started process (PID=11742) to work on /home/airflow/.local/lib/python3.7/site-packages/airflow/example_dags/example_skip_dag.py
[2022-09-24T20:21:05.093+0000] {processor.py:758} INFO - Processing file /home/airflow/.local/lib/python3.7/site-packages/airflow/example_dags/example_skip_dag.py for tasks to queue
[2022-09-24T20:21:05.100+0000] {logging_mixin.py:117} INFO - [2022-09-24T20:21:05.099+0000] {dagbag.py:525} INFO - Filling up the DagBag from /home/airflow/.local/lib/python3.7/site-packages/airflow/example_dags/example_skip_dag.py
[2022-09-24T20:21:05.146+0000] {processor.py:768} INFO - DAG(s) dict_keys(['example_skip_dag']) retrieved from /home/airflow/.local/lib/python3.7/site-packages/airflow/example_dags/example_skip_dag.py
[2022-09-24T20:21:05.282+0000] {logging_mixin.py:117} INFO - [2022-09-24T20:21:05.281+0000] {dag.py:2573} INFO - Sync 1 DAGs
[2022-09-24T20:21:05.366+0000] {logging_mixin.py:117} INFO - [2022-09-24T20:21:05.365+0000] {dag.py:3328} INFO - Setting next_dagrun for example_skip_dag to 2022-09-23T20:21:05.365331+00:00, run_after=2022-09-24T20:21:05.365331+00:00
[2022-09-24T20:21:05.428+0000] {processor.py:178} INFO - Processing /home/airflow/.local/lib/python3.7/site-packages/airflow/example_dags/example_skip_dag.py took 0.355 seconds
[2022-09-24T20:21:35.569+0000] {processor.py:156} INFO - Started process (PID=11937) to work on /home/airflow/.local/lib/python3.7/site-packages/airflow/example_dags/example_skip_dag.py
[2022-09-24T20:21:35.573+0000] {processor.py:758} INFO - Processing file /home/airflow/.local/lib/python3.7/site-packages/airflow/example_dags/example_skip_dag.py for tasks to queue
[2022-09-24T20:21:35.575+0000] {logging_mixin.py:117} INFO - [2022-09-24T20:21:35.575+0000] {dagbag.py:525} INFO - Filling up the DagBag from /home/airflow/.local/lib/python3.7/site-packages/airflow/example_dags/example_skip_dag.py
[2022-09-24T20:21:35.603+0000] {processor.py:768} INFO - DAG(s) dict_keys(['example_skip_dag']) retrieved from /home/airflow/.local/lib/python3.7/site-packages/airflow/example_dags/example_skip_dag.py
[2022-09-24T20:21:35.677+0000] {logging_mixin.py:117} INFO - [2022-09-24T20:21:35.677+0000] {dag.py:2573} INFO - Sync 1 DAGs
[2022-09-24T20:21:35.775+0000] {logging_mixin.py:117} INFO - [2022-09-24T20:21:35.775+0000] {dag.py:3328} INFO - Setting next_dagrun for example_skip_dag to 2022-09-23T20:21:35.775106+00:00, run_after=2022-09-24T20:21:35.775106+00:00
[2022-09-24T20:21:35.887+0000] {processor.py:178} INFO - Processing /home/airflow/.local/lib/python3.7/site-packages/airflow/example_dags/example_skip_dag.py took 0.325 seconds
