[2022-09-24T19:50:55.617+0000] {processor.py:156} INFO - Started process (PID=299) to work on /home/airflow/.local/lib/python3.7/site-packages/airflow/example_dags/example_short_circuit_decorator.py
[2022-09-24T19:50:55.628+0000] {processor.py:758} INFO - Processing file /home/airflow/.local/lib/python3.7/site-packages/airflow/example_dags/example_short_circuit_decorator.py for tasks to queue
[2022-09-24T19:50:55.637+0000] {logging_mixin.py:117} INFO - [2022-09-24T19:50:55.636+0000] {dagbag.py:525} INFO - Filling up the DagBag from /home/airflow/.local/lib/python3.7/site-packages/airflow/example_dags/example_short_circuit_decorator.py
[2022-09-24T19:50:55.828+0000] {processor.py:768} INFO - DAG(s) dict_keys(['example_short_circuit_decorator']) retrieved from /home/airflow/.local/lib/python3.7/site-packages/airflow/example_dags/example_short_circuit_decorator.py
[2022-09-24T19:50:56.120+0000] {logging_mixin.py:117} INFO - [2022-09-24T19:50:56.110+0000] {dag.py:2573} INFO - Sync 1 DAGs
[2022-09-24T19:50:56.314+0000] {logging_mixin.py:117} INFO - [2022-09-24T19:50:56.313+0000] {dag.py:3328} INFO - Setting next_dagrun for example_short_circuit_decorator to 2022-09-23T19:50:56.313305+00:00, run_after=2022-09-24T19:50:56.313305+00:00
[2022-09-24T19:50:56.435+0000] {processor.py:178} INFO - Processing /home/airflow/.local/lib/python3.7/site-packages/airflow/example_dags/example_short_circuit_decorator.py took 0.838 seconds
[2022-09-24T19:51:27.977+0000] {processor.py:156} INFO - Started process (PID=497) to work on /home/airflow/.local/lib/python3.7/site-packages/airflow/example_dags/example_short_circuit_decorator.py
[2022-09-24T19:51:27.990+0000] {processor.py:758} INFO - Processing file /home/airflow/.local/lib/python3.7/site-packages/airflow/example_dags/example_short_circuit_decorator.py for tasks to queue
[2022-09-24T19:51:27.992+0000] {logging_mixin.py:117} INFO - [2022-09-24T19:51:27.992+0000] {dagbag.py:525} INFO - Filling up the DagBag from /home/airflow/.local/lib/python3.7/site-packages/airflow/example_dags/example_short_circuit_decorator.py
[2022-09-24T19:51:28.129+0000] {processor.py:768} INFO - DAG(s) dict_keys(['example_short_circuit_decorator']) retrieved from /home/airflow/.local/lib/python3.7/site-packages/airflow/example_dags/example_short_circuit_decorator.py
[2022-09-24T19:51:29.000+0000] {logging_mixin.py:117} INFO - [2022-09-24T19:51:29.000+0000] {dag.py:2573} INFO - Sync 1 DAGs
[2022-09-24T19:51:29.293+0000] {logging_mixin.py:117} INFO - [2022-09-24T19:51:29.290+0000] {dag.py:3328} INFO - Setting next_dagrun for example_short_circuit_decorator to 2022-09-23T19:51:29.289129+00:00, run_after=2022-09-24T19:51:29.289129+00:00
[2022-09-24T19:51:29.756+0000] {processor.py:178} INFO - Processing /home/airflow/.local/lib/python3.7/site-packages/airflow/example_dags/example_short_circuit_decorator.py took 1.794 seconds
[2022-09-24T19:52:04.920+0000] {processor.py:156} INFO - Started process (PID=697) to work on /home/airflow/.local/lib/python3.7/site-packages/airflow/example_dags/example_short_circuit_decorator.py
[2022-09-24T19:52:04.932+0000] {processor.py:758} INFO - Processing file /home/airflow/.local/lib/python3.7/site-packages/airflow/example_dags/example_short_circuit_decorator.py for tasks to queue
[2022-09-24T19:52:04.938+0000] {logging_mixin.py:117} INFO - [2022-09-24T19:52:04.937+0000] {dagbag.py:525} INFO - Filling up the DagBag from /home/airflow/.local/lib/python3.7/site-packages/airflow/example_dags/example_short_circuit_decorator.py
[2022-09-24T19:52:05.047+0000] {processor.py:768} INFO - DAG(s) dict_keys(['example_short_circuit_decorator']) retrieved from /home/airflow/.local/lib/python3.7/site-packages/airflow/example_dags/example_short_circuit_decorator.py
[2022-09-24T19:52:05.206+0000] {logging_mixin.py:117} INFO - [2022-09-24T19:52:05.206+0000] {dag.py:2573} INFO - Sync 1 DAGs
[2022-09-24T19:52:05.619+0000] {logging_mixin.py:117} INFO - [2022-09-24T19:52:05.618+0000] {dag.py:3328} INFO - Setting next_dagrun for example_short_circuit_decorator to 2022-09-23T19:52:05.618536+00:00, run_after=2022-09-24T19:52:05.618536+00:00
[2022-09-24T19:52:05.668+0000] {processor.py:178} INFO - Processing /home/airflow/.local/lib/python3.7/site-packages/airflow/example_dags/example_short_circuit_decorator.py took 0.767 seconds
[2022-09-24T19:52:36.137+0000] {processor.py:156} INFO - Started process (PID=895) to work on /home/airflow/.local/lib/python3.7/site-packages/airflow/example_dags/example_short_circuit_decorator.py
[2022-09-24T19:52:36.153+0000] {processor.py:758} INFO - Processing file /home/airflow/.local/lib/python3.7/site-packages/airflow/example_dags/example_short_circuit_decorator.py for tasks to queue
[2022-09-24T19:52:36.159+0000] {logging_mixin.py:117} INFO - [2022-09-24T19:52:36.159+0000] {dagbag.py:525} INFO - Filling up the DagBag from /home/airflow/.local/lib/python3.7/site-packages/airflow/example_dags/example_short_circuit_decorator.py
[2022-09-24T19:52:36.324+0000] {processor.py:768} INFO - DAG(s) dict_keys(['example_short_circuit_decorator']) retrieved from /home/airflow/.local/lib/python3.7/site-packages/airflow/example_dags/example_short_circuit_decorator.py
[2022-09-24T19:52:36.890+0000] {logging_mixin.py:117} INFO - [2022-09-24T19:52:36.890+0000] {dag.py:2573} INFO - Sync 1 DAGs
[2022-09-24T19:52:36.956+0000] {logging_mixin.py:117} INFO - [2022-09-24T19:52:36.956+0000] {dag.py:3328} INFO - Setting next_dagrun for example_short_circuit_decorator to 2022-09-23T19:52:36.955736+00:00, run_after=2022-09-24T19:52:36.955736+00:00
[2022-09-24T19:52:37.004+0000] {processor.py:178} INFO - Processing /home/airflow/.local/lib/python3.7/site-packages/airflow/example_dags/example_short_circuit_decorator.py took 0.893 seconds
[2022-09-24T19:53:07.482+0000] {processor.py:156} INFO - Started process (PID=1100) to work on /home/airflow/.local/lib/python3.7/site-packages/airflow/example_dags/example_short_circuit_decorator.py
[2022-09-24T19:53:07.485+0000] {processor.py:758} INFO - Processing file /home/airflow/.local/lib/python3.7/site-packages/airflow/example_dags/example_short_circuit_decorator.py for tasks to queue
[2022-09-24T19:53:07.490+0000] {logging_mixin.py:117} INFO - [2022-09-24T19:53:07.490+0000] {dagbag.py:525} INFO - Filling up the DagBag from /home/airflow/.local/lib/python3.7/site-packages/airflow/example_dags/example_short_circuit_decorator.py
[2022-09-24T19:53:07.593+0000] {processor.py:768} INFO - DAG(s) dict_keys(['example_short_circuit_decorator']) retrieved from /home/airflow/.local/lib/python3.7/site-packages/airflow/example_dags/example_short_circuit_decorator.py
[2022-09-24T19:53:08.198+0000] {logging_mixin.py:117} INFO - [2022-09-24T19:53:08.198+0000] {dag.py:2573} INFO - Sync 1 DAGs
[2022-09-24T19:53:08.390+0000] {logging_mixin.py:117} INFO - [2022-09-24T19:53:08.390+0000] {dag.py:3328} INFO - Setting next_dagrun for example_short_circuit_decorator to 2022-09-23T19:53:08.382346+00:00, run_after=2022-09-24T19:53:08.382346+00:00
[2022-09-24T19:53:08.509+0000] {processor.py:178} INFO - Processing /home/airflow/.local/lib/python3.7/site-packages/airflow/example_dags/example_short_circuit_decorator.py took 1.047 seconds
[2022-09-24T19:53:40.364+0000] {processor.py:156} INFO - Started process (PID=1292) to work on /home/airflow/.local/lib/python3.7/site-packages/airflow/example_dags/example_short_circuit_decorator.py
[2022-09-24T19:53:40.369+0000] {processor.py:758} INFO - Processing file /home/airflow/.local/lib/python3.7/site-packages/airflow/example_dags/example_short_circuit_decorator.py for tasks to queue
[2022-09-24T19:53:40.375+0000] {logging_mixin.py:117} INFO - [2022-09-24T19:53:40.374+0000] {dagbag.py:525} INFO - Filling up the DagBag from /home/airflow/.local/lib/python3.7/site-packages/airflow/example_dags/example_short_circuit_decorator.py
[2022-09-24T19:53:40.473+0000] {processor.py:768} INFO - DAG(s) dict_keys(['example_short_circuit_decorator']) retrieved from /home/airflow/.local/lib/python3.7/site-packages/airflow/example_dags/example_short_circuit_decorator.py
[2022-09-24T19:53:40.751+0000] {logging_mixin.py:117} INFO - [2022-09-24T19:53:40.751+0000] {dag.py:2573} INFO - Sync 1 DAGs
[2022-09-24T19:53:40.823+0000] {logging_mixin.py:117} INFO - [2022-09-24T19:53:40.823+0000] {dag.py:3328} INFO - Setting next_dagrun for example_short_circuit_decorator to 2022-09-23T19:53:40.822667+00:00, run_after=2022-09-24T19:53:40.822667+00:00
[2022-09-24T19:53:40.976+0000] {processor.py:178} INFO - Processing /home/airflow/.local/lib/python3.7/site-packages/airflow/example_dags/example_short_circuit_decorator.py took 0.622 seconds
[2022-09-24T19:54:11.740+0000] {processor.py:156} INFO - Started process (PID=1497) to work on /home/airflow/.local/lib/python3.7/site-packages/airflow/example_dags/example_short_circuit_decorator.py
[2022-09-24T19:54:11.747+0000] {processor.py:758} INFO - Processing file /home/airflow/.local/lib/python3.7/site-packages/airflow/example_dags/example_short_circuit_decorator.py for tasks to queue
[2022-09-24T19:54:11.769+0000] {logging_mixin.py:117} INFO - [2022-09-24T19:54:11.768+0000] {dagbag.py:525} INFO - Filling up the DagBag from /home/airflow/.local/lib/python3.7/site-packages/airflow/example_dags/example_short_circuit_decorator.py
[2022-09-24T19:54:12.245+0000] {processor.py:768} INFO - DAG(s) dict_keys(['example_short_circuit_decorator']) retrieved from /home/airflow/.local/lib/python3.7/site-packages/airflow/example_dags/example_short_circuit_decorator.py
[2022-09-24T19:54:12.347+0000] {logging_mixin.py:117} INFO - [2022-09-24T19:54:12.347+0000] {dag.py:2573} INFO - Sync 1 DAGs
[2022-09-24T19:54:12.466+0000] {logging_mixin.py:117} INFO - [2022-09-24T19:54:12.466+0000] {dag.py:3328} INFO - Setting next_dagrun for example_short_circuit_decorator to 2022-09-23T19:54:12.466004+00:00, run_after=2022-09-24T19:54:12.466004+00:00
[2022-09-24T19:54:12.533+0000] {processor.py:178} INFO - Processing /home/airflow/.local/lib/python3.7/site-packages/airflow/example_dags/example_short_circuit_decorator.py took 0.850 seconds
[2022-09-24T19:54:43.471+0000] {processor.py:156} INFO - Started process (PID=1695) to work on /home/airflow/.local/lib/python3.7/site-packages/airflow/example_dags/example_short_circuit_decorator.py
[2022-09-24T19:54:43.486+0000] {processor.py:758} INFO - Processing file /home/airflow/.local/lib/python3.7/site-packages/airflow/example_dags/example_short_circuit_decorator.py for tasks to queue
[2022-09-24T19:54:43.502+0000] {logging_mixin.py:117} INFO - [2022-09-24T19:54:43.502+0000] {dagbag.py:525} INFO - Filling up the DagBag from /home/airflow/.local/lib/python3.7/site-packages/airflow/example_dags/example_short_circuit_decorator.py
[2022-09-24T19:54:43.633+0000] {processor.py:768} INFO - DAG(s) dict_keys(['example_short_circuit_decorator']) retrieved from /home/airflow/.local/lib/python3.7/site-packages/airflow/example_dags/example_short_circuit_decorator.py
[2022-09-24T19:54:43.898+0000] {logging_mixin.py:117} INFO - [2022-09-24T19:54:43.898+0000] {dag.py:2573} INFO - Sync 1 DAGs
[2022-09-24T19:54:44.030+0000] {logging_mixin.py:117} INFO - [2022-09-24T19:54:44.030+0000] {dag.py:3328} INFO - Setting next_dagrun for example_short_circuit_decorator to 2022-09-23T19:54:44.030002+00:00, run_after=2022-09-24T19:54:44.030002+00:00
[2022-09-24T19:54:44.088+0000] {processor.py:178} INFO - Processing /home/airflow/.local/lib/python3.7/site-packages/airflow/example_dags/example_short_circuit_decorator.py took 0.629 seconds
[2022-09-24T19:55:14.222+0000] {processor.py:156} INFO - Started process (PID=1892) to work on /home/airflow/.local/lib/python3.7/site-packages/airflow/example_dags/example_short_circuit_decorator.py
[2022-09-24T19:55:14.228+0000] {processor.py:758} INFO - Processing file /home/airflow/.local/lib/python3.7/site-packages/airflow/example_dags/example_short_circuit_decorator.py for tasks to queue
[2022-09-24T19:55:14.246+0000] {logging_mixin.py:117} INFO - [2022-09-24T19:55:14.246+0000] {dagbag.py:525} INFO - Filling up the DagBag from /home/airflow/.local/lib/python3.7/site-packages/airflow/example_dags/example_short_circuit_decorator.py
[2022-09-24T19:55:14.327+0000] {processor.py:768} INFO - DAG(s) dict_keys(['example_short_circuit_decorator']) retrieved from /home/airflow/.local/lib/python3.7/site-packages/airflow/example_dags/example_short_circuit_decorator.py
[2022-09-24T19:55:14.440+0000] {logging_mixin.py:117} INFO - [2022-09-24T19:55:14.439+0000] {dag.py:2573} INFO - Sync 1 DAGs
[2022-09-24T19:55:14.509+0000] {logging_mixin.py:117} INFO - [2022-09-24T19:55:14.509+0000] {dag.py:3328} INFO - Setting next_dagrun for example_short_circuit_decorator to 2022-09-23T19:55:14.509146+00:00, run_after=2022-09-24T19:55:14.509146+00:00
[2022-09-24T19:55:14.552+0000] {processor.py:178} INFO - Processing /home/airflow/.local/lib/python3.7/site-packages/airflow/example_dags/example_short_circuit_decorator.py took 0.343 seconds
[2022-09-24T19:55:45.723+0000] {processor.py:156} INFO - Started process (PID=2090) to work on /home/airflow/.local/lib/python3.7/site-packages/airflow/example_dags/example_short_circuit_decorator.py
[2022-09-24T19:55:45.734+0000] {processor.py:758} INFO - Processing file /home/airflow/.local/lib/python3.7/site-packages/airflow/example_dags/example_short_circuit_decorator.py for tasks to queue
[2022-09-24T19:55:45.751+0000] {logging_mixin.py:117} INFO - [2022-09-24T19:55:45.751+0000] {dagbag.py:525} INFO - Filling up the DagBag from /home/airflow/.local/lib/python3.7/site-packages/airflow/example_dags/example_short_circuit_decorator.py
[2022-09-24T19:55:46.166+0000] {processor.py:768} INFO - DAG(s) dict_keys(['example_short_circuit_decorator']) retrieved from /home/airflow/.local/lib/python3.7/site-packages/airflow/example_dags/example_short_circuit_decorator.py
[2022-09-24T19:55:46.424+0000] {logging_mixin.py:117} INFO - [2022-09-24T19:55:46.424+0000] {dag.py:2573} INFO - Sync 1 DAGs
[2022-09-24T19:55:46.477+0000] {logging_mixin.py:117} INFO - [2022-09-24T19:55:46.477+0000] {dag.py:3328} INFO - Setting next_dagrun for example_short_circuit_decorator to 2022-09-23T19:55:46.477265+00:00, run_after=2022-09-24T19:55:46.477265+00:00
[2022-09-24T19:55:46.525+0000] {processor.py:178} INFO - Processing /home/airflow/.local/lib/python3.7/site-packages/airflow/example_dags/example_short_circuit_decorator.py took 0.816 seconds
[2022-09-24T19:56:16.959+0000] {processor.py:156} INFO - Started process (PID=2288) to work on /home/airflow/.local/lib/python3.7/site-packages/airflow/example_dags/example_short_circuit_decorator.py
[2022-09-24T19:56:16.963+0000] {processor.py:758} INFO - Processing file /home/airflow/.local/lib/python3.7/site-packages/airflow/example_dags/example_short_circuit_decorator.py for tasks to queue
[2022-09-24T19:56:16.969+0000] {logging_mixin.py:117} INFO - [2022-09-24T19:56:16.969+0000] {dagbag.py:525} INFO - Filling up the DagBag from /home/airflow/.local/lib/python3.7/site-packages/airflow/example_dags/example_short_circuit_decorator.py
[2022-09-24T19:56:17.084+0000] {processor.py:768} INFO - DAG(s) dict_keys(['example_short_circuit_decorator']) retrieved from /home/airflow/.local/lib/python3.7/site-packages/airflow/example_dags/example_short_circuit_decorator.py
[2022-09-24T19:56:17.376+0000] {logging_mixin.py:117} INFO - [2022-09-24T19:56:17.376+0000] {dag.py:2573} INFO - Sync 1 DAGs
[2022-09-24T19:56:17.505+0000] {logging_mixin.py:117} INFO - [2022-09-24T19:56:17.505+0000] {dag.py:3328} INFO - Setting next_dagrun for example_short_circuit_decorator to 2022-09-23T19:56:17.504841+00:00, run_after=2022-09-24T19:56:17.504841+00:00
[2022-09-24T19:56:17.589+0000] {processor.py:178} INFO - Processing /home/airflow/.local/lib/python3.7/site-packages/airflow/example_dags/example_short_circuit_decorator.py took 0.645 seconds
[2022-09-24T19:56:47.975+0000] {processor.py:156} INFO - Started process (PID=2488) to work on /home/airflow/.local/lib/python3.7/site-packages/airflow/example_dags/example_short_circuit_decorator.py
[2022-09-24T19:56:47.979+0000] {processor.py:758} INFO - Processing file /home/airflow/.local/lib/python3.7/site-packages/airflow/example_dags/example_short_circuit_decorator.py for tasks to queue
[2022-09-24T19:56:47.981+0000] {logging_mixin.py:117} INFO - [2022-09-24T19:56:47.981+0000] {dagbag.py:525} INFO - Filling up the DagBag from /home/airflow/.local/lib/python3.7/site-packages/airflow/example_dags/example_short_circuit_decorator.py
[2022-09-24T19:56:48.030+0000] {processor.py:768} INFO - DAG(s) dict_keys(['example_short_circuit_decorator']) retrieved from /home/airflow/.local/lib/python3.7/site-packages/airflow/example_dags/example_short_circuit_decorator.py
[2022-09-24T19:56:48.107+0000] {logging_mixin.py:117} INFO - [2022-09-24T19:56:48.107+0000] {dag.py:2573} INFO - Sync 1 DAGs
[2022-09-24T19:56:48.154+0000] {logging_mixin.py:117} INFO - [2022-09-24T19:56:48.153+0000] {dag.py:3328} INFO - Setting next_dagrun for example_short_circuit_decorator to 2022-09-23T19:56:48.153622+00:00, run_after=2022-09-24T19:56:48.153622+00:00
[2022-09-24T19:56:48.194+0000] {processor.py:178} INFO - Processing /home/airflow/.local/lib/python3.7/site-packages/airflow/example_dags/example_short_circuit_decorator.py took 0.227 seconds
[2022-09-24T19:57:26.296+0000] {processor.py:156} INFO - Started process (PID=2694) to work on /home/airflow/.local/lib/python3.7/site-packages/airflow/example_dags/example_short_circuit_decorator.py
[2022-09-24T19:57:26.329+0000] {processor.py:758} INFO - Processing file /home/airflow/.local/lib/python3.7/site-packages/airflow/example_dags/example_short_circuit_decorator.py for tasks to queue
[2022-09-24T19:57:26.340+0000] {logging_mixin.py:117} INFO - [2022-09-24T19:57:26.339+0000] {dagbag.py:525} INFO - Filling up the DagBag from /home/airflow/.local/lib/python3.7/site-packages/airflow/example_dags/example_short_circuit_decorator.py
[2022-09-24T19:57:26.710+0000] {processor.py:768} INFO - DAG(s) dict_keys(['example_short_circuit_decorator']) retrieved from /home/airflow/.local/lib/python3.7/site-packages/airflow/example_dags/example_short_circuit_decorator.py
[2022-09-24T19:57:28.626+0000] {logging_mixin.py:117} INFO - [2022-09-24T19:57:28.625+0000] {dag.py:2573} INFO - Sync 1 DAGs
[2022-09-24T19:57:28.955+0000] {logging_mixin.py:117} INFO - [2022-09-24T19:57:28.955+0000] {dag.py:3328} INFO - Setting next_dagrun for example_short_circuit_decorator to 2022-09-23T19:57:28.954662+00:00, run_after=2022-09-24T19:57:28.954662+00:00
[2022-09-24T19:57:29.539+0000] {processor.py:178} INFO - Processing /home/airflow/.local/lib/python3.7/site-packages/airflow/example_dags/example_short_circuit_decorator.py took 3.334 seconds
[2022-09-24T19:57:59.834+0000] {processor.py:156} INFO - Started process (PID=2895) to work on /home/airflow/.local/lib/python3.7/site-packages/airflow/example_dags/example_short_circuit_decorator.py
[2022-09-24T19:57:59.839+0000] {processor.py:758} INFO - Processing file /home/airflow/.local/lib/python3.7/site-packages/airflow/example_dags/example_short_circuit_decorator.py for tasks to queue
[2022-09-24T19:57:59.843+0000] {logging_mixin.py:117} INFO - [2022-09-24T19:57:59.843+0000] {dagbag.py:525} INFO - Filling up the DagBag from /home/airflow/.local/lib/python3.7/site-packages/airflow/example_dags/example_short_circuit_decorator.py
[2022-09-24T19:57:59.895+0000] {processor.py:768} INFO - DAG(s) dict_keys(['example_short_circuit_decorator']) retrieved from /home/airflow/.local/lib/python3.7/site-packages/airflow/example_dags/example_short_circuit_decorator.py
[2022-09-24T19:57:59.972+0000] {logging_mixin.py:117} INFO - [2022-09-24T19:57:59.971+0000] {dag.py:2573} INFO - Sync 1 DAGs
[2022-09-24T19:58:00.020+0000] {logging_mixin.py:117} INFO - [2022-09-24T19:58:00.019+0000] {dag.py:3328} INFO - Setting next_dagrun for example_short_circuit_decorator to 2022-09-23T19:58:00.019559+00:00, run_after=2022-09-24T19:58:00.019559+00:00
[2022-09-24T19:58:00.064+0000] {processor.py:178} INFO - Processing /home/airflow/.local/lib/python3.7/site-packages/airflow/example_dags/example_short_circuit_decorator.py took 0.241 seconds
[2022-09-24T19:58:30.523+0000] {processor.py:156} INFO - Started process (PID=3091) to work on /home/airflow/.local/lib/python3.7/site-packages/airflow/example_dags/example_short_circuit_decorator.py
[2022-09-24T19:58:30.529+0000] {processor.py:758} INFO - Processing file /home/airflow/.local/lib/python3.7/site-packages/airflow/example_dags/example_short_circuit_decorator.py for tasks to queue
[2022-09-24T19:58:30.537+0000] {logging_mixin.py:117} INFO - [2022-09-24T19:58:30.535+0000] {dagbag.py:525} INFO - Filling up the DagBag from /home/airflow/.local/lib/python3.7/site-packages/airflow/example_dags/example_short_circuit_decorator.py
[2022-09-24T19:58:30.655+0000] {processor.py:768} INFO - DAG(s) dict_keys(['example_short_circuit_decorator']) retrieved from /home/airflow/.local/lib/python3.7/site-packages/airflow/example_dags/example_short_circuit_decorator.py
[2022-09-24T19:58:30.744+0000] {logging_mixin.py:117} INFO - [2022-09-24T19:58:30.744+0000] {dag.py:2573} INFO - Sync 1 DAGs
[2022-09-24T19:58:30.810+0000] {logging_mixin.py:117} INFO - [2022-09-24T19:58:30.809+0000] {dag.py:3328} INFO - Setting next_dagrun for example_short_circuit_decorator to 2022-09-23T19:58:30.809454+00:00, run_after=2022-09-24T19:58:30.809454+00:00
[2022-09-24T19:58:30.854+0000] {processor.py:178} INFO - Processing /home/airflow/.local/lib/python3.7/site-packages/airflow/example_dags/example_short_circuit_decorator.py took 0.341 seconds
[2022-09-24T19:59:01.138+0000] {processor.py:156} INFO - Started process (PID=3288) to work on /home/airflow/.local/lib/python3.7/site-packages/airflow/example_dags/example_short_circuit_decorator.py
[2022-09-24T19:59:01.143+0000] {processor.py:758} INFO - Processing file /home/airflow/.local/lib/python3.7/site-packages/airflow/example_dags/example_short_circuit_decorator.py for tasks to queue
[2022-09-24T19:59:01.146+0000] {logging_mixin.py:117} INFO - [2022-09-24T19:59:01.146+0000] {dagbag.py:525} INFO - Filling up the DagBag from /home/airflow/.local/lib/python3.7/site-packages/airflow/example_dags/example_short_circuit_decorator.py
[2022-09-24T19:59:01.290+0000] {processor.py:768} INFO - DAG(s) dict_keys(['example_short_circuit_decorator']) retrieved from /home/airflow/.local/lib/python3.7/site-packages/airflow/example_dags/example_short_circuit_decorator.py
[2022-09-24T19:59:01.817+0000] {logging_mixin.py:117} INFO - [2022-09-24T19:59:01.816+0000] {dag.py:2573} INFO - Sync 1 DAGs
[2022-09-24T19:59:02.169+0000] {logging_mixin.py:117} INFO - [2022-09-24T19:59:02.168+0000] {dag.py:3328} INFO - Setting next_dagrun for example_short_circuit_decorator to 2022-09-23T19:59:02.163847+00:00, run_after=2022-09-24T19:59:02.163847+00:00
[2022-09-24T19:59:02.478+0000] {processor.py:178} INFO - Processing /home/airflow/.local/lib/python3.7/site-packages/airflow/example_dags/example_short_circuit_decorator.py took 1.358 seconds
[2022-09-24T19:59:33.303+0000] {processor.py:156} INFO - Started process (PID=3485) to work on /home/airflow/.local/lib/python3.7/site-packages/airflow/example_dags/example_short_circuit_decorator.py
[2022-09-24T19:59:33.334+0000] {processor.py:758} INFO - Processing file /home/airflow/.local/lib/python3.7/site-packages/airflow/example_dags/example_short_circuit_decorator.py for tasks to queue
[2022-09-24T19:59:33.361+0000] {logging_mixin.py:117} INFO - [2022-09-24T19:59:33.360+0000] {dagbag.py:525} INFO - Filling up the DagBag from /home/airflow/.local/lib/python3.7/site-packages/airflow/example_dags/example_short_circuit_decorator.py
[2022-09-24T19:59:33.621+0000] {processor.py:768} INFO - DAG(s) dict_keys(['example_short_circuit_decorator']) retrieved from /home/airflow/.local/lib/python3.7/site-packages/airflow/example_dags/example_short_circuit_decorator.py
[2022-09-24T19:59:33.779+0000] {logging_mixin.py:117} INFO - [2022-09-24T19:59:33.779+0000] {dag.py:2573} INFO - Sync 1 DAGs
[2022-09-24T19:59:33.910+0000] {logging_mixin.py:117} INFO - [2022-09-24T19:59:33.909+0000] {dag.py:3328} INFO - Setting next_dagrun for example_short_circuit_decorator to 2022-09-23T19:59:33.907255+00:00, run_after=2022-09-24T19:59:33.907255+00:00
[2022-09-24T19:59:33.993+0000] {processor.py:178} INFO - Processing /home/airflow/.local/lib/python3.7/site-packages/airflow/example_dags/example_short_circuit_decorator.py took 0.725 seconds
[2022-09-24T20:00:04.501+0000] {processor.py:156} INFO - Started process (PID=3686) to work on /home/airflow/.local/lib/python3.7/site-packages/airflow/example_dags/example_short_circuit_decorator.py
[2022-09-24T20:00:04.505+0000] {processor.py:758} INFO - Processing file /home/airflow/.local/lib/python3.7/site-packages/airflow/example_dags/example_short_circuit_decorator.py for tasks to queue
[2022-09-24T20:00:04.511+0000] {logging_mixin.py:117} INFO - [2022-09-24T20:00:04.508+0000] {dagbag.py:525} INFO - Filling up the DagBag from /home/airflow/.local/lib/python3.7/site-packages/airflow/example_dags/example_short_circuit_decorator.py
[2022-09-24T20:00:04.584+0000] {processor.py:768} INFO - DAG(s) dict_keys(['example_short_circuit_decorator']) retrieved from /home/airflow/.local/lib/python3.7/site-packages/airflow/example_dags/example_short_circuit_decorator.py
[2022-09-24T20:00:04.705+0000] {logging_mixin.py:117} INFO - [2022-09-24T20:00:04.704+0000] {dag.py:2573} INFO - Sync 1 DAGs
[2022-09-24T20:00:04.787+0000] {logging_mixin.py:117} INFO - [2022-09-24T20:00:04.786+0000] {dag.py:3328} INFO - Setting next_dagrun for example_short_circuit_decorator to 2022-09-23T20:00:04.785992+00:00, run_after=2022-09-24T20:00:04.785992+00:00
[2022-09-24T20:00:04.840+0000] {processor.py:178} INFO - Processing /home/airflow/.local/lib/python3.7/site-packages/airflow/example_dags/example_short_circuit_decorator.py took 0.351 seconds
[2022-09-24T20:00:35.383+0000] {processor.py:156} INFO - Started process (PID=3892) to work on /home/airflow/.local/lib/python3.7/site-packages/airflow/example_dags/example_short_circuit_decorator.py
[2022-09-24T20:00:35.388+0000] {processor.py:758} INFO - Processing file /home/airflow/.local/lib/python3.7/site-packages/airflow/example_dags/example_short_circuit_decorator.py for tasks to queue
[2022-09-24T20:00:35.391+0000] {logging_mixin.py:117} INFO - [2022-09-24T20:00:35.390+0000] {dagbag.py:525} INFO - Filling up the DagBag from /home/airflow/.local/lib/python3.7/site-packages/airflow/example_dags/example_short_circuit_decorator.py
[2022-09-24T20:00:35.469+0000] {processor.py:768} INFO - DAG(s) dict_keys(['example_short_circuit_decorator']) retrieved from /home/airflow/.local/lib/python3.7/site-packages/airflow/example_dags/example_short_circuit_decorator.py
[2022-09-24T20:00:35.599+0000] {logging_mixin.py:117} INFO - [2022-09-24T20:00:35.599+0000] {dag.py:2573} INFO - Sync 1 DAGs
[2022-09-24T20:00:35.724+0000] {logging_mixin.py:117} INFO - [2022-09-24T20:00:35.723+0000] {dag.py:3328} INFO - Setting next_dagrun for example_short_circuit_decorator to 2022-09-23T20:00:35.713799+00:00, run_after=2022-09-24T20:00:35.713799+00:00
[2022-09-24T20:00:35.941+0000] {processor.py:178} INFO - Processing /home/airflow/.local/lib/python3.7/site-packages/airflow/example_dags/example_short_circuit_decorator.py took 0.563 seconds
[2022-09-24T20:01:06.047+0000] {processor.py:156} INFO - Started process (PID=4088) to work on /home/airflow/.local/lib/python3.7/site-packages/airflow/example_dags/example_short_circuit_decorator.py
[2022-09-24T20:01:06.051+0000] {processor.py:758} INFO - Processing file /home/airflow/.local/lib/python3.7/site-packages/airflow/example_dags/example_short_circuit_decorator.py for tasks to queue
[2022-09-24T20:01:06.057+0000] {logging_mixin.py:117} INFO - [2022-09-24T20:01:06.056+0000] {dagbag.py:525} INFO - Filling up the DagBag from /home/airflow/.local/lib/python3.7/site-packages/airflow/example_dags/example_short_circuit_decorator.py
[2022-09-24T20:01:06.234+0000] {processor.py:768} INFO - DAG(s) dict_keys(['example_short_circuit_decorator']) retrieved from /home/airflow/.local/lib/python3.7/site-packages/airflow/example_dags/example_short_circuit_decorator.py
[2022-09-24T20:01:06.402+0000] {logging_mixin.py:117} INFO - [2022-09-24T20:01:06.402+0000] {dag.py:2573} INFO - Sync 1 DAGs
[2022-09-24T20:01:06.548+0000] {logging_mixin.py:117} INFO - [2022-09-24T20:01:06.548+0000] {dag.py:3328} INFO - Setting next_dagrun for example_short_circuit_decorator to 2022-09-23T20:01:06.548045+00:00, run_after=2022-09-24T20:01:06.548045+00:00
[2022-09-24T20:01:06.733+0000] {processor.py:178} INFO - Processing /home/airflow/.local/lib/python3.7/site-packages/airflow/example_dags/example_short_circuit_decorator.py took 0.696 seconds
[2022-09-24T20:01:36.947+0000] {processor.py:156} INFO - Started process (PID=4289) to work on /home/airflow/.local/lib/python3.7/site-packages/airflow/example_dags/example_short_circuit_decorator.py
[2022-09-24T20:01:36.953+0000] {processor.py:758} INFO - Processing file /home/airflow/.local/lib/python3.7/site-packages/airflow/example_dags/example_short_circuit_decorator.py for tasks to queue
[2022-09-24T20:01:36.961+0000] {logging_mixin.py:117} INFO - [2022-09-24T20:01:36.961+0000] {dagbag.py:525} INFO - Filling up the DagBag from /home/airflow/.local/lib/python3.7/site-packages/airflow/example_dags/example_short_circuit_decorator.py
[2022-09-24T20:01:37.061+0000] {processor.py:768} INFO - DAG(s) dict_keys(['example_short_circuit_decorator']) retrieved from /home/airflow/.local/lib/python3.7/site-packages/airflow/example_dags/example_short_circuit_decorator.py
[2022-09-24T20:01:37.150+0000] {logging_mixin.py:117} INFO - [2022-09-24T20:01:37.150+0000] {dag.py:2573} INFO - Sync 1 DAGs
[2022-09-24T20:01:37.232+0000] {logging_mixin.py:117} INFO - [2022-09-24T20:01:37.232+0000] {dag.py:3328} INFO - Setting next_dagrun for example_short_circuit_decorator to 2022-09-23T20:01:37.232199+00:00, run_after=2022-09-24T20:01:37.232199+00:00
[2022-09-24T20:01:37.280+0000] {processor.py:178} INFO - Processing /home/airflow/.local/lib/python3.7/site-packages/airflow/example_dags/example_short_circuit_decorator.py took 0.350 seconds
[2022-09-24T20:02:07.601+0000] {processor.py:156} INFO - Started process (PID=4486) to work on /home/airflow/.local/lib/python3.7/site-packages/airflow/example_dags/example_short_circuit_decorator.py
[2022-09-24T20:02:07.604+0000] {processor.py:758} INFO - Processing file /home/airflow/.local/lib/python3.7/site-packages/airflow/example_dags/example_short_circuit_decorator.py for tasks to queue
[2022-09-24T20:02:07.607+0000] {logging_mixin.py:117} INFO - [2022-09-24T20:02:07.607+0000] {dagbag.py:525} INFO - Filling up the DagBag from /home/airflow/.local/lib/python3.7/site-packages/airflow/example_dags/example_short_circuit_decorator.py
[2022-09-24T20:02:07.655+0000] {processor.py:768} INFO - DAG(s) dict_keys(['example_short_circuit_decorator']) retrieved from /home/airflow/.local/lib/python3.7/site-packages/airflow/example_dags/example_short_circuit_decorator.py
[2022-09-24T20:02:07.737+0000] {logging_mixin.py:117} INFO - [2022-09-24T20:02:07.737+0000] {dag.py:2573} INFO - Sync 1 DAGs
[2022-09-24T20:02:07.820+0000] {logging_mixin.py:117} INFO - [2022-09-24T20:02:07.820+0000] {dag.py:3328} INFO - Setting next_dagrun for example_short_circuit_decorator to 2022-09-23T20:02:07.819092+00:00, run_after=2022-09-24T20:02:07.819092+00:00
[2022-09-24T20:02:07.899+0000] {processor.py:178} INFO - Processing /home/airflow/.local/lib/python3.7/site-packages/airflow/example_dags/example_short_circuit_decorator.py took 0.304 seconds
[2022-09-24T20:02:38.028+0000] {processor.py:156} INFO - Started process (PID=4683) to work on /home/airflow/.local/lib/python3.7/site-packages/airflow/example_dags/example_short_circuit_decorator.py
[2022-09-24T20:02:38.032+0000] {processor.py:758} INFO - Processing file /home/airflow/.local/lib/python3.7/site-packages/airflow/example_dags/example_short_circuit_decorator.py for tasks to queue
[2022-09-24T20:02:38.034+0000] {logging_mixin.py:117} INFO - [2022-09-24T20:02:38.034+0000] {dagbag.py:525} INFO - Filling up the DagBag from /home/airflow/.local/lib/python3.7/site-packages/airflow/example_dags/example_short_circuit_decorator.py
[2022-09-24T20:02:38.085+0000] {processor.py:768} INFO - DAG(s) dict_keys(['example_short_circuit_decorator']) retrieved from /home/airflow/.local/lib/python3.7/site-packages/airflow/example_dags/example_short_circuit_decorator.py
[2022-09-24T20:02:38.171+0000] {logging_mixin.py:117} INFO - [2022-09-24T20:02:38.171+0000] {dag.py:2573} INFO - Sync 1 DAGs
[2022-09-24T20:02:38.223+0000] {logging_mixin.py:117} INFO - [2022-09-24T20:02:38.223+0000] {dag.py:3328} INFO - Setting next_dagrun for example_short_circuit_decorator to 2022-09-23T20:02:38.222656+00:00, run_after=2022-09-24T20:02:38.222656+00:00
[2022-09-24T20:02:38.278+0000] {processor.py:178} INFO - Processing /home/airflow/.local/lib/python3.7/site-packages/airflow/example_dags/example_short_circuit_decorator.py took 0.255 seconds
[2022-09-24T20:03:08.679+0000] {processor.py:156} INFO - Started process (PID=4891) to work on /home/airflow/.local/lib/python3.7/site-packages/airflow/example_dags/example_short_circuit_decorator.py
[2022-09-24T20:03:08.686+0000] {processor.py:758} INFO - Processing file /home/airflow/.local/lib/python3.7/site-packages/airflow/example_dags/example_short_circuit_decorator.py for tasks to queue
[2022-09-24T20:03:08.689+0000] {logging_mixin.py:117} INFO - [2022-09-24T20:03:08.689+0000] {dagbag.py:525} INFO - Filling up the DagBag from /home/airflow/.local/lib/python3.7/site-packages/airflow/example_dags/example_short_circuit_decorator.py
[2022-09-24T20:03:08.784+0000] {processor.py:768} INFO - DAG(s) dict_keys(['example_short_circuit_decorator']) retrieved from /home/airflow/.local/lib/python3.7/site-packages/airflow/example_dags/example_short_circuit_decorator.py
[2022-09-24T20:03:08.902+0000] {logging_mixin.py:117} INFO - [2022-09-24T20:03:08.902+0000] {dag.py:2573} INFO - Sync 1 DAGs
[2022-09-24T20:03:09.006+0000] {logging_mixin.py:117} INFO - [2022-09-24T20:03:09.005+0000] {dag.py:3328} INFO - Setting next_dagrun for example_short_circuit_decorator to 2022-09-23T20:03:08.997161+00:00, run_after=2022-09-24T20:03:08.997161+00:00
[2022-09-24T20:03:09.047+0000] {processor.py:178} INFO - Processing /home/airflow/.local/lib/python3.7/site-packages/airflow/example_dags/example_short_circuit_decorator.py took 0.376 seconds
[2022-09-24T20:03:41.514+0000] {processor.py:156} INFO - Started process (PID=5090) to work on /home/airflow/.local/lib/python3.7/site-packages/airflow/example_dags/example_short_circuit_decorator.py
[2022-09-24T20:03:41.518+0000] {processor.py:758} INFO - Processing file /home/airflow/.local/lib/python3.7/site-packages/airflow/example_dags/example_short_circuit_decorator.py for tasks to queue
[2022-09-24T20:03:41.530+0000] {logging_mixin.py:117} INFO - [2022-09-24T20:03:41.530+0000] {dagbag.py:525} INFO - Filling up the DagBag from /home/airflow/.local/lib/python3.7/site-packages/airflow/example_dags/example_short_circuit_decorator.py
[2022-09-24T20:03:41.677+0000] {processor.py:768} INFO - DAG(s) dict_keys(['example_short_circuit_decorator']) retrieved from /home/airflow/.local/lib/python3.7/site-packages/airflow/example_dags/example_short_circuit_decorator.py
[2022-09-24T20:03:41.833+0000] {logging_mixin.py:117} INFO - [2022-09-24T20:03:41.833+0000] {dag.py:2573} INFO - Sync 1 DAGs
[2022-09-24T20:03:41.892+0000] {logging_mixin.py:117} INFO - [2022-09-24T20:03:41.892+0000] {dag.py:3328} INFO - Setting next_dagrun for example_short_circuit_decorator to 2022-09-23T20:03:41.892117+00:00, run_after=2022-09-24T20:03:41.892117+00:00
[2022-09-24T20:03:41.933+0000] {processor.py:178} INFO - Processing /home/airflow/.local/lib/python3.7/site-packages/airflow/example_dags/example_short_circuit_decorator.py took 0.425 seconds
[2022-09-24T20:04:12.905+0000] {processor.py:156} INFO - Started process (PID=5288) to work on /home/airflow/.local/lib/python3.7/site-packages/airflow/example_dags/example_short_circuit_decorator.py
[2022-09-24T20:04:12.908+0000] {processor.py:758} INFO - Processing file /home/airflow/.local/lib/python3.7/site-packages/airflow/example_dags/example_short_circuit_decorator.py for tasks to queue
[2022-09-24T20:04:12.912+0000] {logging_mixin.py:117} INFO - [2022-09-24T20:04:12.912+0000] {dagbag.py:525} INFO - Filling up the DagBag from /home/airflow/.local/lib/python3.7/site-packages/airflow/example_dags/example_short_circuit_decorator.py
[2022-09-24T20:04:12.995+0000] {processor.py:768} INFO - DAG(s) dict_keys(['example_short_circuit_decorator']) retrieved from /home/airflow/.local/lib/python3.7/site-packages/airflow/example_dags/example_short_circuit_decorator.py
[2022-09-24T20:04:13.147+0000] {logging_mixin.py:117} INFO - [2022-09-24T20:04:13.146+0000] {dag.py:2573} INFO - Sync 1 DAGs
[2022-09-24T20:04:13.230+0000] {logging_mixin.py:117} INFO - [2022-09-24T20:04:13.230+0000] {dag.py:3328} INFO - Setting next_dagrun for example_short_circuit_decorator to 2022-09-23T20:04:13.229474+00:00, run_after=2022-09-24T20:04:13.229474+00:00
[2022-09-24T20:04:13.297+0000] {processor.py:178} INFO - Processing /home/airflow/.local/lib/python3.7/site-packages/airflow/example_dags/example_short_circuit_decorator.py took 0.400 seconds
[2022-09-24T20:04:45.926+0000] {processor.py:156} INFO - Started process (PID=5488) to work on /home/airflow/.local/lib/python3.7/site-packages/airflow/example_dags/example_short_circuit_decorator.py
[2022-09-24T20:04:45.934+0000] {processor.py:758} INFO - Processing file /home/airflow/.local/lib/python3.7/site-packages/airflow/example_dags/example_short_circuit_decorator.py for tasks to queue
[2022-09-24T20:04:45.940+0000] {logging_mixin.py:117} INFO - [2022-09-24T20:04:45.940+0000] {dagbag.py:525} INFO - Filling up the DagBag from /home/airflow/.local/lib/python3.7/site-packages/airflow/example_dags/example_short_circuit_decorator.py
[2022-09-24T20:04:46.029+0000] {processor.py:768} INFO - DAG(s) dict_keys(['example_short_circuit_decorator']) retrieved from /home/airflow/.local/lib/python3.7/site-packages/airflow/example_dags/example_short_circuit_decorator.py
[2022-09-24T20:04:46.315+0000] {logging_mixin.py:117} INFO - [2022-09-24T20:04:46.314+0000] {dag.py:2573} INFO - Sync 1 DAGs
[2022-09-24T20:04:46.445+0000] {logging_mixin.py:117} INFO - [2022-09-24T20:04:46.444+0000] {dag.py:3328} INFO - Setting next_dagrun for example_short_circuit_decorator to 2022-09-23T20:04:46.442898+00:00, run_after=2022-09-24T20:04:46.442898+00:00
[2022-09-24T20:04:46.533+0000] {processor.py:178} INFO - Processing /home/airflow/.local/lib/python3.7/site-packages/airflow/example_dags/example_short_circuit_decorator.py took 0.623 seconds
[2022-09-24T20:05:17.273+0000] {processor.py:156} INFO - Started process (PID=5691) to work on /home/airflow/.local/lib/python3.7/site-packages/airflow/example_dags/example_short_circuit_decorator.py
[2022-09-24T20:05:17.279+0000] {processor.py:758} INFO - Processing file /home/airflow/.local/lib/python3.7/site-packages/airflow/example_dags/example_short_circuit_decorator.py for tasks to queue
[2022-09-24T20:05:17.288+0000] {logging_mixin.py:117} INFO - [2022-09-24T20:05:17.288+0000] {dagbag.py:525} INFO - Filling up the DagBag from /home/airflow/.local/lib/python3.7/site-packages/airflow/example_dags/example_short_circuit_decorator.py
[2022-09-24T20:05:17.373+0000] {processor.py:768} INFO - DAG(s) dict_keys(['example_short_circuit_decorator']) retrieved from /home/airflow/.local/lib/python3.7/site-packages/airflow/example_dags/example_short_circuit_decorator.py
[2022-09-24T20:05:17.526+0000] {logging_mixin.py:117} INFO - [2022-09-24T20:05:17.526+0000] {dag.py:2573} INFO - Sync 1 DAGs
[2022-09-24T20:05:17.624+0000] {logging_mixin.py:117} INFO - [2022-09-24T20:05:17.623+0000] {dag.py:3328} INFO - Setting next_dagrun for example_short_circuit_decorator to 2022-09-23T20:05:17.621214+00:00, run_after=2022-09-24T20:05:17.621214+00:00
[2022-09-24T20:05:17.746+0000] {processor.py:178} INFO - Processing /home/airflow/.local/lib/python3.7/site-packages/airflow/example_dags/example_short_circuit_decorator.py took 0.486 seconds
[2022-09-24T20:05:47.895+0000] {processor.py:156} INFO - Started process (PID=5883) to work on /home/airflow/.local/lib/python3.7/site-packages/airflow/example_dags/example_short_circuit_decorator.py
[2022-09-24T20:05:47.903+0000] {processor.py:758} INFO - Processing file /home/airflow/.local/lib/python3.7/site-packages/airflow/example_dags/example_short_circuit_decorator.py for tasks to queue
[2022-09-24T20:05:47.906+0000] {logging_mixin.py:117} INFO - [2022-09-24T20:05:47.906+0000] {dagbag.py:525} INFO - Filling up the DagBag from /home/airflow/.local/lib/python3.7/site-packages/airflow/example_dags/example_short_circuit_decorator.py
[2022-09-24T20:05:48.086+0000] {processor.py:768} INFO - DAG(s) dict_keys(['example_short_circuit_decorator']) retrieved from /home/airflow/.local/lib/python3.7/site-packages/airflow/example_dags/example_short_circuit_decorator.py
[2022-09-24T20:05:48.230+0000] {logging_mixin.py:117} INFO - [2022-09-24T20:05:48.229+0000] {dag.py:2573} INFO - Sync 1 DAGs
[2022-09-24T20:05:48.304+0000] {logging_mixin.py:117} INFO - [2022-09-24T20:05:48.304+0000] {dag.py:3328} INFO - Setting next_dagrun for example_short_circuit_decorator to 2022-09-23T20:05:48.304198+00:00, run_after=2022-09-24T20:05:48.304198+00:00
[2022-09-24T20:05:48.367+0000] {processor.py:178} INFO - Processing /home/airflow/.local/lib/python3.7/site-packages/airflow/example_dags/example_short_circuit_decorator.py took 0.479 seconds
[2022-09-24T20:06:19.634+0000] {processor.py:156} INFO - Started process (PID=6076) to work on /home/airflow/.local/lib/python3.7/site-packages/airflow/example_dags/example_short_circuit_decorator.py
[2022-09-24T20:06:19.642+0000] {processor.py:758} INFO - Processing file /home/airflow/.local/lib/python3.7/site-packages/airflow/example_dags/example_short_circuit_decorator.py for tasks to queue
[2022-09-24T20:06:19.645+0000] {logging_mixin.py:117} INFO - [2022-09-24T20:06:19.645+0000] {dagbag.py:525} INFO - Filling up the DagBag from /home/airflow/.local/lib/python3.7/site-packages/airflow/example_dags/example_short_circuit_decorator.py
[2022-09-24T20:06:19.849+0000] {processor.py:768} INFO - DAG(s) dict_keys(['example_short_circuit_decorator']) retrieved from /home/airflow/.local/lib/python3.7/site-packages/airflow/example_dags/example_short_circuit_decorator.py
[2022-09-24T20:06:20.355+0000] {logging_mixin.py:117} INFO - [2022-09-24T20:06:20.355+0000] {dag.py:2573} INFO - Sync 1 DAGs
[2022-09-24T20:06:20.701+0000] {logging_mixin.py:117} INFO - [2022-09-24T20:06:20.700+0000] {dag.py:3328} INFO - Setting next_dagrun for example_short_circuit_decorator to 2022-09-23T20:06:20.700492+00:00, run_after=2022-09-24T20:06:20.700492+00:00
[2022-09-24T20:06:20.997+0000] {processor.py:178} INFO - Processing /home/airflow/.local/lib/python3.7/site-packages/airflow/example_dags/example_short_circuit_decorator.py took 1.388 seconds
[2022-09-24T20:06:51.401+0000] {processor.py:156} INFO - Started process (PID=6282) to work on /home/airflow/.local/lib/python3.7/site-packages/airflow/example_dags/example_short_circuit_decorator.py
[2022-09-24T20:06:51.408+0000] {processor.py:758} INFO - Processing file /home/airflow/.local/lib/python3.7/site-packages/airflow/example_dags/example_short_circuit_decorator.py for tasks to queue
[2022-09-24T20:06:51.413+0000] {logging_mixin.py:117} INFO - [2022-09-24T20:06:51.412+0000] {dagbag.py:525} INFO - Filling up the DagBag from /home/airflow/.local/lib/python3.7/site-packages/airflow/example_dags/example_short_circuit_decorator.py
[2022-09-24T20:06:51.575+0000] {processor.py:768} INFO - DAG(s) dict_keys(['example_short_circuit_decorator']) retrieved from /home/airflow/.local/lib/python3.7/site-packages/airflow/example_dags/example_short_circuit_decorator.py
[2022-09-24T20:06:51.803+0000] {logging_mixin.py:117} INFO - [2022-09-24T20:06:51.803+0000] {dag.py:2573} INFO - Sync 1 DAGs
[2022-09-24T20:06:52.051+0000] {logging_mixin.py:117} INFO - [2022-09-24T20:06:52.042+0000] {dag.py:3328} INFO - Setting next_dagrun for example_short_circuit_decorator to 2022-09-23T20:06:52.040840+00:00, run_after=2022-09-24T20:06:52.040840+00:00
[2022-09-24T20:06:52.195+0000] {processor.py:178} INFO - Processing /home/airflow/.local/lib/python3.7/site-packages/airflow/example_dags/example_short_circuit_decorator.py took 0.840 seconds
[2022-09-24T20:07:22.718+0000] {processor.py:156} INFO - Started process (PID=6483) to work on /home/airflow/.local/lib/python3.7/site-packages/airflow/example_dags/example_short_circuit_decorator.py
[2022-09-24T20:07:22.723+0000] {processor.py:758} INFO - Processing file /home/airflow/.local/lib/python3.7/site-packages/airflow/example_dags/example_short_circuit_decorator.py for tasks to queue
[2022-09-24T20:07:22.728+0000] {logging_mixin.py:117} INFO - [2022-09-24T20:07:22.728+0000] {dagbag.py:525} INFO - Filling up the DagBag from /home/airflow/.local/lib/python3.7/site-packages/airflow/example_dags/example_short_circuit_decorator.py
[2022-09-24T20:07:22.787+0000] {processor.py:768} INFO - DAG(s) dict_keys(['example_short_circuit_decorator']) retrieved from /home/airflow/.local/lib/python3.7/site-packages/airflow/example_dags/example_short_circuit_decorator.py
[2022-09-24T20:07:22.938+0000] {logging_mixin.py:117} INFO - [2022-09-24T20:07:22.938+0000] {dag.py:2573} INFO - Sync 1 DAGs
[2022-09-24T20:07:23.005+0000] {logging_mixin.py:117} INFO - [2022-09-24T20:07:23.004+0000] {dag.py:3328} INFO - Setting next_dagrun for example_short_circuit_decorator to 2022-09-23T20:07:23.003709+00:00, run_after=2022-09-24T20:07:23.003709+00:00
[2022-09-24T20:07:23.120+0000] {processor.py:178} INFO - Processing /home/airflow/.local/lib/python3.7/site-packages/airflow/example_dags/example_short_circuit_decorator.py took 0.419 seconds
[2022-09-24T20:07:53.197+0000] {processor.py:156} INFO - Started process (PID=6679) to work on /home/airflow/.local/lib/python3.7/site-packages/airflow/example_dags/example_short_circuit_decorator.py
[2022-09-24T20:07:53.207+0000] {processor.py:758} INFO - Processing file /home/airflow/.local/lib/python3.7/site-packages/airflow/example_dags/example_short_circuit_decorator.py for tasks to queue
[2022-09-24T20:07:53.210+0000] {logging_mixin.py:117} INFO - [2022-09-24T20:07:53.210+0000] {dagbag.py:525} INFO - Filling up the DagBag from /home/airflow/.local/lib/python3.7/site-packages/airflow/example_dags/example_short_circuit_decorator.py
[2022-09-24T20:07:53.296+0000] {processor.py:768} INFO - DAG(s) dict_keys(['example_short_circuit_decorator']) retrieved from /home/airflow/.local/lib/python3.7/site-packages/airflow/example_dags/example_short_circuit_decorator.py
[2022-09-24T20:07:53.392+0000] {logging_mixin.py:117} INFO - [2022-09-24T20:07:53.392+0000] {dag.py:2573} INFO - Sync 1 DAGs
[2022-09-24T20:07:53.465+0000] {logging_mixin.py:117} INFO - [2022-09-24T20:07:53.465+0000] {dag.py:3328} INFO - Setting next_dagrun for example_short_circuit_decorator to 2022-09-23T20:07:53.465264+00:00, run_after=2022-09-24T20:07:53.465264+00:00
[2022-09-24T20:07:53.515+0000] {processor.py:178} INFO - Processing /home/airflow/.local/lib/python3.7/site-packages/airflow/example_dags/example_short_circuit_decorator.py took 0.327 seconds
[2022-09-24T20:08:23.800+0000] {processor.py:156} INFO - Started process (PID=6882) to work on /home/airflow/.local/lib/python3.7/site-packages/airflow/example_dags/example_short_circuit_decorator.py
[2022-09-24T20:08:23.804+0000] {processor.py:758} INFO - Processing file /home/airflow/.local/lib/python3.7/site-packages/airflow/example_dags/example_short_circuit_decorator.py for tasks to queue
[2022-09-24T20:08:23.808+0000] {logging_mixin.py:117} INFO - [2022-09-24T20:08:23.807+0000] {dagbag.py:525} INFO - Filling up the DagBag from /home/airflow/.local/lib/python3.7/site-packages/airflow/example_dags/example_short_circuit_decorator.py
[2022-09-24T20:08:23.873+0000] {processor.py:768} INFO - DAG(s) dict_keys(['example_short_circuit_decorator']) retrieved from /home/airflow/.local/lib/python3.7/site-packages/airflow/example_dags/example_short_circuit_decorator.py
[2022-09-24T20:08:24.003+0000] {logging_mixin.py:117} INFO - [2022-09-24T20:08:24.003+0000] {dag.py:2573} INFO - Sync 1 DAGs
[2022-09-24T20:08:24.093+0000] {logging_mixin.py:117} INFO - [2022-09-24T20:08:24.092+0000] {dag.py:3328} INFO - Setting next_dagrun for example_short_circuit_decorator to 2022-09-23T20:08:24.092303+00:00, run_after=2022-09-24T20:08:24.092303+00:00
[2022-09-24T20:08:24.164+0000] {processor.py:178} INFO - Processing /home/airflow/.local/lib/python3.7/site-packages/airflow/example_dags/example_short_circuit_decorator.py took 0.376 seconds
[2022-09-24T20:08:54.460+0000] {processor.py:156} INFO - Started process (PID=7078) to work on /home/airflow/.local/lib/python3.7/site-packages/airflow/example_dags/example_short_circuit_decorator.py
[2022-09-24T20:08:54.470+0000] {processor.py:758} INFO - Processing file /home/airflow/.local/lib/python3.7/site-packages/airflow/example_dags/example_short_circuit_decorator.py for tasks to queue
[2022-09-24T20:08:54.475+0000] {logging_mixin.py:117} INFO - [2022-09-24T20:08:54.474+0000] {dagbag.py:525} INFO - Filling up the DagBag from /home/airflow/.local/lib/python3.7/site-packages/airflow/example_dags/example_short_circuit_decorator.py
[2022-09-24T20:08:54.568+0000] {processor.py:768} INFO - DAG(s) dict_keys(['example_short_circuit_decorator']) retrieved from /home/airflow/.local/lib/python3.7/site-packages/airflow/example_dags/example_short_circuit_decorator.py
[2022-09-24T20:08:54.756+0000] {logging_mixin.py:117} INFO - [2022-09-24T20:08:54.756+0000] {dag.py:2573} INFO - Sync 1 DAGs
[2022-09-24T20:08:54.852+0000] {logging_mixin.py:117} INFO - [2022-09-24T20:08:54.851+0000] {dag.py:3328} INFO - Setting next_dagrun for example_short_circuit_decorator to 2022-09-23T20:08:54.851139+00:00, run_after=2022-09-24T20:08:54.851139+00:00
[2022-09-24T20:08:54.918+0000] {processor.py:178} INFO - Processing /home/airflow/.local/lib/python3.7/site-packages/airflow/example_dags/example_short_circuit_decorator.py took 0.474 seconds
[2022-09-24T20:09:25.865+0000] {processor.py:156} INFO - Started process (PID=7276) to work on /home/airflow/.local/lib/python3.7/site-packages/airflow/example_dags/example_short_circuit_decorator.py
[2022-09-24T20:09:25.869+0000] {processor.py:758} INFO - Processing file /home/airflow/.local/lib/python3.7/site-packages/airflow/example_dags/example_short_circuit_decorator.py for tasks to queue
[2022-09-24T20:09:25.872+0000] {logging_mixin.py:117} INFO - [2022-09-24T20:09:25.872+0000] {dagbag.py:525} INFO - Filling up the DagBag from /home/airflow/.local/lib/python3.7/site-packages/airflow/example_dags/example_short_circuit_decorator.py
[2022-09-24T20:09:26.066+0000] {processor.py:768} INFO - DAG(s) dict_keys(['example_short_circuit_decorator']) retrieved from /home/airflow/.local/lib/python3.7/site-packages/airflow/example_dags/example_short_circuit_decorator.py
[2022-09-24T20:09:26.243+0000] {logging_mixin.py:117} INFO - [2022-09-24T20:09:26.243+0000] {dag.py:2573} INFO - Sync 1 DAGs
[2022-09-24T20:09:26.279+0000] {logging_mixin.py:117} INFO - [2022-09-24T20:09:26.279+0000] {dag.py:3328} INFO - Setting next_dagrun for example_short_circuit_decorator to 2022-09-23T20:09:26.278861+00:00, run_after=2022-09-24T20:09:26.278861+00:00
[2022-09-24T20:09:26.322+0000] {processor.py:178} INFO - Processing /home/airflow/.local/lib/python3.7/site-packages/airflow/example_dags/example_short_circuit_decorator.py took 0.500 seconds
[2022-09-24T20:09:56.479+0000] {processor.py:156} INFO - Started process (PID=7484) to work on /home/airflow/.local/lib/python3.7/site-packages/airflow/example_dags/example_short_circuit_decorator.py
[2022-09-24T20:09:56.483+0000] {processor.py:758} INFO - Processing file /home/airflow/.local/lib/python3.7/site-packages/airflow/example_dags/example_short_circuit_decorator.py for tasks to queue
[2022-09-24T20:09:56.486+0000] {logging_mixin.py:117} INFO - [2022-09-24T20:09:56.485+0000] {dagbag.py:525} INFO - Filling up the DagBag from /home/airflow/.local/lib/python3.7/site-packages/airflow/example_dags/example_short_circuit_decorator.py
[2022-09-24T20:09:56.538+0000] {processor.py:768} INFO - DAG(s) dict_keys(['example_short_circuit_decorator']) retrieved from /home/airflow/.local/lib/python3.7/site-packages/airflow/example_dags/example_short_circuit_decorator.py
[2022-09-24T20:09:56.617+0000] {logging_mixin.py:117} INFO - [2022-09-24T20:09:56.617+0000] {dag.py:2573} INFO - Sync 1 DAGs
[2022-09-24T20:09:56.661+0000] {logging_mixin.py:117} INFO - [2022-09-24T20:09:56.660+0000] {dag.py:3328} INFO - Setting next_dagrun for example_short_circuit_decorator to 2022-09-23T20:09:56.660548+00:00, run_after=2022-09-24T20:09:56.660548+00:00
[2022-09-24T20:09:56.701+0000] {processor.py:178} INFO - Processing /home/airflow/.local/lib/python3.7/site-packages/airflow/example_dags/example_short_circuit_decorator.py took 0.233 seconds
[2022-09-24T20:10:26.916+0000] {processor.py:156} INFO - Started process (PID=7682) to work on /home/airflow/.local/lib/python3.7/site-packages/airflow/example_dags/example_short_circuit_decorator.py
[2022-09-24T20:10:26.918+0000] {processor.py:758} INFO - Processing file /home/airflow/.local/lib/python3.7/site-packages/airflow/example_dags/example_short_circuit_decorator.py for tasks to queue
[2022-09-24T20:10:26.921+0000] {logging_mixin.py:117} INFO - [2022-09-24T20:10:26.921+0000] {dagbag.py:525} INFO - Filling up the DagBag from /home/airflow/.local/lib/python3.7/site-packages/airflow/example_dags/example_short_circuit_decorator.py
[2022-09-24T20:10:27.102+0000] {processor.py:768} INFO - DAG(s) dict_keys(['example_short_circuit_decorator']) retrieved from /home/airflow/.local/lib/python3.7/site-packages/airflow/example_dags/example_short_circuit_decorator.py
[2022-09-24T20:10:27.390+0000] {logging_mixin.py:117} INFO - [2022-09-24T20:10:27.390+0000] {dag.py:2573} INFO - Sync 1 DAGs
[2022-09-24T20:10:27.442+0000] {logging_mixin.py:117} INFO - [2022-09-24T20:10:27.441+0000] {dag.py:3328} INFO - Setting next_dagrun for example_short_circuit_decorator to 2022-09-23T20:10:27.441538+00:00, run_after=2022-09-24T20:10:27.441538+00:00
[2022-09-24T20:10:27.486+0000] {processor.py:178} INFO - Processing /home/airflow/.local/lib/python3.7/site-packages/airflow/example_dags/example_short_circuit_decorator.py took 0.588 seconds
[2022-09-24T20:10:57.593+0000] {processor.py:156} INFO - Started process (PID=7888) to work on /home/airflow/.local/lib/python3.7/site-packages/airflow/example_dags/example_short_circuit_decorator.py
[2022-09-24T20:10:57.597+0000] {processor.py:758} INFO - Processing file /home/airflow/.local/lib/python3.7/site-packages/airflow/example_dags/example_short_circuit_decorator.py for tasks to queue
[2022-09-24T20:10:57.599+0000] {logging_mixin.py:117} INFO - [2022-09-24T20:10:57.599+0000] {dagbag.py:525} INFO - Filling up the DagBag from /home/airflow/.local/lib/python3.7/site-packages/airflow/example_dags/example_short_circuit_decorator.py
[2022-09-24T20:10:57.695+0000] {processor.py:768} INFO - DAG(s) dict_keys(['example_short_circuit_decorator']) retrieved from /home/airflow/.local/lib/python3.7/site-packages/airflow/example_dags/example_short_circuit_decorator.py
[2022-09-24T20:10:57.773+0000] {logging_mixin.py:117} INFO - [2022-09-24T20:10:57.773+0000] {dag.py:2573} INFO - Sync 1 DAGs
[2022-09-24T20:10:57.825+0000] {logging_mixin.py:117} INFO - [2022-09-24T20:10:57.823+0000] {dag.py:3328} INFO - Setting next_dagrun for example_short_circuit_decorator to 2022-09-23T20:10:57.821209+00:00, run_after=2022-09-24T20:10:57.821209+00:00
[2022-09-24T20:10:57.863+0000] {processor.py:178} INFO - Processing /home/airflow/.local/lib/python3.7/site-packages/airflow/example_dags/example_short_circuit_decorator.py took 0.277 seconds
[2022-09-24T20:11:28.083+0000] {processor.py:156} INFO - Started process (PID=8086) to work on /home/airflow/.local/lib/python3.7/site-packages/airflow/example_dags/example_short_circuit_decorator.py
[2022-09-24T20:11:28.085+0000] {processor.py:758} INFO - Processing file /home/airflow/.local/lib/python3.7/site-packages/airflow/example_dags/example_short_circuit_decorator.py for tasks to queue
[2022-09-24T20:11:28.089+0000] {logging_mixin.py:117} INFO - [2022-09-24T20:11:28.089+0000] {dagbag.py:525} INFO - Filling up the DagBag from /home/airflow/.local/lib/python3.7/site-packages/airflow/example_dags/example_short_circuit_decorator.py
[2022-09-24T20:11:28.168+0000] {processor.py:768} INFO - DAG(s) dict_keys(['example_short_circuit_decorator']) retrieved from /home/airflow/.local/lib/python3.7/site-packages/airflow/example_dags/example_short_circuit_decorator.py
[2022-09-24T20:11:28.318+0000] {logging_mixin.py:117} INFO - [2022-09-24T20:11:28.317+0000] {dag.py:2573} INFO - Sync 1 DAGs
[2022-09-24T20:11:28.414+0000] {logging_mixin.py:117} INFO - [2022-09-24T20:11:28.414+0000] {dag.py:3328} INFO - Setting next_dagrun for example_short_circuit_decorator to 2022-09-23T20:11:28.413982+00:00, run_after=2022-09-24T20:11:28.413982+00:00
[2022-09-24T20:11:28.459+0000] {processor.py:178} INFO - Processing /home/airflow/.local/lib/python3.7/site-packages/airflow/example_dags/example_short_circuit_decorator.py took 0.382 seconds
[2022-09-24T20:11:58.676+0000] {processor.py:156} INFO - Started process (PID=8284) to work on /home/airflow/.local/lib/python3.7/site-packages/airflow/example_dags/example_short_circuit_decorator.py
[2022-09-24T20:11:58.681+0000] {processor.py:758} INFO - Processing file /home/airflow/.local/lib/python3.7/site-packages/airflow/example_dags/example_short_circuit_decorator.py for tasks to queue
[2022-09-24T20:11:58.686+0000] {logging_mixin.py:117} INFO - [2022-09-24T20:11:58.685+0000] {dagbag.py:525} INFO - Filling up the DagBag from /home/airflow/.local/lib/python3.7/site-packages/airflow/example_dags/example_short_circuit_decorator.py
[2022-09-24T20:11:58.757+0000] {processor.py:768} INFO - DAG(s) dict_keys(['example_short_circuit_decorator']) retrieved from /home/airflow/.local/lib/python3.7/site-packages/airflow/example_dags/example_short_circuit_decorator.py
[2022-09-24T20:11:58.863+0000] {logging_mixin.py:117} INFO - [2022-09-24T20:11:58.863+0000] {dag.py:2573} INFO - Sync 1 DAGs
[2022-09-24T20:11:58.976+0000] {logging_mixin.py:117} INFO - [2022-09-24T20:11:58.976+0000] {dag.py:3328} INFO - Setting next_dagrun for example_short_circuit_decorator to 2022-09-23T20:11:58.976231+00:00, run_after=2022-09-24T20:11:58.976231+00:00
[2022-09-24T20:11:59.094+0000] {processor.py:178} INFO - Processing /home/airflow/.local/lib/python3.7/site-packages/airflow/example_dags/example_short_circuit_decorator.py took 0.424 seconds
[2022-09-24T20:12:29.593+0000] {processor.py:156} INFO - Started process (PID=8481) to work on /home/airflow/.local/lib/python3.7/site-packages/airflow/example_dags/example_short_circuit_decorator.py
[2022-09-24T20:12:29.599+0000] {processor.py:758} INFO - Processing file /home/airflow/.local/lib/python3.7/site-packages/airflow/example_dags/example_short_circuit_decorator.py for tasks to queue
[2022-09-24T20:12:29.604+0000] {logging_mixin.py:117} INFO - [2022-09-24T20:12:29.603+0000] {dagbag.py:525} INFO - Filling up the DagBag from /home/airflow/.local/lib/python3.7/site-packages/airflow/example_dags/example_short_circuit_decorator.py
[2022-09-24T20:12:29.692+0000] {processor.py:768} INFO - DAG(s) dict_keys(['example_short_circuit_decorator']) retrieved from /home/airflow/.local/lib/python3.7/site-packages/airflow/example_dags/example_short_circuit_decorator.py
[2022-09-24T20:12:29.809+0000] {logging_mixin.py:117} INFO - [2022-09-24T20:12:29.809+0000] {dag.py:2573} INFO - Sync 1 DAGs
[2022-09-24T20:12:29.859+0000] {logging_mixin.py:117} INFO - [2022-09-24T20:12:29.859+0000] {dag.py:3328} INFO - Setting next_dagrun for example_short_circuit_decorator to 2022-09-23T20:12:29.858943+00:00, run_after=2022-09-24T20:12:29.858943+00:00
[2022-09-24T20:12:29.899+0000] {processor.py:178} INFO - Processing /home/airflow/.local/lib/python3.7/site-packages/airflow/example_dags/example_short_circuit_decorator.py took 0.315 seconds
[2022-09-24T20:13:00.665+0000] {processor.py:156} INFO - Started process (PID=8680) to work on /home/airflow/.local/lib/python3.7/site-packages/airflow/example_dags/example_short_circuit_decorator.py
[2022-09-24T20:13:00.677+0000] {processor.py:758} INFO - Processing file /home/airflow/.local/lib/python3.7/site-packages/airflow/example_dags/example_short_circuit_decorator.py for tasks to queue
[2022-09-24T20:13:00.694+0000] {logging_mixin.py:117} INFO - [2022-09-24T20:13:00.694+0000] {dagbag.py:525} INFO - Filling up the DagBag from /home/airflow/.local/lib/python3.7/site-packages/airflow/example_dags/example_short_circuit_decorator.py
[2022-09-24T20:13:00.907+0000] {processor.py:768} INFO - DAG(s) dict_keys(['example_short_circuit_decorator']) retrieved from /home/airflow/.local/lib/python3.7/site-packages/airflow/example_dags/example_short_circuit_decorator.py
[2022-09-24T20:13:00.995+0000] {logging_mixin.py:117} INFO - [2022-09-24T20:13:00.995+0000] {dag.py:2573} INFO - Sync 1 DAGs
[2022-09-24T20:13:01.051+0000] {logging_mixin.py:117} INFO - [2022-09-24T20:13:01.051+0000] {dag.py:3328} INFO - Setting next_dagrun for example_short_circuit_decorator to 2022-09-23T20:13:01.050770+00:00, run_after=2022-09-24T20:13:01.050770+00:00
[2022-09-24T20:13:01.091+0000] {processor.py:178} INFO - Processing /home/airflow/.local/lib/python3.7/site-packages/airflow/example_dags/example_short_circuit_decorator.py took 0.461 seconds
[2022-09-24T20:13:31.331+0000] {processor.py:156} INFO - Started process (PID=8878) to work on /home/airflow/.local/lib/python3.7/site-packages/airflow/example_dags/example_short_circuit_decorator.py
[2022-09-24T20:13:31.338+0000] {processor.py:758} INFO - Processing file /home/airflow/.local/lib/python3.7/site-packages/airflow/example_dags/example_short_circuit_decorator.py for tasks to queue
[2022-09-24T20:13:31.344+0000] {logging_mixin.py:117} INFO - [2022-09-24T20:13:31.342+0000] {dagbag.py:525} INFO - Filling up the DagBag from /home/airflow/.local/lib/python3.7/site-packages/airflow/example_dags/example_short_circuit_decorator.py
[2022-09-24T20:13:31.457+0000] {processor.py:768} INFO - DAG(s) dict_keys(['example_short_circuit_decorator']) retrieved from /home/airflow/.local/lib/python3.7/site-packages/airflow/example_dags/example_short_circuit_decorator.py
[2022-09-24T20:13:31.665+0000] {logging_mixin.py:117} INFO - [2022-09-24T20:13:31.664+0000] {dag.py:2573} INFO - Sync 1 DAGs
[2022-09-24T20:13:32.115+0000] {logging_mixin.py:117} INFO - [2022-09-24T20:13:32.114+0000] {dag.py:3328} INFO - Setting next_dagrun for example_short_circuit_decorator to 2022-09-23T20:13:32.114488+00:00, run_after=2022-09-24T20:13:32.114488+00:00
[2022-09-24T20:13:32.234+0000] {processor.py:178} INFO - Processing /home/airflow/.local/lib/python3.7/site-packages/airflow/example_dags/example_short_circuit_decorator.py took 0.921 seconds
[2022-09-24T20:14:02.778+0000] {processor.py:156} INFO - Started process (PID=9082) to work on /home/airflow/.local/lib/python3.7/site-packages/airflow/example_dags/example_short_circuit_decorator.py
[2022-09-24T20:14:02.781+0000] {processor.py:758} INFO - Processing file /home/airflow/.local/lib/python3.7/site-packages/airflow/example_dags/example_short_circuit_decorator.py for tasks to queue
[2022-09-24T20:14:02.814+0000] {logging_mixin.py:117} INFO - [2022-09-24T20:14:02.807+0000] {dagbag.py:525} INFO - Filling up the DagBag from /home/airflow/.local/lib/python3.7/site-packages/airflow/example_dags/example_short_circuit_decorator.py
[2022-09-24T20:14:03.115+0000] {processor.py:768} INFO - DAG(s) dict_keys(['example_short_circuit_decorator']) retrieved from /home/airflow/.local/lib/python3.7/site-packages/airflow/example_dags/example_short_circuit_decorator.py
[2022-09-24T20:14:03.401+0000] {logging_mixin.py:117} INFO - [2022-09-24T20:14:03.400+0000] {dag.py:2573} INFO - Sync 1 DAGs
[2022-09-24T20:14:03.589+0000] {logging_mixin.py:117} INFO - [2022-09-24T20:14:03.588+0000] {dag.py:3328} INFO - Setting next_dagrun for example_short_circuit_decorator to 2022-09-23T20:14:03.588188+00:00, run_after=2022-09-24T20:14:03.588188+00:00
[2022-09-24T20:14:04.054+0000] {processor.py:178} INFO - Processing /home/airflow/.local/lib/python3.7/site-packages/airflow/example_dags/example_short_circuit_decorator.py took 1.291 seconds
[2022-09-24T20:14:36.897+0000] {processor.py:156} INFO - Started process (PID=9277) to work on /home/airflow/.local/lib/python3.7/site-packages/airflow/example_dags/example_short_circuit_decorator.py
[2022-09-24T20:14:36.903+0000] {processor.py:758} INFO - Processing file /home/airflow/.local/lib/python3.7/site-packages/airflow/example_dags/example_short_circuit_decorator.py for tasks to queue
[2022-09-24T20:14:36.911+0000] {logging_mixin.py:117} INFO - [2022-09-24T20:14:36.911+0000] {dagbag.py:525} INFO - Filling up the DagBag from /home/airflow/.local/lib/python3.7/site-packages/airflow/example_dags/example_short_circuit_decorator.py
[2022-09-24T20:14:37.084+0000] {processor.py:768} INFO - DAG(s) dict_keys(['example_short_circuit_decorator']) retrieved from /home/airflow/.local/lib/python3.7/site-packages/airflow/example_dags/example_short_circuit_decorator.py
[2022-09-24T20:14:37.252+0000] {logging_mixin.py:117} INFO - [2022-09-24T20:14:37.251+0000] {dag.py:2573} INFO - Sync 1 DAGs
[2022-09-24T20:14:37.403+0000] {logging_mixin.py:117} INFO - [2022-09-24T20:14:37.402+0000] {dag.py:3328} INFO - Setting next_dagrun for example_short_circuit_decorator to 2022-09-23T20:14:37.401642+00:00, run_after=2022-09-24T20:14:37.401642+00:00
[2022-09-24T20:14:37.466+0000] {processor.py:178} INFO - Processing /home/airflow/.local/lib/python3.7/site-packages/airflow/example_dags/example_short_circuit_decorator.py took 0.627 seconds
[2022-09-24T20:15:09.693+0000] {processor.py:156} INFO - Started process (PID=9484) to work on /home/airflow/.local/lib/python3.7/site-packages/airflow/example_dags/example_short_circuit_decorator.py
[2022-09-24T20:15:09.702+0000] {processor.py:758} INFO - Processing file /home/airflow/.local/lib/python3.7/site-packages/airflow/example_dags/example_short_circuit_decorator.py for tasks to queue
[2022-09-24T20:15:09.708+0000] {logging_mixin.py:117} INFO - [2022-09-24T20:15:09.707+0000] {dagbag.py:525} INFO - Filling up the DagBag from /home/airflow/.local/lib/python3.7/site-packages/airflow/example_dags/example_short_circuit_decorator.py
[2022-09-24T20:15:09.820+0000] {processor.py:768} INFO - DAG(s) dict_keys(['example_short_circuit_decorator']) retrieved from /home/airflow/.local/lib/python3.7/site-packages/airflow/example_dags/example_short_circuit_decorator.py
[2022-09-24T20:15:10.026+0000] {logging_mixin.py:117} INFO - [2022-09-24T20:15:10.025+0000] {dag.py:2573} INFO - Sync 1 DAGs
[2022-09-24T20:15:10.106+0000] {logging_mixin.py:117} INFO - [2022-09-24T20:15:10.106+0000] {dag.py:3328} INFO - Setting next_dagrun for example_short_circuit_decorator to 2022-09-23T20:15:10.106158+00:00, run_after=2022-09-24T20:15:10.106158+00:00
[2022-09-24T20:15:10.253+0000] {processor.py:178} INFO - Processing /home/airflow/.local/lib/python3.7/site-packages/airflow/example_dags/example_short_circuit_decorator.py took 0.574 seconds
[2022-09-24T20:15:41.639+0000] {processor.py:156} INFO - Started process (PID=9672) to work on /home/airflow/.local/lib/python3.7/site-packages/airflow/example_dags/example_short_circuit_decorator.py
[2022-09-24T20:15:41.644+0000] {processor.py:758} INFO - Processing file /home/airflow/.local/lib/python3.7/site-packages/airflow/example_dags/example_short_circuit_decorator.py for tasks to queue
[2022-09-24T20:15:41.654+0000] {logging_mixin.py:117} INFO - [2022-09-24T20:15:41.653+0000] {dagbag.py:525} INFO - Filling up the DagBag from /home/airflow/.local/lib/python3.7/site-packages/airflow/example_dags/example_short_circuit_decorator.py
[2022-09-24T20:15:41.811+0000] {processor.py:768} INFO - DAG(s) dict_keys(['example_short_circuit_decorator']) retrieved from /home/airflow/.local/lib/python3.7/site-packages/airflow/example_dags/example_short_circuit_decorator.py
[2022-09-24T20:15:42.070+0000] {logging_mixin.py:117} INFO - [2022-09-24T20:15:42.070+0000] {dag.py:2573} INFO - Sync 1 DAGs
[2022-09-24T20:15:42.205+0000] {logging_mixin.py:117} INFO - [2022-09-24T20:15:42.204+0000] {dag.py:3328} INFO - Setting next_dagrun for example_short_circuit_decorator to 2022-09-23T20:15:42.204415+00:00, run_after=2022-09-24T20:15:42.204415+00:00
[2022-09-24T20:15:42.285+0000] {processor.py:178} INFO - Processing /home/airflow/.local/lib/python3.7/site-packages/airflow/example_dags/example_short_circuit_decorator.py took 0.656 seconds
[2022-09-24T20:16:12.757+0000] {processor.py:156} INFO - Started process (PID=9872) to work on /home/airflow/.local/lib/python3.7/site-packages/airflow/example_dags/example_short_circuit_decorator.py
[2022-09-24T20:16:12.761+0000] {processor.py:758} INFO - Processing file /home/airflow/.local/lib/python3.7/site-packages/airflow/example_dags/example_short_circuit_decorator.py for tasks to queue
[2022-09-24T20:16:12.766+0000] {logging_mixin.py:117} INFO - [2022-09-24T20:16:12.765+0000] {dagbag.py:525} INFO - Filling up the DagBag from /home/airflow/.local/lib/python3.7/site-packages/airflow/example_dags/example_short_circuit_decorator.py
[2022-09-24T20:16:12.840+0000] {processor.py:768} INFO - DAG(s) dict_keys(['example_short_circuit_decorator']) retrieved from /home/airflow/.local/lib/python3.7/site-packages/airflow/example_dags/example_short_circuit_decorator.py
[2022-09-24T20:16:13.190+0000] {logging_mixin.py:117} INFO - [2022-09-24T20:16:13.188+0000] {dag.py:2573} INFO - Sync 1 DAGs
[2022-09-24T20:16:13.332+0000] {logging_mixin.py:117} INFO - [2022-09-24T20:16:13.332+0000] {dag.py:3328} INFO - Setting next_dagrun for example_short_circuit_decorator to 2022-09-23T20:16:13.331807+00:00, run_after=2022-09-24T20:16:13.331807+00:00
[2022-09-24T20:16:13.646+0000] {processor.py:178} INFO - Processing /home/airflow/.local/lib/python3.7/site-packages/airflow/example_dags/example_short_circuit_decorator.py took 0.907 seconds
[2022-09-24T20:16:44.317+0000] {processor.py:156} INFO - Started process (PID=10071) to work on /home/airflow/.local/lib/python3.7/site-packages/airflow/example_dags/example_short_circuit_decorator.py
[2022-09-24T20:16:44.321+0000] {processor.py:758} INFO - Processing file /home/airflow/.local/lib/python3.7/site-packages/airflow/example_dags/example_short_circuit_decorator.py for tasks to queue
[2022-09-24T20:16:44.325+0000] {logging_mixin.py:117} INFO - [2022-09-24T20:16:44.325+0000] {dagbag.py:525} INFO - Filling up the DagBag from /home/airflow/.local/lib/python3.7/site-packages/airflow/example_dags/example_short_circuit_decorator.py
[2022-09-24T20:16:44.391+0000] {processor.py:768} INFO - DAG(s) dict_keys(['example_short_circuit_decorator']) retrieved from /home/airflow/.local/lib/python3.7/site-packages/airflow/example_dags/example_short_circuit_decorator.py
[2022-09-24T20:16:44.495+0000] {logging_mixin.py:117} INFO - [2022-09-24T20:16:44.495+0000] {dag.py:2573} INFO - Sync 1 DAGs
[2022-09-24T20:16:44.591+0000] {logging_mixin.py:117} INFO - [2022-09-24T20:16:44.591+0000] {dag.py:3328} INFO - Setting next_dagrun for example_short_circuit_decorator to 2022-09-23T20:16:44.590683+00:00, run_after=2022-09-24T20:16:44.590683+00:00
[2022-09-24T20:16:44.637+0000] {processor.py:178} INFO - Processing /home/airflow/.local/lib/python3.7/site-packages/airflow/example_dags/example_short_circuit_decorator.py took 0.329 seconds
[2022-09-24T20:17:14.969+0000] {processor.py:156} INFO - Started process (PID=10269) to work on /home/airflow/.local/lib/python3.7/site-packages/airflow/example_dags/example_short_circuit_decorator.py
[2022-09-24T20:17:14.974+0000] {processor.py:758} INFO - Processing file /home/airflow/.local/lib/python3.7/site-packages/airflow/example_dags/example_short_circuit_decorator.py for tasks to queue
[2022-09-24T20:17:14.978+0000] {logging_mixin.py:117} INFO - [2022-09-24T20:17:14.978+0000] {dagbag.py:525} INFO - Filling up the DagBag from /home/airflow/.local/lib/python3.7/site-packages/airflow/example_dags/example_short_circuit_decorator.py
[2022-09-24T20:17:15.071+0000] {processor.py:768} INFO - DAG(s) dict_keys(['example_short_circuit_decorator']) retrieved from /home/airflow/.local/lib/python3.7/site-packages/airflow/example_dags/example_short_circuit_decorator.py
[2022-09-24T20:17:15.193+0000] {logging_mixin.py:117} INFO - [2022-09-24T20:17:15.192+0000] {dag.py:2573} INFO - Sync 1 DAGs
[2022-09-24T20:17:15.268+0000] {logging_mixin.py:117} INFO - [2022-09-24T20:17:15.268+0000] {dag.py:3328} INFO - Setting next_dagrun for example_short_circuit_decorator to 2022-09-23T20:17:15.267041+00:00, run_after=2022-09-24T20:17:15.267041+00:00
[2022-09-24T20:17:15.336+0000] {processor.py:178} INFO - Processing /home/airflow/.local/lib/python3.7/site-packages/airflow/example_dags/example_short_circuit_decorator.py took 0.378 seconds
[2022-09-24T20:17:45.458+0000] {processor.py:156} INFO - Started process (PID=10470) to work on /home/airflow/.local/lib/python3.7/site-packages/airflow/example_dags/example_short_circuit_decorator.py
[2022-09-24T20:17:45.462+0000] {processor.py:758} INFO - Processing file /home/airflow/.local/lib/python3.7/site-packages/airflow/example_dags/example_short_circuit_decorator.py for tasks to queue
[2022-09-24T20:17:45.468+0000] {logging_mixin.py:117} INFO - [2022-09-24T20:17:45.468+0000] {dagbag.py:525} INFO - Filling up the DagBag from /home/airflow/.local/lib/python3.7/site-packages/airflow/example_dags/example_short_circuit_decorator.py
[2022-09-24T20:17:45.542+0000] {processor.py:768} INFO - DAG(s) dict_keys(['example_short_circuit_decorator']) retrieved from /home/airflow/.local/lib/python3.7/site-packages/airflow/example_dags/example_short_circuit_decorator.py
[2022-09-24T20:17:45.640+0000] {logging_mixin.py:117} INFO - [2022-09-24T20:17:45.639+0000] {dag.py:2573} INFO - Sync 1 DAGs
[2022-09-24T20:17:45.685+0000] {logging_mixin.py:117} INFO - [2022-09-24T20:17:45.684+0000] {dag.py:3328} INFO - Setting next_dagrun for example_short_circuit_decorator to 2022-09-23T20:17:45.684368+00:00, run_after=2022-09-24T20:17:45.684368+00:00
[2022-09-24T20:17:45.728+0000] {processor.py:178} INFO - Processing /home/airflow/.local/lib/python3.7/site-packages/airflow/example_dags/example_short_circuit_decorator.py took 0.278 seconds
[2022-09-24T20:18:16.182+0000] {processor.py:156} INFO - Started process (PID=10665) to work on /home/airflow/.local/lib/python3.7/site-packages/airflow/example_dags/example_short_circuit_decorator.py
[2022-09-24T20:18:16.187+0000] {processor.py:758} INFO - Processing file /home/airflow/.local/lib/python3.7/site-packages/airflow/example_dags/example_short_circuit_decorator.py for tasks to queue
[2022-09-24T20:18:16.192+0000] {logging_mixin.py:117} INFO - [2022-09-24T20:18:16.191+0000] {dagbag.py:525} INFO - Filling up the DagBag from /home/airflow/.local/lib/python3.7/site-packages/airflow/example_dags/example_short_circuit_decorator.py
[2022-09-24T20:18:16.266+0000] {processor.py:768} INFO - DAG(s) dict_keys(['example_short_circuit_decorator']) retrieved from /home/airflow/.local/lib/python3.7/site-packages/airflow/example_dags/example_short_circuit_decorator.py
[2022-09-24T20:18:16.376+0000] {logging_mixin.py:117} INFO - [2022-09-24T20:18:16.375+0000] {dag.py:2573} INFO - Sync 1 DAGs
[2022-09-24T20:18:16.468+0000] {logging_mixin.py:117} INFO - [2022-09-24T20:18:16.467+0000] {dag.py:3328} INFO - Setting next_dagrun for example_short_circuit_decorator to 2022-09-23T20:18:16.467351+00:00, run_after=2022-09-24T20:18:16.467351+00:00
[2022-09-24T20:18:16.552+0000] {processor.py:178} INFO - Processing /home/airflow/.local/lib/python3.7/site-packages/airflow/example_dags/example_short_circuit_decorator.py took 0.382 seconds
[2022-09-24T20:18:47.951+0000] {processor.py:156} INFO - Started process (PID=10867) to work on /home/airflow/.local/lib/python3.7/site-packages/airflow/example_dags/example_short_circuit_decorator.py
[2022-09-24T20:18:47.954+0000] {processor.py:758} INFO - Processing file /home/airflow/.local/lib/python3.7/site-packages/airflow/example_dags/example_short_circuit_decorator.py for tasks to queue
[2022-09-24T20:18:47.960+0000] {logging_mixin.py:117} INFO - [2022-09-24T20:18:47.960+0000] {dagbag.py:525} INFO - Filling up the DagBag from /home/airflow/.local/lib/python3.7/site-packages/airflow/example_dags/example_short_circuit_decorator.py
[2022-09-24T20:18:48.057+0000] {processor.py:768} INFO - DAG(s) dict_keys(['example_short_circuit_decorator']) retrieved from /home/airflow/.local/lib/python3.7/site-packages/airflow/example_dags/example_short_circuit_decorator.py
[2022-09-24T20:18:48.184+0000] {logging_mixin.py:117} INFO - [2022-09-24T20:18:48.184+0000] {dag.py:2573} INFO - Sync 1 DAGs
[2022-09-24T20:18:48.278+0000] {logging_mixin.py:117} INFO - [2022-09-24T20:18:48.277+0000] {dag.py:3328} INFO - Setting next_dagrun for example_short_circuit_decorator to 2022-09-23T20:18:48.277099+00:00, run_after=2022-09-24T20:18:48.277099+00:00
[2022-09-24T20:18:48.316+0000] {processor.py:178} INFO - Processing /home/airflow/.local/lib/python3.7/site-packages/airflow/example_dags/example_short_circuit_decorator.py took 0.395 seconds
[2022-09-24T20:19:19.187+0000] {processor.py:156} INFO - Started process (PID=11064) to work on /home/airflow/.local/lib/python3.7/site-packages/airflow/example_dags/example_short_circuit_decorator.py
[2022-09-24T20:19:19.192+0000] {processor.py:758} INFO - Processing file /home/airflow/.local/lib/python3.7/site-packages/airflow/example_dags/example_short_circuit_decorator.py for tasks to queue
[2022-09-24T20:19:19.194+0000] {logging_mixin.py:117} INFO - [2022-09-24T20:19:19.193+0000] {dagbag.py:525} INFO - Filling up the DagBag from /home/airflow/.local/lib/python3.7/site-packages/airflow/example_dags/example_short_circuit_decorator.py
[2022-09-24T20:19:19.246+0000] {processor.py:768} INFO - DAG(s) dict_keys(['example_short_circuit_decorator']) retrieved from /home/airflow/.local/lib/python3.7/site-packages/airflow/example_dags/example_short_circuit_decorator.py
[2022-09-24T20:19:19.381+0000] {logging_mixin.py:117} INFO - [2022-09-24T20:19:19.381+0000] {dag.py:2573} INFO - Sync 1 DAGs
[2022-09-24T20:19:19.449+0000] {logging_mixin.py:117} INFO - [2022-09-24T20:19:19.449+0000] {dag.py:3328} INFO - Setting next_dagrun for example_short_circuit_decorator to 2022-09-23T20:19:19.449335+00:00, run_after=2022-09-24T20:19:19.449335+00:00
[2022-09-24T20:19:19.516+0000] {processor.py:178} INFO - Processing /home/airflow/.local/lib/python3.7/site-packages/airflow/example_dags/example_short_circuit_decorator.py took 0.339 seconds
[2022-09-24T20:19:51.968+0000] {processor.py:156} INFO - Started process (PID=11263) to work on /home/airflow/.local/lib/python3.7/site-packages/airflow/example_dags/example_short_circuit_decorator.py
[2022-09-24T20:19:51.971+0000] {processor.py:758} INFO - Processing file /home/airflow/.local/lib/python3.7/site-packages/airflow/example_dags/example_short_circuit_decorator.py for tasks to queue
[2022-09-24T20:19:51.974+0000] {logging_mixin.py:117} INFO - [2022-09-24T20:19:51.974+0000] {dagbag.py:525} INFO - Filling up the DagBag from /home/airflow/.local/lib/python3.7/site-packages/airflow/example_dags/example_short_circuit_decorator.py
[2022-09-24T20:19:52.190+0000] {processor.py:768} INFO - DAG(s) dict_keys(['example_short_circuit_decorator']) retrieved from /home/airflow/.local/lib/python3.7/site-packages/airflow/example_dags/example_short_circuit_decorator.py
[2022-09-24T20:19:52.468+0000] {logging_mixin.py:117} INFO - [2022-09-24T20:19:52.468+0000] {dag.py:2573} INFO - Sync 1 DAGs
[2022-09-24T20:19:52.661+0000] {logging_mixin.py:117} INFO - [2022-09-24T20:19:52.661+0000] {dag.py:3328} INFO - Setting next_dagrun for example_short_circuit_decorator to 2022-09-23T20:19:52.661013+00:00, run_after=2022-09-24T20:19:52.661013+00:00
[2022-09-24T20:19:52.750+0000] {processor.py:178} INFO - Processing /home/airflow/.local/lib/python3.7/site-packages/airflow/example_dags/example_short_circuit_decorator.py took 0.798 seconds
[2022-09-24T20:20:22.897+0000] {processor.py:156} INFO - Started process (PID=11475) to work on /home/airflow/.local/lib/python3.7/site-packages/airflow/example_dags/example_short_circuit_decorator.py
[2022-09-24T20:20:22.901+0000] {processor.py:758} INFO - Processing file /home/airflow/.local/lib/python3.7/site-packages/airflow/example_dags/example_short_circuit_decorator.py for tasks to queue
[2022-09-24T20:20:22.903+0000] {logging_mixin.py:117} INFO - [2022-09-24T20:20:22.903+0000] {dagbag.py:525} INFO - Filling up the DagBag from /home/airflow/.local/lib/python3.7/site-packages/airflow/example_dags/example_short_circuit_decorator.py
[2022-09-24T20:20:23.008+0000] {processor.py:768} INFO - DAG(s) dict_keys(['example_short_circuit_decorator']) retrieved from /home/airflow/.local/lib/python3.7/site-packages/airflow/example_dags/example_short_circuit_decorator.py
[2022-09-24T20:20:23.137+0000] {logging_mixin.py:117} INFO - [2022-09-24T20:20:23.136+0000] {dag.py:2573} INFO - Sync 1 DAGs
[2022-09-24T20:20:23.265+0000] {logging_mixin.py:117} INFO - [2022-09-24T20:20:23.265+0000] {dag.py:3328} INFO - Setting next_dagrun for example_short_circuit_decorator to 2022-09-23T20:20:23.264584+00:00, run_after=2022-09-24T20:20:23.264584+00:00
[2022-09-24T20:20:23.309+0000] {processor.py:178} INFO - Processing /home/airflow/.local/lib/python3.7/site-packages/airflow/example_dags/example_short_circuit_decorator.py took 0.423 seconds
[2022-09-24T20:20:53.455+0000] {processor.py:156} INFO - Started process (PID=11675) to work on /home/airflow/.local/lib/python3.7/site-packages/airflow/example_dags/example_short_circuit_decorator.py
[2022-09-24T20:20:53.464+0000] {processor.py:758} INFO - Processing file /home/airflow/.local/lib/python3.7/site-packages/airflow/example_dags/example_short_circuit_decorator.py for tasks to queue
[2022-09-24T20:20:53.471+0000] {logging_mixin.py:117} INFO - [2022-09-24T20:20:53.471+0000] {dagbag.py:525} INFO - Filling up the DagBag from /home/airflow/.local/lib/python3.7/site-packages/airflow/example_dags/example_short_circuit_decorator.py
[2022-09-24T20:20:53.588+0000] {processor.py:768} INFO - DAG(s) dict_keys(['example_short_circuit_decorator']) retrieved from /home/airflow/.local/lib/python3.7/site-packages/airflow/example_dags/example_short_circuit_decorator.py
[2022-09-24T20:20:53.753+0000] {logging_mixin.py:117} INFO - [2022-09-24T20:20:53.753+0000] {dag.py:2573} INFO - Sync 1 DAGs
[2022-09-24T20:20:53.807+0000] {logging_mixin.py:117} INFO - [2022-09-24T20:20:53.807+0000] {dag.py:3328} INFO - Setting next_dagrun for example_short_circuit_decorator to 2022-09-23T20:20:53.807201+00:00, run_after=2022-09-24T20:20:53.807201+00:00
[2022-09-24T20:20:53.846+0000] {processor.py:178} INFO - Processing /home/airflow/.local/lib/python3.7/site-packages/airflow/example_dags/example_short_circuit_decorator.py took 0.423 seconds
[2022-09-24T20:21:25.949+0000] {processor.py:156} INFO - Started process (PID=11878) to work on /home/airflow/.local/lib/python3.7/site-packages/airflow/example_dags/example_short_circuit_decorator.py
[2022-09-24T20:21:25.965+0000] {processor.py:758} INFO - Processing file /home/airflow/.local/lib/python3.7/site-packages/airflow/example_dags/example_short_circuit_decorator.py for tasks to queue
[2022-09-24T20:21:25.992+0000] {logging_mixin.py:117} INFO - [2022-09-24T20:21:25.990+0000] {dagbag.py:525} INFO - Filling up the DagBag from /home/airflow/.local/lib/python3.7/site-packages/airflow/example_dags/example_short_circuit_decorator.py
[2022-09-24T20:21:26.185+0000] {processor.py:768} INFO - DAG(s) dict_keys(['example_short_circuit_decorator']) retrieved from /home/airflow/.local/lib/python3.7/site-packages/airflow/example_dags/example_short_circuit_decorator.py
[2022-09-24T20:21:26.498+0000] {logging_mixin.py:117} INFO - [2022-09-24T20:21:26.497+0000] {dag.py:2573} INFO - Sync 1 DAGs
[2022-09-24T20:21:26.679+0000] {logging_mixin.py:117} INFO - [2022-09-24T20:21:26.677+0000] {dag.py:3328} INFO - Setting next_dagrun for example_short_circuit_decorator to 2022-09-23T20:21:26.654772+00:00, run_after=2022-09-24T20:21:26.654772+00:00
[2022-09-24T20:21:26.804+0000] {processor.py:178} INFO - Processing /home/airflow/.local/lib/python3.7/site-packages/airflow/example_dags/example_short_circuit_decorator.py took 1.002 seconds
