[2022-09-24T19:50:57.373+0000] {processor.py:156} INFO - Started process (PID=314) to work on /home/airflow/.local/lib/python3.7/site-packages/airflow/example_dags/example_latest_only_with_trigger.py
[2022-09-24T19:50:57.391+0000] {processor.py:758} INFO - Processing file /home/airflow/.local/lib/python3.7/site-packages/airflow/example_dags/example_latest_only_with_trigger.py for tasks to queue
[2022-09-24T19:50:57.414+0000] {logging_mixin.py:117} INFO - [2022-09-24T19:50:57.413+0000] {dagbag.py:525} INFO - Filling up the DagBag from /home/airflow/.local/lib/python3.7/site-packages/airflow/example_dags/example_latest_only_with_trigger.py
[2022-09-24T19:50:57.492+0000] {processor.py:768} INFO - DAG(s) dict_keys(['latest_only_with_trigger']) retrieved from /home/airflow/.local/lib/python3.7/site-packages/airflow/example_dags/example_latest_only_with_trigger.py
[2022-09-24T19:50:57.682+0000] {logging_mixin.py:117} INFO - [2022-09-24T19:50:57.681+0000] {dag.py:2573} INFO - Sync 1 DAGs
[2022-09-24T19:50:57.861+0000] {logging_mixin.py:117} INFO - [2022-09-24T19:50:57.861+0000] {dag.py:3328} INFO - Setting next_dagrun for latest_only_with_trigger to 2022-09-24T15:50:57.860925+00:00, run_after=2022-09-24T19:50:57.860925+00:00
[2022-09-24T19:50:58.072+0000] {processor.py:178} INFO - Processing /home/airflow/.local/lib/python3.7/site-packages/airflow/example_dags/example_latest_only_with_trigger.py took 0.709 seconds
[2022-09-24T19:51:30.380+0000] {processor.py:156} INFO - Started process (PID=514) to work on /home/airflow/.local/lib/python3.7/site-packages/airflow/example_dags/example_latest_only_with_trigger.py
[2022-09-24T19:51:30.393+0000] {processor.py:758} INFO - Processing file /home/airflow/.local/lib/python3.7/site-packages/airflow/example_dags/example_latest_only_with_trigger.py for tasks to queue
[2022-09-24T19:51:30.400+0000] {logging_mixin.py:117} INFO - [2022-09-24T19:51:30.399+0000] {dagbag.py:525} INFO - Filling up the DagBag from /home/airflow/.local/lib/python3.7/site-packages/airflow/example_dags/example_latest_only_with_trigger.py
[2022-09-24T19:51:30.441+0000] {processor.py:768} INFO - DAG(s) dict_keys(['latest_only_with_trigger']) retrieved from /home/airflow/.local/lib/python3.7/site-packages/airflow/example_dags/example_latest_only_with_trigger.py
[2022-09-24T19:51:30.537+0000] {logging_mixin.py:117} INFO - [2022-09-24T19:51:30.536+0000] {dag.py:2573} INFO - Sync 1 DAGs
[2022-09-24T19:51:30.591+0000] {logging_mixin.py:117} INFO - [2022-09-24T19:51:30.591+0000] {dag.py:3328} INFO - Setting next_dagrun for latest_only_with_trigger to 2022-09-24T15:51:30.590731+00:00, run_after=2022-09-24T19:51:30.590731+00:00
[2022-09-24T19:51:30.854+0000] {processor.py:178} INFO - Processing /home/airflow/.local/lib/python3.7/site-packages/airflow/example_dags/example_latest_only_with_trigger.py took 0.478 seconds
[2022-09-24T19:52:05.901+0000] {processor.py:156} INFO - Started process (PID=712) to work on /home/airflow/.local/lib/python3.7/site-packages/airflow/example_dags/example_latest_only_with_trigger.py
[2022-09-24T19:52:05.908+0000] {processor.py:758} INFO - Processing file /home/airflow/.local/lib/python3.7/site-packages/airflow/example_dags/example_latest_only_with_trigger.py for tasks to queue
[2022-09-24T19:52:05.927+0000] {logging_mixin.py:117} INFO - [2022-09-24T19:52:05.927+0000] {dagbag.py:525} INFO - Filling up the DagBag from /home/airflow/.local/lib/python3.7/site-packages/airflow/example_dags/example_latest_only_with_trigger.py
[2022-09-24T19:52:06.007+0000] {processor.py:768} INFO - DAG(s) dict_keys(['latest_only_with_trigger']) retrieved from /home/airflow/.local/lib/python3.7/site-packages/airflow/example_dags/example_latest_only_with_trigger.py
[2022-09-24T19:52:06.150+0000] {logging_mixin.py:117} INFO - [2022-09-24T19:52:06.148+0000] {dag.py:2573} INFO - Sync 1 DAGs
[2022-09-24T19:52:06.560+0000] {logging_mixin.py:117} INFO - [2022-09-24T19:52:06.558+0000] {dag.py:3328} INFO - Setting next_dagrun for latest_only_with_trigger to 2022-09-24T15:52:06.557226+00:00, run_after=2022-09-24T19:52:06.557226+00:00
[2022-09-24T19:52:06.657+0000] {processor.py:178} INFO - Processing /home/airflow/.local/lib/python3.7/site-packages/airflow/example_dags/example_latest_only_with_trigger.py took 0.766 seconds
[2022-09-24T19:52:37.666+0000] {processor.py:156} INFO - Started process (PID=908) to work on /home/airflow/.local/lib/python3.7/site-packages/airflow/example_dags/example_latest_only_with_trigger.py
[2022-09-24T19:52:37.673+0000] {processor.py:758} INFO - Processing file /home/airflow/.local/lib/python3.7/site-packages/airflow/example_dags/example_latest_only_with_trigger.py for tasks to queue
[2022-09-24T19:52:37.683+0000] {logging_mixin.py:117} INFO - [2022-09-24T19:52:37.683+0000] {dagbag.py:525} INFO - Filling up the DagBag from /home/airflow/.local/lib/python3.7/site-packages/airflow/example_dags/example_latest_only_with_trigger.py
[2022-09-24T19:52:37.771+0000] {processor.py:768} INFO - DAG(s) dict_keys(['latest_only_with_trigger']) retrieved from /home/airflow/.local/lib/python3.7/site-packages/airflow/example_dags/example_latest_only_with_trigger.py
[2022-09-24T19:52:37.955+0000] {logging_mixin.py:117} INFO - [2022-09-24T19:52:37.955+0000] {dag.py:2573} INFO - Sync 1 DAGs
[2022-09-24T19:52:38.427+0000] {logging_mixin.py:117} INFO - [2022-09-24T19:52:38.427+0000] {dag.py:3328} INFO - Setting next_dagrun for latest_only_with_trigger to 2022-09-24T15:52:38.426796+00:00, run_after=2022-09-24T19:52:38.426796+00:00
[2022-09-24T19:52:38.503+0000] {processor.py:178} INFO - Processing /home/airflow/.local/lib/python3.7/site-packages/airflow/example_dags/example_latest_only_with_trigger.py took 0.868 seconds
[2022-09-24T19:53:09.132+0000] {processor.py:156} INFO - Started process (PID=1115) to work on /home/airflow/.local/lib/python3.7/site-packages/airflow/example_dags/example_latest_only_with_trigger.py
[2022-09-24T19:53:09.143+0000] {processor.py:758} INFO - Processing file /home/airflow/.local/lib/python3.7/site-packages/airflow/example_dags/example_latest_only_with_trigger.py for tasks to queue
[2022-09-24T19:53:09.145+0000] {logging_mixin.py:117} INFO - [2022-09-24T19:53:09.145+0000] {dagbag.py:525} INFO - Filling up the DagBag from /home/airflow/.local/lib/python3.7/site-packages/airflow/example_dags/example_latest_only_with_trigger.py
[2022-09-24T19:53:09.218+0000] {processor.py:768} INFO - DAG(s) dict_keys(['latest_only_with_trigger']) retrieved from /home/airflow/.local/lib/python3.7/site-packages/airflow/example_dags/example_latest_only_with_trigger.py
[2022-09-24T19:53:09.895+0000] {logging_mixin.py:117} INFO - [2022-09-24T19:53:09.895+0000] {dag.py:2573} INFO - Sync 1 DAGs
[2022-09-24T19:53:09.991+0000] {logging_mixin.py:117} INFO - [2022-09-24T19:53:09.991+0000] {dag.py:3328} INFO - Setting next_dagrun for latest_only_with_trigger to 2022-09-24T15:53:09.991012+00:00, run_after=2022-09-24T19:53:09.991012+00:00
[2022-09-24T19:53:10.061+0000] {processor.py:178} INFO - Processing /home/airflow/.local/lib/python3.7/site-packages/airflow/example_dags/example_latest_only_with_trigger.py took 0.940 seconds
[2022-09-24T19:53:41.243+0000] {processor.py:156} INFO - Started process (PID=1305) to work on /home/airflow/.local/lib/python3.7/site-packages/airflow/example_dags/example_latest_only_with_trigger.py
[2022-09-24T19:53:41.247+0000] {processor.py:758} INFO - Processing file /home/airflow/.local/lib/python3.7/site-packages/airflow/example_dags/example_latest_only_with_trigger.py for tasks to queue
[2022-09-24T19:53:41.253+0000] {logging_mixin.py:117} INFO - [2022-09-24T19:53:41.252+0000] {dagbag.py:525} INFO - Filling up the DagBag from /home/airflow/.local/lib/python3.7/site-packages/airflow/example_dags/example_latest_only_with_trigger.py
[2022-09-24T19:53:41.286+0000] {processor.py:768} INFO - DAG(s) dict_keys(['latest_only_with_trigger']) retrieved from /home/airflow/.local/lib/python3.7/site-packages/airflow/example_dags/example_latest_only_with_trigger.py
[2022-09-24T19:53:41.688+0000] {logging_mixin.py:117} INFO - [2022-09-24T19:53:41.688+0000] {dag.py:2573} INFO - Sync 1 DAGs
[2022-09-24T19:53:41.764+0000] {logging_mixin.py:117} INFO - [2022-09-24T19:53:41.764+0000] {dag.py:3328} INFO - Setting next_dagrun for latest_only_with_trigger to 2022-09-24T15:53:41.763911+00:00, run_after=2022-09-24T19:53:41.763911+00:00
[2022-09-24T19:53:41.916+0000] {processor.py:178} INFO - Processing /home/airflow/.local/lib/python3.7/site-packages/airflow/example_dags/example_latest_only_with_trigger.py took 0.683 seconds
[2022-09-24T19:54:13.709+0000] {processor.py:156} INFO - Started process (PID=1512) to work on /home/airflow/.local/lib/python3.7/site-packages/airflow/example_dags/example_latest_only_with_trigger.py
[2022-09-24T19:54:13.716+0000] {processor.py:758} INFO - Processing file /home/airflow/.local/lib/python3.7/site-packages/airflow/example_dags/example_latest_only_with_trigger.py for tasks to queue
[2022-09-24T19:54:13.729+0000] {logging_mixin.py:117} INFO - [2022-09-24T19:54:13.725+0000] {dagbag.py:525} INFO - Filling up the DagBag from /home/airflow/.local/lib/python3.7/site-packages/airflow/example_dags/example_latest_only_with_trigger.py
[2022-09-24T19:54:14.221+0000] {processor.py:768} INFO - DAG(s) dict_keys(['latest_only_with_trigger']) retrieved from /home/airflow/.local/lib/python3.7/site-packages/airflow/example_dags/example_latest_only_with_trigger.py
[2022-09-24T19:54:14.378+0000] {logging_mixin.py:117} INFO - [2022-09-24T19:54:14.377+0000] {dag.py:2573} INFO - Sync 1 DAGs
[2022-09-24T19:54:14.483+0000] {logging_mixin.py:117} INFO - [2022-09-24T19:54:14.482+0000] {dag.py:3328} INFO - Setting next_dagrun for latest_only_with_trigger to 2022-09-24T15:54:14.482436+00:00, run_after=2022-09-24T19:54:14.482436+00:00
[2022-09-24T19:54:14.589+0000] {processor.py:178} INFO - Processing /home/airflow/.local/lib/python3.7/site-packages/airflow/example_dags/example_latest_only_with_trigger.py took 0.906 seconds
[2022-09-24T19:54:45.678+0000] {processor.py:156} INFO - Started process (PID=1712) to work on /home/airflow/.local/lib/python3.7/site-packages/airflow/example_dags/example_latest_only_with_trigger.py
[2022-09-24T19:54:45.682+0000] {processor.py:758} INFO - Processing file /home/airflow/.local/lib/python3.7/site-packages/airflow/example_dags/example_latest_only_with_trigger.py for tasks to queue
[2022-09-24T19:54:45.686+0000] {logging_mixin.py:117} INFO - [2022-09-24T19:54:45.686+0000] {dagbag.py:525} INFO - Filling up the DagBag from /home/airflow/.local/lib/python3.7/site-packages/airflow/example_dags/example_latest_only_with_trigger.py
[2022-09-24T19:54:45.729+0000] {processor.py:768} INFO - DAG(s) dict_keys(['latest_only_with_trigger']) retrieved from /home/airflow/.local/lib/python3.7/site-packages/airflow/example_dags/example_latest_only_with_trigger.py
[2022-09-24T19:54:45.830+0000] {logging_mixin.py:117} INFO - [2022-09-24T19:54:45.830+0000] {dag.py:2573} INFO - Sync 1 DAGs
[2022-09-24T19:54:45.949+0000] {logging_mixin.py:117} INFO - [2022-09-24T19:54:45.948+0000] {dag.py:3328} INFO - Setting next_dagrun for latest_only_with_trigger to 2022-09-24T15:54:45.948168+00:00, run_after=2022-09-24T19:54:45.948168+00:00
[2022-09-24T19:54:46.030+0000] {processor.py:178} INFO - Processing /home/airflow/.local/lib/python3.7/site-packages/airflow/example_dags/example_latest_only_with_trigger.py took 0.370 seconds
[2022-09-24T19:55:16.671+0000] {processor.py:156} INFO - Started process (PID=1909) to work on /home/airflow/.local/lib/python3.7/site-packages/airflow/example_dags/example_latest_only_with_trigger.py
[2022-09-24T19:55:16.678+0000] {processor.py:758} INFO - Processing file /home/airflow/.local/lib/python3.7/site-packages/airflow/example_dags/example_latest_only_with_trigger.py for tasks to queue
[2022-09-24T19:55:16.687+0000] {logging_mixin.py:117} INFO - [2022-09-24T19:55:16.686+0000] {dagbag.py:525} INFO - Filling up the DagBag from /home/airflow/.local/lib/python3.7/site-packages/airflow/example_dags/example_latest_only_with_trigger.py
[2022-09-24T19:55:16.806+0000] {processor.py:768} INFO - DAG(s) dict_keys(['latest_only_with_trigger']) retrieved from /home/airflow/.local/lib/python3.7/site-packages/airflow/example_dags/example_latest_only_with_trigger.py
[2022-09-24T19:55:16.973+0000] {logging_mixin.py:117} INFO - [2022-09-24T19:55:16.973+0000] {dag.py:2573} INFO - Sync 1 DAGs
[2022-09-24T19:55:17.036+0000] {logging_mixin.py:117} INFO - [2022-09-24T19:55:17.036+0000] {dag.py:3328} INFO - Setting next_dagrun for latest_only_with_trigger to 2022-09-24T15:55:17.036255+00:00, run_after=2022-09-24T19:55:17.036255+00:00
[2022-09-24T19:55:17.105+0000] {processor.py:178} INFO - Processing /home/airflow/.local/lib/python3.7/site-packages/airflow/example_dags/example_latest_only_with_trigger.py took 0.450 seconds
[2022-09-24T19:55:47.726+0000] {processor.py:156} INFO - Started process (PID=2107) to work on /home/airflow/.local/lib/python3.7/site-packages/airflow/example_dags/example_latest_only_with_trigger.py
[2022-09-24T19:55:47.730+0000] {processor.py:758} INFO - Processing file /home/airflow/.local/lib/python3.7/site-packages/airflow/example_dags/example_latest_only_with_trigger.py for tasks to queue
[2022-09-24T19:55:47.733+0000] {logging_mixin.py:117} INFO - [2022-09-24T19:55:47.733+0000] {dagbag.py:525} INFO - Filling up the DagBag from /home/airflow/.local/lib/python3.7/site-packages/airflow/example_dags/example_latest_only_with_trigger.py
[2022-09-24T19:55:47.795+0000] {processor.py:768} INFO - DAG(s) dict_keys(['latest_only_with_trigger']) retrieved from /home/airflow/.local/lib/python3.7/site-packages/airflow/example_dags/example_latest_only_with_trigger.py
[2022-09-24T19:55:47.971+0000] {logging_mixin.py:117} INFO - [2022-09-24T19:55:47.971+0000] {dag.py:2573} INFO - Sync 1 DAGs
[2022-09-24T19:55:48.080+0000] {logging_mixin.py:117} INFO - [2022-09-24T19:55:48.080+0000] {dag.py:3328} INFO - Setting next_dagrun for latest_only_with_trigger to 2022-09-24T15:55:48.079884+00:00, run_after=2022-09-24T19:55:48.079884+00:00
[2022-09-24T19:55:48.171+0000] {processor.py:178} INFO - Processing /home/airflow/.local/lib/python3.7/site-packages/airflow/example_dags/example_latest_only_with_trigger.py took 0.466 seconds
[2022-09-24T19:56:18.298+0000] {processor.py:156} INFO - Started process (PID=2305) to work on /home/airflow/.local/lib/python3.7/site-packages/airflow/example_dags/example_latest_only_with_trigger.py
[2022-09-24T19:56:18.303+0000] {processor.py:758} INFO - Processing file /home/airflow/.local/lib/python3.7/site-packages/airflow/example_dags/example_latest_only_with_trigger.py for tasks to queue
[2022-09-24T19:56:18.308+0000] {logging_mixin.py:117} INFO - [2022-09-24T19:56:18.307+0000] {dagbag.py:525} INFO - Filling up the DagBag from /home/airflow/.local/lib/python3.7/site-packages/airflow/example_dags/example_latest_only_with_trigger.py
[2022-09-24T19:56:18.346+0000] {processor.py:768} INFO - DAG(s) dict_keys(['latest_only_with_trigger']) retrieved from /home/airflow/.local/lib/python3.7/site-packages/airflow/example_dags/example_latest_only_with_trigger.py
[2022-09-24T19:56:18.458+0000] {logging_mixin.py:117} INFO - [2022-09-24T19:56:18.457+0000] {dag.py:2573} INFO - Sync 1 DAGs
[2022-09-24T19:56:18.525+0000] {logging_mixin.py:117} INFO - [2022-09-24T19:56:18.525+0000] {dag.py:3328} INFO - Setting next_dagrun for latest_only_with_trigger to 2022-09-24T15:56:18.524685+00:00, run_after=2022-09-24T19:56:18.524685+00:00
[2022-09-24T19:56:18.577+0000] {processor.py:178} INFO - Processing /home/airflow/.local/lib/python3.7/site-packages/airflow/example_dags/example_latest_only_with_trigger.py took 0.288 seconds
[2022-09-24T19:56:48.844+0000] {processor.py:156} INFO - Started process (PID=2503) to work on /home/airflow/.local/lib/python3.7/site-packages/airflow/example_dags/example_latest_only_with_trigger.py
[2022-09-24T19:56:48.848+0000] {processor.py:758} INFO - Processing file /home/airflow/.local/lib/python3.7/site-packages/airflow/example_dags/example_latest_only_with_trigger.py for tasks to queue
[2022-09-24T19:56:48.851+0000] {logging_mixin.py:117} INFO - [2022-09-24T19:56:48.851+0000] {dagbag.py:525} INFO - Filling up the DagBag from /home/airflow/.local/lib/python3.7/site-packages/airflow/example_dags/example_latest_only_with_trigger.py
[2022-09-24T19:56:48.889+0000] {processor.py:768} INFO - DAG(s) dict_keys(['latest_only_with_trigger']) retrieved from /home/airflow/.local/lib/python3.7/site-packages/airflow/example_dags/example_latest_only_with_trigger.py
[2022-09-24T19:56:48.976+0000] {logging_mixin.py:117} INFO - [2022-09-24T19:56:48.976+0000] {dag.py:2573} INFO - Sync 1 DAGs
[2022-09-24T19:56:49.028+0000] {logging_mixin.py:117} INFO - [2022-09-24T19:56:49.028+0000] {dag.py:3328} INFO - Setting next_dagrun for latest_only_with_trigger to 2022-09-24T15:56:49.027705+00:00, run_after=2022-09-24T19:56:49.027705+00:00
[2022-09-24T19:56:49.070+0000] {processor.py:178} INFO - Processing /home/airflow/.local/lib/python3.7/site-packages/airflow/example_dags/example_latest_only_with_trigger.py took 0.231 seconds
[2022-09-24T19:57:30.629+0000] {processor.py:156} INFO - Started process (PID=2709) to work on /home/airflow/.local/lib/python3.7/site-packages/airflow/example_dags/example_latest_only_with_trigger.py
[2022-09-24T19:57:30.637+0000] {processor.py:758} INFO - Processing file /home/airflow/.local/lib/python3.7/site-packages/airflow/example_dags/example_latest_only_with_trigger.py for tasks to queue
[2022-09-24T19:57:30.643+0000] {logging_mixin.py:117} INFO - [2022-09-24T19:57:30.642+0000] {dagbag.py:525} INFO - Filling up the DagBag from /home/airflow/.local/lib/python3.7/site-packages/airflow/example_dags/example_latest_only_with_trigger.py
[2022-09-24T19:57:30.719+0000] {processor.py:768} INFO - DAG(s) dict_keys(['latest_only_with_trigger']) retrieved from /home/airflow/.local/lib/python3.7/site-packages/airflow/example_dags/example_latest_only_with_trigger.py
[2022-09-24T19:57:30.853+0000] {logging_mixin.py:117} INFO - [2022-09-24T19:57:30.853+0000] {dag.py:2573} INFO - Sync 1 DAGs
[2022-09-24T19:57:31.063+0000] {logging_mixin.py:117} INFO - [2022-09-24T19:57:31.063+0000] {dag.py:3328} INFO - Setting next_dagrun for latest_only_with_trigger to 2022-09-24T15:57:31.062841+00:00, run_after=2022-09-24T19:57:31.062841+00:00
[2022-09-24T19:57:31.107+0000] {processor.py:178} INFO - Processing /home/airflow/.local/lib/python3.7/site-packages/airflow/example_dags/example_latest_only_with_trigger.py took 0.509 seconds
[2022-09-24T19:58:01.267+0000] {processor.py:156} INFO - Started process (PID=2908) to work on /home/airflow/.local/lib/python3.7/site-packages/airflow/example_dags/example_latest_only_with_trigger.py
[2022-09-24T19:58:01.271+0000] {processor.py:758} INFO - Processing file /home/airflow/.local/lib/python3.7/site-packages/airflow/example_dags/example_latest_only_with_trigger.py for tasks to queue
[2022-09-24T19:58:01.277+0000] {logging_mixin.py:117} INFO - [2022-09-24T19:58:01.277+0000] {dagbag.py:525} INFO - Filling up the DagBag from /home/airflow/.local/lib/python3.7/site-packages/airflow/example_dags/example_latest_only_with_trigger.py
[2022-09-24T19:58:01.312+0000] {processor.py:768} INFO - DAG(s) dict_keys(['latest_only_with_trigger']) retrieved from /home/airflow/.local/lib/python3.7/site-packages/airflow/example_dags/example_latest_only_with_trigger.py
[2022-09-24T19:58:01.402+0000] {logging_mixin.py:117} INFO - [2022-09-24T19:58:01.402+0000] {dag.py:2573} INFO - Sync 1 DAGs
[2022-09-24T19:58:01.451+0000] {logging_mixin.py:117} INFO - [2022-09-24T19:58:01.451+0000] {dag.py:3328} INFO - Setting next_dagrun for latest_only_with_trigger to 2022-09-24T15:58:01.450883+00:00, run_after=2022-09-24T19:58:01.450883+00:00
[2022-09-24T19:58:01.491+0000] {processor.py:178} INFO - Processing /home/airflow/.local/lib/python3.7/site-packages/airflow/example_dags/example_latest_only_with_trigger.py took 0.235 seconds
[2022-09-24T19:58:33.639+0000] {processor.py:156} INFO - Started process (PID=3106) to work on /home/airflow/.local/lib/python3.7/site-packages/airflow/example_dags/example_latest_only_with_trigger.py
[2022-09-24T19:58:33.648+0000] {processor.py:758} INFO - Processing file /home/airflow/.local/lib/python3.7/site-packages/airflow/example_dags/example_latest_only_with_trigger.py for tasks to queue
[2022-09-24T19:58:33.664+0000] {logging_mixin.py:117} INFO - [2022-09-24T19:58:33.663+0000] {dagbag.py:525} INFO - Filling up the DagBag from /home/airflow/.local/lib/python3.7/site-packages/airflow/example_dags/example_latest_only_with_trigger.py
[2022-09-24T19:58:33.775+0000] {processor.py:768} INFO - DAG(s) dict_keys(['latest_only_with_trigger']) retrieved from /home/airflow/.local/lib/python3.7/site-packages/airflow/example_dags/example_latest_only_with_trigger.py
[2022-09-24T19:58:34.177+0000] {logging_mixin.py:117} INFO - [2022-09-24T19:58:34.177+0000] {dag.py:2573} INFO - Sync 1 DAGs
[2022-09-24T19:58:34.286+0000] {logging_mixin.py:117} INFO - [2022-09-24T19:58:34.286+0000] {dag.py:3328} INFO - Setting next_dagrun for latest_only_with_trigger to 2022-09-24T15:58:34.285908+00:00, run_after=2022-09-24T19:58:34.285908+00:00
[2022-09-24T19:58:34.364+0000] {processor.py:178} INFO - Processing /home/airflow/.local/lib/python3.7/site-packages/airflow/example_dags/example_latest_only_with_trigger.py took 0.746 seconds
[2022-09-24T19:59:04.774+0000] {processor.py:156} INFO - Started process (PID=3304) to work on /home/airflow/.local/lib/python3.7/site-packages/airflow/example_dags/example_latest_only_with_trigger.py
[2022-09-24T19:59:04.779+0000] {processor.py:758} INFO - Processing file /home/airflow/.local/lib/python3.7/site-packages/airflow/example_dags/example_latest_only_with_trigger.py for tasks to queue
[2022-09-24T19:59:04.783+0000] {logging_mixin.py:117} INFO - [2022-09-24T19:59:04.782+0000] {dagbag.py:525} INFO - Filling up the DagBag from /home/airflow/.local/lib/python3.7/site-packages/airflow/example_dags/example_latest_only_with_trigger.py
[2022-09-24T19:59:04.878+0000] {processor.py:768} INFO - DAG(s) dict_keys(['latest_only_with_trigger']) retrieved from /home/airflow/.local/lib/python3.7/site-packages/airflow/example_dags/example_latest_only_with_trigger.py
[2022-09-24T19:59:05.030+0000] {logging_mixin.py:117} INFO - [2022-09-24T19:59:05.029+0000] {dag.py:2573} INFO - Sync 1 DAGs
[2022-09-24T19:59:05.536+0000] {logging_mixin.py:117} INFO - [2022-09-24T19:59:05.536+0000] {dag.py:3328} INFO - Setting next_dagrun for latest_only_with_trigger to 2022-09-24T15:59:05.535464+00:00, run_after=2022-09-24T19:59:05.535464+00:00
[2022-09-24T19:59:05.728+0000] {processor.py:178} INFO - Processing /home/airflow/.local/lib/python3.7/site-packages/airflow/example_dags/example_latest_only_with_trigger.py took 1.000 seconds
[2022-09-24T19:59:36.198+0000] {processor.py:156} INFO - Started process (PID=3502) to work on /home/airflow/.local/lib/python3.7/site-packages/airflow/example_dags/example_latest_only_with_trigger.py
[2022-09-24T19:59:36.205+0000] {processor.py:758} INFO - Processing file /home/airflow/.local/lib/python3.7/site-packages/airflow/example_dags/example_latest_only_with_trigger.py for tasks to queue
[2022-09-24T19:59:36.209+0000] {logging_mixin.py:117} INFO - [2022-09-24T19:59:36.209+0000] {dagbag.py:525} INFO - Filling up the DagBag from /home/airflow/.local/lib/python3.7/site-packages/airflow/example_dags/example_latest_only_with_trigger.py
[2022-09-24T19:59:36.253+0000] {processor.py:768} INFO - DAG(s) dict_keys(['latest_only_with_trigger']) retrieved from /home/airflow/.local/lib/python3.7/site-packages/airflow/example_dags/example_latest_only_with_trigger.py
[2022-09-24T19:59:36.381+0000] {logging_mixin.py:117} INFO - [2022-09-24T19:59:36.381+0000] {dag.py:2573} INFO - Sync 1 DAGs
[2022-09-24T19:59:36.478+0000] {logging_mixin.py:117} INFO - [2022-09-24T19:59:36.477+0000] {dag.py:3328} INFO - Setting next_dagrun for latest_only_with_trigger to 2022-09-24T15:59:36.477345+00:00, run_after=2022-09-24T19:59:36.477345+00:00
[2022-09-24T19:59:36.532+0000] {processor.py:178} INFO - Processing /home/airflow/.local/lib/python3.7/site-packages/airflow/example_dags/example_latest_only_with_trigger.py took 0.344 seconds
[2022-09-24T20:00:07.036+0000] {processor.py:156} INFO - Started process (PID=3700) to work on /home/airflow/.local/lib/python3.7/site-packages/airflow/example_dags/example_latest_only_with_trigger.py
[2022-09-24T20:00:07.040+0000] {processor.py:758} INFO - Processing file /home/airflow/.local/lib/python3.7/site-packages/airflow/example_dags/example_latest_only_with_trigger.py for tasks to queue
[2022-09-24T20:00:07.043+0000] {logging_mixin.py:117} INFO - [2022-09-24T20:00:07.043+0000] {dagbag.py:525} INFO - Filling up the DagBag from /home/airflow/.local/lib/python3.7/site-packages/airflow/example_dags/example_latest_only_with_trigger.py
[2022-09-24T20:00:07.074+0000] {processor.py:768} INFO - DAG(s) dict_keys(['latest_only_with_trigger']) retrieved from /home/airflow/.local/lib/python3.7/site-packages/airflow/example_dags/example_latest_only_with_trigger.py
[2022-09-24T20:00:07.169+0000] {logging_mixin.py:117} INFO - [2022-09-24T20:00:07.169+0000] {dag.py:2573} INFO - Sync 1 DAGs
[2022-09-24T20:00:07.217+0000] {logging_mixin.py:117} INFO - [2022-09-24T20:00:07.217+0000] {dag.py:3328} INFO - Setting next_dagrun for latest_only_with_trigger to 2022-09-24T16:00:07.217052+00:00, run_after=2022-09-24T20:00:07.217052+00:00
[2022-09-24T20:00:07.261+0000] {processor.py:178} INFO - Processing /home/airflow/.local/lib/python3.7/site-packages/airflow/example_dags/example_latest_only_with_trigger.py took 0.238 seconds
[2022-09-24T20:00:38.118+0000] {processor.py:156} INFO - Started process (PID=3908) to work on /home/airflow/.local/lib/python3.7/site-packages/airflow/example_dags/example_latest_only_with_trigger.py
[2022-09-24T20:00:38.122+0000] {processor.py:758} INFO - Processing file /home/airflow/.local/lib/python3.7/site-packages/airflow/example_dags/example_latest_only_with_trigger.py for tasks to queue
[2022-09-24T20:00:38.128+0000] {logging_mixin.py:117} INFO - [2022-09-24T20:00:38.126+0000] {dagbag.py:525} INFO - Filling up the DagBag from /home/airflow/.local/lib/python3.7/site-packages/airflow/example_dags/example_latest_only_with_trigger.py
[2022-09-24T20:00:38.165+0000] {processor.py:768} INFO - DAG(s) dict_keys(['latest_only_with_trigger']) retrieved from /home/airflow/.local/lib/python3.7/site-packages/airflow/example_dags/example_latest_only_with_trigger.py
[2022-09-24T20:00:38.346+0000] {logging_mixin.py:117} INFO - [2022-09-24T20:00:38.346+0000] {dag.py:2573} INFO - Sync 1 DAGs
[2022-09-24T20:00:38.611+0000] {logging_mixin.py:117} INFO - [2022-09-24T20:00:38.611+0000] {dag.py:3328} INFO - Setting next_dagrun for latest_only_with_trigger to 2022-09-24T16:00:38.594718+00:00, run_after=2022-09-24T20:00:38.594718+00:00
[2022-09-24T20:00:39.077+0000] {processor.py:178} INFO - Processing /home/airflow/.local/lib/python3.7/site-packages/airflow/example_dags/example_latest_only_with_trigger.py took 0.971 seconds
[2022-09-24T20:01:09.977+0000] {processor.py:156} INFO - Started process (PID=4106) to work on /home/airflow/.local/lib/python3.7/site-packages/airflow/example_dags/example_latest_only_with_trigger.py
[2022-09-24T20:01:09.982+0000] {processor.py:758} INFO - Processing file /home/airflow/.local/lib/python3.7/site-packages/airflow/example_dags/example_latest_only_with_trigger.py for tasks to queue
[2022-09-24T20:01:09.987+0000] {logging_mixin.py:117} INFO - [2022-09-24T20:01:09.986+0000] {dagbag.py:525} INFO - Filling up the DagBag from /home/airflow/.local/lib/python3.7/site-packages/airflow/example_dags/example_latest_only_with_trigger.py
[2022-09-24T20:01:10.022+0000] {processor.py:768} INFO - DAG(s) dict_keys(['latest_only_with_trigger']) retrieved from /home/airflow/.local/lib/python3.7/site-packages/airflow/example_dags/example_latest_only_with_trigger.py
[2022-09-24T20:01:10.143+0000] {logging_mixin.py:117} INFO - [2022-09-24T20:01:10.140+0000] {dag.py:2573} INFO - Sync 1 DAGs
[2022-09-24T20:01:10.262+0000] {logging_mixin.py:117} INFO - [2022-09-24T20:01:10.261+0000] {dag.py:3328} INFO - Setting next_dagrun for latest_only_with_trigger to 2022-09-24T16:01:10.261059+00:00, run_after=2022-09-24T20:01:10.261059+00:00
[2022-09-24T20:01:10.402+0000] {processor.py:178} INFO - Processing /home/airflow/.local/lib/python3.7/site-packages/airflow/example_dags/example_latest_only_with_trigger.py took 0.435 seconds
[2022-09-24T20:01:40.725+0000] {processor.py:156} INFO - Started process (PID=4304) to work on /home/airflow/.local/lib/python3.7/site-packages/airflow/example_dags/example_latest_only_with_trigger.py
[2022-09-24T20:01:40.740+0000] {processor.py:758} INFO - Processing file /home/airflow/.local/lib/python3.7/site-packages/airflow/example_dags/example_latest_only_with_trigger.py for tasks to queue
[2022-09-24T20:01:40.751+0000] {logging_mixin.py:117} INFO - [2022-09-24T20:01:40.751+0000] {dagbag.py:525} INFO - Filling up the DagBag from /home/airflow/.local/lib/python3.7/site-packages/airflow/example_dags/example_latest_only_with_trigger.py
[2022-09-24T20:01:40.879+0000] {processor.py:768} INFO - DAG(s) dict_keys(['latest_only_with_trigger']) retrieved from /home/airflow/.local/lib/python3.7/site-packages/airflow/example_dags/example_latest_only_with_trigger.py
[2022-09-24T20:01:41.044+0000] {logging_mixin.py:117} INFO - [2022-09-24T20:01:41.044+0000] {dag.py:2573} INFO - Sync 1 DAGs
[2022-09-24T20:01:41.151+0000] {logging_mixin.py:117} INFO - [2022-09-24T20:01:41.151+0000] {dag.py:3328} INFO - Setting next_dagrun for latest_only_with_trigger to 2022-09-24T16:01:41.150348+00:00, run_after=2022-09-24T20:01:41.150348+00:00
[2022-09-24T20:01:41.246+0000] {processor.py:178} INFO - Processing /home/airflow/.local/lib/python3.7/site-packages/airflow/example_dags/example_latest_only_with_trigger.py took 0.540 seconds
[2022-09-24T20:02:11.362+0000] {processor.py:156} INFO - Started process (PID=4501) to work on /home/airflow/.local/lib/python3.7/site-packages/airflow/example_dags/example_latest_only_with_trigger.py
[2022-09-24T20:02:11.365+0000] {processor.py:758} INFO - Processing file /home/airflow/.local/lib/python3.7/site-packages/airflow/example_dags/example_latest_only_with_trigger.py for tasks to queue
[2022-09-24T20:02:11.367+0000] {logging_mixin.py:117} INFO - [2022-09-24T20:02:11.367+0000] {dagbag.py:525} INFO - Filling up the DagBag from /home/airflow/.local/lib/python3.7/site-packages/airflow/example_dags/example_latest_only_with_trigger.py
[2022-09-24T20:02:11.395+0000] {processor.py:768} INFO - DAG(s) dict_keys(['latest_only_with_trigger']) retrieved from /home/airflow/.local/lib/python3.7/site-packages/airflow/example_dags/example_latest_only_with_trigger.py
[2022-09-24T20:02:11.477+0000] {logging_mixin.py:117} INFO - [2022-09-24T20:02:11.476+0000] {dag.py:2573} INFO - Sync 1 DAGs
[2022-09-24T20:02:11.529+0000] {logging_mixin.py:117} INFO - [2022-09-24T20:02:11.529+0000] {dag.py:3328} INFO - Setting next_dagrun for latest_only_with_trigger to 2022-09-24T16:02:11.528766+00:00, run_after=2022-09-24T20:02:11.528766+00:00
[2022-09-24T20:02:11.578+0000] {processor.py:178} INFO - Processing /home/airflow/.local/lib/python3.7/site-packages/airflow/example_dags/example_latest_only_with_trigger.py took 0.225 seconds
[2022-09-24T20:02:41.685+0000] {processor.py:156} INFO - Started process (PID=4705) to work on /home/airflow/.local/lib/python3.7/site-packages/airflow/example_dags/example_latest_only_with_trigger.py
[2022-09-24T20:02:41.688+0000] {processor.py:758} INFO - Processing file /home/airflow/.local/lib/python3.7/site-packages/airflow/example_dags/example_latest_only_with_trigger.py for tasks to queue
[2022-09-24T20:02:41.691+0000] {logging_mixin.py:117} INFO - [2022-09-24T20:02:41.691+0000] {dagbag.py:525} INFO - Filling up the DagBag from /home/airflow/.local/lib/python3.7/site-packages/airflow/example_dags/example_latest_only_with_trigger.py
[2022-09-24T20:02:41.727+0000] {processor.py:768} INFO - DAG(s) dict_keys(['latest_only_with_trigger']) retrieved from /home/airflow/.local/lib/python3.7/site-packages/airflow/example_dags/example_latest_only_with_trigger.py
[2022-09-24T20:02:41.807+0000] {logging_mixin.py:117} INFO - [2022-09-24T20:02:41.806+0000] {dag.py:2573} INFO - Sync 1 DAGs
[2022-09-24T20:02:41.860+0000] {logging_mixin.py:117} INFO - [2022-09-24T20:02:41.860+0000] {dag.py:3328} INFO - Setting next_dagrun for latest_only_with_trigger to 2022-09-24T16:02:41.860200+00:00, run_after=2022-09-24T20:02:41.860200+00:00
[2022-09-24T20:02:41.902+0000] {processor.py:178} INFO - Processing /home/airflow/.local/lib/python3.7/site-packages/airflow/example_dags/example_latest_only_with_trigger.py took 0.247 seconds
[2022-09-24T20:03:12.191+0000] {processor.py:156} INFO - Started process (PID=4904) to work on /home/airflow/.local/lib/python3.7/site-packages/airflow/example_dags/example_latest_only_with_trigger.py
[2022-09-24T20:03:12.194+0000] {processor.py:758} INFO - Processing file /home/airflow/.local/lib/python3.7/site-packages/airflow/example_dags/example_latest_only_with_trigger.py for tasks to queue
[2022-09-24T20:03:12.197+0000] {logging_mixin.py:117} INFO - [2022-09-24T20:03:12.197+0000] {dagbag.py:525} INFO - Filling up the DagBag from /home/airflow/.local/lib/python3.7/site-packages/airflow/example_dags/example_latest_only_with_trigger.py
[2022-09-24T20:03:12.226+0000] {processor.py:768} INFO - DAG(s) dict_keys(['latest_only_with_trigger']) retrieved from /home/airflow/.local/lib/python3.7/site-packages/airflow/example_dags/example_latest_only_with_trigger.py
[2022-09-24T20:03:12.314+0000] {logging_mixin.py:117} INFO - [2022-09-24T20:03:12.314+0000] {dag.py:2573} INFO - Sync 1 DAGs
[2022-09-24T20:03:12.357+0000] {logging_mixin.py:117} INFO - [2022-09-24T20:03:12.357+0000] {dag.py:3328} INFO - Setting next_dagrun for latest_only_with_trigger to 2022-09-24T16:03:12.356765+00:00, run_after=2022-09-24T20:03:12.356765+00:00
[2022-09-24T20:03:12.397+0000] {processor.py:178} INFO - Processing /home/airflow/.local/lib/python3.7/site-packages/airflow/example_dags/example_latest_only_with_trigger.py took 0.213 seconds
[2022-09-24T20:03:43.098+0000] {processor.py:156} INFO - Started process (PID=5105) to work on /home/airflow/.local/lib/python3.7/site-packages/airflow/example_dags/example_latest_only_with_trigger.py
[2022-09-24T20:03:43.101+0000] {processor.py:758} INFO - Processing file /home/airflow/.local/lib/python3.7/site-packages/airflow/example_dags/example_latest_only_with_trigger.py for tasks to queue
[2022-09-24T20:03:43.104+0000] {logging_mixin.py:117} INFO - [2022-09-24T20:03:43.104+0000] {dagbag.py:525} INFO - Filling up the DagBag from /home/airflow/.local/lib/python3.7/site-packages/airflow/example_dags/example_latest_only_with_trigger.py
[2022-09-24T20:03:43.134+0000] {processor.py:768} INFO - DAG(s) dict_keys(['latest_only_with_trigger']) retrieved from /home/airflow/.local/lib/python3.7/site-packages/airflow/example_dags/example_latest_only_with_trigger.py
[2022-09-24T20:03:43.221+0000] {logging_mixin.py:117} INFO - [2022-09-24T20:03:43.220+0000] {dag.py:2573} INFO - Sync 1 DAGs
[2022-09-24T20:03:43.277+0000] {logging_mixin.py:117} INFO - [2022-09-24T20:03:43.277+0000] {dag.py:3328} INFO - Setting next_dagrun for latest_only_with_trigger to 2022-09-24T16:03:43.277338+00:00, run_after=2022-09-24T20:03:43.277338+00:00
[2022-09-24T20:03:43.321+0000] {processor.py:178} INFO - Processing /home/airflow/.local/lib/python3.7/site-packages/airflow/example_dags/example_latest_only_with_trigger.py took 0.233 seconds
[2022-09-24T20:04:13.442+0000] {processor.py:156} INFO - Started process (PID=5300) to work on /home/airflow/.local/lib/python3.7/site-packages/airflow/example_dags/example_latest_only_with_trigger.py
[2022-09-24T20:04:13.447+0000] {processor.py:758} INFO - Processing file /home/airflow/.local/lib/python3.7/site-packages/airflow/example_dags/example_latest_only_with_trigger.py for tasks to queue
[2022-09-24T20:04:13.451+0000] {logging_mixin.py:117} INFO - [2022-09-24T20:04:13.451+0000] {dagbag.py:525} INFO - Filling up the DagBag from /home/airflow/.local/lib/python3.7/site-packages/airflow/example_dags/example_latest_only_with_trigger.py
[2022-09-24T20:04:13.489+0000] {processor.py:768} INFO - DAG(s) dict_keys(['latest_only_with_trigger']) retrieved from /home/airflow/.local/lib/python3.7/site-packages/airflow/example_dags/example_latest_only_with_trigger.py
[2022-09-24T20:04:13.576+0000] {logging_mixin.py:117} INFO - [2022-09-24T20:04:13.576+0000] {dag.py:2573} INFO - Sync 1 DAGs
[2022-09-24T20:04:13.645+0000] {logging_mixin.py:117} INFO - [2022-09-24T20:04:13.644+0000] {dag.py:3328} INFO - Setting next_dagrun for latest_only_with_trigger to 2022-09-24T16:04:13.644400+00:00, run_after=2022-09-24T20:04:13.644400+00:00
[2022-09-24T20:04:13.701+0000] {processor.py:178} INFO - Processing /home/airflow/.local/lib/python3.7/site-packages/airflow/example_dags/example_latest_only_with_trigger.py took 0.269 seconds
[2022-09-24T20:04:46.774+0000] {processor.py:156} INFO - Started process (PID=5498) to work on /home/airflow/.local/lib/python3.7/site-packages/airflow/example_dags/example_latest_only_with_trigger.py
[2022-09-24T20:04:46.782+0000] {processor.py:758} INFO - Processing file /home/airflow/.local/lib/python3.7/site-packages/airflow/example_dags/example_latest_only_with_trigger.py for tasks to queue
[2022-09-24T20:04:46.815+0000] {logging_mixin.py:117} INFO - [2022-09-24T20:04:46.814+0000] {dagbag.py:525} INFO - Filling up the DagBag from /home/airflow/.local/lib/python3.7/site-packages/airflow/example_dags/example_latest_only_with_trigger.py
[2022-09-24T20:04:46.912+0000] {processor.py:768} INFO - DAG(s) dict_keys(['latest_only_with_trigger']) retrieved from /home/airflow/.local/lib/python3.7/site-packages/airflow/example_dags/example_latest_only_with_trigger.py
[2022-09-24T20:04:47.227+0000] {logging_mixin.py:117} INFO - [2022-09-24T20:04:47.226+0000] {dag.py:2573} INFO - Sync 1 DAGs
[2022-09-24T20:04:47.426+0000] {logging_mixin.py:117} INFO - [2022-09-24T20:04:47.426+0000] {dag.py:3328} INFO - Setting next_dagrun for latest_only_with_trigger to 2022-09-24T16:04:47.425703+00:00, run_after=2022-09-24T20:04:47.425703+00:00
[2022-09-24T20:04:47.538+0000] {processor.py:178} INFO - Processing /home/airflow/.local/lib/python3.7/site-packages/airflow/example_dags/example_latest_only_with_trigger.py took 0.780 seconds
[2022-09-24T20:05:17.804+0000] {processor.py:156} INFO - Started process (PID=5702) to work on /home/airflow/.local/lib/python3.7/site-packages/airflow/example_dags/example_latest_only_with_trigger.py
[2022-09-24T20:05:17.809+0000] {processor.py:758} INFO - Processing file /home/airflow/.local/lib/python3.7/site-packages/airflow/example_dags/example_latest_only_with_trigger.py for tasks to queue
[2022-09-24T20:05:17.811+0000] {logging_mixin.py:117} INFO - [2022-09-24T20:05:17.811+0000] {dagbag.py:525} INFO - Filling up the DagBag from /home/airflow/.local/lib/python3.7/site-packages/airflow/example_dags/example_latest_only_with_trigger.py
[2022-09-24T20:05:17.874+0000] {processor.py:768} INFO - DAG(s) dict_keys(['latest_only_with_trigger']) retrieved from /home/airflow/.local/lib/python3.7/site-packages/airflow/example_dags/example_latest_only_with_trigger.py
[2022-09-24T20:05:17.994+0000] {logging_mixin.py:117} INFO - [2022-09-24T20:05:17.994+0000] {dag.py:2573} INFO - Sync 1 DAGs
[2022-09-24T20:05:18.064+0000] {logging_mixin.py:117} INFO - [2022-09-24T20:05:18.064+0000] {dag.py:3328} INFO - Setting next_dagrun for latest_only_with_trigger to 2022-09-24T16:05:18.063987+00:00, run_after=2022-09-24T20:05:18.063987+00:00
[2022-09-24T20:05:18.122+0000] {processor.py:178} INFO - Processing /home/airflow/.local/lib/python3.7/site-packages/airflow/example_dags/example_latest_only_with_trigger.py took 0.326 seconds
[2022-09-24T20:05:49.359+0000] {processor.py:156} INFO - Started process (PID=5898) to work on /home/airflow/.local/lib/python3.7/site-packages/airflow/example_dags/example_latest_only_with_trigger.py
[2022-09-24T20:05:49.382+0000] {processor.py:758} INFO - Processing file /home/airflow/.local/lib/python3.7/site-packages/airflow/example_dags/example_latest_only_with_trigger.py for tasks to queue
[2022-09-24T20:05:49.389+0000] {logging_mixin.py:117} INFO - [2022-09-24T20:05:49.389+0000] {dagbag.py:525} INFO - Filling up the DagBag from /home/airflow/.local/lib/python3.7/site-packages/airflow/example_dags/example_latest_only_with_trigger.py
[2022-09-24T20:05:49.499+0000] {processor.py:768} INFO - DAG(s) dict_keys(['latest_only_with_trigger']) retrieved from /home/airflow/.local/lib/python3.7/site-packages/airflow/example_dags/example_latest_only_with_trigger.py
[2022-09-24T20:05:49.761+0000] {logging_mixin.py:117} INFO - [2022-09-24T20:05:49.760+0000] {dag.py:2573} INFO - Sync 1 DAGs
[2022-09-24T20:05:50.215+0000] {logging_mixin.py:117} INFO - [2022-09-24T20:05:50.214+0000] {dag.py:3328} INFO - Setting next_dagrun for latest_only_with_trigger to 2022-09-24T16:05:50.214203+00:00, run_after=2022-09-24T20:05:50.214203+00:00
[2022-09-24T20:05:50.426+0000] {processor.py:178} INFO - Processing /home/airflow/.local/lib/python3.7/site-packages/airflow/example_dags/example_latest_only_with_trigger.py took 1.098 seconds
[2022-09-24T20:06:22.602+0000] {processor.py:156} INFO - Started process (PID=6104) to work on /home/airflow/.local/lib/python3.7/site-packages/airflow/example_dags/example_latest_only_with_trigger.py
[2022-09-24T20:06:22.607+0000] {processor.py:758} INFO - Processing file /home/airflow/.local/lib/python3.7/site-packages/airflow/example_dags/example_latest_only_with_trigger.py for tasks to queue
[2022-09-24T20:06:22.615+0000] {logging_mixin.py:117} INFO - [2022-09-24T20:06:22.615+0000] {dagbag.py:525} INFO - Filling up the DagBag from /home/airflow/.local/lib/python3.7/site-packages/airflow/example_dags/example_latest_only_with_trigger.py
[2022-09-24T20:06:22.770+0000] {processor.py:768} INFO - DAG(s) dict_keys(['latest_only_with_trigger']) retrieved from /home/airflow/.local/lib/python3.7/site-packages/airflow/example_dags/example_latest_only_with_trigger.py
[2022-09-24T20:06:23.135+0000] {logging_mixin.py:117} INFO - [2022-09-24T20:06:23.135+0000] {dag.py:2573} INFO - Sync 1 DAGs
[2022-09-24T20:06:23.285+0000] {logging_mixin.py:117} INFO - [2022-09-24T20:06:23.285+0000] {dag.py:3328} INFO - Setting next_dagrun for latest_only_with_trigger to 2022-09-24T16:06:23.284292+00:00, run_after=2022-09-24T20:06:23.284292+00:00
[2022-09-24T20:06:23.374+0000] {processor.py:178} INFO - Processing /home/airflow/.local/lib/python3.7/site-packages/airflow/example_dags/example_latest_only_with_trigger.py took 0.826 seconds
[2022-09-24T20:06:53.789+0000] {processor.py:156} INFO - Started process (PID=6299) to work on /home/airflow/.local/lib/python3.7/site-packages/airflow/example_dags/example_latest_only_with_trigger.py
[2022-09-24T20:06:53.804+0000] {processor.py:758} INFO - Processing file /home/airflow/.local/lib/python3.7/site-packages/airflow/example_dags/example_latest_only_with_trigger.py for tasks to queue
[2022-09-24T20:06:53.886+0000] {logging_mixin.py:117} INFO - [2022-09-24T20:06:53.885+0000] {dagbag.py:525} INFO - Filling up the DagBag from /home/airflow/.local/lib/python3.7/site-packages/airflow/example_dags/example_latest_only_with_trigger.py
[2022-09-24T20:06:54.048+0000] {processor.py:768} INFO - DAG(s) dict_keys(['latest_only_with_trigger']) retrieved from /home/airflow/.local/lib/python3.7/site-packages/airflow/example_dags/example_latest_only_with_trigger.py
[2022-09-24T20:06:54.186+0000] {logging_mixin.py:117} INFO - [2022-09-24T20:06:54.185+0000] {dag.py:2573} INFO - Sync 1 DAGs
[2022-09-24T20:06:54.259+0000] {logging_mixin.py:117} INFO - [2022-09-24T20:06:54.259+0000] {dag.py:3328} INFO - Setting next_dagrun for latest_only_with_trigger to 2022-09-24T16:06:54.258770+00:00, run_after=2022-09-24T20:06:54.258770+00:00
[2022-09-24T20:06:54.305+0000] {processor.py:178} INFO - Processing /home/airflow/.local/lib/python3.7/site-packages/airflow/example_dags/example_latest_only_with_trigger.py took 0.541 seconds
[2022-09-24T20:07:24.447+0000] {processor.py:156} INFO - Started process (PID=6498) to work on /home/airflow/.local/lib/python3.7/site-packages/airflow/example_dags/example_latest_only_with_trigger.py
[2022-09-24T20:07:24.452+0000] {processor.py:758} INFO - Processing file /home/airflow/.local/lib/python3.7/site-packages/airflow/example_dags/example_latest_only_with_trigger.py for tasks to queue
[2022-09-24T20:07:24.456+0000] {logging_mixin.py:117} INFO - [2022-09-24T20:07:24.455+0000] {dagbag.py:525} INFO - Filling up the DagBag from /home/airflow/.local/lib/python3.7/site-packages/airflow/example_dags/example_latest_only_with_trigger.py
[2022-09-24T20:07:24.518+0000] {processor.py:768} INFO - DAG(s) dict_keys(['latest_only_with_trigger']) retrieved from /home/airflow/.local/lib/python3.7/site-packages/airflow/example_dags/example_latest_only_with_trigger.py
[2022-09-24T20:07:24.620+0000] {logging_mixin.py:117} INFO - [2022-09-24T20:07:24.620+0000] {dag.py:2573} INFO - Sync 1 DAGs
[2022-09-24T20:07:24.669+0000] {logging_mixin.py:117} INFO - [2022-09-24T20:07:24.669+0000] {dag.py:3328} INFO - Setting next_dagrun for latest_only_with_trigger to 2022-09-24T16:07:24.669145+00:00, run_after=2022-09-24T20:07:24.669145+00:00
[2022-09-24T20:07:24.713+0000] {processor.py:178} INFO - Processing /home/airflow/.local/lib/python3.7/site-packages/airflow/example_dags/example_latest_only_with_trigger.py took 0.277 seconds
[2022-09-24T20:07:54.860+0000] {processor.py:156} INFO - Started process (PID=6696) to work on /home/airflow/.local/lib/python3.7/site-packages/airflow/example_dags/example_latest_only_with_trigger.py
[2022-09-24T20:07:54.864+0000] {processor.py:758} INFO - Processing file /home/airflow/.local/lib/python3.7/site-packages/airflow/example_dags/example_latest_only_with_trigger.py for tasks to queue
[2022-09-24T20:07:54.867+0000] {logging_mixin.py:117} INFO - [2022-09-24T20:07:54.866+0000] {dagbag.py:525} INFO - Filling up the DagBag from /home/airflow/.local/lib/python3.7/site-packages/airflow/example_dags/example_latest_only_with_trigger.py
[2022-09-24T20:07:54.907+0000] {processor.py:768} INFO - DAG(s) dict_keys(['latest_only_with_trigger']) retrieved from /home/airflow/.local/lib/python3.7/site-packages/airflow/example_dags/example_latest_only_with_trigger.py
[2022-09-24T20:07:55.021+0000] {logging_mixin.py:117} INFO - [2022-09-24T20:07:55.020+0000] {dag.py:2573} INFO - Sync 1 DAGs
[2022-09-24T20:07:55.074+0000] {logging_mixin.py:117} INFO - [2022-09-24T20:07:55.073+0000] {dag.py:3328} INFO - Setting next_dagrun for latest_only_with_trigger to 2022-09-24T16:07:55.073463+00:00, run_after=2022-09-24T20:07:55.073463+00:00
[2022-09-24T20:07:55.118+0000] {processor.py:178} INFO - Processing /home/airflow/.local/lib/python3.7/site-packages/airflow/example_dags/example_latest_only_with_trigger.py took 0.265 seconds
[2022-09-24T20:08:26.009+0000] {processor.py:156} INFO - Started process (PID=6902) to work on /home/airflow/.local/lib/python3.7/site-packages/airflow/example_dags/example_latest_only_with_trigger.py
[2022-09-24T20:08:26.013+0000] {processor.py:758} INFO - Processing file /home/airflow/.local/lib/python3.7/site-packages/airflow/example_dags/example_latest_only_with_trigger.py for tasks to queue
[2022-09-24T20:08:26.016+0000] {logging_mixin.py:117} INFO - [2022-09-24T20:08:26.015+0000] {dagbag.py:525} INFO - Filling up the DagBag from /home/airflow/.local/lib/python3.7/site-packages/airflow/example_dags/example_latest_only_with_trigger.py
[2022-09-24T20:08:26.049+0000] {processor.py:768} INFO - DAG(s) dict_keys(['latest_only_with_trigger']) retrieved from /home/airflow/.local/lib/python3.7/site-packages/airflow/example_dags/example_latest_only_with_trigger.py
[2022-09-24T20:08:26.141+0000] {logging_mixin.py:117} INFO - [2022-09-24T20:08:26.141+0000] {dag.py:2573} INFO - Sync 1 DAGs
[2022-09-24T20:08:26.196+0000] {logging_mixin.py:117} INFO - [2022-09-24T20:08:26.196+0000] {dag.py:3328} INFO - Setting next_dagrun for latest_only_with_trigger to 2022-09-24T16:08:26.196161+00:00, run_after=2022-09-24T20:08:26.196161+00:00
[2022-09-24T20:08:26.249+0000] {processor.py:178} INFO - Processing /home/airflow/.local/lib/python3.7/site-packages/airflow/example_dags/example_latest_only_with_trigger.py took 0.246 seconds
[2022-09-24T20:08:57.342+0000] {processor.py:156} INFO - Started process (PID=7096) to work on /home/airflow/.local/lib/python3.7/site-packages/airflow/example_dags/example_latest_only_with_trigger.py
[2022-09-24T20:08:57.346+0000] {processor.py:758} INFO - Processing file /home/airflow/.local/lib/python3.7/site-packages/airflow/example_dags/example_latest_only_with_trigger.py for tasks to queue
[2022-09-24T20:08:57.366+0000] {logging_mixin.py:117} INFO - [2022-09-24T20:08:57.354+0000] {dagbag.py:525} INFO - Filling up the DagBag from /home/airflow/.local/lib/python3.7/site-packages/airflow/example_dags/example_latest_only_with_trigger.py
[2022-09-24T20:08:57.503+0000] {processor.py:768} INFO - DAG(s) dict_keys(['latest_only_with_trigger']) retrieved from /home/airflow/.local/lib/python3.7/site-packages/airflow/example_dags/example_latest_only_with_trigger.py
[2022-09-24T20:08:57.717+0000] {logging_mixin.py:117} INFO - [2022-09-24T20:08:57.717+0000] {dag.py:2573} INFO - Sync 1 DAGs
[2022-09-24T20:08:57.880+0000] {logging_mixin.py:117} INFO - [2022-09-24T20:08:57.879+0000] {dag.py:3328} INFO - Setting next_dagrun for latest_only_with_trigger to 2022-09-24T16:08:57.879434+00:00, run_after=2022-09-24T20:08:57.879434+00:00
[2022-09-24T20:08:57.987+0000] {processor.py:178} INFO - Processing /home/airflow/.local/lib/python3.7/site-packages/airflow/example_dags/example_latest_only_with_trigger.py took 0.677 seconds
[2022-09-24T20:09:28.333+0000] {processor.py:156} INFO - Started process (PID=7306) to work on /home/airflow/.local/lib/python3.7/site-packages/airflow/example_dags/example_latest_only_with_trigger.py
[2022-09-24T20:09:28.337+0000] {processor.py:758} INFO - Processing file /home/airflow/.local/lib/python3.7/site-packages/airflow/example_dags/example_latest_only_with_trigger.py for tasks to queue
[2022-09-24T20:09:28.341+0000] {logging_mixin.py:117} INFO - [2022-09-24T20:09:28.340+0000] {dagbag.py:525} INFO - Filling up the DagBag from /home/airflow/.local/lib/python3.7/site-packages/airflow/example_dags/example_latest_only_with_trigger.py
[2022-09-24T20:09:28.424+0000] {processor.py:768} INFO - DAG(s) dict_keys(['latest_only_with_trigger']) retrieved from /home/airflow/.local/lib/python3.7/site-packages/airflow/example_dags/example_latest_only_with_trigger.py
[2022-09-24T20:09:28.618+0000] {logging_mixin.py:117} INFO - [2022-09-24T20:09:28.617+0000] {dag.py:2573} INFO - Sync 1 DAGs
[2022-09-24T20:09:28.679+0000] {logging_mixin.py:117} INFO - [2022-09-24T20:09:28.678+0000] {dag.py:3328} INFO - Setting next_dagrun for latest_only_with_trigger to 2022-09-24T16:09:28.678256+00:00, run_after=2022-09-24T20:09:28.678256+00:00
[2022-09-24T20:09:28.720+0000] {processor.py:178} INFO - Processing /home/airflow/.local/lib/python3.7/site-packages/airflow/example_dags/example_latest_only_with_trigger.py took 0.397 seconds
[2022-09-24T20:09:59.111+0000] {processor.py:156} INFO - Started process (PID=7502) to work on /home/airflow/.local/lib/python3.7/site-packages/airflow/example_dags/example_latest_only_with_trigger.py
[2022-09-24T20:09:59.117+0000] {processor.py:758} INFO - Processing file /home/airflow/.local/lib/python3.7/site-packages/airflow/example_dags/example_latest_only_with_trigger.py for tasks to queue
[2022-09-24T20:09:59.123+0000] {logging_mixin.py:117} INFO - [2022-09-24T20:09:59.121+0000] {dagbag.py:525} INFO - Filling up the DagBag from /home/airflow/.local/lib/python3.7/site-packages/airflow/example_dags/example_latest_only_with_trigger.py
[2022-09-24T20:09:59.175+0000] {processor.py:768} INFO - DAG(s) dict_keys(['latest_only_with_trigger']) retrieved from /home/airflow/.local/lib/python3.7/site-packages/airflow/example_dags/example_latest_only_with_trigger.py
[2022-09-24T20:09:59.253+0000] {logging_mixin.py:117} INFO - [2022-09-24T20:09:59.252+0000] {dag.py:2573} INFO - Sync 1 DAGs
[2022-09-24T20:09:59.304+0000] {logging_mixin.py:117} INFO - [2022-09-24T20:09:59.304+0000] {dag.py:3328} INFO - Setting next_dagrun for latest_only_with_trigger to 2022-09-24T16:09:59.304264+00:00, run_after=2022-09-24T20:09:59.304264+00:00
[2022-09-24T20:09:59.382+0000] {processor.py:178} INFO - Processing /home/airflow/.local/lib/python3.7/site-packages/airflow/example_dags/example_latest_only_with_trigger.py took 0.284 seconds
[2022-09-24T20:10:29.555+0000] {processor.py:156} INFO - Started process (PID=7706) to work on /home/airflow/.local/lib/python3.7/site-packages/airflow/example_dags/example_latest_only_with_trigger.py
[2022-09-24T20:10:29.558+0000] {processor.py:758} INFO - Processing file /home/airflow/.local/lib/python3.7/site-packages/airflow/example_dags/example_latest_only_with_trigger.py for tasks to queue
[2022-09-24T20:10:29.568+0000] {logging_mixin.py:117} INFO - [2022-09-24T20:10:29.567+0000] {dagbag.py:525} INFO - Filling up the DagBag from /home/airflow/.local/lib/python3.7/site-packages/airflow/example_dags/example_latest_only_with_trigger.py
[2022-09-24T20:10:29.602+0000] {processor.py:768} INFO - DAG(s) dict_keys(['latest_only_with_trigger']) retrieved from /home/airflow/.local/lib/python3.7/site-packages/airflow/example_dags/example_latest_only_with_trigger.py
[2022-09-24T20:10:29.687+0000] {logging_mixin.py:117} INFO - [2022-09-24T20:10:29.686+0000] {dag.py:2573} INFO - Sync 1 DAGs
[2022-09-24T20:10:29.742+0000] {logging_mixin.py:117} INFO - [2022-09-24T20:10:29.742+0000] {dag.py:3328} INFO - Setting next_dagrun for latest_only_with_trigger to 2022-09-24T16:10:29.742083+00:00, run_after=2022-09-24T20:10:29.742083+00:00
[2022-09-24T20:10:29.789+0000] {processor.py:178} INFO - Processing /home/airflow/.local/lib/python3.7/site-packages/airflow/example_dags/example_latest_only_with_trigger.py took 0.244 seconds
[2022-09-24T20:11:01.064+0000] {processor.py:156} INFO - Started process (PID=7904) to work on /home/airflow/.local/lib/python3.7/site-packages/airflow/example_dags/example_latest_only_with_trigger.py
[2022-09-24T20:11:01.081+0000] {processor.py:758} INFO - Processing file /home/airflow/.local/lib/python3.7/site-packages/airflow/example_dags/example_latest_only_with_trigger.py for tasks to queue
[2022-09-24T20:11:01.097+0000] {logging_mixin.py:117} INFO - [2022-09-24T20:11:01.096+0000] {dagbag.py:525} INFO - Filling up the DagBag from /home/airflow/.local/lib/python3.7/site-packages/airflow/example_dags/example_latest_only_with_trigger.py
[2022-09-24T20:11:01.273+0000] {processor.py:768} INFO - DAG(s) dict_keys(['latest_only_with_trigger']) retrieved from /home/airflow/.local/lib/python3.7/site-packages/airflow/example_dags/example_latest_only_with_trigger.py
[2022-09-24T20:11:01.540+0000] {logging_mixin.py:117} INFO - [2022-09-24T20:11:01.540+0000] {dag.py:2573} INFO - Sync 1 DAGs
[2022-09-24T20:11:01.745+0000] {logging_mixin.py:117} INFO - [2022-09-24T20:11:01.745+0000] {dag.py:3328} INFO - Setting next_dagrun for latest_only_with_trigger to 2022-09-24T16:11:01.744638+00:00, run_after=2022-09-24T20:11:01.744638+00:00
[2022-09-24T20:11:02.067+0000] {processor.py:178} INFO - Processing /home/airflow/.local/lib/python3.7/site-packages/airflow/example_dags/example_latest_only_with_trigger.py took 1.023 seconds
[2022-09-24T20:11:33.664+0000] {processor.py:156} INFO - Started process (PID=8116) to work on /home/airflow/.local/lib/python3.7/site-packages/airflow/example_dags/example_latest_only_with_trigger.py
[2022-09-24T20:11:33.670+0000] {processor.py:758} INFO - Processing file /home/airflow/.local/lib/python3.7/site-packages/airflow/example_dags/example_latest_only_with_trigger.py for tasks to queue
[2022-09-24T20:11:33.675+0000] {logging_mixin.py:117} INFO - [2022-09-24T20:11:33.674+0000] {dagbag.py:525} INFO - Filling up the DagBag from /home/airflow/.local/lib/python3.7/site-packages/airflow/example_dags/example_latest_only_with_trigger.py
[2022-09-24T20:11:33.890+0000] {processor.py:768} INFO - DAG(s) dict_keys(['latest_only_with_trigger']) retrieved from /home/airflow/.local/lib/python3.7/site-packages/airflow/example_dags/example_latest_only_with_trigger.py
[2022-09-24T20:11:34.161+0000] {logging_mixin.py:117} INFO - [2022-09-24T20:11:34.160+0000] {dag.py:2573} INFO - Sync 1 DAGs
[2022-09-24T20:11:34.215+0000] {logging_mixin.py:117} INFO - [2022-09-24T20:11:34.214+0000] {dag.py:3328} INFO - Setting next_dagrun for latest_only_with_trigger to 2022-09-24T16:11:34.214311+00:00, run_after=2022-09-24T20:11:34.214311+00:00
[2022-09-24T20:11:34.271+0000] {processor.py:178} INFO - Processing /home/airflow/.local/lib/python3.7/site-packages/airflow/example_dags/example_latest_only_with_trigger.py took 0.612 seconds
[2022-09-24T20:12:04.855+0000] {processor.py:156} INFO - Started process (PID=8316) to work on /home/airflow/.local/lib/python3.7/site-packages/airflow/example_dags/example_latest_only_with_trigger.py
[2022-09-24T20:12:04.867+0000] {processor.py:758} INFO - Processing file /home/airflow/.local/lib/python3.7/site-packages/airflow/example_dags/example_latest_only_with_trigger.py for tasks to queue
[2022-09-24T20:12:04.871+0000] {logging_mixin.py:117} INFO - [2022-09-24T20:12:04.870+0000] {dagbag.py:525} INFO - Filling up the DagBag from /home/airflow/.local/lib/python3.7/site-packages/airflow/example_dags/example_latest_only_with_trigger.py
[2022-09-24T20:12:04.945+0000] {processor.py:768} INFO - DAG(s) dict_keys(['latest_only_with_trigger']) retrieved from /home/airflow/.local/lib/python3.7/site-packages/airflow/example_dags/example_latest_only_with_trigger.py
[2022-09-24T20:12:05.138+0000] {logging_mixin.py:117} INFO - [2022-09-24T20:12:05.138+0000] {dag.py:2573} INFO - Sync 1 DAGs
[2022-09-24T20:12:05.205+0000] {logging_mixin.py:117} INFO - [2022-09-24T20:12:05.205+0000] {dag.py:3328} INFO - Setting next_dagrun for latest_only_with_trigger to 2022-09-24T16:12:05.205125+00:00, run_after=2022-09-24T20:12:05.205125+00:00
[2022-09-24T20:12:05.263+0000] {processor.py:178} INFO - Processing /home/airflow/.local/lib/python3.7/site-packages/airflow/example_dags/example_latest_only_with_trigger.py took 0.416 seconds
[2022-09-24T20:12:35.485+0000] {processor.py:156} INFO - Started process (PID=8511) to work on /home/airflow/.local/lib/python3.7/site-packages/airflow/example_dags/example_latest_only_with_trigger.py
[2022-09-24T20:12:35.498+0000] {processor.py:758} INFO - Processing file /home/airflow/.local/lib/python3.7/site-packages/airflow/example_dags/example_latest_only_with_trigger.py for tasks to queue
[2022-09-24T20:12:35.512+0000] {logging_mixin.py:117} INFO - [2022-09-24T20:12:35.509+0000] {dagbag.py:525} INFO - Filling up the DagBag from /home/airflow/.local/lib/python3.7/site-packages/airflow/example_dags/example_latest_only_with_trigger.py
[2022-09-24T20:12:35.621+0000] {processor.py:768} INFO - DAG(s) dict_keys(['latest_only_with_trigger']) retrieved from /home/airflow/.local/lib/python3.7/site-packages/airflow/example_dags/example_latest_only_with_trigger.py
[2022-09-24T20:12:35.953+0000] {logging_mixin.py:117} INFO - [2022-09-24T20:12:35.953+0000] {dag.py:2573} INFO - Sync 1 DAGs
[2022-09-24T20:12:36.188+0000] {logging_mixin.py:117} INFO - [2022-09-24T20:12:36.188+0000] {dag.py:3328} INFO - Setting next_dagrun for latest_only_with_trigger to 2022-09-24T16:12:36.187994+00:00, run_after=2022-09-24T20:12:36.187994+00:00
[2022-09-24T20:12:36.246+0000] {processor.py:178} INFO - Processing /home/airflow/.local/lib/python3.7/site-packages/airflow/example_dags/example_latest_only_with_trigger.py took 0.831 seconds
[2022-09-24T20:13:06.411+0000] {processor.py:156} INFO - Started process (PID=8709) to work on /home/airflow/.local/lib/python3.7/site-packages/airflow/example_dags/example_latest_only_with_trigger.py
[2022-09-24T20:13:06.416+0000] {processor.py:758} INFO - Processing file /home/airflow/.local/lib/python3.7/site-packages/airflow/example_dags/example_latest_only_with_trigger.py for tasks to queue
[2022-09-24T20:13:06.421+0000] {logging_mixin.py:117} INFO - [2022-09-24T20:13:06.420+0000] {dagbag.py:525} INFO - Filling up the DagBag from /home/airflow/.local/lib/python3.7/site-packages/airflow/example_dags/example_latest_only_with_trigger.py
[2022-09-24T20:13:06.485+0000] {processor.py:768} INFO - DAG(s) dict_keys(['latest_only_with_trigger']) retrieved from /home/airflow/.local/lib/python3.7/site-packages/airflow/example_dags/example_latest_only_with_trigger.py
[2022-09-24T20:13:06.586+0000] {logging_mixin.py:117} INFO - [2022-09-24T20:13:06.585+0000] {dag.py:2573} INFO - Sync 1 DAGs
[2022-09-24T20:13:06.647+0000] {logging_mixin.py:117} INFO - [2022-09-24T20:13:06.647+0000] {dag.py:3328} INFO - Setting next_dagrun for latest_only_with_trigger to 2022-09-24T16:13:06.646669+00:00, run_after=2022-09-24T20:13:06.646669+00:00
[2022-09-24T20:13:06.694+0000] {processor.py:178} INFO - Processing /home/airflow/.local/lib/python3.7/site-packages/airflow/example_dags/example_latest_only_with_trigger.py took 0.293 seconds
[2022-09-24T20:13:37.264+0000] {processor.py:156} INFO - Started process (PID=8907) to work on /home/airflow/.local/lib/python3.7/site-packages/airflow/example_dags/example_latest_only_with_trigger.py
[2022-09-24T20:13:37.276+0000] {processor.py:758} INFO - Processing file /home/airflow/.local/lib/python3.7/site-packages/airflow/example_dags/example_latest_only_with_trigger.py for tasks to queue
[2022-09-24T20:13:37.282+0000] {logging_mixin.py:117} INFO - [2022-09-24T20:13:37.281+0000] {dagbag.py:525} INFO - Filling up the DagBag from /home/airflow/.local/lib/python3.7/site-packages/airflow/example_dags/example_latest_only_with_trigger.py
[2022-09-24T20:13:37.368+0000] {processor.py:768} INFO - DAG(s) dict_keys(['latest_only_with_trigger']) retrieved from /home/airflow/.local/lib/python3.7/site-packages/airflow/example_dags/example_latest_only_with_trigger.py
[2022-09-24T20:13:37.618+0000] {logging_mixin.py:117} INFO - [2022-09-24T20:13:37.617+0000] {dag.py:2573} INFO - Sync 1 DAGs
[2022-09-24T20:13:37.708+0000] {logging_mixin.py:117} INFO - [2022-09-24T20:13:37.708+0000] {dag.py:3328} INFO - Setting next_dagrun for latest_only_with_trigger to 2022-09-24T16:13:37.707616+00:00, run_after=2022-09-24T20:13:37.707616+00:00
[2022-09-24T20:13:37.745+0000] {processor.py:178} INFO - Processing /home/airflow/.local/lib/python3.7/site-packages/airflow/example_dags/example_latest_only_with_trigger.py took 0.495 seconds
[2022-09-24T20:14:08.211+0000] {processor.py:156} INFO - Started process (PID=9105) to work on /home/airflow/.local/lib/python3.7/site-packages/airflow/example_dags/example_latest_only_with_trigger.py
[2022-09-24T20:14:08.216+0000] {processor.py:758} INFO - Processing file /home/airflow/.local/lib/python3.7/site-packages/airflow/example_dags/example_latest_only_with_trigger.py for tasks to queue
[2022-09-24T20:14:08.219+0000] {logging_mixin.py:117} INFO - [2022-09-24T20:14:08.219+0000] {dagbag.py:525} INFO - Filling up the DagBag from /home/airflow/.local/lib/python3.7/site-packages/airflow/example_dags/example_latest_only_with_trigger.py
[2022-09-24T20:14:08.267+0000] {processor.py:768} INFO - DAG(s) dict_keys(['latest_only_with_trigger']) retrieved from /home/airflow/.local/lib/python3.7/site-packages/airflow/example_dags/example_latest_only_with_trigger.py
[2022-09-24T20:14:08.354+0000] {logging_mixin.py:117} INFO - [2022-09-24T20:14:08.354+0000] {dag.py:2573} INFO - Sync 1 DAGs
[2022-09-24T20:14:08.409+0000] {logging_mixin.py:117} INFO - [2022-09-24T20:14:08.409+0000] {dag.py:3328} INFO - Setting next_dagrun for latest_only_with_trigger to 2022-09-24T16:14:08.409219+00:00, run_after=2022-09-24T20:14:08.409219+00:00
[2022-09-24T20:14:08.467+0000] {processor.py:178} INFO - Processing /home/airflow/.local/lib/python3.7/site-packages/airflow/example_dags/example_latest_only_with_trigger.py took 0.265 seconds
[2022-09-24T20:14:38.804+0000] {processor.py:156} INFO - Started process (PID=9303) to work on /home/airflow/.local/lib/python3.7/site-packages/airflow/example_dags/example_latest_only_with_trigger.py
[2022-09-24T20:14:38.817+0000] {processor.py:758} INFO - Processing file /home/airflow/.local/lib/python3.7/site-packages/airflow/example_dags/example_latest_only_with_trigger.py for tasks to queue
[2022-09-24T20:14:38.822+0000] {logging_mixin.py:117} INFO - [2022-09-24T20:14:38.822+0000] {dagbag.py:525} INFO - Filling up the DagBag from /home/airflow/.local/lib/python3.7/site-packages/airflow/example_dags/example_latest_only_with_trigger.py
[2022-09-24T20:14:38.888+0000] {processor.py:768} INFO - DAG(s) dict_keys(['latest_only_with_trigger']) retrieved from /home/airflow/.local/lib/python3.7/site-packages/airflow/example_dags/example_latest_only_with_trigger.py
[2022-09-24T20:14:39.061+0000] {logging_mixin.py:117} INFO - [2022-09-24T20:14:39.061+0000] {dag.py:2573} INFO - Sync 1 DAGs
[2022-09-24T20:14:39.110+0000] {logging_mixin.py:117} INFO - [2022-09-24T20:14:39.109+0000] {dag.py:3328} INFO - Setting next_dagrun for latest_only_with_trigger to 2022-09-24T16:14:39.109389+00:00, run_after=2022-09-24T20:14:39.109389+00:00
[2022-09-24T20:14:39.156+0000] {processor.py:178} INFO - Processing /home/airflow/.local/lib/python3.7/site-packages/airflow/example_dags/example_latest_only_with_trigger.py took 0.372 seconds
[2022-09-24T20:15:10.949+0000] {processor.py:156} INFO - Started process (PID=9499) to work on /home/airflow/.local/lib/python3.7/site-packages/airflow/example_dags/example_latest_only_with_trigger.py
[2022-09-24T20:15:10.957+0000] {processor.py:758} INFO - Processing file /home/airflow/.local/lib/python3.7/site-packages/airflow/example_dags/example_latest_only_with_trigger.py for tasks to queue
[2022-09-24T20:15:10.964+0000] {logging_mixin.py:117} INFO - [2022-09-24T20:15:10.964+0000] {dagbag.py:525} INFO - Filling up the DagBag from /home/airflow/.local/lib/python3.7/site-packages/airflow/example_dags/example_latest_only_with_trigger.py
[2022-09-24T20:15:11.032+0000] {processor.py:768} INFO - DAG(s) dict_keys(['latest_only_with_trigger']) retrieved from /home/airflow/.local/lib/python3.7/site-packages/airflow/example_dags/example_latest_only_with_trigger.py
[2022-09-24T20:15:11.233+0000] {logging_mixin.py:117} INFO - [2022-09-24T20:15:11.232+0000] {dag.py:2573} INFO - Sync 1 DAGs
[2022-09-24T20:15:11.392+0000] {logging_mixin.py:117} INFO - [2022-09-24T20:15:11.391+0000] {dag.py:3328} INFO - Setting next_dagrun for latest_only_with_trigger to 2022-09-24T16:15:11.391593+00:00, run_after=2022-09-24T20:15:11.391593+00:00
[2022-09-24T20:15:11.461+0000] {processor.py:178} INFO - Processing /home/airflow/.local/lib/python3.7/site-packages/airflow/example_dags/example_latest_only_with_trigger.py took 0.530 seconds
[2022-09-24T20:15:46.257+0000] {processor.py:156} INFO - Started process (PID=9702) to work on /home/airflow/.local/lib/python3.7/site-packages/airflow/example_dags/example_latest_only_with_trigger.py
[2022-09-24T20:15:46.261+0000] {processor.py:758} INFO - Processing file /home/airflow/.local/lib/python3.7/site-packages/airflow/example_dags/example_latest_only_with_trigger.py for tasks to queue
[2022-09-24T20:15:46.264+0000] {logging_mixin.py:117} INFO - [2022-09-24T20:15:46.264+0000] {dagbag.py:525} INFO - Filling up the DagBag from /home/airflow/.local/lib/python3.7/site-packages/airflow/example_dags/example_latest_only_with_trigger.py
[2022-09-24T20:15:46.361+0000] {processor.py:768} INFO - DAG(s) dict_keys(['latest_only_with_trigger']) retrieved from /home/airflow/.local/lib/python3.7/site-packages/airflow/example_dags/example_latest_only_with_trigger.py
[2022-09-24T20:15:46.721+0000] {logging_mixin.py:117} INFO - [2022-09-24T20:15:46.721+0000] {dag.py:2573} INFO - Sync 1 DAGs
[2022-09-24T20:15:46.945+0000] {logging_mixin.py:117} INFO - [2022-09-24T20:15:46.938+0000] {dag.py:3328} INFO - Setting next_dagrun for latest_only_with_trigger to 2022-09-24T16:15:46.936051+00:00, run_after=2022-09-24T20:15:46.936051+00:00
[2022-09-24T20:15:47.010+0000] {processor.py:178} INFO - Processing /home/airflow/.local/lib/python3.7/site-packages/airflow/example_dags/example_latest_only_with_trigger.py took 0.765 seconds
[2022-09-24T20:16:18.512+0000] {processor.py:156} INFO - Started process (PID=9902) to work on /home/airflow/.local/lib/python3.7/site-packages/airflow/example_dags/example_latest_only_with_trigger.py
[2022-09-24T20:16:18.521+0000] {processor.py:758} INFO - Processing file /home/airflow/.local/lib/python3.7/site-packages/airflow/example_dags/example_latest_only_with_trigger.py for tasks to queue
[2022-09-24T20:16:18.528+0000] {logging_mixin.py:117} INFO - [2022-09-24T20:16:18.527+0000] {dagbag.py:525} INFO - Filling up the DagBag from /home/airflow/.local/lib/python3.7/site-packages/airflow/example_dags/example_latest_only_with_trigger.py
[2022-09-24T20:16:18.663+0000] {processor.py:768} INFO - DAG(s) dict_keys(['latest_only_with_trigger']) retrieved from /home/airflow/.local/lib/python3.7/site-packages/airflow/example_dags/example_latest_only_with_trigger.py
[2022-09-24T20:16:19.667+0000] {logging_mixin.py:117} INFO - [2022-09-24T20:16:19.667+0000] {dag.py:2573} INFO - Sync 1 DAGs
[2022-09-24T20:16:20.818+0000] {logging_mixin.py:117} INFO - [2022-09-24T20:16:20.818+0000] {dag.py:3328} INFO - Setting next_dagrun for latest_only_with_trigger to 2022-09-24T16:16:20.818215+00:00, run_after=2022-09-24T20:16:20.818215+00:00
[2022-09-24T20:16:20.955+0000] {processor.py:178} INFO - Processing /home/airflow/.local/lib/python3.7/site-packages/airflow/example_dags/example_latest_only_with_trigger.py took 2.455 seconds
[2022-09-24T20:16:51.761+0000] {processor.py:156} INFO - Started process (PID=10110) to work on /home/airflow/.local/lib/python3.7/site-packages/airflow/example_dags/example_latest_only_with_trigger.py
[2022-09-24T20:16:51.770+0000] {processor.py:758} INFO - Processing file /home/airflow/.local/lib/python3.7/site-packages/airflow/example_dags/example_latest_only_with_trigger.py for tasks to queue
[2022-09-24T20:16:51.772+0000] {logging_mixin.py:117} INFO - [2022-09-24T20:16:51.772+0000] {dagbag.py:525} INFO - Filling up the DagBag from /home/airflow/.local/lib/python3.7/site-packages/airflow/example_dags/example_latest_only_with_trigger.py
[2022-09-24T20:16:51.806+0000] {processor.py:768} INFO - DAG(s) dict_keys(['latest_only_with_trigger']) retrieved from /home/airflow/.local/lib/python3.7/site-packages/airflow/example_dags/example_latest_only_with_trigger.py
[2022-09-24T20:16:51.888+0000] {logging_mixin.py:117} INFO - [2022-09-24T20:16:51.888+0000] {dag.py:2573} INFO - Sync 1 DAGs
[2022-09-24T20:16:51.948+0000] {logging_mixin.py:117} INFO - [2022-09-24T20:16:51.948+0000] {dag.py:3328} INFO - Setting next_dagrun for latest_only_with_trigger to 2022-09-24T16:16:51.948275+00:00, run_after=2022-09-24T20:16:51.948275+00:00
[2022-09-24T20:16:51.992+0000] {processor.py:178} INFO - Processing /home/airflow/.local/lib/python3.7/site-packages/airflow/example_dags/example_latest_only_with_trigger.py took 0.241 seconds
[2022-09-24T20:17:22.860+0000] {processor.py:156} INFO - Started process (PID=10308) to work on /home/airflow/.local/lib/python3.7/site-packages/airflow/example_dags/example_latest_only_with_trigger.py
[2022-09-24T20:17:22.865+0000] {processor.py:758} INFO - Processing file /home/airflow/.local/lib/python3.7/site-packages/airflow/example_dags/example_latest_only_with_trigger.py for tasks to queue
[2022-09-24T20:17:22.870+0000] {logging_mixin.py:117} INFO - [2022-09-24T20:17:22.870+0000] {dagbag.py:525} INFO - Filling up the DagBag from /home/airflow/.local/lib/python3.7/site-packages/airflow/example_dags/example_latest_only_with_trigger.py
[2022-09-24T20:17:22.984+0000] {processor.py:768} INFO - DAG(s) dict_keys(['latest_only_with_trigger']) retrieved from /home/airflow/.local/lib/python3.7/site-packages/airflow/example_dags/example_latest_only_with_trigger.py
[2022-09-24T20:17:23.159+0000] {logging_mixin.py:117} INFO - [2022-09-24T20:17:23.159+0000] {dag.py:2573} INFO - Sync 1 DAGs
[2022-09-24T20:17:23.366+0000] {logging_mixin.py:117} INFO - [2022-09-24T20:17:23.366+0000] {dag.py:3328} INFO - Setting next_dagrun for latest_only_with_trigger to 2022-09-24T16:17:23.365046+00:00, run_after=2022-09-24T20:17:23.365046+00:00
[2022-09-24T20:17:23.433+0000] {processor.py:178} INFO - Processing /home/airflow/.local/lib/python3.7/site-packages/airflow/example_dags/example_latest_only_with_trigger.py took 0.613 seconds
[2022-09-24T20:17:53.741+0000] {processor.py:156} INFO - Started process (PID=10506) to work on /home/airflow/.local/lib/python3.7/site-packages/airflow/example_dags/example_latest_only_with_trigger.py
[2022-09-24T20:17:53.744+0000] {processor.py:758} INFO - Processing file /home/airflow/.local/lib/python3.7/site-packages/airflow/example_dags/example_latest_only_with_trigger.py for tasks to queue
[2022-09-24T20:17:53.748+0000] {logging_mixin.py:117} INFO - [2022-09-24T20:17:53.747+0000] {dagbag.py:525} INFO - Filling up the DagBag from /home/airflow/.local/lib/python3.7/site-packages/airflow/example_dags/example_latest_only_with_trigger.py
[2022-09-24T20:17:53.782+0000] {processor.py:768} INFO - DAG(s) dict_keys(['latest_only_with_trigger']) retrieved from /home/airflow/.local/lib/python3.7/site-packages/airflow/example_dags/example_latest_only_with_trigger.py
[2022-09-24T20:17:53.868+0000] {logging_mixin.py:117} INFO - [2022-09-24T20:17:53.868+0000] {dag.py:2573} INFO - Sync 1 DAGs
[2022-09-24T20:17:53.927+0000] {logging_mixin.py:117} INFO - [2022-09-24T20:17:53.927+0000] {dag.py:3328} INFO - Setting next_dagrun for latest_only_with_trigger to 2022-09-24T16:17:53.926808+00:00, run_after=2022-09-24T20:17:53.926808+00:00
[2022-09-24T20:17:53.969+0000] {processor.py:178} INFO - Processing /home/airflow/.local/lib/python3.7/site-packages/airflow/example_dags/example_latest_only_with_trigger.py took 0.237 seconds
[2022-09-24T20:18:24.652+0000] {processor.py:156} INFO - Started process (PID=10704) to work on /home/airflow/.local/lib/python3.7/site-packages/airflow/example_dags/example_latest_only_with_trigger.py
[2022-09-24T20:18:24.660+0000] {processor.py:758} INFO - Processing file /home/airflow/.local/lib/python3.7/site-packages/airflow/example_dags/example_latest_only_with_trigger.py for tasks to queue
[2022-09-24T20:18:24.674+0000] {logging_mixin.py:117} INFO - [2022-09-24T20:18:24.664+0000] {dagbag.py:525} INFO - Filling up the DagBag from /home/airflow/.local/lib/python3.7/site-packages/airflow/example_dags/example_latest_only_with_trigger.py
[2022-09-24T20:18:24.738+0000] {processor.py:768} INFO - DAG(s) dict_keys(['latest_only_with_trigger']) retrieved from /home/airflow/.local/lib/python3.7/site-packages/airflow/example_dags/example_latest_only_with_trigger.py
[2022-09-24T20:18:24.821+0000] {logging_mixin.py:117} INFO - [2022-09-24T20:18:24.821+0000] {dag.py:2573} INFO - Sync 1 DAGs
[2022-09-24T20:18:24.880+0000] {logging_mixin.py:117} INFO - [2022-09-24T20:18:24.879+0000] {dag.py:3328} INFO - Setting next_dagrun for latest_only_with_trigger to 2022-09-24T16:18:24.879121+00:00, run_after=2022-09-24T20:18:24.879121+00:00
[2022-09-24T20:18:24.925+0000] {processor.py:178} INFO - Processing /home/airflow/.local/lib/python3.7/site-packages/airflow/example_dags/example_latest_only_with_trigger.py took 0.289 seconds
[2022-09-24T20:18:55.268+0000] {processor.py:156} INFO - Started process (PID=10902) to work on /home/airflow/.local/lib/python3.7/site-packages/airflow/example_dags/example_latest_only_with_trigger.py
[2022-09-24T20:18:55.272+0000] {processor.py:758} INFO - Processing file /home/airflow/.local/lib/python3.7/site-packages/airflow/example_dags/example_latest_only_with_trigger.py for tasks to queue
[2022-09-24T20:18:55.279+0000] {logging_mixin.py:117} INFO - [2022-09-24T20:18:55.279+0000] {dagbag.py:525} INFO - Filling up the DagBag from /home/airflow/.local/lib/python3.7/site-packages/airflow/example_dags/example_latest_only_with_trigger.py
[2022-09-24T20:18:55.335+0000] {processor.py:768} INFO - DAG(s) dict_keys(['latest_only_with_trigger']) retrieved from /home/airflow/.local/lib/python3.7/site-packages/airflow/example_dags/example_latest_only_with_trigger.py
[2022-09-24T20:18:55.473+0000] {logging_mixin.py:117} INFO - [2022-09-24T20:18:55.473+0000] {dag.py:2573} INFO - Sync 1 DAGs
[2022-09-24T20:18:55.647+0000] {logging_mixin.py:117} INFO - [2022-09-24T20:18:55.647+0000] {dag.py:3328} INFO - Setting next_dagrun for latest_only_with_trigger to 2022-09-24T16:18:55.646461+00:00, run_after=2022-09-24T20:18:55.646461+00:00
[2022-09-24T20:18:55.753+0000] {processor.py:178} INFO - Processing /home/airflow/.local/lib/python3.7/site-packages/airflow/example_dags/example_latest_only_with_trigger.py took 0.497 seconds
[2022-09-24T20:19:26.616+0000] {processor.py:156} INFO - Started process (PID=11101) to work on /home/airflow/.local/lib/python3.7/site-packages/airflow/example_dags/example_latest_only_with_trigger.py
[2022-09-24T20:19:26.622+0000] {processor.py:758} INFO - Processing file /home/airflow/.local/lib/python3.7/site-packages/airflow/example_dags/example_latest_only_with_trigger.py for tasks to queue
[2022-09-24T20:19:26.627+0000] {logging_mixin.py:117} INFO - [2022-09-24T20:19:26.626+0000] {dagbag.py:525} INFO - Filling up the DagBag from /home/airflow/.local/lib/python3.7/site-packages/airflow/example_dags/example_latest_only_with_trigger.py
[2022-09-24T20:19:26.715+0000] {processor.py:768} INFO - DAG(s) dict_keys(['latest_only_with_trigger']) retrieved from /home/airflow/.local/lib/python3.7/site-packages/airflow/example_dags/example_latest_only_with_trigger.py
[2022-09-24T20:19:26.850+0000] {logging_mixin.py:117} INFO - [2022-09-24T20:19:26.850+0000] {dag.py:2573} INFO - Sync 1 DAGs
[2022-09-24T20:19:26.909+0000] {logging_mixin.py:117} INFO - [2022-09-24T20:19:26.908+0000] {dag.py:3328} INFO - Setting next_dagrun for latest_only_with_trigger to 2022-09-24T16:19:26.908570+00:00, run_after=2022-09-24T20:19:26.908570+00:00
[2022-09-24T20:19:26.966+0000] {processor.py:178} INFO - Processing /home/airflow/.local/lib/python3.7/site-packages/airflow/example_dags/example_latest_only_with_trigger.py took 0.372 seconds
[2022-09-24T20:19:57.452+0000] {processor.py:156} INFO - Started process (PID=11309) to work on /home/airflow/.local/lib/python3.7/site-packages/airflow/example_dags/example_latest_only_with_trigger.py
[2022-09-24T20:19:57.457+0000] {processor.py:758} INFO - Processing file /home/airflow/.local/lib/python3.7/site-packages/airflow/example_dags/example_latest_only_with_trigger.py for tasks to queue
[2022-09-24T20:19:57.465+0000] {logging_mixin.py:117} INFO - [2022-09-24T20:19:57.465+0000] {dagbag.py:525} INFO - Filling up the DagBag from /home/airflow/.local/lib/python3.7/site-packages/airflow/example_dags/example_latest_only_with_trigger.py
[2022-09-24T20:19:57.529+0000] {processor.py:768} INFO - DAG(s) dict_keys(['latest_only_with_trigger']) retrieved from /home/airflow/.local/lib/python3.7/site-packages/airflow/example_dags/example_latest_only_with_trigger.py
[2022-09-24T20:19:57.643+0000] {logging_mixin.py:117} INFO - [2022-09-24T20:19:57.643+0000] {dag.py:2573} INFO - Sync 1 DAGs
[2022-09-24T20:19:57.776+0000] {logging_mixin.py:117} INFO - [2022-09-24T20:19:57.775+0000] {dag.py:3328} INFO - Setting next_dagrun for latest_only_with_trigger to 2022-09-24T16:19:57.775301+00:00, run_after=2022-09-24T20:19:57.775301+00:00
[2022-09-24T20:19:57.844+0000] {processor.py:178} INFO - Processing /home/airflow/.local/lib/python3.7/site-packages/airflow/example_dags/example_latest_only_with_trigger.py took 0.407 seconds
[2022-09-24T20:20:28.096+0000] {processor.py:156} INFO - Started process (PID=11505) to work on /home/airflow/.local/lib/python3.7/site-packages/airflow/example_dags/example_latest_only_with_trigger.py
[2022-09-24T20:20:28.102+0000] {processor.py:758} INFO - Processing file /home/airflow/.local/lib/python3.7/site-packages/airflow/example_dags/example_latest_only_with_trigger.py for tasks to queue
[2022-09-24T20:20:28.109+0000] {logging_mixin.py:117} INFO - [2022-09-24T20:20:28.108+0000] {dagbag.py:525} INFO - Filling up the DagBag from /home/airflow/.local/lib/python3.7/site-packages/airflow/example_dags/example_latest_only_with_trigger.py
[2022-09-24T20:20:28.143+0000] {processor.py:768} INFO - DAG(s) dict_keys(['latest_only_with_trigger']) retrieved from /home/airflow/.local/lib/python3.7/site-packages/airflow/example_dags/example_latest_only_with_trigger.py
[2022-09-24T20:20:28.218+0000] {logging_mixin.py:117} INFO - [2022-09-24T20:20:28.218+0000] {dag.py:2573} INFO - Sync 1 DAGs
[2022-09-24T20:20:28.268+0000] {logging_mixin.py:117} INFO - [2022-09-24T20:20:28.268+0000] {dag.py:3328} INFO - Setting next_dagrun for latest_only_with_trigger to 2022-09-24T16:20:28.268377+00:00, run_after=2022-09-24T20:20:28.268377+00:00
[2022-09-24T20:20:28.306+0000] {processor.py:178} INFO - Processing /home/airflow/.local/lib/python3.7/site-packages/airflow/example_dags/example_latest_only_with_trigger.py took 0.216 seconds
[2022-09-24T20:20:58.569+0000] {processor.py:156} INFO - Started process (PID=11703) to work on /home/airflow/.local/lib/python3.7/site-packages/airflow/example_dags/example_latest_only_with_trigger.py
[2022-09-24T20:20:58.578+0000] {processor.py:758} INFO - Processing file /home/airflow/.local/lib/python3.7/site-packages/airflow/example_dags/example_latest_only_with_trigger.py for tasks to queue
[2022-09-24T20:20:58.597+0000] {logging_mixin.py:117} INFO - [2022-09-24T20:20:58.597+0000] {dagbag.py:525} INFO - Filling up the DagBag from /home/airflow/.local/lib/python3.7/site-packages/airflow/example_dags/example_latest_only_with_trigger.py
[2022-09-24T20:20:58.739+0000] {processor.py:768} INFO - DAG(s) dict_keys(['latest_only_with_trigger']) retrieved from /home/airflow/.local/lib/python3.7/site-packages/airflow/example_dags/example_latest_only_with_trigger.py
[2022-09-24T20:20:58.917+0000] {logging_mixin.py:117} INFO - [2022-09-24T20:20:58.917+0000] {dag.py:2573} INFO - Sync 1 DAGs
[2022-09-24T20:20:59.016+0000] {logging_mixin.py:117} INFO - [2022-09-24T20:20:59.016+0000] {dag.py:3328} INFO - Setting next_dagrun for latest_only_with_trigger to 2022-09-24T16:20:59.015836+00:00, run_after=2022-09-24T20:20:59.015836+00:00
[2022-09-24T20:20:59.059+0000] {processor.py:178} INFO - Processing /home/airflow/.local/lib/python3.7/site-packages/airflow/example_dags/example_latest_only_with_trigger.py took 0.517 seconds
[2022-09-24T20:21:29.574+0000] {processor.py:156} INFO - Started process (PID=11910) to work on /home/airflow/.local/lib/python3.7/site-packages/airflow/example_dags/example_latest_only_with_trigger.py
[2022-09-24T20:21:29.577+0000] {processor.py:758} INFO - Processing file /home/airflow/.local/lib/python3.7/site-packages/airflow/example_dags/example_latest_only_with_trigger.py for tasks to queue
[2022-09-24T20:21:29.580+0000] {logging_mixin.py:117} INFO - [2022-09-24T20:21:29.580+0000] {dagbag.py:525} INFO - Filling up the DagBag from /home/airflow/.local/lib/python3.7/site-packages/airflow/example_dags/example_latest_only_with_trigger.py
[2022-09-24T20:21:29.612+0000] {processor.py:768} INFO - DAG(s) dict_keys(['latest_only_with_trigger']) retrieved from /home/airflow/.local/lib/python3.7/site-packages/airflow/example_dags/example_latest_only_with_trigger.py
[2022-09-24T20:21:29.703+0000] {logging_mixin.py:117} INFO - [2022-09-24T20:21:29.702+0000] {dag.py:2573} INFO - Sync 1 DAGs
[2022-09-24T20:21:29.758+0000] {logging_mixin.py:117} INFO - [2022-09-24T20:21:29.758+0000] {dag.py:3328} INFO - Setting next_dagrun for latest_only_with_trigger to 2022-09-24T16:21:29.758017+00:00, run_after=2022-09-24T20:21:29.758017+00:00
[2022-09-24T20:21:29.795+0000] {processor.py:178} INFO - Processing /home/airflow/.local/lib/python3.7/site-packages/airflow/example_dags/example_latest_only_with_trigger.py took 0.227 seconds
