[2022-09-24T19:50:43.579+0000] {processor.py:156} INFO - Started process (PID=215) to work on /home/airflow/.local/lib/python3.7/site-packages/airflow/example_dags/example_time_delta_sensor_async.py
[2022-09-24T19:50:43.587+0000] {processor.py:758} INFO - Processing file /home/airflow/.local/lib/python3.7/site-packages/airflow/example_dags/example_time_delta_sensor_async.py for tasks to queue
[2022-09-24T19:50:43.592+0000] {logging_mixin.py:117} INFO - [2022-09-24T19:50:43.592+0000] {dagbag.py:525} INFO - Filling up the DagBag from /home/airflow/.local/lib/python3.7/site-packages/airflow/example_dags/example_time_delta_sensor_async.py
[2022-09-24T19:50:44.122+0000] {processor.py:768} INFO - DAG(s) dict_keys(['example_time_delta_sensor_async']) retrieved from /home/airflow/.local/lib/python3.7/site-packages/airflow/example_dags/example_time_delta_sensor_async.py
[2022-09-24T19:50:46.964+0000] {logging_mixin.py:117} INFO - [2022-09-24T19:50:46.964+0000] {dag.py:2573} INFO - Sync 1 DAGs
[2022-09-24T19:50:47.098+0000] {logging_mixin.py:117} INFO - [2022-09-24T19:50:47.097+0000] {dag.py:3328} INFO - Setting next_dagrun for example_time_delta_sensor_async to None, run_after=None
[2022-09-24T19:50:47.193+0000] {processor.py:178} INFO - Processing /home/airflow/.local/lib/python3.7/site-packages/airflow/example_dags/example_time_delta_sensor_async.py took 3.670 seconds
[2022-09-24T19:51:17.516+0000] {processor.py:156} INFO - Started process (PID=418) to work on /home/airflow/.local/lib/python3.7/site-packages/airflow/example_dags/example_time_delta_sensor_async.py
[2022-09-24T19:51:17.537+0000] {processor.py:758} INFO - Processing file /home/airflow/.local/lib/python3.7/site-packages/airflow/example_dags/example_time_delta_sensor_async.py for tasks to queue
[2022-09-24T19:51:17.566+0000] {logging_mixin.py:117} INFO - [2022-09-24T19:51:17.564+0000] {dagbag.py:525} INFO - Filling up the DagBag from /home/airflow/.local/lib/python3.7/site-packages/airflow/example_dags/example_time_delta_sensor_async.py
[2022-09-24T19:51:17.688+0000] {processor.py:768} INFO - DAG(s) dict_keys(['example_time_delta_sensor_async']) retrieved from /home/airflow/.local/lib/python3.7/site-packages/airflow/example_dags/example_time_delta_sensor_async.py
[2022-09-24T19:51:20.543+0000] {logging_mixin.py:117} INFO - [2022-09-24T19:51:20.542+0000] {dag.py:2573} INFO - Sync 1 DAGs
[2022-09-24T19:51:21.534+0000] {logging_mixin.py:117} INFO - [2022-09-24T19:51:21.534+0000] {dag.py:3328} INFO - Setting next_dagrun for example_time_delta_sensor_async to None, run_after=None
[2022-09-24T19:51:21.639+0000] {processor.py:178} INFO - Processing /home/airflow/.local/lib/python3.7/site-packages/airflow/example_dags/example_time_delta_sensor_async.py took 4.172 seconds
[2022-09-24T19:51:52.394+0000] {processor.py:156} INFO - Started process (PID=625) to work on /home/airflow/.local/lib/python3.7/site-packages/airflow/example_dags/example_time_delta_sensor_async.py
[2022-09-24T19:51:52.408+0000] {processor.py:758} INFO - Processing file /home/airflow/.local/lib/python3.7/site-packages/airflow/example_dags/example_time_delta_sensor_async.py for tasks to queue
[2022-09-24T19:51:52.441+0000] {logging_mixin.py:117} INFO - [2022-09-24T19:51:52.440+0000] {dagbag.py:525} INFO - Filling up the DagBag from /home/airflow/.local/lib/python3.7/site-packages/airflow/example_dags/example_time_delta_sensor_async.py
[2022-09-24T19:51:52.566+0000] {processor.py:768} INFO - DAG(s) dict_keys(['example_time_delta_sensor_async']) retrieved from /home/airflow/.local/lib/python3.7/site-packages/airflow/example_dags/example_time_delta_sensor_async.py
[2022-09-24T19:51:54.802+0000] {logging_mixin.py:117} INFO - [2022-09-24T19:51:54.802+0000] {dag.py:2573} INFO - Sync 1 DAGs
[2022-09-24T19:51:56.640+0000] {logging_mixin.py:117} INFO - [2022-09-24T19:51:56.637+0000] {dag.py:3328} INFO - Setting next_dagrun for example_time_delta_sensor_async to None, run_after=None
[2022-09-24T19:51:56.752+0000] {processor.py:178} INFO - Processing /home/airflow/.local/lib/python3.7/site-packages/airflow/example_dags/example_time_delta_sensor_async.py took 4.377 seconds
[2022-09-24T19:52:27.236+0000] {processor.py:156} INFO - Started process (PID=829) to work on /home/airflow/.local/lib/python3.7/site-packages/airflow/example_dags/example_time_delta_sensor_async.py
[2022-09-24T19:52:27.240+0000] {processor.py:758} INFO - Processing file /home/airflow/.local/lib/python3.7/site-packages/airflow/example_dags/example_time_delta_sensor_async.py for tasks to queue
[2022-09-24T19:52:27.243+0000] {logging_mixin.py:117} INFO - [2022-09-24T19:52:27.242+0000] {dagbag.py:525} INFO - Filling up the DagBag from /home/airflow/.local/lib/python3.7/site-packages/airflow/example_dags/example_time_delta_sensor_async.py
[2022-09-24T19:52:27.271+0000] {processor.py:768} INFO - DAG(s) dict_keys(['example_time_delta_sensor_async']) retrieved from /home/airflow/.local/lib/python3.7/site-packages/airflow/example_dags/example_time_delta_sensor_async.py
[2022-09-24T19:52:27.810+0000] {logging_mixin.py:117} INFO - [2022-09-24T19:52:27.810+0000] {dag.py:2573} INFO - Sync 1 DAGs
[2022-09-24T19:52:27.852+0000] {logging_mixin.py:117} INFO - [2022-09-24T19:52:27.851+0000] {dag.py:3328} INFO - Setting next_dagrun for example_time_delta_sensor_async to None, run_after=None
[2022-09-24T19:52:27.889+0000] {processor.py:178} INFO - Processing /home/airflow/.local/lib/python3.7/site-packages/airflow/example_dags/example_time_delta_sensor_async.py took 0.659 seconds
[2022-09-24T19:52:58.362+0000] {processor.py:156} INFO - Started process (PID=1035) to work on /home/airflow/.local/lib/python3.7/site-packages/airflow/example_dags/example_time_delta_sensor_async.py
[2022-09-24T19:52:58.367+0000] {processor.py:758} INFO - Processing file /home/airflow/.local/lib/python3.7/site-packages/airflow/example_dags/example_time_delta_sensor_async.py for tasks to queue
[2022-09-24T19:52:58.371+0000] {logging_mixin.py:117} INFO - [2022-09-24T19:52:58.370+0000] {dagbag.py:525} INFO - Filling up the DagBag from /home/airflow/.local/lib/python3.7/site-packages/airflow/example_dags/example_time_delta_sensor_async.py
[2022-09-24T19:52:58.415+0000] {processor.py:768} INFO - DAG(s) dict_keys(['example_time_delta_sensor_async']) retrieved from /home/airflow/.local/lib/python3.7/site-packages/airflow/example_dags/example_time_delta_sensor_async.py
[2022-09-24T19:52:59.236+0000] {logging_mixin.py:117} INFO - [2022-09-24T19:52:59.236+0000] {dag.py:2573} INFO - Sync 1 DAGs
[2022-09-24T19:52:59.313+0000] {logging_mixin.py:117} INFO - [2022-09-24T19:52:59.313+0000] {dag.py:3328} INFO - Setting next_dagrun for example_time_delta_sensor_async to None, run_after=None
[2022-09-24T19:52:59.376+0000] {processor.py:178} INFO - Processing /home/airflow/.local/lib/python3.7/site-packages/airflow/example_dags/example_time_delta_sensor_async.py took 1.022 seconds
[2022-09-24T19:53:30.189+0000] {processor.py:156} INFO - Started process (PID=1230) to work on /home/airflow/.local/lib/python3.7/site-packages/airflow/example_dags/example_time_delta_sensor_async.py
[2022-09-24T19:53:30.196+0000] {processor.py:758} INFO - Processing file /home/airflow/.local/lib/python3.7/site-packages/airflow/example_dags/example_time_delta_sensor_async.py for tasks to queue
[2022-09-24T19:53:30.200+0000] {logging_mixin.py:117} INFO - [2022-09-24T19:53:30.199+0000] {dagbag.py:525} INFO - Filling up the DagBag from /home/airflow/.local/lib/python3.7/site-packages/airflow/example_dags/example_time_delta_sensor_async.py
[2022-09-24T19:53:30.285+0000] {processor.py:768} INFO - DAG(s) dict_keys(['example_time_delta_sensor_async']) retrieved from /home/airflow/.local/lib/python3.7/site-packages/airflow/example_dags/example_time_delta_sensor_async.py
[2022-09-24T19:53:32.596+0000] {logging_mixin.py:117} INFO - [2022-09-24T19:53:32.596+0000] {dag.py:2573} INFO - Sync 1 DAGs
[2022-09-24T19:53:32.695+0000] {logging_mixin.py:117} INFO - [2022-09-24T19:53:32.695+0000] {dag.py:3328} INFO - Setting next_dagrun for example_time_delta_sensor_async to None, run_after=None
[2022-09-24T19:53:32.812+0000] {processor.py:178} INFO - Processing /home/airflow/.local/lib/python3.7/site-packages/airflow/example_dags/example_time_delta_sensor_async.py took 2.638 seconds
[2022-09-24T19:54:03.854+0000] {processor.py:156} INFO - Started process (PID=1433) to work on /home/airflow/.local/lib/python3.7/site-packages/airflow/example_dags/example_time_delta_sensor_async.py
[2022-09-24T19:54:03.866+0000] {processor.py:758} INFO - Processing file /home/airflow/.local/lib/python3.7/site-packages/airflow/example_dags/example_time_delta_sensor_async.py for tasks to queue
[2022-09-24T19:54:03.870+0000] {logging_mixin.py:117} INFO - [2022-09-24T19:54:03.869+0000] {dagbag.py:525} INFO - Filling up the DagBag from /home/airflow/.local/lib/python3.7/site-packages/airflow/example_dags/example_time_delta_sensor_async.py
[2022-09-24T19:54:03.962+0000] {processor.py:768} INFO - DAG(s) dict_keys(['example_time_delta_sensor_async']) retrieved from /home/airflow/.local/lib/python3.7/site-packages/airflow/example_dags/example_time_delta_sensor_async.py
[2022-09-24T19:54:05.726+0000] {logging_mixin.py:117} INFO - [2022-09-24T19:54:05.726+0000] {dag.py:2573} INFO - Sync 1 DAGs
[2022-09-24T19:54:05.798+0000] {logging_mixin.py:117} INFO - [2022-09-24T19:54:05.798+0000] {dag.py:3328} INFO - Setting next_dagrun for example_time_delta_sensor_async to None, run_after=None
[2022-09-24T19:54:05.879+0000] {processor.py:178} INFO - Processing /home/airflow/.local/lib/python3.7/site-packages/airflow/example_dags/example_time_delta_sensor_async.py took 2.052 seconds
[2022-09-24T19:54:36.217+0000] {processor.py:156} INFO - Started process (PID=1631) to work on /home/airflow/.local/lib/python3.7/site-packages/airflow/example_dags/example_time_delta_sensor_async.py
[2022-09-24T19:54:36.221+0000] {processor.py:758} INFO - Processing file /home/airflow/.local/lib/python3.7/site-packages/airflow/example_dags/example_time_delta_sensor_async.py for tasks to queue
[2022-09-24T19:54:36.223+0000] {logging_mixin.py:117} INFO - [2022-09-24T19:54:36.223+0000] {dagbag.py:525} INFO - Filling up the DagBag from /home/airflow/.local/lib/python3.7/site-packages/airflow/example_dags/example_time_delta_sensor_async.py
[2022-09-24T19:54:36.774+0000] {processor.py:768} INFO - DAG(s) dict_keys(['example_time_delta_sensor_async']) retrieved from /home/airflow/.local/lib/python3.7/site-packages/airflow/example_dags/example_time_delta_sensor_async.py
[2022-09-24T19:54:37.335+0000] {logging_mixin.py:117} INFO - [2022-09-24T19:54:37.335+0000] {dag.py:2573} INFO - Sync 1 DAGs
[2022-09-24T19:54:37.459+0000] {logging_mixin.py:117} INFO - [2022-09-24T19:54:37.459+0000] {dag.py:3328} INFO - Setting next_dagrun for example_time_delta_sensor_async to None, run_after=None
[2022-09-24T19:54:37.573+0000] {processor.py:178} INFO - Processing /home/airflow/.local/lib/python3.7/site-packages/airflow/example_dags/example_time_delta_sensor_async.py took 1.365 seconds
[2022-09-24T19:55:08.628+0000] {processor.py:156} INFO - Started process (PID=1840) to work on /home/airflow/.local/lib/python3.7/site-packages/airflow/example_dags/example_time_delta_sensor_async.py
[2022-09-24T19:55:08.635+0000] {processor.py:758} INFO - Processing file /home/airflow/.local/lib/python3.7/site-packages/airflow/example_dags/example_time_delta_sensor_async.py for tasks to queue
[2022-09-24T19:55:08.641+0000] {logging_mixin.py:117} INFO - [2022-09-24T19:55:08.640+0000] {dagbag.py:525} INFO - Filling up the DagBag from /home/airflow/.local/lib/python3.7/site-packages/airflow/example_dags/example_time_delta_sensor_async.py
[2022-09-24T19:55:08.714+0000] {processor.py:768} INFO - DAG(s) dict_keys(['example_time_delta_sensor_async']) retrieved from /home/airflow/.local/lib/python3.7/site-packages/airflow/example_dags/example_time_delta_sensor_async.py
[2022-09-24T19:55:09.898+0000] {logging_mixin.py:117} INFO - [2022-09-24T19:55:09.897+0000] {dag.py:2573} INFO - Sync 1 DAGs
[2022-09-24T19:55:10.013+0000] {logging_mixin.py:117} INFO - [2022-09-24T19:55:10.012+0000] {dag.py:3328} INFO - Setting next_dagrun for example_time_delta_sensor_async to None, run_after=None
[2022-09-24T19:55:10.152+0000] {processor.py:178} INFO - Processing /home/airflow/.local/lib/python3.7/site-packages/airflow/example_dags/example_time_delta_sensor_async.py took 1.541 seconds
[2022-09-24T19:55:40.314+0000] {processor.py:156} INFO - Started process (PID=2047) to work on /home/airflow/.local/lib/python3.7/site-packages/airflow/example_dags/example_time_delta_sensor_async.py
[2022-09-24T19:55:40.318+0000] {processor.py:758} INFO - Processing file /home/airflow/.local/lib/python3.7/site-packages/airflow/example_dags/example_time_delta_sensor_async.py for tasks to queue
[2022-09-24T19:55:40.325+0000] {logging_mixin.py:117} INFO - [2022-09-24T19:55:40.325+0000] {dagbag.py:525} INFO - Filling up the DagBag from /home/airflow/.local/lib/python3.7/site-packages/airflow/example_dags/example_time_delta_sensor_async.py
[2022-09-24T19:55:40.365+0000] {processor.py:768} INFO - DAG(s) dict_keys(['example_time_delta_sensor_async']) retrieved from /home/airflow/.local/lib/python3.7/site-packages/airflow/example_dags/example_time_delta_sensor_async.py
[2022-09-24T19:55:40.820+0000] {logging_mixin.py:117} INFO - [2022-09-24T19:55:40.819+0000] {dag.py:2573} INFO - Sync 1 DAGs
[2022-09-24T19:55:40.997+0000] {logging_mixin.py:117} INFO - [2022-09-24T19:55:40.997+0000] {dag.py:3328} INFO - Setting next_dagrun for example_time_delta_sensor_async to None, run_after=None
[2022-09-24T19:55:41.230+0000] {processor.py:178} INFO - Processing /home/airflow/.local/lib/python3.7/site-packages/airflow/example_dags/example_time_delta_sensor_async.py took 0.925 seconds
[2022-09-24T19:56:11.390+0000] {processor.py:156} INFO - Started process (PID=2245) to work on /home/airflow/.local/lib/python3.7/site-packages/airflow/example_dags/example_time_delta_sensor_async.py
[2022-09-24T19:56:11.394+0000] {processor.py:758} INFO - Processing file /home/airflow/.local/lib/python3.7/site-packages/airflow/example_dags/example_time_delta_sensor_async.py for tasks to queue
[2022-09-24T19:56:11.401+0000] {logging_mixin.py:117} INFO - [2022-09-24T19:56:11.400+0000] {dagbag.py:525} INFO - Filling up the DagBag from /home/airflow/.local/lib/python3.7/site-packages/airflow/example_dags/example_time_delta_sensor_async.py
[2022-09-24T19:56:11.482+0000] {processor.py:768} INFO - DAG(s) dict_keys(['example_time_delta_sensor_async']) retrieved from /home/airflow/.local/lib/python3.7/site-packages/airflow/example_dags/example_time_delta_sensor_async.py
[2022-09-24T19:56:12.519+0000] {logging_mixin.py:117} INFO - [2022-09-24T19:56:12.519+0000] {dag.py:2573} INFO - Sync 1 DAGs
[2022-09-24T19:56:12.583+0000] {logging_mixin.py:117} INFO - [2022-09-24T19:56:12.582+0000] {dag.py:3328} INFO - Setting next_dagrun for example_time_delta_sensor_async to None, run_after=None
[2022-09-24T19:56:12.649+0000] {processor.py:178} INFO - Processing /home/airflow/.local/lib/python3.7/site-packages/airflow/example_dags/example_time_delta_sensor_async.py took 1.270 seconds
[2022-09-24T19:56:42.915+0000] {processor.py:156} INFO - Started process (PID=2443) to work on /home/airflow/.local/lib/python3.7/site-packages/airflow/example_dags/example_time_delta_sensor_async.py
[2022-09-24T19:56:42.920+0000] {processor.py:758} INFO - Processing file /home/airflow/.local/lib/python3.7/site-packages/airflow/example_dags/example_time_delta_sensor_async.py for tasks to queue
[2022-09-24T19:56:42.924+0000] {logging_mixin.py:117} INFO - [2022-09-24T19:56:42.923+0000] {dagbag.py:525} INFO - Filling up the DagBag from /home/airflow/.local/lib/python3.7/site-packages/airflow/example_dags/example_time_delta_sensor_async.py
[2022-09-24T19:56:42.980+0000] {processor.py:768} INFO - DAG(s) dict_keys(['example_time_delta_sensor_async']) retrieved from /home/airflow/.local/lib/python3.7/site-packages/airflow/example_dags/example_time_delta_sensor_async.py
[2022-09-24T19:56:43.920+0000] {logging_mixin.py:117} INFO - [2022-09-24T19:56:43.919+0000] {dag.py:2573} INFO - Sync 1 DAGs
[2022-09-24T19:56:44.086+0000] {logging_mixin.py:117} INFO - [2022-09-24T19:56:44.085+0000] {dag.py:3328} INFO - Setting next_dagrun for example_time_delta_sensor_async to None, run_after=None
[2022-09-24T19:56:44.211+0000] {processor.py:178} INFO - Processing /home/airflow/.local/lib/python3.7/site-packages/airflow/example_dags/example_time_delta_sensor_async.py took 1.305 seconds
[2022-09-24T19:57:14.870+0000] {processor.py:156} INFO - Started process (PID=2647) to work on /home/airflow/.local/lib/python3.7/site-packages/airflow/example_dags/example_time_delta_sensor_async.py
[2022-09-24T19:57:14.879+0000] {processor.py:758} INFO - Processing file /home/airflow/.local/lib/python3.7/site-packages/airflow/example_dags/example_time_delta_sensor_async.py for tasks to queue
[2022-09-24T19:57:14.898+0000] {logging_mixin.py:117} INFO - [2022-09-24T19:57:14.897+0000] {dagbag.py:525} INFO - Filling up the DagBag from /home/airflow/.local/lib/python3.7/site-packages/airflow/example_dags/example_time_delta_sensor_async.py
[2022-09-24T19:57:15.074+0000] {processor.py:768} INFO - DAG(s) dict_keys(['example_time_delta_sensor_async']) retrieved from /home/airflow/.local/lib/python3.7/site-packages/airflow/example_dags/example_time_delta_sensor_async.py
[2022-09-24T19:57:16.201+0000] {logging_mixin.py:117} INFO - [2022-09-24T19:57:16.201+0000] {dag.py:2573} INFO - Sync 1 DAGs
[2022-09-24T19:57:17.277+0000] {logging_mixin.py:117} INFO - [2022-09-24T19:57:17.277+0000] {dag.py:3328} INFO - Setting next_dagrun for example_time_delta_sensor_async to None, run_after=None
[2022-09-24T19:57:18.160+0000] {processor.py:178} INFO - Processing /home/airflow/.local/lib/python3.7/site-packages/airflow/example_dags/example_time_delta_sensor_async.py took 3.314 seconds
[2022-09-24T19:57:49.629+0000] {processor.py:156} INFO - Started process (PID=2860) to work on /home/airflow/.local/lib/python3.7/site-packages/airflow/example_dags/example_time_delta_sensor_async.py
[2022-09-24T19:57:49.633+0000] {processor.py:758} INFO - Processing file /home/airflow/.local/lib/python3.7/site-packages/airflow/example_dags/example_time_delta_sensor_async.py for tasks to queue
[2022-09-24T19:57:49.640+0000] {logging_mixin.py:117} INFO - [2022-09-24T19:57:49.640+0000] {dagbag.py:525} INFO - Filling up the DagBag from /home/airflow/.local/lib/python3.7/site-packages/airflow/example_dags/example_time_delta_sensor_async.py
[2022-09-24T19:57:49.683+0000] {processor.py:768} INFO - DAG(s) dict_keys(['example_time_delta_sensor_async']) retrieved from /home/airflow/.local/lib/python3.7/site-packages/airflow/example_dags/example_time_delta_sensor_async.py
[2022-09-24T19:57:50.415+0000] {logging_mixin.py:117} INFO - [2022-09-24T19:57:50.415+0000] {dag.py:2573} INFO - Sync 1 DAGs
[2022-09-24T19:57:50.474+0000] {logging_mixin.py:117} INFO - [2022-09-24T19:57:50.474+0000] {dag.py:3328} INFO - Setting next_dagrun for example_time_delta_sensor_async to None, run_after=None
[2022-09-24T19:57:50.523+0000] {processor.py:178} INFO - Processing /home/airflow/.local/lib/python3.7/site-packages/airflow/example_dags/example_time_delta_sensor_async.py took 0.908 seconds
[2022-09-24T19:58:21.291+0000] {processor.py:156} INFO - Started process (PID=3056) to work on /home/airflow/.local/lib/python3.7/site-packages/airflow/example_dags/example_time_delta_sensor_async.py
[2022-09-24T19:58:21.296+0000] {processor.py:758} INFO - Processing file /home/airflow/.local/lib/python3.7/site-packages/airflow/example_dags/example_time_delta_sensor_async.py for tasks to queue
[2022-09-24T19:58:21.301+0000] {logging_mixin.py:117} INFO - [2022-09-24T19:58:21.300+0000] {dagbag.py:525} INFO - Filling up the DagBag from /home/airflow/.local/lib/python3.7/site-packages/airflow/example_dags/example_time_delta_sensor_async.py
[2022-09-24T19:58:21.466+0000] {processor.py:768} INFO - DAG(s) dict_keys(['example_time_delta_sensor_async']) retrieved from /home/airflow/.local/lib/python3.7/site-packages/airflow/example_dags/example_time_delta_sensor_async.py
[2022-09-24T19:58:23.103+0000] {logging_mixin.py:117} INFO - [2022-09-24T19:58:23.102+0000] {dag.py:2573} INFO - Sync 1 DAGs
[2022-09-24T19:58:23.206+0000] {logging_mixin.py:117} INFO - [2022-09-24T19:58:23.206+0000] {dag.py:3328} INFO - Setting next_dagrun for example_time_delta_sensor_async to None, run_after=None
[2022-09-24T19:58:23.319+0000] {processor.py:178} INFO - Processing /home/airflow/.local/lib/python3.7/site-packages/airflow/example_dags/example_time_delta_sensor_async.py took 2.034 seconds
[2022-09-24T19:58:53.862+0000] {processor.py:156} INFO - Started process (PID=3261) to work on /home/airflow/.local/lib/python3.7/site-packages/airflow/example_dags/example_time_delta_sensor_async.py
[2022-09-24T19:58:53.869+0000] {processor.py:758} INFO - Processing file /home/airflow/.local/lib/python3.7/site-packages/airflow/example_dags/example_time_delta_sensor_async.py for tasks to queue
[2022-09-24T19:58:53.886+0000] {logging_mixin.py:117} INFO - [2022-09-24T19:58:53.885+0000] {dagbag.py:525} INFO - Filling up the DagBag from /home/airflow/.local/lib/python3.7/site-packages/airflow/example_dags/example_time_delta_sensor_async.py
[2022-09-24T19:58:53.955+0000] {processor.py:768} INFO - DAG(s) dict_keys(['example_time_delta_sensor_async']) retrieved from /home/airflow/.local/lib/python3.7/site-packages/airflow/example_dags/example_time_delta_sensor_async.py
[2022-09-24T19:58:54.782+0000] {logging_mixin.py:117} INFO - [2022-09-24T19:58:54.782+0000] {dag.py:2573} INFO - Sync 1 DAGs
[2022-09-24T19:58:54.874+0000] {logging_mixin.py:117} INFO - [2022-09-24T19:58:54.873+0000] {dag.py:3328} INFO - Setting next_dagrun for example_time_delta_sensor_async to None, run_after=None
[2022-09-24T19:58:54.918+0000] {processor.py:178} INFO - Processing /home/airflow/.local/lib/python3.7/site-packages/airflow/example_dags/example_time_delta_sensor_async.py took 1.062 seconds
[2022-09-24T19:59:25.198+0000] {processor.py:156} INFO - Started process (PID=3462) to work on /home/airflow/.local/lib/python3.7/site-packages/airflow/example_dags/example_time_delta_sensor_async.py
[2022-09-24T19:59:25.205+0000] {processor.py:758} INFO - Processing file /home/airflow/.local/lib/python3.7/site-packages/airflow/example_dags/example_time_delta_sensor_async.py for tasks to queue
[2022-09-24T19:59:25.208+0000] {logging_mixin.py:117} INFO - [2022-09-24T19:59:25.208+0000] {dagbag.py:525} INFO - Filling up the DagBag from /home/airflow/.local/lib/python3.7/site-packages/airflow/example_dags/example_time_delta_sensor_async.py
[2022-09-24T19:59:25.260+0000] {processor.py:768} INFO - DAG(s) dict_keys(['example_time_delta_sensor_async']) retrieved from /home/airflow/.local/lib/python3.7/site-packages/airflow/example_dags/example_time_delta_sensor_async.py
[2022-09-24T19:59:26.361+0000] {logging_mixin.py:117} INFO - [2022-09-24T19:59:26.360+0000] {dag.py:2573} INFO - Sync 1 DAGs
[2022-09-24T19:59:26.487+0000] {logging_mixin.py:117} INFO - [2022-09-24T19:59:26.486+0000] {dag.py:3328} INFO - Setting next_dagrun for example_time_delta_sensor_async to None, run_after=None
[2022-09-24T19:59:26.584+0000] {processor.py:178} INFO - Processing /home/airflow/.local/lib/python3.7/site-packages/airflow/example_dags/example_time_delta_sensor_async.py took 1.396 seconds
[2022-09-24T19:59:57.193+0000] {processor.py:156} INFO - Started process (PID=3668) to work on /home/airflow/.local/lib/python3.7/site-packages/airflow/example_dags/example_time_delta_sensor_async.py
[2022-09-24T19:59:57.201+0000] {processor.py:758} INFO - Processing file /home/airflow/.local/lib/python3.7/site-packages/airflow/example_dags/example_time_delta_sensor_async.py for tasks to queue
[2022-09-24T19:59:57.207+0000] {logging_mixin.py:117} INFO - [2022-09-24T19:59:57.204+0000] {dagbag.py:525} INFO - Filling up the DagBag from /home/airflow/.local/lib/python3.7/site-packages/airflow/example_dags/example_time_delta_sensor_async.py
[2022-09-24T19:59:57.266+0000] {processor.py:768} INFO - DAG(s) dict_keys(['example_time_delta_sensor_async']) retrieved from /home/airflow/.local/lib/python3.7/site-packages/airflow/example_dags/example_time_delta_sensor_async.py
[2022-09-24T19:59:57.901+0000] {logging_mixin.py:117} INFO - [2022-09-24T19:59:57.900+0000] {dag.py:2573} INFO - Sync 1 DAGs
[2022-09-24T19:59:57.959+0000] {logging_mixin.py:117} INFO - [2022-09-24T19:59:57.958+0000] {dag.py:3328} INFO - Setting next_dagrun for example_time_delta_sensor_async to None, run_after=None
[2022-09-24T19:59:58.035+0000] {processor.py:178} INFO - Processing /home/airflow/.local/lib/python3.7/site-packages/airflow/example_dags/example_time_delta_sensor_async.py took 0.859 seconds
[2022-09-24T20:00:28.490+0000] {processor.py:156} INFO - Started process (PID=3866) to work on /home/airflow/.local/lib/python3.7/site-packages/airflow/example_dags/example_time_delta_sensor_async.py
[2022-09-24T20:00:28.494+0000] {processor.py:758} INFO - Processing file /home/airflow/.local/lib/python3.7/site-packages/airflow/example_dags/example_time_delta_sensor_async.py for tasks to queue
[2022-09-24T20:00:28.502+0000] {logging_mixin.py:117} INFO - [2022-09-24T20:00:28.501+0000] {dagbag.py:525} INFO - Filling up the DagBag from /home/airflow/.local/lib/python3.7/site-packages/airflow/example_dags/example_time_delta_sensor_async.py
[2022-09-24T20:00:28.552+0000] {processor.py:768} INFO - DAG(s) dict_keys(['example_time_delta_sensor_async']) retrieved from /home/airflow/.local/lib/python3.7/site-packages/airflow/example_dags/example_time_delta_sensor_async.py
[2022-09-24T20:00:29.076+0000] {logging_mixin.py:117} INFO - [2022-09-24T20:00:29.076+0000] {dag.py:2573} INFO - Sync 1 DAGs
[2022-09-24T20:00:29.128+0000] {logging_mixin.py:117} INFO - [2022-09-24T20:00:29.128+0000] {dag.py:3328} INFO - Setting next_dagrun for example_time_delta_sensor_async to None, run_after=None
[2022-09-24T20:00:29.177+0000] {processor.py:178} INFO - Processing /home/airflow/.local/lib/python3.7/site-packages/airflow/example_dags/example_time_delta_sensor_async.py took 0.703 seconds
[2022-09-24T20:00:59.865+0000] {processor.py:156} INFO - Started process (PID=4064) to work on /home/airflow/.local/lib/python3.7/site-packages/airflow/example_dags/example_time_delta_sensor_async.py
[2022-09-24T20:00:59.869+0000] {processor.py:758} INFO - Processing file /home/airflow/.local/lib/python3.7/site-packages/airflow/example_dags/example_time_delta_sensor_async.py for tasks to queue
[2022-09-24T20:00:59.880+0000] {logging_mixin.py:117} INFO - [2022-09-24T20:00:59.879+0000] {dagbag.py:525} INFO - Filling up the DagBag from /home/airflow/.local/lib/python3.7/site-packages/airflow/example_dags/example_time_delta_sensor_async.py
[2022-09-24T20:00:59.919+0000] {processor.py:768} INFO - DAG(s) dict_keys(['example_time_delta_sensor_async']) retrieved from /home/airflow/.local/lib/python3.7/site-packages/airflow/example_dags/example_time_delta_sensor_async.py
[2022-09-24T20:01:00.283+0000] {logging_mixin.py:117} INFO - [2022-09-24T20:01:00.282+0000] {dag.py:2573} INFO - Sync 1 DAGs
[2022-09-24T20:01:00.331+0000] {logging_mixin.py:117} INFO - [2022-09-24T20:01:00.331+0000] {dag.py:3328} INFO - Setting next_dagrun for example_time_delta_sensor_async to None, run_after=None
[2022-09-24T20:01:00.372+0000] {processor.py:178} INFO - Processing /home/airflow/.local/lib/python3.7/site-packages/airflow/example_dags/example_time_delta_sensor_async.py took 0.519 seconds
[2022-09-24T20:01:30.749+0000] {processor.py:156} INFO - Started process (PID=4262) to work on /home/airflow/.local/lib/python3.7/site-packages/airflow/example_dags/example_time_delta_sensor_async.py
[2022-09-24T20:01:30.753+0000] {processor.py:758} INFO - Processing file /home/airflow/.local/lib/python3.7/site-packages/airflow/example_dags/example_time_delta_sensor_async.py for tasks to queue
[2022-09-24T20:01:30.757+0000] {logging_mixin.py:117} INFO - [2022-09-24T20:01:30.756+0000] {dagbag.py:525} INFO - Filling up the DagBag from /home/airflow/.local/lib/python3.7/site-packages/airflow/example_dags/example_time_delta_sensor_async.py
[2022-09-24T20:01:30.827+0000] {processor.py:768} INFO - DAG(s) dict_keys(['example_time_delta_sensor_async']) retrieved from /home/airflow/.local/lib/python3.7/site-packages/airflow/example_dags/example_time_delta_sensor_async.py
[2022-09-24T20:01:31.228+0000] {logging_mixin.py:117} INFO - [2022-09-24T20:01:31.228+0000] {dag.py:2573} INFO - Sync 1 DAGs
[2022-09-24T20:01:31.281+0000] {logging_mixin.py:117} INFO - [2022-09-24T20:01:31.281+0000] {dag.py:3328} INFO - Setting next_dagrun for example_time_delta_sensor_async to None, run_after=None
[2022-09-24T20:01:31.327+0000] {processor.py:178} INFO - Processing /home/airflow/.local/lib/python3.7/site-packages/airflow/example_dags/example_time_delta_sensor_async.py took 0.588 seconds
[2022-09-24T20:02:01.388+0000] {processor.py:156} INFO - Started process (PID=4460) to work on /home/airflow/.local/lib/python3.7/site-packages/airflow/example_dags/example_time_delta_sensor_async.py
[2022-09-24T20:02:01.392+0000] {processor.py:758} INFO - Processing file /home/airflow/.local/lib/python3.7/site-packages/airflow/example_dags/example_time_delta_sensor_async.py for tasks to queue
[2022-09-24T20:02:01.396+0000] {logging_mixin.py:117} INFO - [2022-09-24T20:02:01.395+0000] {dagbag.py:525} INFO - Filling up the DagBag from /home/airflow/.local/lib/python3.7/site-packages/airflow/example_dags/example_time_delta_sensor_async.py
[2022-09-24T20:02:01.423+0000] {processor.py:768} INFO - DAG(s) dict_keys(['example_time_delta_sensor_async']) retrieved from /home/airflow/.local/lib/python3.7/site-packages/airflow/example_dags/example_time_delta_sensor_async.py
[2022-09-24T20:02:01.853+0000] {logging_mixin.py:117} INFO - [2022-09-24T20:02:01.852+0000] {dag.py:2573} INFO - Sync 1 DAGs
[2022-09-24T20:02:01.899+0000] {logging_mixin.py:117} INFO - [2022-09-24T20:02:01.899+0000] {dag.py:3328} INFO - Setting next_dagrun for example_time_delta_sensor_async to None, run_after=None
[2022-09-24T20:02:01.935+0000] {processor.py:178} INFO - Processing /home/airflow/.local/lib/python3.7/site-packages/airflow/example_dags/example_time_delta_sensor_async.py took 0.552 seconds
[2022-09-24T20:02:32.017+0000] {processor.py:156} INFO - Started process (PID=4665) to work on /home/airflow/.local/lib/python3.7/site-packages/airflow/example_dags/example_time_delta_sensor_async.py
[2022-09-24T20:02:32.021+0000] {processor.py:758} INFO - Processing file /home/airflow/.local/lib/python3.7/site-packages/airflow/example_dags/example_time_delta_sensor_async.py for tasks to queue
[2022-09-24T20:02:32.025+0000] {logging_mixin.py:117} INFO - [2022-09-24T20:02:32.025+0000] {dagbag.py:525} INFO - Filling up the DagBag from /home/airflow/.local/lib/python3.7/site-packages/airflow/example_dags/example_time_delta_sensor_async.py
[2022-09-24T20:02:32.057+0000] {processor.py:768} INFO - DAG(s) dict_keys(['example_time_delta_sensor_async']) retrieved from /home/airflow/.local/lib/python3.7/site-packages/airflow/example_dags/example_time_delta_sensor_async.py
[2022-09-24T20:02:32.452+0000] {logging_mixin.py:117} INFO - [2022-09-24T20:02:32.451+0000] {dag.py:2573} INFO - Sync 1 DAGs
[2022-09-24T20:02:32.495+0000] {logging_mixin.py:117} INFO - [2022-09-24T20:02:32.495+0000] {dag.py:3328} INFO - Setting next_dagrun for example_time_delta_sensor_async to None, run_after=None
[2022-09-24T20:02:32.536+0000] {processor.py:178} INFO - Processing /home/airflow/.local/lib/python3.7/site-packages/airflow/example_dags/example_time_delta_sensor_async.py took 0.527 seconds
[2022-09-24T20:03:02.730+0000] {processor.py:156} INFO - Started process (PID=4864) to work on /home/airflow/.local/lib/python3.7/site-packages/airflow/example_dags/example_time_delta_sensor_async.py
[2022-09-24T20:03:02.733+0000] {processor.py:758} INFO - Processing file /home/airflow/.local/lib/python3.7/site-packages/airflow/example_dags/example_time_delta_sensor_async.py for tasks to queue
[2022-09-24T20:03:02.739+0000] {logging_mixin.py:117} INFO - [2022-09-24T20:03:02.739+0000] {dagbag.py:525} INFO - Filling up the DagBag from /home/airflow/.local/lib/python3.7/site-packages/airflow/example_dags/example_time_delta_sensor_async.py
[2022-09-24T20:03:02.768+0000] {processor.py:768} INFO - DAG(s) dict_keys(['example_time_delta_sensor_async']) retrieved from /home/airflow/.local/lib/python3.7/site-packages/airflow/example_dags/example_time_delta_sensor_async.py
[2022-09-24T20:03:03.116+0000] {logging_mixin.py:117} INFO - [2022-09-24T20:03:03.115+0000] {dag.py:2573} INFO - Sync 1 DAGs
[2022-09-24T20:03:03.164+0000] {logging_mixin.py:117} INFO - [2022-09-24T20:03:03.164+0000] {dag.py:3328} INFO - Setting next_dagrun for example_time_delta_sensor_async to None, run_after=None
[2022-09-24T20:03:03.210+0000] {processor.py:178} INFO - Processing /home/airflow/.local/lib/python3.7/site-packages/airflow/example_dags/example_time_delta_sensor_async.py took 0.485 seconds
[2022-09-24T20:03:39.214+0000] {processor.py:156} INFO - Started process (PID=5062) to work on /home/airflow/.local/lib/python3.7/site-packages/airflow/example_dags/example_time_delta_sensor_async.py
[2022-09-24T20:03:39.219+0000] {processor.py:758} INFO - Processing file /home/airflow/.local/lib/python3.7/site-packages/airflow/example_dags/example_time_delta_sensor_async.py for tasks to queue
[2022-09-24T20:03:39.231+0000] {logging_mixin.py:117} INFO - [2022-09-24T20:03:39.229+0000] {dagbag.py:525} INFO - Filling up the DagBag from /home/airflow/.local/lib/python3.7/site-packages/airflow/example_dags/example_time_delta_sensor_async.py
[2022-09-24T20:03:39.315+0000] {processor.py:768} INFO - DAG(s) dict_keys(['example_time_delta_sensor_async']) retrieved from /home/airflow/.local/lib/python3.7/site-packages/airflow/example_dags/example_time_delta_sensor_async.py
[2022-09-24T20:03:40.527+0000] {logging_mixin.py:117} INFO - [2022-09-24T20:03:40.527+0000] {dag.py:2573} INFO - Sync 1 DAGs
[2022-09-24T20:03:40.688+0000] {logging_mixin.py:117} INFO - [2022-09-24T20:03:40.687+0000] {dag.py:3328} INFO - Setting next_dagrun for example_time_delta_sensor_async to None, run_after=None
[2022-09-24T20:03:40.818+0000] {processor.py:178} INFO - Processing /home/airflow/.local/lib/python3.7/site-packages/airflow/example_dags/example_time_delta_sensor_async.py took 1.618 seconds
[2022-09-24T20:04:11.372+0000] {processor.py:156} INFO - Started process (PID=5263) to work on /home/airflow/.local/lib/python3.7/site-packages/airflow/example_dags/example_time_delta_sensor_async.py
[2022-09-24T20:04:11.384+0000] {processor.py:758} INFO - Processing file /home/airflow/.local/lib/python3.7/site-packages/airflow/example_dags/example_time_delta_sensor_async.py for tasks to queue
[2022-09-24T20:04:11.393+0000] {logging_mixin.py:117} INFO - [2022-09-24T20:04:11.392+0000] {dagbag.py:525} INFO - Filling up the DagBag from /home/airflow/.local/lib/python3.7/site-packages/airflow/example_dags/example_time_delta_sensor_async.py
[2022-09-24T20:04:11.471+0000] {processor.py:768} INFO - DAG(s) dict_keys(['example_time_delta_sensor_async']) retrieved from /home/airflow/.local/lib/python3.7/site-packages/airflow/example_dags/example_time_delta_sensor_async.py
[2022-09-24T20:04:12.074+0000] {logging_mixin.py:117} INFO - [2022-09-24T20:04:12.074+0000] {dag.py:2573} INFO - Sync 1 DAGs
[2022-09-24T20:04:12.127+0000] {logging_mixin.py:117} INFO - [2022-09-24T20:04:12.127+0000] {dag.py:3328} INFO - Setting next_dagrun for example_time_delta_sensor_async to None, run_after=None
[2022-09-24T20:04:12.167+0000] {processor.py:178} INFO - Processing /home/airflow/.local/lib/python3.7/site-packages/airflow/example_dags/example_time_delta_sensor_async.py took 0.813 seconds
[2022-09-24T20:04:42.357+0000] {processor.py:156} INFO - Started process (PID=5458) to work on /home/airflow/.local/lib/python3.7/site-packages/airflow/example_dags/example_time_delta_sensor_async.py
[2022-09-24T20:04:42.364+0000] {processor.py:758} INFO - Processing file /home/airflow/.local/lib/python3.7/site-packages/airflow/example_dags/example_time_delta_sensor_async.py for tasks to queue
[2022-09-24T20:04:42.368+0000] {logging_mixin.py:117} INFO - [2022-09-24T20:04:42.367+0000] {dagbag.py:525} INFO - Filling up the DagBag from /home/airflow/.local/lib/python3.7/site-packages/airflow/example_dags/example_time_delta_sensor_async.py
[2022-09-24T20:04:42.413+0000] {processor.py:768} INFO - DAG(s) dict_keys(['example_time_delta_sensor_async']) retrieved from /home/airflow/.local/lib/python3.7/site-packages/airflow/example_dags/example_time_delta_sensor_async.py
[2022-09-24T20:04:43.619+0000] {logging_mixin.py:117} INFO - [2022-09-24T20:04:43.619+0000] {dag.py:2573} INFO - Sync 1 DAGs
[2022-09-24T20:04:43.701+0000] {logging_mixin.py:117} INFO - [2022-09-24T20:04:43.701+0000] {dag.py:3328} INFO - Setting next_dagrun for example_time_delta_sensor_async to None, run_after=None
[2022-09-24T20:04:43.802+0000] {processor.py:178} INFO - Processing /home/airflow/.local/lib/python3.7/site-packages/airflow/example_dags/example_time_delta_sensor_async.py took 1.453 seconds
[2022-09-24T20:05:14.592+0000] {processor.py:156} INFO - Started process (PID=5659) to work on /home/airflow/.local/lib/python3.7/site-packages/airflow/example_dags/example_time_delta_sensor_async.py
[2022-09-24T20:05:14.594+0000] {processor.py:758} INFO - Processing file /home/airflow/.local/lib/python3.7/site-packages/airflow/example_dags/example_time_delta_sensor_async.py for tasks to queue
[2022-09-24T20:05:14.598+0000] {logging_mixin.py:117} INFO - [2022-09-24T20:05:14.597+0000] {dagbag.py:525} INFO - Filling up the DagBag from /home/airflow/.local/lib/python3.7/site-packages/airflow/example_dags/example_time_delta_sensor_async.py
[2022-09-24T20:05:14.647+0000] {processor.py:768} INFO - DAG(s) dict_keys(['example_time_delta_sensor_async']) retrieved from /home/airflow/.local/lib/python3.7/site-packages/airflow/example_dags/example_time_delta_sensor_async.py
[2022-09-24T20:05:15.392+0000] {logging_mixin.py:117} INFO - [2022-09-24T20:05:15.391+0000] {dag.py:2573} INFO - Sync 1 DAGs
[2022-09-24T20:05:15.518+0000] {logging_mixin.py:117} INFO - [2022-09-24T20:05:15.518+0000] {dag.py:3328} INFO - Setting next_dagrun for example_time_delta_sensor_async to None, run_after=None
[2022-09-24T20:05:15.580+0000] {processor.py:178} INFO - Processing /home/airflow/.local/lib/python3.7/site-packages/airflow/example_dags/example_time_delta_sensor_async.py took 1.012 seconds
[2022-09-24T20:05:46.221+0000] {processor.py:156} INFO - Started process (PID=5863) to work on /home/airflow/.local/lib/python3.7/site-packages/airflow/example_dags/example_time_delta_sensor_async.py
[2022-09-24T20:05:46.230+0000] {processor.py:758} INFO - Processing file /home/airflow/.local/lib/python3.7/site-packages/airflow/example_dags/example_time_delta_sensor_async.py for tasks to queue
[2022-09-24T20:05:46.236+0000] {logging_mixin.py:117} INFO - [2022-09-24T20:05:46.235+0000] {dagbag.py:525} INFO - Filling up the DagBag from /home/airflow/.local/lib/python3.7/site-packages/airflow/example_dags/example_time_delta_sensor_async.py
[2022-09-24T20:05:46.486+0000] {processor.py:768} INFO - DAG(s) dict_keys(['example_time_delta_sensor_async']) retrieved from /home/airflow/.local/lib/python3.7/site-packages/airflow/example_dags/example_time_delta_sensor_async.py
[2022-09-24T20:05:47.353+0000] {logging_mixin.py:117} INFO - [2022-09-24T20:05:47.353+0000] {dag.py:2573} INFO - Sync 1 DAGs
[2022-09-24T20:05:47.464+0000] {logging_mixin.py:117} INFO - [2022-09-24T20:05:47.463+0000] {dag.py:3328} INFO - Setting next_dagrun for example_time_delta_sensor_async to None, run_after=None
[2022-09-24T20:05:47.531+0000] {processor.py:178} INFO - Processing /home/airflow/.local/lib/python3.7/site-packages/airflow/example_dags/example_time_delta_sensor_async.py took 1.329 seconds
[2022-09-24T20:06:18.268+0000] {processor.py:156} INFO - Started process (PID=6068) to work on /home/airflow/.local/lib/python3.7/site-packages/airflow/example_dags/example_time_delta_sensor_async.py
[2022-09-24T20:06:18.272+0000] {processor.py:758} INFO - Processing file /home/airflow/.local/lib/python3.7/site-packages/airflow/example_dags/example_time_delta_sensor_async.py for tasks to queue
[2022-09-24T20:06:18.284+0000] {logging_mixin.py:117} INFO - [2022-09-24T20:06:18.276+0000] {dagbag.py:525} INFO - Filling up the DagBag from /home/airflow/.local/lib/python3.7/site-packages/airflow/example_dags/example_time_delta_sensor_async.py
[2022-09-24T20:06:18.339+0000] {processor.py:768} INFO - DAG(s) dict_keys(['example_time_delta_sensor_async']) retrieved from /home/airflow/.local/lib/python3.7/site-packages/airflow/example_dags/example_time_delta_sensor_async.py
[2022-09-24T20:06:19.261+0000] {logging_mixin.py:117} INFO - [2022-09-24T20:06:19.261+0000] {dag.py:2573} INFO - Sync 1 DAGs
[2022-09-24T20:06:19.377+0000] {logging_mixin.py:117} INFO - [2022-09-24T20:06:19.377+0000] {dag.py:3328} INFO - Setting next_dagrun for example_time_delta_sensor_async to None, run_after=None
[2022-09-24T20:06:19.460+0000] {processor.py:178} INFO - Processing /home/airflow/.local/lib/python3.7/site-packages/airflow/example_dags/example_time_delta_sensor_async.py took 1.210 seconds
[2022-09-24T20:06:50.152+0000] {processor.py:156} INFO - Started process (PID=6270) to work on /home/airflow/.local/lib/python3.7/site-packages/airflow/example_dags/example_time_delta_sensor_async.py
[2022-09-24T20:06:50.155+0000] {processor.py:758} INFO - Processing file /home/airflow/.local/lib/python3.7/site-packages/airflow/example_dags/example_time_delta_sensor_async.py for tasks to queue
[2022-09-24T20:06:50.158+0000] {logging_mixin.py:117} INFO - [2022-09-24T20:06:50.157+0000] {dagbag.py:525} INFO - Filling up the DagBag from /home/airflow/.local/lib/python3.7/site-packages/airflow/example_dags/example_time_delta_sensor_async.py
[2022-09-24T20:06:50.290+0000] {processor.py:768} INFO - DAG(s) dict_keys(['example_time_delta_sensor_async']) retrieved from /home/airflow/.local/lib/python3.7/site-packages/airflow/example_dags/example_time_delta_sensor_async.py
[2022-09-24T20:06:51.364+0000] {logging_mixin.py:117} INFO - [2022-09-24T20:06:51.363+0000] {dag.py:2573} INFO - Sync 1 DAGs
[2022-09-24T20:06:51.450+0000] {logging_mixin.py:117} INFO - [2022-09-24T20:06:51.450+0000] {dag.py:3328} INFO - Setting next_dagrun for example_time_delta_sensor_async to None, run_after=None
[2022-09-24T20:06:51.550+0000] {processor.py:178} INFO - Processing /home/airflow/.local/lib/python3.7/site-packages/airflow/example_dags/example_time_delta_sensor_async.py took 1.412 seconds
[2022-09-24T20:07:21.696+0000] {processor.py:156} INFO - Started process (PID=6478) to work on /home/airflow/.local/lib/python3.7/site-packages/airflow/example_dags/example_time_delta_sensor_async.py
[2022-09-24T20:07:21.700+0000] {processor.py:758} INFO - Processing file /home/airflow/.local/lib/python3.7/site-packages/airflow/example_dags/example_time_delta_sensor_async.py for tasks to queue
[2022-09-24T20:07:21.703+0000] {logging_mixin.py:117} INFO - [2022-09-24T20:07:21.703+0000] {dagbag.py:525} INFO - Filling up the DagBag from /home/airflow/.local/lib/python3.7/site-packages/airflow/example_dags/example_time_delta_sensor_async.py
[2022-09-24T20:07:21.731+0000] {processor.py:768} INFO - DAG(s) dict_keys(['example_time_delta_sensor_async']) retrieved from /home/airflow/.local/lib/python3.7/site-packages/airflow/example_dags/example_time_delta_sensor_async.py
[2022-09-24T20:07:22.125+0000] {logging_mixin.py:117} INFO - [2022-09-24T20:07:22.125+0000] {dag.py:2573} INFO - Sync 1 DAGs
[2022-09-24T20:07:22.172+0000] {logging_mixin.py:117} INFO - [2022-09-24T20:07:22.172+0000] {dag.py:3328} INFO - Setting next_dagrun for example_time_delta_sensor_async to None, run_after=None
[2022-09-24T20:07:22.212+0000] {processor.py:178} INFO - Processing /home/airflow/.local/lib/python3.7/site-packages/airflow/example_dags/example_time_delta_sensor_async.py took 0.525 seconds
[2022-09-24T20:07:52.642+0000] {processor.py:156} INFO - Started process (PID=6674) to work on /home/airflow/.local/lib/python3.7/site-packages/airflow/example_dags/example_time_delta_sensor_async.py
[2022-09-24T20:07:52.648+0000] {processor.py:758} INFO - Processing file /home/airflow/.local/lib/python3.7/site-packages/airflow/example_dags/example_time_delta_sensor_async.py for tasks to queue
[2022-09-24T20:07:52.661+0000] {logging_mixin.py:117} INFO - [2022-09-24T20:07:52.660+0000] {dagbag.py:525} INFO - Filling up the DagBag from /home/airflow/.local/lib/python3.7/site-packages/airflow/example_dags/example_time_delta_sensor_async.py
[2022-09-24T20:07:52.726+0000] {processor.py:768} INFO - DAG(s) dict_keys(['example_time_delta_sensor_async']) retrieved from /home/airflow/.local/lib/python3.7/site-packages/airflow/example_dags/example_time_delta_sensor_async.py
[2022-09-24T20:07:53.260+0000] {logging_mixin.py:117} INFO - [2022-09-24T20:07:53.260+0000] {dag.py:2573} INFO - Sync 1 DAGs
[2022-09-24T20:07:53.317+0000] {logging_mixin.py:117} INFO - [2022-09-24T20:07:53.317+0000] {dag.py:3328} INFO - Setting next_dagrun for example_time_delta_sensor_async to None, run_after=None
[2022-09-24T20:07:53.363+0000] {processor.py:178} INFO - Processing /home/airflow/.local/lib/python3.7/site-packages/airflow/example_dags/example_time_delta_sensor_async.py took 0.734 seconds
[2022-09-24T20:08:23.773+0000] {processor.py:156} INFO - Started process (PID=6879) to work on /home/airflow/.local/lib/python3.7/site-packages/airflow/example_dags/example_time_delta_sensor_async.py
[2022-09-24T20:08:23.777+0000] {processor.py:758} INFO - Processing file /home/airflow/.local/lib/python3.7/site-packages/airflow/example_dags/example_time_delta_sensor_async.py for tasks to queue
[2022-09-24T20:08:23.780+0000] {logging_mixin.py:117} INFO - [2022-09-24T20:08:23.779+0000] {dagbag.py:525} INFO - Filling up the DagBag from /home/airflow/.local/lib/python3.7/site-packages/airflow/example_dags/example_time_delta_sensor_async.py
[2022-09-24T20:08:23.815+0000] {processor.py:768} INFO - DAG(s) dict_keys(['example_time_delta_sensor_async']) retrieved from /home/airflow/.local/lib/python3.7/site-packages/airflow/example_dags/example_time_delta_sensor_async.py
[2022-09-24T20:08:24.381+0000] {logging_mixin.py:117} INFO - [2022-09-24T20:08:24.381+0000] {dag.py:2573} INFO - Sync 1 DAGs
[2022-09-24T20:08:24.526+0000] {logging_mixin.py:117} INFO - [2022-09-24T20:08:24.526+0000] {dag.py:3328} INFO - Setting next_dagrun for example_time_delta_sensor_async to None, run_after=None
[2022-09-24T20:08:24.646+0000] {processor.py:178} INFO - Processing /home/airflow/.local/lib/python3.7/site-packages/airflow/example_dags/example_time_delta_sensor_async.py took 0.880 seconds
[2022-09-24T20:08:55.050+0000] {processor.py:156} INFO - Started process (PID=7083) to work on /home/airflow/.local/lib/python3.7/site-packages/airflow/example_dags/example_time_delta_sensor_async.py
[2022-09-24T20:08:55.059+0000] {processor.py:758} INFO - Processing file /home/airflow/.local/lib/python3.7/site-packages/airflow/example_dags/example_time_delta_sensor_async.py for tasks to queue
[2022-09-24T20:08:55.063+0000] {logging_mixin.py:117} INFO - [2022-09-24T20:08:55.063+0000] {dagbag.py:525} INFO - Filling up the DagBag from /home/airflow/.local/lib/python3.7/site-packages/airflow/example_dags/example_time_delta_sensor_async.py
[2022-09-24T20:08:55.366+0000] {processor.py:768} INFO - DAG(s) dict_keys(['example_time_delta_sensor_async']) retrieved from /home/airflow/.local/lib/python3.7/site-packages/airflow/example_dags/example_time_delta_sensor_async.py
[2022-09-24T20:08:56.977+0000] {logging_mixin.py:117} INFO - [2022-09-24T20:08:56.977+0000] {dag.py:2573} INFO - Sync 1 DAGs
[2022-09-24T20:08:57.276+0000] {logging_mixin.py:117} INFO - [2022-09-24T20:08:57.273+0000] {dag.py:3328} INFO - Setting next_dagrun for example_time_delta_sensor_async to None, run_after=None
[2022-09-24T20:08:57.346+0000] {processor.py:178} INFO - Processing /home/airflow/.local/lib/python3.7/site-packages/airflow/example_dags/example_time_delta_sensor_async.py took 2.335 seconds
[2022-09-24T20:09:27.666+0000] {processor.py:156} INFO - Started process (PID=7301) to work on /home/airflow/.local/lib/python3.7/site-packages/airflow/example_dags/example_time_delta_sensor_async.py
[2022-09-24T20:09:27.670+0000] {processor.py:758} INFO - Processing file /home/airflow/.local/lib/python3.7/site-packages/airflow/example_dags/example_time_delta_sensor_async.py for tasks to queue
[2022-09-24T20:09:27.673+0000] {logging_mixin.py:117} INFO - [2022-09-24T20:09:27.673+0000] {dagbag.py:525} INFO - Filling up the DagBag from /home/airflow/.local/lib/python3.7/site-packages/airflow/example_dags/example_time_delta_sensor_async.py
[2022-09-24T20:09:27.707+0000] {processor.py:768} INFO - DAG(s) dict_keys(['example_time_delta_sensor_async']) retrieved from /home/airflow/.local/lib/python3.7/site-packages/airflow/example_dags/example_time_delta_sensor_async.py
[2022-09-24T20:09:28.148+0000] {logging_mixin.py:117} INFO - [2022-09-24T20:09:28.148+0000] {dag.py:2573} INFO - Sync 1 DAGs
[2022-09-24T20:09:28.198+0000] {logging_mixin.py:117} INFO - [2022-09-24T20:09:28.198+0000] {dag.py:3328} INFO - Setting next_dagrun for example_time_delta_sensor_async to None, run_after=None
[2022-09-24T20:09:28.240+0000] {processor.py:178} INFO - Processing /home/airflow/.local/lib/python3.7/site-packages/airflow/example_dags/example_time_delta_sensor_async.py took 0.580 seconds
[2022-09-24T20:09:58.759+0000] {processor.py:156} INFO - Started process (PID=7499) to work on /home/airflow/.local/lib/python3.7/site-packages/airflow/example_dags/example_time_delta_sensor_async.py
[2022-09-24T20:09:58.763+0000] {processor.py:758} INFO - Processing file /home/airflow/.local/lib/python3.7/site-packages/airflow/example_dags/example_time_delta_sensor_async.py for tasks to queue
[2022-09-24T20:09:58.767+0000] {logging_mixin.py:117} INFO - [2022-09-24T20:09:58.766+0000] {dagbag.py:525} INFO - Filling up the DagBag from /home/airflow/.local/lib/python3.7/site-packages/airflow/example_dags/example_time_delta_sensor_async.py
[2022-09-24T20:09:58.800+0000] {processor.py:768} INFO - DAG(s) dict_keys(['example_time_delta_sensor_async']) retrieved from /home/airflow/.local/lib/python3.7/site-packages/airflow/example_dags/example_time_delta_sensor_async.py
[2022-09-24T20:09:59.443+0000] {logging_mixin.py:117} INFO - [2022-09-24T20:09:59.442+0000] {dag.py:2573} INFO - Sync 1 DAGs
[2022-09-24T20:09:59.496+0000] {logging_mixin.py:117} INFO - [2022-09-24T20:09:59.496+0000] {dag.py:3328} INFO - Setting next_dagrun for example_time_delta_sensor_async to None, run_after=None
[2022-09-24T20:09:59.607+0000] {processor.py:178} INFO - Processing /home/airflow/.local/lib/python3.7/site-packages/airflow/example_dags/example_time_delta_sensor_async.py took 0.861 seconds
[2022-09-24T20:10:29.859+0000] {processor.py:156} INFO - Started process (PID=7711) to work on /home/airflow/.local/lib/python3.7/site-packages/airflow/example_dags/example_time_delta_sensor_async.py
[2022-09-24T20:10:29.863+0000] {processor.py:758} INFO - Processing file /home/airflow/.local/lib/python3.7/site-packages/airflow/example_dags/example_time_delta_sensor_async.py for tasks to queue
[2022-09-24T20:10:29.867+0000] {logging_mixin.py:117} INFO - [2022-09-24T20:10:29.866+0000] {dagbag.py:525} INFO - Filling up the DagBag from /home/airflow/.local/lib/python3.7/site-packages/airflow/example_dags/example_time_delta_sensor_async.py
[2022-09-24T20:10:29.900+0000] {processor.py:768} INFO - DAG(s) dict_keys(['example_time_delta_sensor_async']) retrieved from /home/airflow/.local/lib/python3.7/site-packages/airflow/example_dags/example_time_delta_sensor_async.py
[2022-09-24T20:10:30.352+0000] {logging_mixin.py:117} INFO - [2022-09-24T20:10:30.352+0000] {dag.py:2573} INFO - Sync 1 DAGs
[2022-09-24T20:10:30.407+0000] {logging_mixin.py:117} INFO - [2022-09-24T20:10:30.407+0000] {dag.py:3328} INFO - Setting next_dagrun for example_time_delta_sensor_async to None, run_after=None
[2022-09-24T20:10:30.449+0000] {processor.py:178} INFO - Processing /home/airflow/.local/lib/python3.7/site-packages/airflow/example_dags/example_time_delta_sensor_async.py took 0.602 seconds
[2022-09-24T20:11:01.116+0000] {processor.py:156} INFO - Started process (PID=7903) to work on /home/airflow/.local/lib/python3.7/site-packages/airflow/example_dags/example_time_delta_sensor_async.py
[2022-09-24T20:11:01.137+0000] {processor.py:758} INFO - Processing file /home/airflow/.local/lib/python3.7/site-packages/airflow/example_dags/example_time_delta_sensor_async.py for tasks to queue
[2022-09-24T20:11:01.154+0000] {logging_mixin.py:117} INFO - [2022-09-24T20:11:01.148+0000] {dagbag.py:525} INFO - Filling up the DagBag from /home/airflow/.local/lib/python3.7/site-packages/airflow/example_dags/example_time_delta_sensor_async.py
[2022-09-24T20:11:01.231+0000] {processor.py:768} INFO - DAG(s) dict_keys(['example_time_delta_sensor_async']) retrieved from /home/airflow/.local/lib/python3.7/site-packages/airflow/example_dags/example_time_delta_sensor_async.py
[2022-09-24T20:11:02.892+0000] {logging_mixin.py:117} INFO - [2022-09-24T20:11:02.892+0000] {dag.py:2573} INFO - Sync 1 DAGs
[2022-09-24T20:11:02.951+0000] {logging_mixin.py:117} INFO - [2022-09-24T20:11:02.951+0000] {dag.py:3328} INFO - Setting next_dagrun for example_time_delta_sensor_async to None, run_after=None
[2022-09-24T20:11:03.022+0000] {processor.py:178} INFO - Processing /home/airflow/.local/lib/python3.7/site-packages/airflow/example_dags/example_time_delta_sensor_async.py took 1.941 seconds
[2022-09-24T20:11:33.143+0000] {processor.py:156} INFO - Started process (PID=8104) to work on /home/airflow/.local/lib/python3.7/site-packages/airflow/example_dags/example_time_delta_sensor_async.py
[2022-09-24T20:11:33.148+0000] {processor.py:758} INFO - Processing file /home/airflow/.local/lib/python3.7/site-packages/airflow/example_dags/example_time_delta_sensor_async.py for tasks to queue
[2022-09-24T20:11:33.151+0000] {logging_mixin.py:117} INFO - [2022-09-24T20:11:33.151+0000] {dagbag.py:525} INFO - Filling up the DagBag from /home/airflow/.local/lib/python3.7/site-packages/airflow/example_dags/example_time_delta_sensor_async.py
[2022-09-24T20:11:33.216+0000] {processor.py:768} INFO - DAG(s) dict_keys(['example_time_delta_sensor_async']) retrieved from /home/airflow/.local/lib/python3.7/site-packages/airflow/example_dags/example_time_delta_sensor_async.py
[2022-09-24T20:11:34.257+0000] {logging_mixin.py:117} INFO - [2022-09-24T20:11:34.257+0000] {dag.py:2573} INFO - Sync 1 DAGs
[2022-09-24T20:11:34.323+0000] {logging_mixin.py:117} INFO - [2022-09-24T20:11:34.322+0000] {dag.py:3328} INFO - Setting next_dagrun for example_time_delta_sensor_async to None, run_after=None
[2022-09-24T20:11:34.399+0000] {processor.py:178} INFO - Processing /home/airflow/.local/lib/python3.7/site-packages/airflow/example_dags/example_time_delta_sensor_async.py took 1.260 seconds
[2022-09-24T20:12:04.830+0000] {processor.py:156} INFO - Started process (PID=8313) to work on /home/airflow/.local/lib/python3.7/site-packages/airflow/example_dags/example_time_delta_sensor_async.py
[2022-09-24T20:12:04.835+0000] {processor.py:758} INFO - Processing file /home/airflow/.local/lib/python3.7/site-packages/airflow/example_dags/example_time_delta_sensor_async.py for tasks to queue
[2022-09-24T20:12:04.840+0000] {logging_mixin.py:117} INFO - [2022-09-24T20:12:04.839+0000] {dagbag.py:525} INFO - Filling up the DagBag from /home/airflow/.local/lib/python3.7/site-packages/airflow/example_dags/example_time_delta_sensor_async.py
[2022-09-24T20:12:04.895+0000] {processor.py:768} INFO - DAG(s) dict_keys(['example_time_delta_sensor_async']) retrieved from /home/airflow/.local/lib/python3.7/site-packages/airflow/example_dags/example_time_delta_sensor_async.py
[2022-09-24T20:12:05.754+0000] {logging_mixin.py:117} INFO - [2022-09-24T20:12:05.753+0000] {dag.py:2573} INFO - Sync 1 DAGs
[2022-09-24T20:12:05.851+0000] {logging_mixin.py:117} INFO - [2022-09-24T20:12:05.850+0000] {dag.py:3328} INFO - Setting next_dagrun for example_time_delta_sensor_async to None, run_after=None
[2022-09-24T20:12:05.910+0000] {processor.py:178} INFO - Processing /home/airflow/.local/lib/python3.7/site-packages/airflow/example_dags/example_time_delta_sensor_async.py took 1.094 seconds
[2022-09-24T20:12:36.340+0000] {processor.py:156} INFO - Started process (PID=8516) to work on /home/airflow/.local/lib/python3.7/site-packages/airflow/example_dags/example_time_delta_sensor_async.py
[2022-09-24T20:12:36.349+0000] {processor.py:758} INFO - Processing file /home/airflow/.local/lib/python3.7/site-packages/airflow/example_dags/example_time_delta_sensor_async.py for tasks to queue
[2022-09-24T20:12:36.351+0000] {logging_mixin.py:117} INFO - [2022-09-24T20:12:36.351+0000] {dagbag.py:525} INFO - Filling up the DagBag from /home/airflow/.local/lib/python3.7/site-packages/airflow/example_dags/example_time_delta_sensor_async.py
[2022-09-24T20:12:36.407+0000] {processor.py:768} INFO - DAG(s) dict_keys(['example_time_delta_sensor_async']) retrieved from /home/airflow/.local/lib/python3.7/site-packages/airflow/example_dags/example_time_delta_sensor_async.py
[2022-09-24T20:12:37.978+0000] {logging_mixin.py:117} INFO - [2022-09-24T20:12:37.978+0000] {dag.py:2573} INFO - Sync 1 DAGs
[2022-09-24T20:12:38.126+0000] {logging_mixin.py:117} INFO - [2022-09-24T20:12:38.126+0000] {dag.py:3328} INFO - Setting next_dagrun for example_time_delta_sensor_async to None, run_after=None
[2022-09-24T20:12:38.207+0000] {processor.py:178} INFO - Processing /home/airflow/.local/lib/python3.7/site-packages/airflow/example_dags/example_time_delta_sensor_async.py took 1.889 seconds
[2022-09-24T20:13:08.793+0000] {processor.py:156} INFO - Started process (PID=8719) to work on /home/airflow/.local/lib/python3.7/site-packages/airflow/example_dags/example_time_delta_sensor_async.py
[2022-09-24T20:13:08.798+0000] {processor.py:758} INFO - Processing file /home/airflow/.local/lib/python3.7/site-packages/airflow/example_dags/example_time_delta_sensor_async.py for tasks to queue
[2022-09-24T20:13:08.804+0000] {logging_mixin.py:117} INFO - [2022-09-24T20:13:08.803+0000] {dagbag.py:525} INFO - Filling up the DagBag from /home/airflow/.local/lib/python3.7/site-packages/airflow/example_dags/example_time_delta_sensor_async.py
[2022-09-24T20:13:08.840+0000] {processor.py:768} INFO - DAG(s) dict_keys(['example_time_delta_sensor_async']) retrieved from /home/airflow/.local/lib/python3.7/site-packages/airflow/example_dags/example_time_delta_sensor_async.py
[2022-09-24T20:13:09.402+0000] {logging_mixin.py:117} INFO - [2022-09-24T20:13:09.402+0000] {dag.py:2573} INFO - Sync 1 DAGs
[2022-09-24T20:13:09.458+0000] {logging_mixin.py:117} INFO - [2022-09-24T20:13:09.458+0000] {dag.py:3328} INFO - Setting next_dagrun for example_time_delta_sensor_async to None, run_after=None
[2022-09-24T20:13:09.505+0000] {processor.py:178} INFO - Processing /home/airflow/.local/lib/python3.7/site-packages/airflow/example_dags/example_time_delta_sensor_async.py took 0.727 seconds
[2022-09-24T20:13:39.770+0000] {processor.py:156} INFO - Started process (PID=8922) to work on /home/airflow/.local/lib/python3.7/site-packages/airflow/example_dags/example_time_delta_sensor_async.py
[2022-09-24T20:13:39.774+0000] {processor.py:758} INFO - Processing file /home/airflow/.local/lib/python3.7/site-packages/airflow/example_dags/example_time_delta_sensor_async.py for tasks to queue
[2022-09-24T20:13:39.779+0000] {logging_mixin.py:117} INFO - [2022-09-24T20:13:39.778+0000] {dagbag.py:525} INFO - Filling up the DagBag from /home/airflow/.local/lib/python3.7/site-packages/airflow/example_dags/example_time_delta_sensor_async.py
[2022-09-24T20:13:39.816+0000] {processor.py:768} INFO - DAG(s) dict_keys(['example_time_delta_sensor_async']) retrieved from /home/airflow/.local/lib/python3.7/site-packages/airflow/example_dags/example_time_delta_sensor_async.py
[2022-09-24T20:13:40.384+0000] {logging_mixin.py:117} INFO - [2022-09-24T20:13:40.384+0000] {dag.py:2573} INFO - Sync 1 DAGs
[2022-09-24T20:13:40.431+0000] {logging_mixin.py:117} INFO - [2022-09-24T20:13:40.431+0000] {dag.py:3328} INFO - Setting next_dagrun for example_time_delta_sensor_async to None, run_after=None
[2022-09-24T20:13:40.472+0000] {processor.py:178} INFO - Processing /home/airflow/.local/lib/python3.7/site-packages/airflow/example_dags/example_time_delta_sensor_async.py took 0.724 seconds
[2022-09-24T20:14:11.305+0000] {processor.py:156} INFO - Started process (PID=9123) to work on /home/airflow/.local/lib/python3.7/site-packages/airflow/example_dags/example_time_delta_sensor_async.py
[2022-09-24T20:14:11.317+0000] {processor.py:758} INFO - Processing file /home/airflow/.local/lib/python3.7/site-packages/airflow/example_dags/example_time_delta_sensor_async.py for tasks to queue
[2022-09-24T20:14:11.321+0000] {logging_mixin.py:117} INFO - [2022-09-24T20:14:11.320+0000] {dagbag.py:525} INFO - Filling up the DagBag from /home/airflow/.local/lib/python3.7/site-packages/airflow/example_dags/example_time_delta_sensor_async.py
[2022-09-24T20:14:11.468+0000] {processor.py:768} INFO - DAG(s) dict_keys(['example_time_delta_sensor_async']) retrieved from /home/airflow/.local/lib/python3.7/site-packages/airflow/example_dags/example_time_delta_sensor_async.py
[2022-09-24T20:14:12.935+0000] {logging_mixin.py:117} INFO - [2022-09-24T20:14:12.934+0000] {dag.py:2573} INFO - Sync 1 DAGs
[2022-09-24T20:14:13.564+0000] {logging_mixin.py:117} INFO - [2022-09-24T20:14:13.564+0000] {dag.py:3328} INFO - Setting next_dagrun for example_time_delta_sensor_async to None, run_after=None
[2022-09-24T20:14:14.115+0000] {processor.py:178} INFO - Processing /home/airflow/.local/lib/python3.7/site-packages/airflow/example_dags/example_time_delta_sensor_async.py took 2.849 seconds
[2022-09-24T20:14:44.823+0000] {processor.py:156} INFO - Started process (PID=9323) to work on /home/airflow/.local/lib/python3.7/site-packages/airflow/example_dags/example_time_delta_sensor_async.py
[2022-09-24T20:14:44.826+0000] {processor.py:758} INFO - Processing file /home/airflow/.local/lib/python3.7/site-packages/airflow/example_dags/example_time_delta_sensor_async.py for tasks to queue
[2022-09-24T20:14:44.828+0000] {logging_mixin.py:117} INFO - [2022-09-24T20:14:44.828+0000] {dagbag.py:525} INFO - Filling up the DagBag from /home/airflow/.local/lib/python3.7/site-packages/airflow/example_dags/example_time_delta_sensor_async.py
[2022-09-24T20:14:44.860+0000] {processor.py:768} INFO - DAG(s) dict_keys(['example_time_delta_sensor_async']) retrieved from /home/airflow/.local/lib/python3.7/site-packages/airflow/example_dags/example_time_delta_sensor_async.py
[2022-09-24T20:14:45.358+0000] {logging_mixin.py:117} INFO - [2022-09-24T20:14:45.358+0000] {dag.py:2573} INFO - Sync 1 DAGs
[2022-09-24T20:14:45.406+0000] {logging_mixin.py:117} INFO - [2022-09-24T20:14:45.406+0000] {dag.py:3328} INFO - Setting next_dagrun for example_time_delta_sensor_async to None, run_after=None
[2022-09-24T20:14:45.445+0000] {processor.py:178} INFO - Processing /home/airflow/.local/lib/python3.7/site-packages/airflow/example_dags/example_time_delta_sensor_async.py took 0.630 seconds
[2022-09-24T20:15:15.992+0000] {processor.py:156} INFO - Started process (PID=9521) to work on /home/airflow/.local/lib/python3.7/site-packages/airflow/example_dags/example_time_delta_sensor_async.py
[2022-09-24T20:15:15.997+0000] {processor.py:758} INFO - Processing file /home/airflow/.local/lib/python3.7/site-packages/airflow/example_dags/example_time_delta_sensor_async.py for tasks to queue
[2022-09-24T20:15:16.006+0000] {logging_mixin.py:117} INFO - [2022-09-24T20:15:16.001+0000] {dagbag.py:525} INFO - Filling up the DagBag from /home/airflow/.local/lib/python3.7/site-packages/airflow/example_dags/example_time_delta_sensor_async.py
[2022-09-24T20:15:16.078+0000] {processor.py:768} INFO - DAG(s) dict_keys(['example_time_delta_sensor_async']) retrieved from /home/airflow/.local/lib/python3.7/site-packages/airflow/example_dags/example_time_delta_sensor_async.py
[2022-09-24T20:15:16.535+0000] {logging_mixin.py:117} INFO - [2022-09-24T20:15:16.535+0000] {dag.py:2573} INFO - Sync 1 DAGs
[2022-09-24T20:15:16.592+0000] {logging_mixin.py:117} INFO - [2022-09-24T20:15:16.592+0000] {dag.py:3328} INFO - Setting next_dagrun for example_time_delta_sensor_async to None, run_after=None
[2022-09-24T20:15:16.648+0000] {processor.py:178} INFO - Processing /home/airflow/.local/lib/python3.7/site-packages/airflow/example_dags/example_time_delta_sensor_async.py took 0.670 seconds
[2022-09-24T20:15:47.046+0000] {processor.py:156} INFO - Started process (PID=9707) to work on /home/airflow/.local/lib/python3.7/site-packages/airflow/example_dags/example_time_delta_sensor_async.py
[2022-09-24T20:15:47.053+0000] {processor.py:758} INFO - Processing file /home/airflow/.local/lib/python3.7/site-packages/airflow/example_dags/example_time_delta_sensor_async.py for tasks to queue
[2022-09-24T20:15:47.058+0000] {logging_mixin.py:117} INFO - [2022-09-24T20:15:47.057+0000] {dagbag.py:525} INFO - Filling up the DagBag from /home/airflow/.local/lib/python3.7/site-packages/airflow/example_dags/example_time_delta_sensor_async.py
[2022-09-24T20:15:47.102+0000] {processor.py:768} INFO - DAG(s) dict_keys(['example_time_delta_sensor_async']) retrieved from /home/airflow/.local/lib/python3.7/site-packages/airflow/example_dags/example_time_delta_sensor_async.py
[2022-09-24T20:15:48.102+0000] {logging_mixin.py:117} INFO - [2022-09-24T20:15:48.101+0000] {dag.py:2573} INFO - Sync 1 DAGs
[2022-09-24T20:15:48.375+0000] {logging_mixin.py:117} INFO - [2022-09-24T20:15:48.375+0000] {dag.py:3328} INFO - Setting next_dagrun for example_time_delta_sensor_async to None, run_after=None
[2022-09-24T20:15:48.536+0000] {processor.py:178} INFO - Processing /home/airflow/.local/lib/python3.7/site-packages/airflow/example_dags/example_time_delta_sensor_async.py took 1.501 seconds
[2022-09-24T20:16:23.071+0000] {processor.py:156} INFO - Started process (PID=9923) to work on /home/airflow/.local/lib/python3.7/site-packages/airflow/example_dags/example_time_delta_sensor_async.py
[2022-09-24T20:16:23.090+0000] {processor.py:758} INFO - Processing file /home/airflow/.local/lib/python3.7/site-packages/airflow/example_dags/example_time_delta_sensor_async.py for tasks to queue
[2022-09-24T20:16:23.093+0000] {logging_mixin.py:117} INFO - [2022-09-24T20:16:23.093+0000] {dagbag.py:525} INFO - Filling up the DagBag from /home/airflow/.local/lib/python3.7/site-packages/airflow/example_dags/example_time_delta_sensor_async.py
[2022-09-24T20:16:23.210+0000] {processor.py:768} INFO - DAG(s) dict_keys(['example_time_delta_sensor_async']) retrieved from /home/airflow/.local/lib/python3.7/site-packages/airflow/example_dags/example_time_delta_sensor_async.py
[2022-09-24T20:16:24.651+0000] {logging_mixin.py:117} INFO - [2022-09-24T20:16:24.651+0000] {dag.py:2573} INFO - Sync 1 DAGs
[2022-09-24T20:16:24.735+0000] {logging_mixin.py:117} INFO - [2022-09-24T20:16:24.734+0000] {dag.py:3328} INFO - Setting next_dagrun for example_time_delta_sensor_async to None, run_after=None
[2022-09-24T20:16:24.820+0000] {processor.py:178} INFO - Processing /home/airflow/.local/lib/python3.7/site-packages/airflow/example_dags/example_time_delta_sensor_async.py took 1.783 seconds
[2022-09-24T20:16:55.533+0000] {processor.py:156} INFO - Started process (PID=10130) to work on /home/airflow/.local/lib/python3.7/site-packages/airflow/example_dags/example_time_delta_sensor_async.py
[2022-09-24T20:16:55.537+0000] {processor.py:758} INFO - Processing file /home/airflow/.local/lib/python3.7/site-packages/airflow/example_dags/example_time_delta_sensor_async.py for tasks to queue
[2022-09-24T20:16:55.541+0000] {logging_mixin.py:117} INFO - [2022-09-24T20:16:55.541+0000] {dagbag.py:525} INFO - Filling up the DagBag from /home/airflow/.local/lib/python3.7/site-packages/airflow/example_dags/example_time_delta_sensor_async.py
[2022-09-24T20:16:55.568+0000] {processor.py:768} INFO - DAG(s) dict_keys(['example_time_delta_sensor_async']) retrieved from /home/airflow/.local/lib/python3.7/site-packages/airflow/example_dags/example_time_delta_sensor_async.py
[2022-09-24T20:16:55.918+0000] {logging_mixin.py:117} INFO - [2022-09-24T20:16:55.918+0000] {dag.py:2573} INFO - Sync 1 DAGs
[2022-09-24T20:16:56.007+0000] {logging_mixin.py:117} INFO - [2022-09-24T20:16:56.007+0000] {dag.py:3328} INFO - Setting next_dagrun for example_time_delta_sensor_async to None, run_after=None
[2022-09-24T20:16:56.050+0000] {processor.py:178} INFO - Processing /home/airflow/.local/lib/python3.7/site-packages/airflow/example_dags/example_time_delta_sensor_async.py took 0.526 seconds
[2022-09-24T20:17:26.869+0000] {processor.py:156} INFO - Started process (PID=10328) to work on /home/airflow/.local/lib/python3.7/site-packages/airflow/example_dags/example_time_delta_sensor_async.py
[2022-09-24T20:17:26.875+0000] {processor.py:758} INFO - Processing file /home/airflow/.local/lib/python3.7/site-packages/airflow/example_dags/example_time_delta_sensor_async.py for tasks to queue
[2022-09-24T20:17:26.880+0000] {logging_mixin.py:117} INFO - [2022-09-24T20:17:26.880+0000] {dagbag.py:525} INFO - Filling up the DagBag from /home/airflow/.local/lib/python3.7/site-packages/airflow/example_dags/example_time_delta_sensor_async.py
[2022-09-24T20:17:26.925+0000] {processor.py:768} INFO - DAG(s) dict_keys(['example_time_delta_sensor_async']) retrieved from /home/airflow/.local/lib/python3.7/site-packages/airflow/example_dags/example_time_delta_sensor_async.py
[2022-09-24T20:17:27.410+0000] {logging_mixin.py:117} INFO - [2022-09-24T20:17:27.409+0000] {dag.py:2573} INFO - Sync 1 DAGs
[2022-09-24T20:17:27.466+0000] {logging_mixin.py:117} INFO - [2022-09-24T20:17:27.465+0000] {dag.py:3328} INFO - Setting next_dagrun for example_time_delta_sensor_async to None, run_after=None
[2022-09-24T20:17:27.514+0000] {processor.py:178} INFO - Processing /home/airflow/.local/lib/python3.7/site-packages/airflow/example_dags/example_time_delta_sensor_async.py took 0.650 seconds
[2022-09-24T20:17:58.358+0000] {processor.py:156} INFO - Started process (PID=10526) to work on /home/airflow/.local/lib/python3.7/site-packages/airflow/example_dags/example_time_delta_sensor_async.py
[2022-09-24T20:17:58.363+0000] {processor.py:758} INFO - Processing file /home/airflow/.local/lib/python3.7/site-packages/airflow/example_dags/example_time_delta_sensor_async.py for tasks to queue
[2022-09-24T20:17:58.368+0000] {logging_mixin.py:117} INFO - [2022-09-24T20:17:58.367+0000] {dagbag.py:525} INFO - Filling up the DagBag from /home/airflow/.local/lib/python3.7/site-packages/airflow/example_dags/example_time_delta_sensor_async.py
[2022-09-24T20:17:58.406+0000] {processor.py:768} INFO - DAG(s) dict_keys(['example_time_delta_sensor_async']) retrieved from /home/airflow/.local/lib/python3.7/site-packages/airflow/example_dags/example_time_delta_sensor_async.py
[2022-09-24T20:17:58.784+0000] {logging_mixin.py:117} INFO - [2022-09-24T20:17:58.784+0000] {dag.py:2573} INFO - Sync 1 DAGs
[2022-09-24T20:17:58.846+0000] {logging_mixin.py:117} INFO - [2022-09-24T20:17:58.846+0000] {dag.py:3328} INFO - Setting next_dagrun for example_time_delta_sensor_async to None, run_after=None
[2022-09-24T20:17:58.904+0000] {processor.py:178} INFO - Processing /home/airflow/.local/lib/python3.7/site-packages/airflow/example_dags/example_time_delta_sensor_async.py took 0.557 seconds
[2022-09-24T20:18:29.029+0000] {processor.py:156} INFO - Started process (PID=10724) to work on /home/airflow/.local/lib/python3.7/site-packages/airflow/example_dags/example_time_delta_sensor_async.py
[2022-09-24T20:18:29.033+0000] {processor.py:758} INFO - Processing file /home/airflow/.local/lib/python3.7/site-packages/airflow/example_dags/example_time_delta_sensor_async.py for tasks to queue
[2022-09-24T20:18:29.038+0000] {logging_mixin.py:117} INFO - [2022-09-24T20:18:29.037+0000] {dagbag.py:525} INFO - Filling up the DagBag from /home/airflow/.local/lib/python3.7/site-packages/airflow/example_dags/example_time_delta_sensor_async.py
[2022-09-24T20:18:29.071+0000] {processor.py:768} INFO - DAG(s) dict_keys(['example_time_delta_sensor_async']) retrieved from /home/airflow/.local/lib/python3.7/site-packages/airflow/example_dags/example_time_delta_sensor_async.py
[2022-09-24T20:18:29.542+0000] {logging_mixin.py:117} INFO - [2022-09-24T20:18:29.542+0000] {dag.py:2573} INFO - Sync 1 DAGs
[2022-09-24T20:18:29.615+0000] {logging_mixin.py:117} INFO - [2022-09-24T20:18:29.614+0000] {dag.py:3328} INFO - Setting next_dagrun for example_time_delta_sensor_async to None, run_after=None
[2022-09-24T20:18:29.685+0000] {processor.py:178} INFO - Processing /home/airflow/.local/lib/python3.7/site-packages/airflow/example_dags/example_time_delta_sensor_async.py took 0.666 seconds
[2022-09-24T20:18:59.957+0000] {processor.py:156} INFO - Started process (PID=10929) to work on /home/airflow/.local/lib/python3.7/site-packages/airflow/example_dags/example_time_delta_sensor_async.py
[2022-09-24T20:18:59.966+0000] {processor.py:758} INFO - Processing file /home/airflow/.local/lib/python3.7/site-packages/airflow/example_dags/example_time_delta_sensor_async.py for tasks to queue
[2022-09-24T20:18:59.970+0000] {logging_mixin.py:117} INFO - [2022-09-24T20:18:59.970+0000] {dagbag.py:525} INFO - Filling up the DagBag from /home/airflow/.local/lib/python3.7/site-packages/airflow/example_dags/example_time_delta_sensor_async.py
[2022-09-24T20:19:00.032+0000] {processor.py:768} INFO - DAG(s) dict_keys(['example_time_delta_sensor_async']) retrieved from /home/airflow/.local/lib/python3.7/site-packages/airflow/example_dags/example_time_delta_sensor_async.py
[2022-09-24T20:19:00.654+0000] {logging_mixin.py:117} INFO - [2022-09-24T20:19:00.654+0000] {dag.py:2573} INFO - Sync 1 DAGs
[2022-09-24T20:19:00.704+0000] {logging_mixin.py:117} INFO - [2022-09-24T20:19:00.704+0000] {dag.py:3328} INFO - Setting next_dagrun for example_time_delta_sensor_async to None, run_after=None
[2022-09-24T20:19:00.746+0000] {processor.py:178} INFO - Processing /home/airflow/.local/lib/python3.7/site-packages/airflow/example_dags/example_time_delta_sensor_async.py took 0.799 seconds
[2022-09-24T20:19:31.739+0000] {processor.py:156} INFO - Started process (PID=11131) to work on /home/airflow/.local/lib/python3.7/site-packages/airflow/example_dags/example_time_delta_sensor_async.py
[2022-09-24T20:19:31.743+0000] {processor.py:758} INFO - Processing file /home/airflow/.local/lib/python3.7/site-packages/airflow/example_dags/example_time_delta_sensor_async.py for tasks to queue
[2022-09-24T20:19:31.745+0000] {logging_mixin.py:117} INFO - [2022-09-24T20:19:31.745+0000] {dagbag.py:525} INFO - Filling up the DagBag from /home/airflow/.local/lib/python3.7/site-packages/airflow/example_dags/example_time_delta_sensor_async.py
[2022-09-24T20:19:31.770+0000] {processor.py:768} INFO - DAG(s) dict_keys(['example_time_delta_sensor_async']) retrieved from /home/airflow/.local/lib/python3.7/site-packages/airflow/example_dags/example_time_delta_sensor_async.py
[2022-09-24T20:19:32.099+0000] {logging_mixin.py:117} INFO - [2022-09-24T20:19:32.098+0000] {dag.py:2573} INFO - Sync 1 DAGs
[2022-09-24T20:19:32.140+0000] {logging_mixin.py:117} INFO - [2022-09-24T20:19:32.140+0000] {dag.py:3328} INFO - Setting next_dagrun for example_time_delta_sensor_async to None, run_after=None
[2022-09-24T20:19:32.181+0000] {processor.py:178} INFO - Processing /home/airflow/.local/lib/python3.7/site-packages/airflow/example_dags/example_time_delta_sensor_async.py took 0.448 seconds
[2022-09-24T20:20:02.325+0000] {processor.py:156} INFO - Started process (PID=11329) to work on /home/airflow/.local/lib/python3.7/site-packages/airflow/example_dags/example_time_delta_sensor_async.py
[2022-09-24T20:20:02.329+0000] {processor.py:758} INFO - Processing file /home/airflow/.local/lib/python3.7/site-packages/airflow/example_dags/example_time_delta_sensor_async.py for tasks to queue
[2022-09-24T20:20:02.333+0000] {logging_mixin.py:117} INFO - [2022-09-24T20:20:02.332+0000] {dagbag.py:525} INFO - Filling up the DagBag from /home/airflow/.local/lib/python3.7/site-packages/airflow/example_dags/example_time_delta_sensor_async.py
[2022-09-24T20:20:02.381+0000] {processor.py:768} INFO - DAG(s) dict_keys(['example_time_delta_sensor_async']) retrieved from /home/airflow/.local/lib/python3.7/site-packages/airflow/example_dags/example_time_delta_sensor_async.py
[2022-09-24T20:20:02.801+0000] {logging_mixin.py:117} INFO - [2022-09-24T20:20:02.801+0000] {dag.py:2573} INFO - Sync 1 DAGs
[2022-09-24T20:20:02.847+0000] {logging_mixin.py:117} INFO - [2022-09-24T20:20:02.847+0000] {dag.py:3328} INFO - Setting next_dagrun for example_time_delta_sensor_async to None, run_after=None
[2022-09-24T20:20:02.886+0000] {processor.py:178} INFO - Processing /home/airflow/.local/lib/python3.7/site-packages/airflow/example_dags/example_time_delta_sensor_async.py took 0.569 seconds
[2022-09-24T20:20:33.755+0000] {processor.py:156} INFO - Started process (PID=11527) to work on /home/airflow/.local/lib/python3.7/site-packages/airflow/example_dags/example_time_delta_sensor_async.py
[2022-09-24T20:20:33.759+0000] {processor.py:758} INFO - Processing file /home/airflow/.local/lib/python3.7/site-packages/airflow/example_dags/example_time_delta_sensor_async.py for tasks to queue
[2022-09-24T20:20:33.763+0000] {logging_mixin.py:117} INFO - [2022-09-24T20:20:33.763+0000] {dagbag.py:525} INFO - Filling up the DagBag from /home/airflow/.local/lib/python3.7/site-packages/airflow/example_dags/example_time_delta_sensor_async.py
[2022-09-24T20:20:33.792+0000] {processor.py:768} INFO - DAG(s) dict_keys(['example_time_delta_sensor_async']) retrieved from /home/airflow/.local/lib/python3.7/site-packages/airflow/example_dags/example_time_delta_sensor_async.py
[2022-09-24T20:20:34.156+0000] {logging_mixin.py:117} INFO - [2022-09-24T20:20:34.156+0000] {dag.py:2573} INFO - Sync 1 DAGs
[2022-09-24T20:20:34.200+0000] {logging_mixin.py:117} INFO - [2022-09-24T20:20:34.200+0000] {dag.py:3328} INFO - Setting next_dagrun for example_time_delta_sensor_async to None, run_after=None
[2022-09-24T20:20:34.239+0000] {processor.py:178} INFO - Processing /home/airflow/.local/lib/python3.7/site-packages/airflow/example_dags/example_time_delta_sensor_async.py took 0.497 seconds
[2022-09-24T20:21:04.752+0000] {processor.py:156} INFO - Started process (PID=11737) to work on /home/airflow/.local/lib/python3.7/site-packages/airflow/example_dags/example_time_delta_sensor_async.py
[2022-09-24T20:21:04.758+0000] {processor.py:758} INFO - Processing file /home/airflow/.local/lib/python3.7/site-packages/airflow/example_dags/example_time_delta_sensor_async.py for tasks to queue
[2022-09-24T20:21:04.761+0000] {logging_mixin.py:117} INFO - [2022-09-24T20:21:04.760+0000] {dagbag.py:525} INFO - Filling up the DagBag from /home/airflow/.local/lib/python3.7/site-packages/airflow/example_dags/example_time_delta_sensor_async.py
[2022-09-24T20:21:04.812+0000] {processor.py:768} INFO - DAG(s) dict_keys(['example_time_delta_sensor_async']) retrieved from /home/airflow/.local/lib/python3.7/site-packages/airflow/example_dags/example_time_delta_sensor_async.py
[2022-09-24T20:21:05.444+0000] {logging_mixin.py:117} INFO - [2022-09-24T20:21:05.444+0000] {dag.py:2573} INFO - Sync 1 DAGs
[2022-09-24T20:21:05.516+0000] {logging_mixin.py:117} INFO - [2022-09-24T20:21:05.516+0000] {dag.py:3328} INFO - Setting next_dagrun for example_time_delta_sensor_async to None, run_after=None
[2022-09-24T20:21:05.554+0000] {processor.py:178} INFO - Processing /home/airflow/.local/lib/python3.7/site-packages/airflow/example_dags/example_time_delta_sensor_async.py took 0.810 seconds
[2022-09-24T20:21:35.954+0000] {processor.py:156} INFO - Started process (PID=11942) to work on /home/airflow/.local/lib/python3.7/site-packages/airflow/example_dags/example_time_delta_sensor_async.py
[2022-09-24T20:21:35.958+0000] {processor.py:758} INFO - Processing file /home/airflow/.local/lib/python3.7/site-packages/airflow/example_dags/example_time_delta_sensor_async.py for tasks to queue
[2022-09-24T20:21:35.960+0000] {logging_mixin.py:117} INFO - [2022-09-24T20:21:35.960+0000] {dagbag.py:525} INFO - Filling up the DagBag from /home/airflow/.local/lib/python3.7/site-packages/airflow/example_dags/example_time_delta_sensor_async.py
[2022-09-24T20:21:35.986+0000] {processor.py:768} INFO - DAG(s) dict_keys(['example_time_delta_sensor_async']) retrieved from /home/airflow/.local/lib/python3.7/site-packages/airflow/example_dags/example_time_delta_sensor_async.py
[2022-09-24T20:21:36.336+0000] {logging_mixin.py:117} INFO - [2022-09-24T20:21:36.335+0000] {dag.py:2573} INFO - Sync 1 DAGs
[2022-09-24T20:21:36.381+0000] {logging_mixin.py:117} INFO - [2022-09-24T20:21:36.381+0000] {dag.py:3328} INFO - Setting next_dagrun for example_time_delta_sensor_async to None, run_after=None
[2022-09-24T20:21:36.421+0000] {processor.py:178} INFO - Processing /home/airflow/.local/lib/python3.7/site-packages/airflow/example_dags/example_time_delta_sensor_async.py took 0.477 seconds
