[2022-09-24T19:51:02.211+0000] {processor.py:156} INFO - Started process (PID=349) to work on /home/airflow/.local/lib/python3.7/site-packages/airflow/example_dags/example_local_kubernetes_executor.py
[2022-09-24T19:51:02.216+0000] {processor.py:758} INFO - Processing file /home/airflow/.local/lib/python3.7/site-packages/airflow/example_dags/example_local_kubernetes_executor.py for tasks to queue
[2022-09-24T19:51:02.232+0000] {logging_mixin.py:117} INFO - [2022-09-24T19:51:02.231+0000] {dagbag.py:525} INFO - Filling up the DagBag from /home/airflow/.local/lib/python3.7/site-packages/airflow/example_dags/example_local_kubernetes_executor.py
[2022-09-24T19:51:02.354+0000] {processor.py:768} INFO - DAG(s) dict_keys(['example_local_kubernetes_executor']) retrieved from /home/airflow/.local/lib/python3.7/site-packages/airflow/example_dags/example_local_kubernetes_executor.py
[2022-09-24T19:51:02.557+0000] {logging_mixin.py:117} INFO - [2022-09-24T19:51:02.553+0000] {dag.py:2573} INFO - Sync 1 DAGs
[2022-09-24T19:51:02.691+0000] {logging_mixin.py:117} INFO - [2022-09-24T19:51:02.691+0000] {dag.py:3328} INFO - Setting next_dagrun for example_local_kubernetes_executor to None, run_after=None
[2022-09-24T19:51:02.808+0000] {processor.py:178} INFO - Processing /home/airflow/.local/lib/python3.7/site-packages/airflow/example_dags/example_local_kubernetes_executor.py took 0.619 seconds
[2022-09-24T19:51:33.211+0000] {processor.py:156} INFO - Started process (PID=544) to work on /home/airflow/.local/lib/python3.7/site-packages/airflow/example_dags/example_local_kubernetes_executor.py
[2022-09-24T19:51:33.214+0000] {processor.py:758} INFO - Processing file /home/airflow/.local/lib/python3.7/site-packages/airflow/example_dags/example_local_kubernetes_executor.py for tasks to queue
[2022-09-24T19:51:33.217+0000] {logging_mixin.py:117} INFO - [2022-09-24T19:51:33.217+0000] {dagbag.py:525} INFO - Filling up the DagBag from /home/airflow/.local/lib/python3.7/site-packages/airflow/example_dags/example_local_kubernetes_executor.py
[2022-09-24T19:51:33.267+0000] {processor.py:768} INFO - DAG(s) dict_keys(['example_local_kubernetes_executor']) retrieved from /home/airflow/.local/lib/python3.7/site-packages/airflow/example_dags/example_local_kubernetes_executor.py
[2022-09-24T19:51:33.338+0000] {logging_mixin.py:117} INFO - [2022-09-24T19:51:33.338+0000] {dag.py:2573} INFO - Sync 1 DAGs
[2022-09-24T19:51:33.389+0000] {logging_mixin.py:117} INFO - [2022-09-24T19:51:33.389+0000] {dag.py:3328} INFO - Setting next_dagrun for example_local_kubernetes_executor to None, run_after=None
[2022-09-24T19:51:33.752+0000] {processor.py:178} INFO - Processing /home/airflow/.local/lib/python3.7/site-packages/airflow/example_dags/example_local_kubernetes_executor.py took 0.550 seconds
[2022-09-24T19:52:11.071+0000] {processor.py:156} INFO - Started process (PID=747) to work on /home/airflow/.local/lib/python3.7/site-packages/airflow/example_dags/example_local_kubernetes_executor.py
[2022-09-24T19:52:11.075+0000] {processor.py:758} INFO - Processing file /home/airflow/.local/lib/python3.7/site-packages/airflow/example_dags/example_local_kubernetes_executor.py for tasks to queue
[2022-09-24T19:52:11.084+0000] {logging_mixin.py:117} INFO - [2022-09-24T19:52:11.084+0000] {dagbag.py:525} INFO - Filling up the DagBag from /home/airflow/.local/lib/python3.7/site-packages/airflow/example_dags/example_local_kubernetes_executor.py
[2022-09-24T19:52:11.223+0000] {processor.py:768} INFO - DAG(s) dict_keys(['example_local_kubernetes_executor']) retrieved from /home/airflow/.local/lib/python3.7/site-packages/airflow/example_dags/example_local_kubernetes_executor.py
[2022-09-24T19:52:11.385+0000] {logging_mixin.py:117} INFO - [2022-09-24T19:52:11.384+0000] {dag.py:2573} INFO - Sync 1 DAGs
[2022-09-24T19:52:12.063+0000] {logging_mixin.py:117} INFO - [2022-09-24T19:52:12.062+0000] {dag.py:3328} INFO - Setting next_dagrun for example_local_kubernetes_executor to None, run_after=None
[2022-09-24T19:52:12.205+0000] {processor.py:178} INFO - Processing /home/airflow/.local/lib/python3.7/site-packages/airflow/example_dags/example_local_kubernetes_executor.py took 1.153 seconds
[2022-09-24T19:52:42.453+0000] {processor.py:156} INFO - Started process (PID=951) to work on /home/airflow/.local/lib/python3.7/site-packages/airflow/example_dags/example_local_kubernetes_executor.py
[2022-09-24T19:52:42.457+0000] {processor.py:758} INFO - Processing file /home/airflow/.local/lib/python3.7/site-packages/airflow/example_dags/example_local_kubernetes_executor.py for tasks to queue
[2022-09-24T19:52:42.461+0000] {logging_mixin.py:117} INFO - [2022-09-24T19:52:42.460+0000] {dagbag.py:525} INFO - Filling up the DagBag from /home/airflow/.local/lib/python3.7/site-packages/airflow/example_dags/example_local_kubernetes_executor.py
[2022-09-24T19:52:42.512+0000] {processor.py:768} INFO - DAG(s) dict_keys(['example_local_kubernetes_executor']) retrieved from /home/airflow/.local/lib/python3.7/site-packages/airflow/example_dags/example_local_kubernetes_executor.py
[2022-09-24T19:52:42.812+0000] {logging_mixin.py:117} INFO - [2022-09-24T19:52:42.811+0000] {dag.py:2573} INFO - Sync 1 DAGs
[2022-09-24T19:52:42.861+0000] {logging_mixin.py:117} INFO - [2022-09-24T19:52:42.861+0000] {dag.py:3328} INFO - Setting next_dagrun for example_local_kubernetes_executor to None, run_after=None
[2022-09-24T19:52:42.898+0000] {processor.py:178} INFO - Processing /home/airflow/.local/lib/python3.7/site-packages/airflow/example_dags/example_local_kubernetes_executor.py took 0.453 seconds
[2022-09-24T19:53:13.275+0000] {processor.py:156} INFO - Started process (PID=1149) to work on /home/airflow/.local/lib/python3.7/site-packages/airflow/example_dags/example_local_kubernetes_executor.py
[2022-09-24T19:53:13.280+0000] {processor.py:758} INFO - Processing file /home/airflow/.local/lib/python3.7/site-packages/airflow/example_dags/example_local_kubernetes_executor.py for tasks to queue
[2022-09-24T19:53:13.284+0000] {logging_mixin.py:117} INFO - [2022-09-24T19:53:13.283+0000] {dagbag.py:525} INFO - Filling up the DagBag from /home/airflow/.local/lib/python3.7/site-packages/airflow/example_dags/example_local_kubernetes_executor.py
[2022-09-24T19:53:13.330+0000] {processor.py:768} INFO - DAG(s) dict_keys(['example_local_kubernetes_executor']) retrieved from /home/airflow/.local/lib/python3.7/site-packages/airflow/example_dags/example_local_kubernetes_executor.py
[2022-09-24T19:53:13.566+0000] {logging_mixin.py:117} INFO - [2022-09-24T19:53:13.565+0000] {dag.py:2573} INFO - Sync 1 DAGs
[2022-09-24T19:53:13.608+0000] {logging_mixin.py:117} INFO - [2022-09-24T19:53:13.607+0000] {dag.py:3328} INFO - Setting next_dagrun for example_local_kubernetes_executor to None, run_after=None
[2022-09-24T19:53:13.650+0000] {processor.py:178} INFO - Processing /home/airflow/.local/lib/python3.7/site-packages/airflow/example_dags/example_local_kubernetes_executor.py took 0.384 seconds
[2022-09-24T19:53:44.315+0000] {processor.py:156} INFO - Started process (PID=1344) to work on /home/airflow/.local/lib/python3.7/site-packages/airflow/example_dags/example_local_kubernetes_executor.py
[2022-09-24T19:53:44.319+0000] {processor.py:758} INFO - Processing file /home/airflow/.local/lib/python3.7/site-packages/airflow/example_dags/example_local_kubernetes_executor.py for tasks to queue
[2022-09-24T19:53:44.322+0000] {logging_mixin.py:117} INFO - [2022-09-24T19:53:44.321+0000] {dagbag.py:525} INFO - Filling up the DagBag from /home/airflow/.local/lib/python3.7/site-packages/airflow/example_dags/example_local_kubernetes_executor.py
[2022-09-24T19:53:44.426+0000] {processor.py:768} INFO - DAG(s) dict_keys(['example_local_kubernetes_executor']) retrieved from /home/airflow/.local/lib/python3.7/site-packages/airflow/example_dags/example_local_kubernetes_executor.py
[2022-09-24T19:53:44.778+0000] {logging_mixin.py:117} INFO - [2022-09-24T19:53:44.778+0000] {dag.py:2573} INFO - Sync 1 DAGs
[2022-09-24T19:53:44.828+0000] {logging_mixin.py:117} INFO - [2022-09-24T19:53:44.827+0000] {dag.py:3328} INFO - Setting next_dagrun for example_local_kubernetes_executor to None, run_after=None
[2022-09-24T19:53:44.924+0000] {processor.py:178} INFO - Processing /home/airflow/.local/lib/python3.7/site-packages/airflow/example_dags/example_local_kubernetes_executor.py took 0.628 seconds
[2022-09-24T19:54:16.556+0000] {processor.py:156} INFO - Started process (PID=1542) to work on /home/airflow/.local/lib/python3.7/site-packages/airflow/example_dags/example_local_kubernetes_executor.py
[2022-09-24T19:54:16.561+0000] {processor.py:758} INFO - Processing file /home/airflow/.local/lib/python3.7/site-packages/airflow/example_dags/example_local_kubernetes_executor.py for tasks to queue
[2022-09-24T19:54:16.567+0000] {logging_mixin.py:117} INFO - [2022-09-24T19:54:16.566+0000] {dagbag.py:525} INFO - Filling up the DagBag from /home/airflow/.local/lib/python3.7/site-packages/airflow/example_dags/example_local_kubernetes_executor.py
[2022-09-24T19:54:17.104+0000] {processor.py:768} INFO - DAG(s) dict_keys(['example_local_kubernetes_executor']) retrieved from /home/airflow/.local/lib/python3.7/site-packages/airflow/example_dags/example_local_kubernetes_executor.py
[2022-09-24T19:54:17.391+0000] {logging_mixin.py:117} INFO - [2022-09-24T19:54:17.388+0000] {dag.py:2573} INFO - Sync 1 DAGs
[2022-09-24T19:54:17.488+0000] {logging_mixin.py:117} INFO - [2022-09-24T19:54:17.487+0000] {dag.py:3328} INFO - Setting next_dagrun for example_local_kubernetes_executor to None, run_after=None
[2022-09-24T19:54:17.613+0000] {processor.py:178} INFO - Processing /home/airflow/.local/lib/python3.7/site-packages/airflow/example_dags/example_local_kubernetes_executor.py took 1.077 seconds
[2022-09-24T19:54:48.163+0000] {processor.py:156} INFO - Started process (PID=1750) to work on /home/airflow/.local/lib/python3.7/site-packages/airflow/example_dags/example_local_kubernetes_executor.py
[2022-09-24T19:54:48.184+0000] {processor.py:758} INFO - Processing file /home/airflow/.local/lib/python3.7/site-packages/airflow/example_dags/example_local_kubernetes_executor.py for tasks to queue
[2022-09-24T19:54:48.195+0000] {logging_mixin.py:117} INFO - [2022-09-24T19:54:48.194+0000] {dagbag.py:525} INFO - Filling up the DagBag from /home/airflow/.local/lib/python3.7/site-packages/airflow/example_dags/example_local_kubernetes_executor.py
[2022-09-24T19:54:48.334+0000] {processor.py:768} INFO - DAG(s) dict_keys(['example_local_kubernetes_executor']) retrieved from /home/airflow/.local/lib/python3.7/site-packages/airflow/example_dags/example_local_kubernetes_executor.py
[2022-09-24T19:54:48.593+0000] {logging_mixin.py:117} INFO - [2022-09-24T19:54:48.584+0000] {dag.py:2573} INFO - Sync 1 DAGs
[2022-09-24T19:54:48.785+0000] {logging_mixin.py:117} INFO - [2022-09-24T19:54:48.784+0000] {dag.py:3328} INFO - Setting next_dagrun for example_local_kubernetes_executor to None, run_after=None
[2022-09-24T19:54:48.877+0000] {processor.py:178} INFO - Processing /home/airflow/.local/lib/python3.7/site-packages/airflow/example_dags/example_local_kubernetes_executor.py took 0.733 seconds
[2022-09-24T19:55:19.177+0000] {processor.py:156} INFO - Started process (PID=1947) to work on /home/airflow/.local/lib/python3.7/site-packages/airflow/example_dags/example_local_kubernetes_executor.py
[2022-09-24T19:55:19.181+0000] {processor.py:758} INFO - Processing file /home/airflow/.local/lib/python3.7/site-packages/airflow/example_dags/example_local_kubernetes_executor.py for tasks to queue
[2022-09-24T19:55:19.186+0000] {logging_mixin.py:117} INFO - [2022-09-24T19:55:19.185+0000] {dagbag.py:525} INFO - Filling up the DagBag from /home/airflow/.local/lib/python3.7/site-packages/airflow/example_dags/example_local_kubernetes_executor.py
[2022-09-24T19:55:19.299+0000] {processor.py:768} INFO - DAG(s) dict_keys(['example_local_kubernetes_executor']) retrieved from /home/airflow/.local/lib/python3.7/site-packages/airflow/example_dags/example_local_kubernetes_executor.py
[2022-09-24T19:55:19.417+0000] {logging_mixin.py:117} INFO - [2022-09-24T19:55:19.416+0000] {dag.py:2573} INFO - Sync 1 DAGs
[2022-09-24T19:55:19.554+0000] {logging_mixin.py:117} INFO - [2022-09-24T19:55:19.553+0000] {dag.py:3328} INFO - Setting next_dagrun for example_local_kubernetes_executor to None, run_after=None
[2022-09-24T19:55:19.666+0000] {processor.py:178} INFO - Processing /home/airflow/.local/lib/python3.7/site-packages/airflow/example_dags/example_local_kubernetes_executor.py took 0.511 seconds
[2022-09-24T19:55:50.076+0000] {processor.py:156} INFO - Started process (PID=2142) to work on /home/airflow/.local/lib/python3.7/site-packages/airflow/example_dags/example_local_kubernetes_executor.py
[2022-09-24T19:55:50.080+0000] {processor.py:758} INFO - Processing file /home/airflow/.local/lib/python3.7/site-packages/airflow/example_dags/example_local_kubernetes_executor.py for tasks to queue
[2022-09-24T19:55:50.083+0000] {logging_mixin.py:117} INFO - [2022-09-24T19:55:50.083+0000] {dagbag.py:525} INFO - Filling up the DagBag from /home/airflow/.local/lib/python3.7/site-packages/airflow/example_dags/example_local_kubernetes_executor.py
[2022-09-24T19:55:50.131+0000] {processor.py:768} INFO - DAG(s) dict_keys(['example_local_kubernetes_executor']) retrieved from /home/airflow/.local/lib/python3.7/site-packages/airflow/example_dags/example_local_kubernetes_executor.py
[2022-09-24T19:55:50.231+0000] {logging_mixin.py:117} INFO - [2022-09-24T19:55:50.231+0000] {dag.py:2573} INFO - Sync 1 DAGs
[2022-09-24T19:55:50.307+0000] {logging_mixin.py:117} INFO - [2022-09-24T19:55:50.307+0000] {dag.py:3328} INFO - Setting next_dagrun for example_local_kubernetes_executor to None, run_after=None
[2022-09-24T19:55:50.374+0000] {processor.py:178} INFO - Processing /home/airflow/.local/lib/python3.7/site-packages/airflow/example_dags/example_local_kubernetes_executor.py took 0.304 seconds
[2022-09-24T19:56:21.155+0000] {processor.py:156} INFO - Started process (PID=2340) to work on /home/airflow/.local/lib/python3.7/site-packages/airflow/example_dags/example_local_kubernetes_executor.py
[2022-09-24T19:56:21.162+0000] {processor.py:758} INFO - Processing file /home/airflow/.local/lib/python3.7/site-packages/airflow/example_dags/example_local_kubernetes_executor.py for tasks to queue
[2022-09-24T19:56:21.173+0000] {logging_mixin.py:117} INFO - [2022-09-24T19:56:21.172+0000] {dagbag.py:525} INFO - Filling up the DagBag from /home/airflow/.local/lib/python3.7/site-packages/airflow/example_dags/example_local_kubernetes_executor.py
[2022-09-24T19:56:21.382+0000] {processor.py:768} INFO - DAG(s) dict_keys(['example_local_kubernetes_executor']) retrieved from /home/airflow/.local/lib/python3.7/site-packages/airflow/example_dags/example_local_kubernetes_executor.py
[2022-09-24T19:56:21.667+0000] {logging_mixin.py:117} INFO - [2022-09-24T19:56:21.667+0000] {dag.py:2573} INFO - Sync 1 DAGs
[2022-09-24T19:56:22.081+0000] {logging_mixin.py:117} INFO - [2022-09-24T19:56:22.070+0000] {dag.py:3328} INFO - Setting next_dagrun for example_local_kubernetes_executor to None, run_after=None
[2022-09-24T19:56:22.679+0000] {processor.py:178} INFO - Processing /home/airflow/.local/lib/python3.7/site-packages/airflow/example_dags/example_local_kubernetes_executor.py took 1.549 seconds
[2022-09-24T19:56:52.942+0000] {processor.py:156} INFO - Started process (PID=2547) to work on /home/airflow/.local/lib/python3.7/site-packages/airflow/example_dags/example_local_kubernetes_executor.py
[2022-09-24T19:56:52.947+0000] {processor.py:758} INFO - Processing file /home/airflow/.local/lib/python3.7/site-packages/airflow/example_dags/example_local_kubernetes_executor.py for tasks to queue
[2022-09-24T19:56:52.950+0000] {logging_mixin.py:117} INFO - [2022-09-24T19:56:52.950+0000] {dagbag.py:525} INFO - Filling up the DagBag from /home/airflow/.local/lib/python3.7/site-packages/airflow/example_dags/example_local_kubernetes_executor.py
[2022-09-24T19:56:53.010+0000] {processor.py:768} INFO - DAG(s) dict_keys(['example_local_kubernetes_executor']) retrieved from /home/airflow/.local/lib/python3.7/site-packages/airflow/example_dags/example_local_kubernetes_executor.py
[2022-09-24T19:56:53.093+0000] {logging_mixin.py:117} INFO - [2022-09-24T19:56:53.093+0000] {dag.py:2573} INFO - Sync 1 DAGs
[2022-09-24T19:56:53.141+0000] {logging_mixin.py:117} INFO - [2022-09-24T19:56:53.141+0000] {dag.py:3328} INFO - Setting next_dagrun for example_local_kubernetes_executor to None, run_after=None
[2022-09-24T19:56:53.193+0000] {processor.py:178} INFO - Processing /home/airflow/.local/lib/python3.7/site-packages/airflow/example_dags/example_local_kubernetes_executor.py took 0.262 seconds
[2022-09-24T19:57:33.438+0000] {processor.py:156} INFO - Started process (PID=2754) to work on /home/airflow/.local/lib/python3.7/site-packages/airflow/example_dags/example_local_kubernetes_executor.py
[2022-09-24T19:57:33.445+0000] {processor.py:758} INFO - Processing file /home/airflow/.local/lib/python3.7/site-packages/airflow/example_dags/example_local_kubernetes_executor.py for tasks to queue
[2022-09-24T19:57:33.448+0000] {logging_mixin.py:117} INFO - [2022-09-24T19:57:33.448+0000] {dagbag.py:525} INFO - Filling up the DagBag from /home/airflow/.local/lib/python3.7/site-packages/airflow/example_dags/example_local_kubernetes_executor.py
[2022-09-24T19:57:33.513+0000] {processor.py:768} INFO - DAG(s) dict_keys(['example_local_kubernetes_executor']) retrieved from /home/airflow/.local/lib/python3.7/site-packages/airflow/example_dags/example_local_kubernetes_executor.py
[2022-09-24T19:57:33.608+0000] {logging_mixin.py:117} INFO - [2022-09-24T19:57:33.608+0000] {dag.py:2573} INFO - Sync 1 DAGs
[2022-09-24T19:57:33.704+0000] {logging_mixin.py:117} INFO - [2022-09-24T19:57:33.704+0000] {dag.py:3328} INFO - Setting next_dagrun for example_local_kubernetes_executor to None, run_after=None
[2022-09-24T19:57:33.745+0000] {processor.py:178} INFO - Processing /home/airflow/.local/lib/python3.7/site-packages/airflow/example_dags/example_local_kubernetes_executor.py took 0.314 seconds
[2022-09-24T19:58:05.121+0000] {processor.py:156} INFO - Started process (PID=2962) to work on /home/airflow/.local/lib/python3.7/site-packages/airflow/example_dags/example_local_kubernetes_executor.py
[2022-09-24T19:58:05.137+0000] {processor.py:758} INFO - Processing file /home/airflow/.local/lib/python3.7/site-packages/airflow/example_dags/example_local_kubernetes_executor.py for tasks to queue
[2022-09-24T19:58:05.143+0000] {logging_mixin.py:117} INFO - [2022-09-24T19:58:05.142+0000] {dagbag.py:525} INFO - Filling up the DagBag from /home/airflow/.local/lib/python3.7/site-packages/airflow/example_dags/example_local_kubernetes_executor.py
[2022-09-24T19:58:05.378+0000] {processor.py:768} INFO - DAG(s) dict_keys(['example_local_kubernetes_executor']) retrieved from /home/airflow/.local/lib/python3.7/site-packages/airflow/example_dags/example_local_kubernetes_executor.py
[2022-09-24T19:58:05.710+0000] {logging_mixin.py:117} INFO - [2022-09-24T19:58:05.709+0000] {dag.py:2573} INFO - Sync 1 DAGs
[2022-09-24T19:58:06.024+0000] {logging_mixin.py:117} INFO - [2022-09-24T19:58:06.023+0000] {dag.py:3328} INFO - Setting next_dagrun for example_local_kubernetes_executor to None, run_after=None
[2022-09-24T19:58:06.215+0000] {processor.py:178} INFO - Processing /home/airflow/.local/lib/python3.7/site-packages/airflow/example_dags/example_local_kubernetes_executor.py took 1.116 seconds
[2022-09-24T19:58:38.113+0000] {processor.py:156} INFO - Started process (PID=3158) to work on /home/airflow/.local/lib/python3.7/site-packages/airflow/example_dags/example_local_kubernetes_executor.py
[2022-09-24T19:58:38.118+0000] {processor.py:758} INFO - Processing file /home/airflow/.local/lib/python3.7/site-packages/airflow/example_dags/example_local_kubernetes_executor.py for tasks to queue
[2022-09-24T19:58:38.127+0000] {logging_mixin.py:117} INFO - [2022-09-24T19:58:38.126+0000] {dagbag.py:525} INFO - Filling up the DagBag from /home/airflow/.local/lib/python3.7/site-packages/airflow/example_dags/example_local_kubernetes_executor.py
[2022-09-24T19:58:38.224+0000] {processor.py:768} INFO - DAG(s) dict_keys(['example_local_kubernetes_executor']) retrieved from /home/airflow/.local/lib/python3.7/site-packages/airflow/example_dags/example_local_kubernetes_executor.py
[2022-09-24T19:58:38.360+0000] {logging_mixin.py:117} INFO - [2022-09-24T19:58:38.360+0000] {dag.py:2573} INFO - Sync 1 DAGs
[2022-09-24T19:58:38.418+0000] {logging_mixin.py:117} INFO - [2022-09-24T19:58:38.417+0000] {dag.py:3328} INFO - Setting next_dagrun for example_local_kubernetes_executor to None, run_after=None
[2022-09-24T19:58:38.462+0000] {processor.py:178} INFO - Processing /home/airflow/.local/lib/python3.7/site-packages/airflow/example_dags/example_local_kubernetes_executor.py took 0.362 seconds
[2022-09-24T19:59:11.162+0000] {processor.py:156} INFO - Started process (PID=3358) to work on /home/airflow/.local/lib/python3.7/site-packages/airflow/example_dags/example_local_kubernetes_executor.py
[2022-09-24T19:59:11.172+0000] {processor.py:758} INFO - Processing file /home/airflow/.local/lib/python3.7/site-packages/airflow/example_dags/example_local_kubernetes_executor.py for tasks to queue
[2022-09-24T19:59:11.179+0000] {logging_mixin.py:117} INFO - [2022-09-24T19:59:11.178+0000] {dagbag.py:525} INFO - Filling up the DagBag from /home/airflow/.local/lib/python3.7/site-packages/airflow/example_dags/example_local_kubernetes_executor.py
[2022-09-24T19:59:11.279+0000] {processor.py:768} INFO - DAG(s) dict_keys(['example_local_kubernetes_executor']) retrieved from /home/airflow/.local/lib/python3.7/site-packages/airflow/example_dags/example_local_kubernetes_executor.py
[2022-09-24T19:59:11.479+0000] {logging_mixin.py:117} INFO - [2022-09-24T19:59:11.477+0000] {dag.py:2573} INFO - Sync 1 DAGs
[2022-09-24T19:59:11.654+0000] {logging_mixin.py:117} INFO - [2022-09-24T19:59:11.654+0000] {dag.py:3328} INFO - Setting next_dagrun for example_local_kubernetes_executor to None, run_after=None
[2022-09-24T19:59:11.758+0000] {processor.py:178} INFO - Processing /home/airflow/.local/lib/python3.7/site-packages/airflow/example_dags/example_local_kubernetes_executor.py took 0.612 seconds
[2022-09-24T19:59:42.403+0000] {processor.py:156} INFO - Started process (PID=3552) to work on /home/airflow/.local/lib/python3.7/site-packages/airflow/example_dags/example_local_kubernetes_executor.py
[2022-09-24T19:59:42.412+0000] {processor.py:758} INFO - Processing file /home/airflow/.local/lib/python3.7/site-packages/airflow/example_dags/example_local_kubernetes_executor.py for tasks to queue
[2022-09-24T19:59:42.417+0000] {logging_mixin.py:117} INFO - [2022-09-24T19:59:42.417+0000] {dagbag.py:525} INFO - Filling up the DagBag from /home/airflow/.local/lib/python3.7/site-packages/airflow/example_dags/example_local_kubernetes_executor.py
[2022-09-24T19:59:42.602+0000] {processor.py:768} INFO - DAG(s) dict_keys(['example_local_kubernetes_executor']) retrieved from /home/airflow/.local/lib/python3.7/site-packages/airflow/example_dags/example_local_kubernetes_executor.py
[2022-09-24T19:59:42.958+0000] {logging_mixin.py:117} INFO - [2022-09-24T19:59:42.958+0000] {dag.py:2573} INFO - Sync 1 DAGs
[2022-09-24T19:59:43.097+0000] {logging_mixin.py:117} INFO - [2022-09-24T19:59:43.097+0000] {dag.py:3328} INFO - Setting next_dagrun for example_local_kubernetes_executor to None, run_after=None
[2022-09-24T19:59:43.200+0000] {processor.py:178} INFO - Processing /home/airflow/.local/lib/python3.7/site-packages/airflow/example_dags/example_local_kubernetes_executor.py took 0.807 seconds
[2022-09-24T20:00:13.969+0000] {processor.py:156} INFO - Started process (PID=3749) to work on /home/airflow/.local/lib/python3.7/site-packages/airflow/example_dags/example_local_kubernetes_executor.py
[2022-09-24T20:00:13.975+0000] {processor.py:758} INFO - Processing file /home/airflow/.local/lib/python3.7/site-packages/airflow/example_dags/example_local_kubernetes_executor.py for tasks to queue
[2022-09-24T20:00:13.979+0000] {logging_mixin.py:117} INFO - [2022-09-24T20:00:13.978+0000] {dagbag.py:525} INFO - Filling up the DagBag from /home/airflow/.local/lib/python3.7/site-packages/airflow/example_dags/example_local_kubernetes_executor.py
[2022-09-24T20:00:14.112+0000] {processor.py:768} INFO - DAG(s) dict_keys(['example_local_kubernetes_executor']) retrieved from /home/airflow/.local/lib/python3.7/site-packages/airflow/example_dags/example_local_kubernetes_executor.py
[2022-09-24T20:00:14.318+0000] {logging_mixin.py:117} INFO - [2022-09-24T20:00:14.317+0000] {dag.py:2573} INFO - Sync 1 DAGs
[2022-09-24T20:00:14.419+0000] {logging_mixin.py:117} INFO - [2022-09-24T20:00:14.418+0000] {dag.py:3328} INFO - Setting next_dagrun for example_local_kubernetes_executor to None, run_after=None
[2022-09-24T20:00:14.486+0000] {processor.py:178} INFO - Processing /home/airflow/.local/lib/python3.7/site-packages/airflow/example_dags/example_local_kubernetes_executor.py took 0.533 seconds
[2022-09-24T20:00:45.224+0000] {processor.py:156} INFO - Started process (PID=3948) to work on /home/airflow/.local/lib/python3.7/site-packages/airflow/example_dags/example_local_kubernetes_executor.py
[2022-09-24T20:00:45.229+0000] {processor.py:758} INFO - Processing file /home/airflow/.local/lib/python3.7/site-packages/airflow/example_dags/example_local_kubernetes_executor.py for tasks to queue
[2022-09-24T20:00:45.235+0000] {logging_mixin.py:117} INFO - [2022-09-24T20:00:45.234+0000] {dagbag.py:525} INFO - Filling up the DagBag from /home/airflow/.local/lib/python3.7/site-packages/airflow/example_dags/example_local_kubernetes_executor.py
[2022-09-24T20:00:45.304+0000] {processor.py:768} INFO - DAG(s) dict_keys(['example_local_kubernetes_executor']) retrieved from /home/airflow/.local/lib/python3.7/site-packages/airflow/example_dags/example_local_kubernetes_executor.py
[2022-09-24T20:00:45.400+0000] {logging_mixin.py:117} INFO - [2022-09-24T20:00:45.399+0000] {dag.py:2573} INFO - Sync 1 DAGs
[2022-09-24T20:00:45.471+0000] {logging_mixin.py:117} INFO - [2022-09-24T20:00:45.470+0000] {dag.py:3328} INFO - Setting next_dagrun for example_local_kubernetes_executor to None, run_after=None
[2022-09-24T20:00:45.532+0000] {processor.py:178} INFO - Processing /home/airflow/.local/lib/python3.7/site-packages/airflow/example_dags/example_local_kubernetes_executor.py took 0.318 seconds
[2022-09-24T20:01:16.266+0000] {processor.py:156} INFO - Started process (PID=4151) to work on /home/airflow/.local/lib/python3.7/site-packages/airflow/example_dags/example_local_kubernetes_executor.py
[2022-09-24T20:01:16.282+0000] {processor.py:758} INFO - Processing file /home/airflow/.local/lib/python3.7/site-packages/airflow/example_dags/example_local_kubernetes_executor.py for tasks to queue
[2022-09-24T20:01:16.295+0000] {logging_mixin.py:117} INFO - [2022-09-24T20:01:16.294+0000] {dagbag.py:525} INFO - Filling up the DagBag from /home/airflow/.local/lib/python3.7/site-packages/airflow/example_dags/example_local_kubernetes_executor.py
[2022-09-24T20:01:16.427+0000] {processor.py:768} INFO - DAG(s) dict_keys(['example_local_kubernetes_executor']) retrieved from /home/airflow/.local/lib/python3.7/site-packages/airflow/example_dags/example_local_kubernetes_executor.py
[2022-09-24T20:01:16.669+0000] {logging_mixin.py:117} INFO - [2022-09-24T20:01:16.668+0000] {dag.py:2573} INFO - Sync 1 DAGs
[2022-09-24T20:01:16.852+0000] {logging_mixin.py:117} INFO - [2022-09-24T20:01:16.852+0000] {dag.py:3328} INFO - Setting next_dagrun for example_local_kubernetes_executor to None, run_after=None
[2022-09-24T20:01:16.939+0000] {processor.py:178} INFO - Processing /home/airflow/.local/lib/python3.7/site-packages/airflow/example_dags/example_local_kubernetes_executor.py took 0.789 seconds
[2022-09-24T20:01:49.735+0000] {processor.py:156} INFO - Started process (PID=4362) to work on /home/airflow/.local/lib/python3.7/site-packages/airflow/example_dags/example_local_kubernetes_executor.py
[2022-09-24T20:01:49.741+0000] {processor.py:758} INFO - Processing file /home/airflow/.local/lib/python3.7/site-packages/airflow/example_dags/example_local_kubernetes_executor.py for tasks to queue
[2022-09-24T20:01:49.753+0000] {logging_mixin.py:117} INFO - [2022-09-24T20:01:49.752+0000] {dagbag.py:525} INFO - Filling up the DagBag from /home/airflow/.local/lib/python3.7/site-packages/airflow/example_dags/example_local_kubernetes_executor.py
[2022-09-24T20:01:49.885+0000] {processor.py:768} INFO - DAG(s) dict_keys(['example_local_kubernetes_executor']) retrieved from /home/airflow/.local/lib/python3.7/site-packages/airflow/example_dags/example_local_kubernetes_executor.py
[2022-09-24T20:01:50.047+0000] {logging_mixin.py:117} INFO - [2022-09-24T20:01:50.047+0000] {dag.py:2573} INFO - Sync 1 DAGs
[2022-09-24T20:01:50.224+0000] {logging_mixin.py:117} INFO - [2022-09-24T20:01:50.224+0000] {dag.py:3328} INFO - Setting next_dagrun for example_local_kubernetes_executor to None, run_after=None
[2022-09-24T20:01:50.391+0000] {processor.py:178} INFO - Processing /home/airflow/.local/lib/python3.7/site-packages/airflow/example_dags/example_local_kubernetes_executor.py took 0.680 seconds
[2022-09-24T20:02:21.375+0000] {processor.py:156} INFO - Started process (PID=4559) to work on /home/airflow/.local/lib/python3.7/site-packages/airflow/example_dags/example_local_kubernetes_executor.py
[2022-09-24T20:02:21.387+0000] {processor.py:758} INFO - Processing file /home/airflow/.local/lib/python3.7/site-packages/airflow/example_dags/example_local_kubernetes_executor.py for tasks to queue
[2022-09-24T20:02:21.391+0000] {logging_mixin.py:117} INFO - [2022-09-24T20:02:21.390+0000] {dagbag.py:525} INFO - Filling up the DagBag from /home/airflow/.local/lib/python3.7/site-packages/airflow/example_dags/example_local_kubernetes_executor.py
[2022-09-24T20:02:21.447+0000] {processor.py:768} INFO - DAG(s) dict_keys(['example_local_kubernetes_executor']) retrieved from /home/airflow/.local/lib/python3.7/site-packages/airflow/example_dags/example_local_kubernetes_executor.py
[2022-09-24T20:02:21.547+0000] {logging_mixin.py:117} INFO - [2022-09-24T20:02:21.547+0000] {dag.py:2573} INFO - Sync 1 DAGs
[2022-09-24T20:02:21.596+0000] {logging_mixin.py:117} INFO - [2022-09-24T20:02:21.596+0000] {dag.py:3328} INFO - Setting next_dagrun for example_local_kubernetes_executor to None, run_after=None
[2022-09-24T20:02:21.645+0000] {processor.py:178} INFO - Processing /home/airflow/.local/lib/python3.7/site-packages/airflow/example_dags/example_local_kubernetes_executor.py took 0.275 seconds
[2022-09-24T20:02:52.159+0000] {processor.py:156} INFO - Started process (PID=4756) to work on /home/airflow/.local/lib/python3.7/site-packages/airflow/example_dags/example_local_kubernetes_executor.py
[2022-09-24T20:02:52.179+0000] {processor.py:758} INFO - Processing file /home/airflow/.local/lib/python3.7/site-packages/airflow/example_dags/example_local_kubernetes_executor.py for tasks to queue
[2022-09-24T20:02:52.184+0000] {logging_mixin.py:117} INFO - [2022-09-24T20:02:52.183+0000] {dagbag.py:525} INFO - Filling up the DagBag from /home/airflow/.local/lib/python3.7/site-packages/airflow/example_dags/example_local_kubernetes_executor.py
[2022-09-24T20:02:52.297+0000] {processor.py:768} INFO - DAG(s) dict_keys(['example_local_kubernetes_executor']) retrieved from /home/airflow/.local/lib/python3.7/site-packages/airflow/example_dags/example_local_kubernetes_executor.py
[2022-09-24T20:02:52.389+0000] {logging_mixin.py:117} INFO - [2022-09-24T20:02:52.388+0000] {dag.py:2573} INFO - Sync 1 DAGs
[2022-09-24T20:02:52.452+0000] {logging_mixin.py:117} INFO - [2022-09-24T20:02:52.452+0000] {dag.py:3328} INFO - Setting next_dagrun for example_local_kubernetes_executor to None, run_after=None
[2022-09-24T20:02:52.525+0000] {processor.py:178} INFO - Processing /home/airflow/.local/lib/python3.7/site-packages/airflow/example_dags/example_local_kubernetes_executor.py took 0.378 seconds
[2022-09-24T20:03:22.779+0000] {processor.py:156} INFO - Started process (PID=4963) to work on /home/airflow/.local/lib/python3.7/site-packages/airflow/example_dags/example_local_kubernetes_executor.py
[2022-09-24T20:03:22.786+0000] {processor.py:758} INFO - Processing file /home/airflow/.local/lib/python3.7/site-packages/airflow/example_dags/example_local_kubernetes_executor.py for tasks to queue
[2022-09-24T20:03:22.791+0000] {logging_mixin.py:117} INFO - [2022-09-24T20:03:22.790+0000] {dagbag.py:525} INFO - Filling up the DagBag from /home/airflow/.local/lib/python3.7/site-packages/airflow/example_dags/example_local_kubernetes_executor.py
[2022-09-24T20:03:22.857+0000] {processor.py:768} INFO - DAG(s) dict_keys(['example_local_kubernetes_executor']) retrieved from /home/airflow/.local/lib/python3.7/site-packages/airflow/example_dags/example_local_kubernetes_executor.py
[2022-09-24T20:03:22.987+0000] {logging_mixin.py:117} INFO - [2022-09-24T20:03:22.986+0000] {dag.py:2573} INFO - Sync 1 DAGs
[2022-09-24T20:03:23.052+0000] {logging_mixin.py:117} INFO - [2022-09-24T20:03:23.052+0000] {dag.py:3328} INFO - Setting next_dagrun for example_local_kubernetes_executor to None, run_after=None
[2022-09-24T20:03:23.155+0000] {processor.py:178} INFO - Processing /home/airflow/.local/lib/python3.7/site-packages/airflow/example_dags/example_local_kubernetes_executor.py took 0.388 seconds
[2022-09-24T20:03:53.317+0000] {processor.py:156} INFO - Started process (PID=5161) to work on /home/airflow/.local/lib/python3.7/site-packages/airflow/example_dags/example_local_kubernetes_executor.py
[2022-09-24T20:03:53.320+0000] {processor.py:758} INFO - Processing file /home/airflow/.local/lib/python3.7/site-packages/airflow/example_dags/example_local_kubernetes_executor.py for tasks to queue
[2022-09-24T20:03:53.322+0000] {logging_mixin.py:117} INFO - [2022-09-24T20:03:53.322+0000] {dagbag.py:525} INFO - Filling up the DagBag from /home/airflow/.local/lib/python3.7/site-packages/airflow/example_dags/example_local_kubernetes_executor.py
[2022-09-24T20:03:53.369+0000] {processor.py:768} INFO - DAG(s) dict_keys(['example_local_kubernetes_executor']) retrieved from /home/airflow/.local/lib/python3.7/site-packages/airflow/example_dags/example_local_kubernetes_executor.py
[2022-09-24T20:03:53.443+0000] {logging_mixin.py:117} INFO - [2022-09-24T20:03:53.442+0000] {dag.py:2573} INFO - Sync 1 DAGs
[2022-09-24T20:03:53.506+0000] {logging_mixin.py:117} INFO - [2022-09-24T20:03:53.506+0000] {dag.py:3328} INFO - Setting next_dagrun for example_local_kubernetes_executor to None, run_after=None
[2022-09-24T20:03:53.552+0000] {processor.py:178} INFO - Processing /home/airflow/.local/lib/python3.7/site-packages/airflow/example_dags/example_local_kubernetes_executor.py took 0.245 seconds
[2022-09-24T20:04:24.176+0000] {processor.py:156} INFO - Started process (PID=5359) to work on /home/airflow/.local/lib/python3.7/site-packages/airflow/example_dags/example_local_kubernetes_executor.py
[2022-09-24T20:04:24.184+0000] {processor.py:758} INFO - Processing file /home/airflow/.local/lib/python3.7/site-packages/airflow/example_dags/example_local_kubernetes_executor.py for tasks to queue
[2022-09-24T20:04:24.191+0000] {logging_mixin.py:117} INFO - [2022-09-24T20:04:24.191+0000] {dagbag.py:525} INFO - Filling up the DagBag from /home/airflow/.local/lib/python3.7/site-packages/airflow/example_dags/example_local_kubernetes_executor.py
[2022-09-24T20:04:24.329+0000] {processor.py:768} INFO - DAG(s) dict_keys(['example_local_kubernetes_executor']) retrieved from /home/airflow/.local/lib/python3.7/site-packages/airflow/example_dags/example_local_kubernetes_executor.py
[2022-09-24T20:04:24.442+0000] {logging_mixin.py:117} INFO - [2022-09-24T20:04:24.442+0000] {dag.py:2573} INFO - Sync 1 DAGs
[2022-09-24T20:04:24.554+0000] {logging_mixin.py:117} INFO - [2022-09-24T20:04:24.553+0000] {dag.py:3328} INFO - Setting next_dagrun for example_local_kubernetes_executor to None, run_after=None
[2022-09-24T20:04:24.606+0000] {processor.py:178} INFO - Processing /home/airflow/.local/lib/python3.7/site-packages/airflow/example_dags/example_local_kubernetes_executor.py took 0.475 seconds
[2022-09-24T20:04:56.269+0000] {processor.py:156} INFO - Started process (PID=5555) to work on /home/airflow/.local/lib/python3.7/site-packages/airflow/example_dags/example_local_kubernetes_executor.py
[2022-09-24T20:04:56.292+0000] {processor.py:758} INFO - Processing file /home/airflow/.local/lib/python3.7/site-packages/airflow/example_dags/example_local_kubernetes_executor.py for tasks to queue
[2022-09-24T20:04:56.310+0000] {logging_mixin.py:117} INFO - [2022-09-24T20:04:56.309+0000] {dagbag.py:525} INFO - Filling up the DagBag from /home/airflow/.local/lib/python3.7/site-packages/airflow/example_dags/example_local_kubernetes_executor.py
[2022-09-24T20:04:56.572+0000] {processor.py:768} INFO - DAG(s) dict_keys(['example_local_kubernetes_executor']) retrieved from /home/airflow/.local/lib/python3.7/site-packages/airflow/example_dags/example_local_kubernetes_executor.py
[2022-09-24T20:04:56.944+0000] {logging_mixin.py:117} INFO - [2022-09-24T20:04:56.944+0000] {dag.py:2573} INFO - Sync 1 DAGs
[2022-09-24T20:04:57.040+0000] {logging_mixin.py:117} INFO - [2022-09-24T20:04:57.039+0000] {dag.py:3328} INFO - Setting next_dagrun for example_local_kubernetes_executor to None, run_after=None
[2022-09-24T20:04:57.349+0000] {processor.py:178} INFO - Processing /home/airflow/.local/lib/python3.7/site-packages/airflow/example_dags/example_local_kubernetes_executor.py took 1.277 seconds
[2022-09-24T20:05:28.335+0000] {processor.py:156} INFO - Started process (PID=5754) to work on /home/airflow/.local/lib/python3.7/site-packages/airflow/example_dags/example_local_kubernetes_executor.py
[2022-09-24T20:05:28.343+0000] {processor.py:758} INFO - Processing file /home/airflow/.local/lib/python3.7/site-packages/airflow/example_dags/example_local_kubernetes_executor.py for tasks to queue
[2022-09-24T20:05:28.355+0000] {logging_mixin.py:117} INFO - [2022-09-24T20:05:28.355+0000] {dagbag.py:525} INFO - Filling up the DagBag from /home/airflow/.local/lib/python3.7/site-packages/airflow/example_dags/example_local_kubernetes_executor.py
[2022-09-24T20:05:28.460+0000] {processor.py:768} INFO - DAG(s) dict_keys(['example_local_kubernetes_executor']) retrieved from /home/airflow/.local/lib/python3.7/site-packages/airflow/example_dags/example_local_kubernetes_executor.py
[2022-09-24T20:05:28.607+0000] {logging_mixin.py:117} INFO - [2022-09-24T20:05:28.607+0000] {dag.py:2573} INFO - Sync 1 DAGs
[2022-09-24T20:05:28.696+0000] {logging_mixin.py:117} INFO - [2022-09-24T20:05:28.696+0000] {dag.py:3328} INFO - Setting next_dagrun for example_local_kubernetes_executor to None, run_after=None
[2022-09-24T20:05:28.757+0000] {processor.py:178} INFO - Processing /home/airflow/.local/lib/python3.7/site-packages/airflow/example_dags/example_local_kubernetes_executor.py took 0.444 seconds
[2022-09-24T20:06:01.569+0000] {processor.py:156} INFO - Started process (PID=5967) to work on /home/airflow/.local/lib/python3.7/site-packages/airflow/example_dags/example_local_kubernetes_executor.py
[2022-09-24T20:06:01.579+0000] {processor.py:758} INFO - Processing file /home/airflow/.local/lib/python3.7/site-packages/airflow/example_dags/example_local_kubernetes_executor.py for tasks to queue
[2022-09-24T20:06:01.583+0000] {logging_mixin.py:117} INFO - [2022-09-24T20:06:01.582+0000] {dagbag.py:525} INFO - Filling up the DagBag from /home/airflow/.local/lib/python3.7/site-packages/airflow/example_dags/example_local_kubernetes_executor.py
[2022-09-24T20:06:01.792+0000] {processor.py:768} INFO - DAG(s) dict_keys(['example_local_kubernetes_executor']) retrieved from /home/airflow/.local/lib/python3.7/site-packages/airflow/example_dags/example_local_kubernetes_executor.py
[2022-09-24T20:06:02.150+0000] {logging_mixin.py:117} INFO - [2022-09-24T20:06:02.149+0000] {dag.py:2573} INFO - Sync 1 DAGs
[2022-09-24T20:06:02.269+0000] {logging_mixin.py:117} INFO - [2022-09-24T20:06:02.268+0000] {dag.py:3328} INFO - Setting next_dagrun for example_local_kubernetes_executor to None, run_after=None
[2022-09-24T20:06:02.339+0000] {processor.py:178} INFO - Processing /home/airflow/.local/lib/python3.7/site-packages/airflow/example_dags/example_local_kubernetes_executor.py took 0.797 seconds
[2022-09-24T20:06:32.944+0000] {processor.py:156} INFO - Started process (PID=6169) to work on /home/airflow/.local/lib/python3.7/site-packages/airflow/example_dags/example_local_kubernetes_executor.py
[2022-09-24T20:06:32.948+0000] {processor.py:758} INFO - Processing file /home/airflow/.local/lib/python3.7/site-packages/airflow/example_dags/example_local_kubernetes_executor.py for tasks to queue
[2022-09-24T20:06:32.954+0000] {logging_mixin.py:117} INFO - [2022-09-24T20:06:32.954+0000] {dagbag.py:525} INFO - Filling up the DagBag from /home/airflow/.local/lib/python3.7/site-packages/airflow/example_dags/example_local_kubernetes_executor.py
[2022-09-24T20:06:33.067+0000] {processor.py:768} INFO - DAG(s) dict_keys(['example_local_kubernetes_executor']) retrieved from /home/airflow/.local/lib/python3.7/site-packages/airflow/example_dags/example_local_kubernetes_executor.py
[2022-09-24T20:06:33.171+0000] {logging_mixin.py:117} INFO - [2022-09-24T20:06:33.171+0000] {dag.py:2573} INFO - Sync 1 DAGs
[2022-09-24T20:06:33.311+0000] {logging_mixin.py:117} INFO - [2022-09-24T20:06:33.311+0000] {dag.py:3328} INFO - Setting next_dagrun for example_local_kubernetes_executor to None, run_after=None
[2022-09-24T20:06:33.386+0000] {processor.py:178} INFO - Processing /home/airflow/.local/lib/python3.7/site-packages/airflow/example_dags/example_local_kubernetes_executor.py took 0.452 seconds
[2022-09-24T20:07:03.489+0000] {processor.py:156} INFO - Started process (PID=6369) to work on /home/airflow/.local/lib/python3.7/site-packages/airflow/example_dags/example_local_kubernetes_executor.py
[2022-09-24T20:07:03.493+0000] {processor.py:758} INFO - Processing file /home/airflow/.local/lib/python3.7/site-packages/airflow/example_dags/example_local_kubernetes_executor.py for tasks to queue
[2022-09-24T20:07:03.496+0000] {logging_mixin.py:117} INFO - [2022-09-24T20:07:03.496+0000] {dagbag.py:525} INFO - Filling up the DagBag from /home/airflow/.local/lib/python3.7/site-packages/airflow/example_dags/example_local_kubernetes_executor.py
[2022-09-24T20:07:03.546+0000] {processor.py:768} INFO - DAG(s) dict_keys(['example_local_kubernetes_executor']) retrieved from /home/airflow/.local/lib/python3.7/site-packages/airflow/example_dags/example_local_kubernetes_executor.py
[2022-09-24T20:07:03.619+0000] {logging_mixin.py:117} INFO - [2022-09-24T20:07:03.619+0000] {dag.py:2573} INFO - Sync 1 DAGs
[2022-09-24T20:07:03.665+0000] {logging_mixin.py:117} INFO - [2022-09-24T20:07:03.664+0000] {dag.py:3328} INFO - Setting next_dagrun for example_local_kubernetes_executor to None, run_after=None
[2022-09-24T20:07:03.710+0000] {processor.py:178} INFO - Processing /home/airflow/.local/lib/python3.7/site-packages/airflow/example_dags/example_local_kubernetes_executor.py took 0.230 seconds
[2022-09-24T20:07:34.457+0000] {processor.py:156} INFO - Started process (PID=6570) to work on /home/airflow/.local/lib/python3.7/site-packages/airflow/example_dags/example_local_kubernetes_executor.py
[2022-09-24T20:07:34.461+0000] {processor.py:758} INFO - Processing file /home/airflow/.local/lib/python3.7/site-packages/airflow/example_dags/example_local_kubernetes_executor.py for tasks to queue
[2022-09-24T20:07:34.464+0000] {logging_mixin.py:117} INFO - [2022-09-24T20:07:34.464+0000] {dagbag.py:525} INFO - Filling up the DagBag from /home/airflow/.local/lib/python3.7/site-packages/airflow/example_dags/example_local_kubernetes_executor.py
[2022-09-24T20:07:34.541+0000] {processor.py:768} INFO - DAG(s) dict_keys(['example_local_kubernetes_executor']) retrieved from /home/airflow/.local/lib/python3.7/site-packages/airflow/example_dags/example_local_kubernetes_executor.py
[2022-09-24T20:07:34.719+0000] {logging_mixin.py:117} INFO - [2022-09-24T20:07:34.719+0000] {dag.py:2573} INFO - Sync 1 DAGs
[2022-09-24T20:07:34.769+0000] {logging_mixin.py:117} INFO - [2022-09-24T20:07:34.769+0000] {dag.py:3328} INFO - Setting next_dagrun for example_local_kubernetes_executor to None, run_after=None
[2022-09-24T20:07:34.811+0000] {processor.py:178} INFO - Processing /home/airflow/.local/lib/python3.7/site-packages/airflow/example_dags/example_local_kubernetes_executor.py took 0.361 seconds
[2022-09-24T20:08:05.655+0000] {processor.py:156} INFO - Started process (PID=6768) to work on /home/airflow/.local/lib/python3.7/site-packages/airflow/example_dags/example_local_kubernetes_executor.py
[2022-09-24T20:08:05.664+0000] {processor.py:758} INFO - Processing file /home/airflow/.local/lib/python3.7/site-packages/airflow/example_dags/example_local_kubernetes_executor.py for tasks to queue
[2022-09-24T20:08:05.691+0000] {logging_mixin.py:117} INFO - [2022-09-24T20:08:05.680+0000] {dagbag.py:525} INFO - Filling up the DagBag from /home/airflow/.local/lib/python3.7/site-packages/airflow/example_dags/example_local_kubernetes_executor.py
[2022-09-24T20:08:05.912+0000] {processor.py:768} INFO - DAG(s) dict_keys(['example_local_kubernetes_executor']) retrieved from /home/airflow/.local/lib/python3.7/site-packages/airflow/example_dags/example_local_kubernetes_executor.py
[2022-09-24T20:08:06.018+0000] {logging_mixin.py:117} INFO - [2022-09-24T20:08:06.018+0000] {dag.py:2573} INFO - Sync 1 DAGs
[2022-09-24T20:08:06.078+0000] {logging_mixin.py:117} INFO - [2022-09-24T20:08:06.078+0000] {dag.py:3328} INFO - Setting next_dagrun for example_local_kubernetes_executor to None, run_after=None
[2022-09-24T20:08:06.131+0000] {processor.py:178} INFO - Processing /home/airflow/.local/lib/python3.7/site-packages/airflow/example_dags/example_local_kubernetes_executor.py took 0.506 seconds
[2022-09-24T20:08:37.269+0000] {processor.py:156} INFO - Started process (PID=6991) to work on /home/airflow/.local/lib/python3.7/site-packages/airflow/example_dags/example_local_kubernetes_executor.py
[2022-09-24T20:08:37.282+0000] {processor.py:758} INFO - Processing file /home/airflow/.local/lib/python3.7/site-packages/airflow/example_dags/example_local_kubernetes_executor.py for tasks to queue
[2022-09-24T20:08:37.285+0000] {logging_mixin.py:117} INFO - [2022-09-24T20:08:37.284+0000] {dagbag.py:525} INFO - Filling up the DagBag from /home/airflow/.local/lib/python3.7/site-packages/airflow/example_dags/example_local_kubernetes_executor.py
[2022-09-24T20:08:37.382+0000] {processor.py:768} INFO - DAG(s) dict_keys(['example_local_kubernetes_executor']) retrieved from /home/airflow/.local/lib/python3.7/site-packages/airflow/example_dags/example_local_kubernetes_executor.py
[2022-09-24T20:08:37.514+0000] {logging_mixin.py:117} INFO - [2022-09-24T20:08:37.514+0000] {dag.py:2573} INFO - Sync 1 DAGs
[2022-09-24T20:08:37.567+0000] {logging_mixin.py:117} INFO - [2022-09-24T20:08:37.567+0000] {dag.py:3328} INFO - Setting next_dagrun for example_local_kubernetes_executor to None, run_after=None
[2022-09-24T20:08:37.603+0000] {processor.py:178} INFO - Processing /home/airflow/.local/lib/python3.7/site-packages/airflow/example_dags/example_local_kubernetes_executor.py took 0.342 seconds
[2022-09-24T20:09:08.038+0000] {processor.py:156} INFO - Started process (PID=7192) to work on /home/airflow/.local/lib/python3.7/site-packages/airflow/example_dags/example_local_kubernetes_executor.py
[2022-09-24T20:09:08.046+0000] {processor.py:758} INFO - Processing file /home/airflow/.local/lib/python3.7/site-packages/airflow/example_dags/example_local_kubernetes_executor.py for tasks to queue
[2022-09-24T20:09:08.049+0000] {logging_mixin.py:117} INFO - [2022-09-24T20:09:08.048+0000] {dagbag.py:525} INFO - Filling up the DagBag from /home/airflow/.local/lib/python3.7/site-packages/airflow/example_dags/example_local_kubernetes_executor.py
[2022-09-24T20:09:08.093+0000] {processor.py:768} INFO - DAG(s) dict_keys(['example_local_kubernetes_executor']) retrieved from /home/airflow/.local/lib/python3.7/site-packages/airflow/example_dags/example_local_kubernetes_executor.py
[2022-09-24T20:09:08.174+0000] {logging_mixin.py:117} INFO - [2022-09-24T20:09:08.174+0000] {dag.py:2573} INFO - Sync 1 DAGs
[2022-09-24T20:09:08.222+0000] {logging_mixin.py:117} INFO - [2022-09-24T20:09:08.221+0000] {dag.py:3328} INFO - Setting next_dagrun for example_local_kubernetes_executor to None, run_after=None
[2022-09-24T20:09:08.260+0000] {processor.py:178} INFO - Processing /home/airflow/.local/lib/python3.7/site-packages/airflow/example_dags/example_local_kubernetes_executor.py took 0.235 seconds
[2022-09-24T20:09:39.518+0000] {processor.py:156} INFO - Started process (PID=7401) to work on /home/airflow/.local/lib/python3.7/site-packages/airflow/example_dags/example_local_kubernetes_executor.py
[2022-09-24T20:09:39.529+0000] {processor.py:758} INFO - Processing file /home/airflow/.local/lib/python3.7/site-packages/airflow/example_dags/example_local_kubernetes_executor.py for tasks to queue
[2022-09-24T20:09:39.532+0000] {logging_mixin.py:117} INFO - [2022-09-24T20:09:39.532+0000] {dagbag.py:525} INFO - Filling up the DagBag from /home/airflow/.local/lib/python3.7/site-packages/airflow/example_dags/example_local_kubernetes_executor.py
[2022-09-24T20:09:39.644+0000] {processor.py:768} INFO - DAG(s) dict_keys(['example_local_kubernetes_executor']) retrieved from /home/airflow/.local/lib/python3.7/site-packages/airflow/example_dags/example_local_kubernetes_executor.py
[2022-09-24T20:09:39.796+0000] {logging_mixin.py:117} INFO - [2022-09-24T20:09:39.795+0000] {dag.py:2573} INFO - Sync 1 DAGs
[2022-09-24T20:09:39.879+0000] {logging_mixin.py:117} INFO - [2022-09-24T20:09:39.878+0000] {dag.py:3328} INFO - Setting next_dagrun for example_local_kubernetes_executor to None, run_after=None
[2022-09-24T20:09:39.924+0000] {processor.py:178} INFO - Processing /home/airflow/.local/lib/python3.7/site-packages/airflow/example_dags/example_local_kubernetes_executor.py took 0.414 seconds
[2022-09-24T20:10:10.769+0000] {processor.py:156} INFO - Started process (PID=7599) to work on /home/airflow/.local/lib/python3.7/site-packages/airflow/example_dags/example_local_kubernetes_executor.py
[2022-09-24T20:10:10.775+0000] {processor.py:758} INFO - Processing file /home/airflow/.local/lib/python3.7/site-packages/airflow/example_dags/example_local_kubernetes_executor.py for tasks to queue
[2022-09-24T20:10:10.785+0000] {logging_mixin.py:117} INFO - [2022-09-24T20:10:10.784+0000] {dagbag.py:525} INFO - Filling up the DagBag from /home/airflow/.local/lib/python3.7/site-packages/airflow/example_dags/example_local_kubernetes_executor.py
[2022-09-24T20:10:10.889+0000] {processor.py:768} INFO - DAG(s) dict_keys(['example_local_kubernetes_executor']) retrieved from /home/airflow/.local/lib/python3.7/site-packages/airflow/example_dags/example_local_kubernetes_executor.py
[2022-09-24T20:10:11.003+0000] {logging_mixin.py:117} INFO - [2022-09-24T20:10:11.003+0000] {dag.py:2573} INFO - Sync 1 DAGs
[2022-09-24T20:10:11.059+0000] {logging_mixin.py:117} INFO - [2022-09-24T20:10:11.059+0000] {dag.py:3328} INFO - Setting next_dagrun for example_local_kubernetes_executor to None, run_after=None
[2022-09-24T20:10:11.145+0000] {processor.py:178} INFO - Processing /home/airflow/.local/lib/python3.7/site-packages/airflow/example_dags/example_local_kubernetes_executor.py took 0.440 seconds
[2022-09-24T20:10:41.358+0000] {processor.py:156} INFO - Started process (PID=7805) to work on /home/airflow/.local/lib/python3.7/site-packages/airflow/example_dags/example_local_kubernetes_executor.py
[2022-09-24T20:10:41.366+0000] {processor.py:758} INFO - Processing file /home/airflow/.local/lib/python3.7/site-packages/airflow/example_dags/example_local_kubernetes_executor.py for tasks to queue
[2022-09-24T20:10:41.379+0000] {logging_mixin.py:117} INFO - [2022-09-24T20:10:41.377+0000] {dagbag.py:525} INFO - Filling up the DagBag from /home/airflow/.local/lib/python3.7/site-packages/airflow/example_dags/example_local_kubernetes_executor.py
[2022-09-24T20:10:41.483+0000] {processor.py:768} INFO - DAG(s) dict_keys(['example_local_kubernetes_executor']) retrieved from /home/airflow/.local/lib/python3.7/site-packages/airflow/example_dags/example_local_kubernetes_executor.py
[2022-09-24T20:10:41.620+0000] {logging_mixin.py:117} INFO - [2022-09-24T20:10:41.620+0000] {dag.py:2573} INFO - Sync 1 DAGs
[2022-09-24T20:10:41.734+0000] {logging_mixin.py:117} INFO - [2022-09-24T20:10:41.734+0000] {dag.py:3328} INFO - Setting next_dagrun for example_local_kubernetes_executor to None, run_after=None
[2022-09-24T20:10:41.818+0000] {processor.py:178} INFO - Processing /home/airflow/.local/lib/python3.7/site-packages/airflow/example_dags/example_local_kubernetes_executor.py took 0.470 seconds
[2022-09-24T20:11:12.235+0000] {processor.py:156} INFO - Started process (PID=8005) to work on /home/airflow/.local/lib/python3.7/site-packages/airflow/example_dags/example_local_kubernetes_executor.py
[2022-09-24T20:11:12.240+0000] {processor.py:758} INFO - Processing file /home/airflow/.local/lib/python3.7/site-packages/airflow/example_dags/example_local_kubernetes_executor.py for tasks to queue
[2022-09-24T20:11:12.246+0000] {logging_mixin.py:117} INFO - [2022-09-24T20:11:12.246+0000] {dagbag.py:525} INFO - Filling up the DagBag from /home/airflow/.local/lib/python3.7/site-packages/airflow/example_dags/example_local_kubernetes_executor.py
[2022-09-24T20:11:12.295+0000] {processor.py:768} INFO - DAG(s) dict_keys(['example_local_kubernetes_executor']) retrieved from /home/airflow/.local/lib/python3.7/site-packages/airflow/example_dags/example_local_kubernetes_executor.py
[2022-09-24T20:11:12.402+0000] {logging_mixin.py:117} INFO - [2022-09-24T20:11:12.402+0000] {dag.py:2573} INFO - Sync 1 DAGs
[2022-09-24T20:11:12.453+0000] {logging_mixin.py:117} INFO - [2022-09-24T20:11:12.453+0000] {dag.py:3328} INFO - Setting next_dagrun for example_local_kubernetes_executor to None, run_after=None
[2022-09-24T20:11:12.529+0000] {processor.py:178} INFO - Processing /home/airflow/.local/lib/python3.7/site-packages/airflow/example_dags/example_local_kubernetes_executor.py took 0.299 seconds
[2022-09-24T20:11:44.488+0000] {processor.py:156} INFO - Started process (PID=8203) to work on /home/airflow/.local/lib/python3.7/site-packages/airflow/example_dags/example_local_kubernetes_executor.py
[2022-09-24T20:11:44.492+0000] {processor.py:758} INFO - Processing file /home/airflow/.local/lib/python3.7/site-packages/airflow/example_dags/example_local_kubernetes_executor.py for tasks to queue
[2022-09-24T20:11:44.499+0000] {logging_mixin.py:117} INFO - [2022-09-24T20:11:44.499+0000] {dagbag.py:525} INFO - Filling up the DagBag from /home/airflow/.local/lib/python3.7/site-packages/airflow/example_dags/example_local_kubernetes_executor.py
[2022-09-24T20:11:44.748+0000] {processor.py:768} INFO - DAG(s) dict_keys(['example_local_kubernetes_executor']) retrieved from /home/airflow/.local/lib/python3.7/site-packages/airflow/example_dags/example_local_kubernetes_executor.py
[2022-09-24T20:11:44.992+0000] {logging_mixin.py:117} INFO - [2022-09-24T20:11:44.991+0000] {dag.py:2573} INFO - Sync 1 DAGs
[2022-09-24T20:11:45.132+0000] {logging_mixin.py:117} INFO - [2022-09-24T20:11:45.132+0000] {dag.py:3328} INFO - Setting next_dagrun for example_local_kubernetes_executor to None, run_after=None
[2022-09-24T20:11:45.286+0000] {processor.py:178} INFO - Processing /home/airflow/.local/lib/python3.7/site-packages/airflow/example_dags/example_local_kubernetes_executor.py took 0.812 seconds
[2022-09-24T20:12:17.213+0000] {processor.py:156} INFO - Started process (PID=8419) to work on /home/airflow/.local/lib/python3.7/site-packages/airflow/example_dags/example_local_kubernetes_executor.py
[2022-09-24T20:12:17.227+0000] {processor.py:758} INFO - Processing file /home/airflow/.local/lib/python3.7/site-packages/airflow/example_dags/example_local_kubernetes_executor.py for tasks to queue
[2022-09-24T20:12:17.230+0000] {logging_mixin.py:117} INFO - [2022-09-24T20:12:17.230+0000] {dagbag.py:525} INFO - Filling up the DagBag from /home/airflow/.local/lib/python3.7/site-packages/airflow/example_dags/example_local_kubernetes_executor.py
[2022-09-24T20:12:17.438+0000] {processor.py:768} INFO - DAG(s) dict_keys(['example_local_kubernetes_executor']) retrieved from /home/airflow/.local/lib/python3.7/site-packages/airflow/example_dags/example_local_kubernetes_executor.py
[2022-09-24T20:12:17.772+0000] {logging_mixin.py:117} INFO - [2022-09-24T20:12:17.772+0000] {dag.py:2573} INFO - Sync 1 DAGs
[2022-09-24T20:12:17.954+0000] {logging_mixin.py:117} INFO - [2022-09-24T20:12:17.953+0000] {dag.py:3328} INFO - Setting next_dagrun for example_local_kubernetes_executor to None, run_after=None
[2022-09-24T20:12:18.092+0000] {processor.py:178} INFO - Processing /home/airflow/.local/lib/python3.7/site-packages/airflow/example_dags/example_local_kubernetes_executor.py took 0.895 seconds
[2022-09-24T20:12:49.612+0000] {processor.py:156} INFO - Started process (PID=8625) to work on /home/airflow/.local/lib/python3.7/site-packages/airflow/example_dags/example_local_kubernetes_executor.py
[2022-09-24T20:12:49.616+0000] {processor.py:758} INFO - Processing file /home/airflow/.local/lib/python3.7/site-packages/airflow/example_dags/example_local_kubernetes_executor.py for tasks to queue
[2022-09-24T20:12:49.621+0000] {logging_mixin.py:117} INFO - [2022-09-24T20:12:49.619+0000] {dagbag.py:525} INFO - Filling up the DagBag from /home/airflow/.local/lib/python3.7/site-packages/airflow/example_dags/example_local_kubernetes_executor.py
[2022-09-24T20:12:49.701+0000] {processor.py:768} INFO - DAG(s) dict_keys(['example_local_kubernetes_executor']) retrieved from /home/airflow/.local/lib/python3.7/site-packages/airflow/example_dags/example_local_kubernetes_executor.py
[2022-09-24T20:12:49.827+0000] {logging_mixin.py:117} INFO - [2022-09-24T20:12:49.826+0000] {dag.py:2573} INFO - Sync 1 DAGs
[2022-09-24T20:12:50.064+0000] {logging_mixin.py:117} INFO - [2022-09-24T20:12:50.062+0000] {dag.py:3328} INFO - Setting next_dagrun for example_local_kubernetes_executor to None, run_after=None
[2022-09-24T20:12:50.423+0000] {processor.py:178} INFO - Processing /home/airflow/.local/lib/python3.7/site-packages/airflow/example_dags/example_local_kubernetes_executor.py took 0.821 seconds
[2022-09-24T20:13:22.308+0000] {processor.py:156} INFO - Started process (PID=8824) to work on /home/airflow/.local/lib/python3.7/site-packages/airflow/example_dags/example_local_kubernetes_executor.py
[2022-09-24T20:13:22.323+0000] {processor.py:758} INFO - Processing file /home/airflow/.local/lib/python3.7/site-packages/airflow/example_dags/example_local_kubernetes_executor.py for tasks to queue
[2022-09-24T20:13:22.328+0000] {logging_mixin.py:117} INFO - [2022-09-24T20:13:22.327+0000] {dagbag.py:525} INFO - Filling up the DagBag from /home/airflow/.local/lib/python3.7/site-packages/airflow/example_dags/example_local_kubernetes_executor.py
[2022-09-24T20:13:22.491+0000] {processor.py:768} INFO - DAG(s) dict_keys(['example_local_kubernetes_executor']) retrieved from /home/airflow/.local/lib/python3.7/site-packages/airflow/example_dags/example_local_kubernetes_executor.py
[2022-09-24T20:13:22.688+0000] {logging_mixin.py:117} INFO - [2022-09-24T20:13:22.688+0000] {dag.py:2573} INFO - Sync 1 DAGs
[2022-09-24T20:13:22.970+0000] {logging_mixin.py:117} INFO - [2022-09-24T20:13:22.970+0000] {dag.py:3328} INFO - Setting next_dagrun for example_local_kubernetes_executor to None, run_after=None
[2022-09-24T20:13:23.154+0000] {processor.py:178} INFO - Processing /home/airflow/.local/lib/python3.7/site-packages/airflow/example_dags/example_local_kubernetes_executor.py took 0.861 seconds
[2022-09-24T20:13:53.972+0000] {processor.py:156} INFO - Started process (PID=9029) to work on /home/airflow/.local/lib/python3.7/site-packages/airflow/example_dags/example_local_kubernetes_executor.py
[2022-09-24T20:13:53.979+0000] {processor.py:758} INFO - Processing file /home/airflow/.local/lib/python3.7/site-packages/airflow/example_dags/example_local_kubernetes_executor.py for tasks to queue
[2022-09-24T20:13:53.983+0000] {logging_mixin.py:117} INFO - [2022-09-24T20:13:53.982+0000] {dagbag.py:525} INFO - Filling up the DagBag from /home/airflow/.local/lib/python3.7/site-packages/airflow/example_dags/example_local_kubernetes_executor.py
[2022-09-24T20:13:54.059+0000] {processor.py:768} INFO - DAG(s) dict_keys(['example_local_kubernetes_executor']) retrieved from /home/airflow/.local/lib/python3.7/site-packages/airflow/example_dags/example_local_kubernetes_executor.py
[2022-09-24T20:13:54.184+0000] {logging_mixin.py:117} INFO - [2022-09-24T20:13:54.184+0000] {dag.py:2573} INFO - Sync 1 DAGs
[2022-09-24T20:13:54.230+0000] {logging_mixin.py:117} INFO - [2022-09-24T20:13:54.230+0000] {dag.py:3328} INFO - Setting next_dagrun for example_local_kubernetes_executor to None, run_after=None
[2022-09-24T20:13:54.266+0000] {processor.py:178} INFO - Processing /home/airflow/.local/lib/python3.7/site-packages/airflow/example_dags/example_local_kubernetes_executor.py took 0.305 seconds
[2022-09-24T20:14:33.037+0000] {processor.py:156} INFO - Started process (PID=9227) to work on /home/airflow/.local/lib/python3.7/site-packages/airflow/example_dags/example_local_kubernetes_executor.py
[2022-09-24T20:14:33.048+0000] {processor.py:758} INFO - Processing file /home/airflow/.local/lib/python3.7/site-packages/airflow/example_dags/example_local_kubernetes_executor.py for tasks to queue
[2022-09-24T20:14:33.059+0000] {logging_mixin.py:117} INFO - [2022-09-24T20:14:33.058+0000] {dagbag.py:525} INFO - Filling up the DagBag from /home/airflow/.local/lib/python3.7/site-packages/airflow/example_dags/example_local_kubernetes_executor.py
[2022-09-24T20:14:33.180+0000] {processor.py:768} INFO - DAG(s) dict_keys(['example_local_kubernetes_executor']) retrieved from /home/airflow/.local/lib/python3.7/site-packages/airflow/example_dags/example_local_kubernetes_executor.py
[2022-09-24T20:14:33.418+0000] {logging_mixin.py:117} INFO - [2022-09-24T20:14:33.418+0000] {dag.py:2573} INFO - Sync 1 DAGs
[2022-09-24T20:14:33.588+0000] {logging_mixin.py:117} INFO - [2022-09-24T20:14:33.587+0000] {dag.py:3328} INFO - Setting next_dagrun for example_local_kubernetes_executor to None, run_after=None
[2022-09-24T20:14:33.694+0000] {processor.py:178} INFO - Processing /home/airflow/.local/lib/python3.7/site-packages/airflow/example_dags/example_local_kubernetes_executor.py took 0.670 seconds
[2022-09-24T20:15:07.202+0000] {processor.py:156} INFO - Started process (PID=9446) to work on /home/airflow/.local/lib/python3.7/site-packages/airflow/example_dags/example_local_kubernetes_executor.py
[2022-09-24T20:15:07.211+0000] {processor.py:758} INFO - Processing file /home/airflow/.local/lib/python3.7/site-packages/airflow/example_dags/example_local_kubernetes_executor.py for tasks to queue
[2022-09-24T20:15:07.220+0000] {logging_mixin.py:117} INFO - [2022-09-24T20:15:07.220+0000] {dagbag.py:525} INFO - Filling up the DagBag from /home/airflow/.local/lib/python3.7/site-packages/airflow/example_dags/example_local_kubernetes_executor.py
[2022-09-24T20:15:07.461+0000] {processor.py:768} INFO - DAG(s) dict_keys(['example_local_kubernetes_executor']) retrieved from /home/airflow/.local/lib/python3.7/site-packages/airflow/example_dags/example_local_kubernetes_executor.py
[2022-09-24T20:15:07.768+0000] {logging_mixin.py:117} INFO - [2022-09-24T20:15:07.768+0000] {dag.py:2573} INFO - Sync 1 DAGs
[2022-09-24T20:15:07.907+0000] {logging_mixin.py:117} INFO - [2022-09-24T20:15:07.907+0000] {dag.py:3328} INFO - Setting next_dagrun for example_local_kubernetes_executor to None, run_after=None
[2022-09-24T20:15:07.970+0000] {processor.py:178} INFO - Processing /home/airflow/.local/lib/python3.7/site-packages/airflow/example_dags/example_local_kubernetes_executor.py took 0.812 seconds
[2022-09-24T20:15:42.284+0000] {processor.py:156} INFO - Started process (PID=9677) to work on /home/airflow/.local/lib/python3.7/site-packages/airflow/example_dags/example_local_kubernetes_executor.py
[2022-09-24T20:15:42.292+0000] {processor.py:758} INFO - Processing file /home/airflow/.local/lib/python3.7/site-packages/airflow/example_dags/example_local_kubernetes_executor.py for tasks to queue
[2022-09-24T20:15:42.296+0000] {logging_mixin.py:117} INFO - [2022-09-24T20:15:42.296+0000] {dagbag.py:525} INFO - Filling up the DagBag from /home/airflow/.local/lib/python3.7/site-packages/airflow/example_dags/example_local_kubernetes_executor.py
[2022-09-24T20:15:42.391+0000] {processor.py:768} INFO - DAG(s) dict_keys(['example_local_kubernetes_executor']) retrieved from /home/airflow/.local/lib/python3.7/site-packages/airflow/example_dags/example_local_kubernetes_executor.py
[2022-09-24T20:15:42.562+0000] {logging_mixin.py:117} INFO - [2022-09-24T20:15:42.561+0000] {dag.py:2573} INFO - Sync 1 DAGs
[2022-09-24T20:15:42.731+0000] {logging_mixin.py:117} INFO - [2022-09-24T20:15:42.731+0000] {dag.py:3328} INFO - Setting next_dagrun for example_local_kubernetes_executor to None, run_after=None
[2022-09-24T20:15:42.974+0000] {processor.py:178} INFO - Processing /home/airflow/.local/lib/python3.7/site-packages/airflow/example_dags/example_local_kubernetes_executor.py took 0.704 seconds
[2022-09-24T20:16:13.429+0000] {processor.py:156} INFO - Started process (PID=9875) to work on /home/airflow/.local/lib/python3.7/site-packages/airflow/example_dags/example_local_kubernetes_executor.py
[2022-09-24T20:16:13.433+0000] {processor.py:758} INFO - Processing file /home/airflow/.local/lib/python3.7/site-packages/airflow/example_dags/example_local_kubernetes_executor.py for tasks to queue
[2022-09-24T20:16:13.439+0000] {logging_mixin.py:117} INFO - [2022-09-24T20:16:13.437+0000] {dagbag.py:525} INFO - Filling up the DagBag from /home/airflow/.local/lib/python3.7/site-packages/airflow/example_dags/example_local_kubernetes_executor.py
[2022-09-24T20:16:13.793+0000] {processor.py:768} INFO - DAG(s) dict_keys(['example_local_kubernetes_executor']) retrieved from /home/airflow/.local/lib/python3.7/site-packages/airflow/example_dags/example_local_kubernetes_executor.py
[2022-09-24T20:16:14.182+0000] {logging_mixin.py:117} INFO - [2022-09-24T20:16:14.181+0000] {dag.py:2573} INFO - Sync 1 DAGs
[2022-09-24T20:16:14.671+0000] {logging_mixin.py:117} INFO - [2022-09-24T20:16:14.671+0000] {dag.py:3328} INFO - Setting next_dagrun for example_local_kubernetes_executor to None, run_after=None
[2022-09-24T20:16:14.846+0000] {processor.py:178} INFO - Processing /home/airflow/.local/lib/python3.7/site-packages/airflow/example_dags/example_local_kubernetes_executor.py took 1.432 seconds
[2022-09-24T20:16:45.714+0000] {processor.py:156} INFO - Started process (PID=10081) to work on /home/airflow/.local/lib/python3.7/site-packages/airflow/example_dags/example_local_kubernetes_executor.py
[2022-09-24T20:16:45.718+0000] {processor.py:758} INFO - Processing file /home/airflow/.local/lib/python3.7/site-packages/airflow/example_dags/example_local_kubernetes_executor.py for tasks to queue
[2022-09-24T20:16:45.720+0000] {logging_mixin.py:117} INFO - [2022-09-24T20:16:45.720+0000] {dagbag.py:525} INFO - Filling up the DagBag from /home/airflow/.local/lib/python3.7/site-packages/airflow/example_dags/example_local_kubernetes_executor.py
[2022-09-24T20:16:45.766+0000] {processor.py:768} INFO - DAG(s) dict_keys(['example_local_kubernetes_executor']) retrieved from /home/airflow/.local/lib/python3.7/site-packages/airflow/example_dags/example_local_kubernetes_executor.py
[2022-09-24T20:16:45.845+0000] {logging_mixin.py:117} INFO - [2022-09-24T20:16:45.845+0000] {dag.py:2573} INFO - Sync 1 DAGs
[2022-09-24T20:16:45.900+0000] {logging_mixin.py:117} INFO - [2022-09-24T20:16:45.900+0000] {dag.py:3328} INFO - Setting next_dagrun for example_local_kubernetes_executor to None, run_after=None
[2022-09-24T20:16:45.955+0000] {processor.py:178} INFO - Processing /home/airflow/.local/lib/python3.7/site-packages/airflow/example_dags/example_local_kubernetes_executor.py took 0.248 seconds
[2022-09-24T20:17:16.367+0000] {processor.py:156} INFO - Started process (PID=10279) to work on /home/airflow/.local/lib/python3.7/site-packages/airflow/example_dags/example_local_kubernetes_executor.py
[2022-09-24T20:17:16.373+0000] {processor.py:758} INFO - Processing file /home/airflow/.local/lib/python3.7/site-packages/airflow/example_dags/example_local_kubernetes_executor.py for tasks to queue
[2022-09-24T20:17:16.381+0000] {logging_mixin.py:117} INFO - [2022-09-24T20:17:16.380+0000] {dagbag.py:525} INFO - Filling up the DagBag from /home/airflow/.local/lib/python3.7/site-packages/airflow/example_dags/example_local_kubernetes_executor.py
[2022-09-24T20:17:16.555+0000] {processor.py:768} INFO - DAG(s) dict_keys(['example_local_kubernetes_executor']) retrieved from /home/airflow/.local/lib/python3.7/site-packages/airflow/example_dags/example_local_kubernetes_executor.py
[2022-09-24T20:17:16.686+0000] {logging_mixin.py:117} INFO - [2022-09-24T20:17:16.686+0000] {dag.py:2573} INFO - Sync 1 DAGs
[2022-09-24T20:17:16.809+0000] {logging_mixin.py:117} INFO - [2022-09-24T20:17:16.808+0000] {dag.py:3328} INFO - Setting next_dagrun for example_local_kubernetes_executor to None, run_after=None
[2022-09-24T20:17:16.916+0000] {processor.py:178} INFO - Processing /home/airflow/.local/lib/python3.7/site-packages/airflow/example_dags/example_local_kubernetes_executor.py took 0.783 seconds
[2022-09-24T20:17:47.533+0000] {processor.py:156} INFO - Started process (PID=10477) to work on /home/airflow/.local/lib/python3.7/site-packages/airflow/example_dags/example_local_kubernetes_executor.py
[2022-09-24T20:17:47.536+0000] {processor.py:758} INFO - Processing file /home/airflow/.local/lib/python3.7/site-packages/airflow/example_dags/example_local_kubernetes_executor.py for tasks to queue
[2022-09-24T20:17:47.539+0000] {logging_mixin.py:117} INFO - [2022-09-24T20:17:47.539+0000] {dagbag.py:525} INFO - Filling up the DagBag from /home/airflow/.local/lib/python3.7/site-packages/airflow/example_dags/example_local_kubernetes_executor.py
[2022-09-24T20:17:47.583+0000] {processor.py:768} INFO - DAG(s) dict_keys(['example_local_kubernetes_executor']) retrieved from /home/airflow/.local/lib/python3.7/site-packages/airflow/example_dags/example_local_kubernetes_executor.py
[2022-09-24T20:17:47.666+0000] {logging_mixin.py:117} INFO - [2022-09-24T20:17:47.666+0000] {dag.py:2573} INFO - Sync 1 DAGs
[2022-09-24T20:17:47.713+0000] {logging_mixin.py:117} INFO - [2022-09-24T20:17:47.713+0000] {dag.py:3328} INFO - Setting next_dagrun for example_local_kubernetes_executor to None, run_after=None
[2022-09-24T20:17:47.756+0000] {processor.py:178} INFO - Processing /home/airflow/.local/lib/python3.7/site-packages/airflow/example_dags/example_local_kubernetes_executor.py took 0.230 seconds
[2022-09-24T20:18:18.724+0000] {processor.py:156} INFO - Started process (PID=10675) to work on /home/airflow/.local/lib/python3.7/site-packages/airflow/example_dags/example_local_kubernetes_executor.py
[2022-09-24T20:18:18.728+0000] {processor.py:758} INFO - Processing file /home/airflow/.local/lib/python3.7/site-packages/airflow/example_dags/example_local_kubernetes_executor.py for tasks to queue
[2022-09-24T20:18:18.735+0000] {logging_mixin.py:117} INFO - [2022-09-24T20:18:18.734+0000] {dagbag.py:525} INFO - Filling up the DagBag from /home/airflow/.local/lib/python3.7/site-packages/airflow/example_dags/example_local_kubernetes_executor.py
[2022-09-24T20:18:18.835+0000] {processor.py:768} INFO - DAG(s) dict_keys(['example_local_kubernetes_executor']) retrieved from /home/airflow/.local/lib/python3.7/site-packages/airflow/example_dags/example_local_kubernetes_executor.py
[2022-09-24T20:18:19.016+0000] {logging_mixin.py:117} INFO - [2022-09-24T20:18:19.015+0000] {dag.py:2573} INFO - Sync 1 DAGs
[2022-09-24T20:18:19.141+0000] {logging_mixin.py:117} INFO - [2022-09-24T20:18:19.141+0000] {dag.py:3328} INFO - Setting next_dagrun for example_local_kubernetes_executor to None, run_after=None
[2022-09-24T20:18:19.226+0000] {processor.py:178} INFO - Processing /home/airflow/.local/lib/python3.7/site-packages/airflow/example_dags/example_local_kubernetes_executor.py took 0.516 seconds
[2022-09-24T20:18:49.390+0000] {processor.py:156} INFO - Started process (PID=10882) to work on /home/airflow/.local/lib/python3.7/site-packages/airflow/example_dags/example_local_kubernetes_executor.py
[2022-09-24T20:18:49.392+0000] {processor.py:758} INFO - Processing file /home/airflow/.local/lib/python3.7/site-packages/airflow/example_dags/example_local_kubernetes_executor.py for tasks to queue
[2022-09-24T20:18:49.395+0000] {logging_mixin.py:117} INFO - [2022-09-24T20:18:49.394+0000] {dagbag.py:525} INFO - Filling up the DagBag from /home/airflow/.local/lib/python3.7/site-packages/airflow/example_dags/example_local_kubernetes_executor.py
[2022-09-24T20:18:49.442+0000] {processor.py:768} INFO - DAG(s) dict_keys(['example_local_kubernetes_executor']) retrieved from /home/airflow/.local/lib/python3.7/site-packages/airflow/example_dags/example_local_kubernetes_executor.py
[2022-09-24T20:18:49.549+0000] {logging_mixin.py:117} INFO - [2022-09-24T20:18:49.549+0000] {dag.py:2573} INFO - Sync 1 DAGs
[2022-09-24T20:18:49.600+0000] {logging_mixin.py:117} INFO - [2022-09-24T20:18:49.599+0000] {dag.py:3328} INFO - Setting next_dagrun for example_local_kubernetes_executor to None, run_after=None
[2022-09-24T20:18:49.645+0000] {processor.py:178} INFO - Processing /home/airflow/.local/lib/python3.7/site-packages/airflow/example_dags/example_local_kubernetes_executor.py took 0.263 seconds
[2022-09-24T20:19:20.494+0000] {processor.py:156} INFO - Started process (PID=11081) to work on /home/airflow/.local/lib/python3.7/site-packages/airflow/example_dags/example_local_kubernetes_executor.py
[2022-09-24T20:19:20.499+0000] {processor.py:758} INFO - Processing file /home/airflow/.local/lib/python3.7/site-packages/airflow/example_dags/example_local_kubernetes_executor.py for tasks to queue
[2022-09-24T20:19:20.502+0000] {logging_mixin.py:117} INFO - [2022-09-24T20:19:20.502+0000] {dagbag.py:525} INFO - Filling up the DagBag from /home/airflow/.local/lib/python3.7/site-packages/airflow/example_dags/example_local_kubernetes_executor.py
[2022-09-24T20:19:20.549+0000] {processor.py:768} INFO - DAG(s) dict_keys(['example_local_kubernetes_executor']) retrieved from /home/airflow/.local/lib/python3.7/site-packages/airflow/example_dags/example_local_kubernetes_executor.py
[2022-09-24T20:19:20.635+0000] {logging_mixin.py:117} INFO - [2022-09-24T20:19:20.635+0000] {dag.py:2573} INFO - Sync 1 DAGs
[2022-09-24T20:19:20.688+0000] {logging_mixin.py:117} INFO - [2022-09-24T20:19:20.688+0000] {dag.py:3328} INFO - Setting next_dagrun for example_local_kubernetes_executor to None, run_after=None
[2022-09-24T20:19:20.737+0000] {processor.py:178} INFO - Processing /home/airflow/.local/lib/python3.7/site-packages/airflow/example_dags/example_local_kubernetes_executor.py took 0.252 seconds
[2022-09-24T20:19:52.856+0000] {processor.py:156} INFO - Started process (PID=11280) to work on /home/airflow/.local/lib/python3.7/site-packages/airflow/example_dags/example_local_kubernetes_executor.py
[2022-09-24T20:19:52.860+0000] {processor.py:758} INFO - Processing file /home/airflow/.local/lib/python3.7/site-packages/airflow/example_dags/example_local_kubernetes_executor.py for tasks to queue
[2022-09-24T20:19:52.864+0000] {logging_mixin.py:117} INFO - [2022-09-24T20:19:52.863+0000] {dagbag.py:525} INFO - Filling up the DagBag from /home/airflow/.local/lib/python3.7/site-packages/airflow/example_dags/example_local_kubernetes_executor.py
[2022-09-24T20:19:52.933+0000] {processor.py:768} INFO - DAG(s) dict_keys(['example_local_kubernetes_executor']) retrieved from /home/airflow/.local/lib/python3.7/site-packages/airflow/example_dags/example_local_kubernetes_executor.py
[2022-09-24T20:19:53.215+0000] {logging_mixin.py:117} INFO - [2022-09-24T20:19:53.214+0000] {dag.py:2573} INFO - Sync 1 DAGs
[2022-09-24T20:19:53.712+0000] {logging_mixin.py:117} INFO - [2022-09-24T20:19:53.711+0000] {dag.py:3328} INFO - Setting next_dagrun for example_local_kubernetes_executor to None, run_after=None
[2022-09-24T20:19:53.864+0000] {processor.py:178} INFO - Processing /home/airflow/.local/lib/python3.7/site-packages/airflow/example_dags/example_local_kubernetes_executor.py took 1.018 seconds
[2022-09-24T20:20:24.295+0000] {processor.py:156} INFO - Started process (PID=11487) to work on /home/airflow/.local/lib/python3.7/site-packages/airflow/example_dags/example_local_kubernetes_executor.py
[2022-09-24T20:20:24.299+0000] {processor.py:758} INFO - Processing file /home/airflow/.local/lib/python3.7/site-packages/airflow/example_dags/example_local_kubernetes_executor.py for tasks to queue
[2022-09-24T20:20:24.302+0000] {logging_mixin.py:117} INFO - [2022-09-24T20:20:24.302+0000] {dagbag.py:525} INFO - Filling up the DagBag from /home/airflow/.local/lib/python3.7/site-packages/airflow/example_dags/example_local_kubernetes_executor.py
[2022-09-24T20:20:24.356+0000] {processor.py:768} INFO - DAG(s) dict_keys(['example_local_kubernetes_executor']) retrieved from /home/airflow/.local/lib/python3.7/site-packages/airflow/example_dags/example_local_kubernetes_executor.py
[2022-09-24T20:20:24.439+0000] {logging_mixin.py:117} INFO - [2022-09-24T20:20:24.438+0000] {dag.py:2573} INFO - Sync 1 DAGs
[2022-09-24T20:20:24.499+0000] {logging_mixin.py:117} INFO - [2022-09-24T20:20:24.499+0000] {dag.py:3328} INFO - Setting next_dagrun for example_local_kubernetes_executor to None, run_after=None
[2022-09-24T20:20:24.542+0000] {processor.py:178} INFO - Processing /home/airflow/.local/lib/python3.7/site-packages/airflow/example_dags/example_local_kubernetes_executor.py took 0.260 seconds
[2022-09-24T20:20:54.612+0000] {processor.py:156} INFO - Started process (PID=11685) to work on /home/airflow/.local/lib/python3.7/site-packages/airflow/example_dags/example_local_kubernetes_executor.py
[2022-09-24T20:20:54.616+0000] {processor.py:758} INFO - Processing file /home/airflow/.local/lib/python3.7/site-packages/airflow/example_dags/example_local_kubernetes_executor.py for tasks to queue
[2022-09-24T20:20:54.620+0000] {logging_mixin.py:117} INFO - [2022-09-24T20:20:54.620+0000] {dagbag.py:525} INFO - Filling up the DagBag from /home/airflow/.local/lib/python3.7/site-packages/airflow/example_dags/example_local_kubernetes_executor.py
[2022-09-24T20:20:54.669+0000] {processor.py:768} INFO - DAG(s) dict_keys(['example_local_kubernetes_executor']) retrieved from /home/airflow/.local/lib/python3.7/site-packages/airflow/example_dags/example_local_kubernetes_executor.py
[2022-09-24T20:20:54.746+0000] {logging_mixin.py:117} INFO - [2022-09-24T20:20:54.746+0000] {dag.py:2573} INFO - Sync 1 DAGs
[2022-09-24T20:20:54.797+0000] {logging_mixin.py:117} INFO - [2022-09-24T20:20:54.797+0000] {dag.py:3328} INFO - Setting next_dagrun for example_local_kubernetes_executor to None, run_after=None
[2022-09-24T20:20:54.837+0000] {processor.py:178} INFO - Processing /home/airflow/.local/lib/python3.7/site-packages/airflow/example_dags/example_local_kubernetes_executor.py took 0.234 seconds
[2022-09-24T20:21:26.705+0000] {processor.py:156} INFO - Started process (PID=11885) to work on /home/airflow/.local/lib/python3.7/site-packages/airflow/example_dags/example_local_kubernetes_executor.py
[2022-09-24T20:21:26.710+0000] {processor.py:758} INFO - Processing file /home/airflow/.local/lib/python3.7/site-packages/airflow/example_dags/example_local_kubernetes_executor.py for tasks to queue
[2022-09-24T20:21:26.712+0000] {logging_mixin.py:117} INFO - [2022-09-24T20:21:26.712+0000] {dagbag.py:525} INFO - Filling up the DagBag from /home/airflow/.local/lib/python3.7/site-packages/airflow/example_dags/example_local_kubernetes_executor.py
[2022-09-24T20:21:26.830+0000] {processor.py:768} INFO - DAG(s) dict_keys(['example_local_kubernetes_executor']) retrieved from /home/airflow/.local/lib/python3.7/site-packages/airflow/example_dags/example_local_kubernetes_executor.py
[2022-09-24T20:21:27.108+0000] {logging_mixin.py:117} INFO - [2022-09-24T20:21:27.107+0000] {dag.py:2573} INFO - Sync 1 DAGs
[2022-09-24T20:21:27.208+0000] {logging_mixin.py:117} INFO - [2022-09-24T20:21:27.208+0000] {dag.py:3328} INFO - Setting next_dagrun for example_local_kubernetes_executor to None, run_after=None
[2022-09-24T20:21:27.246+0000] {processor.py:178} INFO - Processing /home/airflow/.local/lib/python3.7/site-packages/airflow/example_dags/example_local_kubernetes_executor.py took 0.551 seconds
