[2022-09-24T19:50:59.444+0000] {processor.py:156} INFO - Started process (PID=334) to work on /home/airflow/.local/lib/python3.7/site-packages/airflow/example_dags/example_branch_operator_decorator.py
[2022-09-24T19:50:59.459+0000] {processor.py:758} INFO - Processing file /home/airflow/.local/lib/python3.7/site-packages/airflow/example_dags/example_branch_operator_decorator.py for tasks to queue
[2022-09-24T19:50:59.467+0000] {logging_mixin.py:117} INFO - [2022-09-24T19:50:59.467+0000] {dagbag.py:525} INFO - Filling up the DagBag from /home/airflow/.local/lib/python3.7/site-packages/airflow/example_dags/example_branch_operator_decorator.py
[2022-09-24T19:50:59.803+0000] {processor.py:768} INFO - DAG(s) dict_keys(['example_branch_python_operator_decorator']) retrieved from /home/airflow/.local/lib/python3.7/site-packages/airflow/example_dags/example_branch_operator_decorator.py
[2022-09-24T19:51:00.115+0000] {logging_mixin.py:117} INFO - [2022-09-24T19:51:00.114+0000] {dag.py:2573} INFO - Sync 1 DAGs
[2022-09-24T19:51:00.267+0000] {logging_mixin.py:117} INFO - [2022-09-24T19:51:00.267+0000] {dag.py:3328} INFO - Setting next_dagrun for example_branch_python_operator_decorator to 2022-09-23T00:00:00+00:00, run_after=2022-09-24T00:00:00+00:00
[2022-09-24T19:51:00.402+0000] {processor.py:178} INFO - Processing /home/airflow/.local/lib/python3.7/site-packages/airflow/example_dags/example_branch_operator_decorator.py took 1.021 seconds
[2022-09-24T19:51:31.616+0000] {processor.py:156} INFO - Started process (PID=532) to work on /home/airflow/.local/lib/python3.7/site-packages/airflow/example_dags/example_branch_operator_decorator.py
[2022-09-24T19:51:31.621+0000] {processor.py:758} INFO - Processing file /home/airflow/.local/lib/python3.7/site-packages/airflow/example_dags/example_branch_operator_decorator.py for tasks to queue
[2022-09-24T19:51:31.630+0000] {logging_mixin.py:117} INFO - [2022-09-24T19:51:31.627+0000] {dagbag.py:525} INFO - Filling up the DagBag from /home/airflow/.local/lib/python3.7/site-packages/airflow/example_dags/example_branch_operator_decorator.py
[2022-09-24T19:51:31.710+0000] {processor.py:768} INFO - DAG(s) dict_keys(['example_branch_python_operator_decorator']) retrieved from /home/airflow/.local/lib/python3.7/site-packages/airflow/example_dags/example_branch_operator_decorator.py
[2022-09-24T19:51:31.791+0000] {logging_mixin.py:117} INFO - [2022-09-24T19:51:31.791+0000] {dag.py:2573} INFO - Sync 1 DAGs
[2022-09-24T19:51:31.842+0000] {logging_mixin.py:117} INFO - [2022-09-24T19:51:31.841+0000] {dag.py:3328} INFO - Setting next_dagrun for example_branch_python_operator_decorator to 2022-09-23T00:00:00+00:00, run_after=2022-09-24T00:00:00+00:00
[2022-09-24T19:51:32.125+0000] {processor.py:178} INFO - Processing /home/airflow/.local/lib/python3.7/site-packages/airflow/example_dags/example_branch_operator_decorator.py took 0.540 seconds
[2022-09-24T19:52:08.779+0000] {processor.py:156} INFO - Started process (PID=732) to work on /home/airflow/.local/lib/python3.7/site-packages/airflow/example_dags/example_branch_operator_decorator.py
[2022-09-24T19:52:08.782+0000] {processor.py:758} INFO - Processing file /home/airflow/.local/lib/python3.7/site-packages/airflow/example_dags/example_branch_operator_decorator.py for tasks to queue
[2022-09-24T19:52:08.787+0000] {logging_mixin.py:117} INFO - [2022-09-24T19:52:08.786+0000] {dagbag.py:525} INFO - Filling up the DagBag from /home/airflow/.local/lib/python3.7/site-packages/airflow/example_dags/example_branch_operator_decorator.py
[2022-09-24T19:52:09.025+0000] {processor.py:768} INFO - DAG(s) dict_keys(['example_branch_python_operator_decorator']) retrieved from /home/airflow/.local/lib/python3.7/site-packages/airflow/example_dags/example_branch_operator_decorator.py
[2022-09-24T19:52:09.243+0000] {logging_mixin.py:117} INFO - [2022-09-24T19:52:09.243+0000] {dag.py:2573} INFO - Sync 1 DAGs
[2022-09-24T19:52:10.323+0000] {logging_mixin.py:117} INFO - [2022-09-24T19:52:10.322+0000] {dag.py:3328} INFO - Setting next_dagrun for example_branch_python_operator_decorator to 2022-09-23T00:00:00+00:00, run_after=2022-09-24T00:00:00+00:00
[2022-09-24T19:52:10.419+0000] {processor.py:178} INFO - Processing /home/airflow/.local/lib/python3.7/site-packages/airflow/example_dags/example_branch_operator_decorator.py took 1.665 seconds
[2022-09-24T19:52:40.780+0000] {processor.py:156} INFO - Started process (PID=932) to work on /home/airflow/.local/lib/python3.7/site-packages/airflow/example_dags/example_branch_operator_decorator.py
[2022-09-24T19:52:40.784+0000] {processor.py:758} INFO - Processing file /home/airflow/.local/lib/python3.7/site-packages/airflow/example_dags/example_branch_operator_decorator.py for tasks to queue
[2022-09-24T19:52:40.786+0000] {logging_mixin.py:117} INFO - [2022-09-24T19:52:40.786+0000] {dagbag.py:525} INFO - Filling up the DagBag from /home/airflow/.local/lib/python3.7/site-packages/airflow/example_dags/example_branch_operator_decorator.py
[2022-09-24T19:52:40.850+0000] {processor.py:768} INFO - DAG(s) dict_keys(['example_branch_python_operator_decorator']) retrieved from /home/airflow/.local/lib/python3.7/site-packages/airflow/example_dags/example_branch_operator_decorator.py
[2022-09-24T19:52:41.161+0000] {logging_mixin.py:117} INFO - [2022-09-24T19:52:41.161+0000] {dag.py:2573} INFO - Sync 1 DAGs
[2022-09-24T19:52:41.249+0000] {logging_mixin.py:117} INFO - [2022-09-24T19:52:41.249+0000] {dag.py:3328} INFO - Setting next_dagrun for example_branch_python_operator_decorator to 2022-09-23T00:00:00+00:00, run_after=2022-09-24T00:00:00+00:00
[2022-09-24T19:52:41.310+0000] {processor.py:178} INFO - Processing /home/airflow/.local/lib/python3.7/site-packages/airflow/example_dags/example_branch_operator_decorator.py took 0.535 seconds
[2022-09-24T19:53:11.575+0000] {processor.py:156} INFO - Started process (PID=1137) to work on /home/airflow/.local/lib/python3.7/site-packages/airflow/example_dags/example_branch_operator_decorator.py
[2022-09-24T19:53:11.587+0000] {processor.py:758} INFO - Processing file /home/airflow/.local/lib/python3.7/site-packages/airflow/example_dags/example_branch_operator_decorator.py for tasks to queue
[2022-09-24T19:53:11.604+0000] {logging_mixin.py:117} INFO - [2022-09-24T19:53:11.602+0000] {dagbag.py:525} INFO - Filling up the DagBag from /home/airflow/.local/lib/python3.7/site-packages/airflow/example_dags/example_branch_operator_decorator.py
[2022-09-24T19:53:11.733+0000] {processor.py:768} INFO - DAG(s) dict_keys(['example_branch_python_operator_decorator']) retrieved from /home/airflow/.local/lib/python3.7/site-packages/airflow/example_dags/example_branch_operator_decorator.py
[2022-09-24T19:53:12.033+0000] {logging_mixin.py:117} INFO - [2022-09-24T19:53:12.033+0000] {dag.py:2573} INFO - Sync 1 DAGs
[2022-09-24T19:53:12.092+0000] {logging_mixin.py:117} INFO - [2022-09-24T19:53:12.091+0000] {dag.py:3328} INFO - Setting next_dagrun for example_branch_python_operator_decorator to 2022-09-23T00:00:00+00:00, run_after=2022-09-24T00:00:00+00:00
[2022-09-24T19:53:12.172+0000] {processor.py:178} INFO - Processing /home/airflow/.local/lib/python3.7/site-packages/airflow/example_dags/example_branch_operator_decorator.py took 0.621 seconds
[2022-09-24T19:53:43.206+0000] {processor.py:156} INFO - Started process (PID=1334) to work on /home/airflow/.local/lib/python3.7/site-packages/airflow/example_dags/example_branch_operator_decorator.py
[2022-09-24T19:53:43.217+0000] {processor.py:758} INFO - Processing file /home/airflow/.local/lib/python3.7/site-packages/airflow/example_dags/example_branch_operator_decorator.py for tasks to queue
[2022-09-24T19:53:43.220+0000] {logging_mixin.py:117} INFO - [2022-09-24T19:53:43.220+0000] {dagbag.py:525} INFO - Filling up the DagBag from /home/airflow/.local/lib/python3.7/site-packages/airflow/example_dags/example_branch_operator_decorator.py
[2022-09-24T19:53:43.335+0000] {processor.py:768} INFO - DAG(s) dict_keys(['example_branch_python_operator_decorator']) retrieved from /home/airflow/.local/lib/python3.7/site-packages/airflow/example_dags/example_branch_operator_decorator.py
[2022-09-24T19:53:43.884+0000] {logging_mixin.py:117} INFO - [2022-09-24T19:53:43.884+0000] {dag.py:2573} INFO - Sync 1 DAGs
[2022-09-24T19:53:44.011+0000] {logging_mixin.py:117} INFO - [2022-09-24T19:53:44.010+0000] {dag.py:3328} INFO - Setting next_dagrun for example_branch_python_operator_decorator to 2022-09-23T00:00:00+00:00, run_after=2022-09-24T00:00:00+00:00
[2022-09-24T19:53:44.107+0000] {processor.py:178} INFO - Processing /home/airflow/.local/lib/python3.7/site-packages/airflow/example_dags/example_branch_operator_decorator.py took 0.912 seconds
[2022-09-24T19:54:15.549+0000] {processor.py:156} INFO - Started process (PID=1532) to work on /home/airflow/.local/lib/python3.7/site-packages/airflow/example_dags/example_branch_operator_decorator.py
[2022-09-24T19:54:15.555+0000] {processor.py:758} INFO - Processing file /home/airflow/.local/lib/python3.7/site-packages/airflow/example_dags/example_branch_operator_decorator.py for tasks to queue
[2022-09-24T19:54:15.561+0000] {logging_mixin.py:117} INFO - [2022-09-24T19:54:15.561+0000] {dagbag.py:525} INFO - Filling up the DagBag from /home/airflow/.local/lib/python3.7/site-packages/airflow/example_dags/example_branch_operator_decorator.py
[2022-09-24T19:54:15.993+0000] {processor.py:768} INFO - DAG(s) dict_keys(['example_branch_python_operator_decorator']) retrieved from /home/airflow/.local/lib/python3.7/site-packages/airflow/example_dags/example_branch_operator_decorator.py
[2022-09-24T19:54:16.134+0000] {logging_mixin.py:117} INFO - [2022-09-24T19:54:16.132+0000] {dag.py:2573} INFO - Sync 1 DAGs
[2022-09-24T19:54:16.245+0000] {logging_mixin.py:117} INFO - [2022-09-24T19:54:16.245+0000] {dag.py:3328} INFO - Setting next_dagrun for example_branch_python_operator_decorator to 2022-09-23T00:00:00+00:00, run_after=2022-09-24T00:00:00+00:00
[2022-09-24T19:54:16.363+0000] {processor.py:178} INFO - Processing /home/airflow/.local/lib/python3.7/site-packages/airflow/example_dags/example_branch_operator_decorator.py took 0.825 seconds
[2022-09-24T19:54:46.501+0000] {processor.py:156} INFO - Started process (PID=1730) to work on /home/airflow/.local/lib/python3.7/site-packages/airflow/example_dags/example_branch_operator_decorator.py
[2022-09-24T19:54:46.504+0000] {processor.py:758} INFO - Processing file /home/airflow/.local/lib/python3.7/site-packages/airflow/example_dags/example_branch_operator_decorator.py for tasks to queue
[2022-09-24T19:54:46.508+0000] {logging_mixin.py:117} INFO - [2022-09-24T19:54:46.507+0000] {dagbag.py:525} INFO - Filling up the DagBag from /home/airflow/.local/lib/python3.7/site-packages/airflow/example_dags/example_branch_operator_decorator.py
[2022-09-24T19:54:46.601+0000] {processor.py:768} INFO - DAG(s) dict_keys(['example_branch_python_operator_decorator']) retrieved from /home/airflow/.local/lib/python3.7/site-packages/airflow/example_dags/example_branch_operator_decorator.py
[2022-09-24T19:54:46.895+0000] {logging_mixin.py:117} INFO - [2022-09-24T19:54:46.894+0000] {dag.py:2573} INFO - Sync 1 DAGs
[2022-09-24T19:54:47.007+0000] {logging_mixin.py:117} INFO - [2022-09-24T19:54:47.006+0000] {dag.py:3328} INFO - Setting next_dagrun for example_branch_python_operator_decorator to 2022-09-23T00:00:00+00:00, run_after=2022-09-24T00:00:00+00:00
[2022-09-24T19:54:47.070+0000] {processor.py:178} INFO - Processing /home/airflow/.local/lib/python3.7/site-packages/airflow/example_dags/example_branch_operator_decorator.py took 0.575 seconds
[2022-09-24T19:55:17.943+0000] {processor.py:156} INFO - Started process (PID=1927) to work on /home/airflow/.local/lib/python3.7/site-packages/airflow/example_dags/example_branch_operator_decorator.py
[2022-09-24T19:55:17.947+0000] {processor.py:758} INFO - Processing file /home/airflow/.local/lib/python3.7/site-packages/airflow/example_dags/example_branch_operator_decorator.py for tasks to queue
[2022-09-24T19:55:17.953+0000] {logging_mixin.py:117} INFO - [2022-09-24T19:55:17.953+0000] {dagbag.py:525} INFO - Filling up the DagBag from /home/airflow/.local/lib/python3.7/site-packages/airflow/example_dags/example_branch_operator_decorator.py
[2022-09-24T19:55:18.089+0000] {processor.py:768} INFO - DAG(s) dict_keys(['example_branch_python_operator_decorator']) retrieved from /home/airflow/.local/lib/python3.7/site-packages/airflow/example_dags/example_branch_operator_decorator.py
[2022-09-24T19:55:18.449+0000] {logging_mixin.py:117} INFO - [2022-09-24T19:55:18.445+0000] {dag.py:2573} INFO - Sync 1 DAGs
[2022-09-24T19:55:18.759+0000] {logging_mixin.py:117} INFO - [2022-09-24T19:55:18.759+0000] {dag.py:3328} INFO - Setting next_dagrun for example_branch_python_operator_decorator to 2022-09-23T00:00:00+00:00, run_after=2022-09-24T00:00:00+00:00
[2022-09-24T19:55:18.882+0000] {processor.py:178} INFO - Processing /home/airflow/.local/lib/python3.7/site-packages/airflow/example_dags/example_branch_operator_decorator.py took 0.946 seconds
[2022-09-24T19:55:49.075+0000] {processor.py:156} INFO - Started process (PID=2137) to work on /home/airflow/.local/lib/python3.7/site-packages/airflow/example_dags/example_branch_operator_decorator.py
[2022-09-24T19:55:49.079+0000] {processor.py:758} INFO - Processing file /home/airflow/.local/lib/python3.7/site-packages/airflow/example_dags/example_branch_operator_decorator.py for tasks to queue
[2022-09-24T19:55:49.083+0000] {logging_mixin.py:117} INFO - [2022-09-24T19:55:49.083+0000] {dagbag.py:525} INFO - Filling up the DagBag from /home/airflow/.local/lib/python3.7/site-packages/airflow/example_dags/example_branch_operator_decorator.py
[2022-09-24T19:55:49.173+0000] {processor.py:768} INFO - DAG(s) dict_keys(['example_branch_python_operator_decorator']) retrieved from /home/airflow/.local/lib/python3.7/site-packages/airflow/example_dags/example_branch_operator_decorator.py
[2022-09-24T19:55:49.288+0000] {logging_mixin.py:117} INFO - [2022-09-24T19:55:49.288+0000] {dag.py:2573} INFO - Sync 1 DAGs
[2022-09-24T19:55:49.360+0000] {logging_mixin.py:117} INFO - [2022-09-24T19:55:49.360+0000] {dag.py:3328} INFO - Setting next_dagrun for example_branch_python_operator_decorator to 2022-09-23T00:00:00+00:00, run_after=2022-09-24T00:00:00+00:00
[2022-09-24T19:55:49.415+0000] {processor.py:178} INFO - Processing /home/airflow/.local/lib/python3.7/site-packages/airflow/example_dags/example_branch_operator_decorator.py took 0.352 seconds
[2022-09-24T19:56:19.764+0000] {processor.py:156} INFO - Started process (PID=2330) to work on /home/airflow/.local/lib/python3.7/site-packages/airflow/example_dags/example_branch_operator_decorator.py
[2022-09-24T19:56:19.771+0000] {processor.py:758} INFO - Processing file /home/airflow/.local/lib/python3.7/site-packages/airflow/example_dags/example_branch_operator_decorator.py for tasks to queue
[2022-09-24T19:56:19.774+0000] {logging_mixin.py:117} INFO - [2022-09-24T19:56:19.774+0000] {dagbag.py:525} INFO - Filling up the DagBag from /home/airflow/.local/lib/python3.7/site-packages/airflow/example_dags/example_branch_operator_decorator.py
[2022-09-24T19:56:19.895+0000] {processor.py:768} INFO - DAG(s) dict_keys(['example_branch_python_operator_decorator']) retrieved from /home/airflow/.local/lib/python3.7/site-packages/airflow/example_dags/example_branch_operator_decorator.py
[2022-09-24T19:56:20.137+0000] {logging_mixin.py:117} INFO - [2022-09-24T19:56:20.137+0000] {dag.py:2573} INFO - Sync 1 DAGs
[2022-09-24T19:56:20.225+0000] {logging_mixin.py:117} INFO - [2022-09-24T19:56:20.225+0000] {dag.py:3328} INFO - Setting next_dagrun for example_branch_python_operator_decorator to 2022-09-23T00:00:00+00:00, run_after=2022-09-24T00:00:00+00:00
[2022-09-24T19:56:20.292+0000] {processor.py:178} INFO - Processing /home/airflow/.local/lib/python3.7/site-packages/airflow/example_dags/example_branch_operator_decorator.py took 0.547 seconds
[2022-09-24T19:56:50.791+0000] {processor.py:156} INFO - Started process (PID=2538) to work on /home/airflow/.local/lib/python3.7/site-packages/airflow/example_dags/example_branch_operator_decorator.py
[2022-09-24T19:56:50.802+0000] {processor.py:758} INFO - Processing file /home/airflow/.local/lib/python3.7/site-packages/airflow/example_dags/example_branch_operator_decorator.py for tasks to queue
[2022-09-24T19:56:50.808+0000] {logging_mixin.py:117} INFO - [2022-09-24T19:56:50.807+0000] {dagbag.py:525} INFO - Filling up the DagBag from /home/airflow/.local/lib/python3.7/site-packages/airflow/example_dags/example_branch_operator_decorator.py
[2022-09-24T19:56:50.926+0000] {processor.py:768} INFO - DAG(s) dict_keys(['example_branch_python_operator_decorator']) retrieved from /home/airflow/.local/lib/python3.7/site-packages/airflow/example_dags/example_branch_operator_decorator.py
[2022-09-24T19:56:51.113+0000] {logging_mixin.py:117} INFO - [2022-09-24T19:56:51.113+0000] {dag.py:2573} INFO - Sync 1 DAGs
[2022-09-24T19:56:51.170+0000] {logging_mixin.py:117} INFO - [2022-09-24T19:56:51.170+0000] {dag.py:3328} INFO - Setting next_dagrun for example_branch_python_operator_decorator to 2022-09-23T00:00:00+00:00, run_after=2022-09-24T00:00:00+00:00
[2022-09-24T19:56:51.211+0000] {processor.py:178} INFO - Processing /home/airflow/.local/lib/python3.7/site-packages/airflow/example_dags/example_branch_operator_decorator.py took 0.426 seconds
[2022-09-24T19:57:32.460+0000] {processor.py:156} INFO - Started process (PID=2739) to work on /home/airflow/.local/lib/python3.7/site-packages/airflow/example_dags/example_branch_operator_decorator.py
[2022-09-24T19:57:32.491+0000] {processor.py:758} INFO - Processing file /home/airflow/.local/lib/python3.7/site-packages/airflow/example_dags/example_branch_operator_decorator.py for tasks to queue
[2022-09-24T19:57:32.504+0000] {logging_mixin.py:117} INFO - [2022-09-24T19:57:32.504+0000] {dagbag.py:525} INFO - Filling up the DagBag from /home/airflow/.local/lib/python3.7/site-packages/airflow/example_dags/example_branch_operator_decorator.py
[2022-09-24T19:57:32.681+0000] {processor.py:768} INFO - DAG(s) dict_keys(['example_branch_python_operator_decorator']) retrieved from /home/airflow/.local/lib/python3.7/site-packages/airflow/example_dags/example_branch_operator_decorator.py
[2022-09-24T19:57:32.938+0000] {logging_mixin.py:117} INFO - [2022-09-24T19:57:32.938+0000] {dag.py:2573} INFO - Sync 1 DAGs
[2022-09-24T19:57:33.044+0000] {logging_mixin.py:117} INFO - [2022-09-24T19:57:33.042+0000] {dag.py:3328} INFO - Setting next_dagrun for example_branch_python_operator_decorator to 2022-09-23T00:00:00+00:00, run_after=2022-09-24T00:00:00+00:00
[2022-09-24T19:57:33.137+0000] {processor.py:178} INFO - Processing /home/airflow/.local/lib/python3.7/site-packages/airflow/example_dags/example_branch_operator_decorator.py took 0.720 seconds
[2022-09-24T19:58:03.539+0000] {processor.py:156} INFO - Started process (PID=2949) to work on /home/airflow/.local/lib/python3.7/site-packages/airflow/example_dags/example_branch_operator_decorator.py
[2022-09-24T19:58:03.543+0000] {processor.py:758} INFO - Processing file /home/airflow/.local/lib/python3.7/site-packages/airflow/example_dags/example_branch_operator_decorator.py for tasks to queue
[2022-09-24T19:58:03.557+0000] {logging_mixin.py:117} INFO - [2022-09-24T19:58:03.556+0000] {dagbag.py:525} INFO - Filling up the DagBag from /home/airflow/.local/lib/python3.7/site-packages/airflow/example_dags/example_branch_operator_decorator.py
[2022-09-24T19:58:03.636+0000] {processor.py:768} INFO - DAG(s) dict_keys(['example_branch_python_operator_decorator']) retrieved from /home/airflow/.local/lib/python3.7/site-packages/airflow/example_dags/example_branch_operator_decorator.py
[2022-09-24T19:58:03.777+0000] {logging_mixin.py:117} INFO - [2022-09-24T19:58:03.777+0000] {dag.py:2573} INFO - Sync 1 DAGs
[2022-09-24T19:58:03.909+0000] {logging_mixin.py:117} INFO - [2022-09-24T19:58:03.909+0000] {dag.py:3328} INFO - Setting next_dagrun for example_branch_python_operator_decorator to 2022-09-23T00:00:00+00:00, run_after=2022-09-24T00:00:00+00:00
[2022-09-24T19:58:04.105+0000] {processor.py:178} INFO - Processing /home/airflow/.local/lib/python3.7/site-packages/airflow/example_dags/example_branch_operator_decorator.py took 0.581 seconds
[2022-09-24T19:58:36.507+0000] {processor.py:156} INFO - Started process (PID=3142) to work on /home/airflow/.local/lib/python3.7/site-packages/airflow/example_dags/example_branch_operator_decorator.py
[2022-09-24T19:58:36.528+0000] {processor.py:758} INFO - Processing file /home/airflow/.local/lib/python3.7/site-packages/airflow/example_dags/example_branch_operator_decorator.py for tasks to queue
[2022-09-24T19:58:36.550+0000] {logging_mixin.py:117} INFO - [2022-09-24T19:58:36.542+0000] {dagbag.py:525} INFO - Filling up the DagBag from /home/airflow/.local/lib/python3.7/site-packages/airflow/example_dags/example_branch_operator_decorator.py
[2022-09-24T19:58:36.777+0000] {processor.py:768} INFO - DAG(s) dict_keys(['example_branch_python_operator_decorator']) retrieved from /home/airflow/.local/lib/python3.7/site-packages/airflow/example_dags/example_branch_operator_decorator.py
[2022-09-24T19:58:37.042+0000] {logging_mixin.py:117} INFO - [2022-09-24T19:58:37.042+0000] {dag.py:2573} INFO - Sync 1 DAGs
[2022-09-24T19:58:37.261+0000] {logging_mixin.py:117} INFO - [2022-09-24T19:58:37.261+0000] {dag.py:3328} INFO - Setting next_dagrun for example_branch_python_operator_decorator to 2022-09-23T00:00:00+00:00, run_after=2022-09-24T00:00:00+00:00
[2022-09-24T19:58:37.427+0000] {processor.py:178} INFO - Processing /home/airflow/.local/lib/python3.7/site-packages/airflow/example_dags/example_branch_operator_decorator.py took 0.984 seconds
[2022-09-24T19:59:09.544+0000] {processor.py:156} INFO - Started process (PID=3343) to work on /home/airflow/.local/lib/python3.7/site-packages/airflow/example_dags/example_branch_operator_decorator.py
[2022-09-24T19:59:09.551+0000] {processor.py:758} INFO - Processing file /home/airflow/.local/lib/python3.7/site-packages/airflow/example_dags/example_branch_operator_decorator.py for tasks to queue
[2022-09-24T19:59:09.572+0000] {logging_mixin.py:117} INFO - [2022-09-24T19:59:09.572+0000] {dagbag.py:525} INFO - Filling up the DagBag from /home/airflow/.local/lib/python3.7/site-packages/airflow/example_dags/example_branch_operator_decorator.py
[2022-09-24T19:59:09.786+0000] {processor.py:768} INFO - DAG(s) dict_keys(['example_branch_python_operator_decorator']) retrieved from /home/airflow/.local/lib/python3.7/site-packages/airflow/example_dags/example_branch_operator_decorator.py
[2022-09-24T19:59:09.976+0000] {logging_mixin.py:117} INFO - [2022-09-24T19:59:09.975+0000] {dag.py:2573} INFO - Sync 1 DAGs
[2022-09-24T19:59:10.085+0000] {logging_mixin.py:117} INFO - [2022-09-24T19:59:10.085+0000] {dag.py:3328} INFO - Setting next_dagrun for example_branch_python_operator_decorator to 2022-09-23T00:00:00+00:00, run_after=2022-09-24T00:00:00+00:00
[2022-09-24T19:59:10.139+0000] {processor.py:178} INFO - Processing /home/airflow/.local/lib/python3.7/site-packages/airflow/example_dags/example_branch_operator_decorator.py took 0.610 seconds
[2022-09-24T19:59:41.699+0000] {processor.py:156} INFO - Started process (PID=3542) to work on /home/airflow/.local/lib/python3.7/site-packages/airflow/example_dags/example_branch_operator_decorator.py
[2022-09-24T19:59:41.706+0000] {processor.py:758} INFO - Processing file /home/airflow/.local/lib/python3.7/site-packages/airflow/example_dags/example_branch_operator_decorator.py for tasks to queue
[2022-09-24T19:59:41.709+0000] {logging_mixin.py:117} INFO - [2022-09-24T19:59:41.709+0000] {dagbag.py:525} INFO - Filling up the DagBag from /home/airflow/.local/lib/python3.7/site-packages/airflow/example_dags/example_branch_operator_decorator.py
[2022-09-24T19:59:41.818+0000] {processor.py:768} INFO - DAG(s) dict_keys(['example_branch_python_operator_decorator']) retrieved from /home/airflow/.local/lib/python3.7/site-packages/airflow/example_dags/example_branch_operator_decorator.py
[2022-09-24T19:59:42.011+0000] {logging_mixin.py:117} INFO - [2022-09-24T19:59:42.010+0000] {dag.py:2573} INFO - Sync 1 DAGs
[2022-09-24T19:59:42.153+0000] {logging_mixin.py:117} INFO - [2022-09-24T19:59:42.152+0000] {dag.py:3328} INFO - Setting next_dagrun for example_branch_python_operator_decorator to 2022-09-23T00:00:00+00:00, run_after=2022-09-24T00:00:00+00:00
[2022-09-24T19:59:42.245+0000] {processor.py:178} INFO - Processing /home/airflow/.local/lib/python3.7/site-packages/airflow/example_dags/example_branch_operator_decorator.py took 0.555 seconds
[2022-09-24T20:00:12.552+0000] {processor.py:156} INFO - Started process (PID=3740) to work on /home/airflow/.local/lib/python3.7/site-packages/airflow/example_dags/example_branch_operator_decorator.py
[2022-09-24T20:00:12.554+0000] {processor.py:758} INFO - Processing file /home/airflow/.local/lib/python3.7/site-packages/airflow/example_dags/example_branch_operator_decorator.py for tasks to queue
[2022-09-24T20:00:12.557+0000] {logging_mixin.py:117} INFO - [2022-09-24T20:00:12.557+0000] {dagbag.py:525} INFO - Filling up the DagBag from /home/airflow/.local/lib/python3.7/site-packages/airflow/example_dags/example_branch_operator_decorator.py
[2022-09-24T20:00:12.638+0000] {processor.py:768} INFO - DAG(s) dict_keys(['example_branch_python_operator_decorator']) retrieved from /home/airflow/.local/lib/python3.7/site-packages/airflow/example_dags/example_branch_operator_decorator.py
[2022-09-24T20:00:12.737+0000] {logging_mixin.py:117} INFO - [2022-09-24T20:00:12.736+0000] {dag.py:2573} INFO - Sync 1 DAGs
[2022-09-24T20:00:12.812+0000] {logging_mixin.py:117} INFO - [2022-09-24T20:00:12.812+0000] {dag.py:3328} INFO - Setting next_dagrun for example_branch_python_operator_decorator to 2022-09-23T00:00:00+00:00, run_after=2022-09-24T00:00:00+00:00
[2022-09-24T20:00:12.881+0000] {processor.py:178} INFO - Processing /home/airflow/.local/lib/python3.7/site-packages/airflow/example_dags/example_branch_operator_decorator.py took 0.335 seconds
[2022-09-24T20:00:43.756+0000] {processor.py:156} INFO - Started process (PID=3938) to work on /home/airflow/.local/lib/python3.7/site-packages/airflow/example_dags/example_branch_operator_decorator.py
[2022-09-24T20:00:43.762+0000] {processor.py:758} INFO - Processing file /home/airflow/.local/lib/python3.7/site-packages/airflow/example_dags/example_branch_operator_decorator.py for tasks to queue
[2022-09-24T20:00:43.793+0000] {logging_mixin.py:117} INFO - [2022-09-24T20:00:43.792+0000] {dagbag.py:525} INFO - Filling up the DagBag from /home/airflow/.local/lib/python3.7/site-packages/airflow/example_dags/example_branch_operator_decorator.py
[2022-09-24T20:00:43.945+0000] {processor.py:768} INFO - DAG(s) dict_keys(['example_branch_python_operator_decorator']) retrieved from /home/airflow/.local/lib/python3.7/site-packages/airflow/example_dags/example_branch_operator_decorator.py
[2022-09-24T20:00:44.082+0000] {logging_mixin.py:117} INFO - [2022-09-24T20:00:44.081+0000] {dag.py:2573} INFO - Sync 1 DAGs
[2022-09-24T20:00:44.147+0000] {logging_mixin.py:117} INFO - [2022-09-24T20:00:44.147+0000] {dag.py:3328} INFO - Setting next_dagrun for example_branch_python_operator_decorator to 2022-09-23T00:00:00+00:00, run_after=2022-09-24T00:00:00+00:00
[2022-09-24T20:00:44.190+0000] {processor.py:178} INFO - Processing /home/airflow/.local/lib/python3.7/site-packages/airflow/example_dags/example_branch_operator_decorator.py took 0.442 seconds
[2022-09-24T20:01:14.866+0000] {processor.py:156} INFO - Started process (PID=4136) to work on /home/airflow/.local/lib/python3.7/site-packages/airflow/example_dags/example_branch_operator_decorator.py
[2022-09-24T20:01:14.870+0000] {processor.py:758} INFO - Processing file /home/airflow/.local/lib/python3.7/site-packages/airflow/example_dags/example_branch_operator_decorator.py for tasks to queue
[2022-09-24T20:01:14.873+0000] {logging_mixin.py:117} INFO - [2022-09-24T20:01:14.872+0000] {dagbag.py:525} INFO - Filling up the DagBag from /home/airflow/.local/lib/python3.7/site-packages/airflow/example_dags/example_branch_operator_decorator.py
[2022-09-24T20:01:14.936+0000] {processor.py:768} INFO - DAG(s) dict_keys(['example_branch_python_operator_decorator']) retrieved from /home/airflow/.local/lib/python3.7/site-packages/airflow/example_dags/example_branch_operator_decorator.py
[2022-09-24T20:01:15.039+0000] {logging_mixin.py:117} INFO - [2022-09-24T20:01:15.038+0000] {dag.py:2573} INFO - Sync 1 DAGs
[2022-09-24T20:01:15.104+0000] {logging_mixin.py:117} INFO - [2022-09-24T20:01:15.104+0000] {dag.py:3328} INFO - Setting next_dagrun for example_branch_python_operator_decorator to 2022-09-23T00:00:00+00:00, run_after=2022-09-24T00:00:00+00:00
[2022-09-24T20:01:15.143+0000] {processor.py:178} INFO - Processing /home/airflow/.local/lib/python3.7/site-packages/airflow/example_dags/example_branch_operator_decorator.py took 0.288 seconds
[2022-09-24T20:01:47.649+0000] {processor.py:156} INFO - Started process (PID=4341) to work on /home/airflow/.local/lib/python3.7/site-packages/airflow/example_dags/example_branch_operator_decorator.py
[2022-09-24T20:01:47.653+0000] {processor.py:758} INFO - Processing file /home/airflow/.local/lib/python3.7/site-packages/airflow/example_dags/example_branch_operator_decorator.py for tasks to queue
[2022-09-24T20:01:47.657+0000] {logging_mixin.py:117} INFO - [2022-09-24T20:01:47.656+0000] {dagbag.py:525} INFO - Filling up the DagBag from /home/airflow/.local/lib/python3.7/site-packages/airflow/example_dags/example_branch_operator_decorator.py
[2022-09-24T20:01:47.842+0000] {processor.py:768} INFO - DAG(s) dict_keys(['example_branch_python_operator_decorator']) retrieved from /home/airflow/.local/lib/python3.7/site-packages/airflow/example_dags/example_branch_operator_decorator.py
[2022-09-24T20:01:48.329+0000] {logging_mixin.py:117} INFO - [2022-09-24T20:01:48.329+0000] {dag.py:2573} INFO - Sync 1 DAGs
[2022-09-24T20:01:48.674+0000] {logging_mixin.py:117} INFO - [2022-09-24T20:01:48.674+0000] {dag.py:3328} INFO - Setting next_dagrun for example_branch_python_operator_decorator to 2022-09-23T00:00:00+00:00, run_after=2022-09-24T00:00:00+00:00
[2022-09-24T20:01:48.815+0000] {processor.py:178} INFO - Processing /home/airflow/.local/lib/python3.7/site-packages/airflow/example_dags/example_branch_operator_decorator.py took 1.174 seconds
[2022-09-24T20:02:19.052+0000] {processor.py:156} INFO - Started process (PID=4541) to work on /home/airflow/.local/lib/python3.7/site-packages/airflow/example_dags/example_branch_operator_decorator.py
[2022-09-24T20:02:19.056+0000] {processor.py:758} INFO - Processing file /home/airflow/.local/lib/python3.7/site-packages/airflow/example_dags/example_branch_operator_decorator.py for tasks to queue
[2022-09-24T20:02:19.061+0000] {logging_mixin.py:117} INFO - [2022-09-24T20:02:19.060+0000] {dagbag.py:525} INFO - Filling up the DagBag from /home/airflow/.local/lib/python3.7/site-packages/airflow/example_dags/example_branch_operator_decorator.py
[2022-09-24T20:02:19.112+0000] {processor.py:768} INFO - DAG(s) dict_keys(['example_branch_python_operator_decorator']) retrieved from /home/airflow/.local/lib/python3.7/site-packages/airflow/example_dags/example_branch_operator_decorator.py
[2022-09-24T20:02:19.189+0000] {logging_mixin.py:117} INFO - [2022-09-24T20:02:19.188+0000] {dag.py:2573} INFO - Sync 1 DAGs
[2022-09-24T20:02:19.237+0000] {logging_mixin.py:117} INFO - [2022-09-24T20:02:19.237+0000] {dag.py:3328} INFO - Setting next_dagrun for example_branch_python_operator_decorator to 2022-09-23T00:00:00+00:00, run_after=2022-09-24T00:00:00+00:00
[2022-09-24T20:02:19.276+0000] {processor.py:178} INFO - Processing /home/airflow/.local/lib/python3.7/site-packages/airflow/example_dags/example_branch_operator_decorator.py took 0.233 seconds
[2022-09-24T20:02:49.685+0000] {processor.py:156} INFO - Started process (PID=4740) to work on /home/airflow/.local/lib/python3.7/site-packages/airflow/example_dags/example_branch_operator_decorator.py
[2022-09-24T20:02:49.689+0000] {processor.py:758} INFO - Processing file /home/airflow/.local/lib/python3.7/site-packages/airflow/example_dags/example_branch_operator_decorator.py for tasks to queue
[2022-09-24T20:02:49.693+0000] {logging_mixin.py:117} INFO - [2022-09-24T20:02:49.693+0000] {dagbag.py:525} INFO - Filling up the DagBag from /home/airflow/.local/lib/python3.7/site-packages/airflow/example_dags/example_branch_operator_decorator.py
[2022-09-24T20:02:49.746+0000] {processor.py:768} INFO - DAG(s) dict_keys(['example_branch_python_operator_decorator']) retrieved from /home/airflow/.local/lib/python3.7/site-packages/airflow/example_dags/example_branch_operator_decorator.py
[2022-09-24T20:02:49.827+0000] {logging_mixin.py:117} INFO - [2022-09-24T20:02:49.827+0000] {dag.py:2573} INFO - Sync 1 DAGs
[2022-09-24T20:02:49.881+0000] {logging_mixin.py:117} INFO - [2022-09-24T20:02:49.881+0000] {dag.py:3328} INFO - Setting next_dagrun for example_branch_python_operator_decorator to 2022-09-23T00:00:00+00:00, run_after=2022-09-24T00:00:00+00:00
[2022-09-24T20:02:49.927+0000] {processor.py:178} INFO - Processing /home/airflow/.local/lib/python3.7/site-packages/airflow/example_dags/example_branch_operator_decorator.py took 0.251 seconds
[2022-09-24T20:03:20.850+0000] {processor.py:156} INFO - Started process (PID=4944) to work on /home/airflow/.local/lib/python3.7/site-packages/airflow/example_dags/example_branch_operator_decorator.py
[2022-09-24T20:03:20.863+0000] {processor.py:758} INFO - Processing file /home/airflow/.local/lib/python3.7/site-packages/airflow/example_dags/example_branch_operator_decorator.py for tasks to queue
[2022-09-24T20:03:20.867+0000] {logging_mixin.py:117} INFO - [2022-09-24T20:03:20.867+0000] {dagbag.py:525} INFO - Filling up the DagBag from /home/airflow/.local/lib/python3.7/site-packages/airflow/example_dags/example_branch_operator_decorator.py
[2022-09-24T20:03:20.951+0000] {processor.py:768} INFO - DAG(s) dict_keys(['example_branch_python_operator_decorator']) retrieved from /home/airflow/.local/lib/python3.7/site-packages/airflow/example_dags/example_branch_operator_decorator.py
[2022-09-24T20:03:21.155+0000] {logging_mixin.py:117} INFO - [2022-09-24T20:03:21.155+0000] {dag.py:2573} INFO - Sync 1 DAGs
[2022-09-24T20:03:21.255+0000] {logging_mixin.py:117} INFO - [2022-09-24T20:03:21.254+0000] {dag.py:3328} INFO - Setting next_dagrun for example_branch_python_operator_decorator to 2022-09-23T00:00:00+00:00, run_after=2022-09-24T00:00:00+00:00
[2022-09-24T20:03:21.326+0000] {processor.py:178} INFO - Processing /home/airflow/.local/lib/python3.7/site-packages/airflow/example_dags/example_branch_operator_decorator.py took 0.492 seconds
[2022-09-24T20:03:51.605+0000] {processor.py:156} INFO - Started process (PID=5135) to work on /home/airflow/.local/lib/python3.7/site-packages/airflow/example_dags/example_branch_operator_decorator.py
[2022-09-24T20:03:51.609+0000] {processor.py:758} INFO - Processing file /home/airflow/.local/lib/python3.7/site-packages/airflow/example_dags/example_branch_operator_decorator.py for tasks to queue
[2022-09-24T20:03:51.612+0000] {logging_mixin.py:117} INFO - [2022-09-24T20:03:51.611+0000] {dagbag.py:525} INFO - Filling up the DagBag from /home/airflow/.local/lib/python3.7/site-packages/airflow/example_dags/example_branch_operator_decorator.py
[2022-09-24T20:03:51.699+0000] {processor.py:768} INFO - DAG(s) dict_keys(['example_branch_python_operator_decorator']) retrieved from /home/airflow/.local/lib/python3.7/site-packages/airflow/example_dags/example_branch_operator_decorator.py
[2022-09-24T20:03:51.790+0000] {logging_mixin.py:117} INFO - [2022-09-24T20:03:51.790+0000] {dag.py:2573} INFO - Sync 1 DAGs
[2022-09-24T20:03:51.851+0000] {logging_mixin.py:117} INFO - [2022-09-24T20:03:51.851+0000] {dag.py:3328} INFO - Setting next_dagrun for example_branch_python_operator_decorator to 2022-09-23T00:00:00+00:00, run_after=2022-09-24T00:00:00+00:00
[2022-09-24T20:03:51.911+0000] {processor.py:178} INFO - Processing /home/airflow/.local/lib/python3.7/site-packages/airflow/example_dags/example_branch_operator_decorator.py took 0.311 seconds
[2022-09-24T20:04:22.280+0000] {processor.py:156} INFO - Started process (PID=5340) to work on /home/airflow/.local/lib/python3.7/site-packages/airflow/example_dags/example_branch_operator_decorator.py
[2022-09-24T20:04:22.286+0000] {processor.py:758} INFO - Processing file /home/airflow/.local/lib/python3.7/site-packages/airflow/example_dags/example_branch_operator_decorator.py for tasks to queue
[2022-09-24T20:04:22.292+0000] {logging_mixin.py:117} INFO - [2022-09-24T20:04:22.292+0000] {dagbag.py:525} INFO - Filling up the DagBag from /home/airflow/.local/lib/python3.7/site-packages/airflow/example_dags/example_branch_operator_decorator.py
[2022-09-24T20:04:22.372+0000] {processor.py:768} INFO - DAG(s) dict_keys(['example_branch_python_operator_decorator']) retrieved from /home/airflow/.local/lib/python3.7/site-packages/airflow/example_dags/example_branch_operator_decorator.py
[2022-09-24T20:04:22.495+0000] {logging_mixin.py:117} INFO - [2022-09-24T20:04:22.495+0000] {dag.py:2573} INFO - Sync 1 DAGs
[2022-09-24T20:04:22.595+0000] {logging_mixin.py:117} INFO - [2022-09-24T20:04:22.595+0000] {dag.py:3328} INFO - Setting next_dagrun for example_branch_python_operator_decorator to 2022-09-23T00:00:00+00:00, run_after=2022-09-24T00:00:00+00:00
[2022-09-24T20:04:22.648+0000] {processor.py:178} INFO - Processing /home/airflow/.local/lib/python3.7/site-packages/airflow/example_dags/example_branch_operator_decorator.py took 0.379 seconds
[2022-09-24T20:04:54.246+0000] {processor.py:156} INFO - Started process (PID=5540) to work on /home/airflow/.local/lib/python3.7/site-packages/airflow/example_dags/example_branch_operator_decorator.py
[2022-09-24T20:04:54.250+0000] {processor.py:758} INFO - Processing file /home/airflow/.local/lib/python3.7/site-packages/airflow/example_dags/example_branch_operator_decorator.py for tasks to queue
[2022-09-24T20:04:54.252+0000] {logging_mixin.py:117} INFO - [2022-09-24T20:04:54.252+0000] {dagbag.py:525} INFO - Filling up the DagBag from /home/airflow/.local/lib/python3.7/site-packages/airflow/example_dags/example_branch_operator_decorator.py
[2022-09-24T20:04:54.430+0000] {processor.py:768} INFO - DAG(s) dict_keys(['example_branch_python_operator_decorator']) retrieved from /home/airflow/.local/lib/python3.7/site-packages/airflow/example_dags/example_branch_operator_decorator.py
[2022-09-24T20:04:54.751+0000] {logging_mixin.py:117} INFO - [2022-09-24T20:04:54.751+0000] {dag.py:2573} INFO - Sync 1 DAGs
[2022-09-24T20:04:55.083+0000] {logging_mixin.py:117} INFO - [2022-09-24T20:04:55.076+0000] {dag.py:3328} INFO - Setting next_dagrun for example_branch_python_operator_decorator to 2022-09-23T00:00:00+00:00, run_after=2022-09-24T00:00:00+00:00
[2022-09-24T20:04:55.378+0000] {processor.py:178} INFO - Processing /home/airflow/.local/lib/python3.7/site-packages/airflow/example_dags/example_branch_operator_decorator.py took 1.187 seconds
[2022-09-24T20:05:27.736+0000] {processor.py:156} INFO - Started process (PID=5744) to work on /home/airflow/.local/lib/python3.7/site-packages/airflow/example_dags/example_branch_operator_decorator.py
[2022-09-24T20:05:27.741+0000] {processor.py:758} INFO - Processing file /home/airflow/.local/lib/python3.7/site-packages/airflow/example_dags/example_branch_operator_decorator.py for tasks to queue
[2022-09-24T20:05:27.760+0000] {logging_mixin.py:117} INFO - [2022-09-24T20:05:27.759+0000] {dagbag.py:525} INFO - Filling up the DagBag from /home/airflow/.local/lib/python3.7/site-packages/airflow/example_dags/example_branch_operator_decorator.py
[2022-09-24T20:05:27.899+0000] {processor.py:768} INFO - DAG(s) dict_keys(['example_branch_python_operator_decorator']) retrieved from /home/airflow/.local/lib/python3.7/site-packages/airflow/example_dags/example_branch_operator_decorator.py
[2022-09-24T20:05:28.008+0000] {logging_mixin.py:117} INFO - [2022-09-24T20:05:28.008+0000] {dag.py:2573} INFO - Sync 1 DAGs
[2022-09-24T20:05:28.084+0000] {logging_mixin.py:117} INFO - [2022-09-24T20:05:28.083+0000] {dag.py:3328} INFO - Setting next_dagrun for example_branch_python_operator_decorator to 2022-09-23T00:00:00+00:00, run_after=2022-09-24T00:00:00+00:00
[2022-09-24T20:05:28.170+0000] {processor.py:178} INFO - Processing /home/airflow/.local/lib/python3.7/site-packages/airflow/example_dags/example_branch_operator_decorator.py took 0.452 seconds
[2022-09-24T20:05:59.072+0000] {processor.py:156} INFO - Started process (PID=5947) to work on /home/airflow/.local/lib/python3.7/site-packages/airflow/example_dags/example_branch_operator_decorator.py
[2022-09-24T20:05:59.076+0000] {processor.py:758} INFO - Processing file /home/airflow/.local/lib/python3.7/site-packages/airflow/example_dags/example_branch_operator_decorator.py for tasks to queue
[2022-09-24T20:05:59.085+0000] {logging_mixin.py:117} INFO - [2022-09-24T20:05:59.084+0000] {dagbag.py:525} INFO - Filling up the DagBag from /home/airflow/.local/lib/python3.7/site-packages/airflow/example_dags/example_branch_operator_decorator.py
[2022-09-24T20:05:59.172+0000] {processor.py:768} INFO - DAG(s) dict_keys(['example_branch_python_operator_decorator']) retrieved from /home/airflow/.local/lib/python3.7/site-packages/airflow/example_dags/example_branch_operator_decorator.py
[2022-09-24T20:05:59.322+0000] {logging_mixin.py:117} INFO - [2022-09-24T20:05:59.321+0000] {dag.py:2573} INFO - Sync 1 DAGs
[2022-09-24T20:05:59.524+0000] {logging_mixin.py:117} INFO - [2022-09-24T20:05:59.524+0000] {dag.py:3328} INFO - Setting next_dagrun for example_branch_python_operator_decorator to 2022-09-23T00:00:00+00:00, run_after=2022-09-24T00:00:00+00:00
[2022-09-24T20:05:59.658+0000] {processor.py:178} INFO - Processing /home/airflow/.local/lib/python3.7/site-packages/airflow/example_dags/example_branch_operator_decorator.py took 0.597 seconds
[2022-09-24T20:06:30.721+0000] {processor.py:156} INFO - Started process (PID=6144) to work on /home/airflow/.local/lib/python3.7/site-packages/airflow/example_dags/example_branch_operator_decorator.py
[2022-09-24T20:06:30.735+0000] {processor.py:758} INFO - Processing file /home/airflow/.local/lib/python3.7/site-packages/airflow/example_dags/example_branch_operator_decorator.py for tasks to queue
[2022-09-24T20:06:30.740+0000] {logging_mixin.py:117} INFO - [2022-09-24T20:06:30.740+0000] {dagbag.py:525} INFO - Filling up the DagBag from /home/airflow/.local/lib/python3.7/site-packages/airflow/example_dags/example_branch_operator_decorator.py
[2022-09-24T20:06:30.927+0000] {processor.py:768} INFO - DAG(s) dict_keys(['example_branch_python_operator_decorator']) retrieved from /home/airflow/.local/lib/python3.7/site-packages/airflow/example_dags/example_branch_operator_decorator.py
[2022-09-24T20:06:31.064+0000] {logging_mixin.py:117} INFO - [2022-09-24T20:06:31.063+0000] {dag.py:2573} INFO - Sync 1 DAGs
[2022-09-24T20:06:31.140+0000] {logging_mixin.py:117} INFO - [2022-09-24T20:06:31.139+0000] {dag.py:3328} INFO - Setting next_dagrun for example_branch_python_operator_decorator to 2022-09-23T00:00:00+00:00, run_after=2022-09-24T00:00:00+00:00
[2022-09-24T20:06:31.208+0000] {processor.py:178} INFO - Processing /home/airflow/.local/lib/python3.7/site-packages/airflow/example_dags/example_branch_operator_decorator.py took 0.516 seconds
[2022-09-24T20:07:01.362+0000] {processor.py:156} INFO - Started process (PID=6342) to work on /home/airflow/.local/lib/python3.7/site-packages/airflow/example_dags/example_branch_operator_decorator.py
[2022-09-24T20:07:01.368+0000] {processor.py:758} INFO - Processing file /home/airflow/.local/lib/python3.7/site-packages/airflow/example_dags/example_branch_operator_decorator.py for tasks to queue
[2022-09-24T20:07:01.376+0000] {logging_mixin.py:117} INFO - [2022-09-24T20:07:01.374+0000] {dagbag.py:525} INFO - Filling up the DagBag from /home/airflow/.local/lib/python3.7/site-packages/airflow/example_dags/example_branch_operator_decorator.py
[2022-09-24T20:07:01.528+0000] {processor.py:768} INFO - DAG(s) dict_keys(['example_branch_python_operator_decorator']) retrieved from /home/airflow/.local/lib/python3.7/site-packages/airflow/example_dags/example_branch_operator_decorator.py
[2022-09-24T20:07:01.696+0000] {logging_mixin.py:117} INFO - [2022-09-24T20:07:01.696+0000] {dag.py:2573} INFO - Sync 1 DAGs
[2022-09-24T20:07:01.758+0000] {logging_mixin.py:117} INFO - [2022-09-24T20:07:01.758+0000] {dag.py:3328} INFO - Setting next_dagrun for example_branch_python_operator_decorator to 2022-09-23T00:00:00+00:00, run_after=2022-09-24T00:00:00+00:00
[2022-09-24T20:07:01.841+0000] {processor.py:178} INFO - Processing /home/airflow/.local/lib/python3.7/site-packages/airflow/example_dags/example_branch_operator_decorator.py took 0.508 seconds
[2022-09-24T20:07:32.607+0000] {processor.py:156} INFO - Started process (PID=6549) to work on /home/airflow/.local/lib/python3.7/site-packages/airflow/example_dags/example_branch_operator_decorator.py
[2022-09-24T20:07:32.613+0000] {processor.py:758} INFO - Processing file /home/airflow/.local/lib/python3.7/site-packages/airflow/example_dags/example_branch_operator_decorator.py for tasks to queue
[2022-09-24T20:07:32.618+0000] {logging_mixin.py:117} INFO - [2022-09-24T20:07:32.616+0000] {dagbag.py:525} INFO - Filling up the DagBag from /home/airflow/.local/lib/python3.7/site-packages/airflow/example_dags/example_branch_operator_decorator.py
[2022-09-24T20:07:32.727+0000] {processor.py:768} INFO - DAG(s) dict_keys(['example_branch_python_operator_decorator']) retrieved from /home/airflow/.local/lib/python3.7/site-packages/airflow/example_dags/example_branch_operator_decorator.py
[2022-09-24T20:07:32.877+0000] {logging_mixin.py:117} INFO - [2022-09-24T20:07:32.876+0000] {dag.py:2573} INFO - Sync 1 DAGs
[2022-09-24T20:07:32.950+0000] {logging_mixin.py:117} INFO - [2022-09-24T20:07:32.950+0000] {dag.py:3328} INFO - Setting next_dagrun for example_branch_python_operator_decorator to 2022-09-23T00:00:00+00:00, run_after=2022-09-24T00:00:00+00:00
[2022-09-24T20:07:33.055+0000] {processor.py:178} INFO - Processing /home/airflow/.local/lib/python3.7/site-packages/airflow/example_dags/example_branch_operator_decorator.py took 0.480 seconds
[2022-09-24T20:08:03.401+0000] {processor.py:156} INFO - Started process (PID=6747) to work on /home/airflow/.local/lib/python3.7/site-packages/airflow/example_dags/example_branch_operator_decorator.py
[2022-09-24T20:08:03.405+0000] {processor.py:758} INFO - Processing file /home/airflow/.local/lib/python3.7/site-packages/airflow/example_dags/example_branch_operator_decorator.py for tasks to queue
[2022-09-24T20:08:03.408+0000] {logging_mixin.py:117} INFO - [2022-09-24T20:08:03.407+0000] {dagbag.py:525} INFO - Filling up the DagBag from /home/airflow/.local/lib/python3.7/site-packages/airflow/example_dags/example_branch_operator_decorator.py
[2022-09-24T20:08:03.522+0000] {processor.py:768} INFO - DAG(s) dict_keys(['example_branch_python_operator_decorator']) retrieved from /home/airflow/.local/lib/python3.7/site-packages/airflow/example_dags/example_branch_operator_decorator.py
[2022-09-24T20:08:03.681+0000] {logging_mixin.py:117} INFO - [2022-09-24T20:08:03.681+0000] {dag.py:2573} INFO - Sync 1 DAGs
[2022-09-24T20:08:03.822+0000] {logging_mixin.py:117} INFO - [2022-09-24T20:08:03.822+0000] {dag.py:3328} INFO - Setting next_dagrun for example_branch_python_operator_decorator to 2022-09-23T00:00:00+00:00, run_after=2022-09-24T00:00:00+00:00
[2022-09-24T20:08:03.906+0000] {processor.py:178} INFO - Processing /home/airflow/.local/lib/python3.7/site-packages/airflow/example_dags/example_branch_operator_decorator.py took 0.517 seconds
[2022-09-24T20:08:34.178+0000] {processor.py:156} INFO - Started process (PID=6954) to work on /home/airflow/.local/lib/python3.7/site-packages/airflow/example_dags/example_branch_operator_decorator.py
[2022-09-24T20:08:34.185+0000] {processor.py:758} INFO - Processing file /home/airflow/.local/lib/python3.7/site-packages/airflow/example_dags/example_branch_operator_decorator.py for tasks to queue
[2022-09-24T20:08:34.194+0000] {logging_mixin.py:117} INFO - [2022-09-24T20:08:34.188+0000] {dagbag.py:525} INFO - Filling up the DagBag from /home/airflow/.local/lib/python3.7/site-packages/airflow/example_dags/example_branch_operator_decorator.py
[2022-09-24T20:08:34.309+0000] {processor.py:768} INFO - DAG(s) dict_keys(['example_branch_python_operator_decorator']) retrieved from /home/airflow/.local/lib/python3.7/site-packages/airflow/example_dags/example_branch_operator_decorator.py
[2022-09-24T20:08:34.470+0000] {logging_mixin.py:117} INFO - [2022-09-24T20:08:34.470+0000] {dag.py:2573} INFO - Sync 1 DAGs
[2022-09-24T20:08:34.566+0000] {logging_mixin.py:117} INFO - [2022-09-24T20:08:34.566+0000] {dag.py:3328} INFO - Setting next_dagrun for example_branch_python_operator_decorator to 2022-09-23T00:00:00+00:00, run_after=2022-09-24T00:00:00+00:00
[2022-09-24T20:08:34.799+0000] {processor.py:178} INFO - Processing /home/airflow/.local/lib/python3.7/site-packages/airflow/example_dags/example_branch_operator_decorator.py took 0.635 seconds
[2022-09-24T20:09:05.217+0000] {processor.py:156} INFO - Started process (PID=7155) to work on /home/airflow/.local/lib/python3.7/site-packages/airflow/example_dags/example_branch_operator_decorator.py
[2022-09-24T20:09:05.239+0000] {processor.py:758} INFO - Processing file /home/airflow/.local/lib/python3.7/site-packages/airflow/example_dags/example_branch_operator_decorator.py for tasks to queue
[2022-09-24T20:09:05.243+0000] {logging_mixin.py:117} INFO - [2022-09-24T20:09:05.243+0000] {dagbag.py:525} INFO - Filling up the DagBag from /home/airflow/.local/lib/python3.7/site-packages/airflow/example_dags/example_branch_operator_decorator.py
[2022-09-24T20:09:05.395+0000] {processor.py:768} INFO - DAG(s) dict_keys(['example_branch_python_operator_decorator']) retrieved from /home/airflow/.local/lib/python3.7/site-packages/airflow/example_dags/example_branch_operator_decorator.py
[2022-09-24T20:09:05.725+0000] {logging_mixin.py:117} INFO - [2022-09-24T20:09:05.724+0000] {dag.py:2573} INFO - Sync 1 DAGs
[2022-09-24T20:09:05.893+0000] {logging_mixin.py:117} INFO - [2022-09-24T20:09:05.891+0000] {dag.py:3328} INFO - Setting next_dagrun for example_branch_python_operator_decorator to 2022-09-23T00:00:00+00:00, run_after=2022-09-24T00:00:00+00:00
[2022-09-24T20:09:06.005+0000] {processor.py:178} INFO - Processing /home/airflow/.local/lib/python3.7/site-packages/airflow/example_dags/example_branch_operator_decorator.py took 0.818 seconds
[2022-09-24T20:09:36.841+0000] {processor.py:156} INFO - Started process (PID=7354) to work on /home/airflow/.local/lib/python3.7/site-packages/airflow/example_dags/example_branch_operator_decorator.py
[2022-09-24T20:09:36.845+0000] {processor.py:758} INFO - Processing file /home/airflow/.local/lib/python3.7/site-packages/airflow/example_dags/example_branch_operator_decorator.py for tasks to queue
[2022-09-24T20:09:36.848+0000] {logging_mixin.py:117} INFO - [2022-09-24T20:09:36.848+0000] {dagbag.py:525} INFO - Filling up the DagBag from /home/airflow/.local/lib/python3.7/site-packages/airflow/example_dags/example_branch_operator_decorator.py
[2022-09-24T20:09:36.909+0000] {processor.py:768} INFO - DAG(s) dict_keys(['example_branch_python_operator_decorator']) retrieved from /home/airflow/.local/lib/python3.7/site-packages/airflow/example_dags/example_branch_operator_decorator.py
[2022-09-24T20:09:37.032+0000] {logging_mixin.py:117} INFO - [2022-09-24T20:09:37.032+0000] {dag.py:2573} INFO - Sync 1 DAGs
[2022-09-24T20:09:37.109+0000] {logging_mixin.py:117} INFO - [2022-09-24T20:09:37.109+0000] {dag.py:3328} INFO - Setting next_dagrun for example_branch_python_operator_decorator to 2022-09-23T00:00:00+00:00, run_after=2022-09-24T00:00:00+00:00
[2022-09-24T20:09:37.194+0000] {processor.py:178} INFO - Processing /home/airflow/.local/lib/python3.7/site-packages/airflow/example_dags/example_branch_operator_decorator.py took 0.359 seconds
[2022-09-24T20:10:07.615+0000] {processor.py:156} INFO - Started process (PID=7561) to work on /home/airflow/.local/lib/python3.7/site-packages/airflow/example_dags/example_branch_operator_decorator.py
[2022-09-24T20:10:07.621+0000] {processor.py:758} INFO - Processing file /home/airflow/.local/lib/python3.7/site-packages/airflow/example_dags/example_branch_operator_decorator.py for tasks to queue
[2022-09-24T20:10:07.628+0000] {logging_mixin.py:117} INFO - [2022-09-24T20:10:07.627+0000] {dagbag.py:525} INFO - Filling up the DagBag from /home/airflow/.local/lib/python3.7/site-packages/airflow/example_dags/example_branch_operator_decorator.py
[2022-09-24T20:10:07.696+0000] {processor.py:768} INFO - DAG(s) dict_keys(['example_branch_python_operator_decorator']) retrieved from /home/airflow/.local/lib/python3.7/site-packages/airflow/example_dags/example_branch_operator_decorator.py
[2022-09-24T20:10:07.802+0000] {logging_mixin.py:117} INFO - [2022-09-24T20:10:07.802+0000] {dag.py:2573} INFO - Sync 1 DAGs
[2022-09-24T20:10:07.865+0000] {logging_mixin.py:117} INFO - [2022-09-24T20:10:07.864+0000] {dag.py:3328} INFO - Setting next_dagrun for example_branch_python_operator_decorator to 2022-09-23T00:00:00+00:00, run_after=2022-09-24T00:00:00+00:00
[2022-09-24T20:10:07.918+0000] {processor.py:178} INFO - Processing /home/airflow/.local/lib/python3.7/site-packages/airflow/example_dags/example_branch_operator_decorator.py took 0.317 seconds
[2022-09-24T20:10:38.158+0000] {processor.py:156} INFO - Started process (PID=7759) to work on /home/airflow/.local/lib/python3.7/site-packages/airflow/example_dags/example_branch_operator_decorator.py
[2022-09-24T20:10:38.162+0000] {processor.py:758} INFO - Processing file /home/airflow/.local/lib/python3.7/site-packages/airflow/example_dags/example_branch_operator_decorator.py for tasks to queue
[2022-09-24T20:10:38.166+0000] {logging_mixin.py:117} INFO - [2022-09-24T20:10:38.165+0000] {dagbag.py:525} INFO - Filling up the DagBag from /home/airflow/.local/lib/python3.7/site-packages/airflow/example_dags/example_branch_operator_decorator.py
[2022-09-24T20:10:38.233+0000] {processor.py:768} INFO - DAG(s) dict_keys(['example_branch_python_operator_decorator']) retrieved from /home/airflow/.local/lib/python3.7/site-packages/airflow/example_dags/example_branch_operator_decorator.py
[2022-09-24T20:10:38.362+0000] {logging_mixin.py:117} INFO - [2022-09-24T20:10:38.362+0000] {dag.py:2573} INFO - Sync 1 DAGs
[2022-09-24T20:10:38.489+0000] {logging_mixin.py:117} INFO - [2022-09-24T20:10:38.488+0000] {dag.py:3328} INFO - Setting next_dagrun for example_branch_python_operator_decorator to 2022-09-23T00:00:00+00:00, run_after=2022-09-24T00:00:00+00:00
[2022-09-24T20:10:38.562+0000] {processor.py:178} INFO - Processing /home/airflow/.local/lib/python3.7/site-packages/airflow/example_dags/example_branch_operator_decorator.py took 0.414 seconds
[2022-09-24T20:11:09.425+0000] {processor.py:156} INFO - Started process (PID=7963) to work on /home/airflow/.local/lib/python3.7/site-packages/airflow/example_dags/example_branch_operator_decorator.py
[2022-09-24T20:11:09.430+0000] {processor.py:758} INFO - Processing file /home/airflow/.local/lib/python3.7/site-packages/airflow/example_dags/example_branch_operator_decorator.py for tasks to queue
[2022-09-24T20:11:09.434+0000] {logging_mixin.py:117} INFO - [2022-09-24T20:11:09.433+0000] {dagbag.py:525} INFO - Filling up the DagBag from /home/airflow/.local/lib/python3.7/site-packages/airflow/example_dags/example_branch_operator_decorator.py
[2022-09-24T20:11:09.538+0000] {processor.py:768} INFO - DAG(s) dict_keys(['example_branch_python_operator_decorator']) retrieved from /home/airflow/.local/lib/python3.7/site-packages/airflow/example_dags/example_branch_operator_decorator.py
[2022-09-24T20:11:09.670+0000] {logging_mixin.py:117} INFO - [2022-09-24T20:11:09.669+0000] {dag.py:2573} INFO - Sync 1 DAGs
[2022-09-24T20:11:09.833+0000] {logging_mixin.py:117} INFO - [2022-09-24T20:11:09.833+0000] {dag.py:3328} INFO - Setting next_dagrun for example_branch_python_operator_decorator to 2022-09-23T00:00:00+00:00, run_after=2022-09-24T00:00:00+00:00
[2022-09-24T20:11:09.931+0000] {processor.py:178} INFO - Processing /home/airflow/.local/lib/python3.7/site-packages/airflow/example_dags/example_branch_operator_decorator.py took 0.525 seconds
[2022-09-24T20:11:40.164+0000] {processor.py:156} INFO - Started process (PID=8162) to work on /home/airflow/.local/lib/python3.7/site-packages/airflow/example_dags/example_branch_operator_decorator.py
[2022-09-24T20:11:40.180+0000] {processor.py:758} INFO - Processing file /home/airflow/.local/lib/python3.7/site-packages/airflow/example_dags/example_branch_operator_decorator.py for tasks to queue
[2022-09-24T20:11:40.188+0000] {logging_mixin.py:117} INFO - [2022-09-24T20:11:40.187+0000] {dagbag.py:525} INFO - Filling up the DagBag from /home/airflow/.local/lib/python3.7/site-packages/airflow/example_dags/example_branch_operator_decorator.py
[2022-09-24T20:11:40.552+0000] {processor.py:768} INFO - DAG(s) dict_keys(['example_branch_python_operator_decorator']) retrieved from /home/airflow/.local/lib/python3.7/site-packages/airflow/example_dags/example_branch_operator_decorator.py
[2022-09-24T20:11:41.010+0000] {logging_mixin.py:117} INFO - [2022-09-24T20:11:41.010+0000] {dag.py:2573} INFO - Sync 1 DAGs
[2022-09-24T20:11:41.337+0000] {logging_mixin.py:117} INFO - [2022-09-24T20:11:41.337+0000] {dag.py:3328} INFO - Setting next_dagrun for example_branch_python_operator_decorator to 2022-09-23T00:00:00+00:00, run_after=2022-09-24T00:00:00+00:00
[2022-09-24T20:11:41.427+0000] {processor.py:178} INFO - Processing /home/airflow/.local/lib/python3.7/site-packages/airflow/example_dags/example_branch_operator_decorator.py took 1.282 seconds
[2022-09-24T20:12:12.153+0000] {processor.py:156} INFO - Started process (PID=8361) to work on /home/airflow/.local/lib/python3.7/site-packages/airflow/example_dags/example_branch_operator_decorator.py
[2022-09-24T20:12:12.157+0000] {processor.py:758} INFO - Processing file /home/airflow/.local/lib/python3.7/site-packages/airflow/example_dags/example_branch_operator_decorator.py for tasks to queue
[2022-09-24T20:12:12.159+0000] {logging_mixin.py:117} INFO - [2022-09-24T20:12:12.159+0000] {dagbag.py:525} INFO - Filling up the DagBag from /home/airflow/.local/lib/python3.7/site-packages/airflow/example_dags/example_branch_operator_decorator.py
[2022-09-24T20:12:12.230+0000] {processor.py:768} INFO - DAG(s) dict_keys(['example_branch_python_operator_decorator']) retrieved from /home/airflow/.local/lib/python3.7/site-packages/airflow/example_dags/example_branch_operator_decorator.py
[2022-09-24T20:12:12.368+0000] {logging_mixin.py:117} INFO - [2022-09-24T20:12:12.365+0000] {dag.py:2573} INFO - Sync 1 DAGs
[2022-09-24T20:12:12.446+0000] {logging_mixin.py:117} INFO - [2022-09-24T20:12:12.445+0000] {dag.py:3328} INFO - Setting next_dagrun for example_branch_python_operator_decorator to 2022-09-23T00:00:00+00:00, run_after=2022-09-24T00:00:00+00:00
[2022-09-24T20:12:12.510+0000] {processor.py:178} INFO - Processing /home/airflow/.local/lib/python3.7/site-packages/airflow/example_dags/example_branch_operator_decorator.py took 0.367 seconds
[2022-09-24T20:12:43.923+0000] {processor.py:156} INFO - Started process (PID=8569) to work on /home/airflow/.local/lib/python3.7/site-packages/airflow/example_dags/example_branch_operator_decorator.py
[2022-09-24T20:12:43.927+0000] {processor.py:758} INFO - Processing file /home/airflow/.local/lib/python3.7/site-packages/airflow/example_dags/example_branch_operator_decorator.py for tasks to queue
[2022-09-24T20:12:43.931+0000] {logging_mixin.py:117} INFO - [2022-09-24T20:12:43.931+0000] {dagbag.py:525} INFO - Filling up the DagBag from /home/airflow/.local/lib/python3.7/site-packages/airflow/example_dags/example_branch_operator_decorator.py
[2022-09-24T20:12:43.987+0000] {processor.py:768} INFO - DAG(s) dict_keys(['example_branch_python_operator_decorator']) retrieved from /home/airflow/.local/lib/python3.7/site-packages/airflow/example_dags/example_branch_operator_decorator.py
[2022-09-24T20:12:44.083+0000] {logging_mixin.py:117} INFO - [2022-09-24T20:12:44.083+0000] {dag.py:2573} INFO - Sync 1 DAGs
[2022-09-24T20:12:44.162+0000] {logging_mixin.py:117} INFO - [2022-09-24T20:12:44.162+0000] {dag.py:3328} INFO - Setting next_dagrun for example_branch_python_operator_decorator to 2022-09-23T00:00:00+00:00, run_after=2022-09-24T00:00:00+00:00
[2022-09-24T20:12:44.229+0000] {processor.py:178} INFO - Processing /home/airflow/.local/lib/python3.7/site-packages/airflow/example_dags/example_branch_operator_decorator.py took 0.315 seconds
[2022-09-24T20:13:15.436+0000] {processor.py:156} INFO - Started process (PID=8767) to work on /home/airflow/.local/lib/python3.7/site-packages/airflow/example_dags/example_branch_operator_decorator.py
[2022-09-24T20:13:15.449+0000] {processor.py:758} INFO - Processing file /home/airflow/.local/lib/python3.7/site-packages/airflow/example_dags/example_branch_operator_decorator.py for tasks to queue
[2022-09-24T20:13:15.463+0000] {logging_mixin.py:117} INFO - [2022-09-24T20:13:15.462+0000] {dagbag.py:525} INFO - Filling up the DagBag from /home/airflow/.local/lib/python3.7/site-packages/airflow/example_dags/example_branch_operator_decorator.py
[2022-09-24T20:13:15.707+0000] {processor.py:768} INFO - DAG(s) dict_keys(['example_branch_python_operator_decorator']) retrieved from /home/airflow/.local/lib/python3.7/site-packages/airflow/example_dags/example_branch_operator_decorator.py
[2022-09-24T20:13:15.859+0000] {logging_mixin.py:117} INFO - [2022-09-24T20:13:15.859+0000] {dag.py:2573} INFO - Sync 1 DAGs
[2022-09-24T20:13:15.934+0000] {logging_mixin.py:117} INFO - [2022-09-24T20:13:15.934+0000] {dag.py:3328} INFO - Setting next_dagrun for example_branch_python_operator_decorator to 2022-09-23T00:00:00+00:00, run_after=2022-09-24T00:00:00+00:00
[2022-09-24T20:13:16.032+0000] {processor.py:178} INFO - Processing /home/airflow/.local/lib/python3.7/site-packages/airflow/example_dags/example_branch_operator_decorator.py took 0.700 seconds
[2022-09-24T20:13:48.831+0000] {processor.py:156} INFO - Started process (PID=8976) to work on /home/airflow/.local/lib/python3.7/site-packages/airflow/example_dags/example_branch_operator_decorator.py
[2022-09-24T20:13:48.846+0000] {processor.py:758} INFO - Processing file /home/airflow/.local/lib/python3.7/site-packages/airflow/example_dags/example_branch_operator_decorator.py for tasks to queue
[2022-09-24T20:13:48.860+0000] {logging_mixin.py:117} INFO - [2022-09-24T20:13:48.859+0000] {dagbag.py:525} INFO - Filling up the DagBag from /home/airflow/.local/lib/python3.7/site-packages/airflow/example_dags/example_branch_operator_decorator.py
[2022-09-24T20:13:49.096+0000] {processor.py:768} INFO - DAG(s) dict_keys(['example_branch_python_operator_decorator']) retrieved from /home/airflow/.local/lib/python3.7/site-packages/airflow/example_dags/example_branch_operator_decorator.py
[2022-09-24T20:13:49.462+0000] {logging_mixin.py:117} INFO - [2022-09-24T20:13:49.461+0000] {dag.py:2573} INFO - Sync 1 DAGs
[2022-09-24T20:13:49.730+0000] {logging_mixin.py:117} INFO - [2022-09-24T20:13:49.730+0000] {dag.py:3328} INFO - Setting next_dagrun for example_branch_python_operator_decorator to 2022-09-23T00:00:00+00:00, run_after=2022-09-24T00:00:00+00:00
[2022-09-24T20:13:49.835+0000] {processor.py:178} INFO - Processing /home/airflow/.local/lib/python3.7/site-packages/airflow/example_dags/example_branch_operator_decorator.py took 1.032 seconds
[2022-09-24T20:14:32.282+0000] {processor.py:156} INFO - Started process (PID=9218) to work on /home/airflow/.local/lib/python3.7/site-packages/airflow/example_dags/example_branch_operator_decorator.py
[2022-09-24T20:14:32.290+0000] {processor.py:758} INFO - Processing file /home/airflow/.local/lib/python3.7/site-packages/airflow/example_dags/example_branch_operator_decorator.py for tasks to queue
[2022-09-24T20:14:32.298+0000] {logging_mixin.py:117} INFO - [2022-09-24T20:14:32.298+0000] {dagbag.py:525} INFO - Filling up the DagBag from /home/airflow/.local/lib/python3.7/site-packages/airflow/example_dags/example_branch_operator_decorator.py
[2022-09-24T20:14:32.489+0000] {processor.py:768} INFO - DAG(s) dict_keys(['example_branch_python_operator_decorator']) retrieved from /home/airflow/.local/lib/python3.7/site-packages/airflow/example_dags/example_branch_operator_decorator.py
[2022-09-24T20:14:32.747+0000] {logging_mixin.py:117} INFO - [2022-09-24T20:14:32.746+0000] {dag.py:2573} INFO - Sync 1 DAGs
[2022-09-24T20:14:32.886+0000] {logging_mixin.py:117} INFO - [2022-09-24T20:14:32.886+0000] {dag.py:3328} INFO - Setting next_dagrun for example_branch_python_operator_decorator to 2022-09-23T00:00:00+00:00, run_after=2022-09-24T00:00:00+00:00
[2022-09-24T20:14:32.959+0000] {processor.py:178} INFO - Processing /home/airflow/.local/lib/python3.7/site-packages/airflow/example_dags/example_branch_operator_decorator.py took 0.691 seconds
[2022-09-24T20:15:03.648+0000] {processor.py:156} INFO - Started process (PID=9415) to work on /home/airflow/.local/lib/python3.7/site-packages/airflow/example_dags/example_branch_operator_decorator.py
[2022-09-24T20:15:03.657+0000] {processor.py:758} INFO - Processing file /home/airflow/.local/lib/python3.7/site-packages/airflow/example_dags/example_branch_operator_decorator.py for tasks to queue
[2022-09-24T20:15:03.669+0000] {logging_mixin.py:117} INFO - [2022-09-24T20:15:03.668+0000] {dagbag.py:525} INFO - Filling up the DagBag from /home/airflow/.local/lib/python3.7/site-packages/airflow/example_dags/example_branch_operator_decorator.py
[2022-09-24T20:15:03.870+0000] {processor.py:768} INFO - DAG(s) dict_keys(['example_branch_python_operator_decorator']) retrieved from /home/airflow/.local/lib/python3.7/site-packages/airflow/example_dags/example_branch_operator_decorator.py
[2022-09-24T20:15:04.135+0000] {logging_mixin.py:117} INFO - [2022-09-24T20:15:04.135+0000] {dag.py:2573} INFO - Sync 1 DAGs
[2022-09-24T20:15:04.485+0000] {logging_mixin.py:117} INFO - [2022-09-24T20:15:04.484+0000] {dag.py:3328} INFO - Setting next_dagrun for example_branch_python_operator_decorator to 2022-09-23T00:00:00+00:00, run_after=2022-09-24T00:00:00+00:00
[2022-09-24T20:15:04.680+0000] {processor.py:178} INFO - Processing /home/airflow/.local/lib/python3.7/site-packages/airflow/example_dags/example_branch_operator_decorator.py took 1.054 seconds
[2022-09-24T20:15:35.552+0000] {processor.py:156} INFO - Started process (PID=9620) to work on /home/airflow/.local/lib/python3.7/site-packages/airflow/example_dags/example_branch_operator_decorator.py
[2022-09-24T20:15:35.563+0000] {processor.py:758} INFO - Processing file /home/airflow/.local/lib/python3.7/site-packages/airflow/example_dags/example_branch_operator_decorator.py for tasks to queue
[2022-09-24T20:15:35.584+0000] {logging_mixin.py:117} INFO - [2022-09-24T20:15:35.579+0000] {dagbag.py:525} INFO - Filling up the DagBag from /home/airflow/.local/lib/python3.7/site-packages/airflow/example_dags/example_branch_operator_decorator.py
[2022-09-24T20:15:36.244+0000] {processor.py:768} INFO - DAG(s) dict_keys(['example_branch_python_operator_decorator']) retrieved from /home/airflow/.local/lib/python3.7/site-packages/airflow/example_dags/example_branch_operator_decorator.py
[2022-09-24T20:15:38.220+0000] {logging_mixin.py:117} INFO - [2022-09-24T20:15:38.220+0000] {dag.py:2573} INFO - Sync 1 DAGs
[2022-09-24T20:15:38.723+0000] {logging_mixin.py:117} INFO - [2022-09-24T20:15:38.723+0000] {dag.py:3328} INFO - Setting next_dagrun for example_branch_python_operator_decorator to 2022-09-23T00:00:00+00:00, run_after=2022-09-24T00:00:00+00:00
[2022-09-24T20:15:38.941+0000] {processor.py:178} INFO - Processing /home/airflow/.local/lib/python3.7/site-packages/airflow/example_dags/example_branch_operator_decorator.py took 3.417 seconds
[2022-09-24T20:16:09.171+0000] {processor.py:156} INFO - Started process (PID=9822) to work on /home/airflow/.local/lib/python3.7/site-packages/airflow/example_dags/example_branch_operator_decorator.py
[2022-09-24T20:16:09.176+0000] {processor.py:758} INFO - Processing file /home/airflow/.local/lib/python3.7/site-packages/airflow/example_dags/example_branch_operator_decorator.py for tasks to queue
[2022-09-24T20:16:09.184+0000] {logging_mixin.py:117} INFO - [2022-09-24T20:16:09.182+0000] {dagbag.py:525} INFO - Filling up the DagBag from /home/airflow/.local/lib/python3.7/site-packages/airflow/example_dags/example_branch_operator_decorator.py
[2022-09-24T20:16:09.241+0000] {processor.py:768} INFO - DAG(s) dict_keys(['example_branch_python_operator_decorator']) retrieved from /home/airflow/.local/lib/python3.7/site-packages/airflow/example_dags/example_branch_operator_decorator.py
[2022-09-24T20:16:09.353+0000] {logging_mixin.py:117} INFO - [2022-09-24T20:16:09.352+0000] {dag.py:2573} INFO - Sync 1 DAGs
[2022-09-24T20:16:09.423+0000] {logging_mixin.py:117} INFO - [2022-09-24T20:16:09.423+0000] {dag.py:3328} INFO - Setting next_dagrun for example_branch_python_operator_decorator to 2022-09-23T00:00:00+00:00, run_after=2022-09-24T00:00:00+00:00
[2022-09-24T20:16:09.465+0000] {processor.py:178} INFO - Processing /home/airflow/.local/lib/python3.7/site-packages/airflow/example_dags/example_branch_operator_decorator.py took 0.305 seconds
[2022-09-24T20:16:39.573+0000] {processor.py:156} INFO - Started process (PID=10021) to work on /home/airflow/.local/lib/python3.7/site-packages/airflow/example_dags/example_branch_operator_decorator.py
[2022-09-24T20:16:39.582+0000] {processor.py:758} INFO - Processing file /home/airflow/.local/lib/python3.7/site-packages/airflow/example_dags/example_branch_operator_decorator.py for tasks to queue
[2022-09-24T20:16:39.589+0000] {logging_mixin.py:117} INFO - [2022-09-24T20:16:39.587+0000] {dagbag.py:525} INFO - Filling up the DagBag from /home/airflow/.local/lib/python3.7/site-packages/airflow/example_dags/example_branch_operator_decorator.py
[2022-09-24T20:16:39.667+0000] {processor.py:768} INFO - DAG(s) dict_keys(['example_branch_python_operator_decorator']) retrieved from /home/airflow/.local/lib/python3.7/site-packages/airflow/example_dags/example_branch_operator_decorator.py
[2022-09-24T20:16:39.742+0000] {logging_mixin.py:117} INFO - [2022-09-24T20:16:39.742+0000] {dag.py:2573} INFO - Sync 1 DAGs
[2022-09-24T20:16:39.792+0000] {logging_mixin.py:117} INFO - [2022-09-24T20:16:39.792+0000] {dag.py:3328} INFO - Setting next_dagrun for example_branch_python_operator_decorator to 2022-09-23T00:00:00+00:00, run_after=2022-09-24T00:00:00+00:00
[2022-09-24T20:16:39.835+0000] {processor.py:178} INFO - Processing /home/airflow/.local/lib/python3.7/site-packages/airflow/example_dags/example_branch_operator_decorator.py took 0.273 seconds
[2022-09-24T20:17:10.057+0000] {processor.py:156} INFO - Started process (PID=10219) to work on /home/airflow/.local/lib/python3.7/site-packages/airflow/example_dags/example_branch_operator_decorator.py
[2022-09-24T20:17:10.065+0000] {processor.py:758} INFO - Processing file /home/airflow/.local/lib/python3.7/site-packages/airflow/example_dags/example_branch_operator_decorator.py for tasks to queue
[2022-09-24T20:17:10.076+0000] {logging_mixin.py:117} INFO - [2022-09-24T20:17:10.073+0000] {dagbag.py:525} INFO - Filling up the DagBag from /home/airflow/.local/lib/python3.7/site-packages/airflow/example_dags/example_branch_operator_decorator.py
[2022-09-24T20:17:10.157+0000] {processor.py:768} INFO - DAG(s) dict_keys(['example_branch_python_operator_decorator']) retrieved from /home/airflow/.local/lib/python3.7/site-packages/airflow/example_dags/example_branch_operator_decorator.py
[2022-09-24T20:17:10.267+0000] {logging_mixin.py:117} INFO - [2022-09-24T20:17:10.267+0000] {dag.py:2573} INFO - Sync 1 DAGs
[2022-09-24T20:17:10.353+0000] {logging_mixin.py:117} INFO - [2022-09-24T20:17:10.353+0000] {dag.py:3328} INFO - Setting next_dagrun for example_branch_python_operator_decorator to 2022-09-23T00:00:00+00:00, run_after=2022-09-24T00:00:00+00:00
[2022-09-24T20:17:10.398+0000] {processor.py:178} INFO - Processing /home/airflow/.local/lib/python3.7/site-packages/airflow/example_dags/example_branch_operator_decorator.py took 0.367 seconds
[2022-09-24T20:17:40.619+0000] {processor.py:156} INFO - Started process (PID=10417) to work on /home/airflow/.local/lib/python3.7/site-packages/airflow/example_dags/example_branch_operator_decorator.py
[2022-09-24T20:17:40.623+0000] {processor.py:758} INFO - Processing file /home/airflow/.local/lib/python3.7/site-packages/airflow/example_dags/example_branch_operator_decorator.py for tasks to queue
[2022-09-24T20:17:40.628+0000] {logging_mixin.py:117} INFO - [2022-09-24T20:17:40.627+0000] {dagbag.py:525} INFO - Filling up the DagBag from /home/airflow/.local/lib/python3.7/site-packages/airflow/example_dags/example_branch_operator_decorator.py
[2022-09-24T20:17:40.676+0000] {processor.py:768} INFO - DAG(s) dict_keys(['example_branch_python_operator_decorator']) retrieved from /home/airflow/.local/lib/python3.7/site-packages/airflow/example_dags/example_branch_operator_decorator.py
[2022-09-24T20:17:40.749+0000] {logging_mixin.py:117} INFO - [2022-09-24T20:17:40.749+0000] {dag.py:2573} INFO - Sync 1 DAGs
[2022-09-24T20:17:40.801+0000] {logging_mixin.py:117} INFO - [2022-09-24T20:17:40.801+0000] {dag.py:3328} INFO - Setting next_dagrun for example_branch_python_operator_decorator to 2022-09-23T00:00:00+00:00, run_after=2022-09-24T00:00:00+00:00
[2022-09-24T20:17:40.847+0000] {processor.py:178} INFO - Processing /home/airflow/.local/lib/python3.7/site-packages/airflow/example_dags/example_branch_operator_decorator.py took 0.234 seconds
[2022-09-24T20:18:12.479+0000] {processor.py:156} INFO - Started process (PID=10615) to work on /home/airflow/.local/lib/python3.7/site-packages/airflow/example_dags/example_branch_operator_decorator.py
[2022-09-24T20:18:12.485+0000] {processor.py:758} INFO - Processing file /home/airflow/.local/lib/python3.7/site-packages/airflow/example_dags/example_branch_operator_decorator.py for tasks to queue
[2022-09-24T20:18:12.487+0000] {logging_mixin.py:117} INFO - [2022-09-24T20:18:12.487+0000] {dagbag.py:525} INFO - Filling up the DagBag from /home/airflow/.local/lib/python3.7/site-packages/airflow/example_dags/example_branch_operator_decorator.py
[2022-09-24T20:18:12.682+0000] {processor.py:768} INFO - DAG(s) dict_keys(['example_branch_python_operator_decorator']) retrieved from /home/airflow/.local/lib/python3.7/site-packages/airflow/example_dags/example_branch_operator_decorator.py
[2022-09-24T20:18:12.855+0000] {logging_mixin.py:117} INFO - [2022-09-24T20:18:12.855+0000] {dag.py:2573} INFO - Sync 1 DAGs
[2022-09-24T20:18:12.930+0000] {logging_mixin.py:117} INFO - [2022-09-24T20:18:12.929+0000] {dag.py:3328} INFO - Setting next_dagrun for example_branch_python_operator_decorator to 2022-09-23T00:00:00+00:00, run_after=2022-09-24T00:00:00+00:00
[2022-09-24T20:18:12.984+0000] {processor.py:178} INFO - Processing /home/airflow/.local/lib/python3.7/site-packages/airflow/example_dags/example_branch_operator_decorator.py took 0.524 seconds
[2022-09-24T20:18:43.926+0000] {processor.py:156} INFO - Started process (PID=10813) to work on /home/airflow/.local/lib/python3.7/site-packages/airflow/example_dags/example_branch_operator_decorator.py
[2022-09-24T20:18:43.930+0000] {processor.py:758} INFO - Processing file /home/airflow/.local/lib/python3.7/site-packages/airflow/example_dags/example_branch_operator_decorator.py for tasks to queue
[2022-09-24T20:18:43.933+0000] {logging_mixin.py:117} INFO - [2022-09-24T20:18:43.933+0000] {dagbag.py:525} INFO - Filling up the DagBag from /home/airflow/.local/lib/python3.7/site-packages/airflow/example_dags/example_branch_operator_decorator.py
[2022-09-24T20:18:44.001+0000] {processor.py:768} INFO - DAG(s) dict_keys(['example_branch_python_operator_decorator']) retrieved from /home/airflow/.local/lib/python3.7/site-packages/airflow/example_dags/example_branch_operator_decorator.py
[2022-09-24T20:18:44.107+0000] {logging_mixin.py:117} INFO - [2022-09-24T20:18:44.107+0000] {dag.py:2573} INFO - Sync 1 DAGs
[2022-09-24T20:18:44.161+0000] {logging_mixin.py:117} INFO - [2022-09-24T20:18:44.160+0000] {dag.py:3328} INFO - Setting next_dagrun for example_branch_python_operator_decorator to 2022-09-23T00:00:00+00:00, run_after=2022-09-24T00:00:00+00:00
[2022-09-24T20:18:44.201+0000] {processor.py:178} INFO - Processing /home/airflow/.local/lib/python3.7/site-packages/airflow/example_dags/example_branch_operator_decorator.py took 0.285 seconds
[2022-09-24T20:19:17.227+0000] {processor.py:156} INFO - Started process (PID=11034) to work on /home/airflow/.local/lib/python3.7/site-packages/airflow/example_dags/example_branch_operator_decorator.py
[2022-09-24T20:19:17.235+0000] {processor.py:758} INFO - Processing file /home/airflow/.local/lib/python3.7/site-packages/airflow/example_dags/example_branch_operator_decorator.py for tasks to queue
[2022-09-24T20:19:17.240+0000] {logging_mixin.py:117} INFO - [2022-09-24T20:19:17.240+0000] {dagbag.py:525} INFO - Filling up the DagBag from /home/airflow/.local/lib/python3.7/site-packages/airflow/example_dags/example_branch_operator_decorator.py
[2022-09-24T20:19:17.349+0000] {processor.py:768} INFO - DAG(s) dict_keys(['example_branch_python_operator_decorator']) retrieved from /home/airflow/.local/lib/python3.7/site-packages/airflow/example_dags/example_branch_operator_decorator.py
[2022-09-24T20:19:17.490+0000] {logging_mixin.py:117} INFO - [2022-09-24T20:19:17.483+0000] {dag.py:2573} INFO - Sync 1 DAGs
[2022-09-24T20:19:17.601+0000] {logging_mixin.py:117} INFO - [2022-09-24T20:19:17.601+0000] {dag.py:3328} INFO - Setting next_dagrun for example_branch_python_operator_decorator to 2022-09-23T00:00:00+00:00, run_after=2022-09-24T00:00:00+00:00
[2022-09-24T20:19:17.722+0000] {processor.py:178} INFO - Processing /home/airflow/.local/lib/python3.7/site-packages/airflow/example_dags/example_branch_operator_decorator.py took 0.500 seconds
[2022-09-24T20:19:49.501+0000] {processor.py:156} INFO - Started process (PID=11238) to work on /home/airflow/.local/lib/python3.7/site-packages/airflow/example_dags/example_branch_operator_decorator.py
[2022-09-24T20:19:49.507+0000] {processor.py:758} INFO - Processing file /home/airflow/.local/lib/python3.7/site-packages/airflow/example_dags/example_branch_operator_decorator.py for tasks to queue
[2022-09-24T20:19:49.513+0000] {logging_mixin.py:117} INFO - [2022-09-24T20:19:49.512+0000] {dagbag.py:525} INFO - Filling up the DagBag from /home/airflow/.local/lib/python3.7/site-packages/airflow/example_dags/example_branch_operator_decorator.py
[2022-09-24T20:19:49.677+0000] {processor.py:768} INFO - DAG(s) dict_keys(['example_branch_python_operator_decorator']) retrieved from /home/airflow/.local/lib/python3.7/site-packages/airflow/example_dags/example_branch_operator_decorator.py
[2022-09-24T20:19:49.854+0000] {logging_mixin.py:117} INFO - [2022-09-24T20:19:49.853+0000] {dag.py:2573} INFO - Sync 1 DAGs
[2022-09-24T20:19:49.955+0000] {logging_mixin.py:117} INFO - [2022-09-24T20:19:49.954+0000] {dag.py:3328} INFO - Setting next_dagrun for example_branch_python_operator_decorator to 2022-09-23T00:00:00+00:00, run_after=2022-09-24T00:00:00+00:00
[2022-09-24T20:19:50.015+0000] {processor.py:178} INFO - Processing /home/airflow/.local/lib/python3.7/site-packages/airflow/example_dags/example_branch_operator_decorator.py took 0.524 seconds
[2022-09-24T20:20:20.753+0000] {processor.py:156} INFO - Started process (PID=11436) to work on /home/airflow/.local/lib/python3.7/site-packages/airflow/example_dags/example_branch_operator_decorator.py
[2022-09-24T20:20:20.760+0000] {processor.py:758} INFO - Processing file /home/airflow/.local/lib/python3.7/site-packages/airflow/example_dags/example_branch_operator_decorator.py for tasks to queue
[2022-09-24T20:20:20.765+0000] {logging_mixin.py:117} INFO - [2022-09-24T20:20:20.764+0000] {dagbag.py:525} INFO - Filling up the DagBag from /home/airflow/.local/lib/python3.7/site-packages/airflow/example_dags/example_branch_operator_decorator.py
[2022-09-24T20:20:20.874+0000] {processor.py:768} INFO - DAG(s) dict_keys(['example_branch_python_operator_decorator']) retrieved from /home/airflow/.local/lib/python3.7/site-packages/airflow/example_dags/example_branch_operator_decorator.py
[2022-09-24T20:20:21.196+0000] {logging_mixin.py:117} INFO - [2022-09-24T20:20:21.196+0000] {dag.py:2573} INFO - Sync 1 DAGs
[2022-09-24T20:20:21.304+0000] {logging_mixin.py:117} INFO - [2022-09-24T20:20:21.304+0000] {dag.py:3328} INFO - Setting next_dagrun for example_branch_python_operator_decorator to 2022-09-23T00:00:00+00:00, run_after=2022-09-24T00:00:00+00:00
[2022-09-24T20:20:21.385+0000] {processor.py:178} INFO - Processing /home/airflow/.local/lib/python3.7/site-packages/airflow/example_dags/example_branch_operator_decorator.py took 0.643 seconds
[2022-09-24T20:20:51.808+0000] {processor.py:156} INFO - Started process (PID=11645) to work on /home/airflow/.local/lib/python3.7/site-packages/airflow/example_dags/example_branch_operator_decorator.py
[2022-09-24T20:20:51.811+0000] {processor.py:758} INFO - Processing file /home/airflow/.local/lib/python3.7/site-packages/airflow/example_dags/example_branch_operator_decorator.py for tasks to queue
[2022-09-24T20:20:51.814+0000] {logging_mixin.py:117} INFO - [2022-09-24T20:20:51.813+0000] {dagbag.py:525} INFO - Filling up the DagBag from /home/airflow/.local/lib/python3.7/site-packages/airflow/example_dags/example_branch_operator_decorator.py
[2022-09-24T20:20:51.863+0000] {processor.py:768} INFO - DAG(s) dict_keys(['example_branch_python_operator_decorator']) retrieved from /home/airflow/.local/lib/python3.7/site-packages/airflow/example_dags/example_branch_operator_decorator.py
[2022-09-24T20:20:51.943+0000] {logging_mixin.py:117} INFO - [2022-09-24T20:20:51.942+0000] {dag.py:2573} INFO - Sync 1 DAGs
[2022-09-24T20:20:51.988+0000] {logging_mixin.py:117} INFO - [2022-09-24T20:20:51.988+0000] {dag.py:3328} INFO - Setting next_dagrun for example_branch_python_operator_decorator to 2022-09-23T00:00:00+00:00, run_after=2022-09-24T00:00:00+00:00
[2022-09-24T20:20:52.027+0000] {processor.py:178} INFO - Processing /home/airflow/.local/lib/python3.7/site-packages/airflow/example_dags/example_branch_operator_decorator.py took 0.225 seconds
[2022-09-24T20:21:22.743+0000] {processor.py:156} INFO - Started process (PID=11841) to work on /home/airflow/.local/lib/python3.7/site-packages/airflow/example_dags/example_branch_operator_decorator.py
[2022-09-24T20:21:22.752+0000] {processor.py:758} INFO - Processing file /home/airflow/.local/lib/python3.7/site-packages/airflow/example_dags/example_branch_operator_decorator.py for tasks to queue
[2022-09-24T20:21:22.760+0000] {logging_mixin.py:117} INFO - [2022-09-24T20:21:22.759+0000] {dagbag.py:525} INFO - Filling up the DagBag from /home/airflow/.local/lib/python3.7/site-packages/airflow/example_dags/example_branch_operator_decorator.py
[2022-09-24T20:21:22.951+0000] {processor.py:768} INFO - DAG(s) dict_keys(['example_branch_python_operator_decorator']) retrieved from /home/airflow/.local/lib/python3.7/site-packages/airflow/example_dags/example_branch_operator_decorator.py
[2022-09-24T20:21:23.077+0000] {logging_mixin.py:117} INFO - [2022-09-24T20:21:23.076+0000] {dag.py:2573} INFO - Sync 1 DAGs
[2022-09-24T20:21:23.187+0000] {logging_mixin.py:117} INFO - [2022-09-24T20:21:23.187+0000] {dag.py:3328} INFO - Setting next_dagrun for example_branch_python_operator_decorator to 2022-09-23T00:00:00+00:00, run_after=2022-09-24T00:00:00+00:00
[2022-09-24T20:21:23.303+0000] {processor.py:178} INFO - Processing /home/airflow/.local/lib/python3.7/site-packages/airflow/example_dags/example_branch_operator_decorator.py took 0.590 seconds
