[2022-09-24T19:50:41.683+0000] {processor.py:156} INFO - Started process (PID=205) to work on /home/airflow/.local/lib/python3.7/site-packages/airflow/example_dags/example_sla_dag.py
[2022-09-24T19:50:41.690+0000] {processor.py:758} INFO - Processing file /home/airflow/.local/lib/python3.7/site-packages/airflow/example_dags/example_sla_dag.py for tasks to queue
[2022-09-24T19:50:41.694+0000] {logging_mixin.py:117} INFO - [2022-09-24T19:50:41.694+0000] {dagbag.py:525} INFO - Filling up the DagBag from /home/airflow/.local/lib/python3.7/site-packages/airflow/example_dags/example_sla_dag.py
[2022-09-24T19:50:41.881+0000] {processor.py:768} INFO - DAG(s) dict_keys(['example_sla_dag']) retrieved from /home/airflow/.local/lib/python3.7/site-packages/airflow/example_dags/example_sla_dag.py
[2022-09-24T19:50:42.161+0000] {logging_mixin.py:117} INFO - [2022-09-24T19:50:42.160+0000] {dag.py:2573} INFO - Sync 1 DAGs
[2022-09-24T19:50:42.379+0000] {logging_mixin.py:117} INFO - [2022-09-24T19:50:42.379+0000] {dag.py:3328} INFO - Setting next_dagrun for example_sla_dag to 2022-09-24T19:48:00+00:00, run_after=2022-09-24T19:50:00+00:00
[2022-09-24T19:50:42.564+0000] {processor.py:178} INFO - Processing /home/airflow/.local/lib/python3.7/site-packages/airflow/example_dags/example_sla_dag.py took 0.894 seconds
[2022-09-24T19:51:13.617+0000] {processor.py:156} INFO - Started process (PID=403) to work on /home/airflow/.local/lib/python3.7/site-packages/airflow/example_dags/example_sla_dag.py
[2022-09-24T19:51:13.621+0000] {processor.py:758} INFO - Processing file /home/airflow/.local/lib/python3.7/site-packages/airflow/example_dags/example_sla_dag.py for tasks to queue
[2022-09-24T19:51:13.628+0000] {logging_mixin.py:117} INFO - [2022-09-24T19:51:13.628+0000] {dagbag.py:525} INFO - Filling up the DagBag from /home/airflow/.local/lib/python3.7/site-packages/airflow/example_dags/example_sla_dag.py
[2022-09-24T19:51:13.852+0000] {processor.py:768} INFO - DAG(s) dict_keys(['example_sla_dag']) retrieved from /home/airflow/.local/lib/python3.7/site-packages/airflow/example_dags/example_sla_dag.py
[2022-09-24T19:51:13.989+0000] {logging_mixin.py:117} INFO - [2022-09-24T19:51:13.989+0000] {dag.py:2573} INFO - Sync 1 DAGs
[2022-09-24T19:51:14.060+0000] {logging_mixin.py:117} INFO - [2022-09-24T19:51:14.060+0000] {dag.py:3328} INFO - Setting next_dagrun for example_sla_dag to 2022-09-24T19:48:00+00:00, run_after=2022-09-24T19:50:00+00:00
[2022-09-24T19:51:14.410+0000] {processor.py:178} INFO - Processing /home/airflow/.local/lib/python3.7/site-packages/airflow/example_dags/example_sla_dag.py took 0.812 seconds
[2022-09-24T19:51:44.856+0000] {processor.py:156} INFO - Started process (PID=603) to work on /home/airflow/.local/lib/python3.7/site-packages/airflow/example_dags/example_sla_dag.py
[2022-09-24T19:51:44.868+0000] {processor.py:758} INFO - Processing file /home/airflow/.local/lib/python3.7/site-packages/airflow/example_dags/example_sla_dag.py for tasks to queue
[2022-09-24T19:51:44.875+0000] {logging_mixin.py:117} INFO - [2022-09-24T19:51:44.875+0000] {dagbag.py:525} INFO - Filling up the DagBag from /home/airflow/.local/lib/python3.7/site-packages/airflow/example_dags/example_sla_dag.py
[2022-09-24T19:51:45.016+0000] {processor.py:768} INFO - DAG(s) dict_keys(['example_sla_dag']) retrieved from /home/airflow/.local/lib/python3.7/site-packages/airflow/example_dags/example_sla_dag.py
[2022-09-24T19:51:45.114+0000] {logging_mixin.py:117} INFO - [2022-09-24T19:51:45.114+0000] {dag.py:2573} INFO - Sync 1 DAGs
[2022-09-24T19:51:45.367+0000] {logging_mixin.py:117} INFO - [2022-09-24T19:51:45.367+0000] {dag.py:3328} INFO - Setting next_dagrun for example_sla_dag to 2022-09-24T19:48:00+00:00, run_after=2022-09-24T19:50:00+00:00
[2022-09-24T19:51:45.409+0000] {processor.py:178} INFO - Processing /home/airflow/.local/lib/python3.7/site-packages/airflow/example_dags/example_sla_dag.py took 0.572 seconds
[2022-09-24T19:52:16.942+0000] {processor.py:156} INFO - Started process (PID=802) to work on /home/airflow/.local/lib/python3.7/site-packages/airflow/example_dags/example_sla_dag.py
[2022-09-24T19:52:16.955+0000] {processor.py:758} INFO - Processing file /home/airflow/.local/lib/python3.7/site-packages/airflow/example_dags/example_sla_dag.py for tasks to queue
[2022-09-24T19:52:16.960+0000] {logging_mixin.py:117} INFO - [2022-09-24T19:52:16.960+0000] {dagbag.py:525} INFO - Filling up the DagBag from /home/airflow/.local/lib/python3.7/site-packages/airflow/example_dags/example_sla_dag.py
[2022-09-24T19:52:17.054+0000] {processor.py:768} INFO - DAG(s) dict_keys(['example_sla_dag']) retrieved from /home/airflow/.local/lib/python3.7/site-packages/airflow/example_dags/example_sla_dag.py
[2022-09-24T19:52:17.160+0000] {logging_mixin.py:117} INFO - [2022-09-24T19:52:17.160+0000] {dag.py:2573} INFO - Sync 1 DAGs
[2022-09-24T19:52:17.604+0000] {logging_mixin.py:117} INFO - [2022-09-24T19:52:17.601+0000] {dag.py:3328} INFO - Setting next_dagrun for example_sla_dag to 2022-09-24T19:50:00+00:00, run_after=2022-09-24T19:52:00+00:00
[2022-09-24T19:52:17.690+0000] {processor.py:178} INFO - Processing /home/airflow/.local/lib/python3.7/site-packages/airflow/example_dags/example_sla_dag.py took 0.766 seconds
[2022-09-24T19:52:47.940+0000] {processor.py:156} INFO - Started process (PID=999) to work on /home/airflow/.local/lib/python3.7/site-packages/airflow/example_dags/example_sla_dag.py
[2022-09-24T19:52:47.945+0000] {processor.py:758} INFO - Processing file /home/airflow/.local/lib/python3.7/site-packages/airflow/example_dags/example_sla_dag.py for tasks to queue
[2022-09-24T19:52:47.948+0000] {logging_mixin.py:117} INFO - [2022-09-24T19:52:47.947+0000] {dagbag.py:525} INFO - Filling up the DagBag from /home/airflow/.local/lib/python3.7/site-packages/airflow/example_dags/example_sla_dag.py
[2022-09-24T19:52:48.028+0000] {processor.py:768} INFO - DAG(s) dict_keys(['example_sla_dag']) retrieved from /home/airflow/.local/lib/python3.7/site-packages/airflow/example_dags/example_sla_dag.py
[2022-09-24T19:52:48.295+0000] {logging_mixin.py:117} INFO - [2022-09-24T19:52:48.293+0000] {dag.py:2573} INFO - Sync 1 DAGs
[2022-09-24T19:52:48.406+0000] {logging_mixin.py:117} INFO - [2022-09-24T19:52:48.405+0000] {dag.py:3328} INFO - Setting next_dagrun for example_sla_dag to 2022-09-24T19:50:00+00:00, run_after=2022-09-24T19:52:00+00:00
[2022-09-24T19:52:48.459+0000] {processor.py:178} INFO - Processing /home/airflow/.local/lib/python3.7/site-packages/airflow/example_dags/example_sla_dag.py took 0.529 seconds
[2022-09-24T19:53:26.855+0000] {processor.py:156} INFO - Started process (PID=1205) to work on /home/airflow/.local/lib/python3.7/site-packages/airflow/example_dags/example_sla_dag.py
[2022-09-24T19:53:26.846+0000] {processor.py:758} INFO - Processing file /home/airflow/.local/lib/python3.7/site-packages/airflow/example_dags/example_sla_dag.py for tasks to queue
[2022-09-24T19:53:26.852+0000] {logging_mixin.py:117} INFO - [2022-09-24T19:53:26.851+0000] {dagbag.py:525} INFO - Filling up the DagBag from /home/airflow/.local/lib/python3.7/site-packages/airflow/example_dags/example_sla_dag.py
[2022-09-24T19:53:27.125+0000] {processor.py:768} INFO - DAG(s) dict_keys(['example_sla_dag']) retrieved from /home/airflow/.local/lib/python3.7/site-packages/airflow/example_dags/example_sla_dag.py
[2022-09-24T19:53:27.982+0000] {logging_mixin.py:117} INFO - [2022-09-24T19:53:27.981+0000] {dag.py:2573} INFO - Sync 1 DAGs
[2022-09-24T19:53:28.121+0000] {logging_mixin.py:117} INFO - [2022-09-24T19:53:28.121+0000] {dag.py:3328} INFO - Setting next_dagrun for example_sla_dag to 2022-09-24T19:50:00+00:00, run_after=2022-09-24T19:52:00+00:00
[2022-09-24T19:53:28.193+0000] {processor.py:178} INFO - Processing /home/airflow/.local/lib/python3.7/site-packages/airflow/example_dags/example_sla_dag.py took 1.376 seconds
[2022-09-24T19:53:58.818+0000] {processor.py:156} INFO - Started process (PID=1405) to work on /home/airflow/.local/lib/python3.7/site-packages/airflow/example_dags/example_sla_dag.py
[2022-09-24T19:53:58.821+0000] {processor.py:758} INFO - Processing file /home/airflow/.local/lib/python3.7/site-packages/airflow/example_dags/example_sla_dag.py for tasks to queue
[2022-09-24T19:53:58.833+0000] {logging_mixin.py:117} INFO - [2022-09-24T19:53:58.832+0000] {dagbag.py:525} INFO - Filling up the DagBag from /home/airflow/.local/lib/python3.7/site-packages/airflow/example_dags/example_sla_dag.py
[2022-09-24T19:53:59.109+0000] {processor.py:768} INFO - DAG(s) dict_keys(['example_sla_dag']) retrieved from /home/airflow/.local/lib/python3.7/site-packages/airflow/example_dags/example_sla_dag.py
[2022-09-24T19:53:59.176+0000] {logging_mixin.py:117} INFO - [2022-09-24T19:53:59.176+0000] {dag.py:2573} INFO - Sync 1 DAGs
[2022-09-24T19:53:59.236+0000] {logging_mixin.py:117} INFO - [2022-09-24T19:53:59.236+0000] {dag.py:3328} INFO - Setting next_dagrun for example_sla_dag to 2022-09-24T19:50:00+00:00, run_after=2022-09-24T19:52:00+00:00
[2022-09-24T19:53:59.299+0000] {processor.py:178} INFO - Processing /home/airflow/.local/lib/python3.7/site-packages/airflow/example_dags/example_sla_dag.py took 0.495 seconds
[2022-09-24T19:54:29.415+0000] {processor.py:156} INFO - Started process (PID=1603) to work on /home/airflow/.local/lib/python3.7/site-packages/airflow/example_dags/example_sla_dag.py
[2022-09-24T19:54:29.419+0000] {processor.py:758} INFO - Processing file /home/airflow/.local/lib/python3.7/site-packages/airflow/example_dags/example_sla_dag.py for tasks to queue
[2022-09-24T19:54:29.422+0000] {logging_mixin.py:117} INFO - [2022-09-24T19:54:29.421+0000] {dagbag.py:525} INFO - Filling up the DagBag from /home/airflow/.local/lib/python3.7/site-packages/airflow/example_dags/example_sla_dag.py
[2022-09-24T19:54:29.646+0000] {processor.py:768} INFO - DAG(s) dict_keys(['example_sla_dag']) retrieved from /home/airflow/.local/lib/python3.7/site-packages/airflow/example_dags/example_sla_dag.py
[2022-09-24T19:54:29.708+0000] {logging_mixin.py:117} INFO - [2022-09-24T19:54:29.707+0000] {dag.py:2573} INFO - Sync 1 DAGs
[2022-09-24T19:54:29.760+0000] {logging_mixin.py:117} INFO - [2022-09-24T19:54:29.759+0000] {dag.py:3328} INFO - Setting next_dagrun for example_sla_dag to 2022-09-24T19:52:00+00:00, run_after=2022-09-24T19:54:00+00:00
[2022-09-24T19:54:29.793+0000] {processor.py:178} INFO - Processing /home/airflow/.local/lib/python3.7/site-packages/airflow/example_dags/example_sla_dag.py took 0.386 seconds
[2022-09-24T19:55:00.060+0000] {processor.py:156} INFO - Started process (PID=1800) to work on /home/airflow/.local/lib/python3.7/site-packages/airflow/example_dags/example_sla_dag.py
[2022-09-24T19:55:00.098+0000] {processor.py:758} INFO - Processing file /home/airflow/.local/lib/python3.7/site-packages/airflow/example_dags/example_sla_dag.py for tasks to queue
[2022-09-24T19:55:00.108+0000] {logging_mixin.py:117} INFO - [2022-09-24T19:55:00.107+0000] {dagbag.py:525} INFO - Filling up the DagBag from /home/airflow/.local/lib/python3.7/site-packages/airflow/example_dags/example_sla_dag.py
[2022-09-24T19:55:00.196+0000] {processor.py:768} INFO - DAG(s) dict_keys(['example_sla_dag']) retrieved from /home/airflow/.local/lib/python3.7/site-packages/airflow/example_dags/example_sla_dag.py
[2022-09-24T19:55:00.277+0000] {logging_mixin.py:117} INFO - [2022-09-24T19:55:00.277+0000] {dag.py:2573} INFO - Sync 1 DAGs
[2022-09-24T19:55:00.333+0000] {logging_mixin.py:117} INFO - [2022-09-24T19:55:00.333+0000] {dag.py:3328} INFO - Setting next_dagrun for example_sla_dag to 2022-09-24T19:52:00+00:00, run_after=2022-09-24T19:54:00+00:00
[2022-09-24T19:55:00.373+0000] {processor.py:178} INFO - Processing /home/airflow/.local/lib/python3.7/site-packages/airflow/example_dags/example_sla_dag.py took 0.329 seconds
[2022-09-24T19:55:31.553+0000] {processor.py:156} INFO - Started process (PID=1998) to work on /home/airflow/.local/lib/python3.7/site-packages/airflow/example_dags/example_sla_dag.py
[2022-09-24T19:55:31.558+0000] {processor.py:758} INFO - Processing file /home/airflow/.local/lib/python3.7/site-packages/airflow/example_dags/example_sla_dag.py for tasks to queue
[2022-09-24T19:55:31.563+0000] {logging_mixin.py:117} INFO - [2022-09-24T19:55:31.563+0000] {dagbag.py:525} INFO - Filling up the DagBag from /home/airflow/.local/lib/python3.7/site-packages/airflow/example_dags/example_sla_dag.py
[2022-09-24T19:55:31.691+0000] {processor.py:768} INFO - DAG(s) dict_keys(['example_sla_dag']) retrieved from /home/airflow/.local/lib/python3.7/site-packages/airflow/example_dags/example_sla_dag.py
[2022-09-24T19:55:31.853+0000] {logging_mixin.py:117} INFO - [2022-09-24T19:55:31.852+0000] {dag.py:2573} INFO - Sync 1 DAGs
[2022-09-24T19:55:31.960+0000] {logging_mixin.py:117} INFO - [2022-09-24T19:55:31.960+0000] {dag.py:3328} INFO - Setting next_dagrun for example_sla_dag to 2022-09-24T19:52:00+00:00, run_after=2022-09-24T19:54:00+00:00
[2022-09-24T19:55:32.019+0000] {processor.py:178} INFO - Processing /home/airflow/.local/lib/python3.7/site-packages/airflow/example_dags/example_sla_dag.py took 0.473 seconds
[2022-09-24T19:56:02.393+0000] {processor.py:156} INFO - Started process (PID=2194) to work on /home/airflow/.local/lib/python3.7/site-packages/airflow/example_dags/example_sla_dag.py
[2022-09-24T19:56:02.417+0000] {processor.py:758} INFO - Processing file /home/airflow/.local/lib/python3.7/site-packages/airflow/example_dags/example_sla_dag.py for tasks to queue
[2022-09-24T19:56:02.424+0000] {logging_mixin.py:117} INFO - [2022-09-24T19:56:02.423+0000] {dagbag.py:525} INFO - Filling up the DagBag from /home/airflow/.local/lib/python3.7/site-packages/airflow/example_dags/example_sla_dag.py
[2022-09-24T19:56:02.547+0000] {processor.py:768} INFO - DAG(s) dict_keys(['example_sla_dag']) retrieved from /home/airflow/.local/lib/python3.7/site-packages/airflow/example_dags/example_sla_dag.py
[2022-09-24T19:56:02.625+0000] {logging_mixin.py:117} INFO - [2022-09-24T19:56:02.625+0000] {dag.py:2573} INFO - Sync 1 DAGs
[2022-09-24T19:56:02.703+0000] {logging_mixin.py:117} INFO - [2022-09-24T19:56:02.703+0000] {dag.py:3328} INFO - Setting next_dagrun for example_sla_dag to 2022-09-24T19:54:00+00:00, run_after=2022-09-24T19:56:00+00:00
[2022-09-24T19:56:02.741+0000] {processor.py:178} INFO - Processing /home/airflow/.local/lib/python3.7/site-packages/airflow/example_dags/example_sla_dag.py took 0.359 seconds
[2022-09-24T19:56:33.097+0000] {processor.py:156} INFO - Started process (PID=2394) to work on /home/airflow/.local/lib/python3.7/site-packages/airflow/example_dags/example_sla_dag.py
[2022-09-24T19:56:33.102+0000] {processor.py:758} INFO - Processing file /home/airflow/.local/lib/python3.7/site-packages/airflow/example_dags/example_sla_dag.py for tasks to queue
[2022-09-24T19:56:33.108+0000] {logging_mixin.py:117} INFO - [2022-09-24T19:56:33.107+0000] {dagbag.py:525} INFO - Filling up the DagBag from /home/airflow/.local/lib/python3.7/site-packages/airflow/example_dags/example_sla_dag.py
[2022-09-24T19:56:33.223+0000] {processor.py:768} INFO - DAG(s) dict_keys(['example_sla_dag']) retrieved from /home/airflow/.local/lib/python3.7/site-packages/airflow/example_dags/example_sla_dag.py
[2022-09-24T19:56:33.328+0000] {logging_mixin.py:117} INFO - [2022-09-24T19:56:33.328+0000] {dag.py:2573} INFO - Sync 1 DAGs
[2022-09-24T19:56:33.413+0000] {logging_mixin.py:117} INFO - [2022-09-24T19:56:33.412+0000] {dag.py:3328} INFO - Setting next_dagrun for example_sla_dag to 2022-09-24T19:54:00+00:00, run_after=2022-09-24T19:56:00+00:00
[2022-09-24T19:56:33.457+0000] {processor.py:178} INFO - Processing /home/airflow/.local/lib/python3.7/site-packages/airflow/example_dags/example_sla_dag.py took 0.373 seconds
[2022-09-24T19:57:03.704+0000] {processor.py:156} INFO - Started process (PID=2602) to work on /home/airflow/.local/lib/python3.7/site-packages/airflow/example_dags/example_sla_dag.py
[2022-09-24T19:57:03.728+0000] {processor.py:758} INFO - Processing file /home/airflow/.local/lib/python3.7/site-packages/airflow/example_dags/example_sla_dag.py for tasks to queue
[2022-09-24T19:57:03.741+0000] {logging_mixin.py:117} INFO - [2022-09-24T19:57:03.741+0000] {dagbag.py:525} INFO - Filling up the DagBag from /home/airflow/.local/lib/python3.7/site-packages/airflow/example_dags/example_sla_dag.py
[2022-09-24T19:57:03.869+0000] {processor.py:768} INFO - DAG(s) dict_keys(['example_sla_dag']) retrieved from /home/airflow/.local/lib/python3.7/site-packages/airflow/example_dags/example_sla_dag.py
[2022-09-24T19:57:04.001+0000] {logging_mixin.py:117} INFO - [2022-09-24T19:57:04.001+0000] {dag.py:2573} INFO - Sync 1 DAGs
[2022-09-24T19:57:04.127+0000] {logging_mixin.py:117} INFO - [2022-09-24T19:57:04.127+0000] {dag.py:3328} INFO - Setting next_dagrun for example_sla_dag to 2022-09-24T19:54:00+00:00, run_after=2022-09-24T19:56:00+00:00
[2022-09-24T19:57:04.212+0000] {processor.py:178} INFO - Processing /home/airflow/.local/lib/python3.7/site-packages/airflow/example_dags/example_sla_dag.py took 0.528 seconds
[2022-09-24T19:57:35.159+0000] {processor.py:156} INFO - Started process (PID=2789) to work on /home/airflow/.local/lib/python3.7/site-packages/airflow/example_dags/example_sla_dag.py
[2022-09-24T19:57:35.164+0000] {processor.py:758} INFO - Processing file /home/airflow/.local/lib/python3.7/site-packages/airflow/example_dags/example_sla_dag.py for tasks to queue
[2022-09-24T19:57:35.167+0000] {logging_mixin.py:117} INFO - [2022-09-24T19:57:35.167+0000] {dagbag.py:525} INFO - Filling up the DagBag from /home/airflow/.local/lib/python3.7/site-packages/airflow/example_dags/example_sla_dag.py
[2022-09-24T19:57:35.224+0000] {processor.py:768} INFO - DAG(s) dict_keys(['example_sla_dag']) retrieved from /home/airflow/.local/lib/python3.7/site-packages/airflow/example_dags/example_sla_dag.py
[2022-09-24T19:57:35.396+0000] {logging_mixin.py:117} INFO - [2022-09-24T19:57:35.395+0000] {dag.py:2573} INFO - Sync 1 DAGs
[2022-09-24T19:57:35.457+0000] {logging_mixin.py:117} INFO - [2022-09-24T19:57:35.457+0000] {dag.py:3328} INFO - Setting next_dagrun for example_sla_dag to 2022-09-24T19:54:00+00:00, run_after=2022-09-24T19:56:00+00:00
[2022-09-24T19:57:35.511+0000] {processor.py:178} INFO - Processing /home/airflow/.local/lib/python3.7/site-packages/airflow/example_dags/example_sla_dag.py took 0.363 seconds
[2022-09-24T19:58:08.284+0000] {processor.py:156} INFO - Started process (PID=2992) to work on /home/airflow/.local/lib/python3.7/site-packages/airflow/example_dags/example_sla_dag.py
[2022-09-24T19:58:08.289+0000] {processor.py:758} INFO - Processing file /home/airflow/.local/lib/python3.7/site-packages/airflow/example_dags/example_sla_dag.py for tasks to queue
[2022-09-24T19:58:08.291+0000] {logging_mixin.py:117} INFO - [2022-09-24T19:58:08.291+0000] {dagbag.py:525} INFO - Filling up the DagBag from /home/airflow/.local/lib/python3.7/site-packages/airflow/example_dags/example_sla_dag.py
[2022-09-24T19:58:08.513+0000] {processor.py:768} INFO - DAG(s) dict_keys(['example_sla_dag']) retrieved from /home/airflow/.local/lib/python3.7/site-packages/airflow/example_dags/example_sla_dag.py
[2022-09-24T19:58:08.818+0000] {logging_mixin.py:117} INFO - [2022-09-24T19:58:08.817+0000] {dag.py:2573} INFO - Sync 1 DAGs
[2022-09-24T19:58:09.017+0000] {logging_mixin.py:117} INFO - [2022-09-24T19:58:09.016+0000] {dag.py:3328} INFO - Setting next_dagrun for example_sla_dag to 2022-09-24T19:56:00+00:00, run_after=2022-09-24T19:58:00+00:00
[2022-09-24T19:58:09.149+0000] {processor.py:178} INFO - Processing /home/airflow/.local/lib/python3.7/site-packages/airflow/example_dags/example_sla_dag.py took 0.898 seconds
[2022-09-24T19:58:39.994+0000] {processor.py:156} INFO - Started process (PID=3192) to work on /home/airflow/.local/lib/python3.7/site-packages/airflow/example_dags/example_sla_dag.py
[2022-09-24T19:58:40.001+0000] {processor.py:758} INFO - Processing file /home/airflow/.local/lib/python3.7/site-packages/airflow/example_dags/example_sla_dag.py for tasks to queue
[2022-09-24T19:58:40.005+0000] {logging_mixin.py:117} INFO - [2022-09-24T19:58:40.004+0000] {dagbag.py:525} INFO - Filling up the DagBag from /home/airflow/.local/lib/python3.7/site-packages/airflow/example_dags/example_sla_dag.py
[2022-09-24T19:58:40.107+0000] {processor.py:768} INFO - DAG(s) dict_keys(['example_sla_dag']) retrieved from /home/airflow/.local/lib/python3.7/site-packages/airflow/example_dags/example_sla_dag.py
[2022-09-24T19:58:40.251+0000] {logging_mixin.py:117} INFO - [2022-09-24T19:58:40.251+0000] {dag.py:2573} INFO - Sync 1 DAGs
[2022-09-24T19:58:40.361+0000] {logging_mixin.py:117} INFO - [2022-09-24T19:58:40.360+0000] {dag.py:3328} INFO - Setting next_dagrun for example_sla_dag to 2022-09-24T19:56:00+00:00, run_after=2022-09-24T19:58:00+00:00
[2022-09-24T19:58:40.419+0000] {processor.py:178} INFO - Processing /home/airflow/.local/lib/python3.7/site-packages/airflow/example_dags/example_sla_dag.py took 0.452 seconds
[2022-09-24T19:59:13.158+0000] {processor.py:156} INFO - Started process (PID=3388) to work on /home/airflow/.local/lib/python3.7/site-packages/airflow/example_dags/example_sla_dag.py
[2022-09-24T19:59:13.170+0000] {processor.py:758} INFO - Processing file /home/airflow/.local/lib/python3.7/site-packages/airflow/example_dags/example_sla_dag.py for tasks to queue
[2022-09-24T19:59:13.182+0000] {logging_mixin.py:117} INFO - [2022-09-24T19:59:13.182+0000] {dagbag.py:525} INFO - Filling up the DagBag from /home/airflow/.local/lib/python3.7/site-packages/airflow/example_dags/example_sla_dag.py
[2022-09-24T19:59:13.428+0000] {processor.py:768} INFO - DAG(s) dict_keys(['example_sla_dag']) retrieved from /home/airflow/.local/lib/python3.7/site-packages/airflow/example_dags/example_sla_dag.py
[2022-09-24T19:59:13.642+0000] {logging_mixin.py:117} INFO - [2022-09-24T19:59:13.641+0000] {dag.py:2573} INFO - Sync 1 DAGs
[2022-09-24T19:59:13.746+0000] {logging_mixin.py:117} INFO - [2022-09-24T19:59:13.746+0000] {dag.py:3328} INFO - Setting next_dagrun for example_sla_dag to 2022-09-24T19:56:00+00:00, run_after=2022-09-24T19:58:00+00:00
[2022-09-24T19:59:13.843+0000] {processor.py:178} INFO - Processing /home/airflow/.local/lib/python3.7/site-packages/airflow/example_dags/example_sla_dag.py took 0.698 seconds
[2022-09-24T19:59:44.680+0000] {processor.py:156} INFO - Started process (PID=3587) to work on /home/airflow/.local/lib/python3.7/site-packages/airflow/example_dags/example_sla_dag.py
[2022-09-24T19:59:44.684+0000] {processor.py:758} INFO - Processing file /home/airflow/.local/lib/python3.7/site-packages/airflow/example_dags/example_sla_dag.py for tasks to queue
[2022-09-24T19:59:44.689+0000] {logging_mixin.py:117} INFO - [2022-09-24T19:59:44.689+0000] {dagbag.py:525} INFO - Filling up the DagBag from /home/airflow/.local/lib/python3.7/site-packages/airflow/example_dags/example_sla_dag.py
[2022-09-24T19:59:44.754+0000] {processor.py:768} INFO - DAG(s) dict_keys(['example_sla_dag']) retrieved from /home/airflow/.local/lib/python3.7/site-packages/airflow/example_dags/example_sla_dag.py
[2022-09-24T19:59:44.869+0000] {logging_mixin.py:117} INFO - [2022-09-24T19:59:44.869+0000] {dag.py:2573} INFO - Sync 1 DAGs
[2022-09-24T19:59:44.940+0000] {logging_mixin.py:117} INFO - [2022-09-24T19:59:44.940+0000] {dag.py:3328} INFO - Setting next_dagrun for example_sla_dag to 2022-09-24T19:56:00+00:00, run_after=2022-09-24T19:58:00+00:00
[2022-09-24T19:59:44.979+0000] {processor.py:178} INFO - Processing /home/airflow/.local/lib/python3.7/site-packages/airflow/example_dags/example_sla_dag.py took 0.305 seconds
[2022-09-24T20:00:16.016+0000] {processor.py:156} INFO - Started process (PID=3785) to work on /home/airflow/.local/lib/python3.7/site-packages/airflow/example_dags/example_sla_dag.py
[2022-09-24T20:00:16.031+0000] {processor.py:758} INFO - Processing file /home/airflow/.local/lib/python3.7/site-packages/airflow/example_dags/example_sla_dag.py for tasks to queue
[2022-09-24T20:00:16.040+0000] {logging_mixin.py:117} INFO - [2022-09-24T20:00:16.037+0000] {dagbag.py:525} INFO - Filling up the DagBag from /home/airflow/.local/lib/python3.7/site-packages/airflow/example_dags/example_sla_dag.py
[2022-09-24T20:00:16.161+0000] {processor.py:768} INFO - DAG(s) dict_keys(['example_sla_dag']) retrieved from /home/airflow/.local/lib/python3.7/site-packages/airflow/example_dags/example_sla_dag.py
[2022-09-24T20:00:16.255+0000] {logging_mixin.py:117} INFO - [2022-09-24T20:00:16.255+0000] {dag.py:2573} INFO - Sync 1 DAGs
[2022-09-24T20:00:16.380+0000] {logging_mixin.py:117} INFO - [2022-09-24T20:00:16.380+0000] {dag.py:3328} INFO - Setting next_dagrun for example_sla_dag to 2022-09-24T19:58:00+00:00, run_after=2022-09-24T20:00:00+00:00
[2022-09-24T20:00:16.471+0000] {processor.py:178} INFO - Processing /home/airflow/.local/lib/python3.7/site-packages/airflow/example_dags/example_sla_dag.py took 0.470 seconds
[2022-09-24T20:00:47.247+0000] {processor.py:156} INFO - Started process (PID=3989) to work on /home/airflow/.local/lib/python3.7/site-packages/airflow/example_dags/example_sla_dag.py
[2022-09-24T20:00:47.250+0000] {processor.py:758} INFO - Processing file /home/airflow/.local/lib/python3.7/site-packages/airflow/example_dags/example_sla_dag.py for tasks to queue
[2022-09-24T20:00:47.253+0000] {logging_mixin.py:117} INFO - [2022-09-24T20:00:47.252+0000] {dagbag.py:525} INFO - Filling up the DagBag from /home/airflow/.local/lib/python3.7/site-packages/airflow/example_dags/example_sla_dag.py
[2022-09-24T20:00:47.347+0000] {processor.py:768} INFO - DAG(s) dict_keys(['example_sla_dag']) retrieved from /home/airflow/.local/lib/python3.7/site-packages/airflow/example_dags/example_sla_dag.py
[2022-09-24T20:00:47.494+0000] {logging_mixin.py:117} INFO - [2022-09-24T20:00:47.494+0000] {dag.py:2573} INFO - Sync 1 DAGs
[2022-09-24T20:00:47.562+0000] {logging_mixin.py:117} INFO - [2022-09-24T20:00:47.562+0000] {dag.py:3328} INFO - Setting next_dagrun for example_sla_dag to 2022-09-24T19:58:00+00:00, run_after=2022-09-24T20:00:00+00:00
[2022-09-24T20:00:47.633+0000] {processor.py:178} INFO - Processing /home/airflow/.local/lib/python3.7/site-packages/airflow/example_dags/example_sla_dag.py took 0.395 seconds
[2022-09-24T20:01:18.088+0000] {processor.py:156} INFO - Started process (PID=4185) to work on /home/airflow/.local/lib/python3.7/site-packages/airflow/example_dags/example_sla_dag.py
[2022-09-24T20:01:18.092+0000] {processor.py:758} INFO - Processing file /home/airflow/.local/lib/python3.7/site-packages/airflow/example_dags/example_sla_dag.py for tasks to queue
[2022-09-24T20:01:18.096+0000] {logging_mixin.py:117} INFO - [2022-09-24T20:01:18.096+0000] {dagbag.py:525} INFO - Filling up the DagBag from /home/airflow/.local/lib/python3.7/site-packages/airflow/example_dags/example_sla_dag.py
[2022-09-24T20:01:18.221+0000] {processor.py:768} INFO - DAG(s) dict_keys(['example_sla_dag']) retrieved from /home/airflow/.local/lib/python3.7/site-packages/airflow/example_dags/example_sla_dag.py
[2022-09-24T20:01:18.411+0000] {logging_mixin.py:117} INFO - [2022-09-24T20:01:18.411+0000] {dag.py:2573} INFO - Sync 1 DAGs
[2022-09-24T20:01:18.594+0000] {logging_mixin.py:117} INFO - [2022-09-24T20:01:18.594+0000] {dag.py:3328} INFO - Setting next_dagrun for example_sla_dag to 2022-09-24T19:58:00+00:00, run_after=2022-09-24T20:00:00+00:00
[2022-09-24T20:01:18.654+0000] {processor.py:178} INFO - Processing /home/airflow/.local/lib/python3.7/site-packages/airflow/example_dags/example_sla_dag.py took 0.575 seconds
[2022-09-24T20:01:51.161+0000] {processor.py:156} INFO - Started process (PID=4383) to work on /home/airflow/.local/lib/python3.7/site-packages/airflow/example_dags/example_sla_dag.py
[2022-09-24T20:01:51.165+0000] {processor.py:758} INFO - Processing file /home/airflow/.local/lib/python3.7/site-packages/airflow/example_dags/example_sla_dag.py for tasks to queue
[2022-09-24T20:01:51.170+0000] {logging_mixin.py:117} INFO - [2022-09-24T20:01:51.169+0000] {dagbag.py:525} INFO - Filling up the DagBag from /home/airflow/.local/lib/python3.7/site-packages/airflow/example_dags/example_sla_dag.py
[2022-09-24T20:01:51.238+0000] {processor.py:768} INFO - DAG(s) dict_keys(['example_sla_dag']) retrieved from /home/airflow/.local/lib/python3.7/site-packages/airflow/example_dags/example_sla_dag.py
[2022-09-24T20:01:51.361+0000] {logging_mixin.py:117} INFO - [2022-09-24T20:01:51.357+0000] {dag.py:2573} INFO - Sync 1 DAGs
[2022-09-24T20:01:51.472+0000] {logging_mixin.py:117} INFO - [2022-09-24T20:01:51.472+0000] {dag.py:3328} INFO - Setting next_dagrun for example_sla_dag to 2022-09-24T19:58:00+00:00, run_after=2022-09-24T20:00:00+00:00
[2022-09-24T20:01:51.544+0000] {processor.py:178} INFO - Processing /home/airflow/.local/lib/python3.7/site-packages/airflow/example_dags/example_sla_dag.py took 0.403 seconds
[2022-09-24T20:02:21.932+0000] {processor.py:156} INFO - Started process (PID=4579) to work on /home/airflow/.local/lib/python3.7/site-packages/airflow/example_dags/example_sla_dag.py
[2022-09-24T20:02:21.935+0000] {processor.py:758} INFO - Processing file /home/airflow/.local/lib/python3.7/site-packages/airflow/example_dags/example_sla_dag.py for tasks to queue
[2022-09-24T20:02:21.938+0000] {logging_mixin.py:117} INFO - [2022-09-24T20:02:21.937+0000] {dagbag.py:525} INFO - Filling up the DagBag from /home/airflow/.local/lib/python3.7/site-packages/airflow/example_dags/example_sla_dag.py
[2022-09-24T20:02:21.986+0000] {processor.py:768} INFO - DAG(s) dict_keys(['example_sla_dag']) retrieved from /home/airflow/.local/lib/python3.7/site-packages/airflow/example_dags/example_sla_dag.py
[2022-09-24T20:02:22.106+0000] {logging_mixin.py:117} INFO - [2022-09-24T20:02:22.106+0000] {dag.py:2573} INFO - Sync 1 DAGs
[2022-09-24T20:02:22.178+0000] {logging_mixin.py:117} INFO - [2022-09-24T20:02:22.178+0000] {dag.py:3328} INFO - Setting next_dagrun for example_sla_dag to 2022-09-24T20:00:00+00:00, run_after=2022-09-24T20:02:00+00:00
[2022-09-24T20:02:22.225+0000] {processor.py:178} INFO - Processing /home/airflow/.local/lib/python3.7/site-packages/airflow/example_dags/example_sla_dag.py took 0.301 seconds
[2022-09-24T20:02:53.444+0000] {processor.py:156} INFO - Started process (PID=4785) to work on /home/airflow/.local/lib/python3.7/site-packages/airflow/example_dags/example_sla_dag.py
[2022-09-24T20:02:53.455+0000] {processor.py:758} INFO - Processing file /home/airflow/.local/lib/python3.7/site-packages/airflow/example_dags/example_sla_dag.py for tasks to queue
[2022-09-24T20:02:53.464+0000] {logging_mixin.py:117} INFO - [2022-09-24T20:02:53.463+0000] {dagbag.py:525} INFO - Filling up the DagBag from /home/airflow/.local/lib/python3.7/site-packages/airflow/example_dags/example_sla_dag.py
[2022-09-24T20:02:53.633+0000] {processor.py:768} INFO - DAG(s) dict_keys(['example_sla_dag']) retrieved from /home/airflow/.local/lib/python3.7/site-packages/airflow/example_dags/example_sla_dag.py
[2022-09-24T20:02:53.806+0000] {logging_mixin.py:117} INFO - [2022-09-24T20:02:53.806+0000] {dag.py:2573} INFO - Sync 1 DAGs
[2022-09-24T20:02:53.970+0000] {logging_mixin.py:117} INFO - [2022-09-24T20:02:53.970+0000] {dag.py:3328} INFO - Setting next_dagrun for example_sla_dag to 2022-09-24T20:00:00+00:00, run_after=2022-09-24T20:02:00+00:00
[2022-09-24T20:02:54.058+0000] {processor.py:178} INFO - Processing /home/airflow/.local/lib/python3.7/site-packages/airflow/example_dags/example_sla_dag.py took 0.639 seconds
[2022-09-24T20:03:24.712+0000] {processor.py:156} INFO - Started process (PID=4986) to work on /home/airflow/.local/lib/python3.7/site-packages/airflow/example_dags/example_sla_dag.py
[2022-09-24T20:03:24.723+0000] {processor.py:758} INFO - Processing file /home/airflow/.local/lib/python3.7/site-packages/airflow/example_dags/example_sla_dag.py for tasks to queue
[2022-09-24T20:03:24.730+0000] {logging_mixin.py:117} INFO - [2022-09-24T20:03:24.729+0000] {dagbag.py:525} INFO - Filling up the DagBag from /home/airflow/.local/lib/python3.7/site-packages/airflow/example_dags/example_sla_dag.py
[2022-09-24T20:03:24.981+0000] {processor.py:768} INFO - DAG(s) dict_keys(['example_sla_dag']) retrieved from /home/airflow/.local/lib/python3.7/site-packages/airflow/example_dags/example_sla_dag.py
[2022-09-24T20:03:25.484+0000] {logging_mixin.py:117} INFO - [2022-09-24T20:03:25.484+0000] {dag.py:2573} INFO - Sync 1 DAGs
[2022-09-24T20:03:25.859+0000] {logging_mixin.py:117} INFO - [2022-09-24T20:03:25.858+0000] {dag.py:3328} INFO - Setting next_dagrun for example_sla_dag to 2022-09-24T20:00:00+00:00, run_after=2022-09-24T20:02:00+00:00
[2022-09-24T20:03:26.040+0000] {processor.py:178} INFO - Processing /home/airflow/.local/lib/python3.7/site-packages/airflow/example_dags/example_sla_dag.py took 1.338 seconds
[2022-09-24T20:03:56.740+0000] {processor.py:156} INFO - Started process (PID=5184) to work on /home/airflow/.local/lib/python3.7/site-packages/airflow/example_dags/example_sla_dag.py
[2022-09-24T20:03:56.753+0000] {processor.py:758} INFO - Processing file /home/airflow/.local/lib/python3.7/site-packages/airflow/example_dags/example_sla_dag.py for tasks to queue
[2022-09-24T20:03:56.777+0000] {logging_mixin.py:117} INFO - [2022-09-24T20:03:56.770+0000] {dagbag.py:525} INFO - Filling up the DagBag from /home/airflow/.local/lib/python3.7/site-packages/airflow/example_dags/example_sla_dag.py
[2022-09-24T20:03:57.281+0000] {processor.py:768} INFO - DAG(s) dict_keys(['example_sla_dag']) retrieved from /home/airflow/.local/lib/python3.7/site-packages/airflow/example_dags/example_sla_dag.py
[2022-09-24T20:03:57.572+0000] {logging_mixin.py:117} INFO - [2022-09-24T20:03:57.571+0000] {dag.py:2573} INFO - Sync 1 DAGs
[2022-09-24T20:03:57.749+0000] {logging_mixin.py:117} INFO - [2022-09-24T20:03:57.749+0000] {dag.py:3328} INFO - Setting next_dagrun for example_sla_dag to 2022-09-24T20:00:00+00:00, run_after=2022-09-24T20:02:00+00:00
[2022-09-24T20:03:57.860+0000] {processor.py:178} INFO - Processing /home/airflow/.local/lib/python3.7/site-packages/airflow/example_dags/example_sla_dag.py took 1.235 seconds
[2022-09-24T20:04:28.061+0000] {processor.py:156} INFO - Started process (PID=5384) to work on /home/airflow/.local/lib/python3.7/site-packages/airflow/example_dags/example_sla_dag.py
[2022-09-24T20:04:28.064+0000] {processor.py:758} INFO - Processing file /home/airflow/.local/lib/python3.7/site-packages/airflow/example_dags/example_sla_dag.py for tasks to queue
[2022-09-24T20:04:28.067+0000] {logging_mixin.py:117} INFO - [2022-09-24T20:04:28.067+0000] {dagbag.py:525} INFO - Filling up the DagBag from /home/airflow/.local/lib/python3.7/site-packages/airflow/example_dags/example_sla_dag.py
[2022-09-24T20:04:28.111+0000] {processor.py:768} INFO - DAG(s) dict_keys(['example_sla_dag']) retrieved from /home/airflow/.local/lib/python3.7/site-packages/airflow/example_dags/example_sla_dag.py
[2022-09-24T20:04:28.183+0000] {logging_mixin.py:117} INFO - [2022-09-24T20:04:28.183+0000] {dag.py:2573} INFO - Sync 1 DAGs
[2022-09-24T20:04:28.232+0000] {logging_mixin.py:117} INFO - [2022-09-24T20:04:28.231+0000] {dag.py:3328} INFO - Setting next_dagrun for example_sla_dag to 2022-09-24T20:02:00+00:00, run_after=2022-09-24T20:04:00+00:00
[2022-09-24T20:04:28.273+0000] {processor.py:178} INFO - Processing /home/airflow/.local/lib/python3.7/site-packages/airflow/example_dags/example_sla_dag.py took 0.220 seconds
[2022-09-24T20:04:58.626+0000] {processor.py:156} INFO - Started process (PID=5580) to work on /home/airflow/.local/lib/python3.7/site-packages/airflow/example_dags/example_sla_dag.py
[2022-09-24T20:04:58.629+0000] {processor.py:758} INFO - Processing file /home/airflow/.local/lib/python3.7/site-packages/airflow/example_dags/example_sla_dag.py for tasks to queue
[2022-09-24T20:04:58.638+0000] {logging_mixin.py:117} INFO - [2022-09-24T20:04:58.638+0000] {dagbag.py:525} INFO - Filling up the DagBag from /home/airflow/.local/lib/python3.7/site-packages/airflow/example_dags/example_sla_dag.py
[2022-09-24T20:04:58.730+0000] {processor.py:768} INFO - DAG(s) dict_keys(['example_sla_dag']) retrieved from /home/airflow/.local/lib/python3.7/site-packages/airflow/example_dags/example_sla_dag.py
[2022-09-24T20:04:58.907+0000] {logging_mixin.py:117} INFO - [2022-09-24T20:04:58.906+0000] {dag.py:2573} INFO - Sync 1 DAGs
[2022-09-24T20:04:58.993+0000] {logging_mixin.py:117} INFO - [2022-09-24T20:04:58.993+0000] {dag.py:3328} INFO - Setting next_dagrun for example_sla_dag to 2022-09-24T20:02:00+00:00, run_after=2022-09-24T20:04:00+00:00
[2022-09-24T20:04:59.040+0000] {processor.py:178} INFO - Processing /home/airflow/.local/lib/python3.7/site-packages/airflow/example_dags/example_sla_dag.py took 0.431 seconds
[2022-09-24T20:05:29.165+0000] {processor.py:156} INFO - Started process (PID=5776) to work on /home/airflow/.local/lib/python3.7/site-packages/airflow/example_dags/example_sla_dag.py
[2022-09-24T20:05:29.183+0000] {processor.py:758} INFO - Processing file /home/airflow/.local/lib/python3.7/site-packages/airflow/example_dags/example_sla_dag.py for tasks to queue
[2022-09-24T20:05:29.191+0000] {logging_mixin.py:117} INFO - [2022-09-24T20:05:29.190+0000] {dagbag.py:525} INFO - Filling up the DagBag from /home/airflow/.local/lib/python3.7/site-packages/airflow/example_dags/example_sla_dag.py
[2022-09-24T20:05:29.278+0000] {processor.py:768} INFO - DAG(s) dict_keys(['example_sla_dag']) retrieved from /home/airflow/.local/lib/python3.7/site-packages/airflow/example_dags/example_sla_dag.py
[2022-09-24T20:05:29.424+0000] {logging_mixin.py:117} INFO - [2022-09-24T20:05:29.424+0000] {dag.py:2573} INFO - Sync 1 DAGs
[2022-09-24T20:05:29.510+0000] {logging_mixin.py:117} INFO - [2022-09-24T20:05:29.509+0000] {dag.py:3328} INFO - Setting next_dagrun for example_sla_dag to 2022-09-24T20:02:00+00:00, run_after=2022-09-24T20:04:00+00:00
[2022-09-24T20:05:29.561+0000] {processor.py:178} INFO - Processing /home/airflow/.local/lib/python3.7/site-packages/airflow/example_dags/example_sla_dag.py took 0.415 seconds
[2022-09-24T20:06:00.273+0000] {processor.py:156} INFO - Started process (PID=5962) to work on /home/airflow/.local/lib/python3.7/site-packages/airflow/example_dags/example_sla_dag.py
[2022-09-24T20:06:00.474+0000] {processor.py:758} INFO - Processing file /home/airflow/.local/lib/python3.7/site-packages/airflow/example_dags/example_sla_dag.py for tasks to queue
[2022-09-24T20:06:00.498+0000] {logging_mixin.py:117} INFO - [2022-09-24T20:06:00.497+0000] {dagbag.py:525} INFO - Filling up the DagBag from /home/airflow/.local/lib/python3.7/site-packages/airflow/example_dags/example_sla_dag.py
[2022-09-24T20:06:00.764+0000] {processor.py:768} INFO - DAG(s) dict_keys(['example_sla_dag']) retrieved from /home/airflow/.local/lib/python3.7/site-packages/airflow/example_dags/example_sla_dag.py
[2022-09-24T20:06:01.103+0000] {logging_mixin.py:117} INFO - [2022-09-24T20:06:01.102+0000] {dag.py:2573} INFO - Sync 1 DAGs
[2022-09-24T20:06:01.599+0000] {logging_mixin.py:117} INFO - [2022-09-24T20:06:01.598+0000] {dag.py:3328} INFO - Setting next_dagrun for example_sla_dag to 2022-09-24T20:04:00+00:00, run_after=2022-09-24T20:06:00+00:00
[2022-09-24T20:06:01.710+0000] {processor.py:178} INFO - Processing /home/airflow/.local/lib/python3.7/site-packages/airflow/example_dags/example_sla_dag.py took 1.538 seconds
[2022-09-24T20:06:32.377+0000] {processor.py:156} INFO - Started process (PID=6159) to work on /home/airflow/.local/lib/python3.7/site-packages/airflow/example_dags/example_sla_dag.py
[2022-09-24T20:06:32.380+0000] {processor.py:758} INFO - Processing file /home/airflow/.local/lib/python3.7/site-packages/airflow/example_dags/example_sla_dag.py for tasks to queue
[2022-09-24T20:06:32.382+0000] {logging_mixin.py:117} INFO - [2022-09-24T20:06:32.382+0000] {dagbag.py:525} INFO - Filling up the DagBag from /home/airflow/.local/lib/python3.7/site-packages/airflow/example_dags/example_sla_dag.py
[2022-09-24T20:06:32.449+0000] {processor.py:768} INFO - DAG(s) dict_keys(['example_sla_dag']) retrieved from /home/airflow/.local/lib/python3.7/site-packages/airflow/example_dags/example_sla_dag.py
[2022-09-24T20:06:32.548+0000] {logging_mixin.py:117} INFO - [2022-09-24T20:06:32.547+0000] {dag.py:2573} INFO - Sync 1 DAGs
[2022-09-24T20:06:32.680+0000] {logging_mixin.py:117} INFO - [2022-09-24T20:06:32.679+0000] {dag.py:3328} INFO - Setting next_dagrun for example_sla_dag to 2022-09-24T20:04:00+00:00, run_after=2022-09-24T20:06:00+00:00
[2022-09-24T20:06:32.735+0000] {processor.py:178} INFO - Processing /home/airflow/.local/lib/python3.7/site-packages/airflow/example_dags/example_sla_dag.py took 0.368 seconds
[2022-09-24T20:07:03.003+0000] {processor.py:156} INFO - Started process (PID=6357) to work on /home/airflow/.local/lib/python3.7/site-packages/airflow/example_dags/example_sla_dag.py
[2022-09-24T20:07:03.015+0000] {processor.py:758} INFO - Processing file /home/airflow/.local/lib/python3.7/site-packages/airflow/example_dags/example_sla_dag.py for tasks to queue
[2022-09-24T20:07:03.039+0000] {logging_mixin.py:117} INFO - [2022-09-24T20:07:03.039+0000] {dagbag.py:525} INFO - Filling up the DagBag from /home/airflow/.local/lib/python3.7/site-packages/airflow/example_dags/example_sla_dag.py
[2022-09-24T20:07:03.166+0000] {processor.py:768} INFO - DAG(s) dict_keys(['example_sla_dag']) retrieved from /home/airflow/.local/lib/python3.7/site-packages/airflow/example_dags/example_sla_dag.py
[2022-09-24T20:07:03.268+0000] {logging_mixin.py:117} INFO - [2022-09-24T20:07:03.267+0000] {dag.py:2573} INFO - Sync 1 DAGs
[2022-09-24T20:07:03.347+0000] {logging_mixin.py:117} INFO - [2022-09-24T20:07:03.347+0000] {dag.py:3328} INFO - Setting next_dagrun for example_sla_dag to 2022-09-24T20:04:00+00:00, run_after=2022-09-24T20:06:00+00:00
[2022-09-24T20:07:03.397+0000] {processor.py:178} INFO - Processing /home/airflow/.local/lib/python3.7/site-packages/airflow/example_dags/example_sla_dag.py took 0.410 seconds
[2022-09-24T20:07:34.173+0000] {processor.py:156} INFO - Started process (PID=6563) to work on /home/airflow/.local/lib/python3.7/site-packages/airflow/example_dags/example_sla_dag.py
[2022-09-24T20:07:34.180+0000] {processor.py:758} INFO - Processing file /home/airflow/.local/lib/python3.7/site-packages/airflow/example_dags/example_sla_dag.py for tasks to queue
[2022-09-24T20:07:34.187+0000] {logging_mixin.py:117} INFO - [2022-09-24T20:07:34.186+0000] {dagbag.py:525} INFO - Filling up the DagBag from /home/airflow/.local/lib/python3.7/site-packages/airflow/example_dags/example_sla_dag.py
[2022-09-24T20:07:34.270+0000] {processor.py:768} INFO - DAG(s) dict_keys(['example_sla_dag']) retrieved from /home/airflow/.local/lib/python3.7/site-packages/airflow/example_dags/example_sla_dag.py
[2022-09-24T20:07:34.353+0000] {logging_mixin.py:117} INFO - [2022-09-24T20:07:34.352+0000] {dag.py:2573} INFO - Sync 1 DAGs
[2022-09-24T20:07:34.454+0000] {logging_mixin.py:117} INFO - [2022-09-24T20:07:34.453+0000] {dag.py:3328} INFO - Setting next_dagrun for example_sla_dag to 2022-09-24T20:04:00+00:00, run_after=2022-09-24T20:06:00+00:00
[2022-09-24T20:07:34.528+0000] {processor.py:178} INFO - Processing /home/airflow/.local/lib/python3.7/site-packages/airflow/example_dags/example_sla_dag.py took 0.361 seconds
[2022-09-24T20:08:05.034+0000] {processor.py:156} INFO - Started process (PID=6761) to work on /home/airflow/.local/lib/python3.7/site-packages/airflow/example_dags/example_sla_dag.py
[2022-09-24T20:08:05.040+0000] {processor.py:758} INFO - Processing file /home/airflow/.local/lib/python3.7/site-packages/airflow/example_dags/example_sla_dag.py for tasks to queue
[2022-09-24T20:08:05.047+0000] {logging_mixin.py:117} INFO - [2022-09-24T20:08:05.045+0000] {dagbag.py:525} INFO - Filling up the DagBag from /home/airflow/.local/lib/python3.7/site-packages/airflow/example_dags/example_sla_dag.py
[2022-09-24T20:08:05.205+0000] {processor.py:768} INFO - DAG(s) dict_keys(['example_sla_dag']) retrieved from /home/airflow/.local/lib/python3.7/site-packages/airflow/example_dags/example_sla_dag.py
[2022-09-24T20:08:05.431+0000] {logging_mixin.py:117} INFO - [2022-09-24T20:08:05.430+0000] {dag.py:2573} INFO - Sync 1 DAGs
[2022-09-24T20:08:05.569+0000] {logging_mixin.py:117} INFO - [2022-09-24T20:08:05.569+0000] {dag.py:3328} INFO - Setting next_dagrun for example_sla_dag to 2022-09-24T20:06:00+00:00, run_after=2022-09-24T20:08:00+00:00
[2022-09-24T20:08:05.617+0000] {processor.py:178} INFO - Processing /home/airflow/.local/lib/python3.7/site-packages/airflow/example_dags/example_sla_dag.py took 0.608 seconds
[2022-09-24T20:08:35.998+0000] {processor.py:156} INFO - Started process (PID=6970) to work on /home/airflow/.local/lib/python3.7/site-packages/airflow/example_dags/example_sla_dag.py
[2022-09-24T20:08:36.002+0000] {processor.py:758} INFO - Processing file /home/airflow/.local/lib/python3.7/site-packages/airflow/example_dags/example_sla_dag.py for tasks to queue
[2022-09-24T20:08:36.006+0000] {logging_mixin.py:117} INFO - [2022-09-24T20:08:36.006+0000] {dagbag.py:525} INFO - Filling up the DagBag from /home/airflow/.local/lib/python3.7/site-packages/airflow/example_dags/example_sla_dag.py
[2022-09-24T20:08:36.100+0000] {processor.py:768} INFO - DAG(s) dict_keys(['example_sla_dag']) retrieved from /home/airflow/.local/lib/python3.7/site-packages/airflow/example_dags/example_sla_dag.py
[2022-09-24T20:08:36.367+0000] {logging_mixin.py:117} INFO - [2022-09-24T20:08:36.367+0000] {dag.py:2573} INFO - Sync 1 DAGs
[2022-09-24T20:08:36.494+0000] {logging_mixin.py:117} INFO - [2022-09-24T20:08:36.494+0000] {dag.py:3328} INFO - Setting next_dagrun for example_sla_dag to 2022-09-24T20:06:00+00:00, run_after=2022-09-24T20:08:00+00:00
[2022-09-24T20:08:36.557+0000] {processor.py:178} INFO - Processing /home/airflow/.local/lib/python3.7/site-packages/airflow/example_dags/example_sla_dag.py took 0.565 seconds
[2022-09-24T20:09:07.122+0000] {processor.py:156} INFO - Started process (PID=7168) to work on /home/airflow/.local/lib/python3.7/site-packages/airflow/example_dags/example_sla_dag.py
[2022-09-24T20:09:07.125+0000] {processor.py:758} INFO - Processing file /home/airflow/.local/lib/python3.7/site-packages/airflow/example_dags/example_sla_dag.py for tasks to queue
[2022-09-24T20:09:07.128+0000] {logging_mixin.py:117} INFO - [2022-09-24T20:09:07.128+0000] {dagbag.py:525} INFO - Filling up the DagBag from /home/airflow/.local/lib/python3.7/site-packages/airflow/example_dags/example_sla_dag.py
[2022-09-24T20:09:07.185+0000] {processor.py:768} INFO - DAG(s) dict_keys(['example_sla_dag']) retrieved from /home/airflow/.local/lib/python3.7/site-packages/airflow/example_dags/example_sla_dag.py
[2022-09-24T20:09:07.268+0000] {logging_mixin.py:117} INFO - [2022-09-24T20:09:07.268+0000] {dag.py:2573} INFO - Sync 1 DAGs
[2022-09-24T20:09:07.327+0000] {logging_mixin.py:117} INFO - [2022-09-24T20:09:07.326+0000] {dag.py:3328} INFO - Setting next_dagrun for example_sla_dag to 2022-09-24T20:06:00+00:00, run_after=2022-09-24T20:08:00+00:00
[2022-09-24T20:09:07.373+0000] {processor.py:178} INFO - Processing /home/airflow/.local/lib/python3.7/site-packages/airflow/example_dags/example_sla_dag.py took 0.258 seconds
[2022-09-24T20:09:38.351+0000] {processor.py:156} INFO - Started process (PID=7368) to work on /home/airflow/.local/lib/python3.7/site-packages/airflow/example_dags/example_sla_dag.py
[2022-09-24T20:09:38.354+0000] {processor.py:758} INFO - Processing file /home/airflow/.local/lib/python3.7/site-packages/airflow/example_dags/example_sla_dag.py for tasks to queue
[2022-09-24T20:09:38.357+0000] {logging_mixin.py:117} INFO - [2022-09-24T20:09:38.357+0000] {dagbag.py:525} INFO - Filling up the DagBag from /home/airflow/.local/lib/python3.7/site-packages/airflow/example_dags/example_sla_dag.py
[2022-09-24T20:09:38.404+0000] {processor.py:768} INFO - DAG(s) dict_keys(['example_sla_dag']) retrieved from /home/airflow/.local/lib/python3.7/site-packages/airflow/example_dags/example_sla_dag.py
[2022-09-24T20:09:38.497+0000] {logging_mixin.py:117} INFO - [2022-09-24T20:09:38.497+0000] {dag.py:2573} INFO - Sync 1 DAGs
[2022-09-24T20:09:38.568+0000] {logging_mixin.py:117} INFO - [2022-09-24T20:09:38.567+0000] {dag.py:3328} INFO - Setting next_dagrun for example_sla_dag to 2022-09-24T20:06:00+00:00, run_after=2022-09-24T20:08:00+00:00
[2022-09-24T20:09:38.639+0000] {processor.py:178} INFO - Processing /home/airflow/.local/lib/python3.7/site-packages/airflow/example_dags/example_sla_dag.py took 0.294 seconds
[2022-09-24T20:10:09.035+0000] {processor.py:156} INFO - Started process (PID=7576) to work on /home/airflow/.local/lib/python3.7/site-packages/airflow/example_dags/example_sla_dag.py
[2022-09-24T20:10:09.038+0000] {processor.py:758} INFO - Processing file /home/airflow/.local/lib/python3.7/site-packages/airflow/example_dags/example_sla_dag.py for tasks to queue
[2022-09-24T20:10:09.040+0000] {logging_mixin.py:117} INFO - [2022-09-24T20:10:09.040+0000] {dagbag.py:525} INFO - Filling up the DagBag from /home/airflow/.local/lib/python3.7/site-packages/airflow/example_dags/example_sla_dag.py
[2022-09-24T20:10:09.089+0000] {processor.py:768} INFO - DAG(s) dict_keys(['example_sla_dag']) retrieved from /home/airflow/.local/lib/python3.7/site-packages/airflow/example_dags/example_sla_dag.py
[2022-09-24T20:10:09.179+0000] {logging_mixin.py:117} INFO - [2022-09-24T20:10:09.179+0000] {dag.py:2573} INFO - Sync 1 DAGs
[2022-09-24T20:10:09.237+0000] {logging_mixin.py:117} INFO - [2022-09-24T20:10:09.236+0000] {dag.py:3328} INFO - Setting next_dagrun for example_sla_dag to 2022-09-24T20:08:00+00:00, run_after=2022-09-24T20:10:00+00:00
[2022-09-24T20:10:09.289+0000] {processor.py:178} INFO - Processing /home/airflow/.local/lib/python3.7/site-packages/airflow/example_dags/example_sla_dag.py took 0.263 seconds
[2022-09-24T20:10:39.520+0000] {processor.py:156} INFO - Started process (PID=7774) to work on /home/airflow/.local/lib/python3.7/site-packages/airflow/example_dags/example_sla_dag.py
[2022-09-24T20:10:39.523+0000] {processor.py:758} INFO - Processing file /home/airflow/.local/lib/python3.7/site-packages/airflow/example_dags/example_sla_dag.py for tasks to queue
[2022-09-24T20:10:39.526+0000] {logging_mixin.py:117} INFO - [2022-09-24T20:10:39.526+0000] {dagbag.py:525} INFO - Filling up the DagBag from /home/airflow/.local/lib/python3.7/site-packages/airflow/example_dags/example_sla_dag.py
[2022-09-24T20:10:39.573+0000] {processor.py:768} INFO - DAG(s) dict_keys(['example_sla_dag']) retrieved from /home/airflow/.local/lib/python3.7/site-packages/airflow/example_dags/example_sla_dag.py
[2022-09-24T20:10:39.668+0000] {logging_mixin.py:117} INFO - [2022-09-24T20:10:39.668+0000] {dag.py:2573} INFO - Sync 1 DAGs
[2022-09-24T20:10:39.745+0000] {logging_mixin.py:117} INFO - [2022-09-24T20:10:39.745+0000] {dag.py:3328} INFO - Setting next_dagrun for example_sla_dag to 2022-09-24T20:08:00+00:00, run_after=2022-09-24T20:10:00+00:00
[2022-09-24T20:10:39.801+0000] {processor.py:178} INFO - Processing /home/airflow/.local/lib/python3.7/site-packages/airflow/example_dags/example_sla_dag.py took 0.288 seconds
[2022-09-24T20:11:10.204+0000] {processor.py:156} INFO - Started process (PID=7980) to work on /home/airflow/.local/lib/python3.7/site-packages/airflow/example_dags/example_sla_dag.py
[2022-09-24T20:11:10.210+0000] {processor.py:758} INFO - Processing file /home/airflow/.local/lib/python3.7/site-packages/airflow/example_dags/example_sla_dag.py for tasks to queue
[2022-09-24T20:11:10.215+0000] {logging_mixin.py:117} INFO - [2022-09-24T20:11:10.215+0000] {dagbag.py:525} INFO - Filling up the DagBag from /home/airflow/.local/lib/python3.7/site-packages/airflow/example_dags/example_sla_dag.py
[2022-09-24T20:11:10.312+0000] {processor.py:768} INFO - DAG(s) dict_keys(['example_sla_dag']) retrieved from /home/airflow/.local/lib/python3.7/site-packages/airflow/example_dags/example_sla_dag.py
[2022-09-24T20:11:10.525+0000] {logging_mixin.py:117} INFO - [2022-09-24T20:11:10.525+0000] {dag.py:2573} INFO - Sync 1 DAGs
[2022-09-24T20:11:10.622+0000] {logging_mixin.py:117} INFO - [2022-09-24T20:11:10.622+0000] {dag.py:3328} INFO - Setting next_dagrun for example_sla_dag to 2022-09-24T20:08:00+00:00, run_after=2022-09-24T20:10:00+00:00
[2022-09-24T20:11:10.675+0000] {processor.py:178} INFO - Processing /home/airflow/.local/lib/python3.7/site-packages/airflow/example_dags/example_sla_dag.py took 0.482 seconds
[2022-09-24T20:11:41.693+0000] {processor.py:156} INFO - Started process (PID=8173) to work on /home/airflow/.local/lib/python3.7/site-packages/airflow/example_dags/example_sla_dag.py
[2022-09-24T20:11:41.701+0000] {processor.py:758} INFO - Processing file /home/airflow/.local/lib/python3.7/site-packages/airflow/example_dags/example_sla_dag.py for tasks to queue
[2022-09-24T20:11:41.705+0000] {logging_mixin.py:117} INFO - [2022-09-24T20:11:41.705+0000] {dagbag.py:525} INFO - Filling up the DagBag from /home/airflow/.local/lib/python3.7/site-packages/airflow/example_dags/example_sla_dag.py
[2022-09-24T20:11:41.848+0000] {processor.py:768} INFO - DAG(s) dict_keys(['example_sla_dag']) retrieved from /home/airflow/.local/lib/python3.7/site-packages/airflow/example_dags/example_sla_dag.py
[2022-09-24T20:11:42.208+0000] {logging_mixin.py:117} INFO - [2022-09-24T20:11:42.208+0000] {dag.py:2573} INFO - Sync 1 DAGs
[2022-09-24T20:11:42.510+0000] {logging_mixin.py:117} INFO - [2022-09-24T20:11:42.509+0000] {dag.py:3328} INFO - Setting next_dagrun for example_sla_dag to 2022-09-24T20:08:00+00:00, run_after=2022-09-24T20:10:00+00:00
[2022-09-24T20:11:42.631+0000] {processor.py:178} INFO - Processing /home/airflow/.local/lib/python3.7/site-packages/airflow/example_dags/example_sla_dag.py took 0.950 seconds
[2022-09-24T20:12:12.882+0000] {processor.py:156} INFO - Started process (PID=8373) to work on /home/airflow/.local/lib/python3.7/site-packages/airflow/example_dags/example_sla_dag.py
[2022-09-24T20:12:12.889+0000] {processor.py:758} INFO - Processing file /home/airflow/.local/lib/python3.7/site-packages/airflow/example_dags/example_sla_dag.py for tasks to queue
[2022-09-24T20:12:12.893+0000] {logging_mixin.py:117} INFO - [2022-09-24T20:12:12.893+0000] {dagbag.py:525} INFO - Filling up the DagBag from /home/airflow/.local/lib/python3.7/site-packages/airflow/example_dags/example_sla_dag.py
[2022-09-24T20:12:13.006+0000] {processor.py:768} INFO - DAG(s) dict_keys(['example_sla_dag']) retrieved from /home/airflow/.local/lib/python3.7/site-packages/airflow/example_dags/example_sla_dag.py
[2022-09-24T20:12:13.161+0000] {logging_mixin.py:117} INFO - [2022-09-24T20:12:13.160+0000] {dag.py:2573} INFO - Sync 1 DAGs
[2022-09-24T20:12:13.248+0000] {logging_mixin.py:117} INFO - [2022-09-24T20:12:13.248+0000] {dag.py:3328} INFO - Setting next_dagrun for example_sla_dag to 2022-09-24T20:10:00+00:00, run_after=2022-09-24T20:12:00+00:00
[2022-09-24T20:12:13.311+0000] {processor.py:178} INFO - Processing /home/airflow/.local/lib/python3.7/site-packages/airflow/example_dags/example_sla_dag.py took 0.440 seconds
[2022-09-24T20:12:43.462+0000] {processor.py:156} INFO - Started process (PID=8559) to work on /home/airflow/.local/lib/python3.7/site-packages/airflow/example_dags/example_sla_dag.py
[2022-09-24T20:12:43.466+0000] {processor.py:758} INFO - Processing file /home/airflow/.local/lib/python3.7/site-packages/airflow/example_dags/example_sla_dag.py for tasks to queue
[2022-09-24T20:12:43.470+0000] {logging_mixin.py:117} INFO - [2022-09-24T20:12:43.469+0000] {dagbag.py:525} INFO - Filling up the DagBag from /home/airflow/.local/lib/python3.7/site-packages/airflow/example_dags/example_sla_dag.py
[2022-09-24T20:12:43.530+0000] {processor.py:768} INFO - DAG(s) dict_keys(['example_sla_dag']) retrieved from /home/airflow/.local/lib/python3.7/site-packages/airflow/example_dags/example_sla_dag.py
[2022-09-24T20:12:43.650+0000] {logging_mixin.py:117} INFO - [2022-09-24T20:12:43.650+0000] {dag.py:2573} INFO - Sync 1 DAGs
[2022-09-24T20:12:43.774+0000] {logging_mixin.py:117} INFO - [2022-09-24T20:12:43.774+0000] {dag.py:3328} INFO - Setting next_dagrun for example_sla_dag to 2022-09-24T20:10:00+00:00, run_after=2022-09-24T20:12:00+00:00
[2022-09-24T20:12:43.837+0000] {processor.py:178} INFO - Processing /home/airflow/.local/lib/python3.7/site-packages/airflow/example_dags/example_sla_dag.py took 0.385 seconds
[2022-09-24T20:13:14.479+0000] {processor.py:156} INFO - Started process (PID=8757) to work on /home/airflow/.local/lib/python3.7/site-packages/airflow/example_dags/example_sla_dag.py
[2022-09-24T20:13:14.482+0000] {processor.py:758} INFO - Processing file /home/airflow/.local/lib/python3.7/site-packages/airflow/example_dags/example_sla_dag.py for tasks to queue
[2022-09-24T20:13:14.485+0000] {logging_mixin.py:117} INFO - [2022-09-24T20:13:14.484+0000] {dagbag.py:525} INFO - Filling up the DagBag from /home/airflow/.local/lib/python3.7/site-packages/airflow/example_dags/example_sla_dag.py
[2022-09-24T20:13:14.532+0000] {processor.py:768} INFO - DAG(s) dict_keys(['example_sla_dag']) retrieved from /home/airflow/.local/lib/python3.7/site-packages/airflow/example_dags/example_sla_dag.py
[2022-09-24T20:13:14.621+0000] {logging_mixin.py:117} INFO - [2022-09-24T20:13:14.620+0000] {dag.py:2573} INFO - Sync 1 DAGs
[2022-09-24T20:13:14.685+0000] {logging_mixin.py:117} INFO - [2022-09-24T20:13:14.685+0000] {dag.py:3328} INFO - Setting next_dagrun for example_sla_dag to 2022-09-24T20:10:00+00:00, run_after=2022-09-24T20:12:00+00:00
[2022-09-24T20:13:14.730+0000] {processor.py:178} INFO - Processing /home/airflow/.local/lib/python3.7/site-packages/airflow/example_dags/example_sla_dag.py took 0.260 seconds
[2022-09-24T20:13:45.830+0000] {processor.py:156} INFO - Started process (PID=8960) to work on /home/airflow/.local/lib/python3.7/site-packages/airflow/example_dags/example_sla_dag.py
[2022-09-24T20:13:45.838+0000] {processor.py:758} INFO - Processing file /home/airflow/.local/lib/python3.7/site-packages/airflow/example_dags/example_sla_dag.py for tasks to queue
[2022-09-24T20:13:45.842+0000] {logging_mixin.py:117} INFO - [2022-09-24T20:13:45.842+0000] {dagbag.py:525} INFO - Filling up the DagBag from /home/airflow/.local/lib/python3.7/site-packages/airflow/example_dags/example_sla_dag.py
[2022-09-24T20:13:46.007+0000] {processor.py:768} INFO - DAG(s) dict_keys(['example_sla_dag']) retrieved from /home/airflow/.local/lib/python3.7/site-packages/airflow/example_dags/example_sla_dag.py
[2022-09-24T20:13:47.395+0000] {logging_mixin.py:117} INFO - [2022-09-24T20:13:47.395+0000] {dag.py:2573} INFO - Sync 1 DAGs
[2022-09-24T20:13:47.776+0000] {logging_mixin.py:117} INFO - [2022-09-24T20:13:47.768+0000] {dag.py:3328} INFO - Setting next_dagrun for example_sla_dag to 2022-09-24T20:10:00+00:00, run_after=2022-09-24T20:12:00+00:00
[2022-09-24T20:13:47.933+0000] {processor.py:178} INFO - Processing /home/airflow/.local/lib/python3.7/site-packages/airflow/example_dags/example_sla_dag.py took 2.129 seconds
[2022-09-24T20:14:25.816+0000] {processor.py:156} INFO - Started process (PID=9162) to work on /home/airflow/.local/lib/python3.7/site-packages/airflow/example_dags/example_sla_dag.py
[2022-09-24T20:14:25.830+0000] {processor.py:758} INFO - Processing file /home/airflow/.local/lib/python3.7/site-packages/airflow/example_dags/example_sla_dag.py for tasks to queue
[2022-09-24T20:14:25.841+0000] {logging_mixin.py:117} INFO - [2022-09-24T20:14:25.841+0000] {dagbag.py:525} INFO - Filling up the DagBag from /home/airflow/.local/lib/python3.7/site-packages/airflow/example_dags/example_sla_dag.py
[2022-09-24T20:14:26.335+0000] {processor.py:768} INFO - DAG(s) dict_keys(['example_sla_dag']) retrieved from /home/airflow/.local/lib/python3.7/site-packages/airflow/example_dags/example_sla_dag.py
[2022-09-24T20:14:26.852+0000] {logging_mixin.py:117} INFO - [2022-09-24T20:14:26.852+0000] {dag.py:2573} INFO - Sync 1 DAGs
[2022-09-24T20:14:27.235+0000] {logging_mixin.py:117} INFO - [2022-09-24T20:14:27.235+0000] {dag.py:3328} INFO - Setting next_dagrun for example_sla_dag to 2022-09-24T20:12:00+00:00, run_after=2022-09-24T20:14:00+00:00
[2022-09-24T20:14:27.414+0000] {processor.py:178} INFO - Processing /home/airflow/.local/lib/python3.7/site-packages/airflow/example_dags/example_sla_dag.py took 1.458 seconds
[2022-09-24T20:14:58.008+0000] {processor.py:156} INFO - Started process (PID=9362) to work on /home/airflow/.local/lib/python3.7/site-packages/airflow/example_dags/example_sla_dag.py
[2022-09-24T20:14:58.011+0000] {processor.py:758} INFO - Processing file /home/airflow/.local/lib/python3.7/site-packages/airflow/example_dags/example_sla_dag.py for tasks to queue
[2022-09-24T20:14:58.014+0000] {logging_mixin.py:117} INFO - [2022-09-24T20:14:58.014+0000] {dagbag.py:525} INFO - Filling up the DagBag from /home/airflow/.local/lib/python3.7/site-packages/airflow/example_dags/example_sla_dag.py
[2022-09-24T20:14:58.062+0000] {processor.py:768} INFO - DAG(s) dict_keys(['example_sla_dag']) retrieved from /home/airflow/.local/lib/python3.7/site-packages/airflow/example_dags/example_sla_dag.py
[2022-09-24T20:14:58.133+0000] {logging_mixin.py:117} INFO - [2022-09-24T20:14:58.133+0000] {dag.py:2573} INFO - Sync 1 DAGs
[2022-09-24T20:14:58.188+0000] {logging_mixin.py:117} INFO - [2022-09-24T20:14:58.187+0000] {dag.py:3328} INFO - Setting next_dagrun for example_sla_dag to 2022-09-24T20:12:00+00:00, run_after=2022-09-24T20:14:00+00:00
[2022-09-24T20:14:58.240+0000] {processor.py:178} INFO - Processing /home/airflow/.local/lib/python3.7/site-packages/airflow/example_dags/example_sla_dag.py took 0.241 seconds
[2022-09-24T20:15:28.387+0000] {processor.py:156} INFO - Started process (PID=9560) to work on /home/airflow/.local/lib/python3.7/site-packages/airflow/example_dags/example_sla_dag.py
[2022-09-24T20:15:28.397+0000] {processor.py:758} INFO - Processing file /home/airflow/.local/lib/python3.7/site-packages/airflow/example_dags/example_sla_dag.py for tasks to queue
[2022-09-24T20:15:28.400+0000] {logging_mixin.py:117} INFO - [2022-09-24T20:15:28.399+0000] {dagbag.py:525} INFO - Filling up the DagBag from /home/airflow/.local/lib/python3.7/site-packages/airflow/example_dags/example_sla_dag.py
[2022-09-24T20:15:28.468+0000] {processor.py:768} INFO - DAG(s) dict_keys(['example_sla_dag']) retrieved from /home/airflow/.local/lib/python3.7/site-packages/airflow/example_dags/example_sla_dag.py
[2022-09-24T20:15:28.580+0000] {logging_mixin.py:117} INFO - [2022-09-24T20:15:28.579+0000] {dag.py:2573} INFO - Sync 1 DAGs
[2022-09-24T20:15:28.649+0000] {logging_mixin.py:117} INFO - [2022-09-24T20:15:28.649+0000] {dag.py:3328} INFO - Setting next_dagrun for example_sla_dag to 2022-09-24T20:12:00+00:00, run_after=2022-09-24T20:14:00+00:00
[2022-09-24T20:15:28.698+0000] {processor.py:178} INFO - Processing /home/airflow/.local/lib/python3.7/site-packages/airflow/example_dags/example_sla_dag.py took 0.321 seconds
[2022-09-24T20:15:59.717+0000] {processor.py:156} INFO - Started process (PID=9758) to work on /home/airflow/.local/lib/python3.7/site-packages/airflow/example_dags/example_sla_dag.py
[2022-09-24T20:15:59.722+0000] {processor.py:758} INFO - Processing file /home/airflow/.local/lib/python3.7/site-packages/airflow/example_dags/example_sla_dag.py for tasks to queue
[2022-09-24T20:15:59.729+0000] {logging_mixin.py:117} INFO - [2022-09-24T20:15:59.728+0000] {dagbag.py:525} INFO - Filling up the DagBag from /home/airflow/.local/lib/python3.7/site-packages/airflow/example_dags/example_sla_dag.py
[2022-09-24T20:15:59.830+0000] {processor.py:768} INFO - DAG(s) dict_keys(['example_sla_dag']) retrieved from /home/airflow/.local/lib/python3.7/site-packages/airflow/example_dags/example_sla_dag.py
[2022-09-24T20:16:00.016+0000] {logging_mixin.py:117} INFO - [2022-09-24T20:16:00.015+0000] {dag.py:2573} INFO - Sync 1 DAGs
[2022-09-24T20:16:00.079+0000] {logging_mixin.py:117} INFO - [2022-09-24T20:16:00.079+0000] {dag.py:3328} INFO - Setting next_dagrun for example_sla_dag to 2022-09-24T20:14:00+00:00, run_after=2022-09-24T20:16:00+00:00
[2022-09-24T20:16:00.124+0000] {processor.py:178} INFO - Processing /home/airflow/.local/lib/python3.7/site-packages/airflow/example_dags/example_sla_dag.py took 0.419 seconds
[2022-09-24T20:16:31.023+0000] {processor.py:156} INFO - Started process (PID=9956) to work on /home/airflow/.local/lib/python3.7/site-packages/airflow/example_dags/example_sla_dag.py
[2022-09-24T20:16:31.027+0000] {processor.py:758} INFO - Processing file /home/airflow/.local/lib/python3.7/site-packages/airflow/example_dags/example_sla_dag.py for tasks to queue
[2022-09-24T20:16:31.031+0000] {logging_mixin.py:117} INFO - [2022-09-24T20:16:31.030+0000] {dagbag.py:525} INFO - Filling up the DagBag from /home/airflow/.local/lib/python3.7/site-packages/airflow/example_dags/example_sla_dag.py
[2022-09-24T20:16:31.195+0000] {processor.py:768} INFO - DAG(s) dict_keys(['example_sla_dag']) retrieved from /home/airflow/.local/lib/python3.7/site-packages/airflow/example_dags/example_sla_dag.py
[2022-09-24T20:16:31.320+0000] {logging_mixin.py:117} INFO - [2022-09-24T20:16:31.320+0000] {dag.py:2573} INFO - Sync 1 DAGs
[2022-09-24T20:16:31.378+0000] {logging_mixin.py:117} INFO - [2022-09-24T20:16:31.378+0000] {dag.py:3328} INFO - Setting next_dagrun for example_sla_dag to 2022-09-24T20:14:00+00:00, run_after=2022-09-24T20:16:00+00:00
[2022-09-24T20:16:31.425+0000] {processor.py:178} INFO - Processing /home/airflow/.local/lib/python3.7/site-packages/airflow/example_dags/example_sla_dag.py took 0.412 seconds
[2022-09-24T20:17:01.826+0000] {processor.py:156} INFO - Started process (PID=10148) to work on /home/airflow/.local/lib/python3.7/site-packages/airflow/example_dags/example_sla_dag.py
[2022-09-24T20:17:01.830+0000] {processor.py:758} INFO - Processing file /home/airflow/.local/lib/python3.7/site-packages/airflow/example_dags/example_sla_dag.py for tasks to queue
[2022-09-24T20:17:01.835+0000] {logging_mixin.py:117} INFO - [2022-09-24T20:17:01.834+0000] {dagbag.py:525} INFO - Filling up the DagBag from /home/airflow/.local/lib/python3.7/site-packages/airflow/example_dags/example_sla_dag.py
[2022-09-24T20:17:01.941+0000] {processor.py:768} INFO - DAG(s) dict_keys(['example_sla_dag']) retrieved from /home/airflow/.local/lib/python3.7/site-packages/airflow/example_dags/example_sla_dag.py
[2022-09-24T20:17:02.127+0000] {logging_mixin.py:117} INFO - [2022-09-24T20:17:02.127+0000] {dag.py:2573} INFO - Sync 1 DAGs
[2022-09-24T20:17:02.242+0000] {logging_mixin.py:117} INFO - [2022-09-24T20:17:02.242+0000] {dag.py:3328} INFO - Setting next_dagrun for example_sla_dag to 2022-09-24T20:14:00+00:00, run_after=2022-09-24T20:16:00+00:00
[2022-09-24T20:17:02.285+0000] {processor.py:178} INFO - Processing /home/airflow/.local/lib/python3.7/site-packages/airflow/example_dags/example_sla_dag.py took 0.479 seconds
[2022-09-24T20:17:32.381+0000] {processor.py:156} INFO - Started process (PID=10343) to work on /home/airflow/.local/lib/python3.7/site-packages/airflow/example_dags/example_sla_dag.py
[2022-09-24T20:17:32.387+0000] {processor.py:758} INFO - Processing file /home/airflow/.local/lib/python3.7/site-packages/airflow/example_dags/example_sla_dag.py for tasks to queue
[2022-09-24T20:17:32.391+0000] {logging_mixin.py:117} INFO - [2022-09-24T20:17:32.390+0000] {dagbag.py:525} INFO - Filling up the DagBag from /home/airflow/.local/lib/python3.7/site-packages/airflow/example_dags/example_sla_dag.py
[2022-09-24T20:17:32.462+0000] {processor.py:768} INFO - DAG(s) dict_keys(['example_sla_dag']) retrieved from /home/airflow/.local/lib/python3.7/site-packages/airflow/example_dags/example_sla_dag.py
[2022-09-24T20:17:32.595+0000] {logging_mixin.py:117} INFO - [2022-09-24T20:17:32.595+0000] {dag.py:2573} INFO - Sync 1 DAGs
[2022-09-24T20:17:32.673+0000] {logging_mixin.py:117} INFO - [2022-09-24T20:17:32.672+0000] {dag.py:3328} INFO - Setting next_dagrun for example_sla_dag to 2022-09-24T20:14:00+00:00, run_after=2022-09-24T20:16:00+00:00
[2022-09-24T20:17:32.718+0000] {processor.py:178} INFO - Processing /home/airflow/.local/lib/python3.7/site-packages/airflow/example_dags/example_sla_dag.py took 0.353 seconds
[2022-09-24T20:18:03.071+0000] {processor.py:156} INFO - Started process (PID=10550) to work on /home/airflow/.local/lib/python3.7/site-packages/airflow/example_dags/example_sla_dag.py
[2022-09-24T20:18:03.094+0000] {processor.py:758} INFO - Processing file /home/airflow/.local/lib/python3.7/site-packages/airflow/example_dags/example_sla_dag.py for tasks to queue
[2022-09-24T20:18:03.118+0000] {logging_mixin.py:117} INFO - [2022-09-24T20:18:03.115+0000] {dagbag.py:525} INFO - Filling up the DagBag from /home/airflow/.local/lib/python3.7/site-packages/airflow/example_dags/example_sla_dag.py
[2022-09-24T20:18:03.334+0000] {processor.py:768} INFO - DAG(s) dict_keys(['example_sla_dag']) retrieved from /home/airflow/.local/lib/python3.7/site-packages/airflow/example_dags/example_sla_dag.py
[2022-09-24T20:18:03.451+0000] {logging_mixin.py:117} INFO - [2022-09-24T20:18:03.451+0000] {dag.py:2573} INFO - Sync 1 DAGs
[2022-09-24T20:18:03.513+0000] {logging_mixin.py:117} INFO - [2022-09-24T20:18:03.512+0000] {dag.py:3328} INFO - Setting next_dagrun for example_sla_dag to 2022-09-24T20:16:00+00:00, run_after=2022-09-24T20:18:00+00:00
[2022-09-24T20:18:03.554+0000] {processor.py:178} INFO - Processing /home/airflow/.local/lib/python3.7/site-packages/airflow/example_dags/example_sla_dag.py took 0.512 seconds
[2022-09-24T20:18:33.773+0000] {processor.py:156} INFO - Started process (PID=10746) to work on /home/airflow/.local/lib/python3.7/site-packages/airflow/example_dags/example_sla_dag.py
[2022-09-24T20:18:33.777+0000] {processor.py:758} INFO - Processing file /home/airflow/.local/lib/python3.7/site-packages/airflow/example_dags/example_sla_dag.py for tasks to queue
[2022-09-24T20:18:33.784+0000] {logging_mixin.py:117} INFO - [2022-09-24T20:18:33.782+0000] {dagbag.py:525} INFO - Filling up the DagBag from /home/airflow/.local/lib/python3.7/site-packages/airflow/example_dags/example_sla_dag.py
[2022-09-24T20:18:33.889+0000] {processor.py:768} INFO - DAG(s) dict_keys(['example_sla_dag']) retrieved from /home/airflow/.local/lib/python3.7/site-packages/airflow/example_dags/example_sla_dag.py
[2022-09-24T20:18:34.084+0000] {logging_mixin.py:117} INFO - [2022-09-24T20:18:34.084+0000] {dag.py:2573} INFO - Sync 1 DAGs
[2022-09-24T20:18:34.173+0000] {logging_mixin.py:117} INFO - [2022-09-24T20:18:34.172+0000] {dag.py:3328} INFO - Setting next_dagrun for example_sla_dag to 2022-09-24T20:16:00+00:00, run_after=2022-09-24T20:18:00+00:00
[2022-09-24T20:18:34.205+0000] {processor.py:178} INFO - Processing /home/airflow/.local/lib/python3.7/site-packages/airflow/example_dags/example_sla_dag.py took 0.451 seconds
[2022-09-24T20:19:04.296+0000] {processor.py:156} INFO - Started process (PID=10946) to work on /home/airflow/.local/lib/python3.7/site-packages/airflow/example_dags/example_sla_dag.py
[2022-09-24T20:19:04.301+0000] {processor.py:758} INFO - Processing file /home/airflow/.local/lib/python3.7/site-packages/airflow/example_dags/example_sla_dag.py for tasks to queue
[2022-09-24T20:19:04.304+0000] {logging_mixin.py:117} INFO - [2022-09-24T20:19:04.304+0000] {dagbag.py:525} INFO - Filling up the DagBag from /home/airflow/.local/lib/python3.7/site-packages/airflow/example_dags/example_sla_dag.py
[2022-09-24T20:19:04.361+0000] {processor.py:768} INFO - DAG(s) dict_keys(['example_sla_dag']) retrieved from /home/airflow/.local/lib/python3.7/site-packages/airflow/example_dags/example_sla_dag.py
[2022-09-24T20:19:04.454+0000] {logging_mixin.py:117} INFO - [2022-09-24T20:19:04.454+0000] {dag.py:2573} INFO - Sync 1 DAGs
[2022-09-24T20:19:04.537+0000] {logging_mixin.py:117} INFO - [2022-09-24T20:19:04.537+0000] {dag.py:3328} INFO - Setting next_dagrun for example_sla_dag to 2022-09-24T20:16:00+00:00, run_after=2022-09-24T20:18:00+00:00
[2022-09-24T20:19:04.621+0000] {processor.py:178} INFO - Processing /home/airflow/.local/lib/python3.7/site-packages/airflow/example_dags/example_sla_dag.py took 0.335 seconds
[2022-09-24T20:19:34.851+0000] {processor.py:156} INFO - Started process (PID=11146) to work on /home/airflow/.local/lib/python3.7/site-packages/airflow/example_dags/example_sla_dag.py
[2022-09-24T20:19:34.855+0000] {processor.py:758} INFO - Processing file /home/airflow/.local/lib/python3.7/site-packages/airflow/example_dags/example_sla_dag.py for tasks to queue
[2022-09-24T20:19:34.859+0000] {logging_mixin.py:117} INFO - [2022-09-24T20:19:34.858+0000] {dagbag.py:525} INFO - Filling up the DagBag from /home/airflow/.local/lib/python3.7/site-packages/airflow/example_dags/example_sla_dag.py
[2022-09-24T20:19:34.912+0000] {processor.py:768} INFO - DAG(s) dict_keys(['example_sla_dag']) retrieved from /home/airflow/.local/lib/python3.7/site-packages/airflow/example_dags/example_sla_dag.py
[2022-09-24T20:19:34.987+0000] {logging_mixin.py:117} INFO - [2022-09-24T20:19:34.987+0000] {dag.py:2573} INFO - Sync 1 DAGs
[2022-09-24T20:19:35.083+0000] {logging_mixin.py:117} INFO - [2022-09-24T20:19:35.083+0000] {dag.py:3328} INFO - Setting next_dagrun for example_sla_dag to 2022-09-24T20:16:00+00:00, run_after=2022-09-24T20:18:00+00:00
[2022-09-24T20:19:35.177+0000] {processor.py:178} INFO - Processing /home/airflow/.local/lib/python3.7/site-packages/airflow/example_dags/example_sla_dag.py took 0.334 seconds
[2022-09-24T20:20:05.330+0000] {processor.py:156} INFO - Started process (PID=11344) to work on /home/airflow/.local/lib/python3.7/site-packages/airflow/example_dags/example_sla_dag.py
[2022-09-24T20:20:05.335+0000] {processor.py:758} INFO - Processing file /home/airflow/.local/lib/python3.7/site-packages/airflow/example_dags/example_sla_dag.py for tasks to queue
[2022-09-24T20:20:05.338+0000] {logging_mixin.py:117} INFO - [2022-09-24T20:20:05.337+0000] {dagbag.py:525} INFO - Filling up the DagBag from /home/airflow/.local/lib/python3.7/site-packages/airflow/example_dags/example_sla_dag.py
[2022-09-24T20:20:05.381+0000] {processor.py:768} INFO - DAG(s) dict_keys(['example_sla_dag']) retrieved from /home/airflow/.local/lib/python3.7/site-packages/airflow/example_dags/example_sla_dag.py
[2022-09-24T20:20:05.449+0000] {logging_mixin.py:117} INFO - [2022-09-24T20:20:05.449+0000] {dag.py:2573} INFO - Sync 1 DAGs
[2022-09-24T20:20:05.510+0000] {logging_mixin.py:117} INFO - [2022-09-24T20:20:05.509+0000] {dag.py:3328} INFO - Setting next_dagrun for example_sla_dag to 2022-09-24T20:18:00+00:00, run_after=2022-09-24T20:20:00+00:00
[2022-09-24T20:20:05.549+0000] {processor.py:178} INFO - Processing /home/airflow/.local/lib/python3.7/site-packages/airflow/example_dags/example_sla_dag.py took 0.225 seconds
[2022-09-24T20:20:35.868+0000] {processor.py:156} INFO - Started process (PID=11551) to work on /home/airflow/.local/lib/python3.7/site-packages/airflow/example_dags/example_sla_dag.py
[2022-09-24T20:20:35.873+0000] {processor.py:758} INFO - Processing file /home/airflow/.local/lib/python3.7/site-packages/airflow/example_dags/example_sla_dag.py for tasks to queue
[2022-09-24T20:20:35.876+0000] {logging_mixin.py:117} INFO - [2022-09-24T20:20:35.876+0000] {dagbag.py:525} INFO - Filling up the DagBag from /home/airflow/.local/lib/python3.7/site-packages/airflow/example_dags/example_sla_dag.py
[2022-09-24T20:20:35.931+0000] {processor.py:768} INFO - DAG(s) dict_keys(['example_sla_dag']) retrieved from /home/airflow/.local/lib/python3.7/site-packages/airflow/example_dags/example_sla_dag.py
[2022-09-24T20:20:36.006+0000] {logging_mixin.py:117} INFO - [2022-09-24T20:20:36.005+0000] {dag.py:2573} INFO - Sync 1 DAGs
[2022-09-24T20:20:36.072+0000] {logging_mixin.py:117} INFO - [2022-09-24T20:20:36.072+0000] {dag.py:3328} INFO - Setting next_dagrun for example_sla_dag to 2022-09-24T20:18:00+00:00, run_after=2022-09-24T20:20:00+00:00
[2022-09-24T20:20:36.110+0000] {processor.py:178} INFO - Processing /home/airflow/.local/lib/python3.7/site-packages/airflow/example_dags/example_sla_dag.py took 0.253 seconds
[2022-09-24T20:21:06.576+0000] {processor.py:156} INFO - Started process (PID=11749) to work on /home/airflow/.local/lib/python3.7/site-packages/airflow/example_dags/example_sla_dag.py
[2022-09-24T20:21:06.582+0000] {processor.py:758} INFO - Processing file /home/airflow/.local/lib/python3.7/site-packages/airflow/example_dags/example_sla_dag.py for tasks to queue
[2022-09-24T20:21:06.585+0000] {logging_mixin.py:117} INFO - [2022-09-24T20:21:06.585+0000] {dagbag.py:525} INFO - Filling up the DagBag from /home/airflow/.local/lib/python3.7/site-packages/airflow/example_dags/example_sla_dag.py
[2022-09-24T20:21:06.678+0000] {processor.py:768} INFO - DAG(s) dict_keys(['example_sla_dag']) retrieved from /home/airflow/.local/lib/python3.7/site-packages/airflow/example_dags/example_sla_dag.py
[2022-09-24T20:21:06.834+0000] {logging_mixin.py:117} INFO - [2022-09-24T20:21:06.833+0000] {dag.py:2573} INFO - Sync 1 DAGs
[2022-09-24T20:21:06.922+0000] {logging_mixin.py:117} INFO - [2022-09-24T20:21:06.921+0000] {dag.py:3328} INFO - Setting next_dagrun for example_sla_dag to 2022-09-24T20:18:00+00:00, run_after=2022-09-24T20:20:00+00:00
[2022-09-24T20:21:07.041+0000] {processor.py:178} INFO - Processing /home/airflow/.local/lib/python3.7/site-packages/airflow/example_dags/example_sla_dag.py took 0.480 seconds
[2022-09-24T20:21:37.485+0000] {processor.py:156} INFO - Started process (PID=11947) to work on /home/airflow/.local/lib/python3.7/site-packages/airflow/example_dags/example_sla_dag.py
[2022-09-24T20:21:37.488+0000] {processor.py:758} INFO - Processing file /home/airflow/.local/lib/python3.7/site-packages/airflow/example_dags/example_sla_dag.py for tasks to queue
[2022-09-24T20:21:37.492+0000] {logging_mixin.py:117} INFO - [2022-09-24T20:21:37.492+0000] {dagbag.py:525} INFO - Filling up the DagBag from /home/airflow/.local/lib/python3.7/site-packages/airflow/example_dags/example_sla_dag.py
[2022-09-24T20:21:37.541+0000] {processor.py:768} INFO - DAG(s) dict_keys(['example_sla_dag']) retrieved from /home/airflow/.local/lib/python3.7/site-packages/airflow/example_dags/example_sla_dag.py
[2022-09-24T20:21:37.622+0000] {logging_mixin.py:117} INFO - [2022-09-24T20:21:37.622+0000] {dag.py:2573} INFO - Sync 1 DAGs
[2022-09-24T20:21:37.676+0000] {logging_mixin.py:117} INFO - [2022-09-24T20:21:37.675+0000] {dag.py:3328} INFO - Setting next_dagrun for example_sla_dag to 2022-09-24T20:18:00+00:00, run_after=2022-09-24T20:20:00+00:00
[2022-09-24T20:21:37.718+0000] {processor.py:178} INFO - Processing /home/airflow/.local/lib/python3.7/site-packages/airflow/example_dags/example_sla_dag.py took 0.239 seconds
