[2022-09-24T19:50:39.322+0000] {processor.py:156} INFO - Started process (PID=181) to work on /home/airflow/.local/lib/python3.7/site-packages/airflow/example_dags/example_branch_operator.py
[2022-09-24T19:50:39.382+0000] {processor.py:758} INFO - Processing file /home/airflow/.local/lib/python3.7/site-packages/airflow/example_dags/example_branch_operator.py for tasks to queue
[2022-09-24T19:50:39.427+0000] {logging_mixin.py:117} INFO - [2022-09-24T19:50:39.426+0000] {dagbag.py:525} INFO - Filling up the DagBag from /home/airflow/.local/lib/python3.7/site-packages/airflow/example_dags/example_branch_operator.py
[2022-09-24T19:50:39.942+0000] {processor.py:768} INFO - DAG(s) dict_keys(['example_branch_operator']) retrieved from /home/airflow/.local/lib/python3.7/site-packages/airflow/example_dags/example_branch_operator.py
[2022-09-24T19:50:40.209+0000] {logging_mixin.py:117} INFO - [2022-09-24T19:50:40.208+0000] {dag.py:2573} INFO - Sync 1 DAGs
[2022-09-24T19:50:40.315+0000] {logging_mixin.py:117} INFO - [2022-09-24T19:50:40.315+0000] {dag.py:3328} INFO - Setting next_dagrun for example_branch_operator to 2022-09-23T00:00:00+00:00, run_after=2022-09-24T00:00:00+00:00
[2022-09-24T19:50:40.390+0000] {processor.py:178} INFO - Processing /home/airflow/.local/lib/python3.7/site-packages/airflow/example_dags/example_branch_operator.py took 1.128 seconds
[2022-09-24T19:51:10.703+0000] {processor.py:156} INFO - Started process (PID=380) to work on /home/airflow/.local/lib/python3.7/site-packages/airflow/example_dags/example_branch_operator.py
[2022-09-24T19:51:10.725+0000] {processor.py:758} INFO - Processing file /home/airflow/.local/lib/python3.7/site-packages/airflow/example_dags/example_branch_operator.py for tasks to queue
[2022-09-24T19:51:10.728+0000] {logging_mixin.py:117} INFO - [2022-09-24T19:51:10.728+0000] {dagbag.py:525} INFO - Filling up the DagBag from /home/airflow/.local/lib/python3.7/site-packages/airflow/example_dags/example_branch_operator.py
[2022-09-24T19:51:10.872+0000] {processor.py:768} INFO - DAG(s) dict_keys(['example_branch_operator']) retrieved from /home/airflow/.local/lib/python3.7/site-packages/airflow/example_dags/example_branch_operator.py
[2022-09-24T19:51:11.113+0000] {logging_mixin.py:117} INFO - [2022-09-24T19:51:11.112+0000] {dag.py:2573} INFO - Sync 1 DAGs
[2022-09-24T19:51:11.247+0000] {logging_mixin.py:117} INFO - [2022-09-24T19:51:11.247+0000] {dag.py:3328} INFO - Setting next_dagrun for example_branch_operator to 2022-09-23T00:00:00+00:00, run_after=2022-09-24T00:00:00+00:00
[2022-09-24T19:51:11.385+0000] {processor.py:178} INFO - Processing /home/airflow/.local/lib/python3.7/site-packages/airflow/example_dags/example_branch_operator.py took 0.694 seconds
[2022-09-24T19:51:41.590+0000] {processor.py:156} INFO - Started process (PID=579) to work on /home/airflow/.local/lib/python3.7/site-packages/airflow/example_dags/example_branch_operator.py
[2022-09-24T19:51:41.594+0000] {processor.py:758} INFO - Processing file /home/airflow/.local/lib/python3.7/site-packages/airflow/example_dags/example_branch_operator.py for tasks to queue
[2022-09-24T19:51:41.599+0000] {logging_mixin.py:117} INFO - [2022-09-24T19:51:41.599+0000] {dagbag.py:525} INFO - Filling up the DagBag from /home/airflow/.local/lib/python3.7/site-packages/airflow/example_dags/example_branch_operator.py
[2022-09-24T19:51:41.712+0000] {processor.py:768} INFO - DAG(s) dict_keys(['example_branch_operator']) retrieved from /home/airflow/.local/lib/python3.7/site-packages/airflow/example_dags/example_branch_operator.py
[2022-09-24T19:51:41.957+0000] {logging_mixin.py:117} INFO - [2022-09-24T19:51:41.956+0000] {dag.py:2573} INFO - Sync 1 DAGs
[2022-09-24T19:51:42.201+0000] {logging_mixin.py:117} INFO - [2022-09-24T19:51:42.201+0000] {dag.py:3328} INFO - Setting next_dagrun for example_branch_operator to 2022-09-23T00:00:00+00:00, run_after=2022-09-24T00:00:00+00:00
[2022-09-24T19:51:42.709+0000] {processor.py:178} INFO - Processing /home/airflow/.local/lib/python3.7/site-packages/airflow/example_dags/example_branch_operator.py took 1.135 seconds
[2022-09-24T19:52:13.877+0000] {processor.py:156} INFO - Started process (PID=777) to work on /home/airflow/.local/lib/python3.7/site-packages/airflow/example_dags/example_branch_operator.py
[2022-09-24T19:52:13.885+0000] {processor.py:758} INFO - Processing file /home/airflow/.local/lib/python3.7/site-packages/airflow/example_dags/example_branch_operator.py for tasks to queue
[2022-09-24T19:52:13.901+0000] {logging_mixin.py:117} INFO - [2022-09-24T19:52:13.901+0000] {dagbag.py:525} INFO - Filling up the DagBag from /home/airflow/.local/lib/python3.7/site-packages/airflow/example_dags/example_branch_operator.py
[2022-09-24T19:52:14.143+0000] {processor.py:768} INFO - DAG(s) dict_keys(['example_branch_operator']) retrieved from /home/airflow/.local/lib/python3.7/site-packages/airflow/example_dags/example_branch_operator.py
[2022-09-24T19:52:14.376+0000] {logging_mixin.py:117} INFO - [2022-09-24T19:52:14.368+0000] {dag.py:2573} INFO - Sync 1 DAGs
[2022-09-24T19:52:15.232+0000] {logging_mixin.py:117} INFO - [2022-09-24T19:52:15.232+0000] {dag.py:3328} INFO - Setting next_dagrun for example_branch_operator to 2022-09-23T00:00:00+00:00, run_after=2022-09-24T00:00:00+00:00
[2022-09-24T19:52:15.285+0000] {processor.py:178} INFO - Processing /home/airflow/.local/lib/python3.7/site-packages/airflow/example_dags/example_branch_operator.py took 1.434 seconds
[2022-09-24T19:52:45.680+0000] {processor.py:156} INFO - Started process (PID=974) to work on /home/airflow/.local/lib/python3.7/site-packages/airflow/example_dags/example_branch_operator.py
[2022-09-24T19:52:45.684+0000] {processor.py:758} INFO - Processing file /home/airflow/.local/lib/python3.7/site-packages/airflow/example_dags/example_branch_operator.py for tasks to queue
[2022-09-24T19:52:45.686+0000] {logging_mixin.py:117} INFO - [2022-09-24T19:52:45.686+0000] {dagbag.py:525} INFO - Filling up the DagBag from /home/airflow/.local/lib/python3.7/site-packages/airflow/example_dags/example_branch_operator.py
[2022-09-24T19:52:45.728+0000] {processor.py:768} INFO - DAG(s) dict_keys(['example_branch_operator']) retrieved from /home/airflow/.local/lib/python3.7/site-packages/airflow/example_dags/example_branch_operator.py
[2022-09-24T19:52:46.041+0000] {logging_mixin.py:117} INFO - [2022-09-24T19:52:46.041+0000] {dag.py:2573} INFO - Sync 1 DAGs
[2022-09-24T19:52:46.083+0000] {logging_mixin.py:117} INFO - [2022-09-24T19:52:46.083+0000] {dag.py:3328} INFO - Setting next_dagrun for example_branch_operator to 2022-09-23T00:00:00+00:00, run_after=2022-09-24T00:00:00+00:00
[2022-09-24T19:52:46.115+0000] {processor.py:178} INFO - Processing /home/airflow/.local/lib/python3.7/site-packages/airflow/example_dags/example_branch_operator.py took 0.446 seconds
[2022-09-24T19:53:16.620+0000] {processor.py:156} INFO - Started process (PID=1167) to work on /home/airflow/.local/lib/python3.7/site-packages/airflow/example_dags/example_branch_operator.py
[2022-09-24T19:53:16.626+0000] {processor.py:758} INFO - Processing file /home/airflow/.local/lib/python3.7/site-packages/airflow/example_dags/example_branch_operator.py for tasks to queue
[2022-09-24T19:53:16.632+0000] {logging_mixin.py:117} INFO - [2022-09-24T19:53:16.631+0000] {dagbag.py:525} INFO - Filling up the DagBag from /home/airflow/.local/lib/python3.7/site-packages/airflow/example_dags/example_branch_operator.py
[2022-09-24T19:53:16.859+0000] {processor.py:768} INFO - DAG(s) dict_keys(['example_branch_operator']) retrieved from /home/airflow/.local/lib/python3.7/site-packages/airflow/example_dags/example_branch_operator.py
[2022-09-24T19:53:17.783+0000] {logging_mixin.py:117} INFO - [2022-09-24T19:53:17.782+0000] {dag.py:2573} INFO - Sync 1 DAGs
[2022-09-24T19:53:17.988+0000] {logging_mixin.py:117} INFO - [2022-09-24T19:53:17.988+0000] {dag.py:3328} INFO - Setting next_dagrun for example_branch_operator to 2022-09-23T00:00:00+00:00, run_after=2022-09-24T00:00:00+00:00
[2022-09-24T19:53:18.599+0000] {processor.py:178} INFO - Processing /home/airflow/.local/lib/python3.7/site-packages/airflow/example_dags/example_branch_operator.py took 1.993 seconds
[2022-09-24T19:53:49.147+0000] {processor.py:156} INFO - Started process (PID=1361) to work on /home/airflow/.local/lib/python3.7/site-packages/airflow/example_dags/example_branch_operator.py
[2022-09-24T19:53:49.151+0000] {processor.py:758} INFO - Processing file /home/airflow/.local/lib/python3.7/site-packages/airflow/example_dags/example_branch_operator.py for tasks to queue
[2022-09-24T19:53:49.156+0000] {logging_mixin.py:117} INFO - [2022-09-24T19:53:49.156+0000] {dagbag.py:525} INFO - Filling up the DagBag from /home/airflow/.local/lib/python3.7/site-packages/airflow/example_dags/example_branch_operator.py
[2022-09-24T19:53:49.204+0000] {processor.py:768} INFO - DAG(s) dict_keys(['example_branch_operator']) retrieved from /home/airflow/.local/lib/python3.7/site-packages/airflow/example_dags/example_branch_operator.py
[2022-09-24T19:53:49.480+0000] {logging_mixin.py:117} INFO - [2022-09-24T19:53:49.479+0000] {dag.py:2573} INFO - Sync 1 DAGs
[2022-09-24T19:53:49.530+0000] {logging_mixin.py:117} INFO - [2022-09-24T19:53:49.530+0000] {dag.py:3328} INFO - Setting next_dagrun for example_branch_operator to 2022-09-23T00:00:00+00:00, run_after=2022-09-24T00:00:00+00:00
[2022-09-24T19:53:49.565+0000] {processor.py:178} INFO - Processing /home/airflow/.local/lib/python3.7/site-packages/airflow/example_dags/example_branch_operator.py took 0.428 seconds
[2022-09-24T19:54:19.776+0000] {processor.py:156} INFO - Started process (PID=1559) to work on /home/airflow/.local/lib/python3.7/site-packages/airflow/example_dags/example_branch_operator.py
[2022-09-24T19:54:19.780+0000] {processor.py:758} INFO - Processing file /home/airflow/.local/lib/python3.7/site-packages/airflow/example_dags/example_branch_operator.py for tasks to queue
[2022-09-24T19:54:19.784+0000] {logging_mixin.py:117} INFO - [2022-09-24T19:54:19.784+0000] {dagbag.py:525} INFO - Filling up the DagBag from /home/airflow/.local/lib/python3.7/site-packages/airflow/example_dags/example_branch_operator.py
[2022-09-24T19:54:20.032+0000] {processor.py:768} INFO - DAG(s) dict_keys(['example_branch_operator']) retrieved from /home/airflow/.local/lib/python3.7/site-packages/airflow/example_dags/example_branch_operator.py
[2022-09-24T19:54:20.117+0000] {logging_mixin.py:117} INFO - [2022-09-24T19:54:20.117+0000] {dag.py:2573} INFO - Sync 1 DAGs
[2022-09-24T19:54:20.167+0000] {logging_mixin.py:117} INFO - [2022-09-24T19:54:20.166+0000] {dag.py:3328} INFO - Setting next_dagrun for example_branch_operator to 2022-09-23T00:00:00+00:00, run_after=2022-09-24T00:00:00+00:00
[2022-09-24T19:54:20.205+0000] {processor.py:178} INFO - Processing /home/airflow/.local/lib/python3.7/site-packages/airflow/example_dags/example_branch_operator.py took 0.438 seconds
[2022-09-24T19:54:50.837+0000] {processor.py:156} INFO - Started process (PID=1757) to work on /home/airflow/.local/lib/python3.7/site-packages/airflow/example_dags/example_branch_operator.py
[2022-09-24T19:54:50.852+0000] {processor.py:758} INFO - Processing file /home/airflow/.local/lib/python3.7/site-packages/airflow/example_dags/example_branch_operator.py for tasks to queue
[2022-09-24T19:54:50.865+0000] {logging_mixin.py:117} INFO - [2022-09-24T19:54:50.859+0000] {dagbag.py:525} INFO - Filling up the DagBag from /home/airflow/.local/lib/python3.7/site-packages/airflow/example_dags/example_branch_operator.py
[2022-09-24T19:54:51.075+0000] {processor.py:768} INFO - DAG(s) dict_keys(['example_branch_operator']) retrieved from /home/airflow/.local/lib/python3.7/site-packages/airflow/example_dags/example_branch_operator.py
[2022-09-24T19:54:51.321+0000] {logging_mixin.py:117} INFO - [2022-09-24T19:54:51.320+0000] {dag.py:2573} INFO - Sync 1 DAGs
[2022-09-24T19:54:51.409+0000] {logging_mixin.py:117} INFO - [2022-09-24T19:54:51.409+0000] {dag.py:3328} INFO - Setting next_dagrun for example_branch_operator to 2022-09-23T00:00:00+00:00, run_after=2022-09-24T00:00:00+00:00
[2022-09-24T19:54:51.455+0000] {processor.py:178} INFO - Processing /home/airflow/.local/lib/python3.7/site-packages/airflow/example_dags/example_branch_operator.py took 0.646 seconds
[2022-09-24T19:55:21.782+0000] {processor.py:156} INFO - Started process (PID=1954) to work on /home/airflow/.local/lib/python3.7/site-packages/airflow/example_dags/example_branch_operator.py
[2022-09-24T19:55:21.788+0000] {processor.py:758} INFO - Processing file /home/airflow/.local/lib/python3.7/site-packages/airflow/example_dags/example_branch_operator.py for tasks to queue
[2022-09-24T19:55:21.790+0000] {logging_mixin.py:117} INFO - [2022-09-24T19:55:21.790+0000] {dagbag.py:525} INFO - Filling up the DagBag from /home/airflow/.local/lib/python3.7/site-packages/airflow/example_dags/example_branch_operator.py
[2022-09-24T19:55:21.853+0000] {processor.py:768} INFO - DAG(s) dict_keys(['example_branch_operator']) retrieved from /home/airflow/.local/lib/python3.7/site-packages/airflow/example_dags/example_branch_operator.py
[2022-09-24T19:55:21.952+0000] {logging_mixin.py:117} INFO - [2022-09-24T19:55:21.952+0000] {dag.py:2573} INFO - Sync 1 DAGs
[2022-09-24T19:55:22.038+0000] {logging_mixin.py:117} INFO - [2022-09-24T19:55:22.037+0000] {dag.py:3328} INFO - Setting next_dagrun for example_branch_operator to 2022-09-23T00:00:00+00:00, run_after=2022-09-24T00:00:00+00:00
[2022-09-24T19:55:22.106+0000] {processor.py:178} INFO - Processing /home/airflow/.local/lib/python3.7/site-packages/airflow/example_dags/example_branch_operator.py took 0.330 seconds
[2022-09-24T19:55:52.189+0000] {processor.py:156} INFO - Started process (PID=2152) to work on /home/airflow/.local/lib/python3.7/site-packages/airflow/example_dags/example_branch_operator.py
[2022-09-24T19:55:52.193+0000] {processor.py:758} INFO - Processing file /home/airflow/.local/lib/python3.7/site-packages/airflow/example_dags/example_branch_operator.py for tasks to queue
[2022-09-24T19:55:52.195+0000] {logging_mixin.py:117} INFO - [2022-09-24T19:55:52.195+0000] {dagbag.py:525} INFO - Filling up the DagBag from /home/airflow/.local/lib/python3.7/site-packages/airflow/example_dags/example_branch_operator.py
[2022-09-24T19:55:52.242+0000] {processor.py:768} INFO - DAG(s) dict_keys(['example_branch_operator']) retrieved from /home/airflow/.local/lib/python3.7/site-packages/airflow/example_dags/example_branch_operator.py
[2022-09-24T19:55:52.474+0000] {logging_mixin.py:117} INFO - [2022-09-24T19:55:52.474+0000] {dag.py:2573} INFO - Sync 1 DAGs
[2022-09-24T19:55:52.625+0000] {logging_mixin.py:117} INFO - [2022-09-24T19:55:52.625+0000] {dag.py:3328} INFO - Setting next_dagrun for example_branch_operator to 2022-09-23T00:00:00+00:00, run_after=2022-09-24T00:00:00+00:00
[2022-09-24T19:55:52.687+0000] {processor.py:178} INFO - Processing /home/airflow/.local/lib/python3.7/site-packages/airflow/example_dags/example_branch_operator.py took 0.504 seconds
[2022-09-24T19:56:22.897+0000] {processor.py:156} INFO - Started process (PID=2355) to work on /home/airflow/.local/lib/python3.7/site-packages/airflow/example_dags/example_branch_operator.py
[2022-09-24T19:56:22.919+0000] {processor.py:758} INFO - Processing file /home/airflow/.local/lib/python3.7/site-packages/airflow/example_dags/example_branch_operator.py for tasks to queue
[2022-09-24T19:56:22.932+0000] {logging_mixin.py:117} INFO - [2022-09-24T19:56:22.931+0000] {dagbag.py:525} INFO - Filling up the DagBag from /home/airflow/.local/lib/python3.7/site-packages/airflow/example_dags/example_branch_operator.py
[2022-09-24T19:56:23.136+0000] {processor.py:768} INFO - DAG(s) dict_keys(['example_branch_operator']) retrieved from /home/airflow/.local/lib/python3.7/site-packages/airflow/example_dags/example_branch_operator.py
[2022-09-24T19:56:23.604+0000] {logging_mixin.py:117} INFO - [2022-09-24T19:56:23.604+0000] {dag.py:2573} INFO - Sync 1 DAGs
[2022-09-24T19:56:23.698+0000] {logging_mixin.py:117} INFO - [2022-09-24T19:56:23.698+0000] {dag.py:3328} INFO - Setting next_dagrun for example_branch_operator to 2022-09-23T00:00:00+00:00, run_after=2022-09-24T00:00:00+00:00
[2022-09-24T19:56:23.762+0000] {processor.py:178} INFO - Processing /home/airflow/.local/lib/python3.7/site-packages/airflow/example_dags/example_branch_operator.py took 0.885 seconds
[2022-09-24T19:56:53.945+0000] {processor.py:156} INFO - Started process (PID=2552) to work on /home/airflow/.local/lib/python3.7/site-packages/airflow/example_dags/example_branch_operator.py
[2022-09-24T19:56:53.949+0000] {processor.py:758} INFO - Processing file /home/airflow/.local/lib/python3.7/site-packages/airflow/example_dags/example_branch_operator.py for tasks to queue
[2022-09-24T19:56:53.955+0000] {logging_mixin.py:117} INFO - [2022-09-24T19:56:53.952+0000] {dagbag.py:525} INFO - Filling up the DagBag from /home/airflow/.local/lib/python3.7/site-packages/airflow/example_dags/example_branch_operator.py
[2022-09-24T19:56:54.055+0000] {processor.py:768} INFO - DAG(s) dict_keys(['example_branch_operator']) retrieved from /home/airflow/.local/lib/python3.7/site-packages/airflow/example_dags/example_branch_operator.py
[2022-09-24T19:56:54.246+0000] {logging_mixin.py:117} INFO - [2022-09-24T19:56:54.246+0000] {dag.py:2573} INFO - Sync 1 DAGs
[2022-09-24T19:56:54.424+0000] {logging_mixin.py:117} INFO - [2022-09-24T19:56:54.424+0000] {dag.py:3328} INFO - Setting next_dagrun for example_branch_operator to 2022-09-23T00:00:00+00:00, run_after=2022-09-24T00:00:00+00:00
[2022-09-24T19:56:54.525+0000] {processor.py:178} INFO - Processing /home/airflow/.local/lib/python3.7/site-packages/airflow/example_dags/example_branch_operator.py took 0.587 seconds
[2022-09-24T19:57:31.229+0000] {processor.py:156} INFO - Started process (PID=2719) to work on /home/airflow/.local/lib/python3.7/site-packages/airflow/example_dags/example_branch_operator.py
[2022-09-24T19:57:31.234+0000] {processor.py:758} INFO - Processing file /home/airflow/.local/lib/python3.7/site-packages/airflow/example_dags/example_branch_operator.py for tasks to queue
[2022-09-24T19:57:31.248+0000] {logging_mixin.py:117} INFO - [2022-09-24T19:57:31.246+0000] {dagbag.py:525} INFO - Filling up the DagBag from /home/airflow/.local/lib/python3.7/site-packages/airflow/example_dags/example_branch_operator.py
[2022-09-24T19:57:31.309+0000] {processor.py:768} INFO - DAG(s) dict_keys(['example_branch_operator']) retrieved from /home/airflow/.local/lib/python3.7/site-packages/airflow/example_dags/example_branch_operator.py
[2022-09-24T19:57:31.437+0000] {logging_mixin.py:117} INFO - [2022-09-24T19:57:31.437+0000] {dag.py:2573} INFO - Sync 1 DAGs
[2022-09-24T19:57:31.565+0000] {logging_mixin.py:117} INFO - [2022-09-24T19:57:31.564+0000] {dag.py:3328} INFO - Setting next_dagrun for example_branch_operator to 2022-09-23T00:00:00+00:00, run_after=2022-09-24T00:00:00+00:00
[2022-09-24T19:57:31.631+0000] {processor.py:178} INFO - Processing /home/airflow/.local/lib/python3.7/site-packages/airflow/example_dags/example_branch_operator.py took 0.411 seconds
[2022-09-24T19:58:01.858+0000] {processor.py:156} INFO - Started process (PID=2920) to work on /home/airflow/.local/lib/python3.7/site-packages/airflow/example_dags/example_branch_operator.py
[2022-09-24T19:58:01.863+0000] {processor.py:758} INFO - Processing file /home/airflow/.local/lib/python3.7/site-packages/airflow/example_dags/example_branch_operator.py for tasks to queue
[2022-09-24T19:58:01.867+0000] {logging_mixin.py:117} INFO - [2022-09-24T19:58:01.866+0000] {dagbag.py:525} INFO - Filling up the DagBag from /home/airflow/.local/lib/python3.7/site-packages/airflow/example_dags/example_branch_operator.py
[2022-09-24T19:58:01.909+0000] {processor.py:768} INFO - DAG(s) dict_keys(['example_branch_operator']) retrieved from /home/airflow/.local/lib/python3.7/site-packages/airflow/example_dags/example_branch_operator.py
[2022-09-24T19:58:02.003+0000] {logging_mixin.py:117} INFO - [2022-09-24T19:58:02.003+0000] {dag.py:2573} INFO - Sync 1 DAGs
[2022-09-24T19:58:02.062+0000] {logging_mixin.py:117} INFO - [2022-09-24T19:58:02.061+0000] {dag.py:3328} INFO - Setting next_dagrun for example_branch_operator to 2022-09-23T00:00:00+00:00, run_after=2022-09-24T00:00:00+00:00
[2022-09-24T19:58:02.103+0000] {processor.py:178} INFO - Processing /home/airflow/.local/lib/python3.7/site-packages/airflow/example_dags/example_branch_operator.py took 0.257 seconds
[2022-09-24T19:58:33.846+0000] {processor.py:156} INFO - Started process (PID=3111) to work on /home/airflow/.local/lib/python3.7/site-packages/airflow/example_dags/example_branch_operator.py
[2022-09-24T19:58:33.877+0000] {processor.py:758} INFO - Processing file /home/airflow/.local/lib/python3.7/site-packages/airflow/example_dags/example_branch_operator.py for tasks to queue
[2022-09-24T19:58:33.884+0000] {logging_mixin.py:117} INFO - [2022-09-24T19:58:33.883+0000] {dagbag.py:525} INFO - Filling up the DagBag from /home/airflow/.local/lib/python3.7/site-packages/airflow/example_dags/example_branch_operator.py
[2022-09-24T19:58:34.131+0000] {processor.py:768} INFO - DAG(s) dict_keys(['example_branch_operator']) retrieved from /home/airflow/.local/lib/python3.7/site-packages/airflow/example_dags/example_branch_operator.py
[2022-09-24T19:58:34.337+0000] {logging_mixin.py:117} INFO - [2022-09-24T19:58:34.337+0000] {dag.py:2573} INFO - Sync 1 DAGs
[2022-09-24T19:58:34.451+0000] {logging_mixin.py:117} INFO - [2022-09-24T19:58:34.451+0000] {dag.py:3328} INFO - Setting next_dagrun for example_branch_operator to 2022-09-23T00:00:00+00:00, run_after=2022-09-24T00:00:00+00:00
[2022-09-24T19:58:34.556+0000] {processor.py:178} INFO - Processing /home/airflow/.local/lib/python3.7/site-packages/airflow/example_dags/example_branch_operator.py took 0.729 seconds
[2022-09-24T19:59:05.821+0000] {processor.py:156} INFO - Started process (PID=3315) to work on /home/airflow/.local/lib/python3.7/site-packages/airflow/example_dags/example_branch_operator.py
[2022-09-24T19:59:05.864+0000] {processor.py:758} INFO - Processing file /home/airflow/.local/lib/python3.7/site-packages/airflow/example_dags/example_branch_operator.py for tasks to queue
[2022-09-24T19:59:05.906+0000] {logging_mixin.py:117} INFO - [2022-09-24T19:59:05.904+0000] {dagbag.py:525} INFO - Filling up the DagBag from /home/airflow/.local/lib/python3.7/site-packages/airflow/example_dags/example_branch_operator.py
[2022-09-24T19:59:06.579+0000] {processor.py:768} INFO - DAG(s) dict_keys(['example_branch_operator']) retrieved from /home/airflow/.local/lib/python3.7/site-packages/airflow/example_dags/example_branch_operator.py
[2022-09-24T19:59:07.105+0000] {logging_mixin.py:117} INFO - [2022-09-24T19:59:07.088+0000] {dag.py:2573} INFO - Sync 1 DAGs
[2022-09-24T19:59:07.665+0000] {logging_mixin.py:117} INFO - [2022-09-24T19:59:07.664+0000] {dag.py:3328} INFO - Setting next_dagrun for example_branch_operator to 2022-09-23T00:00:00+00:00, run_after=2022-09-24T00:00:00+00:00
[2022-09-24T19:59:08.151+0000] {processor.py:178} INFO - Processing /home/airflow/.local/lib/python3.7/site-packages/airflow/example_dags/example_branch_operator.py took 2.370 seconds
[2022-09-24T19:59:38.544+0000] {processor.py:156} INFO - Started process (PID=3517) to work on /home/airflow/.local/lib/python3.7/site-packages/airflow/example_dags/example_branch_operator.py
[2022-09-24T19:59:38.548+0000] {processor.py:758} INFO - Processing file /home/airflow/.local/lib/python3.7/site-packages/airflow/example_dags/example_branch_operator.py for tasks to queue
[2022-09-24T19:59:38.551+0000] {logging_mixin.py:117} INFO - [2022-09-24T19:59:38.551+0000] {dagbag.py:525} INFO - Filling up the DagBag from /home/airflow/.local/lib/python3.7/site-packages/airflow/example_dags/example_branch_operator.py
[2022-09-24T19:59:38.593+0000] {processor.py:768} INFO - DAG(s) dict_keys(['example_branch_operator']) retrieved from /home/airflow/.local/lib/python3.7/site-packages/airflow/example_dags/example_branch_operator.py
[2022-09-24T19:59:38.732+0000] {logging_mixin.py:117} INFO - [2022-09-24T19:59:38.732+0000] {dag.py:2573} INFO - Sync 1 DAGs
[2022-09-24T19:59:38.840+0000] {logging_mixin.py:117} INFO - [2022-09-24T19:59:38.840+0000] {dag.py:3328} INFO - Setting next_dagrun for example_branch_operator to 2022-09-23T00:00:00+00:00, run_after=2022-09-24T00:00:00+00:00
[2022-09-24T19:59:38.959+0000] {processor.py:178} INFO - Processing /home/airflow/.local/lib/python3.7/site-packages/airflow/example_dags/example_branch_operator.py took 0.426 seconds
[2022-09-24T20:00:09.385+0000] {processor.py:156} INFO - Started process (PID=3717) to work on /home/airflow/.local/lib/python3.7/site-packages/airflow/example_dags/example_branch_operator.py
[2022-09-24T20:00:09.392+0000] {processor.py:758} INFO - Processing file /home/airflow/.local/lib/python3.7/site-packages/airflow/example_dags/example_branch_operator.py for tasks to queue
[2022-09-24T20:00:09.395+0000] {logging_mixin.py:117} INFO - [2022-09-24T20:00:09.394+0000] {dagbag.py:525} INFO - Filling up the DagBag from /home/airflow/.local/lib/python3.7/site-packages/airflow/example_dags/example_branch_operator.py
[2022-09-24T20:00:09.502+0000] {processor.py:768} INFO - DAG(s) dict_keys(['example_branch_operator']) retrieved from /home/airflow/.local/lib/python3.7/site-packages/airflow/example_dags/example_branch_operator.py
[2022-09-24T20:00:09.708+0000] {logging_mixin.py:117} INFO - [2022-09-24T20:00:09.708+0000] {dag.py:2573} INFO - Sync 1 DAGs
[2022-09-24T20:00:09.852+0000] {logging_mixin.py:117} INFO - [2022-09-24T20:00:09.852+0000] {dag.py:3328} INFO - Setting next_dagrun for example_branch_operator to 2022-09-23T00:00:00+00:00, run_after=2022-09-24T00:00:00+00:00
[2022-09-24T20:00:09.905+0000] {processor.py:178} INFO - Processing /home/airflow/.local/lib/python3.7/site-packages/airflow/example_dags/example_branch_operator.py took 0.550 seconds
[2022-09-24T20:00:40.570+0000] {processor.py:156} INFO - Started process (PID=3915) to work on /home/airflow/.local/lib/python3.7/site-packages/airflow/example_dags/example_branch_operator.py
[2022-09-24T20:00:40.576+0000] {processor.py:758} INFO - Processing file /home/airflow/.local/lib/python3.7/site-packages/airflow/example_dags/example_branch_operator.py for tasks to queue
[2022-09-24T20:00:40.581+0000] {logging_mixin.py:117} INFO - [2022-09-24T20:00:40.580+0000] {dagbag.py:525} INFO - Filling up the DagBag from /home/airflow/.local/lib/python3.7/site-packages/airflow/example_dags/example_branch_operator.py
[2022-09-24T20:00:40.651+0000] {processor.py:768} INFO - DAG(s) dict_keys(['example_branch_operator']) retrieved from /home/airflow/.local/lib/python3.7/site-packages/airflow/example_dags/example_branch_operator.py
[2022-09-24T20:00:40.742+0000] {logging_mixin.py:117} INFO - [2022-09-24T20:00:40.742+0000] {dag.py:2573} INFO - Sync 1 DAGs
[2022-09-24T20:00:40.852+0000] {logging_mixin.py:117} INFO - [2022-09-24T20:00:40.852+0000] {dag.py:3328} INFO - Setting next_dagrun for example_branch_operator to 2022-09-23T00:00:00+00:00, run_after=2022-09-24T00:00:00+00:00
[2022-09-24T20:00:40.928+0000] {processor.py:178} INFO - Processing /home/airflow/.local/lib/python3.7/site-packages/airflow/example_dags/example_branch_operator.py took 0.369 seconds
[2022-09-24T20:01:11.700+0000] {processor.py:156} INFO - Started process (PID=4113) to work on /home/airflow/.local/lib/python3.7/site-packages/airflow/example_dags/example_branch_operator.py
[2022-09-24T20:01:11.704+0000] {processor.py:758} INFO - Processing file /home/airflow/.local/lib/python3.7/site-packages/airflow/example_dags/example_branch_operator.py for tasks to queue
[2022-09-24T20:01:11.707+0000] {logging_mixin.py:117} INFO - [2022-09-24T20:01:11.707+0000] {dagbag.py:525} INFO - Filling up the DagBag from /home/airflow/.local/lib/python3.7/site-packages/airflow/example_dags/example_branch_operator.py
[2022-09-24T20:01:11.779+0000] {processor.py:768} INFO - DAG(s) dict_keys(['example_branch_operator']) retrieved from /home/airflow/.local/lib/python3.7/site-packages/airflow/example_dags/example_branch_operator.py
[2022-09-24T20:01:11.975+0000] {logging_mixin.py:117} INFO - [2022-09-24T20:01:11.975+0000] {dag.py:2573} INFO - Sync 1 DAGs
[2022-09-24T20:01:12.090+0000] {logging_mixin.py:117} INFO - [2022-09-24T20:01:12.090+0000] {dag.py:3328} INFO - Setting next_dagrun for example_branch_operator to 2022-09-23T00:00:00+00:00, run_after=2022-09-24T00:00:00+00:00
[2022-09-24T20:01:12.230+0000] {processor.py:178} INFO - Processing /home/airflow/.local/lib/python3.7/site-packages/airflow/example_dags/example_branch_operator.py took 0.543 seconds
[2022-09-24T20:01:42.383+0000] {processor.py:156} INFO - Started process (PID=4311) to work on /home/airflow/.local/lib/python3.7/site-packages/airflow/example_dags/example_branch_operator.py
[2022-09-24T20:01:42.394+0000] {processor.py:758} INFO - Processing file /home/airflow/.local/lib/python3.7/site-packages/airflow/example_dags/example_branch_operator.py for tasks to queue
[2022-09-24T20:01:42.398+0000] {logging_mixin.py:117} INFO - [2022-09-24T20:01:42.398+0000] {dagbag.py:525} INFO - Filling up the DagBag from /home/airflow/.local/lib/python3.7/site-packages/airflow/example_dags/example_branch_operator.py
[2022-09-24T20:01:42.442+0000] {processor.py:768} INFO - DAG(s) dict_keys(['example_branch_operator']) retrieved from /home/airflow/.local/lib/python3.7/site-packages/airflow/example_dags/example_branch_operator.py
[2022-09-24T20:01:42.543+0000] {logging_mixin.py:117} INFO - [2022-09-24T20:01:42.542+0000] {dag.py:2573} INFO - Sync 1 DAGs
[2022-09-24T20:01:42.612+0000] {logging_mixin.py:117} INFO - [2022-09-24T20:01:42.612+0000] {dag.py:3328} INFO - Setting next_dagrun for example_branch_operator to 2022-09-23T00:00:00+00:00, run_after=2022-09-24T00:00:00+00:00
[2022-09-24T20:01:42.665+0000] {processor.py:178} INFO - Processing /home/airflow/.local/lib/python3.7/site-packages/airflow/example_dags/example_branch_operator.py took 0.324 seconds
[2022-09-24T20:02:13.733+0000] {processor.py:156} INFO - Started process (PID=4508) to work on /home/airflow/.local/lib/python3.7/site-packages/airflow/example_dags/example_branch_operator.py
[2022-09-24T20:02:13.741+0000] {processor.py:758} INFO - Processing file /home/airflow/.local/lib/python3.7/site-packages/airflow/example_dags/example_branch_operator.py for tasks to queue
[2022-09-24T20:02:13.754+0000] {logging_mixin.py:117} INFO - [2022-09-24T20:02:13.751+0000] {dagbag.py:525} INFO - Filling up the DagBag from /home/airflow/.local/lib/python3.7/site-packages/airflow/example_dags/example_branch_operator.py
[2022-09-24T20:02:13.861+0000] {processor.py:768} INFO - DAG(s) dict_keys(['example_branch_operator']) retrieved from /home/airflow/.local/lib/python3.7/site-packages/airflow/example_dags/example_branch_operator.py
[2022-09-24T20:02:14.031+0000] {logging_mixin.py:117} INFO - [2022-09-24T20:02:14.031+0000] {dag.py:2573} INFO - Sync 1 DAGs
[2022-09-24T20:02:14.143+0000] {logging_mixin.py:117} INFO - [2022-09-24T20:02:14.142+0000] {dag.py:3328} INFO - Setting next_dagrun for example_branch_operator to 2022-09-23T00:00:00+00:00, run_after=2022-09-24T00:00:00+00:00
[2022-09-24T20:02:14.227+0000] {processor.py:178} INFO - Processing /home/airflow/.local/lib/python3.7/site-packages/airflow/example_dags/example_branch_operator.py took 0.533 seconds
[2022-09-24T20:02:44.341+0000] {processor.py:156} INFO - Started process (PID=4715) to work on /home/airflow/.local/lib/python3.7/site-packages/airflow/example_dags/example_branch_operator.py
[2022-09-24T20:02:44.345+0000] {processor.py:758} INFO - Processing file /home/airflow/.local/lib/python3.7/site-packages/airflow/example_dags/example_branch_operator.py for tasks to queue
[2022-09-24T20:02:44.353+0000] {logging_mixin.py:117} INFO - [2022-09-24T20:02:44.351+0000] {dagbag.py:525} INFO - Filling up the DagBag from /home/airflow/.local/lib/python3.7/site-packages/airflow/example_dags/example_branch_operator.py
[2022-09-24T20:02:44.396+0000] {processor.py:768} INFO - DAG(s) dict_keys(['example_branch_operator']) retrieved from /home/airflow/.local/lib/python3.7/site-packages/airflow/example_dags/example_branch_operator.py
[2022-09-24T20:02:44.472+0000] {logging_mixin.py:117} INFO - [2022-09-24T20:02:44.472+0000] {dag.py:2573} INFO - Sync 1 DAGs
[2022-09-24T20:02:44.520+0000] {logging_mixin.py:117} INFO - [2022-09-24T20:02:44.520+0000] {dag.py:3328} INFO - Setting next_dagrun for example_branch_operator to 2022-09-23T00:00:00+00:00, run_after=2022-09-24T00:00:00+00:00
[2022-09-24T20:02:44.561+0000] {processor.py:178} INFO - Processing /home/airflow/.local/lib/python3.7/site-packages/airflow/example_dags/example_branch_operator.py took 0.228 seconds
[2022-09-24T20:03:14.744+0000] {processor.py:156} INFO - Started process (PID=4914) to work on /home/airflow/.local/lib/python3.7/site-packages/airflow/example_dags/example_branch_operator.py
[2022-09-24T20:03:14.748+0000] {processor.py:758} INFO - Processing file /home/airflow/.local/lib/python3.7/site-packages/airflow/example_dags/example_branch_operator.py for tasks to queue
[2022-09-24T20:03:14.752+0000] {logging_mixin.py:117} INFO - [2022-09-24T20:03:14.752+0000] {dagbag.py:525} INFO - Filling up the DagBag from /home/airflow/.local/lib/python3.7/site-packages/airflow/example_dags/example_branch_operator.py
[2022-09-24T20:03:14.804+0000] {processor.py:768} INFO - DAG(s) dict_keys(['example_branch_operator']) retrieved from /home/airflow/.local/lib/python3.7/site-packages/airflow/example_dags/example_branch_operator.py
[2022-09-24T20:03:14.898+0000] {logging_mixin.py:117} INFO - [2022-09-24T20:03:14.897+0000] {dag.py:2573} INFO - Sync 1 DAGs
[2022-09-24T20:03:14.951+0000] {logging_mixin.py:117} INFO - [2022-09-24T20:03:14.951+0000] {dag.py:3328} INFO - Setting next_dagrun for example_branch_operator to 2022-09-23T00:00:00+00:00, run_after=2022-09-24T00:00:00+00:00
[2022-09-24T20:03:14.989+0000] {processor.py:178} INFO - Processing /home/airflow/.local/lib/python3.7/site-packages/airflow/example_dags/example_branch_operator.py took 0.255 seconds
[2022-09-24T20:03:45.463+0000] {processor.py:156} INFO - Started process (PID=5112) to work on /home/airflow/.local/lib/python3.7/site-packages/airflow/example_dags/example_branch_operator.py
[2022-09-24T20:03:45.474+0000] {processor.py:758} INFO - Processing file /home/airflow/.local/lib/python3.7/site-packages/airflow/example_dags/example_branch_operator.py for tasks to queue
[2022-09-24T20:03:45.478+0000] {logging_mixin.py:117} INFO - [2022-09-24T20:03:45.478+0000] {dagbag.py:525} INFO - Filling up the DagBag from /home/airflow/.local/lib/python3.7/site-packages/airflow/example_dags/example_branch_operator.py
[2022-09-24T20:03:45.551+0000] {processor.py:768} INFO - DAG(s) dict_keys(['example_branch_operator']) retrieved from /home/airflow/.local/lib/python3.7/site-packages/airflow/example_dags/example_branch_operator.py
[2022-09-24T20:03:45.743+0000] {logging_mixin.py:117} INFO - [2022-09-24T20:03:45.743+0000] {dag.py:2573} INFO - Sync 1 DAGs
[2022-09-24T20:03:45.922+0000] {logging_mixin.py:117} INFO - [2022-09-24T20:03:45.922+0000] {dag.py:3328} INFO - Setting next_dagrun for example_branch_operator to 2022-09-23T00:00:00+00:00, run_after=2022-09-24T00:00:00+00:00
[2022-09-24T20:03:45.980+0000] {processor.py:178} INFO - Processing /home/airflow/.local/lib/python3.7/site-packages/airflow/example_dags/example_branch_operator.py took 0.531 seconds
[2022-09-24T20:04:16.199+0000] {processor.py:156} INFO - Started process (PID=5310) to work on /home/airflow/.local/lib/python3.7/site-packages/airflow/example_dags/example_branch_operator.py
[2022-09-24T20:04:16.204+0000] {processor.py:758} INFO - Processing file /home/airflow/.local/lib/python3.7/site-packages/airflow/example_dags/example_branch_operator.py for tasks to queue
[2022-09-24T20:04:16.210+0000] {logging_mixin.py:117} INFO - [2022-09-24T20:04:16.209+0000] {dagbag.py:525} INFO - Filling up the DagBag from /home/airflow/.local/lib/python3.7/site-packages/airflow/example_dags/example_branch_operator.py
[2022-09-24T20:04:16.254+0000] {processor.py:768} INFO - DAG(s) dict_keys(['example_branch_operator']) retrieved from /home/airflow/.local/lib/python3.7/site-packages/airflow/example_dags/example_branch_operator.py
[2022-09-24T20:04:16.339+0000] {logging_mixin.py:117} INFO - [2022-09-24T20:04:16.339+0000] {dag.py:2573} INFO - Sync 1 DAGs
[2022-09-24T20:04:16.398+0000] {logging_mixin.py:117} INFO - [2022-09-24T20:04:16.398+0000] {dag.py:3328} INFO - Setting next_dagrun for example_branch_operator to 2022-09-23T00:00:00+00:00, run_after=2022-09-24T00:00:00+00:00
[2022-09-24T20:04:16.453+0000] {processor.py:178} INFO - Processing /home/airflow/.local/lib/python3.7/site-packages/airflow/example_dags/example_branch_operator.py took 0.271 seconds
[2022-09-24T20:04:47.027+0000] {processor.py:156} INFO - Started process (PID=5501) to work on /home/airflow/.local/lib/python3.7/site-packages/airflow/example_dags/example_branch_operator.py
[2022-09-24T20:04:47.040+0000] {processor.py:758} INFO - Processing file /home/airflow/.local/lib/python3.7/site-packages/airflow/example_dags/example_branch_operator.py for tasks to queue
[2022-09-24T20:04:47.050+0000] {logging_mixin.py:117} INFO - [2022-09-24T20:04:47.050+0000] {dagbag.py:525} INFO - Filling up the DagBag from /home/airflow/.local/lib/python3.7/site-packages/airflow/example_dags/example_branch_operator.py
[2022-09-24T20:04:47.221+0000] {processor.py:768} INFO - DAG(s) dict_keys(['example_branch_operator']) retrieved from /home/airflow/.local/lib/python3.7/site-packages/airflow/example_dags/example_branch_operator.py
[2022-09-24T20:04:47.500+0000] {logging_mixin.py:117} INFO - [2022-09-24T20:04:47.499+0000] {dag.py:2573} INFO - Sync 1 DAGs
[2022-09-24T20:04:47.633+0000] {logging_mixin.py:117} INFO - [2022-09-24T20:04:47.632+0000] {dag.py:3328} INFO - Setting next_dagrun for example_branch_operator to 2022-09-23T00:00:00+00:00, run_after=2022-09-24T00:00:00+00:00
[2022-09-24T20:04:47.693+0000] {processor.py:178} INFO - Processing /home/airflow/.local/lib/python3.7/site-packages/airflow/example_dags/example_branch_operator.py took 0.674 seconds
[2022-09-24T20:05:18.210+0000] {processor.py:156} INFO - Started process (PID=5709) to work on /home/airflow/.local/lib/python3.7/site-packages/airflow/example_dags/example_branch_operator.py
[2022-09-24T20:05:18.217+0000] {processor.py:758} INFO - Processing file /home/airflow/.local/lib/python3.7/site-packages/airflow/example_dags/example_branch_operator.py for tasks to queue
[2022-09-24T20:05:18.222+0000] {logging_mixin.py:117} INFO - [2022-09-24T20:05:18.222+0000] {dagbag.py:525} INFO - Filling up the DagBag from /home/airflow/.local/lib/python3.7/site-packages/airflow/example_dags/example_branch_operator.py
[2022-09-24T20:05:18.291+0000] {processor.py:768} INFO - DAG(s) dict_keys(['example_branch_operator']) retrieved from /home/airflow/.local/lib/python3.7/site-packages/airflow/example_dags/example_branch_operator.py
[2022-09-24T20:05:18.412+0000] {logging_mixin.py:117} INFO - [2022-09-24T20:05:18.412+0000] {dag.py:2573} INFO - Sync 1 DAGs
[2022-09-24T20:05:18.483+0000] {logging_mixin.py:117} INFO - [2022-09-24T20:05:18.483+0000] {dag.py:3328} INFO - Setting next_dagrun for example_branch_operator to 2022-09-23T00:00:00+00:00, run_after=2022-09-24T00:00:00+00:00
[2022-09-24T20:05:18.541+0000] {processor.py:178} INFO - Processing /home/airflow/.local/lib/python3.7/site-packages/airflow/example_dags/example_branch_operator.py took 0.341 seconds
[2022-09-24T20:05:49.242+0000] {processor.py:156} INFO - Started process (PID=5893) to work on /home/airflow/.local/lib/python3.7/site-packages/airflow/example_dags/example_branch_operator.py
[2022-09-24T20:05:49.249+0000] {processor.py:758} INFO - Processing file /home/airflow/.local/lib/python3.7/site-packages/airflow/example_dags/example_branch_operator.py for tasks to queue
[2022-09-24T20:05:49.256+0000] {logging_mixin.py:117} INFO - [2022-09-24T20:05:49.256+0000] {dagbag.py:525} INFO - Filling up the DagBag from /home/airflow/.local/lib/python3.7/site-packages/airflow/example_dags/example_branch_operator.py
[2022-09-24T20:05:49.318+0000] {processor.py:768} INFO - DAG(s) dict_keys(['example_branch_operator']) retrieved from /home/airflow/.local/lib/python3.7/site-packages/airflow/example_dags/example_branch_operator.py
[2022-09-24T20:05:49.472+0000] {logging_mixin.py:117} INFO - [2022-09-24T20:05:49.472+0000] {dag.py:2573} INFO - Sync 1 DAGs
[2022-09-24T20:05:49.665+0000] {logging_mixin.py:117} INFO - [2022-09-24T20:05:49.665+0000] {dag.py:3328} INFO - Setting next_dagrun for example_branch_operator to 2022-09-23T00:00:00+00:00, run_after=2022-09-24T00:00:00+00:00
[2022-09-24T20:05:49.762+0000] {processor.py:178} INFO - Processing /home/airflow/.local/lib/python3.7/site-packages/airflow/example_dags/example_branch_operator.py took 0.529 seconds
[2022-09-24T20:06:21.230+0000] {processor.py:156} INFO - Started process (PID=6097) to work on /home/airflow/.local/lib/python3.7/site-packages/airflow/example_dags/example_branch_operator.py
[2022-09-24T20:06:21.251+0000] {processor.py:758} INFO - Processing file /home/airflow/.local/lib/python3.7/site-packages/airflow/example_dags/example_branch_operator.py for tasks to queue
[2022-09-24T20:06:21.258+0000] {logging_mixin.py:117} INFO - [2022-09-24T20:06:21.257+0000] {dagbag.py:525} INFO - Filling up the DagBag from /home/airflow/.local/lib/python3.7/site-packages/airflow/example_dags/example_branch_operator.py
[2022-09-24T20:06:21.494+0000] {processor.py:768} INFO - DAG(s) dict_keys(['example_branch_operator']) retrieved from /home/airflow/.local/lib/python3.7/site-packages/airflow/example_dags/example_branch_operator.py
[2022-09-24T20:06:21.955+0000] {logging_mixin.py:117} INFO - [2022-09-24T20:06:21.948+0000] {dag.py:2573} INFO - Sync 1 DAGs
[2022-09-24T20:06:22.240+0000] {logging_mixin.py:117} INFO - [2022-09-24T20:06:22.240+0000] {dag.py:3328} INFO - Setting next_dagrun for example_branch_operator to 2022-09-23T00:00:00+00:00, run_after=2022-09-24T00:00:00+00:00
[2022-09-24T20:06:22.352+0000] {processor.py:178} INFO - Processing /home/airflow/.local/lib/python3.7/site-packages/airflow/example_dags/example_branch_operator.py took 1.143 seconds
[2022-09-24T20:06:52.766+0000] {processor.py:156} INFO - Started process (PID=6294) to work on /home/airflow/.local/lib/python3.7/site-packages/airflow/example_dags/example_branch_operator.py
[2022-09-24T20:06:52.771+0000] {processor.py:758} INFO - Processing file /home/airflow/.local/lib/python3.7/site-packages/airflow/example_dags/example_branch_operator.py for tasks to queue
[2022-09-24T20:06:52.780+0000] {logging_mixin.py:117} INFO - [2022-09-24T20:06:52.779+0000] {dagbag.py:525} INFO - Filling up the DagBag from /home/airflow/.local/lib/python3.7/site-packages/airflow/example_dags/example_branch_operator.py
[2022-09-24T20:06:52.946+0000] {processor.py:768} INFO - DAG(s) dict_keys(['example_branch_operator']) retrieved from /home/airflow/.local/lib/python3.7/site-packages/airflow/example_dags/example_branch_operator.py
[2022-09-24T20:06:53.050+0000] {logging_mixin.py:117} INFO - [2022-09-24T20:06:53.049+0000] {dag.py:2573} INFO - Sync 1 DAGs
[2022-09-24T20:06:53.134+0000] {logging_mixin.py:117} INFO - [2022-09-24T20:06:53.134+0000] {dag.py:3328} INFO - Setting next_dagrun for example_branch_operator to 2022-09-23T00:00:00+00:00, run_after=2022-09-24T00:00:00+00:00
[2022-09-24T20:06:53.182+0000] {processor.py:178} INFO - Processing /home/airflow/.local/lib/python3.7/site-packages/airflow/example_dags/example_branch_operator.py took 0.453 seconds
[2022-09-24T20:07:24.180+0000] {processor.py:156} INFO - Started process (PID=6493) to work on /home/airflow/.local/lib/python3.7/site-packages/airflow/example_dags/example_branch_operator.py
[2022-09-24T20:07:24.182+0000] {processor.py:758} INFO - Processing file /home/airflow/.local/lib/python3.7/site-packages/airflow/example_dags/example_branch_operator.py for tasks to queue
[2022-09-24T20:07:24.185+0000] {logging_mixin.py:117} INFO - [2022-09-24T20:07:24.184+0000] {dagbag.py:525} INFO - Filling up the DagBag from /home/airflow/.local/lib/python3.7/site-packages/airflow/example_dags/example_branch_operator.py
[2022-09-24T20:07:24.219+0000] {processor.py:768} INFO - DAG(s) dict_keys(['example_branch_operator']) retrieved from /home/airflow/.local/lib/python3.7/site-packages/airflow/example_dags/example_branch_operator.py
[2022-09-24T20:07:24.295+0000] {logging_mixin.py:117} INFO - [2022-09-24T20:07:24.295+0000] {dag.py:2573} INFO - Sync 1 DAGs
[2022-09-24T20:07:24.343+0000] {logging_mixin.py:117} INFO - [2022-09-24T20:07:24.343+0000] {dag.py:3328} INFO - Setting next_dagrun for example_branch_operator to 2022-09-23T00:00:00+00:00, run_after=2022-09-24T00:00:00+00:00
[2022-09-24T20:07:24.385+0000] {processor.py:178} INFO - Processing /home/airflow/.local/lib/python3.7/site-packages/airflow/example_dags/example_branch_operator.py took 0.215 seconds
[2022-09-24T20:07:54.593+0000] {processor.py:156} INFO - Started process (PID=6691) to work on /home/airflow/.local/lib/python3.7/site-packages/airflow/example_dags/example_branch_operator.py
[2022-09-24T20:07:54.596+0000] {processor.py:758} INFO - Processing file /home/airflow/.local/lib/python3.7/site-packages/airflow/example_dags/example_branch_operator.py for tasks to queue
[2022-09-24T20:07:54.598+0000] {logging_mixin.py:117} INFO - [2022-09-24T20:07:54.598+0000] {dagbag.py:525} INFO - Filling up the DagBag from /home/airflow/.local/lib/python3.7/site-packages/airflow/example_dags/example_branch_operator.py
[2022-09-24T20:07:54.634+0000] {processor.py:768} INFO - DAG(s) dict_keys(['example_branch_operator']) retrieved from /home/airflow/.local/lib/python3.7/site-packages/airflow/example_dags/example_branch_operator.py
[2022-09-24T20:07:54.713+0000] {logging_mixin.py:117} INFO - [2022-09-24T20:07:54.712+0000] {dag.py:2573} INFO - Sync 1 DAGs
[2022-09-24T20:07:54.763+0000] {logging_mixin.py:117} INFO - [2022-09-24T20:07:54.763+0000] {dag.py:3328} INFO - Setting next_dagrun for example_branch_operator to 2022-09-23T00:00:00+00:00, run_after=2022-09-24T00:00:00+00:00
[2022-09-24T20:07:54.806+0000] {processor.py:178} INFO - Processing /home/airflow/.local/lib/python3.7/site-packages/airflow/example_dags/example_branch_operator.py took 0.220 seconds
[2022-09-24T20:08:25.423+0000] {processor.py:156} INFO - Started process (PID=6897) to work on /home/airflow/.local/lib/python3.7/site-packages/airflow/example_dags/example_branch_operator.py
[2022-09-24T20:08:25.430+0000] {processor.py:758} INFO - Processing file /home/airflow/.local/lib/python3.7/site-packages/airflow/example_dags/example_branch_operator.py for tasks to queue
[2022-09-24T20:08:25.438+0000] {logging_mixin.py:117} INFO - [2022-09-24T20:08:25.437+0000] {dagbag.py:525} INFO - Filling up the DagBag from /home/airflow/.local/lib/python3.7/site-packages/airflow/example_dags/example_branch_operator.py
[2022-09-24T20:08:25.545+0000] {processor.py:768} INFO - DAG(s) dict_keys(['example_branch_operator']) retrieved from /home/airflow/.local/lib/python3.7/site-packages/airflow/example_dags/example_branch_operator.py
[2022-09-24T20:08:25.719+0000] {logging_mixin.py:117} INFO - [2022-09-24T20:08:25.719+0000] {dag.py:2573} INFO - Sync 1 DAGs
[2022-09-24T20:08:25.886+0000] {logging_mixin.py:117} INFO - [2022-09-24T20:08:25.886+0000] {dag.py:3328} INFO - Setting next_dagrun for example_branch_operator to 2022-09-23T00:00:00+00:00, run_after=2022-09-24T00:00:00+00:00
[2022-09-24T20:08:25.941+0000] {processor.py:178} INFO - Processing /home/airflow/.local/lib/python3.7/site-packages/airflow/example_dags/example_branch_operator.py took 0.553 seconds
[2022-09-24T20:08:56.558+0000] {processor.py:156} INFO - Started process (PID=7091) to work on /home/airflow/.local/lib/python3.7/site-packages/airflow/example_dags/example_branch_operator.py
[2022-09-24T20:08:56.566+0000] {processor.py:758} INFO - Processing file /home/airflow/.local/lib/python3.7/site-packages/airflow/example_dags/example_branch_operator.py for tasks to queue
[2022-09-24T20:08:56.577+0000] {logging_mixin.py:117} INFO - [2022-09-24T20:08:56.575+0000] {dagbag.py:525} INFO - Filling up the DagBag from /home/airflow/.local/lib/python3.7/site-packages/airflow/example_dags/example_branch_operator.py
[2022-09-24T20:08:56.643+0000] {processor.py:768} INFO - DAG(s) dict_keys(['example_branch_operator']) retrieved from /home/airflow/.local/lib/python3.7/site-packages/airflow/example_dags/example_branch_operator.py
[2022-09-24T20:08:56.793+0000] {logging_mixin.py:117} INFO - [2022-09-24T20:08:56.793+0000] {dag.py:2573} INFO - Sync 1 DAGs
[2022-09-24T20:08:56.965+0000] {logging_mixin.py:117} INFO - [2022-09-24T20:08:56.965+0000] {dag.py:3328} INFO - Setting next_dagrun for example_branch_operator to 2022-09-23T00:00:00+00:00, run_after=2022-09-24T00:00:00+00:00
[2022-09-24T20:08:57.138+0000] {processor.py:178} INFO - Processing /home/airflow/.local/lib/python3.7/site-packages/airflow/example_dags/example_branch_operator.py took 0.598 seconds
[2022-09-24T20:09:27.352+0000] {processor.py:156} INFO - Started process (PID=7296) to work on /home/airflow/.local/lib/python3.7/site-packages/airflow/example_dags/example_branch_operator.py
[2022-09-24T20:09:27.356+0000] {processor.py:758} INFO - Processing file /home/airflow/.local/lib/python3.7/site-packages/airflow/example_dags/example_branch_operator.py for tasks to queue
[2022-09-24T20:09:27.361+0000] {logging_mixin.py:117} INFO - [2022-09-24T20:09:27.360+0000] {dagbag.py:525} INFO - Filling up the DagBag from /home/airflow/.local/lib/python3.7/site-packages/airflow/example_dags/example_branch_operator.py
[2022-09-24T20:09:27.402+0000] {processor.py:768} INFO - DAG(s) dict_keys(['example_branch_operator']) retrieved from /home/airflow/.local/lib/python3.7/site-packages/airflow/example_dags/example_branch_operator.py
[2022-09-24T20:09:27.489+0000] {logging_mixin.py:117} INFO - [2022-09-24T20:09:27.489+0000] {dag.py:2573} INFO - Sync 1 DAGs
[2022-09-24T20:09:27.553+0000] {logging_mixin.py:117} INFO - [2022-09-24T20:09:27.552+0000] {dag.py:3328} INFO - Setting next_dagrun for example_branch_operator to 2022-09-23T00:00:00+00:00, run_after=2022-09-24T00:00:00+00:00
[2022-09-24T20:09:27.596+0000] {processor.py:178} INFO - Processing /home/airflow/.local/lib/python3.7/site-packages/airflow/example_dags/example_branch_operator.py took 0.250 seconds
[2022-09-24T20:09:57.731+0000] {processor.py:156} INFO - Started process (PID=7494) to work on /home/airflow/.local/lib/python3.7/site-packages/airflow/example_dags/example_branch_operator.py
[2022-09-24T20:09:57.735+0000] {processor.py:758} INFO - Processing file /home/airflow/.local/lib/python3.7/site-packages/airflow/example_dags/example_branch_operator.py for tasks to queue
[2022-09-24T20:09:57.737+0000] {logging_mixin.py:117} INFO - [2022-09-24T20:09:57.737+0000] {dagbag.py:525} INFO - Filling up the DagBag from /home/airflow/.local/lib/python3.7/site-packages/airflow/example_dags/example_branch_operator.py
[2022-09-24T20:09:57.782+0000] {processor.py:768} INFO - DAG(s) dict_keys(['example_branch_operator']) retrieved from /home/airflow/.local/lib/python3.7/site-packages/airflow/example_dags/example_branch_operator.py
[2022-09-24T20:09:57.868+0000] {logging_mixin.py:117} INFO - [2022-09-24T20:09:57.867+0000] {dag.py:2573} INFO - Sync 1 DAGs
[2022-09-24T20:09:57.931+0000] {logging_mixin.py:117} INFO - [2022-09-24T20:09:57.930+0000] {dag.py:3328} INFO - Setting next_dagrun for example_branch_operator to 2022-09-23T00:00:00+00:00, run_after=2022-09-24T00:00:00+00:00
[2022-09-24T20:09:57.992+0000] {processor.py:178} INFO - Processing /home/airflow/.local/lib/python3.7/site-packages/airflow/example_dags/example_branch_operator.py took 0.266 seconds
[2022-09-24T20:10:28.200+0000] {processor.py:156} INFO - Started process (PID=7692) to work on /home/airflow/.local/lib/python3.7/site-packages/airflow/example_dags/example_branch_operator.py
[2022-09-24T20:10:28.202+0000] {processor.py:758} INFO - Processing file /home/airflow/.local/lib/python3.7/site-packages/airflow/example_dags/example_branch_operator.py for tasks to queue
[2022-09-24T20:10:28.205+0000] {logging_mixin.py:117} INFO - [2022-09-24T20:10:28.204+0000] {dagbag.py:525} INFO - Filling up the DagBag from /home/airflow/.local/lib/python3.7/site-packages/airflow/example_dags/example_branch_operator.py
[2022-09-24T20:10:28.246+0000] {processor.py:768} INFO - DAG(s) dict_keys(['example_branch_operator']) retrieved from /home/airflow/.local/lib/python3.7/site-packages/airflow/example_dags/example_branch_operator.py
[2022-09-24T20:10:28.326+0000] {logging_mixin.py:117} INFO - [2022-09-24T20:10:28.326+0000] {dag.py:2573} INFO - Sync 1 DAGs
[2022-09-24T20:10:28.375+0000] {logging_mixin.py:117} INFO - [2022-09-24T20:10:28.374+0000] {dag.py:3328} INFO - Setting next_dagrun for example_branch_operator to 2022-09-23T00:00:00+00:00, run_after=2022-09-24T00:00:00+00:00
[2022-09-24T20:10:28.460+0000] {processor.py:178} INFO - Processing /home/airflow/.local/lib/python3.7/site-packages/airflow/example_dags/example_branch_operator.py took 0.266 seconds
[2022-09-24T20:10:58.623+0000] {processor.py:156} INFO - Started process (PID=7893) to work on /home/airflow/.local/lib/python3.7/site-packages/airflow/example_dags/example_branch_operator.py
[2022-09-24T20:10:58.634+0000] {processor.py:758} INFO - Processing file /home/airflow/.local/lib/python3.7/site-packages/airflow/example_dags/example_branch_operator.py for tasks to queue
[2022-09-24T20:10:58.657+0000] {logging_mixin.py:117} INFO - [2022-09-24T20:10:58.656+0000] {dagbag.py:525} INFO - Filling up the DagBag from /home/airflow/.local/lib/python3.7/site-packages/airflow/example_dags/example_branch_operator.py
[2022-09-24T20:10:58.915+0000] {processor.py:768} INFO - DAG(s) dict_keys(['example_branch_operator']) retrieved from /home/airflow/.local/lib/python3.7/site-packages/airflow/example_dags/example_branch_operator.py
[2022-09-24T20:10:59.024+0000] {logging_mixin.py:117} INFO - [2022-09-24T20:10:59.024+0000] {dag.py:2573} INFO - Sync 1 DAGs
[2022-09-24T20:10:59.089+0000] {logging_mixin.py:117} INFO - [2022-09-24T20:10:59.088+0000] {dag.py:3328} INFO - Setting next_dagrun for example_branch_operator to 2022-09-23T00:00:00+00:00, run_after=2022-09-24T00:00:00+00:00
[2022-09-24T20:10:59.287+0000] {processor.py:178} INFO - Processing /home/airflow/.local/lib/python3.7/site-packages/airflow/example_dags/example_branch_operator.py took 0.679 seconds
[2022-09-24T20:11:29.439+0000] {processor.py:156} INFO - Started process (PID=8091) to work on /home/airflow/.local/lib/python3.7/site-packages/airflow/example_dags/example_branch_operator.py
[2022-09-24T20:11:29.446+0000] {processor.py:758} INFO - Processing file /home/airflow/.local/lib/python3.7/site-packages/airflow/example_dags/example_branch_operator.py for tasks to queue
[2022-09-24T20:11:29.450+0000] {logging_mixin.py:117} INFO - [2022-09-24T20:11:29.449+0000] {dagbag.py:525} INFO - Filling up the DagBag from /home/airflow/.local/lib/python3.7/site-packages/airflow/example_dags/example_branch_operator.py
[2022-09-24T20:11:29.554+0000] {processor.py:768} INFO - DAG(s) dict_keys(['example_branch_operator']) retrieved from /home/airflow/.local/lib/python3.7/site-packages/airflow/example_dags/example_branch_operator.py
[2022-09-24T20:11:29.768+0000] {logging_mixin.py:117} INFO - [2022-09-24T20:11:29.768+0000] {dag.py:2573} INFO - Sync 1 DAGs
[2022-09-24T20:11:29.961+0000] {logging_mixin.py:117} INFO - [2022-09-24T20:11:29.961+0000] {dag.py:3328} INFO - Setting next_dagrun for example_branch_operator to 2022-09-23T00:00:00+00:00, run_after=2022-09-24T00:00:00+00:00
[2022-09-24T20:11:30.050+0000] {processor.py:178} INFO - Processing /home/airflow/.local/lib/python3.7/site-packages/airflow/example_dags/example_branch_operator.py took 0.621 seconds
[2022-09-24T20:12:00.355+0000] {processor.py:156} INFO - Started process (PID=8292) to work on /home/airflow/.local/lib/python3.7/site-packages/airflow/example_dags/example_branch_operator.py
[2022-09-24T20:12:00.363+0000] {processor.py:758} INFO - Processing file /home/airflow/.local/lib/python3.7/site-packages/airflow/example_dags/example_branch_operator.py for tasks to queue
[2022-09-24T20:12:00.368+0000] {logging_mixin.py:117} INFO - [2022-09-24T20:12:00.368+0000] {dagbag.py:525} INFO - Filling up the DagBag from /home/airflow/.local/lib/python3.7/site-packages/airflow/example_dags/example_branch_operator.py
[2022-09-24T20:12:00.441+0000] {processor.py:768} INFO - DAG(s) dict_keys(['example_branch_operator']) retrieved from /home/airflow/.local/lib/python3.7/site-packages/airflow/example_dags/example_branch_operator.py
[2022-09-24T20:12:00.569+0000] {logging_mixin.py:117} INFO - [2022-09-24T20:12:00.568+0000] {dag.py:2573} INFO - Sync 1 DAGs
[2022-09-24T20:12:00.649+0000] {logging_mixin.py:117} INFO - [2022-09-24T20:12:00.649+0000] {dag.py:3328} INFO - Setting next_dagrun for example_branch_operator to 2022-09-23T00:00:00+00:00, run_after=2022-09-24T00:00:00+00:00
[2022-09-24T20:12:00.704+0000] {processor.py:178} INFO - Processing /home/airflow/.local/lib/python3.7/site-packages/airflow/example_dags/example_branch_operator.py took 0.365 seconds
[2022-09-24T20:12:31.017+0000] {processor.py:156} INFO - Started process (PID=8489) to work on /home/airflow/.local/lib/python3.7/site-packages/airflow/example_dags/example_branch_operator.py
[2022-09-24T20:12:31.023+0000] {processor.py:758} INFO - Processing file /home/airflow/.local/lib/python3.7/site-packages/airflow/example_dags/example_branch_operator.py for tasks to queue
[2022-09-24T20:12:31.037+0000] {logging_mixin.py:117} INFO - [2022-09-24T20:12:31.030+0000] {dagbag.py:525} INFO - Filling up the DagBag from /home/airflow/.local/lib/python3.7/site-packages/airflow/example_dags/example_branch_operator.py
[2022-09-24T20:12:31.098+0000] {processor.py:768} INFO - DAG(s) dict_keys(['example_branch_operator']) retrieved from /home/airflow/.local/lib/python3.7/site-packages/airflow/example_dags/example_branch_operator.py
[2022-09-24T20:12:31.192+0000] {logging_mixin.py:117} INFO - [2022-09-24T20:12:31.192+0000] {dag.py:2573} INFO - Sync 1 DAGs
[2022-09-24T20:12:31.240+0000] {logging_mixin.py:117} INFO - [2022-09-24T20:12:31.240+0000] {dag.py:3328} INFO - Setting next_dagrun for example_branch_operator to 2022-09-23T00:00:00+00:00, run_after=2022-09-24T00:00:00+00:00
[2022-09-24T20:12:31.282+0000] {processor.py:178} INFO - Processing /home/airflow/.local/lib/python3.7/site-packages/airflow/example_dags/example_branch_operator.py took 0.278 seconds
[2022-09-24T20:13:01.869+0000] {processor.py:156} INFO - Started process (PID=8685) to work on /home/airflow/.local/lib/python3.7/site-packages/airflow/example_dags/example_branch_operator.py
[2022-09-24T20:13:01.874+0000] {processor.py:758} INFO - Processing file /home/airflow/.local/lib/python3.7/site-packages/airflow/example_dags/example_branch_operator.py for tasks to queue
[2022-09-24T20:13:01.882+0000] {logging_mixin.py:117} INFO - [2022-09-24T20:13:01.882+0000] {dagbag.py:525} INFO - Filling up the DagBag from /home/airflow/.local/lib/python3.7/site-packages/airflow/example_dags/example_branch_operator.py
[2022-09-24T20:13:01.939+0000] {processor.py:768} INFO - DAG(s) dict_keys(['example_branch_operator']) retrieved from /home/airflow/.local/lib/python3.7/site-packages/airflow/example_dags/example_branch_operator.py
[2022-09-24T20:13:02.066+0000] {logging_mixin.py:117} INFO - [2022-09-24T20:13:02.065+0000] {dag.py:2573} INFO - Sync 1 DAGs
[2022-09-24T20:13:02.152+0000] {logging_mixin.py:117} INFO - [2022-09-24T20:13:02.152+0000] {dag.py:3328} INFO - Setting next_dagrun for example_branch_operator to 2022-09-23T00:00:00+00:00, run_after=2022-09-24T00:00:00+00:00
[2022-09-24T20:13:02.215+0000] {processor.py:178} INFO - Processing /home/airflow/.local/lib/python3.7/site-packages/airflow/example_dags/example_branch_operator.py took 0.358 seconds
[2022-09-24T20:13:32.332+0000] {processor.py:156} INFO - Started process (PID=8890) to work on /home/airflow/.local/lib/python3.7/site-packages/airflow/example_dags/example_branch_operator.py
[2022-09-24T20:13:32.336+0000] {processor.py:758} INFO - Processing file /home/airflow/.local/lib/python3.7/site-packages/airflow/example_dags/example_branch_operator.py for tasks to queue
[2022-09-24T20:13:32.339+0000] {logging_mixin.py:117} INFO - [2022-09-24T20:13:32.339+0000] {dagbag.py:525} INFO - Filling up the DagBag from /home/airflow/.local/lib/python3.7/site-packages/airflow/example_dags/example_branch_operator.py
[2022-09-24T20:13:32.388+0000] {processor.py:768} INFO - DAG(s) dict_keys(['example_branch_operator']) retrieved from /home/airflow/.local/lib/python3.7/site-packages/airflow/example_dags/example_branch_operator.py
[2022-09-24T20:13:32.544+0000] {logging_mixin.py:117} INFO - [2022-09-24T20:13:32.544+0000] {dag.py:2573} INFO - Sync 1 DAGs
[2022-09-24T20:13:32.597+0000] {logging_mixin.py:117} INFO - [2022-09-24T20:13:32.597+0000] {dag.py:3328} INFO - Setting next_dagrun for example_branch_operator to 2022-09-23T00:00:00+00:00, run_after=2022-09-24T00:00:00+00:00
[2022-09-24T20:13:32.641+0000] {processor.py:178} INFO - Processing /home/airflow/.local/lib/python3.7/site-packages/airflow/example_dags/example_branch_operator.py took 0.320 seconds
[2022-09-24T20:14:03.068+0000] {processor.py:156} INFO - Started process (PID=9086) to work on /home/airflow/.local/lib/python3.7/site-packages/airflow/example_dags/example_branch_operator.py
[2022-09-24T20:14:03.073+0000] {processor.py:758} INFO - Processing file /home/airflow/.local/lib/python3.7/site-packages/airflow/example_dags/example_branch_operator.py for tasks to queue
[2022-09-24T20:14:03.081+0000] {logging_mixin.py:117} INFO - [2022-09-24T20:14:03.081+0000] {dagbag.py:525} INFO - Filling up the DagBag from /home/airflow/.local/lib/python3.7/site-packages/airflow/example_dags/example_branch_operator.py
[2022-09-24T20:14:03.280+0000] {processor.py:768} INFO - DAG(s) dict_keys(['example_branch_operator']) retrieved from /home/airflow/.local/lib/python3.7/site-packages/airflow/example_dags/example_branch_operator.py
[2022-09-24T20:14:03.550+0000] {logging_mixin.py:117} INFO - [2022-09-24T20:14:03.550+0000] {dag.py:2573} INFO - Sync 1 DAGs
[2022-09-24T20:14:04.123+0000] {logging_mixin.py:117} INFO - [2022-09-24T20:14:04.122+0000] {dag.py:3328} INFO - Setting next_dagrun for example_branch_operator to 2022-09-23T00:00:00+00:00, run_after=2022-09-24T00:00:00+00:00
[2022-09-24T20:14:04.463+0000] {processor.py:178} INFO - Processing /home/airflow/.local/lib/python3.7/site-packages/airflow/example_dags/example_branch_operator.py took 1.454 seconds
[2022-09-24T20:14:36.156+0000] {processor.py:156} INFO - Started process (PID=9272) to work on /home/airflow/.local/lib/python3.7/site-packages/airflow/example_dags/example_branch_operator.py
[2022-09-24T20:14:36.174+0000] {processor.py:758} INFO - Processing file /home/airflow/.local/lib/python3.7/site-packages/airflow/example_dags/example_branch_operator.py for tasks to queue
[2022-09-24T20:14:36.191+0000] {logging_mixin.py:117} INFO - [2022-09-24T20:14:36.191+0000] {dagbag.py:525} INFO - Filling up the DagBag from /home/airflow/.local/lib/python3.7/site-packages/airflow/example_dags/example_branch_operator.py
[2022-09-24T20:14:36.431+0000] {processor.py:768} INFO - DAG(s) dict_keys(['example_branch_operator']) retrieved from /home/airflow/.local/lib/python3.7/site-packages/airflow/example_dags/example_branch_operator.py
[2022-09-24T20:14:36.700+0000] {logging_mixin.py:117} INFO - [2022-09-24T20:14:36.699+0000] {dag.py:2573} INFO - Sync 1 DAGs
[2022-09-24T20:14:36.880+0000] {logging_mixin.py:117} INFO - [2022-09-24T20:14:36.880+0000] {dag.py:3328} INFO - Setting next_dagrun for example_branch_operator to 2022-09-23T00:00:00+00:00, run_after=2022-09-24T00:00:00+00:00
[2022-09-24T20:14:36.965+0000] {processor.py:178} INFO - Processing /home/airflow/.local/lib/python3.7/site-packages/airflow/example_dags/example_branch_operator.py took 0.832 seconds
[2022-09-24T20:15:07.852+0000] {processor.py:156} INFO - Started process (PID=9459) to work on /home/airflow/.local/lib/python3.7/site-packages/airflow/example_dags/example_branch_operator.py
[2022-09-24T20:15:07.855+0000] {processor.py:758} INFO - Processing file /home/airflow/.local/lib/python3.7/site-packages/airflow/example_dags/example_branch_operator.py for tasks to queue
[2022-09-24T20:15:07.862+0000] {logging_mixin.py:117} INFO - [2022-09-24T20:15:07.862+0000] {dagbag.py:525} INFO - Filling up the DagBag from /home/airflow/.local/lib/python3.7/site-packages/airflow/example_dags/example_branch_operator.py
[2022-09-24T20:15:07.965+0000] {processor.py:768} INFO - DAG(s) dict_keys(['example_branch_operator']) retrieved from /home/airflow/.local/lib/python3.7/site-packages/airflow/example_dags/example_branch_operator.py
[2022-09-24T20:15:08.219+0000] {logging_mixin.py:117} INFO - [2022-09-24T20:15:08.219+0000] {dag.py:2573} INFO - Sync 1 DAGs
[2022-09-24T20:15:08.387+0000] {logging_mixin.py:117} INFO - [2022-09-24T20:15:08.386+0000] {dag.py:3328} INFO - Setting next_dagrun for example_branch_operator to 2022-09-23T00:00:00+00:00, run_after=2022-09-24T00:00:00+00:00
[2022-09-24T20:15:08.459+0000] {processor.py:178} INFO - Processing /home/airflow/.local/lib/python3.7/site-packages/airflow/example_dags/example_branch_operator.py took 0.654 seconds
[2022-09-24T20:15:40.397+0000] {processor.py:156} INFO - Started process (PID=9649) to work on /home/airflow/.local/lib/python3.7/site-packages/airflow/example_dags/example_branch_operator.py
[2022-09-24T20:15:40.401+0000] {processor.py:758} INFO - Processing file /home/airflow/.local/lib/python3.7/site-packages/airflow/example_dags/example_branch_operator.py for tasks to queue
[2022-09-24T20:15:40.404+0000] {logging_mixin.py:117} INFO - [2022-09-24T20:15:40.404+0000] {dagbag.py:525} INFO - Filling up the DagBag from /home/airflow/.local/lib/python3.7/site-packages/airflow/example_dags/example_branch_operator.py
[2022-09-24T20:15:40.449+0000] {processor.py:768} INFO - DAG(s) dict_keys(['example_branch_operator']) retrieved from /home/airflow/.local/lib/python3.7/site-packages/airflow/example_dags/example_branch_operator.py
[2022-09-24T20:15:40.593+0000] {logging_mixin.py:117} INFO - [2022-09-24T20:15:40.593+0000] {dag.py:2573} INFO - Sync 1 DAGs
[2022-09-24T20:15:40.722+0000] {logging_mixin.py:117} INFO - [2022-09-24T20:15:40.720+0000] {dag.py:3328} INFO - Setting next_dagrun for example_branch_operator to 2022-09-23T00:00:00+00:00, run_after=2022-09-24T00:00:00+00:00
[2022-09-24T20:15:40.817+0000] {processor.py:178} INFO - Processing /home/airflow/.local/lib/python3.7/site-packages/airflow/example_dags/example_branch_operator.py took 0.428 seconds
[2022-09-24T20:16:11.178+0000] {processor.py:156} INFO - Started process (PID=9847) to work on /home/airflow/.local/lib/python3.7/site-packages/airflow/example_dags/example_branch_operator.py
[2022-09-24T20:16:11.183+0000] {processor.py:758} INFO - Processing file /home/airflow/.local/lib/python3.7/site-packages/airflow/example_dags/example_branch_operator.py for tasks to queue
[2022-09-24T20:16:11.186+0000] {logging_mixin.py:117} INFO - [2022-09-24T20:16:11.186+0000] {dagbag.py:525} INFO - Filling up the DagBag from /home/airflow/.local/lib/python3.7/site-packages/airflow/example_dags/example_branch_operator.py
[2022-09-24T20:16:11.250+0000] {processor.py:768} INFO - DAG(s) dict_keys(['example_branch_operator']) retrieved from /home/airflow/.local/lib/python3.7/site-packages/airflow/example_dags/example_branch_operator.py
[2022-09-24T20:16:11.345+0000] {logging_mixin.py:117} INFO - [2022-09-24T20:16:11.345+0000] {dag.py:2573} INFO - Sync 1 DAGs
[2022-09-24T20:16:11.429+0000] {logging_mixin.py:117} INFO - [2022-09-24T20:16:11.429+0000] {dag.py:3328} INFO - Setting next_dagrun for example_branch_operator to 2022-09-23T00:00:00+00:00, run_after=2022-09-24T00:00:00+00:00
[2022-09-24T20:16:11.498+0000] {processor.py:178} INFO - Processing /home/airflow/.local/lib/python3.7/site-packages/airflow/example_dags/example_branch_operator.py took 0.329 seconds
[2022-09-24T20:16:41.600+0000] {processor.py:156} INFO - Started process (PID=10031) to work on /home/airflow/.local/lib/python3.7/site-packages/airflow/example_dags/example_branch_operator.py
[2022-09-24T20:16:41.605+0000] {processor.py:758} INFO - Processing file /home/airflow/.local/lib/python3.7/site-packages/airflow/example_dags/example_branch_operator.py for tasks to queue
[2022-09-24T20:16:41.611+0000] {logging_mixin.py:117} INFO - [2022-09-24T20:16:41.609+0000] {dagbag.py:525} INFO - Filling up the DagBag from /home/airflow/.local/lib/python3.7/site-packages/airflow/example_dags/example_branch_operator.py
[2022-09-24T20:16:41.668+0000] {processor.py:768} INFO - DAG(s) dict_keys(['example_branch_operator']) retrieved from /home/airflow/.local/lib/python3.7/site-packages/airflow/example_dags/example_branch_operator.py
[2022-09-24T20:16:41.785+0000] {logging_mixin.py:117} INFO - [2022-09-24T20:16:41.784+0000] {dag.py:2573} INFO - Sync 1 DAGs
[2022-09-24T20:16:41.843+0000] {logging_mixin.py:117} INFO - [2022-09-24T20:16:41.842+0000] {dag.py:3328} INFO - Setting next_dagrun for example_branch_operator to 2022-09-23T00:00:00+00:00, run_after=2022-09-24T00:00:00+00:00
[2022-09-24T20:16:41.923+0000] {processor.py:178} INFO - Processing /home/airflow/.local/lib/python3.7/site-packages/airflow/example_dags/example_branch_operator.py took 0.339 seconds
[2022-09-24T20:17:12.497+0000] {processor.py:156} INFO - Started process (PID=10229) to work on /home/airflow/.local/lib/python3.7/site-packages/airflow/example_dags/example_branch_operator.py
[2022-09-24T20:17:12.502+0000] {processor.py:758} INFO - Processing file /home/airflow/.local/lib/python3.7/site-packages/airflow/example_dags/example_branch_operator.py for tasks to queue
[2022-09-24T20:17:12.507+0000] {logging_mixin.py:117} INFO - [2022-09-24T20:17:12.507+0000] {dagbag.py:525} INFO - Filling up the DagBag from /home/airflow/.local/lib/python3.7/site-packages/airflow/example_dags/example_branch_operator.py
[2022-09-24T20:17:12.548+0000] {processor.py:768} INFO - DAG(s) dict_keys(['example_branch_operator']) retrieved from /home/airflow/.local/lib/python3.7/site-packages/airflow/example_dags/example_branch_operator.py
[2022-09-24T20:17:12.643+0000] {logging_mixin.py:117} INFO - [2022-09-24T20:17:12.643+0000] {dag.py:2573} INFO - Sync 1 DAGs
[2022-09-24T20:17:12.695+0000] {logging_mixin.py:117} INFO - [2022-09-24T20:17:12.694+0000] {dag.py:3328} INFO - Setting next_dagrun for example_branch_operator to 2022-09-23T00:00:00+00:00, run_after=2022-09-24T00:00:00+00:00
[2022-09-24T20:17:12.748+0000] {processor.py:178} INFO - Processing /home/airflow/.local/lib/python3.7/site-packages/airflow/example_dags/example_branch_operator.py took 0.268 seconds
[2022-09-24T20:17:42.945+0000] {processor.py:156} INFO - Started process (PID=10427) to work on /home/airflow/.local/lib/python3.7/site-packages/airflow/example_dags/example_branch_operator.py
[2022-09-24T20:17:42.948+0000] {processor.py:758} INFO - Processing file /home/airflow/.local/lib/python3.7/site-packages/airflow/example_dags/example_branch_operator.py for tasks to queue
[2022-09-24T20:17:42.951+0000] {logging_mixin.py:117} INFO - [2022-09-24T20:17:42.950+0000] {dagbag.py:525} INFO - Filling up the DagBag from /home/airflow/.local/lib/python3.7/site-packages/airflow/example_dags/example_branch_operator.py
[2022-09-24T20:17:42.997+0000] {processor.py:768} INFO - DAG(s) dict_keys(['example_branch_operator']) retrieved from /home/airflow/.local/lib/python3.7/site-packages/airflow/example_dags/example_branch_operator.py
[2022-09-24T20:17:43.136+0000] {logging_mixin.py:117} INFO - [2022-09-24T20:17:43.136+0000] {dag.py:2573} INFO - Sync 1 DAGs
[2022-09-24T20:17:43.204+0000] {logging_mixin.py:117} INFO - [2022-09-24T20:17:43.203+0000] {dag.py:3328} INFO - Setting next_dagrun for example_branch_operator to 2022-09-23T00:00:00+00:00, run_after=2022-09-24T00:00:00+00:00
[2022-09-24T20:17:43.263+0000] {processor.py:178} INFO - Processing /home/airflow/.local/lib/python3.7/site-packages/airflow/example_dags/example_branch_operator.py took 0.334 seconds
[2022-09-24T20:18:14.073+0000] {processor.py:156} INFO - Started process (PID=10625) to work on /home/airflow/.local/lib/python3.7/site-packages/airflow/example_dags/example_branch_operator.py
[2022-09-24T20:18:14.077+0000] {processor.py:758} INFO - Processing file /home/airflow/.local/lib/python3.7/site-packages/airflow/example_dags/example_branch_operator.py for tasks to queue
[2022-09-24T20:18:14.080+0000] {logging_mixin.py:117} INFO - [2022-09-24T20:18:14.079+0000] {dagbag.py:525} INFO - Filling up the DagBag from /home/airflow/.local/lib/python3.7/site-packages/airflow/example_dags/example_branch_operator.py
[2022-09-24T20:18:14.138+0000] {processor.py:768} INFO - DAG(s) dict_keys(['example_branch_operator']) retrieved from /home/airflow/.local/lib/python3.7/site-packages/airflow/example_dags/example_branch_operator.py
[2022-09-24T20:18:14.274+0000] {logging_mixin.py:117} INFO - [2022-09-24T20:18:14.273+0000] {dag.py:2573} INFO - Sync 1 DAGs
[2022-09-24T20:18:14.350+0000] {logging_mixin.py:117} INFO - [2022-09-24T20:18:14.349+0000] {dag.py:3328} INFO - Setting next_dagrun for example_branch_operator to 2022-09-23T00:00:00+00:00, run_after=2022-09-24T00:00:00+00:00
[2022-09-24T20:18:14.429+0000] {processor.py:178} INFO - Processing /home/airflow/.local/lib/python3.7/site-packages/airflow/example_dags/example_branch_operator.py took 0.362 seconds
[2022-09-24T20:18:45.307+0000] {processor.py:156} INFO - Started process (PID=10823) to work on /home/airflow/.local/lib/python3.7/site-packages/airflow/example_dags/example_branch_operator.py
[2022-09-24T20:18:45.312+0000] {processor.py:758} INFO - Processing file /home/airflow/.local/lib/python3.7/site-packages/airflow/example_dags/example_branch_operator.py for tasks to queue
[2022-09-24T20:18:45.328+0000] {logging_mixin.py:117} INFO - [2022-09-24T20:18:45.327+0000] {dagbag.py:525} INFO - Filling up the DagBag from /home/airflow/.local/lib/python3.7/site-packages/airflow/example_dags/example_branch_operator.py
[2022-09-24T20:18:45.411+0000] {processor.py:768} INFO - DAG(s) dict_keys(['example_branch_operator']) retrieved from /home/airflow/.local/lib/python3.7/site-packages/airflow/example_dags/example_branch_operator.py
[2022-09-24T20:18:45.593+0000] {logging_mixin.py:117} INFO - [2022-09-24T20:18:45.593+0000] {dag.py:2573} INFO - Sync 1 DAGs
[2022-09-24T20:18:45.701+0000] {logging_mixin.py:117} INFO - [2022-09-24T20:18:45.701+0000] {dag.py:3328} INFO - Setting next_dagrun for example_branch_operator to 2022-09-23T00:00:00+00:00, run_after=2022-09-24T00:00:00+00:00
[2022-09-24T20:18:45.773+0000] {processor.py:178} INFO - Processing /home/airflow/.local/lib/python3.7/site-packages/airflow/example_dags/example_branch_operator.py took 0.486 seconds
[2022-09-24T20:19:16.478+0000] {processor.py:156} INFO - Started process (PID=11019) to work on /home/airflow/.local/lib/python3.7/site-packages/airflow/example_dags/example_branch_operator.py
[2022-09-24T20:19:16.482+0000] {processor.py:758} INFO - Processing file /home/airflow/.local/lib/python3.7/site-packages/airflow/example_dags/example_branch_operator.py for tasks to queue
[2022-09-24T20:19:16.485+0000] {logging_mixin.py:117} INFO - [2022-09-24T20:19:16.485+0000] {dagbag.py:525} INFO - Filling up the DagBag from /home/airflow/.local/lib/python3.7/site-packages/airflow/example_dags/example_branch_operator.py
[2022-09-24T20:19:16.538+0000] {processor.py:768} INFO - DAG(s) dict_keys(['example_branch_operator']) retrieved from /home/airflow/.local/lib/python3.7/site-packages/airflow/example_dags/example_branch_operator.py
[2022-09-24T20:19:16.698+0000] {logging_mixin.py:117} INFO - [2022-09-24T20:19:16.697+0000] {dag.py:2573} INFO - Sync 1 DAGs
[2022-09-24T20:19:16.781+0000] {logging_mixin.py:117} INFO - [2022-09-24T20:19:16.780+0000] {dag.py:3328} INFO - Setting next_dagrun for example_branch_operator to 2022-09-23T00:00:00+00:00, run_after=2022-09-24T00:00:00+00:00
[2022-09-24T20:19:16.863+0000] {processor.py:178} INFO - Processing /home/airflow/.local/lib/python3.7/site-packages/airflow/example_dags/example_branch_operator.py took 0.398 seconds
[2022-09-24T20:19:47.370+0000] {processor.py:156} INFO - Started process (PID=11210) to work on /home/airflow/.local/lib/python3.7/site-packages/airflow/example_dags/example_branch_operator.py
[2022-09-24T20:19:47.376+0000] {processor.py:758} INFO - Processing file /home/airflow/.local/lib/python3.7/site-packages/airflow/example_dags/example_branch_operator.py for tasks to queue
[2022-09-24T20:19:47.381+0000] {logging_mixin.py:117} INFO - [2022-09-24T20:19:47.380+0000] {dagbag.py:525} INFO - Filling up the DagBag from /home/airflow/.local/lib/python3.7/site-packages/airflow/example_dags/example_branch_operator.py
[2022-09-24T20:19:47.452+0000] {processor.py:768} INFO - DAG(s) dict_keys(['example_branch_operator']) retrieved from /home/airflow/.local/lib/python3.7/site-packages/airflow/example_dags/example_branch_operator.py
[2022-09-24T20:19:47.571+0000] {logging_mixin.py:117} INFO - [2022-09-24T20:19:47.571+0000] {dag.py:2573} INFO - Sync 1 DAGs
[2022-09-24T20:19:47.729+0000] {logging_mixin.py:117} INFO - [2022-09-24T20:19:47.728+0000] {dag.py:3328} INFO - Setting next_dagrun for example_branch_operator to 2022-09-23T00:00:00+00:00, run_after=2022-09-24T00:00:00+00:00
[2022-09-24T20:19:48.042+0000] {processor.py:178} INFO - Processing /home/airflow/.local/lib/python3.7/site-packages/airflow/example_dags/example_branch_operator.py took 0.697 seconds
[2022-09-24T20:20:18.422+0000] {processor.py:156} INFO - Started process (PID=11408) to work on /home/airflow/.local/lib/python3.7/site-packages/airflow/example_dags/example_branch_operator.py
[2022-09-24T20:20:18.425+0000] {processor.py:758} INFO - Processing file /home/airflow/.local/lib/python3.7/site-packages/airflow/example_dags/example_branch_operator.py for tasks to queue
[2022-09-24T20:20:18.427+0000] {logging_mixin.py:117} INFO - [2022-09-24T20:20:18.427+0000] {dagbag.py:525} INFO - Filling up the DagBag from /home/airflow/.local/lib/python3.7/site-packages/airflow/example_dags/example_branch_operator.py
[2022-09-24T20:20:18.470+0000] {processor.py:768} INFO - DAG(s) dict_keys(['example_branch_operator']) retrieved from /home/airflow/.local/lib/python3.7/site-packages/airflow/example_dags/example_branch_operator.py
[2022-09-24T20:20:18.552+0000] {logging_mixin.py:117} INFO - [2022-09-24T20:20:18.551+0000] {dag.py:2573} INFO - Sync 1 DAGs
[2022-09-24T20:20:18.605+0000] {logging_mixin.py:117} INFO - [2022-09-24T20:20:18.604+0000] {dag.py:3328} INFO - Setting next_dagrun for example_branch_operator to 2022-09-23T00:00:00+00:00, run_after=2022-09-24T00:00:00+00:00
[2022-09-24T20:20:18.673+0000] {processor.py:178} INFO - Processing /home/airflow/.local/lib/python3.7/site-packages/airflow/example_dags/example_branch_operator.py took 0.257 seconds
[2022-09-24T20:20:48.826+0000] {processor.py:156} INFO - Started process (PID=11615) to work on /home/airflow/.local/lib/python3.7/site-packages/airflow/example_dags/example_branch_operator.py
[2022-09-24T20:20:48.830+0000] {processor.py:758} INFO - Processing file /home/airflow/.local/lib/python3.7/site-packages/airflow/example_dags/example_branch_operator.py for tasks to queue
[2022-09-24T20:20:48.835+0000] {logging_mixin.py:117} INFO - [2022-09-24T20:20:48.835+0000] {dagbag.py:525} INFO - Filling up the DagBag from /home/airflow/.local/lib/python3.7/site-packages/airflow/example_dags/example_branch_operator.py
[2022-09-24T20:20:48.878+0000] {processor.py:768} INFO - DAG(s) dict_keys(['example_branch_operator']) retrieved from /home/airflow/.local/lib/python3.7/site-packages/airflow/example_dags/example_branch_operator.py
[2022-09-24T20:20:49.000+0000] {logging_mixin.py:117} INFO - [2022-09-24T20:20:49.000+0000] {dag.py:2573} INFO - Sync 1 DAGs
[2022-09-24T20:20:49.058+0000] {logging_mixin.py:117} INFO - [2022-09-24T20:20:49.058+0000] {dag.py:3328} INFO - Setting next_dagrun for example_branch_operator to 2022-09-23T00:00:00+00:00, run_after=2022-09-24T00:00:00+00:00
[2022-09-24T20:20:49.096+0000] {processor.py:178} INFO - Processing /home/airflow/.local/lib/python3.7/site-packages/airflow/example_dags/example_branch_operator.py took 0.282 seconds
[2022-09-24T20:21:19.978+0000] {processor.py:156} INFO - Started process (PID=11813) to work on /home/airflow/.local/lib/python3.7/site-packages/airflow/example_dags/example_branch_operator.py
[2022-09-24T20:21:19.983+0000] {processor.py:758} INFO - Processing file /home/airflow/.local/lib/python3.7/site-packages/airflow/example_dags/example_branch_operator.py for tasks to queue
[2022-09-24T20:21:19.988+0000] {logging_mixin.py:117} INFO - [2022-09-24T20:21:19.987+0000] {dagbag.py:525} INFO - Filling up the DagBag from /home/airflow/.local/lib/python3.7/site-packages/airflow/example_dags/example_branch_operator.py
[2022-09-24T20:21:20.102+0000] {processor.py:768} INFO - DAG(s) dict_keys(['example_branch_operator']) retrieved from /home/airflow/.local/lib/python3.7/site-packages/airflow/example_dags/example_branch_operator.py
[2022-09-24T20:21:20.220+0000] {logging_mixin.py:117} INFO - [2022-09-24T20:21:20.220+0000] {dag.py:2573} INFO - Sync 1 DAGs
[2022-09-24T20:21:20.322+0000] {logging_mixin.py:117} INFO - [2022-09-24T20:21:20.322+0000] {dag.py:3328} INFO - Setting next_dagrun for example_branch_operator to 2022-09-23T00:00:00+00:00, run_after=2022-09-24T00:00:00+00:00
[2022-09-24T20:21:20.377+0000] {processor.py:178} INFO - Processing /home/airflow/.local/lib/python3.7/site-packages/airflow/example_dags/example_branch_operator.py took 0.423 seconds
