[2022-09-24T19:50:54.517+0000] {processor.py:156} INFO - Started process (PID=289) to work on /home/airflow/.local/lib/python3.7/site-packages/airflow/example_dags/example_branch_python_dop_operator_3.py
[2022-09-24T19:50:54.527+0000] {processor.py:758} INFO - Processing file /home/airflow/.local/lib/python3.7/site-packages/airflow/example_dags/example_branch_python_dop_operator_3.py for tasks to queue
[2022-09-24T19:50:54.534+0000] {logging_mixin.py:117} INFO - [2022-09-24T19:50:54.530+0000] {dagbag.py:525} INFO - Filling up the DagBag from /home/airflow/.local/lib/python3.7/site-packages/airflow/example_dags/example_branch_python_dop_operator_3.py
[2022-09-24T19:50:54.704+0000] {processor.py:768} INFO - DAG(s) dict_keys(['example_branch_dop_operator_v3']) retrieved from /home/airflow/.local/lib/python3.7/site-packages/airflow/example_dags/example_branch_python_dop_operator_3.py
[2022-09-24T19:50:54.982+0000] {logging_mixin.py:117} INFO - [2022-09-24T19:50:54.982+0000] {dag.py:2573} INFO - Sync 1 DAGs
[2022-09-24T19:50:55.168+0000] {logging_mixin.py:117} INFO - [2022-09-24T19:50:55.168+0000] {dag.py:3328} INFO - Setting next_dagrun for example_branch_dop_operator_v3 to 2022-09-24T19:49:00+00:00, run_after=2022-09-24T19:50:00+00:00
[2022-09-24T19:50:55.382+0000] {processor.py:178} INFO - Processing /home/airflow/.local/lib/python3.7/site-packages/airflow/example_dags/example_branch_python_dop_operator_3.py took 0.878 seconds
[2022-09-24T19:51:26.686+0000] {processor.py:156} INFO - Started process (PID=487) to work on /home/airflow/.local/lib/python3.7/site-packages/airflow/example_dags/example_branch_python_dop_operator_3.py
[2022-09-24T19:51:26.697+0000] {processor.py:758} INFO - Processing file /home/airflow/.local/lib/python3.7/site-packages/airflow/example_dags/example_branch_python_dop_operator_3.py for tasks to queue
[2022-09-24T19:51:26.699+0000] {logging_mixin.py:117} INFO - [2022-09-24T19:51:26.699+0000] {dagbag.py:525} INFO - Filling up the DagBag from /home/airflow/.local/lib/python3.7/site-packages/airflow/example_dags/example_branch_python_dop_operator_3.py
[2022-09-24T19:51:26.835+0000] {processor.py:768} INFO - DAG(s) dict_keys(['example_branch_dop_operator_v3']) retrieved from /home/airflow/.local/lib/python3.7/site-packages/airflow/example_dags/example_branch_python_dop_operator_3.py
[2022-09-24T19:51:27.102+0000] {logging_mixin.py:117} INFO - [2022-09-24T19:51:27.102+0000] {dag.py:2573} INFO - Sync 1 DAGs
[2022-09-24T19:51:27.282+0000] {logging_mixin.py:117} INFO - [2022-09-24T19:51:27.281+0000] {dag.py:3328} INFO - Setting next_dagrun for example_branch_dop_operator_v3 to 2022-09-24T19:50:00+00:00, run_after=2022-09-24T19:51:00+00:00
[2022-09-24T19:51:27.822+0000] {processor.py:178} INFO - Processing /home/airflow/.local/lib/python3.7/site-packages/airflow/example_dags/example_branch_python_dop_operator_3.py took 1.190 seconds
[2022-09-24T19:52:03.967+0000] {processor.py:156} INFO - Started process (PID=687) to work on /home/airflow/.local/lib/python3.7/site-packages/airflow/example_dags/example_branch_python_dop_operator_3.py
[2022-09-24T19:52:03.980+0000] {processor.py:758} INFO - Processing file /home/airflow/.local/lib/python3.7/site-packages/airflow/example_dags/example_branch_python_dop_operator_3.py for tasks to queue
[2022-09-24T19:52:03.985+0000] {logging_mixin.py:117} INFO - [2022-09-24T19:52:03.984+0000] {dagbag.py:525} INFO - Filling up the DagBag from /home/airflow/.local/lib/python3.7/site-packages/airflow/example_dags/example_branch_python_dop_operator_3.py
[2022-09-24T19:52:04.081+0000] {processor.py:768} INFO - DAG(s) dict_keys(['example_branch_dop_operator_v3']) retrieved from /home/airflow/.local/lib/python3.7/site-packages/airflow/example_dags/example_branch_python_dop_operator_3.py
[2022-09-24T19:52:04.352+0000] {logging_mixin.py:117} INFO - [2022-09-24T19:52:04.352+0000] {dag.py:2573} INFO - Sync 1 DAGs
[2022-09-24T19:52:04.719+0000] {logging_mixin.py:117} INFO - [2022-09-24T19:52:04.718+0000] {dag.py:3328} INFO - Setting next_dagrun for example_branch_dop_operator_v3 to 2022-09-24T19:51:00+00:00, run_after=2022-09-24T19:52:00+00:00
[2022-09-24T19:52:04.780+0000] {processor.py:178} INFO - Processing /home/airflow/.local/lib/python3.7/site-packages/airflow/example_dags/example_branch_python_dop_operator_3.py took 0.901 seconds
[2022-09-24T19:52:35.019+0000] {processor.py:156} INFO - Started process (PID=887) to work on /home/airflow/.local/lib/python3.7/site-packages/airflow/example_dags/example_branch_python_dop_operator_3.py
[2022-09-24T19:52:35.024+0000] {processor.py:758} INFO - Processing file /home/airflow/.local/lib/python3.7/site-packages/airflow/example_dags/example_branch_python_dop_operator_3.py for tasks to queue
[2022-09-24T19:52:35.027+0000] {logging_mixin.py:117} INFO - [2022-09-24T19:52:35.027+0000] {dagbag.py:525} INFO - Filling up the DagBag from /home/airflow/.local/lib/python3.7/site-packages/airflow/example_dags/example_branch_python_dop_operator_3.py
[2022-09-24T19:52:35.078+0000] {processor.py:768} INFO - DAG(s) dict_keys(['example_branch_dop_operator_v3']) retrieved from /home/airflow/.local/lib/python3.7/site-packages/airflow/example_dags/example_branch_python_dop_operator_3.py
[2022-09-24T19:52:35.468+0000] {logging_mixin.py:117} INFO - [2022-09-24T19:52:35.468+0000] {dag.py:2573} INFO - Sync 1 DAGs
[2022-09-24T19:52:35.546+0000] {logging_mixin.py:117} INFO - [2022-09-24T19:52:35.546+0000] {dag.py:3328} INFO - Setting next_dagrun for example_branch_dop_operator_v3 to 2022-09-24T19:51:00+00:00, run_after=2022-09-24T19:52:00+00:00
[2022-09-24T19:52:35.591+0000] {processor.py:178} INFO - Processing /home/airflow/.local/lib/python3.7/site-packages/airflow/example_dags/example_branch_python_dop_operator_3.py took 0.580 seconds
[2022-09-24T19:53:06.609+0000] {processor.py:156} INFO - Started process (PID=1085) to work on /home/airflow/.local/lib/python3.7/site-packages/airflow/example_dags/example_branch_python_dop_operator_3.py
[2022-09-24T19:53:06.612+0000] {processor.py:758} INFO - Processing file /home/airflow/.local/lib/python3.7/site-packages/airflow/example_dags/example_branch_python_dop_operator_3.py for tasks to queue
[2022-09-24T19:53:06.615+0000] {logging_mixin.py:117} INFO - [2022-09-24T19:53:06.614+0000] {dagbag.py:525} INFO - Filling up the DagBag from /home/airflow/.local/lib/python3.7/site-packages/airflow/example_dags/example_branch_python_dop_operator_3.py
[2022-09-24T19:53:06.660+0000] {processor.py:768} INFO - DAG(s) dict_keys(['example_branch_dop_operator_v3']) retrieved from /home/airflow/.local/lib/python3.7/site-packages/airflow/example_dags/example_branch_python_dop_operator_3.py
[2022-09-24T19:53:07.119+0000] {logging_mixin.py:117} INFO - [2022-09-24T19:53:07.118+0000] {dag.py:2573} INFO - Sync 1 DAGs
[2022-09-24T19:53:07.285+0000] {logging_mixin.py:117} INFO - [2022-09-24T19:53:07.284+0000] {dag.py:3328} INFO - Setting next_dagrun for example_branch_dop_operator_v3 to 2022-09-24T19:52:00+00:00, run_after=2022-09-24T19:53:00+00:00
[2022-09-24T19:53:07.354+0000] {processor.py:178} INFO - Processing /home/airflow/.local/lib/python3.7/site-packages/airflow/example_dags/example_branch_python_dop_operator_3.py took 0.754 seconds
[2022-09-24T19:53:39.301+0000] {processor.py:156} INFO - Started process (PID=1280) to work on /home/airflow/.local/lib/python3.7/site-packages/airflow/example_dags/example_branch_python_dop_operator_3.py
[2022-09-24T19:53:39.328+0000] {processor.py:758} INFO - Processing file /home/airflow/.local/lib/python3.7/site-packages/airflow/example_dags/example_branch_python_dop_operator_3.py for tasks to queue
[2022-09-24T19:53:39.337+0000] {logging_mixin.py:117} INFO - [2022-09-24T19:53:39.337+0000] {dagbag.py:525} INFO - Filling up the DagBag from /home/airflow/.local/lib/python3.7/site-packages/airflow/example_dags/example_branch_python_dop_operator_3.py
[2022-09-24T19:53:39.502+0000] {processor.py:768} INFO - DAG(s) dict_keys(['example_branch_dop_operator_v3']) retrieved from /home/airflow/.local/lib/python3.7/site-packages/airflow/example_dags/example_branch_python_dop_operator_3.py
[2022-09-24T19:53:40.036+0000] {logging_mixin.py:117} INFO - [2022-09-24T19:53:40.035+0000] {dag.py:2573} INFO - Sync 1 DAGs
[2022-09-24T19:53:40.195+0000] {logging_mixin.py:117} INFO - [2022-09-24T19:53:40.195+0000] {dag.py:3328} INFO - Setting next_dagrun for example_branch_dop_operator_v3 to 2022-09-24T19:52:00+00:00, run_after=2022-09-24T19:53:00+00:00
[2022-09-24T19:53:40.261+0000] {processor.py:178} INFO - Processing /home/airflow/.local/lib/python3.7/site-packages/airflow/example_dags/example_branch_python_dop_operator_3.py took 0.982 seconds
[2022-09-24T19:54:10.776+0000] {processor.py:156} INFO - Started process (PID=1487) to work on /home/airflow/.local/lib/python3.7/site-packages/airflow/example_dags/example_branch_python_dop_operator_3.py
[2022-09-24T19:54:10.785+0000] {processor.py:758} INFO - Processing file /home/airflow/.local/lib/python3.7/site-packages/airflow/example_dags/example_branch_python_dop_operator_3.py for tasks to queue
[2022-09-24T19:54:10.790+0000] {logging_mixin.py:117} INFO - [2022-09-24T19:54:10.789+0000] {dagbag.py:525} INFO - Filling up the DagBag from /home/airflow/.local/lib/python3.7/site-packages/airflow/example_dags/example_branch_python_dop_operator_3.py
[2022-09-24T19:54:11.240+0000] {processor.py:768} INFO - DAG(s) dict_keys(['example_branch_dop_operator_v3']) retrieved from /home/airflow/.local/lib/python3.7/site-packages/airflow/example_dags/example_branch_python_dop_operator_3.py
[2022-09-24T19:54:11.314+0000] {logging_mixin.py:117} INFO - [2022-09-24T19:54:11.313+0000] {dag.py:2573} INFO - Sync 1 DAGs
[2022-09-24T19:54:11.394+0000] {logging_mixin.py:117} INFO - [2022-09-24T19:54:11.394+0000] {dag.py:3328} INFO - Setting next_dagrun for example_branch_dop_operator_v3 to 2022-09-24T19:53:00+00:00, run_after=2022-09-24T19:54:00+00:00
[2022-09-24T19:54:11.498+0000] {processor.py:178} INFO - Processing /home/airflow/.local/lib/python3.7/site-packages/airflow/example_dags/example_branch_python_dop_operator_3.py took 0.730 seconds
[2022-09-24T19:54:42.647+0000] {processor.py:156} INFO - Started process (PID=1687) to work on /home/airflow/.local/lib/python3.7/site-packages/airflow/example_dags/example_branch_python_dop_operator_3.py
[2022-09-24T19:54:42.663+0000] {processor.py:758} INFO - Processing file /home/airflow/.local/lib/python3.7/site-packages/airflow/example_dags/example_branch_python_dop_operator_3.py for tasks to queue
[2022-09-24T19:54:42.671+0000] {logging_mixin.py:117} INFO - [2022-09-24T19:54:42.669+0000] {dagbag.py:525} INFO - Filling up the DagBag from /home/airflow/.local/lib/python3.7/site-packages/airflow/example_dags/example_branch_python_dop_operator_3.py
[2022-09-24T19:54:42.809+0000] {processor.py:768} INFO - DAG(s) dict_keys(['example_branch_dop_operator_v3']) retrieved from /home/airflow/.local/lib/python3.7/site-packages/airflow/example_dags/example_branch_python_dop_operator_3.py
[2022-09-24T19:54:43.124+0000] {logging_mixin.py:117} INFO - [2022-09-24T19:54:43.124+0000] {dag.py:2573} INFO - Sync 1 DAGs
[2022-09-24T19:54:43.256+0000] {logging_mixin.py:117} INFO - [2022-09-24T19:54:43.256+0000] {dag.py:3328} INFO - Setting next_dagrun for example_branch_dop_operator_v3 to 2022-09-24T19:53:00+00:00, run_after=2022-09-24T19:54:00+00:00
[2022-09-24T19:54:43.326+0000] {processor.py:178} INFO - Processing /home/airflow/.local/lib/python3.7/site-packages/airflow/example_dags/example_branch_python_dop_operator_3.py took 0.734 seconds
[2022-09-24T19:55:13.717+0000] {processor.py:156} INFO - Started process (PID=1882) to work on /home/airflow/.local/lib/python3.7/site-packages/airflow/example_dags/example_branch_python_dop_operator_3.py
[2022-09-24T19:55:13.724+0000] {processor.py:758} INFO - Processing file /home/airflow/.local/lib/python3.7/site-packages/airflow/example_dags/example_branch_python_dop_operator_3.py for tasks to queue
[2022-09-24T19:55:13.726+0000] {logging_mixin.py:117} INFO - [2022-09-24T19:55:13.726+0000] {dagbag.py:525} INFO - Filling up the DagBag from /home/airflow/.local/lib/python3.7/site-packages/airflow/example_dags/example_branch_python_dop_operator_3.py
[2022-09-24T19:55:13.824+0000] {processor.py:768} INFO - DAG(s) dict_keys(['example_branch_dop_operator_v3']) retrieved from /home/airflow/.local/lib/python3.7/site-packages/airflow/example_dags/example_branch_python_dop_operator_3.py
[2022-09-24T19:55:13.974+0000] {logging_mixin.py:117} INFO - [2022-09-24T19:55:13.974+0000] {dag.py:2573} INFO - Sync 1 DAGs
[2022-09-24T19:55:14.078+0000] {logging_mixin.py:117} INFO - [2022-09-24T19:55:14.078+0000] {dag.py:3328} INFO - Setting next_dagrun for example_branch_dop_operator_v3 to 2022-09-24T19:54:00+00:00, run_after=2022-09-24T19:55:00+00:00
[2022-09-24T19:55:14.128+0000] {processor.py:178} INFO - Processing /home/airflow/.local/lib/python3.7/site-packages/airflow/example_dags/example_branch_python_dop_operator_3.py took 0.420 seconds
[2022-09-24T19:55:45.081+0000] {processor.py:156} INFO - Started process (PID=2080) to work on /home/airflow/.local/lib/python3.7/site-packages/airflow/example_dags/example_branch_python_dop_operator_3.py
[2022-09-24T19:55:45.097+0000] {processor.py:758} INFO - Processing file /home/airflow/.local/lib/python3.7/site-packages/airflow/example_dags/example_branch_python_dop_operator_3.py for tasks to queue
[2022-09-24T19:55:45.115+0000] {logging_mixin.py:117} INFO - [2022-09-24T19:55:45.105+0000] {dagbag.py:525} INFO - Filling up the DagBag from /home/airflow/.local/lib/python3.7/site-packages/airflow/example_dags/example_branch_python_dop_operator_3.py
[2022-09-24T19:55:45.272+0000] {processor.py:768} INFO - DAG(s) dict_keys(['example_branch_dop_operator_v3']) retrieved from /home/airflow/.local/lib/python3.7/site-packages/airflow/example_dags/example_branch_python_dop_operator_3.py
[2022-09-24T19:55:45.449+0000] {logging_mixin.py:117} INFO - [2022-09-24T19:55:45.449+0000] {dag.py:2573} INFO - Sync 1 DAGs
[2022-09-24T19:55:45.546+0000] {logging_mixin.py:117} INFO - [2022-09-24T19:55:45.545+0000] {dag.py:3328} INFO - Setting next_dagrun for example_branch_dop_operator_v3 to 2022-09-24T19:54:00+00:00, run_after=2022-09-24T19:55:00+00:00
[2022-09-24T19:55:45.612+0000] {processor.py:178} INFO - Processing /home/airflow/.local/lib/python3.7/site-packages/airflow/example_dags/example_branch_python_dop_operator_3.py took 0.630 seconds
[2022-09-24T19:56:16.010+0000] {processor.py:156} INFO - Started process (PID=2277) to work on /home/airflow/.local/lib/python3.7/site-packages/airflow/example_dags/example_branch_python_dop_operator_3.py
[2022-09-24T19:56:16.029+0000] {processor.py:758} INFO - Processing file /home/airflow/.local/lib/python3.7/site-packages/airflow/example_dags/example_branch_python_dop_operator_3.py for tasks to queue
[2022-09-24T19:56:16.032+0000] {logging_mixin.py:117} INFO - [2022-09-24T19:56:16.032+0000] {dagbag.py:525} INFO - Filling up the DagBag from /home/airflow/.local/lib/python3.7/site-packages/airflow/example_dags/example_branch_python_dop_operator_3.py
[2022-09-24T19:56:16.121+0000] {processor.py:768} INFO - DAG(s) dict_keys(['example_branch_dop_operator_v3']) retrieved from /home/airflow/.local/lib/python3.7/site-packages/airflow/example_dags/example_branch_python_dop_operator_3.py
[2022-09-24T19:56:16.291+0000] {logging_mixin.py:117} INFO - [2022-09-24T19:56:16.291+0000] {dag.py:2573} INFO - Sync 1 DAGs
[2022-09-24T19:56:16.421+0000] {logging_mixin.py:117} INFO - [2022-09-24T19:56:16.420+0000] {dag.py:3328} INFO - Setting next_dagrun for example_branch_dop_operator_v3 to 2022-09-24T19:55:00+00:00, run_after=2022-09-24T19:56:00+00:00
[2022-09-24T19:56:16.519+0000] {processor.py:178} INFO - Processing /home/airflow/.local/lib/python3.7/site-packages/airflow/example_dags/example_branch_python_dop_operator_3.py took 0.535 seconds
[2022-09-24T19:56:47.120+0000] {processor.py:156} INFO - Started process (PID=2476) to work on /home/airflow/.local/lib/python3.7/site-packages/airflow/example_dags/example_branch_python_dop_operator_3.py
[2022-09-24T19:56:47.124+0000] {processor.py:758} INFO - Processing file /home/airflow/.local/lib/python3.7/site-packages/airflow/example_dags/example_branch_python_dop_operator_3.py for tasks to queue
[2022-09-24T19:56:47.127+0000] {logging_mixin.py:117} INFO - [2022-09-24T19:56:47.127+0000] {dagbag.py:525} INFO - Filling up the DagBag from /home/airflow/.local/lib/python3.7/site-packages/airflow/example_dags/example_branch_python_dop_operator_3.py
[2022-09-24T19:56:47.223+0000] {processor.py:768} INFO - DAG(s) dict_keys(['example_branch_dop_operator_v3']) retrieved from /home/airflow/.local/lib/python3.7/site-packages/airflow/example_dags/example_branch_python_dop_operator_3.py
[2022-09-24T19:56:47.318+0000] {logging_mixin.py:117} INFO - [2022-09-24T19:56:47.317+0000] {dag.py:2573} INFO - Sync 1 DAGs
[2022-09-24T19:56:47.391+0000] {logging_mixin.py:117} INFO - [2022-09-24T19:56:47.390+0000] {dag.py:3328} INFO - Setting next_dagrun for example_branch_dop_operator_v3 to 2022-09-24T19:55:00+00:00, run_after=2022-09-24T19:56:00+00:00
[2022-09-24T19:56:47.446+0000] {processor.py:178} INFO - Processing /home/airflow/.local/lib/python3.7/site-packages/airflow/example_dags/example_branch_python_dop_operator_3.py took 0.338 seconds
[2022-09-24T19:57:22.811+0000] {processor.py:156} INFO - Started process (PID=2684) to work on /home/airflow/.local/lib/python3.7/site-packages/airflow/example_dags/example_branch_python_dop_operator_3.py
[2022-09-24T19:57:22.816+0000] {processor.py:758} INFO - Processing file /home/airflow/.local/lib/python3.7/site-packages/airflow/example_dags/example_branch_python_dop_operator_3.py for tasks to queue
[2022-09-24T19:57:22.823+0000] {logging_mixin.py:117} INFO - [2022-09-24T19:57:22.822+0000] {dagbag.py:525} INFO - Filling up the DagBag from /home/airflow/.local/lib/python3.7/site-packages/airflow/example_dags/example_branch_python_dop_operator_3.py
[2022-09-24T19:57:24.117+0000] {processor.py:768} INFO - DAG(s) dict_keys(['example_branch_dop_operator_v3']) retrieved from /home/airflow/.local/lib/python3.7/site-packages/airflow/example_dags/example_branch_python_dop_operator_3.py
[2022-09-24T19:57:25.531+0000] {logging_mixin.py:117} INFO - [2022-09-24T19:57:25.531+0000] {dag.py:2573} INFO - Sync 1 DAGs
[2022-09-24T19:57:25.774+0000] {logging_mixin.py:117} INFO - [2022-09-24T19:57:25.774+0000] {dag.py:3328} INFO - Setting next_dagrun for example_branch_dop_operator_v3 to 2022-09-24T19:56:00+00:00, run_after=2022-09-24T19:57:00+00:00
[2022-09-24T19:57:25.903+0000] {processor.py:178} INFO - Processing /home/airflow/.local/lib/python3.7/site-packages/airflow/example_dags/example_branch_python_dop_operator_3.py took 3.109 seconds
[2022-09-24T19:57:56.522+0000] {processor.py:156} INFO - Started process (PID=2885) to work on /home/airflow/.local/lib/python3.7/site-packages/airflow/example_dags/example_branch_python_dop_operator_3.py
[2022-09-24T19:57:56.526+0000] {processor.py:758} INFO - Processing file /home/airflow/.local/lib/python3.7/site-packages/airflow/example_dags/example_branch_python_dop_operator_3.py for tasks to queue
[2022-09-24T19:57:56.530+0000] {logging_mixin.py:117} INFO - [2022-09-24T19:57:56.529+0000] {dagbag.py:525} INFO - Filling up the DagBag from /home/airflow/.local/lib/python3.7/site-packages/airflow/example_dags/example_branch_python_dop_operator_3.py
[2022-09-24T19:57:56.582+0000] {processor.py:768} INFO - DAG(s) dict_keys(['example_branch_dop_operator_v3']) retrieved from /home/airflow/.local/lib/python3.7/site-packages/airflow/example_dags/example_branch_python_dop_operator_3.py
[2022-09-24T19:57:56.663+0000] {logging_mixin.py:117} INFO - [2022-09-24T19:57:56.663+0000] {dag.py:2573} INFO - Sync 1 DAGs
[2022-09-24T19:57:56.706+0000] {logging_mixin.py:117} INFO - [2022-09-24T19:57:56.706+0000] {dag.py:3328} INFO - Setting next_dagrun for example_branch_dop_operator_v3 to 2022-09-24T19:56:00+00:00, run_after=2022-09-24T19:57:00+00:00
[2022-09-24T19:57:56.749+0000] {processor.py:178} INFO - Processing /home/airflow/.local/lib/python3.7/site-packages/airflow/example_dags/example_branch_python_dop_operator_3.py took 0.258 seconds
[2022-09-24T19:58:26.966+0000] {processor.py:156} INFO - Started process (PID=3081) to work on /home/airflow/.local/lib/python3.7/site-packages/airflow/example_dags/example_branch_python_dop_operator_3.py
[2022-09-24T19:58:26.974+0000] {processor.py:758} INFO - Processing file /home/airflow/.local/lib/python3.7/site-packages/airflow/example_dags/example_branch_python_dop_operator_3.py for tasks to queue
[2022-09-24T19:58:26.983+0000] {logging_mixin.py:117} INFO - [2022-09-24T19:58:26.982+0000] {dagbag.py:525} INFO - Filling up the DagBag from /home/airflow/.local/lib/python3.7/site-packages/airflow/example_dags/example_branch_python_dop_operator_3.py
[2022-09-24T19:58:27.071+0000] {processor.py:768} INFO - DAG(s) dict_keys(['example_branch_dop_operator_v3']) retrieved from /home/airflow/.local/lib/python3.7/site-packages/airflow/example_dags/example_branch_python_dop_operator_3.py
[2022-09-24T19:58:27.179+0000] {logging_mixin.py:117} INFO - [2022-09-24T19:58:27.179+0000] {dag.py:2573} INFO - Sync 1 DAGs
[2022-09-24T19:58:27.293+0000] {logging_mixin.py:117} INFO - [2022-09-24T19:58:27.293+0000] {dag.py:3328} INFO - Setting next_dagrun for example_branch_dop_operator_v3 to 2022-09-24T19:57:00+00:00, run_after=2022-09-24T19:58:00+00:00
[2022-09-24T19:58:27.374+0000] {processor.py:178} INFO - Processing /home/airflow/.local/lib/python3.7/site-packages/airflow/example_dags/example_branch_python_dop_operator_3.py took 0.428 seconds
[2022-09-24T19:58:57.605+0000] {processor.py:156} INFO - Started process (PID=3281) to work on /home/airflow/.local/lib/python3.7/site-packages/airflow/example_dags/example_branch_python_dop_operator_3.py
[2022-09-24T19:58:57.608+0000] {processor.py:758} INFO - Processing file /home/airflow/.local/lib/python3.7/site-packages/airflow/example_dags/example_branch_python_dop_operator_3.py for tasks to queue
[2022-09-24T19:58:57.611+0000] {logging_mixin.py:117} INFO - [2022-09-24T19:58:57.611+0000] {dagbag.py:525} INFO - Filling up the DagBag from /home/airflow/.local/lib/python3.7/site-packages/airflow/example_dags/example_branch_python_dop_operator_3.py
[2022-09-24T19:58:57.666+0000] {processor.py:768} INFO - DAG(s) dict_keys(['example_branch_dop_operator_v3']) retrieved from /home/airflow/.local/lib/python3.7/site-packages/airflow/example_dags/example_branch_python_dop_operator_3.py
[2022-09-24T19:58:57.782+0000] {logging_mixin.py:117} INFO - [2022-09-24T19:58:57.782+0000] {dag.py:2573} INFO - Sync 1 DAGs
[2022-09-24T19:58:57.873+0000] {logging_mixin.py:117} INFO - [2022-09-24T19:58:57.872+0000] {dag.py:3328} INFO - Setting next_dagrun for example_branch_dop_operator_v3 to 2022-09-24T19:57:00+00:00, run_after=2022-09-24T19:58:00+00:00
[2022-09-24T19:58:57.931+0000] {processor.py:178} INFO - Processing /home/airflow/.local/lib/python3.7/site-packages/airflow/example_dags/example_branch_python_dop_operator_3.py took 0.337 seconds
[2022-09-24T19:59:28.561+0000] {processor.py:156} INFO - Started process (PID=3477) to work on /home/airflow/.local/lib/python3.7/site-packages/airflow/example_dags/example_branch_python_dop_operator_3.py
[2022-09-24T19:59:28.567+0000] {processor.py:758} INFO - Processing file /home/airflow/.local/lib/python3.7/site-packages/airflow/example_dags/example_branch_python_dop_operator_3.py for tasks to queue
[2022-09-24T19:59:28.570+0000] {logging_mixin.py:117} INFO - [2022-09-24T19:59:28.569+0000] {dagbag.py:525} INFO - Filling up the DagBag from /home/airflow/.local/lib/python3.7/site-packages/airflow/example_dags/example_branch_python_dop_operator_3.py
[2022-09-24T19:59:28.633+0000] {processor.py:768} INFO - DAG(s) dict_keys(['example_branch_dop_operator_v3']) retrieved from /home/airflow/.local/lib/python3.7/site-packages/airflow/example_dags/example_branch_python_dop_operator_3.py
[2022-09-24T19:59:28.793+0000] {logging_mixin.py:117} INFO - [2022-09-24T19:59:28.793+0000] {dag.py:2573} INFO - Sync 1 DAGs
[2022-09-24T19:59:28.967+0000] {logging_mixin.py:117} INFO - [2022-09-24T19:59:28.966+0000] {dag.py:3328} INFO - Setting next_dagrun for example_branch_dop_operator_v3 to 2022-09-24T19:58:00+00:00, run_after=2022-09-24T19:59:00+00:00
[2022-09-24T19:59:29.086+0000] {processor.py:178} INFO - Processing /home/airflow/.local/lib/python3.7/site-packages/airflow/example_dags/example_branch_python_dop_operator_3.py took 0.546 seconds
[2022-09-24T19:59:59.411+0000] {processor.py:156} INFO - Started process (PID=3678) to work on /home/airflow/.local/lib/python3.7/site-packages/airflow/example_dags/example_branch_python_dop_operator_3.py
[2022-09-24T19:59:59.416+0000] {processor.py:758} INFO - Processing file /home/airflow/.local/lib/python3.7/site-packages/airflow/example_dags/example_branch_python_dop_operator_3.py for tasks to queue
[2022-09-24T19:59:59.418+0000] {logging_mixin.py:117} INFO - [2022-09-24T19:59:59.418+0000] {dagbag.py:525} INFO - Filling up the DagBag from /home/airflow/.local/lib/python3.7/site-packages/airflow/example_dags/example_branch_python_dop_operator_3.py
[2022-09-24T19:59:59.470+0000] {processor.py:768} INFO - DAG(s) dict_keys(['example_branch_dop_operator_v3']) retrieved from /home/airflow/.local/lib/python3.7/site-packages/airflow/example_dags/example_branch_python_dop_operator_3.py
[2022-09-24T19:59:59.547+0000] {logging_mixin.py:117} INFO - [2022-09-24T19:59:59.547+0000] {dag.py:2573} INFO - Sync 1 DAGs
[2022-09-24T19:59:59.602+0000] {logging_mixin.py:117} INFO - [2022-09-24T19:59:59.602+0000] {dag.py:3328} INFO - Setting next_dagrun for example_branch_dop_operator_v3 to 2022-09-24T19:58:00+00:00, run_after=2022-09-24T19:59:00+00:00
[2022-09-24T19:59:59.641+0000] {processor.py:178} INFO - Processing /home/airflow/.local/lib/python3.7/site-packages/airflow/example_dags/example_branch_python_dop_operator_3.py took 0.236 seconds
[2022-09-24T20:00:29.963+0000] {processor.py:156} INFO - Started process (PID=3874) to work on /home/airflow/.local/lib/python3.7/site-packages/airflow/example_dags/example_branch_python_dop_operator_3.py
[2022-09-24T20:00:29.967+0000] {processor.py:758} INFO - Processing file /home/airflow/.local/lib/python3.7/site-packages/airflow/example_dags/example_branch_python_dop_operator_3.py for tasks to queue
[2022-09-24T20:00:29.970+0000] {logging_mixin.py:117} INFO - [2022-09-24T20:00:29.969+0000] {dagbag.py:525} INFO - Filling up the DagBag from /home/airflow/.local/lib/python3.7/site-packages/airflow/example_dags/example_branch_python_dop_operator_3.py
[2022-09-24T20:00:30.020+0000] {processor.py:768} INFO - DAG(s) dict_keys(['example_branch_dop_operator_v3']) retrieved from /home/airflow/.local/lib/python3.7/site-packages/airflow/example_dags/example_branch_python_dop_operator_3.py
[2022-09-24T20:00:30.103+0000] {logging_mixin.py:117} INFO - [2022-09-24T20:00:30.102+0000] {dag.py:2573} INFO - Sync 1 DAGs
[2022-09-24T20:00:30.166+0000] {logging_mixin.py:117} INFO - [2022-09-24T20:00:30.166+0000] {dag.py:3328} INFO - Setting next_dagrun for example_branch_dop_operator_v3 to 2022-09-24T19:59:00+00:00, run_after=2022-09-24T20:00:00+00:00
[2022-09-24T20:00:30.208+0000] {processor.py:178} INFO - Processing /home/airflow/.local/lib/python3.7/site-packages/airflow/example_dags/example_branch_python_dop_operator_3.py took 0.252 seconds
[2022-09-24T20:01:00.474+0000] {processor.py:156} INFO - Started process (PID=4072) to work on /home/airflow/.local/lib/python3.7/site-packages/airflow/example_dags/example_branch_python_dop_operator_3.py
[2022-09-24T20:01:00.478+0000] {processor.py:758} INFO - Processing file /home/airflow/.local/lib/python3.7/site-packages/airflow/example_dags/example_branch_python_dop_operator_3.py for tasks to queue
[2022-09-24T20:01:00.482+0000] {logging_mixin.py:117} INFO - [2022-09-24T20:01:00.482+0000] {dagbag.py:525} INFO - Filling up the DagBag from /home/airflow/.local/lib/python3.7/site-packages/airflow/example_dags/example_branch_python_dop_operator_3.py
[2022-09-24T20:01:00.565+0000] {processor.py:768} INFO - DAG(s) dict_keys(['example_branch_dop_operator_v3']) retrieved from /home/airflow/.local/lib/python3.7/site-packages/airflow/example_dags/example_branch_python_dop_operator_3.py
[2022-09-24T20:01:00.643+0000] {logging_mixin.py:117} INFO - [2022-09-24T20:01:00.643+0000] {dag.py:2573} INFO - Sync 1 DAGs
[2022-09-24T20:01:00.702+0000] {logging_mixin.py:117} INFO - [2022-09-24T20:01:00.702+0000] {dag.py:3328} INFO - Setting next_dagrun for example_branch_dop_operator_v3 to 2022-09-24T20:00:00+00:00, run_after=2022-09-24T20:01:00+00:00
[2022-09-24T20:01:00.757+0000] {processor.py:178} INFO - Processing /home/airflow/.local/lib/python3.7/site-packages/airflow/example_dags/example_branch_python_dop_operator_3.py took 0.296 seconds
[2022-09-24T20:01:31.408+0000] {processor.py:156} INFO - Started process (PID=4270) to work on /home/airflow/.local/lib/python3.7/site-packages/airflow/example_dags/example_branch_python_dop_operator_3.py
[2022-09-24T20:01:31.412+0000] {processor.py:758} INFO - Processing file /home/airflow/.local/lib/python3.7/site-packages/airflow/example_dags/example_branch_python_dop_operator_3.py for tasks to queue
[2022-09-24T20:01:31.414+0000] {logging_mixin.py:117} INFO - [2022-09-24T20:01:31.414+0000] {dagbag.py:525} INFO - Filling up the DagBag from /home/airflow/.local/lib/python3.7/site-packages/airflow/example_dags/example_branch_python_dop_operator_3.py
[2022-09-24T20:01:31.474+0000] {processor.py:768} INFO - DAG(s) dict_keys(['example_branch_dop_operator_v3']) retrieved from /home/airflow/.local/lib/python3.7/site-packages/airflow/example_dags/example_branch_python_dop_operator_3.py
[2022-09-24T20:01:31.565+0000] {logging_mixin.py:117} INFO - [2022-09-24T20:01:31.565+0000] {dag.py:2573} INFO - Sync 1 DAGs
[2022-09-24T20:01:31.634+0000] {logging_mixin.py:117} INFO - [2022-09-24T20:01:31.634+0000] {dag.py:3328} INFO - Setting next_dagrun for example_branch_dop_operator_v3 to 2022-09-24T20:00:00+00:00, run_after=2022-09-24T20:01:00+00:00
[2022-09-24T20:01:31.750+0000] {processor.py:178} INFO - Processing /home/airflow/.local/lib/python3.7/site-packages/airflow/example_dags/example_branch_python_dop_operator_3.py took 0.349 seconds
[2022-09-24T20:02:02.033+0000] {processor.py:156} INFO - Started process (PID=4467) to work on /home/airflow/.local/lib/python3.7/site-packages/airflow/example_dags/example_branch_python_dop_operator_3.py
[2022-09-24T20:02:02.045+0000] {processor.py:758} INFO - Processing file /home/airflow/.local/lib/python3.7/site-packages/airflow/example_dags/example_branch_python_dop_operator_3.py for tasks to queue
[2022-09-24T20:02:02.048+0000] {logging_mixin.py:117} INFO - [2022-09-24T20:02:02.048+0000] {dagbag.py:525} INFO - Filling up the DagBag from /home/airflow/.local/lib/python3.7/site-packages/airflow/example_dags/example_branch_python_dop_operator_3.py
[2022-09-24T20:02:02.147+0000] {processor.py:768} INFO - DAG(s) dict_keys(['example_branch_dop_operator_v3']) retrieved from /home/airflow/.local/lib/python3.7/site-packages/airflow/example_dags/example_branch_python_dop_operator_3.py
[2022-09-24T20:02:02.305+0000] {logging_mixin.py:117} INFO - [2022-09-24T20:02:02.305+0000] {dag.py:2573} INFO - Sync 1 DAGs
[2022-09-24T20:02:02.421+0000] {logging_mixin.py:117} INFO - [2022-09-24T20:02:02.420+0000] {dag.py:3328} INFO - Setting next_dagrun for example_branch_dop_operator_v3 to 2022-09-24T20:01:00+00:00, run_after=2022-09-24T20:02:00+00:00
[2022-09-24T20:02:02.496+0000] {processor.py:178} INFO - Processing /home/airflow/.local/lib/python3.7/site-packages/airflow/example_dags/example_branch_python_dop_operator_3.py took 0.475 seconds
[2022-09-24T20:02:32.613+0000] {processor.py:156} INFO - Started process (PID=4673) to work on /home/airflow/.local/lib/python3.7/site-packages/airflow/example_dags/example_branch_python_dop_operator_3.py
[2022-09-24T20:02:32.616+0000] {processor.py:758} INFO - Processing file /home/airflow/.local/lib/python3.7/site-packages/airflow/example_dags/example_branch_python_dop_operator_3.py for tasks to queue
[2022-09-24T20:02:32.619+0000] {logging_mixin.py:117} INFO - [2022-09-24T20:02:32.619+0000] {dagbag.py:525} INFO - Filling up the DagBag from /home/airflow/.local/lib/python3.7/site-packages/airflow/example_dags/example_branch_python_dop_operator_3.py
[2022-09-24T20:02:32.667+0000] {processor.py:768} INFO - DAG(s) dict_keys(['example_branch_dop_operator_v3']) retrieved from /home/airflow/.local/lib/python3.7/site-packages/airflow/example_dags/example_branch_python_dop_operator_3.py
[2022-09-24T20:02:32.748+0000] {logging_mixin.py:117} INFO - [2022-09-24T20:02:32.748+0000] {dag.py:2573} INFO - Sync 1 DAGs
[2022-09-24T20:02:32.806+0000] {logging_mixin.py:117} INFO - [2022-09-24T20:02:32.806+0000] {dag.py:3328} INFO - Setting next_dagrun for example_branch_dop_operator_v3 to 2022-09-24T20:01:00+00:00, run_after=2022-09-24T20:02:00+00:00
[2022-09-24T20:02:32.853+0000] {processor.py:178} INFO - Processing /home/airflow/.local/lib/python3.7/site-packages/airflow/example_dags/example_branch_python_dop_operator_3.py took 0.250 seconds
[2022-09-24T20:03:03.283+0000] {processor.py:156} INFO - Started process (PID=4872) to work on /home/airflow/.local/lib/python3.7/site-packages/airflow/example_dags/example_branch_python_dop_operator_3.py
[2022-09-24T20:03:03.286+0000] {processor.py:758} INFO - Processing file /home/airflow/.local/lib/python3.7/site-packages/airflow/example_dags/example_branch_python_dop_operator_3.py for tasks to queue
[2022-09-24T20:03:03.292+0000] {logging_mixin.py:117} INFO - [2022-09-24T20:03:03.290+0000] {dagbag.py:525} INFO - Filling up the DagBag from /home/airflow/.local/lib/python3.7/site-packages/airflow/example_dags/example_branch_python_dop_operator_3.py
[2022-09-24T20:03:03.343+0000] {processor.py:768} INFO - DAG(s) dict_keys(['example_branch_dop_operator_v3']) retrieved from /home/airflow/.local/lib/python3.7/site-packages/airflow/example_dags/example_branch_python_dop_operator_3.py
[2022-09-24T20:03:03.441+0000] {logging_mixin.py:117} INFO - [2022-09-24T20:03:03.440+0000] {dag.py:2573} INFO - Sync 1 DAGs
[2022-09-24T20:03:03.501+0000] {logging_mixin.py:117} INFO - [2022-09-24T20:03:03.501+0000] {dag.py:3328} INFO - Setting next_dagrun for example_branch_dop_operator_v3 to 2022-09-24T20:02:00+00:00, run_after=2022-09-24T20:03:00+00:00
[2022-09-24T20:03:03.546+0000] {processor.py:178} INFO - Processing /home/airflow/.local/lib/python3.7/site-packages/airflow/example_dags/example_branch_python_dop_operator_3.py took 0.269 seconds
[2022-09-24T20:03:40.928+0000] {processor.py:156} INFO - Started process (PID=5080) to work on /home/airflow/.local/lib/python3.7/site-packages/airflow/example_dags/example_branch_python_dop_operator_3.py
[2022-09-24T20:03:40.933+0000] {processor.py:758} INFO - Processing file /home/airflow/.local/lib/python3.7/site-packages/airflow/example_dags/example_branch_python_dop_operator_3.py for tasks to queue
[2022-09-24T20:03:40.938+0000] {logging_mixin.py:117} INFO - [2022-09-24T20:03:40.937+0000] {dagbag.py:525} INFO - Filling up the DagBag from /home/airflow/.local/lib/python3.7/site-packages/airflow/example_dags/example_branch_python_dop_operator_3.py
[2022-09-24T20:03:41.044+0000] {processor.py:768} INFO - DAG(s) dict_keys(['example_branch_dop_operator_v3']) retrieved from /home/airflow/.local/lib/python3.7/site-packages/airflow/example_dags/example_branch_python_dop_operator_3.py
[2022-09-24T20:03:41.171+0000] {logging_mixin.py:117} INFO - [2022-09-24T20:03:41.171+0000] {dag.py:2573} INFO - Sync 1 DAGs
[2022-09-24T20:03:41.328+0000] {logging_mixin.py:117} INFO - [2022-09-24T20:03:41.327+0000] {dag.py:3328} INFO - Setting next_dagrun for example_branch_dop_operator_v3 to 2022-09-24T20:02:00+00:00, run_after=2022-09-24T20:03:00+00:00
[2022-09-24T20:03:41.391+0000] {processor.py:178} INFO - Processing /home/airflow/.local/lib/python3.7/site-packages/airflow/example_dags/example_branch_python_dop_operator_3.py took 0.478 seconds
[2022-09-24T20:04:12.544+0000] {processor.py:156} INFO - Started process (PID=5280) to work on /home/airflow/.local/lib/python3.7/site-packages/airflow/example_dags/example_branch_python_dop_operator_3.py
[2022-09-24T20:04:12.548+0000] {processor.py:758} INFO - Processing file /home/airflow/.local/lib/python3.7/site-packages/airflow/example_dags/example_branch_python_dop_operator_3.py for tasks to queue
[2022-09-24T20:04:12.553+0000] {logging_mixin.py:117} INFO - [2022-09-24T20:04:12.552+0000] {dagbag.py:525} INFO - Filling up the DagBag from /home/airflow/.local/lib/python3.7/site-packages/airflow/example_dags/example_branch_python_dop_operator_3.py
[2022-09-24T20:04:12.615+0000] {processor.py:768} INFO - DAG(s) dict_keys(['example_branch_dop_operator_v3']) retrieved from /home/airflow/.local/lib/python3.7/site-packages/airflow/example_dags/example_branch_python_dop_operator_3.py
[2022-09-24T20:04:12.700+0000] {logging_mixin.py:117} INFO - [2022-09-24T20:04:12.700+0000] {dag.py:2573} INFO - Sync 1 DAGs
[2022-09-24T20:04:12.783+0000] {logging_mixin.py:117} INFO - [2022-09-24T20:04:12.783+0000] {dag.py:3328} INFO - Setting next_dagrun for example_branch_dop_operator_v3 to 2022-09-24T20:03:00+00:00, run_after=2022-09-24T20:04:00+00:00
[2022-09-24T20:04:12.836+0000] {processor.py:178} INFO - Processing /home/airflow/.local/lib/python3.7/site-packages/airflow/example_dags/example_branch_python_dop_operator_3.py took 0.312 seconds
[2022-09-24T20:04:45.007+0000] {processor.py:156} INFO - Started process (PID=5478) to work on /home/airflow/.local/lib/python3.7/site-packages/airflow/example_dags/example_branch_python_dop_operator_3.py
[2022-09-24T20:04:45.019+0000] {processor.py:758} INFO - Processing file /home/airflow/.local/lib/python3.7/site-packages/airflow/example_dags/example_branch_python_dop_operator_3.py for tasks to queue
[2022-09-24T20:04:45.025+0000] {logging_mixin.py:117} INFO - [2022-09-24T20:04:45.024+0000] {dagbag.py:525} INFO - Filling up the DagBag from /home/airflow/.local/lib/python3.7/site-packages/airflow/example_dags/example_branch_python_dop_operator_3.py
[2022-09-24T20:04:45.148+0000] {processor.py:768} INFO - DAG(s) dict_keys(['example_branch_dop_operator_v3']) retrieved from /home/airflow/.local/lib/python3.7/site-packages/airflow/example_dags/example_branch_python_dop_operator_3.py
[2022-09-24T20:04:45.303+0000] {logging_mixin.py:117} INFO - [2022-09-24T20:04:45.302+0000] {dag.py:2573} INFO - Sync 1 DAGs
[2022-09-24T20:04:45.442+0000] {logging_mixin.py:117} INFO - [2022-09-24T20:04:45.442+0000] {dag.py:3328} INFO - Setting next_dagrun for example_branch_dop_operator_v3 to 2022-09-24T20:03:00+00:00, run_after=2022-09-24T20:04:00+00:00
[2022-09-24T20:04:45.587+0000] {processor.py:178} INFO - Processing /home/airflow/.local/lib/python3.7/site-packages/airflow/example_dags/example_branch_python_dop_operator_3.py took 0.597 seconds
[2022-09-24T20:05:15.779+0000] {processor.py:156} INFO - Started process (PID=5674) to work on /home/airflow/.local/lib/python3.7/site-packages/airflow/example_dags/example_branch_python_dop_operator_3.py
[2022-09-24T20:05:15.783+0000] {processor.py:758} INFO - Processing file /home/airflow/.local/lib/python3.7/site-packages/airflow/example_dags/example_branch_python_dop_operator_3.py for tasks to queue
[2022-09-24T20:05:15.811+0000] {logging_mixin.py:117} INFO - [2022-09-24T20:05:15.790+0000] {dagbag.py:525} INFO - Filling up the DagBag from /home/airflow/.local/lib/python3.7/site-packages/airflow/example_dags/example_branch_python_dop_operator_3.py
[2022-09-24T20:05:15.891+0000] {processor.py:768} INFO - DAG(s) dict_keys(['example_branch_dop_operator_v3']) retrieved from /home/airflow/.local/lib/python3.7/site-packages/airflow/example_dags/example_branch_python_dop_operator_3.py
[2022-09-24T20:05:16.041+0000] {logging_mixin.py:117} INFO - [2022-09-24T20:05:16.041+0000] {dag.py:2573} INFO - Sync 1 DAGs
[2022-09-24T20:05:16.125+0000] {logging_mixin.py:117} INFO - [2022-09-24T20:05:16.124+0000] {dag.py:3328} INFO - Setting next_dagrun for example_branch_dop_operator_v3 to 2022-09-24T20:04:00+00:00, run_after=2022-09-24T20:05:00+00:00
[2022-09-24T20:05:16.188+0000] {processor.py:178} INFO - Processing /home/airflow/.local/lib/python3.7/site-packages/airflow/example_dags/example_branch_python_dop_operator_3.py took 0.425 seconds
[2022-09-24T20:05:46.649+0000] {processor.py:156} INFO - Started process (PID=5868) to work on /home/airflow/.local/lib/python3.7/site-packages/airflow/example_dags/example_branch_python_dop_operator_3.py
[2022-09-24T20:05:46.665+0000] {processor.py:758} INFO - Processing file /home/airflow/.local/lib/python3.7/site-packages/airflow/example_dags/example_branch_python_dop_operator_3.py for tasks to queue
[2022-09-24T20:05:46.680+0000] {logging_mixin.py:117} INFO - [2022-09-24T20:05:46.680+0000] {dagbag.py:525} INFO - Filling up the DagBag from /home/airflow/.local/lib/python3.7/site-packages/airflow/example_dags/example_branch_python_dop_operator_3.py
[2022-09-24T20:05:46.779+0000] {processor.py:768} INFO - DAG(s) dict_keys(['example_branch_dop_operator_v3']) retrieved from /home/airflow/.local/lib/python3.7/site-packages/airflow/example_dags/example_branch_python_dop_operator_3.py
[2022-09-24T20:05:46.901+0000] {logging_mixin.py:117} INFO - [2022-09-24T20:05:46.900+0000] {dag.py:2573} INFO - Sync 1 DAGs
[2022-09-24T20:05:47.041+0000] {logging_mixin.py:117} INFO - [2022-09-24T20:05:47.041+0000] {dag.py:3328} INFO - Setting next_dagrun for example_branch_dop_operator_v3 to 2022-09-24T20:04:00+00:00, run_after=2022-09-24T20:05:00+00:00
[2022-09-24T20:05:47.106+0000] {processor.py:178} INFO - Processing /home/airflow/.local/lib/python3.7/site-packages/airflow/example_dags/example_branch_python_dop_operator_3.py took 0.471 seconds
[2022-09-24T20:06:17.351+0000] {processor.py:156} INFO - Started process (PID=6061) to work on /home/airflow/.local/lib/python3.7/site-packages/airflow/example_dags/example_branch_python_dop_operator_3.py
[2022-09-24T20:06:17.355+0000] {processor.py:758} INFO - Processing file /home/airflow/.local/lib/python3.7/site-packages/airflow/example_dags/example_branch_python_dop_operator_3.py for tasks to queue
[2022-09-24T20:06:17.358+0000] {logging_mixin.py:117} INFO - [2022-09-24T20:06:17.358+0000] {dagbag.py:525} INFO - Filling up the DagBag from /home/airflow/.local/lib/python3.7/site-packages/airflow/example_dags/example_branch_python_dop_operator_3.py
[2022-09-24T20:06:17.433+0000] {processor.py:768} INFO - DAG(s) dict_keys(['example_branch_dop_operator_v3']) retrieved from /home/airflow/.local/lib/python3.7/site-packages/airflow/example_dags/example_branch_python_dop_operator_3.py
[2022-09-24T20:06:17.635+0000] {logging_mixin.py:117} INFO - [2022-09-24T20:06:17.634+0000] {dag.py:2573} INFO - Sync 1 DAGs
[2022-09-24T20:06:17.925+0000] {logging_mixin.py:117} INFO - [2022-09-24T20:06:17.923+0000] {dag.py:3328} INFO - Setting next_dagrun for example_branch_dop_operator_v3 to 2022-09-24T20:05:00+00:00, run_after=2022-09-24T20:06:00+00:00
[2022-09-24T20:06:18.121+0000] {processor.py:178} INFO - Processing /home/airflow/.local/lib/python3.7/site-packages/airflow/example_dags/example_branch_python_dop_operator_3.py took 0.780 seconds
[2022-09-24T20:06:48.508+0000] {processor.py:156} INFO - Started process (PID=6255) to work on /home/airflow/.local/lib/python3.7/site-packages/airflow/example_dags/example_branch_python_dop_operator_3.py
[2022-09-24T20:06:48.528+0000] {processor.py:758} INFO - Processing file /home/airflow/.local/lib/python3.7/site-packages/airflow/example_dags/example_branch_python_dop_operator_3.py for tasks to queue
[2022-09-24T20:06:48.541+0000] {logging_mixin.py:117} INFO - [2022-09-24T20:06:48.539+0000] {dagbag.py:525} INFO - Filling up the DagBag from /home/airflow/.local/lib/python3.7/site-packages/airflow/example_dags/example_branch_python_dop_operator_3.py
[2022-09-24T20:06:48.674+0000] {processor.py:768} INFO - DAG(s) dict_keys(['example_branch_dop_operator_v3']) retrieved from /home/airflow/.local/lib/python3.7/site-packages/airflow/example_dags/example_branch_python_dop_operator_3.py
[2022-09-24T20:06:48.838+0000] {logging_mixin.py:117} INFO - [2022-09-24T20:06:48.838+0000] {dag.py:2573} INFO - Sync 1 DAGs
[2022-09-24T20:06:48.941+0000] {logging_mixin.py:117} INFO - [2022-09-24T20:06:48.941+0000] {dag.py:3328} INFO - Setting next_dagrun for example_branch_dop_operator_v3 to 2022-09-24T20:05:00+00:00, run_after=2022-09-24T20:06:00+00:00
[2022-09-24T20:06:49.087+0000] {processor.py:178} INFO - Processing /home/airflow/.local/lib/python3.7/site-packages/airflow/example_dags/example_branch_python_dop_operator_3.py took 0.591 seconds
[2022-09-24T20:07:19.313+0000] {processor.py:156} INFO - Started process (PID=6463) to work on /home/airflow/.local/lib/python3.7/site-packages/airflow/example_dags/example_branch_python_dop_operator_3.py
[2022-09-24T20:07:19.317+0000] {processor.py:758} INFO - Processing file /home/airflow/.local/lib/python3.7/site-packages/airflow/example_dags/example_branch_python_dop_operator_3.py for tasks to queue
[2022-09-24T20:07:19.320+0000] {logging_mixin.py:117} INFO - [2022-09-24T20:07:19.319+0000] {dagbag.py:525} INFO - Filling up the DagBag from /home/airflow/.local/lib/python3.7/site-packages/airflow/example_dags/example_branch_python_dop_operator_3.py
[2022-09-24T20:07:19.377+0000] {processor.py:768} INFO - DAG(s) dict_keys(['example_branch_dop_operator_v3']) retrieved from /home/airflow/.local/lib/python3.7/site-packages/airflow/example_dags/example_branch_python_dop_operator_3.py
[2022-09-24T20:07:19.451+0000] {logging_mixin.py:117} INFO - [2022-09-24T20:07:19.451+0000] {dag.py:2573} INFO - Sync 1 DAGs
[2022-09-24T20:07:19.512+0000] {logging_mixin.py:117} INFO - [2022-09-24T20:07:19.512+0000] {dag.py:3328} INFO - Setting next_dagrun for example_branch_dop_operator_v3 to 2022-09-24T20:06:00+00:00, run_after=2022-09-24T20:07:00+00:00
[2022-09-24T20:07:19.551+0000] {processor.py:178} INFO - Processing /home/airflow/.local/lib/python3.7/site-packages/airflow/example_dags/example_branch_python_dop_operator_3.py took 0.245 seconds
[2022-09-24T20:07:49.895+0000] {processor.py:156} INFO - Started process (PID=6661) to work on /home/airflow/.local/lib/python3.7/site-packages/airflow/example_dags/example_branch_python_dop_operator_3.py
[2022-09-24T20:07:49.898+0000] {processor.py:758} INFO - Processing file /home/airflow/.local/lib/python3.7/site-packages/airflow/example_dags/example_branch_python_dop_operator_3.py for tasks to queue
[2022-09-24T20:07:49.901+0000] {logging_mixin.py:117} INFO - [2022-09-24T20:07:49.900+0000] {dagbag.py:525} INFO - Filling up the DagBag from /home/airflow/.local/lib/python3.7/site-packages/airflow/example_dags/example_branch_python_dop_operator_3.py
[2022-09-24T20:07:49.948+0000] {processor.py:768} INFO - DAG(s) dict_keys(['example_branch_dop_operator_v3']) retrieved from /home/airflow/.local/lib/python3.7/site-packages/airflow/example_dags/example_branch_python_dop_operator_3.py
[2022-09-24T20:07:50.018+0000] {logging_mixin.py:117} INFO - [2022-09-24T20:07:50.018+0000] {dag.py:2573} INFO - Sync 1 DAGs
[2022-09-24T20:07:50.070+0000] {logging_mixin.py:117} INFO - [2022-09-24T20:07:50.070+0000] {dag.py:3328} INFO - Setting next_dagrun for example_branch_dop_operator_v3 to 2022-09-24T20:06:00+00:00, run_after=2022-09-24T20:07:00+00:00
[2022-09-24T20:07:50.112+0000] {processor.py:178} INFO - Processing /home/airflow/.local/lib/python3.7/site-packages/airflow/example_dags/example_branch_python_dop_operator_3.py took 0.226 seconds
[2022-09-24T20:08:20.462+0000] {processor.py:156} INFO - Started process (PID=6859) to work on /home/airflow/.local/lib/python3.7/site-packages/airflow/example_dags/example_branch_python_dop_operator_3.py
[2022-09-24T20:08:20.466+0000] {processor.py:758} INFO - Processing file /home/airflow/.local/lib/python3.7/site-packages/airflow/example_dags/example_branch_python_dop_operator_3.py for tasks to queue
[2022-09-24T20:08:20.468+0000] {logging_mixin.py:117} INFO - [2022-09-24T20:08:20.468+0000] {dagbag.py:525} INFO - Filling up the DagBag from /home/airflow/.local/lib/python3.7/site-packages/airflow/example_dags/example_branch_python_dop_operator_3.py
[2022-09-24T20:08:20.515+0000] {processor.py:768} INFO - DAG(s) dict_keys(['example_branch_dop_operator_v3']) retrieved from /home/airflow/.local/lib/python3.7/site-packages/airflow/example_dags/example_branch_python_dop_operator_3.py
[2022-09-24T20:08:20.585+0000] {logging_mixin.py:117} INFO - [2022-09-24T20:08:20.584+0000] {dag.py:2573} INFO - Sync 1 DAGs
[2022-09-24T20:08:20.646+0000] {logging_mixin.py:117} INFO - [2022-09-24T20:08:20.646+0000] {dag.py:3328} INFO - Setting next_dagrun for example_branch_dop_operator_v3 to 2022-09-24T20:07:00+00:00, run_after=2022-09-24T20:08:00+00:00
[2022-09-24T20:08:20.686+0000] {processor.py:178} INFO - Processing /home/airflow/.local/lib/python3.7/site-packages/airflow/example_dags/example_branch_python_dop_operator_3.py took 0.233 seconds
[2022-09-24T20:08:51.092+0000] {processor.py:156} INFO - Started process (PID=7068) to work on /home/airflow/.local/lib/python3.7/site-packages/airflow/example_dags/example_branch_python_dop_operator_3.py
[2022-09-24T20:08:51.096+0000] {processor.py:758} INFO - Processing file /home/airflow/.local/lib/python3.7/site-packages/airflow/example_dags/example_branch_python_dop_operator_3.py for tasks to queue
[2022-09-24T20:08:51.099+0000] {logging_mixin.py:117} INFO - [2022-09-24T20:08:51.098+0000] {dagbag.py:525} INFO - Filling up the DagBag from /home/airflow/.local/lib/python3.7/site-packages/airflow/example_dags/example_branch_python_dop_operator_3.py
[2022-09-24T20:08:51.148+0000] {processor.py:768} INFO - DAG(s) dict_keys(['example_branch_dop_operator_v3']) retrieved from /home/airflow/.local/lib/python3.7/site-packages/airflow/example_dags/example_branch_python_dop_operator_3.py
[2022-09-24T20:08:51.227+0000] {logging_mixin.py:117} INFO - [2022-09-24T20:08:51.226+0000] {dag.py:2573} INFO - Sync 1 DAGs
[2022-09-24T20:08:51.296+0000] {logging_mixin.py:117} INFO - [2022-09-24T20:08:51.295+0000] {dag.py:3328} INFO - Setting next_dagrun for example_branch_dop_operator_v3 to 2022-09-24T20:07:00+00:00, run_after=2022-09-24T20:08:00+00:00
[2022-09-24T20:08:51.342+0000] {processor.py:178} INFO - Processing /home/airflow/.local/lib/python3.7/site-packages/airflow/example_dags/example_branch_python_dop_operator_3.py took 0.256 seconds
[2022-09-24T20:09:21.406+0000] {processor.py:156} INFO - Started process (PID=7266) to work on /home/airflow/.local/lib/python3.7/site-packages/airflow/example_dags/example_branch_python_dop_operator_3.py
[2022-09-24T20:09:21.410+0000] {processor.py:758} INFO - Processing file /home/airflow/.local/lib/python3.7/site-packages/airflow/example_dags/example_branch_python_dop_operator_3.py for tasks to queue
[2022-09-24T20:09:21.414+0000] {logging_mixin.py:117} INFO - [2022-09-24T20:09:21.414+0000] {dagbag.py:525} INFO - Filling up the DagBag from /home/airflow/.local/lib/python3.7/site-packages/airflow/example_dags/example_branch_python_dop_operator_3.py
[2022-09-24T20:09:21.467+0000] {processor.py:768} INFO - DAG(s) dict_keys(['example_branch_dop_operator_v3']) retrieved from /home/airflow/.local/lib/python3.7/site-packages/airflow/example_dags/example_branch_python_dop_operator_3.py
[2022-09-24T20:09:21.545+0000] {logging_mixin.py:117} INFO - [2022-09-24T20:09:21.545+0000] {dag.py:2573} INFO - Sync 1 DAGs
[2022-09-24T20:09:21.611+0000] {logging_mixin.py:117} INFO - [2022-09-24T20:09:21.611+0000] {dag.py:3328} INFO - Setting next_dagrun for example_branch_dop_operator_v3 to 2022-09-24T20:08:00+00:00, run_after=2022-09-24T20:09:00+00:00
[2022-09-24T20:09:21.666+0000] {processor.py:178} INFO - Processing /home/airflow/.local/lib/python3.7/site-packages/airflow/example_dags/example_branch_python_dop_operator_3.py took 0.270 seconds
[2022-09-24T20:09:51.857+0000] {processor.py:156} INFO - Started process (PID=7472) to work on /home/airflow/.local/lib/python3.7/site-packages/airflow/example_dags/example_branch_python_dop_operator_3.py
[2022-09-24T20:09:51.862+0000] {processor.py:758} INFO - Processing file /home/airflow/.local/lib/python3.7/site-packages/airflow/example_dags/example_branch_python_dop_operator_3.py for tasks to queue
[2022-09-24T20:09:51.866+0000] {logging_mixin.py:117} INFO - [2022-09-24T20:09:51.865+0000] {dagbag.py:525} INFO - Filling up the DagBag from /home/airflow/.local/lib/python3.7/site-packages/airflow/example_dags/example_branch_python_dop_operator_3.py
[2022-09-24T20:09:51.919+0000] {processor.py:768} INFO - DAG(s) dict_keys(['example_branch_dop_operator_v3']) retrieved from /home/airflow/.local/lib/python3.7/site-packages/airflow/example_dags/example_branch_python_dop_operator_3.py
[2022-09-24T20:09:52.002+0000] {logging_mixin.py:117} INFO - [2022-09-24T20:09:52.002+0000] {dag.py:2573} INFO - Sync 1 DAGs
[2022-09-24T20:09:52.064+0000] {logging_mixin.py:117} INFO - [2022-09-24T20:09:52.064+0000] {dag.py:3328} INFO - Setting next_dagrun for example_branch_dop_operator_v3 to 2022-09-24T20:08:00+00:00, run_after=2022-09-24T20:09:00+00:00
[2022-09-24T20:09:52.113+0000] {processor.py:178} INFO - Processing /home/airflow/.local/lib/python3.7/site-packages/airflow/example_dags/example_branch_python_dop_operator_3.py took 0.265 seconds
[2022-09-24T20:10:22.440+0000] {processor.py:156} INFO - Started process (PID=7672) to work on /home/airflow/.local/lib/python3.7/site-packages/airflow/example_dags/example_branch_python_dop_operator_3.py
[2022-09-24T20:10:22.443+0000] {processor.py:758} INFO - Processing file /home/airflow/.local/lib/python3.7/site-packages/airflow/example_dags/example_branch_python_dop_operator_3.py for tasks to queue
[2022-09-24T20:10:22.447+0000] {logging_mixin.py:117} INFO - [2022-09-24T20:10:22.446+0000] {dagbag.py:525} INFO - Filling up the DagBag from /home/airflow/.local/lib/python3.7/site-packages/airflow/example_dags/example_branch_python_dop_operator_3.py
[2022-09-24T20:10:22.496+0000] {processor.py:768} INFO - DAG(s) dict_keys(['example_branch_dop_operator_v3']) retrieved from /home/airflow/.local/lib/python3.7/site-packages/airflow/example_dags/example_branch_python_dop_operator_3.py
[2022-09-24T20:10:22.574+0000] {logging_mixin.py:117} INFO - [2022-09-24T20:10:22.574+0000] {dag.py:2573} INFO - Sync 1 DAGs
[2022-09-24T20:10:22.628+0000] {logging_mixin.py:117} INFO - [2022-09-24T20:10:22.628+0000] {dag.py:3328} INFO - Setting next_dagrun for example_branch_dop_operator_v3 to 2022-09-24T20:09:00+00:00, run_after=2022-09-24T20:10:00+00:00
[2022-09-24T20:10:22.670+0000] {processor.py:178} INFO - Processing /home/airflow/.local/lib/python3.7/site-packages/airflow/example_dags/example_branch_python_dop_operator_3.py took 0.239 seconds
[2022-09-24T20:10:53.105+0000] {processor.py:156} INFO - Started process (PID=7870) to work on /home/airflow/.local/lib/python3.7/site-packages/airflow/example_dags/example_branch_python_dop_operator_3.py
[2022-09-24T20:10:53.109+0000] {processor.py:758} INFO - Processing file /home/airflow/.local/lib/python3.7/site-packages/airflow/example_dags/example_branch_python_dop_operator_3.py for tasks to queue
[2022-09-24T20:10:53.112+0000] {logging_mixin.py:117} INFO - [2022-09-24T20:10:53.111+0000] {dagbag.py:525} INFO - Filling up the DagBag from /home/airflow/.local/lib/python3.7/site-packages/airflow/example_dags/example_branch_python_dop_operator_3.py
[2022-09-24T20:10:53.158+0000] {processor.py:768} INFO - DAG(s) dict_keys(['example_branch_dop_operator_v3']) retrieved from /home/airflow/.local/lib/python3.7/site-packages/airflow/example_dags/example_branch_python_dop_operator_3.py
[2022-09-24T20:10:53.233+0000] {logging_mixin.py:117} INFO - [2022-09-24T20:10:53.232+0000] {dag.py:2573} INFO - Sync 1 DAGs
[2022-09-24T20:10:53.294+0000] {logging_mixin.py:117} INFO - [2022-09-24T20:10:53.294+0000] {dag.py:3328} INFO - Setting next_dagrun for example_branch_dop_operator_v3 to 2022-09-24T20:09:00+00:00, run_after=2022-09-24T20:10:00+00:00
[2022-09-24T20:10:53.354+0000] {processor.py:178} INFO - Processing /home/airflow/.local/lib/python3.7/site-packages/airflow/example_dags/example_branch_python_dop_operator_3.py took 0.258 seconds
[2022-09-24T20:11:23.744+0000] {processor.py:156} INFO - Started process (PID=8076) to work on /home/airflow/.local/lib/python3.7/site-packages/airflow/example_dags/example_branch_python_dop_operator_3.py
[2022-09-24T20:11:23.749+0000] {processor.py:758} INFO - Processing file /home/airflow/.local/lib/python3.7/site-packages/airflow/example_dags/example_branch_python_dop_operator_3.py for tasks to queue
[2022-09-24T20:11:23.755+0000] {logging_mixin.py:117} INFO - [2022-09-24T20:11:23.754+0000] {dagbag.py:525} INFO - Filling up the DagBag from /home/airflow/.local/lib/python3.7/site-packages/airflow/example_dags/example_branch_python_dop_operator_3.py
[2022-09-24T20:11:23.816+0000] {processor.py:768} INFO - DAG(s) dict_keys(['example_branch_dop_operator_v3']) retrieved from /home/airflow/.local/lib/python3.7/site-packages/airflow/example_dags/example_branch_python_dop_operator_3.py
[2022-09-24T20:11:23.907+0000] {logging_mixin.py:117} INFO - [2022-09-24T20:11:23.907+0000] {dag.py:2573} INFO - Sync 1 DAGs
[2022-09-24T20:11:23.961+0000] {logging_mixin.py:117} INFO - [2022-09-24T20:11:23.961+0000] {dag.py:3328} INFO - Setting next_dagrun for example_branch_dop_operator_v3 to 2022-09-24T20:10:00+00:00, run_after=2022-09-24T20:11:00+00:00
[2022-09-24T20:11:24.002+0000] {processor.py:178} INFO - Processing /home/airflow/.local/lib/python3.7/site-packages/airflow/example_dags/example_branch_python_dop_operator_3.py took 0.265 seconds
[2022-09-24T20:11:54.279+0000] {processor.py:156} INFO - Started process (PID=8274) to work on /home/airflow/.local/lib/python3.7/site-packages/airflow/example_dags/example_branch_python_dop_operator_3.py
[2022-09-24T20:11:54.282+0000] {processor.py:758} INFO - Processing file /home/airflow/.local/lib/python3.7/site-packages/airflow/example_dags/example_branch_python_dop_operator_3.py for tasks to queue
[2022-09-24T20:11:54.286+0000] {logging_mixin.py:117} INFO - [2022-09-24T20:11:54.285+0000] {dagbag.py:525} INFO - Filling up the DagBag from /home/airflow/.local/lib/python3.7/site-packages/airflow/example_dags/example_branch_python_dop_operator_3.py
[2022-09-24T20:11:54.344+0000] {processor.py:768} INFO - DAG(s) dict_keys(['example_branch_dop_operator_v3']) retrieved from /home/airflow/.local/lib/python3.7/site-packages/airflow/example_dags/example_branch_python_dop_operator_3.py
[2022-09-24T20:11:54.437+0000] {logging_mixin.py:117} INFO - [2022-09-24T20:11:54.436+0000] {dag.py:2573} INFO - Sync 1 DAGs
[2022-09-24T20:11:54.509+0000] {logging_mixin.py:117} INFO - [2022-09-24T20:11:54.509+0000] {dag.py:3328} INFO - Setting next_dagrun for example_branch_dop_operator_v3 to 2022-09-24T20:10:00+00:00, run_after=2022-09-24T20:11:00+00:00
[2022-09-24T20:11:54.568+0000] {processor.py:178} INFO - Processing /home/airflow/.local/lib/python3.7/site-packages/airflow/example_dags/example_branch_python_dop_operator_3.py took 0.300 seconds
[2022-09-24T20:12:25.122+0000] {processor.py:156} INFO - Started process (PID=8471) to work on /home/airflow/.local/lib/python3.7/site-packages/airflow/example_dags/example_branch_python_dop_operator_3.py
[2022-09-24T20:12:25.127+0000] {processor.py:758} INFO - Processing file /home/airflow/.local/lib/python3.7/site-packages/airflow/example_dags/example_branch_python_dop_operator_3.py for tasks to queue
[2022-09-24T20:12:25.131+0000] {logging_mixin.py:117} INFO - [2022-09-24T20:12:25.131+0000] {dagbag.py:525} INFO - Filling up the DagBag from /home/airflow/.local/lib/python3.7/site-packages/airflow/example_dags/example_branch_python_dop_operator_3.py
[2022-09-24T20:12:25.206+0000] {processor.py:768} INFO - DAG(s) dict_keys(['example_branch_dop_operator_v3']) retrieved from /home/airflow/.local/lib/python3.7/site-packages/airflow/example_dags/example_branch_python_dop_operator_3.py
[2022-09-24T20:12:25.322+0000] {logging_mixin.py:117} INFO - [2022-09-24T20:12:25.322+0000] {dag.py:2573} INFO - Sync 1 DAGs
[2022-09-24T20:12:25.388+0000] {logging_mixin.py:117} INFO - [2022-09-24T20:12:25.388+0000] {dag.py:3328} INFO - Setting next_dagrun for example_branch_dop_operator_v3 to 2022-09-24T20:11:00+00:00, run_after=2022-09-24T20:12:00+00:00
[2022-09-24T20:12:25.445+0000] {processor.py:178} INFO - Processing /home/airflow/.local/lib/python3.7/site-packages/airflow/example_dags/example_branch_python_dop_operator_3.py took 0.334 seconds
[2022-09-24T20:12:56.180+0000] {processor.py:156} INFO - Started process (PID=8670) to work on /home/airflow/.local/lib/python3.7/site-packages/airflow/example_dags/example_branch_python_dop_operator_3.py
[2022-09-24T20:12:56.183+0000] {processor.py:758} INFO - Processing file /home/airflow/.local/lib/python3.7/site-packages/airflow/example_dags/example_branch_python_dop_operator_3.py for tasks to queue
[2022-09-24T20:12:56.186+0000] {logging_mixin.py:117} INFO - [2022-09-24T20:12:56.185+0000] {dagbag.py:525} INFO - Filling up the DagBag from /home/airflow/.local/lib/python3.7/site-packages/airflow/example_dags/example_branch_python_dop_operator_3.py
[2022-09-24T20:12:56.234+0000] {processor.py:768} INFO - DAG(s) dict_keys(['example_branch_dop_operator_v3']) retrieved from /home/airflow/.local/lib/python3.7/site-packages/airflow/example_dags/example_branch_python_dop_operator_3.py
[2022-09-24T20:12:56.311+0000] {logging_mixin.py:117} INFO - [2022-09-24T20:12:56.311+0000] {dag.py:2573} INFO - Sync 1 DAGs
[2022-09-24T20:12:56.371+0000] {logging_mixin.py:117} INFO - [2022-09-24T20:12:56.370+0000] {dag.py:3328} INFO - Setting next_dagrun for example_branch_dop_operator_v3 to 2022-09-24T20:11:00+00:00, run_after=2022-09-24T20:12:00+00:00
[2022-09-24T20:12:56.409+0000] {processor.py:178} INFO - Processing /home/airflow/.local/lib/python3.7/site-packages/airflow/example_dags/example_branch_python_dop_operator_3.py took 0.237 seconds
[2022-09-24T20:13:26.537+0000] {processor.py:156} INFO - Started process (PID=8868) to work on /home/airflow/.local/lib/python3.7/site-packages/airflow/example_dags/example_branch_python_dop_operator_3.py
[2022-09-24T20:13:26.544+0000] {processor.py:758} INFO - Processing file /home/airflow/.local/lib/python3.7/site-packages/airflow/example_dags/example_branch_python_dop_operator_3.py for tasks to queue
[2022-09-24T20:13:26.548+0000] {logging_mixin.py:117} INFO - [2022-09-24T20:13:26.548+0000] {dagbag.py:525} INFO - Filling up the DagBag from /home/airflow/.local/lib/python3.7/site-packages/airflow/example_dags/example_branch_python_dop_operator_3.py
[2022-09-24T20:13:26.608+0000] {processor.py:768} INFO - DAG(s) dict_keys(['example_branch_dop_operator_v3']) retrieved from /home/airflow/.local/lib/python3.7/site-packages/airflow/example_dags/example_branch_python_dop_operator_3.py
[2022-09-24T20:13:26.772+0000] {logging_mixin.py:117} INFO - [2022-09-24T20:13:26.772+0000] {dag.py:2573} INFO - Sync 1 DAGs
[2022-09-24T20:13:26.934+0000] {logging_mixin.py:117} INFO - [2022-09-24T20:13:26.934+0000] {dag.py:3328} INFO - Setting next_dagrun for example_branch_dop_operator_v3 to 2022-09-24T20:12:00+00:00, run_after=2022-09-24T20:13:00+00:00
[2022-09-24T20:13:26.986+0000] {processor.py:178} INFO - Processing /home/airflow/.local/lib/python3.7/site-packages/airflow/example_dags/example_branch_python_dop_operator_3.py took 0.456 seconds
[2022-09-24T20:13:57.308+0000] {processor.py:156} INFO - Started process (PID=9066) to work on /home/airflow/.local/lib/python3.7/site-packages/airflow/example_dags/example_branch_python_dop_operator_3.py
[2022-09-24T20:13:57.312+0000] {processor.py:758} INFO - Processing file /home/airflow/.local/lib/python3.7/site-packages/airflow/example_dags/example_branch_python_dop_operator_3.py for tasks to queue
[2022-09-24T20:13:57.315+0000] {logging_mixin.py:117} INFO - [2022-09-24T20:13:57.315+0000] {dagbag.py:525} INFO - Filling up the DagBag from /home/airflow/.local/lib/python3.7/site-packages/airflow/example_dags/example_branch_python_dop_operator_3.py
[2022-09-24T20:13:57.363+0000] {processor.py:768} INFO - DAG(s) dict_keys(['example_branch_dop_operator_v3']) retrieved from /home/airflow/.local/lib/python3.7/site-packages/airflow/example_dags/example_branch_python_dop_operator_3.py
[2022-09-24T20:13:57.435+0000] {logging_mixin.py:117} INFO - [2022-09-24T20:13:57.435+0000] {dag.py:2573} INFO - Sync 1 DAGs
[2022-09-24T20:13:57.495+0000] {logging_mixin.py:117} INFO - [2022-09-24T20:13:57.495+0000] {dag.py:3328} INFO - Setting next_dagrun for example_branch_dop_operator_v3 to 2022-09-24T20:12:00+00:00, run_after=2022-09-24T20:13:00+00:00
[2022-09-24T20:13:57.541+0000] {processor.py:178} INFO - Processing /home/airflow/.local/lib/python3.7/site-packages/airflow/example_dags/example_branch_python_dop_operator_3.py took 0.245 seconds
[2022-09-24T20:14:35.314+0000] {processor.py:156} INFO - Started process (PID=9262) to work on /home/airflow/.local/lib/python3.7/site-packages/airflow/example_dags/example_branch_python_dop_operator_3.py
[2022-09-24T20:14:35.323+0000] {processor.py:758} INFO - Processing file /home/airflow/.local/lib/python3.7/site-packages/airflow/example_dags/example_branch_python_dop_operator_3.py for tasks to queue
[2022-09-24T20:14:35.332+0000] {logging_mixin.py:117} INFO - [2022-09-24T20:14:35.331+0000] {dagbag.py:525} INFO - Filling up the DagBag from /home/airflow/.local/lib/python3.7/site-packages/airflow/example_dags/example_branch_python_dop_operator_3.py
[2022-09-24T20:14:35.426+0000] {processor.py:768} INFO - DAG(s) dict_keys(['example_branch_dop_operator_v3']) retrieved from /home/airflow/.local/lib/python3.7/site-packages/airflow/example_dags/example_branch_python_dop_operator_3.py
[2022-09-24T20:14:35.568+0000] {logging_mixin.py:117} INFO - [2022-09-24T20:14:35.568+0000] {dag.py:2573} INFO - Sync 1 DAGs
[2022-09-24T20:14:35.708+0000] {logging_mixin.py:117} INFO - [2022-09-24T20:14:35.708+0000] {dag.py:3328} INFO - Setting next_dagrun for example_branch_dop_operator_v3 to 2022-09-24T20:13:00+00:00, run_after=2022-09-24T20:14:00+00:00
[2022-09-24T20:14:35.860+0000] {processor.py:178} INFO - Processing /home/airflow/.local/lib/python3.7/site-packages/airflow/example_dags/example_branch_python_dop_operator_3.py took 0.564 seconds
[2022-09-24T20:15:08.967+0000] {processor.py:156} INFO - Started process (PID=9474) to work on /home/airflow/.local/lib/python3.7/site-packages/airflow/example_dags/example_branch_python_dop_operator_3.py
[2022-09-24T20:15:08.977+0000] {processor.py:758} INFO - Processing file /home/airflow/.local/lib/python3.7/site-packages/airflow/example_dags/example_branch_python_dop_operator_3.py for tasks to queue
[2022-09-24T20:15:08.982+0000] {logging_mixin.py:117} INFO - [2022-09-24T20:15:08.982+0000] {dagbag.py:525} INFO - Filling up the DagBag from /home/airflow/.local/lib/python3.7/site-packages/airflow/example_dags/example_branch_python_dop_operator_3.py
[2022-09-24T20:15:09.147+0000] {processor.py:768} INFO - DAG(s) dict_keys(['example_branch_dop_operator_v3']) retrieved from /home/airflow/.local/lib/python3.7/site-packages/airflow/example_dags/example_branch_python_dop_operator_3.py
[2022-09-24T20:15:09.345+0000] {logging_mixin.py:117} INFO - [2022-09-24T20:15:09.345+0000] {dag.py:2573} INFO - Sync 1 DAGs
[2022-09-24T20:15:09.455+0000] {logging_mixin.py:117} INFO - [2022-09-24T20:15:09.455+0000] {dag.py:3328} INFO - Setting next_dagrun for example_branch_dop_operator_v3 to 2022-09-24T20:14:00+00:00, run_after=2022-09-24T20:15:00+00:00
[2022-09-24T20:15:09.537+0000] {processor.py:178} INFO - Processing /home/airflow/.local/lib/python3.7/site-packages/airflow/example_dags/example_branch_python_dop_operator_3.py took 0.582 seconds
[2022-09-24T20:15:41.148+0000] {processor.py:156} INFO - Started process (PID=9662) to work on /home/airflow/.local/lib/python3.7/site-packages/airflow/example_dags/example_branch_python_dop_operator_3.py
[2022-09-24T20:15:41.153+0000] {processor.py:758} INFO - Processing file /home/airflow/.local/lib/python3.7/site-packages/airflow/example_dags/example_branch_python_dop_operator_3.py for tasks to queue
[2022-09-24T20:15:41.158+0000] {logging_mixin.py:117} INFO - [2022-09-24T20:15:41.157+0000] {dagbag.py:525} INFO - Filling up the DagBag from /home/airflow/.local/lib/python3.7/site-packages/airflow/example_dags/example_branch_python_dop_operator_3.py
[2022-09-24T20:15:41.233+0000] {processor.py:768} INFO - DAG(s) dict_keys(['example_branch_dop_operator_v3']) retrieved from /home/airflow/.local/lib/python3.7/site-packages/airflow/example_dags/example_branch_python_dop_operator_3.py
[2022-09-24T20:15:41.367+0000] {logging_mixin.py:117} INFO - [2022-09-24T20:15:41.367+0000] {dag.py:2573} INFO - Sync 1 DAGs
[2022-09-24T20:15:41.470+0000] {logging_mixin.py:117} INFO - [2022-09-24T20:15:41.469+0000] {dag.py:3328} INFO - Setting next_dagrun for example_branch_dop_operator_v3 to 2022-09-24T20:14:00+00:00, run_after=2022-09-24T20:15:00+00:00
[2022-09-24T20:15:41.517+0000] {processor.py:178} INFO - Processing /home/airflow/.local/lib/python3.7/site-packages/airflow/example_dags/example_branch_python_dop_operator_3.py took 0.379 seconds
[2022-09-24T20:16:11.942+0000] {processor.py:156} INFO - Started process (PID=9862) to work on /home/airflow/.local/lib/python3.7/site-packages/airflow/example_dags/example_branch_python_dop_operator_3.py
[2022-09-24T20:16:11.946+0000] {processor.py:758} INFO - Processing file /home/airflow/.local/lib/python3.7/site-packages/airflow/example_dags/example_branch_python_dop_operator_3.py for tasks to queue
[2022-09-24T20:16:11.951+0000] {logging_mixin.py:117} INFO - [2022-09-24T20:16:11.951+0000] {dagbag.py:525} INFO - Filling up the DagBag from /home/airflow/.local/lib/python3.7/site-packages/airflow/example_dags/example_branch_python_dop_operator_3.py
[2022-09-24T20:16:12.010+0000] {processor.py:768} INFO - DAG(s) dict_keys(['example_branch_dop_operator_v3']) retrieved from /home/airflow/.local/lib/python3.7/site-packages/airflow/example_dags/example_branch_python_dop_operator_3.py
[2022-09-24T20:16:12.100+0000] {logging_mixin.py:117} INFO - [2022-09-24T20:16:12.100+0000] {dag.py:2573} INFO - Sync 1 DAGs
[2022-09-24T20:16:12.181+0000] {logging_mixin.py:117} INFO - [2022-09-24T20:16:12.180+0000] {dag.py:3328} INFO - Setting next_dagrun for example_branch_dop_operator_v3 to 2022-09-24T20:15:00+00:00, run_after=2022-09-24T20:16:00+00:00
[2022-09-24T20:16:12.229+0000] {processor.py:178} INFO - Processing /home/airflow/.local/lib/python3.7/site-packages/airflow/example_dags/example_branch_python_dop_operator_3.py took 0.293 seconds
[2022-09-24T20:16:42.642+0000] {processor.py:156} INFO - Started process (PID=10059) to work on /home/airflow/.local/lib/python3.7/site-packages/airflow/example_dags/example_branch_python_dop_operator_3.py
[2022-09-24T20:16:42.646+0000] {processor.py:758} INFO - Processing file /home/airflow/.local/lib/python3.7/site-packages/airflow/example_dags/example_branch_python_dop_operator_3.py for tasks to queue
[2022-09-24T20:16:42.649+0000] {logging_mixin.py:117} INFO - [2022-09-24T20:16:42.649+0000] {dagbag.py:525} INFO - Filling up the DagBag from /home/airflow/.local/lib/python3.7/site-packages/airflow/example_dags/example_branch_python_dop_operator_3.py
[2022-09-24T20:16:42.709+0000] {processor.py:768} INFO - DAG(s) dict_keys(['example_branch_dop_operator_v3']) retrieved from /home/airflow/.local/lib/python3.7/site-packages/airflow/example_dags/example_branch_python_dop_operator_3.py
[2022-09-24T20:16:42.869+0000] {logging_mixin.py:117} INFO - [2022-09-24T20:16:42.868+0000] {dag.py:2573} INFO - Sync 1 DAGs
[2022-09-24T20:16:43.090+0000] {logging_mixin.py:117} INFO - [2022-09-24T20:16:43.089+0000] {dag.py:3328} INFO - Setting next_dagrun for example_branch_dop_operator_v3 to 2022-09-24T20:15:00+00:00, run_after=2022-09-24T20:16:00+00:00
[2022-09-24T20:16:43.172+0000] {processor.py:178} INFO - Processing /home/airflow/.local/lib/python3.7/site-packages/airflow/example_dags/example_branch_python_dop_operator_3.py took 0.537 seconds
[2022-09-24T20:17:13.573+0000] {processor.py:156} INFO - Started process (PID=10259) to work on /home/airflow/.local/lib/python3.7/site-packages/airflow/example_dags/example_branch_python_dop_operator_3.py
[2022-09-24T20:17:13.578+0000] {processor.py:758} INFO - Processing file /home/airflow/.local/lib/python3.7/site-packages/airflow/example_dags/example_branch_python_dop_operator_3.py for tasks to queue
[2022-09-24T20:17:13.584+0000] {logging_mixin.py:117} INFO - [2022-09-24T20:17:13.584+0000] {dagbag.py:525} INFO - Filling up the DagBag from /home/airflow/.local/lib/python3.7/site-packages/airflow/example_dags/example_branch_python_dop_operator_3.py
[2022-09-24T20:17:13.698+0000] {processor.py:768} INFO - DAG(s) dict_keys(['example_branch_dop_operator_v3']) retrieved from /home/airflow/.local/lib/python3.7/site-packages/airflow/example_dags/example_branch_python_dop_operator_3.py
[2022-09-24T20:17:13.774+0000] {logging_mixin.py:117} INFO - [2022-09-24T20:17:13.774+0000] {dag.py:2573} INFO - Sync 1 DAGs
[2022-09-24T20:17:13.837+0000] {logging_mixin.py:117} INFO - [2022-09-24T20:17:13.837+0000] {dag.py:3328} INFO - Setting next_dagrun for example_branch_dop_operator_v3 to 2022-09-24T20:16:00+00:00, run_after=2022-09-24T20:17:00+00:00
[2022-09-24T20:17:13.889+0000] {processor.py:178} INFO - Processing /home/airflow/.local/lib/python3.7/site-packages/airflow/example_dags/example_branch_python_dop_operator_3.py took 0.338 seconds
[2022-09-24T20:17:44.026+0000] {processor.py:156} INFO - Started process (PID=10457) to work on /home/airflow/.local/lib/python3.7/site-packages/airflow/example_dags/example_branch_python_dop_operator_3.py
[2022-09-24T20:17:44.029+0000] {processor.py:758} INFO - Processing file /home/airflow/.local/lib/python3.7/site-packages/airflow/example_dags/example_branch_python_dop_operator_3.py for tasks to queue
[2022-09-24T20:17:44.032+0000] {logging_mixin.py:117} INFO - [2022-09-24T20:17:44.032+0000] {dagbag.py:525} INFO - Filling up the DagBag from /home/airflow/.local/lib/python3.7/site-packages/airflow/example_dags/example_branch_python_dop_operator_3.py
[2022-09-24T20:17:44.104+0000] {processor.py:768} INFO - DAG(s) dict_keys(['example_branch_dop_operator_v3']) retrieved from /home/airflow/.local/lib/python3.7/site-packages/airflow/example_dags/example_branch_python_dop_operator_3.py
[2022-09-24T20:17:44.207+0000] {logging_mixin.py:117} INFO - [2022-09-24T20:17:44.207+0000] {dag.py:2573} INFO - Sync 1 DAGs
[2022-09-24T20:17:44.278+0000] {logging_mixin.py:117} INFO - [2022-09-24T20:17:44.277+0000] {dag.py:3328} INFO - Setting next_dagrun for example_branch_dop_operator_v3 to 2022-09-24T20:16:00+00:00, run_after=2022-09-24T20:17:00+00:00
[2022-09-24T20:17:44.327+0000] {processor.py:178} INFO - Processing /home/airflow/.local/lib/python3.7/site-packages/airflow/example_dags/example_branch_python_dop_operator_3.py took 0.309 seconds
[2022-09-24T20:18:15.438+0000] {processor.py:156} INFO - Started process (PID=10655) to work on /home/airflow/.local/lib/python3.7/site-packages/airflow/example_dags/example_branch_python_dop_operator_3.py
[2022-09-24T20:18:15.444+0000] {processor.py:758} INFO - Processing file /home/airflow/.local/lib/python3.7/site-packages/airflow/example_dags/example_branch_python_dop_operator_3.py for tasks to queue
[2022-09-24T20:18:15.448+0000] {logging_mixin.py:117} INFO - [2022-09-24T20:18:15.447+0000] {dagbag.py:525} INFO - Filling up the DagBag from /home/airflow/.local/lib/python3.7/site-packages/airflow/example_dags/example_branch_python_dop_operator_3.py
[2022-09-24T20:18:15.783+0000] {processor.py:768} INFO - DAG(s) dict_keys(['example_branch_dop_operator_v3']) retrieved from /home/airflow/.local/lib/python3.7/site-packages/airflow/example_dags/example_branch_python_dop_operator_3.py
[2022-09-24T20:18:15.920+0000] {logging_mixin.py:117} INFO - [2022-09-24T20:18:15.918+0000] {dag.py:2573} INFO - Sync 1 DAGs
[2022-09-24T20:18:15.992+0000] {logging_mixin.py:117} INFO - [2022-09-24T20:18:15.992+0000] {dag.py:3328} INFO - Setting next_dagrun for example_branch_dop_operator_v3 to 2022-09-24T20:17:00+00:00, run_after=2022-09-24T20:18:00+00:00
[2022-09-24T20:18:16.068+0000] {processor.py:178} INFO - Processing /home/airflow/.local/lib/python3.7/site-packages/airflow/example_dags/example_branch_python_dop_operator_3.py took 0.647 seconds
[2022-09-24T20:18:47.285+0000] {processor.py:156} INFO - Started process (PID=10855) to work on /home/airflow/.local/lib/python3.7/site-packages/airflow/example_dags/example_branch_python_dop_operator_3.py
[2022-09-24T20:18:47.293+0000] {processor.py:758} INFO - Processing file /home/airflow/.local/lib/python3.7/site-packages/airflow/example_dags/example_branch_python_dop_operator_3.py for tasks to queue
[2022-09-24T20:18:47.297+0000] {logging_mixin.py:117} INFO - [2022-09-24T20:18:47.296+0000] {dagbag.py:525} INFO - Filling up the DagBag from /home/airflow/.local/lib/python3.7/site-packages/airflow/example_dags/example_branch_python_dop_operator_3.py
[2022-09-24T20:18:47.475+0000] {processor.py:768} INFO - DAG(s) dict_keys(['example_branch_dop_operator_v3']) retrieved from /home/airflow/.local/lib/python3.7/site-packages/airflow/example_dags/example_branch_python_dop_operator_3.py
[2022-09-24T20:18:47.636+0000] {logging_mixin.py:117} INFO - [2022-09-24T20:18:47.636+0000] {dag.py:2573} INFO - Sync 1 DAGs
[2022-09-24T20:18:47.758+0000] {logging_mixin.py:117} INFO - [2022-09-24T20:18:47.758+0000] {dag.py:3328} INFO - Setting next_dagrun for example_branch_dop_operator_v3 to 2022-09-24T20:17:00+00:00, run_after=2022-09-24T20:18:00+00:00
[2022-09-24T20:18:47.832+0000] {processor.py:178} INFO - Processing /home/airflow/.local/lib/python3.7/site-packages/airflow/example_dags/example_branch_python_dop_operator_3.py took 0.576 seconds
[2022-09-24T20:19:18.545+0000] {processor.py:156} INFO - Started process (PID=11054) to work on /home/airflow/.local/lib/python3.7/site-packages/airflow/example_dags/example_branch_python_dop_operator_3.py
[2022-09-24T20:19:18.549+0000] {processor.py:758} INFO - Processing file /home/airflow/.local/lib/python3.7/site-packages/airflow/example_dags/example_branch_python_dop_operator_3.py for tasks to queue
[2022-09-24T20:19:18.552+0000] {logging_mixin.py:117} INFO - [2022-09-24T20:19:18.552+0000] {dagbag.py:525} INFO - Filling up the DagBag from /home/airflow/.local/lib/python3.7/site-packages/airflow/example_dags/example_branch_python_dop_operator_3.py
[2022-09-24T20:19:18.698+0000] {processor.py:768} INFO - DAG(s) dict_keys(['example_branch_dop_operator_v3']) retrieved from /home/airflow/.local/lib/python3.7/site-packages/airflow/example_dags/example_branch_python_dop_operator_3.py
[2022-09-24T20:19:18.935+0000] {logging_mixin.py:117} INFO - [2022-09-24T20:19:18.935+0000] {dag.py:2573} INFO - Sync 1 DAGs
[2022-09-24T20:19:19.059+0000] {logging_mixin.py:117} INFO - [2022-09-24T20:19:19.058+0000] {dag.py:3328} INFO - Setting next_dagrun for example_branch_dop_operator_v3 to 2022-09-24T20:18:00+00:00, run_after=2022-09-24T20:19:00+00:00
[2022-09-24T20:19:19.106+0000] {processor.py:178} INFO - Processing /home/airflow/.local/lib/python3.7/site-packages/airflow/example_dags/example_branch_python_dop_operator_3.py took 0.575 seconds
[2022-09-24T20:19:50.854+0000] {processor.py:156} INFO - Started process (PID=11253) to work on /home/airflow/.local/lib/python3.7/site-packages/airflow/example_dags/example_branch_python_dop_operator_3.py
[2022-09-24T20:19:50.898+0000] {processor.py:758} INFO - Processing file /home/airflow/.local/lib/python3.7/site-packages/airflow/example_dags/example_branch_python_dop_operator_3.py for tasks to queue
[2022-09-24T20:19:50.918+0000] {logging_mixin.py:117} INFO - [2022-09-24T20:19:50.918+0000] {dagbag.py:525} INFO - Filling up the DagBag from /home/airflow/.local/lib/python3.7/site-packages/airflow/example_dags/example_branch_python_dop_operator_3.py
[2022-09-24T20:19:51.043+0000] {processor.py:768} INFO - DAG(s) dict_keys(['example_branch_dop_operator_v3']) retrieved from /home/airflow/.local/lib/python3.7/site-packages/airflow/example_dags/example_branch_python_dop_operator_3.py
[2022-09-24T20:19:51.386+0000] {logging_mixin.py:117} INFO - [2022-09-24T20:19:51.386+0000] {dag.py:2573} INFO - Sync 1 DAGs
[2022-09-24T20:19:51.668+0000] {logging_mixin.py:117} INFO - [2022-09-24T20:19:51.668+0000] {dag.py:3328} INFO - Setting next_dagrun for example_branch_dop_operator_v3 to 2022-09-24T20:18:00+00:00, run_after=2022-09-24T20:19:00+00:00
[2022-09-24T20:19:51.774+0000] {processor.py:178} INFO - Processing /home/airflow/.local/lib/python3.7/site-packages/airflow/example_dags/example_branch_python_dop_operator_3.py took 0.941 seconds
[2022-09-24T20:20:21.952+0000] {processor.py:156} INFO - Started process (PID=11457) to work on /home/airflow/.local/lib/python3.7/site-packages/airflow/example_dags/example_branch_python_dop_operator_3.py
[2022-09-24T20:20:21.962+0000] {processor.py:758} INFO - Processing file /home/airflow/.local/lib/python3.7/site-packages/airflow/example_dags/example_branch_python_dop_operator_3.py for tasks to queue
[2022-09-24T20:20:21.965+0000] {logging_mixin.py:117} INFO - [2022-09-24T20:20:21.965+0000] {dagbag.py:525} INFO - Filling up the DagBag from /home/airflow/.local/lib/python3.7/site-packages/airflow/example_dags/example_branch_python_dop_operator_3.py
[2022-09-24T20:20:22.066+0000] {processor.py:768} INFO - DAG(s) dict_keys(['example_branch_dop_operator_v3']) retrieved from /home/airflow/.local/lib/python3.7/site-packages/airflow/example_dags/example_branch_python_dop_operator_3.py
[2022-09-24T20:20:22.207+0000] {logging_mixin.py:117} INFO - [2022-09-24T20:20:22.207+0000] {dag.py:2573} INFO - Sync 1 DAGs
[2022-09-24T20:20:22.301+0000] {logging_mixin.py:117} INFO - [2022-09-24T20:20:22.297+0000] {dag.py:3328} INFO - Setting next_dagrun for example_branch_dop_operator_v3 to 2022-09-24T20:19:00+00:00, run_after=2022-09-24T20:20:00+00:00
[2022-09-24T20:20:22.548+0000] {processor.py:178} INFO - Processing /home/airflow/.local/lib/python3.7/site-packages/airflow/example_dags/example_branch_python_dop_operator_3.py took 0.601 seconds
[2022-09-24T20:20:52.734+0000] {processor.py:156} INFO - Started process (PID=11660) to work on /home/airflow/.local/lib/python3.7/site-packages/airflow/example_dags/example_branch_python_dop_operator_3.py
[2022-09-24T20:20:52.738+0000] {processor.py:758} INFO - Processing file /home/airflow/.local/lib/python3.7/site-packages/airflow/example_dags/example_branch_python_dop_operator_3.py for tasks to queue
[2022-09-24T20:20:52.740+0000] {logging_mixin.py:117} INFO - [2022-09-24T20:20:52.740+0000] {dagbag.py:525} INFO - Filling up the DagBag from /home/airflow/.local/lib/python3.7/site-packages/airflow/example_dags/example_branch_python_dop_operator_3.py
[2022-09-24T20:20:52.786+0000] {processor.py:768} INFO - DAG(s) dict_keys(['example_branch_dop_operator_v3']) retrieved from /home/airflow/.local/lib/python3.7/site-packages/airflow/example_dags/example_branch_python_dop_operator_3.py
[2022-09-24T20:20:52.856+0000] {logging_mixin.py:117} INFO - [2022-09-24T20:20:52.855+0000] {dag.py:2573} INFO - Sync 1 DAGs
[2022-09-24T20:20:52.909+0000] {logging_mixin.py:117} INFO - [2022-09-24T20:20:52.909+0000] {dag.py:3328} INFO - Setting next_dagrun for example_branch_dop_operator_v3 to 2022-09-24T20:19:00+00:00, run_after=2022-09-24T20:20:00+00:00
[2022-09-24T20:20:52.948+0000] {processor.py:178} INFO - Processing /home/airflow/.local/lib/python3.7/site-packages/airflow/example_dags/example_branch_python_dop_operator_3.py took 0.221 seconds
[2022-09-24T20:21:24.232+0000] {processor.py:156} INFO - Started process (PID=11858) to work on /home/airflow/.local/lib/python3.7/site-packages/airflow/example_dags/example_branch_python_dop_operator_3.py
[2022-09-24T20:21:24.236+0000] {processor.py:758} INFO - Processing file /home/airflow/.local/lib/python3.7/site-packages/airflow/example_dags/example_branch_python_dop_operator_3.py for tasks to queue
[2022-09-24T20:21:24.239+0000] {logging_mixin.py:117} INFO - [2022-09-24T20:21:24.239+0000] {dagbag.py:525} INFO - Filling up the DagBag from /home/airflow/.local/lib/python3.7/site-packages/airflow/example_dags/example_branch_python_dop_operator_3.py
[2022-09-24T20:21:24.366+0000] {processor.py:768} INFO - DAG(s) dict_keys(['example_branch_dop_operator_v3']) retrieved from /home/airflow/.local/lib/python3.7/site-packages/airflow/example_dags/example_branch_python_dop_operator_3.py
[2022-09-24T20:21:24.525+0000] {logging_mixin.py:117} INFO - [2022-09-24T20:21:24.525+0000] {dag.py:2573} INFO - Sync 1 DAGs
[2022-09-24T20:21:24.774+0000] {logging_mixin.py:117} INFO - [2022-09-24T20:21:24.774+0000] {dag.py:3328} INFO - Setting next_dagrun for example_branch_dop_operator_v3 to 2022-09-24T20:20:00+00:00, run_after=2022-09-24T20:21:00+00:00
[2022-09-24T20:21:24.957+0000] {processor.py:178} INFO - Processing /home/airflow/.local/lib/python3.7/site-packages/airflow/example_dags/example_branch_python_dop_operator_3.py took 0.740 seconds
