[2022-09-24T19:50:47.560+0000] {processor.py:156} INFO - Started process (PID=244) to work on /home/airflow/.local/lib/python3.7/site-packages/airflow/example_dags/example_trigger_target_dag.py
[2022-09-24T19:50:47.570+0000] {processor.py:758} INFO - Processing file /home/airflow/.local/lib/python3.7/site-packages/airflow/example_dags/example_trigger_target_dag.py for tasks to queue
[2022-09-24T19:50:47.582+0000] {logging_mixin.py:117} INFO - [2022-09-24T19:50:47.579+0000] {dagbag.py:525} INFO - Filling up the DagBag from /home/airflow/.local/lib/python3.7/site-packages/airflow/example_dags/example_trigger_target_dag.py
[2022-09-24T19:50:48.003+0000] {processor.py:768} INFO - DAG(s) dict_keys(['example_trigger_target_dag']) retrieved from /home/airflow/.local/lib/python3.7/site-packages/airflow/example_dags/example_trigger_target_dag.py
[2022-09-24T19:50:48.367+0000] {logging_mixin.py:117} INFO - [2022-09-24T19:50:48.367+0000] {dag.py:2573} INFO - Sync 1 DAGs
[2022-09-24T19:50:48.756+0000] {logging_mixin.py:117} INFO - [2022-09-24T19:50:48.756+0000] {dag.py:3328} INFO - Setting next_dagrun for example_trigger_target_dag to None, run_after=None
[2022-09-24T19:50:49.013+0000] {processor.py:178} INFO - Processing /home/airflow/.local/lib/python3.7/site-packages/airflow/example_dags/example_trigger_target_dag.py took 1.473 seconds
[2022-09-24T19:51:22.015+0000] {processor.py:156} INFO - Started process (PID=442) to work on /home/airflow/.local/lib/python3.7/site-packages/airflow/example_dags/example_trigger_target_dag.py
[2022-09-24T19:51:22.022+0000] {processor.py:758} INFO - Processing file /home/airflow/.local/lib/python3.7/site-packages/airflow/example_dags/example_trigger_target_dag.py for tasks to queue
[2022-09-24T19:51:22.031+0000] {logging_mixin.py:117} INFO - [2022-09-24T19:51:22.030+0000] {dagbag.py:525} INFO - Filling up the DagBag from /home/airflow/.local/lib/python3.7/site-packages/airflow/example_dags/example_trigger_target_dag.py
[2022-09-24T19:51:22.264+0000] {processor.py:768} INFO - DAG(s) dict_keys(['example_trigger_target_dag']) retrieved from /home/airflow/.local/lib/python3.7/site-packages/airflow/example_dags/example_trigger_target_dag.py
[2022-09-24T19:51:22.710+0000] {logging_mixin.py:117} INFO - [2022-09-24T19:51:22.710+0000] {dag.py:2573} INFO - Sync 1 DAGs
[2022-09-24T19:51:22.824+0000] {logging_mixin.py:117} INFO - [2022-09-24T19:51:22.823+0000] {dag.py:3328} INFO - Setting next_dagrun for example_trigger_target_dag to None, run_after=None
[2022-09-24T19:51:23.340+0000] {processor.py:178} INFO - Processing /home/airflow/.local/lib/python3.7/site-packages/airflow/example_dags/example_trigger_target_dag.py took 1.353 seconds
[2022-09-24T19:51:55.540+0000] {processor.py:156} INFO - Started process (PID=642) to work on /home/airflow/.local/lib/python3.7/site-packages/airflow/example_dags/example_trigger_target_dag.py
[2022-09-24T19:51:55.552+0000] {processor.py:758} INFO - Processing file /home/airflow/.local/lib/python3.7/site-packages/airflow/example_dags/example_trigger_target_dag.py for tasks to queue
[2022-09-24T19:51:55.554+0000] {logging_mixin.py:117} INFO - [2022-09-24T19:51:55.554+0000] {dagbag.py:525} INFO - Filling up the DagBag from /home/airflow/.local/lib/python3.7/site-packages/airflow/example_dags/example_trigger_target_dag.py
[2022-09-24T19:51:55.731+0000] {processor.py:768} INFO - DAG(s) dict_keys(['example_trigger_target_dag']) retrieved from /home/airflow/.local/lib/python3.7/site-packages/airflow/example_dags/example_trigger_target_dag.py
[2022-09-24T19:51:56.383+0000] {logging_mixin.py:117} INFO - [2022-09-24T19:51:56.383+0000] {dag.py:2573} INFO - Sync 1 DAGs
[2022-09-24T19:51:57.192+0000] {logging_mixin.py:117} INFO - [2022-09-24T19:51:57.191+0000] {dag.py:3328} INFO - Setting next_dagrun for example_trigger_target_dag to None, run_after=None
[2022-09-24T19:51:57.388+0000] {processor.py:178} INFO - Processing /home/airflow/.local/lib/python3.7/site-packages/airflow/example_dags/example_trigger_target_dag.py took 1.913 seconds
[2022-09-24T19:52:27.954+0000] {processor.py:156} INFO - Started process (PID=834) to work on /home/airflow/.local/lib/python3.7/site-packages/airflow/example_dags/example_trigger_target_dag.py
[2022-09-24T19:52:27.958+0000] {processor.py:758} INFO - Processing file /home/airflow/.local/lib/python3.7/site-packages/airflow/example_dags/example_trigger_target_dag.py for tasks to queue
[2022-09-24T19:52:27.960+0000] {logging_mixin.py:117} INFO - [2022-09-24T19:52:27.960+0000] {dagbag.py:525} INFO - Filling up the DagBag from /home/airflow/.local/lib/python3.7/site-packages/airflow/example_dags/example_trigger_target_dag.py
[2022-09-24T19:52:28.005+0000] {processor.py:768} INFO - DAG(s) dict_keys(['example_trigger_target_dag']) retrieved from /home/airflow/.local/lib/python3.7/site-packages/airflow/example_dags/example_trigger_target_dag.py
[2022-09-24T19:52:28.242+0000] {logging_mixin.py:117} INFO - [2022-09-24T19:52:28.242+0000] {dag.py:2573} INFO - Sync 1 DAGs
[2022-09-24T19:52:28.281+0000] {logging_mixin.py:117} INFO - [2022-09-24T19:52:28.281+0000] {dag.py:3328} INFO - Setting next_dagrun for example_trigger_target_dag to None, run_after=None
[2022-09-24T19:52:28.329+0000] {processor.py:178} INFO - Processing /home/airflow/.local/lib/python3.7/site-packages/airflow/example_dags/example_trigger_target_dag.py took 0.383 seconds
[2022-09-24T19:52:58.661+0000] {processor.py:156} INFO - Started process (PID=1038) to work on /home/airflow/.local/lib/python3.7/site-packages/airflow/example_dags/example_trigger_target_dag.py
[2022-09-24T19:52:58.667+0000] {processor.py:758} INFO - Processing file /home/airflow/.local/lib/python3.7/site-packages/airflow/example_dags/example_trigger_target_dag.py for tasks to queue
[2022-09-24T19:52:58.680+0000] {logging_mixin.py:117} INFO - [2022-09-24T19:52:58.680+0000] {dagbag.py:525} INFO - Filling up the DagBag from /home/airflow/.local/lib/python3.7/site-packages/airflow/example_dags/example_trigger_target_dag.py
[2022-09-24T19:52:58.744+0000] {processor.py:768} INFO - DAG(s) dict_keys(['example_trigger_target_dag']) retrieved from /home/airflow/.local/lib/python3.7/site-packages/airflow/example_dags/example_trigger_target_dag.py
[2022-09-24T19:52:59.062+0000] {logging_mixin.py:117} INFO - [2022-09-24T19:52:59.062+0000] {dag.py:2573} INFO - Sync 1 DAGs
[2022-09-24T19:52:59.118+0000] {logging_mixin.py:117} INFO - [2022-09-24T19:52:59.117+0000] {dag.py:3328} INFO - Setting next_dagrun for example_trigger_target_dag to None, run_after=None
[2022-09-24T19:52:59.161+0000] {processor.py:178} INFO - Processing /home/airflow/.local/lib/python3.7/site-packages/airflow/example_dags/example_trigger_target_dag.py took 0.514 seconds
[2022-09-24T19:53:31.194+0000] {processor.py:156} INFO - Started process (PID=1235) to work on /home/airflow/.local/lib/python3.7/site-packages/airflow/example_dags/example_trigger_target_dag.py
[2022-09-24T19:53:31.206+0000] {processor.py:758} INFO - Processing file /home/airflow/.local/lib/python3.7/site-packages/airflow/example_dags/example_trigger_target_dag.py for tasks to queue
[2022-09-24T19:53:31.210+0000] {logging_mixin.py:117} INFO - [2022-09-24T19:53:31.209+0000] {dagbag.py:525} INFO - Filling up the DagBag from /home/airflow/.local/lib/python3.7/site-packages/airflow/example_dags/example_trigger_target_dag.py
[2022-09-24T19:53:31.379+0000] {processor.py:768} INFO - DAG(s) dict_keys(['example_trigger_target_dag']) retrieved from /home/airflow/.local/lib/python3.7/site-packages/airflow/example_dags/example_trigger_target_dag.py
[2022-09-24T19:53:32.242+0000] {logging_mixin.py:117} INFO - [2022-09-24T19:53:32.242+0000] {dag.py:2573} INFO - Sync 1 DAGs
[2022-09-24T19:53:32.428+0000] {logging_mixin.py:117} INFO - [2022-09-24T19:53:32.428+0000] {dag.py:3328} INFO - Setting next_dagrun for example_trigger_target_dag to None, run_after=None
[2022-09-24T19:53:32.634+0000] {processor.py:178} INFO - Processing /home/airflow/.local/lib/python3.7/site-packages/airflow/example_dags/example_trigger_target_dag.py took 1.454 seconds
[2022-09-24T19:54:03.050+0000] {processor.py:156} INFO - Started process (PID=1430) to work on /home/airflow/.local/lib/python3.7/site-packages/airflow/example_dags/example_trigger_target_dag.py
[2022-09-24T19:54:03.063+0000] {processor.py:758} INFO - Processing file /home/airflow/.local/lib/python3.7/site-packages/airflow/example_dags/example_trigger_target_dag.py for tasks to queue
[2022-09-24T19:54:03.066+0000] {logging_mixin.py:117} INFO - [2022-09-24T19:54:03.066+0000] {dagbag.py:525} INFO - Filling up the DagBag from /home/airflow/.local/lib/python3.7/site-packages/airflow/example_dags/example_trigger_target_dag.py
[2022-09-24T19:54:03.965+0000] {processor.py:768} INFO - DAG(s) dict_keys(['example_trigger_target_dag']) retrieved from /home/airflow/.local/lib/python3.7/site-packages/airflow/example_dags/example_trigger_target_dag.py
[2022-09-24T19:54:04.248+0000] {logging_mixin.py:117} INFO - [2022-09-24T19:54:04.248+0000] {dag.py:2573} INFO - Sync 1 DAGs
[2022-09-24T19:54:04.349+0000] {logging_mixin.py:117} INFO - [2022-09-24T19:54:04.349+0000] {dag.py:3328} INFO - Setting next_dagrun for example_trigger_target_dag to None, run_after=None
[2022-09-24T19:54:04.421+0000] {processor.py:178} INFO - Processing /home/airflow/.local/lib/python3.7/site-packages/airflow/example_dags/example_trigger_target_dag.py took 1.452 seconds
[2022-09-24T19:54:35.337+0000] {processor.py:156} INFO - Started process (PID=1626) to work on /home/airflow/.local/lib/python3.7/site-packages/airflow/example_dags/example_trigger_target_dag.py
[2022-09-24T19:54:35.380+0000] {processor.py:758} INFO - Processing file /home/airflow/.local/lib/python3.7/site-packages/airflow/example_dags/example_trigger_target_dag.py for tasks to queue
[2022-09-24T19:54:35.389+0000] {logging_mixin.py:117} INFO - [2022-09-24T19:54:35.388+0000] {dagbag.py:525} INFO - Filling up the DagBag from /home/airflow/.local/lib/python3.7/site-packages/airflow/example_dags/example_trigger_target_dag.py
[2022-09-24T19:54:36.070+0000] {processor.py:768} INFO - DAG(s) dict_keys(['example_trigger_target_dag']) retrieved from /home/airflow/.local/lib/python3.7/site-packages/airflow/example_dags/example_trigger_target_dag.py
[2022-09-24T19:54:36.272+0000] {logging_mixin.py:117} INFO - [2022-09-24T19:54:36.271+0000] {dag.py:2573} INFO - Sync 1 DAGs
[2022-09-24T19:54:36.350+0000] {logging_mixin.py:117} INFO - [2022-09-24T19:54:36.350+0000] {dag.py:3328} INFO - Setting next_dagrun for example_trigger_target_dag to None, run_after=None
[2022-09-24T19:54:36.437+0000] {processor.py:178} INFO - Processing /home/airflow/.local/lib/python3.7/site-packages/airflow/example_dags/example_trigger_target_dag.py took 1.289 seconds
[2022-09-24T19:55:06.806+0000] {processor.py:156} INFO - Started process (PID=1825) to work on /home/airflow/.local/lib/python3.7/site-packages/airflow/example_dags/example_trigger_target_dag.py
[2022-09-24T19:55:06.821+0000] {processor.py:758} INFO - Processing file /home/airflow/.local/lib/python3.7/site-packages/airflow/example_dags/example_trigger_target_dag.py for tasks to queue
[2022-09-24T19:55:06.834+0000] {logging_mixin.py:117} INFO - [2022-09-24T19:55:06.833+0000] {dagbag.py:525} INFO - Filling up the DagBag from /home/airflow/.local/lib/python3.7/site-packages/airflow/example_dags/example_trigger_target_dag.py
[2022-09-24T19:55:07.071+0000] {processor.py:768} INFO - DAG(s) dict_keys(['example_trigger_target_dag']) retrieved from /home/airflow/.local/lib/python3.7/site-packages/airflow/example_dags/example_trigger_target_dag.py
[2022-09-24T19:55:08.027+0000] {logging_mixin.py:117} INFO - [2022-09-24T19:55:08.027+0000] {dag.py:2573} INFO - Sync 1 DAGs
[2022-09-24T19:55:08.329+0000] {logging_mixin.py:117} INFO - [2022-09-24T19:55:08.329+0000] {dag.py:3328} INFO - Setting next_dagrun for example_trigger_target_dag to None, run_after=None
[2022-09-24T19:55:08.472+0000] {processor.py:178} INFO - Processing /home/airflow/.local/lib/python3.7/site-packages/airflow/example_dags/example_trigger_target_dag.py took 1.683 seconds
[2022-09-24T19:55:39.083+0000] {processor.py:156} INFO - Started process (PID=2030) to work on /home/airflow/.local/lib/python3.7/site-packages/airflow/example_dags/example_trigger_target_dag.py
[2022-09-24T19:55:39.089+0000] {processor.py:758} INFO - Processing file /home/airflow/.local/lib/python3.7/site-packages/airflow/example_dags/example_trigger_target_dag.py for tasks to queue
[2022-09-24T19:55:39.094+0000] {logging_mixin.py:117} INFO - [2022-09-24T19:55:39.093+0000] {dagbag.py:525} INFO - Filling up the DagBag from /home/airflow/.local/lib/python3.7/site-packages/airflow/example_dags/example_trigger_target_dag.py
[2022-09-24T19:55:39.243+0000] {processor.py:768} INFO - DAG(s) dict_keys(['example_trigger_target_dag']) retrieved from /home/airflow/.local/lib/python3.7/site-packages/airflow/example_dags/example_trigger_target_dag.py
[2022-09-24T19:55:39.561+0000] {logging_mixin.py:117} INFO - [2022-09-24T19:55:39.560+0000] {dag.py:2573} INFO - Sync 1 DAGs
[2022-09-24T19:55:39.707+0000] {logging_mixin.py:117} INFO - [2022-09-24T19:55:39.706+0000] {dag.py:3328} INFO - Setting next_dagrun for example_trigger_target_dag to None, run_after=None
[2022-09-24T19:55:39.813+0000] {processor.py:178} INFO - Processing /home/airflow/.local/lib/python3.7/site-packages/airflow/example_dags/example_trigger_target_dag.py took 0.751 seconds
[2022-09-24T19:56:10.246+0000] {processor.py:156} INFO - Started process (PID=2230) to work on /home/airflow/.local/lib/python3.7/site-packages/airflow/example_dags/example_trigger_target_dag.py
[2022-09-24T19:56:10.259+0000] {processor.py:758} INFO - Processing file /home/airflow/.local/lib/python3.7/site-packages/airflow/example_dags/example_trigger_target_dag.py for tasks to queue
[2022-09-24T19:56:10.270+0000] {logging_mixin.py:117} INFO - [2022-09-24T19:56:10.270+0000] {dagbag.py:525} INFO - Filling up the DagBag from /home/airflow/.local/lib/python3.7/site-packages/airflow/example_dags/example_trigger_target_dag.py
[2022-09-24T19:56:10.445+0000] {processor.py:768} INFO - DAG(s) dict_keys(['example_trigger_target_dag']) retrieved from /home/airflow/.local/lib/python3.7/site-packages/airflow/example_dags/example_trigger_target_dag.py
[2022-09-24T19:56:10.647+0000] {logging_mixin.py:117} INFO - [2022-09-24T19:56:10.647+0000] {dag.py:2573} INFO - Sync 1 DAGs
[2022-09-24T19:56:10.761+0000] {logging_mixin.py:117} INFO - [2022-09-24T19:56:10.761+0000] {dag.py:3328} INFO - Setting next_dagrun for example_trigger_target_dag to None, run_after=None
[2022-09-24T19:56:10.868+0000] {processor.py:178} INFO - Processing /home/airflow/.local/lib/python3.7/site-packages/airflow/example_dags/example_trigger_target_dag.py took 0.651 seconds
[2022-09-24T19:56:41.217+0000] {processor.py:156} INFO - Started process (PID=2433) to work on /home/airflow/.local/lib/python3.7/site-packages/airflow/example_dags/example_trigger_target_dag.py
[2022-09-24T19:56:41.221+0000] {processor.py:758} INFO - Processing file /home/airflow/.local/lib/python3.7/site-packages/airflow/example_dags/example_trigger_target_dag.py for tasks to queue
[2022-09-24T19:56:41.223+0000] {logging_mixin.py:117} INFO - [2022-09-24T19:56:41.223+0000] {dagbag.py:525} INFO - Filling up the DagBag from /home/airflow/.local/lib/python3.7/site-packages/airflow/example_dags/example_trigger_target_dag.py
[2022-09-24T19:56:41.268+0000] {processor.py:768} INFO - DAG(s) dict_keys(['example_trigger_target_dag']) retrieved from /home/airflow/.local/lib/python3.7/site-packages/airflow/example_dags/example_trigger_target_dag.py
[2022-09-24T19:56:41.372+0000] {logging_mixin.py:117} INFO - [2022-09-24T19:56:41.371+0000] {dag.py:2573} INFO - Sync 1 DAGs
[2022-09-24T19:56:41.458+0000] {logging_mixin.py:117} INFO - [2022-09-24T19:56:41.457+0000] {dag.py:3328} INFO - Setting next_dagrun for example_trigger_target_dag to None, run_after=None
[2022-09-24T19:56:41.500+0000] {processor.py:178} INFO - Processing /home/airflow/.local/lib/python3.7/site-packages/airflow/example_dags/example_trigger_target_dag.py took 0.288 seconds
[2022-09-24T19:57:11.956+0000] {processor.py:156} INFO - Started process (PID=2627) to work on /home/airflow/.local/lib/python3.7/site-packages/airflow/example_dags/example_trigger_target_dag.py
[2022-09-24T19:57:11.962+0000] {processor.py:758} INFO - Processing file /home/airflow/.local/lib/python3.7/site-packages/airflow/example_dags/example_trigger_target_dag.py for tasks to queue
[2022-09-24T19:57:11.970+0000] {logging_mixin.py:117} INFO - [2022-09-24T19:57:11.969+0000] {dagbag.py:525} INFO - Filling up the DagBag from /home/airflow/.local/lib/python3.7/site-packages/airflow/example_dags/example_trigger_target_dag.py
[2022-09-24T19:57:12.041+0000] {processor.py:768} INFO - DAG(s) dict_keys(['example_trigger_target_dag']) retrieved from /home/airflow/.local/lib/python3.7/site-packages/airflow/example_dags/example_trigger_target_dag.py
[2022-09-24T19:57:12.162+0000] {logging_mixin.py:117} INFO - [2022-09-24T19:57:12.162+0000] {dag.py:2573} INFO - Sync 1 DAGs
[2022-09-24T19:57:12.211+0000] {logging_mixin.py:117} INFO - [2022-09-24T19:57:12.211+0000] {dag.py:3328} INFO - Setting next_dagrun for example_trigger_target_dag to None, run_after=None
[2022-09-24T19:57:12.251+0000] {processor.py:178} INFO - Processing /home/airflow/.local/lib/python3.7/site-packages/airflow/example_dags/example_trigger_target_dag.py took 0.309 seconds
[2022-09-24T19:57:42.645+0000] {processor.py:156} INFO - Started process (PID=2825) to work on /home/airflow/.local/lib/python3.7/site-packages/airflow/example_dags/example_trigger_target_dag.py
[2022-09-24T19:57:42.651+0000] {processor.py:758} INFO - Processing file /home/airflow/.local/lib/python3.7/site-packages/airflow/example_dags/example_trigger_target_dag.py for tasks to queue
[2022-09-24T19:57:42.658+0000] {logging_mixin.py:117} INFO - [2022-09-24T19:57:42.657+0000] {dagbag.py:525} INFO - Filling up the DagBag from /home/airflow/.local/lib/python3.7/site-packages/airflow/example_dags/example_trigger_target_dag.py
[2022-09-24T19:57:42.718+0000] {processor.py:768} INFO - DAG(s) dict_keys(['example_trigger_target_dag']) retrieved from /home/airflow/.local/lib/python3.7/site-packages/airflow/example_dags/example_trigger_target_dag.py
[2022-09-24T19:57:42.814+0000] {logging_mixin.py:117} INFO - [2022-09-24T19:57:42.814+0000] {dag.py:2573} INFO - Sync 1 DAGs
[2022-09-24T19:57:42.866+0000] {logging_mixin.py:117} INFO - [2022-09-24T19:57:42.865+0000] {dag.py:3328} INFO - Setting next_dagrun for example_trigger_target_dag to None, run_after=None
[2022-09-24T19:57:42.930+0000] {processor.py:178} INFO - Processing /home/airflow/.local/lib/python3.7/site-packages/airflow/example_dags/example_trigger_target_dag.py took 0.303 seconds
[2022-09-24T19:58:13.326+0000] {processor.py:156} INFO - Started process (PID=3024) to work on /home/airflow/.local/lib/python3.7/site-packages/airflow/example_dags/example_trigger_target_dag.py
[2022-09-24T19:58:13.332+0000] {processor.py:758} INFO - Processing file /home/airflow/.local/lib/python3.7/site-packages/airflow/example_dags/example_trigger_target_dag.py for tasks to queue
[2022-09-24T19:58:13.338+0000] {logging_mixin.py:117} INFO - [2022-09-24T19:58:13.336+0000] {dagbag.py:525} INFO - Filling up the DagBag from /home/airflow/.local/lib/python3.7/site-packages/airflow/example_dags/example_trigger_target_dag.py
[2022-09-24T19:58:13.419+0000] {processor.py:768} INFO - DAG(s) dict_keys(['example_trigger_target_dag']) retrieved from /home/airflow/.local/lib/python3.7/site-packages/airflow/example_dags/example_trigger_target_dag.py
[2022-09-24T19:58:13.552+0000] {logging_mixin.py:117} INFO - [2022-09-24T19:58:13.551+0000] {dag.py:2573} INFO - Sync 1 DAGs
[2022-09-24T19:58:13.629+0000] {logging_mixin.py:117} INFO - [2022-09-24T19:58:13.628+0000] {dag.py:3328} INFO - Setting next_dagrun for example_trigger_target_dag to None, run_after=None
[2022-09-24T19:58:13.694+0000] {processor.py:178} INFO - Processing /home/airflow/.local/lib/python3.7/site-packages/airflow/example_dags/example_trigger_target_dag.py took 0.378 seconds
[2022-09-24T19:58:44.565+0000] {processor.py:156} INFO - Started process (PID=3222) to work on /home/airflow/.local/lib/python3.7/site-packages/airflow/example_dags/example_trigger_target_dag.py
[2022-09-24T19:58:44.568+0000] {processor.py:758} INFO - Processing file /home/airflow/.local/lib/python3.7/site-packages/airflow/example_dags/example_trigger_target_dag.py for tasks to queue
[2022-09-24T19:58:44.572+0000] {logging_mixin.py:117} INFO - [2022-09-24T19:58:44.572+0000] {dagbag.py:525} INFO - Filling up the DagBag from /home/airflow/.local/lib/python3.7/site-packages/airflow/example_dags/example_trigger_target_dag.py
[2022-09-24T19:58:44.630+0000] {processor.py:768} INFO - DAG(s) dict_keys(['example_trigger_target_dag']) retrieved from /home/airflow/.local/lib/python3.7/site-packages/airflow/example_dags/example_trigger_target_dag.py
[2022-09-24T19:58:44.734+0000] {logging_mixin.py:117} INFO - [2022-09-24T19:58:44.733+0000] {dag.py:2573} INFO - Sync 1 DAGs
[2022-09-24T19:58:44.795+0000] {logging_mixin.py:117} INFO - [2022-09-24T19:58:44.795+0000] {dag.py:3328} INFO - Setting next_dagrun for example_trigger_target_dag to None, run_after=None
[2022-09-24T19:58:44.839+0000] {processor.py:178} INFO - Processing /home/airflow/.local/lib/python3.7/site-packages/airflow/example_dags/example_trigger_target_dag.py took 0.291 seconds
[2022-09-24T19:59:15.414+0000] {processor.py:156} INFO - Started process (PID=3418) to work on /home/airflow/.local/lib/python3.7/site-packages/airflow/example_dags/example_trigger_target_dag.py
[2022-09-24T19:59:15.421+0000] {processor.py:758} INFO - Processing file /home/airflow/.local/lib/python3.7/site-packages/airflow/example_dags/example_trigger_target_dag.py for tasks to queue
[2022-09-24T19:59:15.427+0000] {logging_mixin.py:117} INFO - [2022-09-24T19:59:15.426+0000] {dagbag.py:525} INFO - Filling up the DagBag from /home/airflow/.local/lib/python3.7/site-packages/airflow/example_dags/example_trigger_target_dag.py
[2022-09-24T19:59:15.517+0000] {processor.py:768} INFO - DAG(s) dict_keys(['example_trigger_target_dag']) retrieved from /home/airflow/.local/lib/python3.7/site-packages/airflow/example_dags/example_trigger_target_dag.py
[2022-09-24T19:59:15.636+0000] {logging_mixin.py:117} INFO - [2022-09-24T19:59:15.636+0000] {dag.py:2573} INFO - Sync 1 DAGs
[2022-09-24T19:59:15.728+0000] {logging_mixin.py:117} INFO - [2022-09-24T19:59:15.728+0000] {dag.py:3328} INFO - Setting next_dagrun for example_trigger_target_dag to None, run_after=None
[2022-09-24T19:59:15.799+0000] {processor.py:178} INFO - Processing /home/airflow/.local/lib/python3.7/site-packages/airflow/example_dags/example_trigger_target_dag.py took 0.427 seconds
[2022-09-24T19:59:46.165+0000] {processor.py:156} INFO - Started process (PID=3612) to work on /home/airflow/.local/lib/python3.7/site-packages/airflow/example_dags/example_trigger_target_dag.py
[2022-09-24T19:59:46.169+0000] {processor.py:758} INFO - Processing file /home/airflow/.local/lib/python3.7/site-packages/airflow/example_dags/example_trigger_target_dag.py for tasks to queue
[2022-09-24T19:59:46.174+0000] {logging_mixin.py:117} INFO - [2022-09-24T19:59:46.173+0000] {dagbag.py:525} INFO - Filling up the DagBag from /home/airflow/.local/lib/python3.7/site-packages/airflow/example_dags/example_trigger_target_dag.py
[2022-09-24T19:59:46.315+0000] {processor.py:768} INFO - DAG(s) dict_keys(['example_trigger_target_dag']) retrieved from /home/airflow/.local/lib/python3.7/site-packages/airflow/example_dags/example_trigger_target_dag.py
[2022-09-24T19:59:46.526+0000] {logging_mixin.py:117} INFO - [2022-09-24T19:59:46.526+0000] {dag.py:2573} INFO - Sync 1 DAGs
[2022-09-24T19:59:46.661+0000] {logging_mixin.py:117} INFO - [2022-09-24T19:59:46.660+0000] {dag.py:3328} INFO - Setting next_dagrun for example_trigger_target_dag to None, run_after=None
[2022-09-24T19:59:46.837+0000] {processor.py:178} INFO - Processing /home/airflow/.local/lib/python3.7/site-packages/airflow/example_dags/example_trigger_target_dag.py took 0.716 seconds
[2022-09-24T20:00:17.825+0000] {processor.py:156} INFO - Started process (PID=3810) to work on /home/airflow/.local/lib/python3.7/site-packages/airflow/example_dags/example_trigger_target_dag.py
[2022-09-24T20:00:17.833+0000] {processor.py:758} INFO - Processing file /home/airflow/.local/lib/python3.7/site-packages/airflow/example_dags/example_trigger_target_dag.py for tasks to queue
[2022-09-24T20:00:17.843+0000] {logging_mixin.py:117} INFO - [2022-09-24T20:00:17.843+0000] {dagbag.py:525} INFO - Filling up the DagBag from /home/airflow/.local/lib/python3.7/site-packages/airflow/example_dags/example_trigger_target_dag.py
[2022-09-24T20:00:17.984+0000] {processor.py:768} INFO - DAG(s) dict_keys(['example_trigger_target_dag']) retrieved from /home/airflow/.local/lib/python3.7/site-packages/airflow/example_dags/example_trigger_target_dag.py
[2022-09-24T20:00:18.103+0000] {logging_mixin.py:117} INFO - [2022-09-24T20:00:18.103+0000] {dag.py:2573} INFO - Sync 1 DAGs
[2022-09-24T20:00:18.173+0000] {logging_mixin.py:117} INFO - [2022-09-24T20:00:18.172+0000] {dag.py:3328} INFO - Setting next_dagrun for example_trigger_target_dag to None, run_after=None
[2022-09-24T20:00:18.239+0000] {processor.py:178} INFO - Processing /home/airflow/.local/lib/python3.7/site-packages/airflow/example_dags/example_trigger_target_dag.py took 0.434 seconds
[2022-09-24T20:00:49.867+0000] {processor.py:156} INFO - Started process (PID=4017) to work on /home/airflow/.local/lib/python3.7/site-packages/airflow/example_dags/example_trigger_target_dag.py
[2022-09-24T20:00:49.871+0000] {processor.py:758} INFO - Processing file /home/airflow/.local/lib/python3.7/site-packages/airflow/example_dags/example_trigger_target_dag.py for tasks to queue
[2022-09-24T20:00:49.875+0000] {logging_mixin.py:117} INFO - [2022-09-24T20:00:49.874+0000] {dagbag.py:525} INFO - Filling up the DagBag from /home/airflow/.local/lib/python3.7/site-packages/airflow/example_dags/example_trigger_target_dag.py
[2022-09-24T20:00:50.329+0000] {processor.py:768} INFO - DAG(s) dict_keys(['example_trigger_target_dag']) retrieved from /home/airflow/.local/lib/python3.7/site-packages/airflow/example_dags/example_trigger_target_dag.py
[2022-09-24T20:00:51.225+0000] {logging_mixin.py:117} INFO - [2022-09-24T20:00:51.224+0000] {dag.py:2573} INFO - Sync 1 DAGs
[2022-09-24T20:00:51.475+0000] {logging_mixin.py:117} INFO - [2022-09-24T20:00:51.475+0000] {dag.py:3328} INFO - Setting next_dagrun for example_trigger_target_dag to None, run_after=None
[2022-09-24T20:00:51.619+0000] {processor.py:178} INFO - Processing /home/airflow/.local/lib/python3.7/site-packages/airflow/example_dags/example_trigger_target_dag.py took 1.770 seconds
[2022-09-24T20:01:22.729+0000] {processor.py:156} INFO - Started process (PID=4215) to work on /home/airflow/.local/lib/python3.7/site-packages/airflow/example_dags/example_trigger_target_dag.py
[2022-09-24T20:01:22.754+0000] {processor.py:758} INFO - Processing file /home/airflow/.local/lib/python3.7/site-packages/airflow/example_dags/example_trigger_target_dag.py for tasks to queue
[2022-09-24T20:01:22.757+0000] {logging_mixin.py:117} INFO - [2022-09-24T20:01:22.757+0000] {dagbag.py:525} INFO - Filling up the DagBag from /home/airflow/.local/lib/python3.7/site-packages/airflow/example_dags/example_trigger_target_dag.py
[2022-09-24T20:01:22.950+0000] {processor.py:768} INFO - DAG(s) dict_keys(['example_trigger_target_dag']) retrieved from /home/airflow/.local/lib/python3.7/site-packages/airflow/example_dags/example_trigger_target_dag.py
[2022-09-24T20:01:23.268+0000] {logging_mixin.py:117} INFO - [2022-09-24T20:01:23.267+0000] {dag.py:2573} INFO - Sync 1 DAGs
[2022-09-24T20:01:23.366+0000] {logging_mixin.py:117} INFO - [2022-09-24T20:01:23.366+0000] {dag.py:3328} INFO - Setting next_dagrun for example_trigger_target_dag to None, run_after=None
[2022-09-24T20:01:23.437+0000] {processor.py:178} INFO - Processing /home/airflow/.local/lib/python3.7/site-packages/airflow/example_dags/example_trigger_target_dag.py took 0.734 seconds
[2022-09-24T20:01:53.667+0000] {processor.py:156} INFO - Started process (PID=4413) to work on /home/airflow/.local/lib/python3.7/site-packages/airflow/example_dags/example_trigger_target_dag.py
[2022-09-24T20:01:53.679+0000] {processor.py:758} INFO - Processing file /home/airflow/.local/lib/python3.7/site-packages/airflow/example_dags/example_trigger_target_dag.py for tasks to queue
[2022-09-24T20:01:53.686+0000] {logging_mixin.py:117} INFO - [2022-09-24T20:01:53.686+0000] {dagbag.py:525} INFO - Filling up the DagBag from /home/airflow/.local/lib/python3.7/site-packages/airflow/example_dags/example_trigger_target_dag.py
[2022-09-24T20:01:53.779+0000] {processor.py:768} INFO - DAG(s) dict_keys(['example_trigger_target_dag']) retrieved from /home/airflow/.local/lib/python3.7/site-packages/airflow/example_dags/example_trigger_target_dag.py
[2022-09-24T20:01:53.866+0000] {logging_mixin.py:117} INFO - [2022-09-24T20:01:53.865+0000] {dag.py:2573} INFO - Sync 1 DAGs
[2022-09-24T20:01:53.916+0000] {logging_mixin.py:117} INFO - [2022-09-24T20:01:53.916+0000] {dag.py:3328} INFO - Setting next_dagrun for example_trigger_target_dag to None, run_after=None
[2022-09-24T20:01:53.956+0000] {processor.py:178} INFO - Processing /home/airflow/.local/lib/python3.7/site-packages/airflow/example_dags/example_trigger_target_dag.py took 0.303 seconds
[2022-09-24T20:02:24.237+0000] {processor.py:156} INFO - Started process (PID=4605) to work on /home/airflow/.local/lib/python3.7/site-packages/airflow/example_dags/example_trigger_target_dag.py
[2022-09-24T20:02:24.242+0000] {processor.py:758} INFO - Processing file /home/airflow/.local/lib/python3.7/site-packages/airflow/example_dags/example_trigger_target_dag.py for tasks to queue
[2022-09-24T20:02:24.245+0000] {logging_mixin.py:117} INFO - [2022-09-24T20:02:24.245+0000] {dagbag.py:525} INFO - Filling up the DagBag from /home/airflow/.local/lib/python3.7/site-packages/airflow/example_dags/example_trigger_target_dag.py
[2022-09-24T20:02:24.302+0000] {processor.py:768} INFO - DAG(s) dict_keys(['example_trigger_target_dag']) retrieved from /home/airflow/.local/lib/python3.7/site-packages/airflow/example_dags/example_trigger_target_dag.py
[2022-09-24T20:02:24.394+0000] {logging_mixin.py:117} INFO - [2022-09-24T20:02:24.393+0000] {dag.py:2573} INFO - Sync 1 DAGs
[2022-09-24T20:02:24.455+0000] {logging_mixin.py:117} INFO - [2022-09-24T20:02:24.455+0000] {dag.py:3328} INFO - Setting next_dagrun for example_trigger_target_dag to None, run_after=None
[2022-09-24T20:02:24.502+0000] {processor.py:178} INFO - Processing /home/airflow/.local/lib/python3.7/site-packages/airflow/example_dags/example_trigger_target_dag.py took 0.273 seconds
[2022-09-24T20:02:55.061+0000] {processor.py:156} INFO - Started process (PID=4812) to work on /home/airflow/.local/lib/python3.7/site-packages/airflow/example_dags/example_trigger_target_dag.py
[2022-09-24T20:02:55.077+0000] {processor.py:758} INFO - Processing file /home/airflow/.local/lib/python3.7/site-packages/airflow/example_dags/example_trigger_target_dag.py for tasks to queue
[2022-09-24T20:02:55.080+0000] {logging_mixin.py:117} INFO - [2022-09-24T20:02:55.079+0000] {dagbag.py:525} INFO - Filling up the DagBag from /home/airflow/.local/lib/python3.7/site-packages/airflow/example_dags/example_trigger_target_dag.py
[2022-09-24T20:02:55.190+0000] {processor.py:768} INFO - DAG(s) dict_keys(['example_trigger_target_dag']) retrieved from /home/airflow/.local/lib/python3.7/site-packages/airflow/example_dags/example_trigger_target_dag.py
[2022-09-24T20:02:55.284+0000] {logging_mixin.py:117} INFO - [2022-09-24T20:02:55.284+0000] {dag.py:2573} INFO - Sync 1 DAGs
[2022-09-24T20:02:55.342+0000] {logging_mixin.py:117} INFO - [2022-09-24T20:02:55.342+0000] {dag.py:3328} INFO - Setting next_dagrun for example_trigger_target_dag to None, run_after=None
[2022-09-24T20:02:55.406+0000] {processor.py:178} INFO - Processing /home/airflow/.local/lib/python3.7/site-packages/airflow/example_dags/example_trigger_target_dag.py took 0.351 seconds
[2022-09-24T20:03:29.316+0000] {processor.py:156} INFO - Started process (PID=5011) to work on /home/airflow/.local/lib/python3.7/site-packages/airflow/example_dags/example_trigger_target_dag.py
[2022-09-24T20:03:29.323+0000] {processor.py:758} INFO - Processing file /home/airflow/.local/lib/python3.7/site-packages/airflow/example_dags/example_trigger_target_dag.py for tasks to queue
[2022-09-24T20:03:29.340+0000] {logging_mixin.py:117} INFO - [2022-09-24T20:03:29.340+0000] {dagbag.py:525} INFO - Filling up the DagBag from /home/airflow/.local/lib/python3.7/site-packages/airflow/example_dags/example_trigger_target_dag.py
[2022-09-24T20:03:29.661+0000] {processor.py:768} INFO - DAG(s) dict_keys(['example_trigger_target_dag']) retrieved from /home/airflow/.local/lib/python3.7/site-packages/airflow/example_dags/example_trigger_target_dag.py
[2022-09-24T20:03:30.473+0000] {logging_mixin.py:117} INFO - [2022-09-24T20:03:30.464+0000] {dag.py:2573} INFO - Sync 1 DAGs
[2022-09-24T20:03:30.969+0000] {logging_mixin.py:117} INFO - [2022-09-24T20:03:30.968+0000] {dag.py:3328} INFO - Setting next_dagrun for example_trigger_target_dag to None, run_after=None
[2022-09-24T20:03:31.210+0000] {processor.py:178} INFO - Processing /home/airflow/.local/lib/python3.7/site-packages/airflow/example_dags/example_trigger_target_dag.py took 1.937 seconds
[2022-09-24T20:04:02.405+0000] {processor.py:156} INFO - Started process (PID=5211) to work on /home/airflow/.local/lib/python3.7/site-packages/airflow/example_dags/example_trigger_target_dag.py
[2022-09-24T20:04:02.414+0000] {processor.py:758} INFO - Processing file /home/airflow/.local/lib/python3.7/site-packages/airflow/example_dags/example_trigger_target_dag.py for tasks to queue
[2022-09-24T20:04:02.423+0000] {logging_mixin.py:117} INFO - [2022-09-24T20:04:02.421+0000] {dagbag.py:525} INFO - Filling up the DagBag from /home/airflow/.local/lib/python3.7/site-packages/airflow/example_dags/example_trigger_target_dag.py
[2022-09-24T20:04:02.553+0000] {processor.py:768} INFO - DAG(s) dict_keys(['example_trigger_target_dag']) retrieved from /home/airflow/.local/lib/python3.7/site-packages/airflow/example_dags/example_trigger_target_dag.py
[2022-09-24T20:04:02.627+0000] {logging_mixin.py:117} INFO - [2022-09-24T20:04:02.627+0000] {dag.py:2573} INFO - Sync 1 DAGs
[2022-09-24T20:04:02.757+0000] {logging_mixin.py:117} INFO - [2022-09-24T20:04:02.757+0000] {dag.py:3328} INFO - Setting next_dagrun for example_trigger_target_dag to None, run_after=None
[2022-09-24T20:04:02.827+0000] {processor.py:178} INFO - Processing /home/airflow/.local/lib/python3.7/site-packages/airflow/example_dags/example_trigger_target_dag.py took 0.447 seconds
[2022-09-24T20:04:32.915+0000] {processor.py:156} INFO - Started process (PID=5409) to work on /home/airflow/.local/lib/python3.7/site-packages/airflow/example_dags/example_trigger_target_dag.py
[2022-09-24T20:04:32.923+0000] {processor.py:758} INFO - Processing file /home/airflow/.local/lib/python3.7/site-packages/airflow/example_dags/example_trigger_target_dag.py for tasks to queue
[2022-09-24T20:04:32.929+0000] {logging_mixin.py:117} INFO - [2022-09-24T20:04:32.928+0000] {dagbag.py:525} INFO - Filling up the DagBag from /home/airflow/.local/lib/python3.7/site-packages/airflow/example_dags/example_trigger_target_dag.py
[2022-09-24T20:04:32.997+0000] {processor.py:768} INFO - DAG(s) dict_keys(['example_trigger_target_dag']) retrieved from /home/airflow/.local/lib/python3.7/site-packages/airflow/example_dags/example_trigger_target_dag.py
[2022-09-24T20:04:33.123+0000] {logging_mixin.py:117} INFO - [2022-09-24T20:04:33.123+0000] {dag.py:2573} INFO - Sync 1 DAGs
[2022-09-24T20:04:33.183+0000] {logging_mixin.py:117} INFO - [2022-09-24T20:04:33.182+0000] {dag.py:3328} INFO - Setting next_dagrun for example_trigger_target_dag to None, run_after=None
[2022-09-24T20:04:33.232+0000] {processor.py:178} INFO - Processing /home/airflow/.local/lib/python3.7/site-packages/airflow/example_dags/example_trigger_target_dag.py took 0.331 seconds
[2022-09-24T20:05:03.454+0000] {processor.py:156} INFO - Started process (PID=5614) to work on /home/airflow/.local/lib/python3.7/site-packages/airflow/example_dags/example_trigger_target_dag.py
[2022-09-24T20:05:03.468+0000] {processor.py:758} INFO - Processing file /home/airflow/.local/lib/python3.7/site-packages/airflow/example_dags/example_trigger_target_dag.py for tasks to queue
[2022-09-24T20:05:03.477+0000] {logging_mixin.py:117} INFO - [2022-09-24T20:05:03.477+0000] {dagbag.py:525} INFO - Filling up the DagBag from /home/airflow/.local/lib/python3.7/site-packages/airflow/example_dags/example_trigger_target_dag.py
[2022-09-24T20:05:03.589+0000] {processor.py:768} INFO - DAG(s) dict_keys(['example_trigger_target_dag']) retrieved from /home/airflow/.local/lib/python3.7/site-packages/airflow/example_dags/example_trigger_target_dag.py
[2022-09-24T20:05:03.993+0000] {logging_mixin.py:117} INFO - [2022-09-24T20:05:03.993+0000] {dag.py:2573} INFO - Sync 1 DAGs
[2022-09-24T20:05:04.128+0000] {logging_mixin.py:117} INFO - [2022-09-24T20:05:04.128+0000] {dag.py:3328} INFO - Setting next_dagrun for example_trigger_target_dag to None, run_after=None
[2022-09-24T20:05:04.277+0000] {processor.py:178} INFO - Processing /home/airflow/.local/lib/python3.7/site-packages/airflow/example_dags/example_trigger_target_dag.py took 0.834 seconds
[2022-09-24T20:05:34.917+0000] {processor.py:156} INFO - Started process (PID=5815) to work on /home/airflow/.local/lib/python3.7/site-packages/airflow/example_dags/example_trigger_target_dag.py
[2022-09-24T20:05:34.923+0000] {processor.py:758} INFO - Processing file /home/airflow/.local/lib/python3.7/site-packages/airflow/example_dags/example_trigger_target_dag.py for tasks to queue
[2022-09-24T20:05:34.926+0000] {logging_mixin.py:117} INFO - [2022-09-24T20:05:34.926+0000] {dagbag.py:525} INFO - Filling up the DagBag from /home/airflow/.local/lib/python3.7/site-packages/airflow/example_dags/example_trigger_target_dag.py
[2022-09-24T20:05:35.086+0000] {processor.py:768} INFO - DAG(s) dict_keys(['example_trigger_target_dag']) retrieved from /home/airflow/.local/lib/python3.7/site-packages/airflow/example_dags/example_trigger_target_dag.py
[2022-09-24T20:05:35.647+0000] {logging_mixin.py:117} INFO - [2022-09-24T20:05:35.647+0000] {dag.py:2573} INFO - Sync 1 DAGs
[2022-09-24T20:05:35.910+0000] {logging_mixin.py:117} INFO - [2022-09-24T20:05:35.910+0000] {dag.py:3328} INFO - Setting next_dagrun for example_trigger_target_dag to None, run_after=None
[2022-09-24T20:05:36.069+0000] {processor.py:178} INFO - Processing /home/airflow/.local/lib/python3.7/site-packages/airflow/example_dags/example_trigger_target_dag.py took 1.179 seconds
[2022-09-24T20:06:06.285+0000] {processor.py:156} INFO - Started process (PID=6011) to work on /home/airflow/.local/lib/python3.7/site-packages/airflow/example_dags/example_trigger_target_dag.py
[2022-09-24T20:06:06.296+0000] {processor.py:758} INFO - Processing file /home/airflow/.local/lib/python3.7/site-packages/airflow/example_dags/example_trigger_target_dag.py for tasks to queue
[2022-09-24T20:06:06.315+0000] {logging_mixin.py:117} INFO - [2022-09-24T20:06:06.303+0000] {dagbag.py:525} INFO - Filling up the DagBag from /home/airflow/.local/lib/python3.7/site-packages/airflow/example_dags/example_trigger_target_dag.py
[2022-09-24T20:06:06.437+0000] {processor.py:768} INFO - DAG(s) dict_keys(['example_trigger_target_dag']) retrieved from /home/airflow/.local/lib/python3.7/site-packages/airflow/example_dags/example_trigger_target_dag.py
[2022-09-24T20:06:06.676+0000] {logging_mixin.py:117} INFO - [2022-09-24T20:06:06.676+0000] {dag.py:2573} INFO - Sync 1 DAGs
[2022-09-24T20:06:06.778+0000] {logging_mixin.py:117} INFO - [2022-09-24T20:06:06.778+0000] {dag.py:3328} INFO - Setting next_dagrun for example_trigger_target_dag to None, run_after=None
[2022-09-24T20:06:06.830+0000] {processor.py:178} INFO - Processing /home/airflow/.local/lib/python3.7/site-packages/airflow/example_dags/example_trigger_target_dag.py took 0.552 seconds
[2022-09-24T20:06:37.092+0000] {processor.py:156} INFO - Started process (PID=6206) to work on /home/airflow/.local/lib/python3.7/site-packages/airflow/example_dags/example_trigger_target_dag.py
[2022-09-24T20:06:37.095+0000] {processor.py:758} INFO - Processing file /home/airflow/.local/lib/python3.7/site-packages/airflow/example_dags/example_trigger_target_dag.py for tasks to queue
[2022-09-24T20:06:37.098+0000] {logging_mixin.py:117} INFO - [2022-09-24T20:06:37.097+0000] {dagbag.py:525} INFO - Filling up the DagBag from /home/airflow/.local/lib/python3.7/site-packages/airflow/example_dags/example_trigger_target_dag.py
[2022-09-24T20:06:37.168+0000] {processor.py:768} INFO - DAG(s) dict_keys(['example_trigger_target_dag']) retrieved from /home/airflow/.local/lib/python3.7/site-packages/airflow/example_dags/example_trigger_target_dag.py
[2022-09-24T20:06:37.275+0000] {logging_mixin.py:117} INFO - [2022-09-24T20:06:37.274+0000] {dag.py:2573} INFO - Sync 1 DAGs
[2022-09-24T20:06:37.347+0000] {logging_mixin.py:117} INFO - [2022-09-24T20:06:37.347+0000] {dag.py:3328} INFO - Setting next_dagrun for example_trigger_target_dag to None, run_after=None
[2022-09-24T20:06:37.398+0000] {processor.py:178} INFO - Processing /home/airflow/.local/lib/python3.7/site-packages/airflow/example_dags/example_trigger_target_dag.py took 0.333 seconds
[2022-09-24T20:07:08.085+0000] {processor.py:156} INFO - Started process (PID=6409) to work on /home/airflow/.local/lib/python3.7/site-packages/airflow/example_dags/example_trigger_target_dag.py
[2022-09-24T20:07:08.090+0000] {processor.py:758} INFO - Processing file /home/airflow/.local/lib/python3.7/site-packages/airflow/example_dags/example_trigger_target_dag.py for tasks to queue
[2022-09-24T20:07:08.093+0000] {logging_mixin.py:117} INFO - [2022-09-24T20:07:08.093+0000] {dagbag.py:525} INFO - Filling up the DagBag from /home/airflow/.local/lib/python3.7/site-packages/airflow/example_dags/example_trigger_target_dag.py
[2022-09-24T20:07:08.148+0000] {processor.py:768} INFO - DAG(s) dict_keys(['example_trigger_target_dag']) retrieved from /home/airflow/.local/lib/python3.7/site-packages/airflow/example_dags/example_trigger_target_dag.py
[2022-09-24T20:07:08.234+0000] {logging_mixin.py:117} INFO - [2022-09-24T20:07:08.234+0000] {dag.py:2573} INFO - Sync 1 DAGs
[2022-09-24T20:07:08.282+0000] {logging_mixin.py:117} INFO - [2022-09-24T20:07:08.282+0000] {dag.py:3328} INFO - Setting next_dagrun for example_trigger_target_dag to None, run_after=None
[2022-09-24T20:07:08.323+0000] {processor.py:178} INFO - Processing /home/airflow/.local/lib/python3.7/site-packages/airflow/example_dags/example_trigger_target_dag.py took 0.247 seconds
[2022-09-24T20:07:39.222+0000] {processor.py:156} INFO - Started process (PID=6605) to work on /home/airflow/.local/lib/python3.7/site-packages/airflow/example_dags/example_trigger_target_dag.py
[2022-09-24T20:07:39.227+0000] {processor.py:758} INFO - Processing file /home/airflow/.local/lib/python3.7/site-packages/airflow/example_dags/example_trigger_target_dag.py for tasks to queue
[2022-09-24T20:07:39.240+0000] {logging_mixin.py:117} INFO - [2022-09-24T20:07:39.240+0000] {dagbag.py:525} INFO - Filling up the DagBag from /home/airflow/.local/lib/python3.7/site-packages/airflow/example_dags/example_trigger_target_dag.py
[2022-09-24T20:07:39.302+0000] {processor.py:768} INFO - DAG(s) dict_keys(['example_trigger_target_dag']) retrieved from /home/airflow/.local/lib/python3.7/site-packages/airflow/example_dags/example_trigger_target_dag.py
[2022-09-24T20:07:39.387+0000] {logging_mixin.py:117} INFO - [2022-09-24T20:07:39.387+0000] {dag.py:2573} INFO - Sync 1 DAGs
[2022-09-24T20:07:39.443+0000] {logging_mixin.py:117} INFO - [2022-09-24T20:07:39.442+0000] {dag.py:3328} INFO - Setting next_dagrun for example_trigger_target_dag to None, run_after=None
[2022-09-24T20:07:39.481+0000] {processor.py:178} INFO - Processing /home/airflow/.local/lib/python3.7/site-packages/airflow/example_dags/example_trigger_target_dag.py took 0.277 seconds
[2022-09-24T20:08:10.293+0000] {processor.py:156} INFO - Started process (PID=6814) to work on /home/airflow/.local/lib/python3.7/site-packages/airflow/example_dags/example_trigger_target_dag.py
[2022-09-24T20:08:10.297+0000] {processor.py:758} INFO - Processing file /home/airflow/.local/lib/python3.7/site-packages/airflow/example_dags/example_trigger_target_dag.py for tasks to queue
[2022-09-24T20:08:10.300+0000] {logging_mixin.py:117} INFO - [2022-09-24T20:08:10.299+0000] {dagbag.py:525} INFO - Filling up the DagBag from /home/airflow/.local/lib/python3.7/site-packages/airflow/example_dags/example_trigger_target_dag.py
[2022-09-24T20:08:10.347+0000] {processor.py:768} INFO - DAG(s) dict_keys(['example_trigger_target_dag']) retrieved from /home/airflow/.local/lib/python3.7/site-packages/airflow/example_dags/example_trigger_target_dag.py
[2022-09-24T20:08:10.419+0000] {logging_mixin.py:117} INFO - [2022-09-24T20:08:10.418+0000] {dag.py:2573} INFO - Sync 1 DAGs
[2022-09-24T20:08:10.466+0000] {logging_mixin.py:117} INFO - [2022-09-24T20:08:10.466+0000] {dag.py:3328} INFO - Setting next_dagrun for example_trigger_target_dag to None, run_after=None
[2022-09-24T20:08:10.522+0000] {processor.py:178} INFO - Processing /home/airflow/.local/lib/python3.7/site-packages/airflow/example_dags/example_trigger_target_dag.py took 0.235 seconds
[2022-09-24T20:08:41.118+0000] {processor.py:156} INFO - Started process (PID=7011) to work on /home/airflow/.local/lib/python3.7/site-packages/airflow/example_dags/example_trigger_target_dag.py
[2022-09-24T20:08:41.123+0000] {processor.py:758} INFO - Processing file /home/airflow/.local/lib/python3.7/site-packages/airflow/example_dags/example_trigger_target_dag.py for tasks to queue
[2022-09-24T20:08:41.126+0000] {logging_mixin.py:117} INFO - [2022-09-24T20:08:41.125+0000] {dagbag.py:525} INFO - Filling up the DagBag from /home/airflow/.local/lib/python3.7/site-packages/airflow/example_dags/example_trigger_target_dag.py
[2022-09-24T20:08:41.181+0000] {processor.py:768} INFO - DAG(s) dict_keys(['example_trigger_target_dag']) retrieved from /home/airflow/.local/lib/python3.7/site-packages/airflow/example_dags/example_trigger_target_dag.py
[2022-09-24T20:08:41.251+0000] {logging_mixin.py:117} INFO - [2022-09-24T20:08:41.251+0000] {dag.py:2573} INFO - Sync 1 DAGs
[2022-09-24T20:08:41.301+0000] {logging_mixin.py:117} INFO - [2022-09-24T20:08:41.301+0000] {dag.py:3328} INFO - Setting next_dagrun for example_trigger_target_dag to None, run_after=None
[2022-09-24T20:08:41.339+0000] {processor.py:178} INFO - Processing /home/airflow/.local/lib/python3.7/site-packages/airflow/example_dags/example_trigger_target_dag.py took 0.227 seconds
[2022-09-24T20:09:11.677+0000] {processor.py:156} INFO - Started process (PID=7210) to work on /home/airflow/.local/lib/python3.7/site-packages/airflow/example_dags/example_trigger_target_dag.py
[2022-09-24T20:09:11.681+0000] {processor.py:758} INFO - Processing file /home/airflow/.local/lib/python3.7/site-packages/airflow/example_dags/example_trigger_target_dag.py for tasks to queue
[2022-09-24T20:09:11.686+0000] {logging_mixin.py:117} INFO - [2022-09-24T20:09:11.686+0000] {dagbag.py:525} INFO - Filling up the DagBag from /home/airflow/.local/lib/python3.7/site-packages/airflow/example_dags/example_trigger_target_dag.py
[2022-09-24T20:09:11.729+0000] {processor.py:768} INFO - DAG(s) dict_keys(['example_trigger_target_dag']) retrieved from /home/airflow/.local/lib/python3.7/site-packages/airflow/example_dags/example_trigger_target_dag.py
[2022-09-24T20:09:11.800+0000] {logging_mixin.py:117} INFO - [2022-09-24T20:09:11.800+0000] {dag.py:2573} INFO - Sync 1 DAGs
[2022-09-24T20:09:11.845+0000] {logging_mixin.py:117} INFO - [2022-09-24T20:09:11.845+0000] {dag.py:3328} INFO - Setting next_dagrun for example_trigger_target_dag to None, run_after=None
[2022-09-24T20:09:11.883+0000] {processor.py:178} INFO - Processing /home/airflow/.local/lib/python3.7/site-packages/airflow/example_dags/example_trigger_target_dag.py took 0.216 seconds
[2022-09-24T20:09:42.370+0000] {processor.py:156} INFO - Started process (PID=7420) to work on /home/airflow/.local/lib/python3.7/site-packages/airflow/example_dags/example_trigger_target_dag.py
[2022-09-24T20:09:42.373+0000] {processor.py:758} INFO - Processing file /home/airflow/.local/lib/python3.7/site-packages/airflow/example_dags/example_trigger_target_dag.py for tasks to queue
[2022-09-24T20:09:42.376+0000] {logging_mixin.py:117} INFO - [2022-09-24T20:09:42.376+0000] {dagbag.py:525} INFO - Filling up the DagBag from /home/airflow/.local/lib/python3.7/site-packages/airflow/example_dags/example_trigger_target_dag.py
[2022-09-24T20:09:42.426+0000] {processor.py:768} INFO - DAG(s) dict_keys(['example_trigger_target_dag']) retrieved from /home/airflow/.local/lib/python3.7/site-packages/airflow/example_dags/example_trigger_target_dag.py
[2022-09-24T20:09:42.498+0000] {logging_mixin.py:117} INFO - [2022-09-24T20:09:42.498+0000] {dag.py:2573} INFO - Sync 1 DAGs
[2022-09-24T20:09:42.541+0000] {logging_mixin.py:117} INFO - [2022-09-24T20:09:42.540+0000] {dag.py:3328} INFO - Setting next_dagrun for example_trigger_target_dag to None, run_after=None
[2022-09-24T20:09:42.580+0000] {processor.py:178} INFO - Processing /home/airflow/.local/lib/python3.7/site-packages/airflow/example_dags/example_trigger_target_dag.py took 0.214 seconds
[2022-09-24T20:10:13.098+0000] {processor.py:156} INFO - Started process (PID=7616) to work on /home/airflow/.local/lib/python3.7/site-packages/airflow/example_dags/example_trigger_target_dag.py
[2022-09-24T20:10:13.106+0000] {processor.py:758} INFO - Processing file /home/airflow/.local/lib/python3.7/site-packages/airflow/example_dags/example_trigger_target_dag.py for tasks to queue
[2022-09-24T20:10:13.109+0000] {logging_mixin.py:117} INFO - [2022-09-24T20:10:13.109+0000] {dagbag.py:525} INFO - Filling up the DagBag from /home/airflow/.local/lib/python3.7/site-packages/airflow/example_dags/example_trigger_target_dag.py
[2022-09-24T20:10:13.151+0000] {processor.py:768} INFO - DAG(s) dict_keys(['example_trigger_target_dag']) retrieved from /home/airflow/.local/lib/python3.7/site-packages/airflow/example_dags/example_trigger_target_dag.py
[2022-09-24T20:10:13.223+0000] {logging_mixin.py:117} INFO - [2022-09-24T20:10:13.223+0000] {dag.py:2573} INFO - Sync 1 DAGs
[2022-09-24T20:10:13.270+0000] {logging_mixin.py:117} INFO - [2022-09-24T20:10:13.270+0000] {dag.py:3328} INFO - Setting next_dagrun for example_trigger_target_dag to None, run_after=None
[2022-09-24T20:10:13.314+0000] {processor.py:178} INFO - Processing /home/airflow/.local/lib/python3.7/site-packages/airflow/example_dags/example_trigger_target_dag.py took 0.222 seconds
[2022-09-24T20:10:43.510+0000] {processor.py:156} INFO - Started process (PID=7823) to work on /home/airflow/.local/lib/python3.7/site-packages/airflow/example_dags/example_trigger_target_dag.py
[2022-09-24T20:10:43.514+0000] {processor.py:758} INFO - Processing file /home/airflow/.local/lib/python3.7/site-packages/airflow/example_dags/example_trigger_target_dag.py for tasks to queue
[2022-09-24T20:10:43.519+0000] {logging_mixin.py:117} INFO - [2022-09-24T20:10:43.519+0000] {dagbag.py:525} INFO - Filling up the DagBag from /home/airflow/.local/lib/python3.7/site-packages/airflow/example_dags/example_trigger_target_dag.py
[2022-09-24T20:10:43.581+0000] {processor.py:768} INFO - DAG(s) dict_keys(['example_trigger_target_dag']) retrieved from /home/airflow/.local/lib/python3.7/site-packages/airflow/example_dags/example_trigger_target_dag.py
[2022-09-24T20:10:43.675+0000] {logging_mixin.py:117} INFO - [2022-09-24T20:10:43.675+0000] {dag.py:2573} INFO - Sync 1 DAGs
[2022-09-24T20:10:43.739+0000] {logging_mixin.py:117} INFO - [2022-09-24T20:10:43.739+0000] {dag.py:3328} INFO - Setting next_dagrun for example_trigger_target_dag to None, run_after=None
[2022-09-24T20:10:43.783+0000] {processor.py:178} INFO - Processing /home/airflow/.local/lib/python3.7/site-packages/airflow/example_dags/example_trigger_target_dag.py took 0.287 seconds
[2022-09-24T20:11:13.951+0000] {processor.py:156} INFO - Started process (PID=8020) to work on /home/airflow/.local/lib/python3.7/site-packages/airflow/example_dags/example_trigger_target_dag.py
[2022-09-24T20:11:13.955+0000] {processor.py:758} INFO - Processing file /home/airflow/.local/lib/python3.7/site-packages/airflow/example_dags/example_trigger_target_dag.py for tasks to queue
[2022-09-24T20:11:13.968+0000] {logging_mixin.py:117} INFO - [2022-09-24T20:11:13.967+0000] {dagbag.py:525} INFO - Filling up the DagBag from /home/airflow/.local/lib/python3.7/site-packages/airflow/example_dags/example_trigger_target_dag.py
[2022-09-24T20:11:14.105+0000] {processor.py:768} INFO - DAG(s) dict_keys(['example_trigger_target_dag']) retrieved from /home/airflow/.local/lib/python3.7/site-packages/airflow/example_dags/example_trigger_target_dag.py
[2022-09-24T20:11:14.208+0000] {logging_mixin.py:117} INFO - [2022-09-24T20:11:14.208+0000] {dag.py:2573} INFO - Sync 1 DAGs
[2022-09-24T20:11:14.260+0000] {logging_mixin.py:117} INFO - [2022-09-24T20:11:14.260+0000] {dag.py:3328} INFO - Setting next_dagrun for example_trigger_target_dag to None, run_after=None
[2022-09-24T20:11:14.299+0000] {processor.py:178} INFO - Processing /home/airflow/.local/lib/python3.7/site-packages/airflow/example_dags/example_trigger_target_dag.py took 0.359 seconds
[2022-09-24T20:11:45.923+0000] {processor.py:156} INFO - Started process (PID=8218) to work on /home/airflow/.local/lib/python3.7/site-packages/airflow/example_dags/example_trigger_target_dag.py
[2022-09-24T20:11:45.942+0000] {processor.py:758} INFO - Processing file /home/airflow/.local/lib/python3.7/site-packages/airflow/example_dags/example_trigger_target_dag.py for tasks to queue
[2022-09-24T20:11:45.959+0000] {logging_mixin.py:117} INFO - [2022-09-24T20:11:45.958+0000] {dagbag.py:525} INFO - Filling up the DagBag from /home/airflow/.local/lib/python3.7/site-packages/airflow/example_dags/example_trigger_target_dag.py
[2022-09-24T20:11:46.140+0000] {processor.py:768} INFO - DAG(s) dict_keys(['example_trigger_target_dag']) retrieved from /home/airflow/.local/lib/python3.7/site-packages/airflow/example_dags/example_trigger_target_dag.py
[2022-09-24T20:11:46.329+0000] {logging_mixin.py:117} INFO - [2022-09-24T20:11:46.329+0000] {dag.py:2573} INFO - Sync 1 DAGs
[2022-09-24T20:11:46.426+0000] {logging_mixin.py:117} INFO - [2022-09-24T20:11:46.426+0000] {dag.py:3328} INFO - Setting next_dagrun for example_trigger_target_dag to None, run_after=None
[2022-09-24T20:11:46.481+0000] {processor.py:178} INFO - Processing /home/airflow/.local/lib/python3.7/site-packages/airflow/example_dags/example_trigger_target_dag.py took 0.579 seconds
[2022-09-24T20:12:17.898+0000] {processor.py:156} INFO - Started process (PID=8424) to work on /home/airflow/.local/lib/python3.7/site-packages/airflow/example_dags/example_trigger_target_dag.py
[2022-09-24T20:12:17.907+0000] {processor.py:758} INFO - Processing file /home/airflow/.local/lib/python3.7/site-packages/airflow/example_dags/example_trigger_target_dag.py for tasks to queue
[2022-09-24T20:12:17.921+0000] {logging_mixin.py:117} INFO - [2022-09-24T20:12:17.920+0000] {dagbag.py:525} INFO - Filling up the DagBag from /home/airflow/.local/lib/python3.7/site-packages/airflow/example_dags/example_trigger_target_dag.py
[2022-09-24T20:12:18.092+0000] {processor.py:768} INFO - DAG(s) dict_keys(['example_trigger_target_dag']) retrieved from /home/airflow/.local/lib/python3.7/site-packages/airflow/example_dags/example_trigger_target_dag.py
[2022-09-24T20:12:18.491+0000] {logging_mixin.py:117} INFO - [2022-09-24T20:12:18.491+0000] {dag.py:2573} INFO - Sync 1 DAGs
[2022-09-24T20:12:18.583+0000] {logging_mixin.py:117} INFO - [2022-09-24T20:12:18.583+0000] {dag.py:3328} INFO - Setting next_dagrun for example_trigger_target_dag to None, run_after=None
[2022-09-24T20:12:18.649+0000] {processor.py:178} INFO - Processing /home/airflow/.local/lib/python3.7/site-packages/airflow/example_dags/example_trigger_target_dag.py took 0.773 seconds
[2022-09-24T20:12:49.204+0000] {processor.py:156} INFO - Started process (PID=8618) to work on /home/airflow/.local/lib/python3.7/site-packages/airflow/example_dags/example_trigger_target_dag.py
[2022-09-24T20:12:49.213+0000] {processor.py:758} INFO - Processing file /home/airflow/.local/lib/python3.7/site-packages/airflow/example_dags/example_trigger_target_dag.py for tasks to queue
[2022-09-24T20:12:49.221+0000] {logging_mixin.py:117} INFO - [2022-09-24T20:12:49.220+0000] {dagbag.py:525} INFO - Filling up the DagBag from /home/airflow/.local/lib/python3.7/site-packages/airflow/example_dags/example_trigger_target_dag.py
[2022-09-24T20:12:49.324+0000] {processor.py:768} INFO - DAG(s) dict_keys(['example_trigger_target_dag']) retrieved from /home/airflow/.local/lib/python3.7/site-packages/airflow/example_dags/example_trigger_target_dag.py
[2022-09-24T20:12:49.424+0000] {logging_mixin.py:117} INFO - [2022-09-24T20:12:49.424+0000] {dag.py:2573} INFO - Sync 1 DAGs
[2022-09-24T20:12:49.503+0000] {logging_mixin.py:117} INFO - [2022-09-24T20:12:49.503+0000] {dag.py:3328} INFO - Setting next_dagrun for example_trigger_target_dag to None, run_after=None
[2022-09-24T20:12:49.558+0000] {processor.py:178} INFO - Processing /home/airflow/.local/lib/python3.7/site-packages/airflow/example_dags/example_trigger_target_dag.py took 0.363 seconds
[2022-09-24T20:13:21.814+0000] {processor.py:156} INFO - Started process (PID=8818) to work on /home/airflow/.local/lib/python3.7/site-packages/airflow/example_dags/example_trigger_target_dag.py
[2022-09-24T20:13:21.819+0000] {processor.py:758} INFO - Processing file /home/airflow/.local/lib/python3.7/site-packages/airflow/example_dags/example_trigger_target_dag.py for tasks to queue
[2022-09-24T20:13:21.832+0000] {logging_mixin.py:117} INFO - [2022-09-24T20:13:21.832+0000] {dagbag.py:525} INFO - Filling up the DagBag from /home/airflow/.local/lib/python3.7/site-packages/airflow/example_dags/example_trigger_target_dag.py
[2022-09-24T20:13:21.970+0000] {processor.py:768} INFO - DAG(s) dict_keys(['example_trigger_target_dag']) retrieved from /home/airflow/.local/lib/python3.7/site-packages/airflow/example_dags/example_trigger_target_dag.py
[2022-09-24T20:13:22.078+0000] {logging_mixin.py:117} INFO - [2022-09-24T20:13:22.078+0000] {dag.py:2573} INFO - Sync 1 DAGs
[2022-09-24T20:13:22.137+0000] {logging_mixin.py:117} INFO - [2022-09-24T20:13:22.136+0000] {dag.py:3328} INFO - Setting next_dagrun for example_trigger_target_dag to None, run_after=None
[2022-09-24T20:13:22.186+0000] {processor.py:178} INFO - Processing /home/airflow/.local/lib/python3.7/site-packages/airflow/example_dags/example_trigger_target_dag.py took 0.383 seconds
[2022-09-24T20:13:52.610+0000] {processor.py:156} INFO - Started process (PID=9016) to work on /home/airflow/.local/lib/python3.7/site-packages/airflow/example_dags/example_trigger_target_dag.py
[2022-09-24T20:13:52.613+0000] {processor.py:758} INFO - Processing file /home/airflow/.local/lib/python3.7/site-packages/airflow/example_dags/example_trigger_target_dag.py for tasks to queue
[2022-09-24T20:13:52.617+0000] {logging_mixin.py:117} INFO - [2022-09-24T20:13:52.617+0000] {dagbag.py:525} INFO - Filling up the DagBag from /home/airflow/.local/lib/python3.7/site-packages/airflow/example_dags/example_trigger_target_dag.py
[2022-09-24T20:13:52.664+0000] {processor.py:768} INFO - DAG(s) dict_keys(['example_trigger_target_dag']) retrieved from /home/airflow/.local/lib/python3.7/site-packages/airflow/example_dags/example_trigger_target_dag.py
[2022-09-24T20:13:52.741+0000] {logging_mixin.py:117} INFO - [2022-09-24T20:13:52.741+0000] {dag.py:2573} INFO - Sync 1 DAGs
[2022-09-24T20:13:52.789+0000] {logging_mixin.py:117} INFO - [2022-09-24T20:13:52.789+0000] {dag.py:3328} INFO - Setting next_dagrun for example_trigger_target_dag to None, run_after=None
[2022-09-24T20:13:52.832+0000] {processor.py:178} INFO - Processing /home/airflow/.local/lib/python3.7/site-packages/airflow/example_dags/example_trigger_target_dag.py took 0.231 seconds
[2022-09-24T20:14:29.413+0000] {processor.py:156} INFO - Started process (PID=9187) to work on /home/airflow/.local/lib/python3.7/site-packages/airflow/example_dags/example_trigger_target_dag.py
[2022-09-24T20:14:29.428+0000] {processor.py:758} INFO - Processing file /home/airflow/.local/lib/python3.7/site-packages/airflow/example_dags/example_trigger_target_dag.py for tasks to queue
[2022-09-24T20:14:29.435+0000] {logging_mixin.py:117} INFO - [2022-09-24T20:14:29.435+0000] {dagbag.py:525} INFO - Filling up the DagBag from /home/airflow/.local/lib/python3.7/site-packages/airflow/example_dags/example_trigger_target_dag.py
[2022-09-24T20:14:29.639+0000] {processor.py:768} INFO - DAG(s) dict_keys(['example_trigger_target_dag']) retrieved from /home/airflow/.local/lib/python3.7/site-packages/airflow/example_dags/example_trigger_target_dag.py
[2022-09-24T20:14:29.917+0000] {logging_mixin.py:117} INFO - [2022-09-24T20:14:29.916+0000] {dag.py:2573} INFO - Sync 1 DAGs
[2022-09-24T20:14:30.015+0000] {logging_mixin.py:117} INFO - [2022-09-24T20:14:30.015+0000] {dag.py:3328} INFO - Setting next_dagrun for example_trigger_target_dag to None, run_after=None
[2022-09-24T20:14:30.078+0000] {processor.py:178} INFO - Processing /home/airflow/.local/lib/python3.7/site-packages/airflow/example_dags/example_trigger_target_dag.py took 0.683 seconds
[2022-09-24T20:15:00.549+0000] {processor.py:156} INFO - Started process (PID=9385) to work on /home/airflow/.local/lib/python3.7/site-packages/airflow/example_dags/example_trigger_target_dag.py
[2022-09-24T20:15:00.555+0000] {processor.py:758} INFO - Processing file /home/airflow/.local/lib/python3.7/site-packages/airflow/example_dags/example_trigger_target_dag.py for tasks to queue
[2022-09-24T20:15:00.560+0000] {logging_mixin.py:117} INFO - [2022-09-24T20:15:00.559+0000] {dagbag.py:525} INFO - Filling up the DagBag from /home/airflow/.local/lib/python3.7/site-packages/airflow/example_dags/example_trigger_target_dag.py
[2022-09-24T20:15:00.640+0000] {processor.py:768} INFO - DAG(s) dict_keys(['example_trigger_target_dag']) retrieved from /home/airflow/.local/lib/python3.7/site-packages/airflow/example_dags/example_trigger_target_dag.py
[2022-09-24T20:15:00.795+0000] {logging_mixin.py:117} INFO - [2022-09-24T20:15:00.794+0000] {dag.py:2573} INFO - Sync 1 DAGs
[2022-09-24T20:15:00.872+0000] {logging_mixin.py:117} INFO - [2022-09-24T20:15:00.872+0000] {dag.py:3328} INFO - Setting next_dagrun for example_trigger_target_dag to None, run_after=None
[2022-09-24T20:15:00.990+0000] {processor.py:178} INFO - Processing /home/airflow/.local/lib/python3.7/site-packages/airflow/example_dags/example_trigger_target_dag.py took 0.451 seconds
[2022-09-24T20:15:32.324+0000] {processor.py:156} INFO - Started process (PID=9583) to work on /home/airflow/.local/lib/python3.7/site-packages/airflow/example_dags/example_trigger_target_dag.py
[2022-09-24T20:15:32.331+0000] {processor.py:758} INFO - Processing file /home/airflow/.local/lib/python3.7/site-packages/airflow/example_dags/example_trigger_target_dag.py for tasks to queue
[2022-09-24T20:15:32.342+0000] {logging_mixin.py:117} INFO - [2022-09-24T20:15:32.341+0000] {dagbag.py:525} INFO - Filling up the DagBag from /home/airflow/.local/lib/python3.7/site-packages/airflow/example_dags/example_trigger_target_dag.py
[2022-09-24T20:15:32.443+0000] {processor.py:768} INFO - DAG(s) dict_keys(['example_trigger_target_dag']) retrieved from /home/airflow/.local/lib/python3.7/site-packages/airflow/example_dags/example_trigger_target_dag.py
[2022-09-24T20:15:32.624+0000] {logging_mixin.py:117} INFO - [2022-09-24T20:15:32.624+0000] {dag.py:2573} INFO - Sync 1 DAGs
[2022-09-24T20:15:32.784+0000] {logging_mixin.py:117} INFO - [2022-09-24T20:15:32.784+0000] {dag.py:3328} INFO - Setting next_dagrun for example_trigger_target_dag to None, run_after=None
[2022-09-24T20:15:32.890+0000] {processor.py:178} INFO - Processing /home/airflow/.local/lib/python3.7/site-packages/airflow/example_dags/example_trigger_target_dag.py took 0.594 seconds
[2022-09-24T20:16:03.346+0000] {processor.py:156} INFO - Started process (PID=9783) to work on /home/airflow/.local/lib/python3.7/site-packages/airflow/example_dags/example_trigger_target_dag.py
[2022-09-24T20:16:03.353+0000] {processor.py:758} INFO - Processing file /home/airflow/.local/lib/python3.7/site-packages/airflow/example_dags/example_trigger_target_dag.py for tasks to queue
[2022-09-24T20:16:03.358+0000] {logging_mixin.py:117} INFO - [2022-09-24T20:16:03.356+0000] {dagbag.py:525} INFO - Filling up the DagBag from /home/airflow/.local/lib/python3.7/site-packages/airflow/example_dags/example_trigger_target_dag.py
[2022-09-24T20:16:03.486+0000] {processor.py:768} INFO - DAG(s) dict_keys(['example_trigger_target_dag']) retrieved from /home/airflow/.local/lib/python3.7/site-packages/airflow/example_dags/example_trigger_target_dag.py
[2022-09-24T20:16:03.587+0000] {logging_mixin.py:117} INFO - [2022-09-24T20:16:03.586+0000] {dag.py:2573} INFO - Sync 1 DAGs
[2022-09-24T20:16:03.685+0000] {logging_mixin.py:117} INFO - [2022-09-24T20:16:03.684+0000] {dag.py:3328} INFO - Setting next_dagrun for example_trigger_target_dag to None, run_after=None
[2022-09-24T20:16:03.782+0000] {processor.py:178} INFO - Processing /home/airflow/.local/lib/python3.7/site-packages/airflow/example_dags/example_trigger_target_dag.py took 0.463 seconds
[2022-09-24T20:16:34.485+0000] {processor.py:156} INFO - Started process (PID=9983) to work on /home/airflow/.local/lib/python3.7/site-packages/airflow/example_dags/example_trigger_target_dag.py
[2022-09-24T20:16:34.489+0000] {processor.py:758} INFO - Processing file /home/airflow/.local/lib/python3.7/site-packages/airflow/example_dags/example_trigger_target_dag.py for tasks to queue
[2022-09-24T20:16:34.493+0000] {logging_mixin.py:117} INFO - [2022-09-24T20:16:34.493+0000] {dagbag.py:525} INFO - Filling up the DagBag from /home/airflow/.local/lib/python3.7/site-packages/airflow/example_dags/example_trigger_target_dag.py
[2022-09-24T20:16:34.563+0000] {processor.py:768} INFO - DAG(s) dict_keys(['example_trigger_target_dag']) retrieved from /home/airflow/.local/lib/python3.7/site-packages/airflow/example_dags/example_trigger_target_dag.py
[2022-09-24T20:16:34.643+0000] {logging_mixin.py:117} INFO - [2022-09-24T20:16:34.643+0000] {dag.py:2573} INFO - Sync 1 DAGs
[2022-09-24T20:16:34.694+0000] {logging_mixin.py:117} INFO - [2022-09-24T20:16:34.694+0000] {dag.py:3328} INFO - Setting next_dagrun for example_trigger_target_dag to None, run_after=None
[2022-09-24T20:16:34.748+0000] {processor.py:178} INFO - Processing /home/airflow/.local/lib/python3.7/site-packages/airflow/example_dags/example_trigger_target_dag.py took 0.302 seconds
[2022-09-24T20:17:05.576+0000] {processor.py:156} INFO - Started process (PID=10187) to work on /home/airflow/.local/lib/python3.7/site-packages/airflow/example_dags/example_trigger_target_dag.py
[2022-09-24T20:17:05.587+0000] {processor.py:758} INFO - Processing file /home/airflow/.local/lib/python3.7/site-packages/airflow/example_dags/example_trigger_target_dag.py for tasks to queue
[2022-09-24T20:17:05.596+0000] {logging_mixin.py:117} INFO - [2022-09-24T20:17:05.595+0000] {dagbag.py:525} INFO - Filling up the DagBag from /home/airflow/.local/lib/python3.7/site-packages/airflow/example_dags/example_trigger_target_dag.py
[2022-09-24T20:17:05.734+0000] {processor.py:768} INFO - DAG(s) dict_keys(['example_trigger_target_dag']) retrieved from /home/airflow/.local/lib/python3.7/site-packages/airflow/example_dags/example_trigger_target_dag.py
[2022-09-24T20:17:05.913+0000] {logging_mixin.py:117} INFO - [2022-09-24T20:17:05.912+0000] {dag.py:2573} INFO - Sync 1 DAGs
[2022-09-24T20:17:06.046+0000] {logging_mixin.py:117} INFO - [2022-09-24T20:17:06.046+0000] {dag.py:3328} INFO - Setting next_dagrun for example_trigger_target_dag to None, run_after=None
[2022-09-24T20:17:06.171+0000] {processor.py:178} INFO - Processing /home/airflow/.local/lib/python3.7/site-packages/airflow/example_dags/example_trigger_target_dag.py took 0.607 seconds
[2022-09-24T20:17:37.325+0000] {processor.py:156} INFO - Started process (PID=10387) to work on /home/airflow/.local/lib/python3.7/site-packages/airflow/example_dags/example_trigger_target_dag.py
[2022-09-24T20:17:37.333+0000] {processor.py:758} INFO - Processing file /home/airflow/.local/lib/python3.7/site-packages/airflow/example_dags/example_trigger_target_dag.py for tasks to queue
[2022-09-24T20:17:37.345+0000] {logging_mixin.py:117} INFO - [2022-09-24T20:17:37.343+0000] {dagbag.py:525} INFO - Filling up the DagBag from /home/airflow/.local/lib/python3.7/site-packages/airflow/example_dags/example_trigger_target_dag.py
[2022-09-24T20:17:37.512+0000] {processor.py:768} INFO - DAG(s) dict_keys(['example_trigger_target_dag']) retrieved from /home/airflow/.local/lib/python3.7/site-packages/airflow/example_dags/example_trigger_target_dag.py
[2022-09-24T20:17:37.723+0000] {logging_mixin.py:117} INFO - [2022-09-24T20:17:37.720+0000] {dag.py:2573} INFO - Sync 1 DAGs
[2022-09-24T20:17:37.890+0000] {logging_mixin.py:117} INFO - [2022-09-24T20:17:37.889+0000] {dag.py:3328} INFO - Setting next_dagrun for example_trigger_target_dag to None, run_after=None
[2022-09-24T20:17:38.004+0000] {processor.py:178} INFO - Processing /home/airflow/.local/lib/python3.7/site-packages/airflow/example_dags/example_trigger_target_dag.py took 0.697 seconds
[2022-09-24T20:18:10.670+0000] {processor.py:156} INFO - Started process (PID=10583) to work on /home/airflow/.local/lib/python3.7/site-packages/airflow/example_dags/example_trigger_target_dag.py
[2022-09-24T20:18:10.678+0000] {processor.py:758} INFO - Processing file /home/airflow/.local/lib/python3.7/site-packages/airflow/example_dags/example_trigger_target_dag.py for tasks to queue
[2022-09-24T20:18:10.685+0000] {logging_mixin.py:117} INFO - [2022-09-24T20:18:10.685+0000] {dagbag.py:525} INFO - Filling up the DagBag from /home/airflow/.local/lib/python3.7/site-packages/airflow/example_dags/example_trigger_target_dag.py
[2022-09-24T20:18:10.816+0000] {processor.py:768} INFO - DAG(s) dict_keys(['example_trigger_target_dag']) retrieved from /home/airflow/.local/lib/python3.7/site-packages/airflow/example_dags/example_trigger_target_dag.py
[2022-09-24T20:18:10.971+0000] {logging_mixin.py:117} INFO - [2022-09-24T20:18:10.970+0000] {dag.py:2573} INFO - Sync 1 DAGs
[2022-09-24T20:18:11.065+0000] {logging_mixin.py:117} INFO - [2022-09-24T20:18:11.065+0000] {dag.py:3328} INFO - Setting next_dagrun for example_trigger_target_dag to None, run_after=None
[2022-09-24T20:18:11.139+0000] {processor.py:178} INFO - Processing /home/airflow/.local/lib/python3.7/site-packages/airflow/example_dags/example_trigger_target_dag.py took 0.477 seconds
[2022-09-24T20:18:41.507+0000] {processor.py:156} INFO - Started process (PID=10783) to work on /home/airflow/.local/lib/python3.7/site-packages/airflow/example_dags/example_trigger_target_dag.py
[2022-09-24T20:18:41.510+0000] {processor.py:758} INFO - Processing file /home/airflow/.local/lib/python3.7/site-packages/airflow/example_dags/example_trigger_target_dag.py for tasks to queue
[2022-09-24T20:18:41.513+0000] {logging_mixin.py:117} INFO - [2022-09-24T20:18:41.513+0000] {dagbag.py:525} INFO - Filling up the DagBag from /home/airflow/.local/lib/python3.7/site-packages/airflow/example_dags/example_trigger_target_dag.py
[2022-09-24T20:18:41.557+0000] {processor.py:768} INFO - DAG(s) dict_keys(['example_trigger_target_dag']) retrieved from /home/airflow/.local/lib/python3.7/site-packages/airflow/example_dags/example_trigger_target_dag.py
[2022-09-24T20:18:41.641+0000] {logging_mixin.py:117} INFO - [2022-09-24T20:18:41.641+0000] {dag.py:2573} INFO - Sync 1 DAGs
[2022-09-24T20:18:41.684+0000] {logging_mixin.py:117} INFO - [2022-09-24T20:18:41.684+0000] {dag.py:3328} INFO - Setting next_dagrun for example_trigger_target_dag to None, run_after=None
[2022-09-24T20:18:41.723+0000] {processor.py:178} INFO - Processing /home/airflow/.local/lib/python3.7/site-packages/airflow/example_dags/example_trigger_target_dag.py took 0.223 seconds
[2022-09-24T20:19:14.481+0000] {processor.py:156} INFO - Started process (PID=10987) to work on /home/airflow/.local/lib/python3.7/site-packages/airflow/example_dags/example_trigger_target_dag.py
[2022-09-24T20:19:14.486+0000] {processor.py:758} INFO - Processing file /home/airflow/.local/lib/python3.7/site-packages/airflow/example_dags/example_trigger_target_dag.py for tasks to queue
[2022-09-24T20:19:14.492+0000] {logging_mixin.py:117} INFO - [2022-09-24T20:19:14.492+0000] {dagbag.py:525} INFO - Filling up the DagBag from /home/airflow/.local/lib/python3.7/site-packages/airflow/example_dags/example_trigger_target_dag.py
[2022-09-24T20:19:14.583+0000] {processor.py:768} INFO - DAG(s) dict_keys(['example_trigger_target_dag']) retrieved from /home/airflow/.local/lib/python3.7/site-packages/airflow/example_dags/example_trigger_target_dag.py
[2022-09-24T20:19:14.750+0000] {logging_mixin.py:117} INFO - [2022-09-24T20:19:14.750+0000] {dag.py:2573} INFO - Sync 1 DAGs
[2022-09-24T20:19:14.883+0000] {logging_mixin.py:117} INFO - [2022-09-24T20:19:14.882+0000] {dag.py:3328} INFO - Setting next_dagrun for example_trigger_target_dag to None, run_after=None
[2022-09-24T20:19:14.985+0000] {processor.py:178} INFO - Processing /home/airflow/.local/lib/python3.7/site-packages/airflow/example_dags/example_trigger_target_dag.py took 0.535 seconds
[2022-09-24T20:19:45.614+0000] {processor.py:156} INFO - Started process (PID=11188) to work on /home/airflow/.local/lib/python3.7/site-packages/airflow/example_dags/example_trigger_target_dag.py
[2022-09-24T20:19:45.618+0000] {processor.py:758} INFO - Processing file /home/airflow/.local/lib/python3.7/site-packages/airflow/example_dags/example_trigger_target_dag.py for tasks to queue
[2022-09-24T20:19:45.621+0000] {logging_mixin.py:117} INFO - [2022-09-24T20:19:45.621+0000] {dagbag.py:525} INFO - Filling up the DagBag from /home/airflow/.local/lib/python3.7/site-packages/airflow/example_dags/example_trigger_target_dag.py
[2022-09-24T20:19:45.695+0000] {processor.py:768} INFO - DAG(s) dict_keys(['example_trigger_target_dag']) retrieved from /home/airflow/.local/lib/python3.7/site-packages/airflow/example_dags/example_trigger_target_dag.py
[2022-09-24T20:19:45.797+0000] {logging_mixin.py:117} INFO - [2022-09-24T20:19:45.797+0000] {dag.py:2573} INFO - Sync 1 DAGs
[2022-09-24T20:19:45.843+0000] {logging_mixin.py:117} INFO - [2022-09-24T20:19:45.843+0000] {dag.py:3328} INFO - Setting next_dagrun for example_trigger_target_dag to None, run_after=None
[2022-09-24T20:19:45.890+0000] {processor.py:178} INFO - Processing /home/airflow/.local/lib/python3.7/site-packages/airflow/example_dags/example_trigger_target_dag.py took 0.282 seconds
[2022-09-24T20:20:16.456+0000] {processor.py:156} INFO - Started process (PID=11387) to work on /home/airflow/.local/lib/python3.7/site-packages/airflow/example_dags/example_trigger_target_dag.py
[2022-09-24T20:20:16.460+0000] {processor.py:758} INFO - Processing file /home/airflow/.local/lib/python3.7/site-packages/airflow/example_dags/example_trigger_target_dag.py for tasks to queue
[2022-09-24T20:20:16.464+0000] {logging_mixin.py:117} INFO - [2022-09-24T20:20:16.464+0000] {dagbag.py:525} INFO - Filling up the DagBag from /home/airflow/.local/lib/python3.7/site-packages/airflow/example_dags/example_trigger_target_dag.py
[2022-09-24T20:20:16.541+0000] {processor.py:768} INFO - DAG(s) dict_keys(['example_trigger_target_dag']) retrieved from /home/airflow/.local/lib/python3.7/site-packages/airflow/example_dags/example_trigger_target_dag.py
[2022-09-24T20:20:16.628+0000] {logging_mixin.py:117} INFO - [2022-09-24T20:20:16.628+0000] {dag.py:2573} INFO - Sync 1 DAGs
[2022-09-24T20:20:16.683+0000] {logging_mixin.py:117} INFO - [2022-09-24T20:20:16.683+0000] {dag.py:3328} INFO - Setting next_dagrun for example_trigger_target_dag to None, run_after=None
[2022-09-24T20:20:16.735+0000] {processor.py:178} INFO - Processing /home/airflow/.local/lib/python3.7/site-packages/airflow/example_dags/example_trigger_target_dag.py took 0.289 seconds
[2022-09-24T20:20:46.846+0000] {processor.py:156} INFO - Started process (PID=11584) to work on /home/airflow/.local/lib/python3.7/site-packages/airflow/example_dags/example_trigger_target_dag.py
[2022-09-24T20:20:46.852+0000] {processor.py:758} INFO - Processing file /home/airflow/.local/lib/python3.7/site-packages/airflow/example_dags/example_trigger_target_dag.py for tasks to queue
[2022-09-24T20:20:46.857+0000] {logging_mixin.py:117} INFO - [2022-09-24T20:20:46.856+0000] {dagbag.py:525} INFO - Filling up the DagBag from /home/airflow/.local/lib/python3.7/site-packages/airflow/example_dags/example_trigger_target_dag.py
[2022-09-24T20:20:46.924+0000] {processor.py:768} INFO - DAG(s) dict_keys(['example_trigger_target_dag']) retrieved from /home/airflow/.local/lib/python3.7/site-packages/airflow/example_dags/example_trigger_target_dag.py
[2022-09-24T20:20:47.090+0000] {logging_mixin.py:117} INFO - [2022-09-24T20:20:47.090+0000] {dag.py:2573} INFO - Sync 1 DAGs
[2022-09-24T20:20:47.197+0000] {logging_mixin.py:117} INFO - [2022-09-24T20:20:47.197+0000] {dag.py:3328} INFO - Setting next_dagrun for example_trigger_target_dag to None, run_after=None
[2022-09-24T20:20:47.265+0000] {processor.py:178} INFO - Processing /home/airflow/.local/lib/python3.7/site-packages/airflow/example_dags/example_trigger_target_dag.py took 0.428 seconds
[2022-09-24T20:21:17.909+0000] {processor.py:156} INFO - Started process (PID=11791) to work on /home/airflow/.local/lib/python3.7/site-packages/airflow/example_dags/example_trigger_target_dag.py
[2022-09-24T20:21:17.915+0000] {processor.py:758} INFO - Processing file /home/airflow/.local/lib/python3.7/site-packages/airflow/example_dags/example_trigger_target_dag.py for tasks to queue
[2022-09-24T20:21:17.923+0000] {logging_mixin.py:117} INFO - [2022-09-24T20:21:17.920+0000] {dagbag.py:525} INFO - Filling up the DagBag from /home/airflow/.local/lib/python3.7/site-packages/airflow/example_dags/example_trigger_target_dag.py
[2022-09-24T20:21:18.003+0000] {processor.py:768} INFO - DAG(s) dict_keys(['example_trigger_target_dag']) retrieved from /home/airflow/.local/lib/python3.7/site-packages/airflow/example_dags/example_trigger_target_dag.py
[2022-09-24T20:21:18.176+0000] {logging_mixin.py:117} INFO - [2022-09-24T20:21:18.172+0000] {dag.py:2573} INFO - Sync 1 DAGs
[2022-09-24T20:21:18.259+0000] {logging_mixin.py:117} INFO - [2022-09-24T20:21:18.259+0000] {dag.py:3328} INFO - Setting next_dagrun for example_trigger_target_dag to None, run_after=None
[2022-09-24T20:21:18.331+0000] {processor.py:178} INFO - Processing /home/airflow/.local/lib/python3.7/site-packages/airflow/example_dags/example_trigger_target_dag.py took 0.428 seconds
