[2022-09-24T19:50:40.495+0000] {processor.py:156} INFO - Started process (PID=190) to work on /home/airflow/.local/lib/python3.7/site-packages/airflow/example_dags/example_complex.py
[2022-09-24T19:50:40.500+0000] {processor.py:758} INFO - Processing file /home/airflow/.local/lib/python3.7/site-packages/airflow/example_dags/example_complex.py for tasks to queue
[2022-09-24T19:50:40.513+0000] {logging_mixin.py:117} INFO - [2022-09-24T19:50:40.512+0000] {dagbag.py:525} INFO - Filling up the DagBag from /home/airflow/.local/lib/python3.7/site-packages/airflow/example_dags/example_complex.py
[2022-09-24T19:50:40.575+0000] {processor.py:768} INFO - DAG(s) dict_keys(['example_complex']) retrieved from /home/airflow/.local/lib/python3.7/site-packages/airflow/example_dags/example_complex.py
[2022-09-24T19:50:40.792+0000] {logging_mixin.py:117} INFO - [2022-09-24T19:50:40.792+0000] {dag.py:2573} INFO - Sync 1 DAGs
[2022-09-24T19:50:41.006+0000] {logging_mixin.py:117} INFO - [2022-09-24T19:50:41.006+0000] {dag.py:3328} INFO - Setting next_dagrun for example_complex to None, run_after=None
[2022-09-24T19:50:41.280+0000] {processor.py:178} INFO - Processing /home/airflow/.local/lib/python3.7/site-packages/airflow/example_dags/example_complex.py took 0.800 seconds
[2022-09-24T19:51:11.580+0000] {processor.py:156} INFO - Started process (PID=388) to work on /home/airflow/.local/lib/python3.7/site-packages/airflow/example_dags/example_complex.py
[2022-09-24T19:51:11.590+0000] {processor.py:758} INFO - Processing file /home/airflow/.local/lib/python3.7/site-packages/airflow/example_dags/example_complex.py for tasks to queue
[2022-09-24T19:51:11.593+0000] {logging_mixin.py:117} INFO - [2022-09-24T19:51:11.593+0000] {dagbag.py:525} INFO - Filling up the DagBag from /home/airflow/.local/lib/python3.7/site-packages/airflow/example_dags/example_complex.py
[2022-09-24T19:51:11.779+0000] {processor.py:768} INFO - DAG(s) dict_keys(['example_complex']) retrieved from /home/airflow/.local/lib/python3.7/site-packages/airflow/example_dags/example_complex.py
[2022-09-24T19:51:12.169+0000] {logging_mixin.py:117} INFO - [2022-09-24T19:51:12.169+0000] {dag.py:2573} INFO - Sync 1 DAGs
[2022-09-24T19:51:12.328+0000] {logging_mixin.py:117} INFO - [2022-09-24T19:51:12.326+0000] {dag.py:3328} INFO - Setting next_dagrun for example_complex to None, run_after=None
[2022-09-24T19:51:12.449+0000] {processor.py:178} INFO - Processing /home/airflow/.local/lib/python3.7/site-packages/airflow/example_dags/example_complex.py took 0.886 seconds
[2022-09-24T19:51:43.005+0000] {processor.py:156} INFO - Started process (PID=588) to work on /home/airflow/.local/lib/python3.7/site-packages/airflow/example_dags/example_complex.py
[2022-09-24T19:51:43.010+0000] {processor.py:758} INFO - Processing file /home/airflow/.local/lib/python3.7/site-packages/airflow/example_dags/example_complex.py for tasks to queue
[2022-09-24T19:51:43.033+0000] {logging_mixin.py:117} INFO - [2022-09-24T19:51:43.033+0000] {dagbag.py:525} INFO - Filling up the DagBag from /home/airflow/.local/lib/python3.7/site-packages/airflow/example_dags/example_complex.py
[2022-09-24T19:51:43.285+0000] {processor.py:768} INFO - DAG(s) dict_keys(['example_complex']) retrieved from /home/airflow/.local/lib/python3.7/site-packages/airflow/example_dags/example_complex.py
[2022-09-24T19:51:43.521+0000] {logging_mixin.py:117} INFO - [2022-09-24T19:51:43.520+0000] {dag.py:2573} INFO - Sync 1 DAGs
[2022-09-24T19:51:43.730+0000] {logging_mixin.py:117} INFO - [2022-09-24T19:51:43.729+0000] {dag.py:3328} INFO - Setting next_dagrun for example_complex to None, run_after=None
[2022-09-24T19:51:44.179+0000] {processor.py:178} INFO - Processing /home/airflow/.local/lib/python3.7/site-packages/airflow/example_dags/example_complex.py took 1.200 seconds
[2022-09-24T19:52:15.448+0000] {processor.py:156} INFO - Started process (PID=787) to work on /home/airflow/.local/lib/python3.7/site-packages/airflow/example_dags/example_complex.py
[2022-09-24T19:52:15.453+0000] {processor.py:758} INFO - Processing file /home/airflow/.local/lib/python3.7/site-packages/airflow/example_dags/example_complex.py for tasks to queue
[2022-09-24T19:52:15.466+0000] {logging_mixin.py:117} INFO - [2022-09-24T19:52:15.464+0000] {dagbag.py:525} INFO - Filling up the DagBag from /home/airflow/.local/lib/python3.7/site-packages/airflow/example_dags/example_complex.py
[2022-09-24T19:52:15.540+0000] {processor.py:768} INFO - DAG(s) dict_keys(['example_complex']) retrieved from /home/airflow/.local/lib/python3.7/site-packages/airflow/example_dags/example_complex.py
[2022-09-24T19:52:15.692+0000] {logging_mixin.py:117} INFO - [2022-09-24T19:52:15.692+0000] {dag.py:2573} INFO - Sync 1 DAGs
[2022-09-24T19:52:16.318+0000] {logging_mixin.py:117} INFO - [2022-09-24T19:52:16.318+0000] {dag.py:3328} INFO - Setting next_dagrun for example_complex to None, run_after=None
[2022-09-24T19:52:16.389+0000] {processor.py:178} INFO - Processing /home/airflow/.local/lib/python3.7/site-packages/airflow/example_dags/example_complex.py took 0.965 seconds
[2022-09-24T19:52:46.672+0000] {processor.py:156} INFO - Started process (PID=986) to work on /home/airflow/.local/lib/python3.7/site-packages/airflow/example_dags/example_complex.py
[2022-09-24T19:52:46.676+0000] {processor.py:758} INFO - Processing file /home/airflow/.local/lib/python3.7/site-packages/airflow/example_dags/example_complex.py for tasks to queue
[2022-09-24T19:52:46.678+0000] {logging_mixin.py:117} INFO - [2022-09-24T19:52:46.678+0000] {dagbag.py:525} INFO - Filling up the DagBag from /home/airflow/.local/lib/python3.7/site-packages/airflow/example_dags/example_complex.py
[2022-09-24T19:52:46.734+0000] {processor.py:768} INFO - DAG(s) dict_keys(['example_complex']) retrieved from /home/airflow/.local/lib/python3.7/site-packages/airflow/example_dags/example_complex.py
[2022-09-24T19:52:47.104+0000] {logging_mixin.py:117} INFO - [2022-09-24T19:52:47.104+0000] {dag.py:2573} INFO - Sync 1 DAGs
[2022-09-24T19:52:47.148+0000] {logging_mixin.py:117} INFO - [2022-09-24T19:52:47.147+0000] {dag.py:3328} INFO - Setting next_dagrun for example_complex to None, run_after=None
[2022-09-24T19:52:47.212+0000] {processor.py:178} INFO - Processing /home/airflow/.local/lib/python3.7/site-packages/airflow/example_dags/example_complex.py took 0.547 seconds
[2022-09-24T19:53:21.713+0000] {processor.py:156} INFO - Started process (PID=1182) to work on /home/airflow/.local/lib/python3.7/site-packages/airflow/example_dags/example_complex.py
[2022-09-24T19:53:21.727+0000] {processor.py:758} INFO - Processing file /home/airflow/.local/lib/python3.7/site-packages/airflow/example_dags/example_complex.py for tasks to queue
[2022-09-24T19:53:21.736+0000] {logging_mixin.py:117} INFO - [2022-09-24T19:53:21.735+0000] {dagbag.py:525} INFO - Filling up the DagBag from /home/airflow/.local/lib/python3.7/site-packages/airflow/example_dags/example_complex.py
[2022-09-24T19:53:22.200+0000] {processor.py:768} INFO - DAG(s) dict_keys(['example_complex']) retrieved from /home/airflow/.local/lib/python3.7/site-packages/airflow/example_dags/example_complex.py
[2022-09-24T19:53:25.600+0000] {logging_mixin.py:117} INFO - [2022-09-24T19:53:25.596+0000] {dag.py:2573} INFO - Sync 1 DAGs
[2022-09-24T19:53:25.757+0000] {logging_mixin.py:117} INFO - [2022-09-24T19:53:25.756+0000] {dag.py:3328} INFO - Setting next_dagrun for example_complex to None, run_after=None
[2022-09-24T19:53:25.823+0000] {processor.py:178} INFO - Processing /home/airflow/.local/lib/python3.7/site-packages/airflow/example_dags/example_complex.py took 4.126 seconds
[2022-09-24T19:53:56.548+0000] {processor.py:156} INFO - Started process (PID=1390) to work on /home/airflow/.local/lib/python3.7/site-packages/airflow/example_dags/example_complex.py
[2022-09-24T19:53:56.552+0000] {processor.py:758} INFO - Processing file /home/airflow/.local/lib/python3.7/site-packages/airflow/example_dags/example_complex.py for tasks to queue
[2022-09-24T19:53:56.555+0000] {logging_mixin.py:117} INFO - [2022-09-24T19:53:56.555+0000] {dagbag.py:525} INFO - Filling up the DagBag from /home/airflow/.local/lib/python3.7/site-packages/airflow/example_dags/example_complex.py
[2022-09-24T19:53:56.603+0000] {processor.py:768} INFO - DAG(s) dict_keys(['example_complex']) retrieved from /home/airflow/.local/lib/python3.7/site-packages/airflow/example_dags/example_complex.py
[2022-09-24T19:53:57.047+0000] {logging_mixin.py:117} INFO - [2022-09-24T19:53:57.047+0000] {dag.py:2573} INFO - Sync 1 DAGs
[2022-09-24T19:53:57.096+0000] {logging_mixin.py:117} INFO - [2022-09-24T19:53:57.095+0000] {dag.py:3328} INFO - Setting next_dagrun for example_complex to None, run_after=None
[2022-09-24T19:53:57.138+0000] {processor.py:178} INFO - Processing /home/airflow/.local/lib/python3.7/site-packages/airflow/example_dags/example_complex.py took 0.621 seconds
[2022-09-24T19:54:27.597+0000] {processor.py:156} INFO - Started process (PID=1588) to work on /home/airflow/.local/lib/python3.7/site-packages/airflow/example_dags/example_complex.py
[2022-09-24T19:54:27.604+0000] {processor.py:758} INFO - Processing file /home/airflow/.local/lib/python3.7/site-packages/airflow/example_dags/example_complex.py for tasks to queue
[2022-09-24T19:54:27.608+0000] {logging_mixin.py:117} INFO - [2022-09-24T19:54:27.608+0000] {dagbag.py:525} INFO - Filling up the DagBag from /home/airflow/.local/lib/python3.7/site-packages/airflow/example_dags/example_complex.py
[2022-09-24T19:54:27.995+0000] {processor.py:768} INFO - DAG(s) dict_keys(['example_complex']) retrieved from /home/airflow/.local/lib/python3.7/site-packages/airflow/example_dags/example_complex.py
[2022-09-24T19:54:28.079+0000] {logging_mixin.py:117} INFO - [2022-09-24T19:54:28.078+0000] {dag.py:2573} INFO - Sync 1 DAGs
[2022-09-24T19:54:28.119+0000] {logging_mixin.py:117} INFO - [2022-09-24T19:54:28.119+0000] {dag.py:3328} INFO - Setting next_dagrun for example_complex to None, run_after=None
[2022-09-24T19:54:28.160+0000] {processor.py:178} INFO - Processing /home/airflow/.local/lib/python3.7/site-packages/airflow/example_dags/example_complex.py took 0.577 seconds
[2022-09-24T19:54:58.344+0000] {processor.py:156} INFO - Started process (PID=1785) to work on /home/airflow/.local/lib/python3.7/site-packages/airflow/example_dags/example_complex.py
[2022-09-24T19:54:58.350+0000] {processor.py:758} INFO - Processing file /home/airflow/.local/lib/python3.7/site-packages/airflow/example_dags/example_complex.py for tasks to queue
[2022-09-24T19:54:58.355+0000] {logging_mixin.py:117} INFO - [2022-09-24T19:54:58.354+0000] {dagbag.py:525} INFO - Filling up the DagBag from /home/airflow/.local/lib/python3.7/site-packages/airflow/example_dags/example_complex.py
[2022-09-24T19:54:58.411+0000] {processor.py:768} INFO - DAG(s) dict_keys(['example_complex']) retrieved from /home/airflow/.local/lib/python3.7/site-packages/airflow/example_dags/example_complex.py
[2022-09-24T19:54:58.512+0000] {logging_mixin.py:117} INFO - [2022-09-24T19:54:58.512+0000] {dag.py:2573} INFO - Sync 1 DAGs
[2022-09-24T19:54:58.572+0000] {logging_mixin.py:117} INFO - [2022-09-24T19:54:58.571+0000] {dag.py:3328} INFO - Setting next_dagrun for example_complex to None, run_after=None
[2022-09-24T19:54:58.642+0000] {processor.py:178} INFO - Processing /home/airflow/.local/lib/python3.7/site-packages/airflow/example_dags/example_complex.py took 0.309 seconds
[2022-09-24T19:55:29.252+0000] {processor.py:156} INFO - Started process (PID=1983) to work on /home/airflow/.local/lib/python3.7/site-packages/airflow/example_dags/example_complex.py
[2022-09-24T19:55:29.259+0000] {processor.py:758} INFO - Processing file /home/airflow/.local/lib/python3.7/site-packages/airflow/example_dags/example_complex.py for tasks to queue
[2022-09-24T19:55:29.263+0000] {logging_mixin.py:117} INFO - [2022-09-24T19:55:29.262+0000] {dagbag.py:525} INFO - Filling up the DagBag from /home/airflow/.local/lib/python3.7/site-packages/airflow/example_dags/example_complex.py
[2022-09-24T19:55:29.376+0000] {processor.py:768} INFO - DAG(s) dict_keys(['example_complex']) retrieved from /home/airflow/.local/lib/python3.7/site-packages/airflow/example_dags/example_complex.py
[2022-09-24T19:55:29.535+0000] {logging_mixin.py:117} INFO - [2022-09-24T19:55:29.534+0000] {dag.py:2573} INFO - Sync 1 DAGs
[2022-09-24T19:55:29.596+0000] {logging_mixin.py:117} INFO - [2022-09-24T19:55:29.596+0000] {dag.py:3328} INFO - Setting next_dagrun for example_complex to None, run_after=None
[2022-09-24T19:55:29.673+0000] {processor.py:178} INFO - Processing /home/airflow/.local/lib/python3.7/site-packages/airflow/example_dags/example_complex.py took 0.463 seconds
[2022-09-24T19:55:59.923+0000] {processor.py:156} INFO - Started process (PID=2181) to work on /home/airflow/.local/lib/python3.7/site-packages/airflow/example_dags/example_complex.py
[2022-09-24T19:55:59.927+0000] {processor.py:758} INFO - Processing file /home/airflow/.local/lib/python3.7/site-packages/airflow/example_dags/example_complex.py for tasks to queue
[2022-09-24T19:55:59.932+0000] {logging_mixin.py:117} INFO - [2022-09-24T19:55:59.931+0000] {dagbag.py:525} INFO - Filling up the DagBag from /home/airflow/.local/lib/python3.7/site-packages/airflow/example_dags/example_complex.py
[2022-09-24T19:55:59.985+0000] {processor.py:768} INFO - DAG(s) dict_keys(['example_complex']) retrieved from /home/airflow/.local/lib/python3.7/site-packages/airflow/example_dags/example_complex.py
[2022-09-24T19:56:00.076+0000] {logging_mixin.py:117} INFO - [2022-09-24T19:56:00.076+0000] {dag.py:2573} INFO - Sync 1 DAGs
[2022-09-24T19:56:00.148+0000] {logging_mixin.py:117} INFO - [2022-09-24T19:56:00.148+0000] {dag.py:3328} INFO - Setting next_dagrun for example_complex to None, run_after=None
[2022-09-24T19:56:00.196+0000] {processor.py:178} INFO - Processing /home/airflow/.local/lib/python3.7/site-packages/airflow/example_dags/example_complex.py took 0.286 seconds
[2022-09-24T19:56:30.846+0000] {processor.py:156} INFO - Started process (PID=2377) to work on /home/airflow/.local/lib/python3.7/site-packages/airflow/example_dags/example_complex.py
[2022-09-24T19:56:30.853+0000] {processor.py:758} INFO - Processing file /home/airflow/.local/lib/python3.7/site-packages/airflow/example_dags/example_complex.py for tasks to queue
[2022-09-24T19:56:30.865+0000] {logging_mixin.py:117} INFO - [2022-09-24T19:56:30.861+0000] {dagbag.py:525} INFO - Filling up the DagBag from /home/airflow/.local/lib/python3.7/site-packages/airflow/example_dags/example_complex.py
[2022-09-24T19:56:31.041+0000] {processor.py:768} INFO - DAG(s) dict_keys(['example_complex']) retrieved from /home/airflow/.local/lib/python3.7/site-packages/airflow/example_dags/example_complex.py
[2022-09-24T19:56:31.171+0000] {logging_mixin.py:117} INFO - [2022-09-24T19:56:31.171+0000] {dag.py:2573} INFO - Sync 1 DAGs
[2022-09-24T19:56:31.272+0000] {logging_mixin.py:117} INFO - [2022-09-24T19:56:31.272+0000] {dag.py:3328} INFO - Setting next_dagrun for example_complex to None, run_after=None
[2022-09-24T19:56:31.357+0000] {processor.py:178} INFO - Processing /home/airflow/.local/lib/python3.7/site-packages/airflow/example_dags/example_complex.py took 0.521 seconds
[2022-09-24T19:57:01.604+0000] {processor.py:156} INFO - Started process (PID=2575) to work on /home/airflow/.local/lib/python3.7/site-packages/airflow/example_dags/example_complex.py
[2022-09-24T19:57:01.610+0000] {processor.py:758} INFO - Processing file /home/airflow/.local/lib/python3.7/site-packages/airflow/example_dags/example_complex.py for tasks to queue
[2022-09-24T19:57:01.615+0000] {logging_mixin.py:117} INFO - [2022-09-24T19:57:01.614+0000] {dagbag.py:525} INFO - Filling up the DagBag from /home/airflow/.local/lib/python3.7/site-packages/airflow/example_dags/example_complex.py
[2022-09-24T19:57:01.687+0000] {processor.py:768} INFO - DAG(s) dict_keys(['example_complex']) retrieved from /home/airflow/.local/lib/python3.7/site-packages/airflow/example_dags/example_complex.py
[2022-09-24T19:57:01.807+0000] {logging_mixin.py:117} INFO - [2022-09-24T19:57:01.806+0000] {dag.py:2573} INFO - Sync 1 DAGs
[2022-09-24T19:57:01.927+0000] {logging_mixin.py:117} INFO - [2022-09-24T19:57:01.925+0000] {dag.py:3328} INFO - Setting next_dagrun for example_complex to None, run_after=None
[2022-09-24T19:57:01.969+0000] {processor.py:178} INFO - Processing /home/airflow/.local/lib/python3.7/site-packages/airflow/example_dags/example_complex.py took 0.373 seconds
[2022-09-24T19:57:34.113+0000] {processor.py:156} INFO - Started process (PID=2769) to work on /home/airflow/.local/lib/python3.7/site-packages/airflow/example_dags/example_complex.py
[2022-09-24T19:57:34.116+0000] {processor.py:758} INFO - Processing file /home/airflow/.local/lib/python3.7/site-packages/airflow/example_dags/example_complex.py for tasks to queue
[2022-09-24T19:57:34.120+0000] {logging_mixin.py:117} INFO - [2022-09-24T19:57:34.119+0000] {dagbag.py:525} INFO - Filling up the DagBag from /home/airflow/.local/lib/python3.7/site-packages/airflow/example_dags/example_complex.py
[2022-09-24T19:57:34.187+0000] {processor.py:768} INFO - DAG(s) dict_keys(['example_complex']) retrieved from /home/airflow/.local/lib/python3.7/site-packages/airflow/example_dags/example_complex.py
[2022-09-24T19:57:34.332+0000] {logging_mixin.py:117} INFO - [2022-09-24T19:57:34.332+0000] {dag.py:2573} INFO - Sync 1 DAGs
[2022-09-24T19:57:34.418+0000] {logging_mixin.py:117} INFO - [2022-09-24T19:57:34.418+0000] {dag.py:3328} INFO - Setting next_dagrun for example_complex to None, run_after=None
[2022-09-24T19:57:34.495+0000] {processor.py:178} INFO - Processing /home/airflow/.local/lib/python3.7/site-packages/airflow/example_dags/example_complex.py took 0.389 seconds
[2022-09-24T19:58:07.039+0000] {processor.py:156} INFO - Started process (PID=2979) to work on /home/airflow/.local/lib/python3.7/site-packages/airflow/example_dags/example_complex.py
[2022-09-24T19:58:07.055+0000] {processor.py:758} INFO - Processing file /home/airflow/.local/lib/python3.7/site-packages/airflow/example_dags/example_complex.py for tasks to queue
[2022-09-24T19:58:07.065+0000] {logging_mixin.py:117} INFO - [2022-09-24T19:58:07.063+0000] {dagbag.py:525} INFO - Filling up the DagBag from /home/airflow/.local/lib/python3.7/site-packages/airflow/example_dags/example_complex.py
[2022-09-24T19:58:07.242+0000] {processor.py:768} INFO - DAG(s) dict_keys(['example_complex']) retrieved from /home/airflow/.local/lib/python3.7/site-packages/airflow/example_dags/example_complex.py
[2022-09-24T19:58:07.525+0000] {logging_mixin.py:117} INFO - [2022-09-24T19:58:07.525+0000] {dag.py:2573} INFO - Sync 1 DAGs
[2022-09-24T19:58:07.754+0000] {logging_mixin.py:117} INFO - [2022-09-24T19:58:07.753+0000] {dag.py:3328} INFO - Setting next_dagrun for example_complex to None, run_after=None
[2022-09-24T19:58:07.930+0000] {processor.py:178} INFO - Processing /home/airflow/.local/lib/python3.7/site-packages/airflow/example_dags/example_complex.py took 0.898 seconds
[2022-09-24T19:58:39.037+0000] {processor.py:156} INFO - Started process (PID=3177) to work on /home/airflow/.local/lib/python3.7/site-packages/airflow/example_dags/example_complex.py
[2022-09-24T19:58:39.043+0000] {processor.py:758} INFO - Processing file /home/airflow/.local/lib/python3.7/site-packages/airflow/example_dags/example_complex.py for tasks to queue
[2022-09-24T19:58:39.047+0000] {logging_mixin.py:117} INFO - [2022-09-24T19:58:39.047+0000] {dagbag.py:525} INFO - Filling up the DagBag from /home/airflow/.local/lib/python3.7/site-packages/airflow/example_dags/example_complex.py
[2022-09-24T19:58:39.205+0000] {processor.py:768} INFO - DAG(s) dict_keys(['example_complex']) retrieved from /home/airflow/.local/lib/python3.7/site-packages/airflow/example_dags/example_complex.py
[2022-09-24T19:58:39.356+0000] {logging_mixin.py:117} INFO - [2022-09-24T19:58:39.356+0000] {dag.py:2573} INFO - Sync 1 DAGs
[2022-09-24T19:58:39.433+0000] {logging_mixin.py:117} INFO - [2022-09-24T19:58:39.433+0000] {dag.py:3328} INFO - Setting next_dagrun for example_complex to None, run_after=None
[2022-09-24T19:58:39.496+0000] {processor.py:178} INFO - Processing /home/airflow/.local/lib/python3.7/site-packages/airflow/example_dags/example_complex.py took 0.466 seconds
[2022-09-24T19:59:12.423+0000] {processor.py:156} INFO - Started process (PID=3375) to work on /home/airflow/.local/lib/python3.7/site-packages/airflow/example_dags/example_complex.py
[2022-09-24T19:59:12.434+0000] {processor.py:758} INFO - Processing file /home/airflow/.local/lib/python3.7/site-packages/airflow/example_dags/example_complex.py for tasks to queue
[2022-09-24T19:59:12.442+0000] {logging_mixin.py:117} INFO - [2022-09-24T19:59:12.442+0000] {dagbag.py:525} INFO - Filling up the DagBag from /home/airflow/.local/lib/python3.7/site-packages/airflow/example_dags/example_complex.py
[2022-09-24T19:59:12.572+0000] {processor.py:768} INFO - DAG(s) dict_keys(['example_complex']) retrieved from /home/airflow/.local/lib/python3.7/site-packages/airflow/example_dags/example_complex.py
[2022-09-24T19:59:12.845+0000] {logging_mixin.py:117} INFO - [2022-09-24T19:59:12.845+0000] {dag.py:2573} INFO - Sync 1 DAGs
[2022-09-24T19:59:12.940+0000] {logging_mixin.py:117} INFO - [2022-09-24T19:59:12.940+0000] {dag.py:3328} INFO - Setting next_dagrun for example_complex to None, run_after=None
[2022-09-24T19:59:13.040+0000] {processor.py:178} INFO - Processing /home/airflow/.local/lib/python3.7/site-packages/airflow/example_dags/example_complex.py took 0.622 seconds
[2022-09-24T19:59:43.759+0000] {processor.py:156} INFO - Started process (PID=3572) to work on /home/airflow/.local/lib/python3.7/site-packages/airflow/example_dags/example_complex.py
[2022-09-24T19:59:43.765+0000] {processor.py:758} INFO - Processing file /home/airflow/.local/lib/python3.7/site-packages/airflow/example_dags/example_complex.py for tasks to queue
[2022-09-24T19:59:43.769+0000] {logging_mixin.py:117} INFO - [2022-09-24T19:59:43.769+0000] {dagbag.py:525} INFO - Filling up the DagBag from /home/airflow/.local/lib/python3.7/site-packages/airflow/example_dags/example_complex.py
[2022-09-24T19:59:43.886+0000] {processor.py:768} INFO - DAG(s) dict_keys(['example_complex']) retrieved from /home/airflow/.local/lib/python3.7/site-packages/airflow/example_dags/example_complex.py
[2022-09-24T19:59:44.129+0000] {logging_mixin.py:117} INFO - [2022-09-24T19:59:44.128+0000] {dag.py:2573} INFO - Sync 1 DAGs
[2022-09-24T19:59:44.234+0000] {logging_mixin.py:117} INFO - [2022-09-24T19:59:44.234+0000] {dag.py:3328} INFO - Setting next_dagrun for example_complex to None, run_after=None
[2022-09-24T19:59:44.278+0000] {processor.py:178} INFO - Processing /home/airflow/.local/lib/python3.7/site-packages/airflow/example_dags/example_complex.py took 0.525 seconds
[2022-09-24T20:00:14.927+0000] {processor.py:156} INFO - Started process (PID=3765) to work on /home/airflow/.local/lib/python3.7/site-packages/airflow/example_dags/example_complex.py
[2022-09-24T20:00:14.931+0000] {processor.py:758} INFO - Processing file /home/airflow/.local/lib/python3.7/site-packages/airflow/example_dags/example_complex.py for tasks to queue
[2022-09-24T20:00:14.934+0000] {logging_mixin.py:117} INFO - [2022-09-24T20:00:14.934+0000] {dagbag.py:525} INFO - Filling up the DagBag from /home/airflow/.local/lib/python3.7/site-packages/airflow/example_dags/example_complex.py
[2022-09-24T20:00:15.004+0000] {processor.py:768} INFO - DAG(s) dict_keys(['example_complex']) retrieved from /home/airflow/.local/lib/python3.7/site-packages/airflow/example_dags/example_complex.py
[2022-09-24T20:00:15.179+0000] {logging_mixin.py:117} INFO - [2022-09-24T20:00:15.179+0000] {dag.py:2573} INFO - Sync 1 DAGs
[2022-09-24T20:00:15.270+0000] {logging_mixin.py:117} INFO - [2022-09-24T20:00:15.270+0000] {dag.py:3328} INFO - Setting next_dagrun for example_complex to None, run_after=None
[2022-09-24T20:00:15.310+0000] {processor.py:178} INFO - Processing /home/airflow/.local/lib/python3.7/site-packages/airflow/example_dags/example_complex.py took 0.394 seconds
[2022-09-24T20:00:45.793+0000] {processor.py:156} INFO - Started process (PID=3963) to work on /home/airflow/.local/lib/python3.7/site-packages/airflow/example_dags/example_complex.py
[2022-09-24T20:00:45.803+0000] {processor.py:758} INFO - Processing file /home/airflow/.local/lib/python3.7/site-packages/airflow/example_dags/example_complex.py for tasks to queue
[2022-09-24T20:00:45.811+0000] {logging_mixin.py:117} INFO - [2022-09-24T20:00:45.808+0000] {dagbag.py:525} INFO - Filling up the DagBag from /home/airflow/.local/lib/python3.7/site-packages/airflow/example_dags/example_complex.py
[2022-09-24T20:00:45.885+0000] {processor.py:768} INFO - DAG(s) dict_keys(['example_complex']) retrieved from /home/airflow/.local/lib/python3.7/site-packages/airflow/example_dags/example_complex.py
[2022-09-24T20:00:45.989+0000] {logging_mixin.py:117} INFO - [2022-09-24T20:00:45.989+0000] {dag.py:2573} INFO - Sync 1 DAGs
[2022-09-24T20:00:46.040+0000] {logging_mixin.py:117} INFO - [2022-09-24T20:00:46.040+0000] {dag.py:3328} INFO - Setting next_dagrun for example_complex to None, run_after=None
[2022-09-24T20:00:46.085+0000] {processor.py:178} INFO - Processing /home/airflow/.local/lib/python3.7/site-packages/airflow/example_dags/example_complex.py took 0.311 seconds
[2022-09-24T20:01:17.354+0000] {processor.py:156} INFO - Started process (PID=4170) to work on /home/airflow/.local/lib/python3.7/site-packages/airflow/example_dags/example_complex.py
[2022-09-24T20:01:17.358+0000] {processor.py:758} INFO - Processing file /home/airflow/.local/lib/python3.7/site-packages/airflow/example_dags/example_complex.py for tasks to queue
[2022-09-24T20:01:17.362+0000] {logging_mixin.py:117} INFO - [2022-09-24T20:01:17.361+0000] {dagbag.py:525} INFO - Filling up the DagBag from /home/airflow/.local/lib/python3.7/site-packages/airflow/example_dags/example_complex.py
[2022-09-24T20:01:17.436+0000] {processor.py:768} INFO - DAG(s) dict_keys(['example_complex']) retrieved from /home/airflow/.local/lib/python3.7/site-packages/airflow/example_dags/example_complex.py
[2022-09-24T20:01:17.618+0000] {logging_mixin.py:117} INFO - [2022-09-24T20:01:17.618+0000] {dag.py:2573} INFO - Sync 1 DAGs
[2022-09-24T20:01:17.806+0000] {logging_mixin.py:117} INFO - [2022-09-24T20:01:17.805+0000] {dag.py:3328} INFO - Setting next_dagrun for example_complex to None, run_after=None
[2022-09-24T20:01:17.921+0000] {processor.py:178} INFO - Processing /home/airflow/.local/lib/python3.7/site-packages/airflow/example_dags/example_complex.py took 0.577 seconds
[2022-09-24T20:01:48.685+0000] {processor.py:156} INFO - Started process (PID=4346) to work on /home/airflow/.local/lib/python3.7/site-packages/airflow/example_dags/example_complex.py
[2022-09-24T20:01:48.691+0000] {processor.py:758} INFO - Processing file /home/airflow/.local/lib/python3.7/site-packages/airflow/example_dags/example_complex.py for tasks to queue
[2022-09-24T20:01:48.697+0000] {logging_mixin.py:117} INFO - [2022-09-24T20:01:48.697+0000] {dagbag.py:525} INFO - Filling up the DagBag from /home/airflow/.local/lib/python3.7/site-packages/airflow/example_dags/example_complex.py
[2022-09-24T20:01:48.801+0000] {processor.py:768} INFO - DAG(s) dict_keys(['example_complex']) retrieved from /home/airflow/.local/lib/python3.7/site-packages/airflow/example_dags/example_complex.py
[2022-09-24T20:01:49.168+0000] {logging_mixin.py:117} INFO - [2022-09-24T20:01:49.168+0000] {dag.py:2573} INFO - Sync 1 DAGs
[2022-09-24T20:01:49.372+0000] {logging_mixin.py:117} INFO - [2022-09-24T20:01:49.372+0000] {dag.py:3328} INFO - Setting next_dagrun for example_complex to None, run_after=None
[2022-09-24T20:01:49.539+0000] {processor.py:178} INFO - Processing /home/airflow/.local/lib/python3.7/site-packages/airflow/example_dags/example_complex.py took 0.880 seconds
[2022-09-24T20:02:20.070+0000] {processor.py:156} INFO - Started process (PID=4546) to work on /home/airflow/.local/lib/python3.7/site-packages/airflow/example_dags/example_complex.py
[2022-09-24T20:02:20.073+0000] {processor.py:758} INFO - Processing file /home/airflow/.local/lib/python3.7/site-packages/airflow/example_dags/example_complex.py for tasks to queue
[2022-09-24T20:02:20.080+0000] {logging_mixin.py:117} INFO - [2022-09-24T20:02:20.079+0000] {dagbag.py:525} INFO - Filling up the DagBag from /home/airflow/.local/lib/python3.7/site-packages/airflow/example_dags/example_complex.py
[2022-09-24T20:02:20.138+0000] {processor.py:768} INFO - DAG(s) dict_keys(['example_complex']) retrieved from /home/airflow/.local/lib/python3.7/site-packages/airflow/example_dags/example_complex.py
[2022-09-24T20:02:20.235+0000] {logging_mixin.py:117} INFO - [2022-09-24T20:02:20.235+0000] {dag.py:2573} INFO - Sync 1 DAGs
[2022-09-24T20:02:20.288+0000] {logging_mixin.py:117} INFO - [2022-09-24T20:02:20.287+0000] {dag.py:3328} INFO - Setting next_dagrun for example_complex to None, run_after=None
[2022-09-24T20:02:20.329+0000] {processor.py:178} INFO - Processing /home/airflow/.local/lib/python3.7/site-packages/airflow/example_dags/example_complex.py took 0.275 seconds
[2022-09-24T20:02:50.711+0000] {processor.py:156} INFO - Started process (PID=4745) to work on /home/airflow/.local/lib/python3.7/site-packages/airflow/example_dags/example_complex.py
[2022-09-24T20:02:50.725+0000] {processor.py:758} INFO - Processing file /home/airflow/.local/lib/python3.7/site-packages/airflow/example_dags/example_complex.py for tasks to queue
[2022-09-24T20:02:50.735+0000] {logging_mixin.py:117} INFO - [2022-09-24T20:02:50.733+0000] {dagbag.py:525} INFO - Filling up the DagBag from /home/airflow/.local/lib/python3.7/site-packages/airflow/example_dags/example_complex.py
[2022-09-24T20:02:50.856+0000] {processor.py:768} INFO - DAG(s) dict_keys(['example_complex']) retrieved from /home/airflow/.local/lib/python3.7/site-packages/airflow/example_dags/example_complex.py
[2022-09-24T20:02:50.987+0000] {logging_mixin.py:117} INFO - [2022-09-24T20:02:50.977+0000] {dag.py:2573} INFO - Sync 1 DAGs
[2022-09-24T20:02:51.059+0000] {logging_mixin.py:117} INFO - [2022-09-24T20:02:51.059+0000] {dag.py:3328} INFO - Setting next_dagrun for example_complex to None, run_after=None
[2022-09-24T20:02:51.106+0000] {processor.py:178} INFO - Processing /home/airflow/.local/lib/python3.7/site-packages/airflow/example_dags/example_complex.py took 0.408 seconds
[2022-09-24T20:03:21.224+0000] {processor.py:156} INFO - Started process (PID=4951) to work on /home/airflow/.local/lib/python3.7/site-packages/airflow/example_dags/example_complex.py
[2022-09-24T20:03:21.230+0000] {processor.py:758} INFO - Processing file /home/airflow/.local/lib/python3.7/site-packages/airflow/example_dags/example_complex.py for tasks to queue
[2022-09-24T20:03:21.238+0000] {logging_mixin.py:117} INFO - [2022-09-24T20:03:21.237+0000] {dagbag.py:525} INFO - Filling up the DagBag from /home/airflow/.local/lib/python3.7/site-packages/airflow/example_dags/example_complex.py
[2022-09-24T20:03:21.342+0000] {processor.py:768} INFO - DAG(s) dict_keys(['example_complex']) retrieved from /home/airflow/.local/lib/python3.7/site-packages/airflow/example_dags/example_complex.py
[2022-09-24T20:03:21.518+0000] {logging_mixin.py:117} INFO - [2022-09-24T20:03:21.518+0000] {dag.py:2573} INFO - Sync 1 DAGs
[2022-09-24T20:03:21.594+0000] {logging_mixin.py:117} INFO - [2022-09-24T20:03:21.594+0000] {dag.py:3328} INFO - Setting next_dagrun for example_complex to None, run_after=None
[2022-09-24T20:03:21.658+0000] {processor.py:178} INFO - Processing /home/airflow/.local/lib/python3.7/site-packages/airflow/example_dags/example_complex.py took 0.443 seconds
[2022-09-24T20:03:51.955+0000] {processor.py:156} INFO - Started process (PID=5140) to work on /home/airflow/.local/lib/python3.7/site-packages/airflow/example_dags/example_complex.py
[2022-09-24T20:03:51.960+0000] {processor.py:758} INFO - Processing file /home/airflow/.local/lib/python3.7/site-packages/airflow/example_dags/example_complex.py for tasks to queue
[2022-09-24T20:03:51.964+0000] {logging_mixin.py:117} INFO - [2022-09-24T20:03:51.963+0000] {dagbag.py:525} INFO - Filling up the DagBag from /home/airflow/.local/lib/python3.7/site-packages/airflow/example_dags/example_complex.py
[2022-09-24T20:03:52.031+0000] {processor.py:768} INFO - DAG(s) dict_keys(['example_complex']) retrieved from /home/airflow/.local/lib/python3.7/site-packages/airflow/example_dags/example_complex.py
[2022-09-24T20:03:52.137+0000] {logging_mixin.py:117} INFO - [2022-09-24T20:03:52.136+0000] {dag.py:2573} INFO - Sync 1 DAGs
[2022-09-24T20:03:52.202+0000] {logging_mixin.py:117} INFO - [2022-09-24T20:03:52.202+0000] {dag.py:3328} INFO - Setting next_dagrun for example_complex to None, run_after=None
[2022-09-24T20:03:52.261+0000] {processor.py:178} INFO - Processing /home/airflow/.local/lib/python3.7/site-packages/airflow/example_dags/example_complex.py took 0.321 seconds
[2022-09-24T20:04:22.598+0000] {processor.py:156} INFO - Started process (PID=5347) to work on /home/airflow/.local/lib/python3.7/site-packages/airflow/example_dags/example_complex.py
[2022-09-24T20:04:22.602+0000] {processor.py:758} INFO - Processing file /home/airflow/.local/lib/python3.7/site-packages/airflow/example_dags/example_complex.py for tasks to queue
[2022-09-24T20:04:22.606+0000] {logging_mixin.py:117} INFO - [2022-09-24T20:04:22.605+0000] {dagbag.py:525} INFO - Filling up the DagBag from /home/airflow/.local/lib/python3.7/site-packages/airflow/example_dags/example_complex.py
[2022-09-24T20:04:22.716+0000] {processor.py:768} INFO - DAG(s) dict_keys(['example_complex']) retrieved from /home/airflow/.local/lib/python3.7/site-packages/airflow/example_dags/example_complex.py
[2022-09-24T20:04:22.835+0000] {logging_mixin.py:117} INFO - [2022-09-24T20:04:22.834+0000] {dag.py:2573} INFO - Sync 1 DAGs
[2022-09-24T20:04:22.893+0000] {logging_mixin.py:117} INFO - [2022-09-24T20:04:22.893+0000] {dag.py:3328} INFO - Setting next_dagrun for example_complex to None, run_after=None
[2022-09-24T20:04:22.951+0000] {processor.py:178} INFO - Processing /home/airflow/.local/lib/python3.7/site-packages/airflow/example_dags/example_complex.py took 0.368 seconds
[2022-09-24T20:04:54.806+0000] {processor.py:156} INFO - Started process (PID=5545) to work on /home/airflow/.local/lib/python3.7/site-packages/airflow/example_dags/example_complex.py
[2022-09-24T20:04:54.818+0000] {processor.py:758} INFO - Processing file /home/airflow/.local/lib/python3.7/site-packages/airflow/example_dags/example_complex.py for tasks to queue
[2022-09-24T20:04:54.825+0000] {logging_mixin.py:117} INFO - [2022-09-24T20:04:54.825+0000] {dagbag.py:525} INFO - Filling up the DagBag from /home/airflow/.local/lib/python3.7/site-packages/airflow/example_dags/example_complex.py
[2022-09-24T20:04:55.261+0000] {processor.py:768} INFO - DAG(s) dict_keys(['example_complex']) retrieved from /home/airflow/.local/lib/python3.7/site-packages/airflow/example_dags/example_complex.py
[2022-09-24T20:04:55.689+0000] {logging_mixin.py:117} INFO - [2022-09-24T20:04:55.689+0000] {dag.py:2573} INFO - Sync 1 DAGs
[2022-09-24T20:04:55.859+0000] {logging_mixin.py:117} INFO - [2022-09-24T20:04:55.858+0000] {dag.py:3328} INFO - Setting next_dagrun for example_complex to None, run_after=None
[2022-09-24T20:04:55.975+0000] {processor.py:178} INFO - Processing /home/airflow/.local/lib/python3.7/site-packages/airflow/example_dags/example_complex.py took 1.201 seconds
[2022-09-24T20:05:26.721+0000] {processor.py:156} INFO - Started process (PID=5739) to work on /home/airflow/.local/lib/python3.7/site-packages/airflow/example_dags/example_complex.py
[2022-09-24T20:05:26.736+0000] {processor.py:758} INFO - Processing file /home/airflow/.local/lib/python3.7/site-packages/airflow/example_dags/example_complex.py for tasks to queue
[2022-09-24T20:05:26.752+0000] {logging_mixin.py:117} INFO - [2022-09-24T20:05:26.750+0000] {dagbag.py:525} INFO - Filling up the DagBag from /home/airflow/.local/lib/python3.7/site-packages/airflow/example_dags/example_complex.py
[2022-09-24T20:05:27.116+0000] {processor.py:768} INFO - DAG(s) dict_keys(['example_complex']) retrieved from /home/airflow/.local/lib/python3.7/site-packages/airflow/example_dags/example_complex.py
[2022-09-24T20:05:27.332+0000] {logging_mixin.py:117} INFO - [2022-09-24T20:05:27.332+0000] {dag.py:2573} INFO - Sync 1 DAGs
[2022-09-24T20:05:27.657+0000] {logging_mixin.py:117} INFO - [2022-09-24T20:05:27.656+0000] {dag.py:3328} INFO - Setting next_dagrun for example_complex to None, run_after=None
[2022-09-24T20:05:27.754+0000] {processor.py:178} INFO - Processing /home/airflow/.local/lib/python3.7/site-packages/airflow/example_dags/example_complex.py took 1.121 seconds
[2022-09-24T20:05:58.241+0000] {processor.py:156} INFO - Started process (PID=5934) to work on /home/airflow/.local/lib/python3.7/site-packages/airflow/example_dags/example_complex.py
[2022-09-24T20:05:58.249+0000] {processor.py:758} INFO - Processing file /home/airflow/.local/lib/python3.7/site-packages/airflow/example_dags/example_complex.py for tasks to queue
[2022-09-24T20:05:58.253+0000] {logging_mixin.py:117} INFO - [2022-09-24T20:05:58.252+0000] {dagbag.py:525} INFO - Filling up the DagBag from /home/airflow/.local/lib/python3.7/site-packages/airflow/example_dags/example_complex.py
[2022-09-24T20:05:58.365+0000] {processor.py:768} INFO - DAG(s) dict_keys(['example_complex']) retrieved from /home/airflow/.local/lib/python3.7/site-packages/airflow/example_dags/example_complex.py
[2022-09-24T20:05:58.608+0000] {logging_mixin.py:117} INFO - [2022-09-24T20:05:58.608+0000] {dag.py:2573} INFO - Sync 1 DAGs
[2022-09-24T20:05:58.702+0000] {logging_mixin.py:117} INFO - [2022-09-24T20:05:58.702+0000] {dag.py:3328} INFO - Setting next_dagrun for example_complex to None, run_after=None
[2022-09-24T20:05:58.884+0000] {processor.py:178} INFO - Processing /home/airflow/.local/lib/python3.7/site-packages/airflow/example_dags/example_complex.py took 0.649 seconds
[2022-09-24T20:06:29.220+0000] {processor.py:156} INFO - Started process (PID=6131) to work on /home/airflow/.local/lib/python3.7/site-packages/airflow/example_dags/example_complex.py
[2022-09-24T20:06:29.226+0000] {processor.py:758} INFO - Processing file /home/airflow/.local/lib/python3.7/site-packages/airflow/example_dags/example_complex.py for tasks to queue
[2022-09-24T20:06:29.236+0000] {logging_mixin.py:117} INFO - [2022-09-24T20:06:29.235+0000] {dagbag.py:525} INFO - Filling up the DagBag from /home/airflow/.local/lib/python3.7/site-packages/airflow/example_dags/example_complex.py
[2022-09-24T20:06:29.300+0000] {processor.py:768} INFO - DAG(s) dict_keys(['example_complex']) retrieved from /home/airflow/.local/lib/python3.7/site-packages/airflow/example_dags/example_complex.py
[2022-09-24T20:06:29.431+0000] {logging_mixin.py:117} INFO - [2022-09-24T20:06:29.431+0000] {dag.py:2573} INFO - Sync 1 DAGs
[2022-09-24T20:06:29.552+0000] {logging_mixin.py:117} INFO - [2022-09-24T20:06:29.552+0000] {dag.py:3328} INFO - Setting next_dagrun for example_complex to None, run_after=None
[2022-09-24T20:06:29.620+0000] {processor.py:178} INFO - Processing /home/airflow/.local/lib/python3.7/site-packages/airflow/example_dags/example_complex.py took 0.419 seconds
[2022-09-24T20:06:59.759+0000] {processor.py:156} INFO - Started process (PID=6329) to work on /home/airflow/.local/lib/python3.7/site-packages/airflow/example_dags/example_complex.py
[2022-09-24T20:06:59.763+0000] {processor.py:758} INFO - Processing file /home/airflow/.local/lib/python3.7/site-packages/airflow/example_dags/example_complex.py for tasks to queue
[2022-09-24T20:06:59.769+0000] {logging_mixin.py:117} INFO - [2022-09-24T20:06:59.768+0000] {dagbag.py:525} INFO - Filling up the DagBag from /home/airflow/.local/lib/python3.7/site-packages/airflow/example_dags/example_complex.py
[2022-09-24T20:06:59.887+0000] {processor.py:768} INFO - DAG(s) dict_keys(['example_complex']) retrieved from /home/airflow/.local/lib/python3.7/site-packages/airflow/example_dags/example_complex.py
[2022-09-24T20:07:00.017+0000] {logging_mixin.py:117} INFO - [2022-09-24T20:07:00.017+0000] {dag.py:2573} INFO - Sync 1 DAGs
[2022-09-24T20:07:00.076+0000] {logging_mixin.py:117} INFO - [2022-09-24T20:07:00.075+0000] {dag.py:3328} INFO - Setting next_dagrun for example_complex to None, run_after=None
[2022-09-24T20:07:00.176+0000] {processor.py:178} INFO - Processing /home/airflow/.local/lib/python3.7/site-packages/airflow/example_dags/example_complex.py took 0.425 seconds
[2022-09-24T20:07:30.950+0000] {processor.py:156} INFO - Started process (PID=6528) to work on /home/airflow/.local/lib/python3.7/site-packages/airflow/example_dags/example_complex.py
[2022-09-24T20:07:30.955+0000] {processor.py:758} INFO - Processing file /home/airflow/.local/lib/python3.7/site-packages/airflow/example_dags/example_complex.py for tasks to queue
[2022-09-24T20:07:30.958+0000] {logging_mixin.py:117} INFO - [2022-09-24T20:07:30.958+0000] {dagbag.py:525} INFO - Filling up the DagBag from /home/airflow/.local/lib/python3.7/site-packages/airflow/example_dags/example_complex.py
[2022-09-24T20:07:31.058+0000] {processor.py:768} INFO - DAG(s) dict_keys(['example_complex']) retrieved from /home/airflow/.local/lib/python3.7/site-packages/airflow/example_dags/example_complex.py
[2022-09-24T20:07:31.294+0000] {logging_mixin.py:117} INFO - [2022-09-24T20:07:31.294+0000] {dag.py:2573} INFO - Sync 1 DAGs
[2022-09-24T20:07:31.384+0000] {logging_mixin.py:117} INFO - [2022-09-24T20:07:31.384+0000] {dag.py:3328} INFO - Setting next_dagrun for example_complex to None, run_after=None
[2022-09-24T20:07:31.441+0000] {processor.py:178} INFO - Processing /home/airflow/.local/lib/python3.7/site-packages/airflow/example_dags/example_complex.py took 0.509 seconds
[2022-09-24T20:08:02.341+0000] {processor.py:156} INFO - Started process (PID=6735) to work on /home/airflow/.local/lib/python3.7/site-packages/airflow/example_dags/example_complex.py
[2022-09-24T20:08:02.346+0000] {processor.py:758} INFO - Processing file /home/airflow/.local/lib/python3.7/site-packages/airflow/example_dags/example_complex.py for tasks to queue
[2022-09-24T20:08:02.352+0000] {logging_mixin.py:117} INFO - [2022-09-24T20:08:02.351+0000] {dagbag.py:525} INFO - Filling up the DagBag from /home/airflow/.local/lib/python3.7/site-packages/airflow/example_dags/example_complex.py
[2022-09-24T20:08:02.447+0000] {processor.py:768} INFO - DAG(s) dict_keys(['example_complex']) retrieved from /home/airflow/.local/lib/python3.7/site-packages/airflow/example_dags/example_complex.py
[2022-09-24T20:08:02.560+0000] {logging_mixin.py:117} INFO - [2022-09-24T20:08:02.560+0000] {dag.py:2573} INFO - Sync 1 DAGs
[2022-09-24T20:08:02.621+0000] {logging_mixin.py:117} INFO - [2022-09-24T20:08:02.621+0000] {dag.py:3328} INFO - Setting next_dagrun for example_complex to None, run_after=None
[2022-09-24T20:08:02.666+0000] {processor.py:178} INFO - Processing /home/airflow/.local/lib/python3.7/site-packages/airflow/example_dags/example_complex.py took 0.338 seconds
[2022-09-24T20:08:33.377+0000] {processor.py:156} INFO - Started process (PID=6934) to work on /home/airflow/.local/lib/python3.7/site-packages/airflow/example_dags/example_complex.py
[2022-09-24T20:08:33.381+0000] {processor.py:758} INFO - Processing file /home/airflow/.local/lib/python3.7/site-packages/airflow/example_dags/example_complex.py for tasks to queue
[2022-09-24T20:08:33.385+0000] {logging_mixin.py:117} INFO - [2022-09-24T20:08:33.384+0000] {dagbag.py:525} INFO - Filling up the DagBag from /home/airflow/.local/lib/python3.7/site-packages/airflow/example_dags/example_complex.py
[2022-09-24T20:08:33.505+0000] {processor.py:768} INFO - DAG(s) dict_keys(['example_complex']) retrieved from /home/airflow/.local/lib/python3.7/site-packages/airflow/example_dags/example_complex.py
[2022-09-24T20:08:33.740+0000] {logging_mixin.py:117} INFO - [2022-09-24T20:08:33.740+0000] {dag.py:2573} INFO - Sync 1 DAGs
[2022-09-24T20:08:33.855+0000] {logging_mixin.py:117} INFO - [2022-09-24T20:08:33.855+0000] {dag.py:3328} INFO - Setting next_dagrun for example_complex to None, run_after=None
[2022-09-24T20:08:33.941+0000] {processor.py:178} INFO - Processing /home/airflow/.local/lib/python3.7/site-packages/airflow/example_dags/example_complex.py took 0.570 seconds
[2022-09-24T20:09:04.652+0000] {processor.py:156} INFO - Started process (PID=7142) to work on /home/airflow/.local/lib/python3.7/site-packages/airflow/example_dags/example_complex.py
[2022-09-24T20:09:04.658+0000] {processor.py:758} INFO - Processing file /home/airflow/.local/lib/python3.7/site-packages/airflow/example_dags/example_complex.py for tasks to queue
[2022-09-24T20:09:04.663+0000] {logging_mixin.py:117} INFO - [2022-09-24T20:09:04.663+0000] {dagbag.py:525} INFO - Filling up the DagBag from /home/airflow/.local/lib/python3.7/site-packages/airflow/example_dags/example_complex.py
[2022-09-24T20:09:04.780+0000] {processor.py:768} INFO - DAG(s) dict_keys(['example_complex']) retrieved from /home/airflow/.local/lib/python3.7/site-packages/airflow/example_dags/example_complex.py
[2022-09-24T20:09:04.918+0000] {logging_mixin.py:117} INFO - [2022-09-24T20:09:04.918+0000] {dag.py:2573} INFO - Sync 1 DAGs
[2022-09-24T20:09:04.997+0000] {logging_mixin.py:117} INFO - [2022-09-24T20:09:04.996+0000] {dag.py:3328} INFO - Setting next_dagrun for example_complex to None, run_after=None
[2022-09-24T20:09:05.057+0000] {processor.py:178} INFO - Processing /home/airflow/.local/lib/python3.7/site-packages/airflow/example_dags/example_complex.py took 0.422 seconds
[2022-09-24T20:09:35.447+0000] {processor.py:156} INFO - Started process (PID=7341) to work on /home/airflow/.local/lib/python3.7/site-packages/airflow/example_dags/example_complex.py
[2022-09-24T20:09:35.454+0000] {processor.py:758} INFO - Processing file /home/airflow/.local/lib/python3.7/site-packages/airflow/example_dags/example_complex.py for tasks to queue
[2022-09-24T20:09:35.458+0000] {logging_mixin.py:117} INFO - [2022-09-24T20:09:35.457+0000] {dagbag.py:525} INFO - Filling up the DagBag from /home/airflow/.local/lib/python3.7/site-packages/airflow/example_dags/example_complex.py
[2022-09-24T20:09:35.524+0000] {processor.py:768} INFO - DAG(s) dict_keys(['example_complex']) retrieved from /home/airflow/.local/lib/python3.7/site-packages/airflow/example_dags/example_complex.py
[2022-09-24T20:09:35.632+0000] {logging_mixin.py:117} INFO - [2022-09-24T20:09:35.632+0000] {dag.py:2573} INFO - Sync 1 DAGs
[2022-09-24T20:09:35.688+0000] {logging_mixin.py:117} INFO - [2022-09-24T20:09:35.688+0000] {dag.py:3328} INFO - Setting next_dagrun for example_complex to None, run_after=None
[2022-09-24T20:09:35.834+0000] {processor.py:178} INFO - Processing /home/airflow/.local/lib/python3.7/site-packages/airflow/example_dags/example_complex.py took 0.399 seconds
[2022-09-24T20:10:06.036+0000] {processor.py:156} INFO - Started process (PID=7548) to work on /home/airflow/.local/lib/python3.7/site-packages/airflow/example_dags/example_complex.py
[2022-09-24T20:10:06.039+0000] {processor.py:758} INFO - Processing file /home/airflow/.local/lib/python3.7/site-packages/airflow/example_dags/example_complex.py for tasks to queue
[2022-09-24T20:10:06.043+0000] {logging_mixin.py:117} INFO - [2022-09-24T20:10:06.042+0000] {dagbag.py:525} INFO - Filling up the DagBag from /home/airflow/.local/lib/python3.7/site-packages/airflow/example_dags/example_complex.py
[2022-09-24T20:10:06.141+0000] {processor.py:768} INFO - DAG(s) dict_keys(['example_complex']) retrieved from /home/airflow/.local/lib/python3.7/site-packages/airflow/example_dags/example_complex.py
[2022-09-24T20:10:06.327+0000] {logging_mixin.py:117} INFO - [2022-09-24T20:10:06.327+0000] {dag.py:2573} INFO - Sync 1 DAGs
[2022-09-24T20:10:06.405+0000] {logging_mixin.py:117} INFO - [2022-09-24T20:10:06.404+0000] {dag.py:3328} INFO - Setting next_dagrun for example_complex to None, run_after=None
[2022-09-24T20:10:06.474+0000] {processor.py:178} INFO - Processing /home/airflow/.local/lib/python3.7/site-packages/airflow/example_dags/example_complex.py took 0.444 seconds
[2022-09-24T20:10:36.663+0000] {processor.py:156} INFO - Started process (PID=7746) to work on /home/airflow/.local/lib/python3.7/site-packages/airflow/example_dags/example_complex.py
[2022-09-24T20:10:36.671+0000] {processor.py:758} INFO - Processing file /home/airflow/.local/lib/python3.7/site-packages/airflow/example_dags/example_complex.py for tasks to queue
[2022-09-24T20:10:36.679+0000] {logging_mixin.py:117} INFO - [2022-09-24T20:10:36.676+0000] {dagbag.py:525} INFO - Filling up the DagBag from /home/airflow/.local/lib/python3.7/site-packages/airflow/example_dags/example_complex.py
[2022-09-24T20:10:36.770+0000] {processor.py:768} INFO - DAG(s) dict_keys(['example_complex']) retrieved from /home/airflow/.local/lib/python3.7/site-packages/airflow/example_dags/example_complex.py
[2022-09-24T20:10:37.049+0000] {logging_mixin.py:117} INFO - [2022-09-24T20:10:37.049+0000] {dag.py:2573} INFO - Sync 1 DAGs
[2022-09-24T20:10:37.137+0000] {logging_mixin.py:117} INFO - [2022-09-24T20:10:37.136+0000] {dag.py:3328} INFO - Setting next_dagrun for example_complex to None, run_after=None
[2022-09-24T20:10:37.235+0000] {processor.py:178} INFO - Processing /home/airflow/.local/lib/python3.7/site-packages/airflow/example_dags/example_complex.py took 0.585 seconds
[2022-09-24T20:11:07.534+0000] {processor.py:156} INFO - Started process (PID=7952) to work on /home/airflow/.local/lib/python3.7/site-packages/airflow/example_dags/example_complex.py
[2022-09-24T20:11:07.542+0000] {processor.py:758} INFO - Processing file /home/airflow/.local/lib/python3.7/site-packages/airflow/example_dags/example_complex.py for tasks to queue
[2022-09-24T20:11:07.549+0000] {logging_mixin.py:117} INFO - [2022-09-24T20:11:07.549+0000] {dagbag.py:525} INFO - Filling up the DagBag from /home/airflow/.local/lib/python3.7/site-packages/airflow/example_dags/example_complex.py
[2022-09-24T20:11:07.686+0000] {processor.py:768} INFO - DAG(s) dict_keys(['example_complex']) retrieved from /home/airflow/.local/lib/python3.7/site-packages/airflow/example_dags/example_complex.py
[2022-09-24T20:11:08.143+0000] {logging_mixin.py:117} INFO - [2022-09-24T20:11:08.143+0000] {dag.py:2573} INFO - Sync 1 DAGs
[2022-09-24T20:11:08.220+0000] {logging_mixin.py:117} INFO - [2022-09-24T20:11:08.218+0000] {dag.py:3328} INFO - Setting next_dagrun for example_complex to None, run_after=None
[2022-09-24T20:11:08.311+0000] {processor.py:178} INFO - Processing /home/airflow/.local/lib/python3.7/site-packages/airflow/example_dags/example_complex.py took 0.795 seconds
[2022-09-24T20:11:38.459+0000] {processor.py:156} INFO - Started process (PID=8150) to work on /home/airflow/.local/lib/python3.7/site-packages/airflow/example_dags/example_complex.py
[2022-09-24T20:11:38.469+0000] {processor.py:758} INFO - Processing file /home/airflow/.local/lib/python3.7/site-packages/airflow/example_dags/example_complex.py for tasks to queue
[2022-09-24T20:11:38.474+0000] {logging_mixin.py:117} INFO - [2022-09-24T20:11:38.472+0000] {dagbag.py:525} INFO - Filling up the DagBag from /home/airflow/.local/lib/python3.7/site-packages/airflow/example_dags/example_complex.py
[2022-09-24T20:11:38.606+0000] {processor.py:768} INFO - DAG(s) dict_keys(['example_complex']) retrieved from /home/airflow/.local/lib/python3.7/site-packages/airflow/example_dags/example_complex.py
[2022-09-24T20:11:38.815+0000] {logging_mixin.py:117} INFO - [2022-09-24T20:11:38.815+0000] {dag.py:2573} INFO - Sync 1 DAGs
[2022-09-24T20:11:38.902+0000] {logging_mixin.py:117} INFO - [2022-09-24T20:11:38.901+0000] {dag.py:3328} INFO - Setting next_dagrun for example_complex to None, run_after=None
[2022-09-24T20:11:39.011+0000] {processor.py:178} INFO - Processing /home/airflow/.local/lib/python3.7/site-packages/airflow/example_dags/example_complex.py took 0.562 seconds
[2022-09-24T20:12:09.484+0000] {processor.py:156} INFO - Started process (PID=8348) to work on /home/airflow/.local/lib/python3.7/site-packages/airflow/example_dags/example_complex.py
[2022-09-24T20:12:09.489+0000] {processor.py:758} INFO - Processing file /home/airflow/.local/lib/python3.7/site-packages/airflow/example_dags/example_complex.py for tasks to queue
[2022-09-24T20:12:09.495+0000] {logging_mixin.py:117} INFO - [2022-09-24T20:12:09.495+0000] {dagbag.py:525} INFO - Filling up the DagBag from /home/airflow/.local/lib/python3.7/site-packages/airflow/example_dags/example_complex.py
[2022-09-24T20:12:09.612+0000] {processor.py:768} INFO - DAG(s) dict_keys(['example_complex']) retrieved from /home/airflow/.local/lib/python3.7/site-packages/airflow/example_dags/example_complex.py
[2022-09-24T20:12:09.882+0000] {logging_mixin.py:117} INFO - [2022-09-24T20:12:09.881+0000] {dag.py:2573} INFO - Sync 1 DAGs
[2022-09-24T20:12:10.012+0000] {logging_mixin.py:117} INFO - [2022-09-24T20:12:10.012+0000] {dag.py:3328} INFO - Setting next_dagrun for example_complex to None, run_after=None
[2022-09-24T20:12:10.105+0000] {processor.py:178} INFO - Processing /home/airflow/.local/lib/python3.7/site-packages/airflow/example_dags/example_complex.py took 0.629 seconds
[2022-09-24T20:12:40.616+0000] {processor.py:156} INFO - Started process (PID=8546) to work on /home/airflow/.local/lib/python3.7/site-packages/airflow/example_dags/example_complex.py
[2022-09-24T20:12:40.620+0000] {processor.py:758} INFO - Processing file /home/airflow/.local/lib/python3.7/site-packages/airflow/example_dags/example_complex.py for tasks to queue
[2022-09-24T20:12:40.625+0000] {logging_mixin.py:117} INFO - [2022-09-24T20:12:40.625+0000] {dagbag.py:525} INFO - Filling up the DagBag from /home/airflow/.local/lib/python3.7/site-packages/airflow/example_dags/example_complex.py
[2022-09-24T20:12:40.703+0000] {processor.py:768} INFO - DAG(s) dict_keys(['example_complex']) retrieved from /home/airflow/.local/lib/python3.7/site-packages/airflow/example_dags/example_complex.py
[2022-09-24T20:12:41.090+0000] {logging_mixin.py:117} INFO - [2022-09-24T20:12:41.089+0000] {dag.py:2573} INFO - Sync 1 DAGs
[2022-09-24T20:12:41.219+0000] {logging_mixin.py:117} INFO - [2022-09-24T20:12:41.218+0000] {dag.py:3328} INFO - Setting next_dagrun for example_complex to None, run_after=None
[2022-09-24T20:12:41.303+0000] {processor.py:178} INFO - Processing /home/airflow/.local/lib/python3.7/site-packages/airflow/example_dags/example_complex.py took 0.696 seconds
[2022-09-24T20:13:12.003+0000] {processor.py:156} INFO - Started process (PID=8742) to work on /home/airflow/.local/lib/python3.7/site-packages/airflow/example_dags/example_complex.py
[2022-09-24T20:13:12.009+0000] {processor.py:758} INFO - Processing file /home/airflow/.local/lib/python3.7/site-packages/airflow/example_dags/example_complex.py for tasks to queue
[2022-09-24T20:13:12.014+0000] {logging_mixin.py:117} INFO - [2022-09-24T20:13:12.013+0000] {dagbag.py:525} INFO - Filling up the DagBag from /home/airflow/.local/lib/python3.7/site-packages/airflow/example_dags/example_complex.py
[2022-09-24T20:13:12.077+0000] {processor.py:768} INFO - DAG(s) dict_keys(['example_complex']) retrieved from /home/airflow/.local/lib/python3.7/site-packages/airflow/example_dags/example_complex.py
[2022-09-24T20:13:12.193+0000] {logging_mixin.py:117} INFO - [2022-09-24T20:13:12.193+0000] {dag.py:2573} INFO - Sync 1 DAGs
[2022-09-24T20:13:12.311+0000] {logging_mixin.py:117} INFO - [2022-09-24T20:13:12.310+0000] {dag.py:3328} INFO - Setting next_dagrun for example_complex to None, run_after=None
[2022-09-24T20:13:12.355+0000] {processor.py:178} INFO - Processing /home/airflow/.local/lib/python3.7/site-packages/airflow/example_dags/example_complex.py took 0.360 seconds
[2022-09-24T20:13:43.194+0000] {processor.py:156} INFO - Started process (PID=8940) to work on /home/airflow/.local/lib/python3.7/site-packages/airflow/example_dags/example_complex.py
[2022-09-24T20:13:43.205+0000] {processor.py:758} INFO - Processing file /home/airflow/.local/lib/python3.7/site-packages/airflow/example_dags/example_complex.py for tasks to queue
[2022-09-24T20:13:43.216+0000] {logging_mixin.py:117} INFO - [2022-09-24T20:13:43.215+0000] {dagbag.py:525} INFO - Filling up the DagBag from /home/airflow/.local/lib/python3.7/site-packages/airflow/example_dags/example_complex.py
[2022-09-24T20:13:43.310+0000] {processor.py:768} INFO - DAG(s) dict_keys(['example_complex']) retrieved from /home/airflow/.local/lib/python3.7/site-packages/airflow/example_dags/example_complex.py
[2022-09-24T20:13:43.419+0000] {logging_mixin.py:117} INFO - [2022-09-24T20:13:43.419+0000] {dag.py:2573} INFO - Sync 1 DAGs
[2022-09-24T20:13:43.479+0000] {logging_mixin.py:117} INFO - [2022-09-24T20:13:43.478+0000] {dag.py:3328} INFO - Setting next_dagrun for example_complex to None, run_after=None
[2022-09-24T20:13:43.527+0000] {processor.py:178} INFO - Processing /home/airflow/.local/lib/python3.7/site-packages/airflow/example_dags/example_complex.py took 0.348 seconds
[2022-09-24T20:14:14.055+0000] {processor.py:156} INFO - Started process (PID=9128) to work on /home/airflow/.local/lib/python3.7/site-packages/airflow/example_dags/example_complex.py
[2022-09-24T20:14:14.101+0000] {processor.py:758} INFO - Processing file /home/airflow/.local/lib/python3.7/site-packages/airflow/example_dags/example_complex.py for tasks to queue
[2022-09-24T20:14:14.118+0000] {logging_mixin.py:117} INFO - [2022-09-24T20:14:14.118+0000] {dagbag.py:525} INFO - Filling up the DagBag from /home/airflow/.local/lib/python3.7/site-packages/airflow/example_dags/example_complex.py
[2022-09-24T20:14:14.376+0000] {processor.py:768} INFO - DAG(s) dict_keys(['example_complex']) retrieved from /home/airflow/.local/lib/python3.7/site-packages/airflow/example_dags/example_complex.py
[2022-09-24T20:14:14.747+0000] {logging_mixin.py:117} INFO - [2022-09-24T20:14:14.744+0000] {dag.py:2573} INFO - Sync 1 DAGs
[2022-09-24T20:14:15.202+0000] {logging_mixin.py:117} INFO - [2022-09-24T20:14:15.201+0000] {dag.py:3328} INFO - Setting next_dagrun for example_complex to None, run_after=None
[2022-09-24T20:14:15.685+0000] {processor.py:178} INFO - Processing /home/airflow/.local/lib/python3.7/site-packages/airflow/example_dags/example_complex.py took 1.680 seconds
[2022-09-24T20:14:46.224+0000] {processor.py:156} INFO - Started process (PID=9328) to work on /home/airflow/.local/lib/python3.7/site-packages/airflow/example_dags/example_complex.py
[2022-09-24T20:14:46.227+0000] {processor.py:758} INFO - Processing file /home/airflow/.local/lib/python3.7/site-packages/airflow/example_dags/example_complex.py for tasks to queue
[2022-09-24T20:14:46.229+0000] {logging_mixin.py:117} INFO - [2022-09-24T20:14:46.229+0000] {dagbag.py:525} INFO - Filling up the DagBag from /home/airflow/.local/lib/python3.7/site-packages/airflow/example_dags/example_complex.py
[2022-09-24T20:14:46.276+0000] {processor.py:768} INFO - DAG(s) dict_keys(['example_complex']) retrieved from /home/airflow/.local/lib/python3.7/site-packages/airflow/example_dags/example_complex.py
[2022-09-24T20:14:46.373+0000] {logging_mixin.py:117} INFO - [2022-09-24T20:14:46.373+0000] {dag.py:2573} INFO - Sync 1 DAGs
[2022-09-24T20:14:46.421+0000] {logging_mixin.py:117} INFO - [2022-09-24T20:14:46.421+0000] {dag.py:3328} INFO - Setting next_dagrun for example_complex to None, run_after=None
[2022-09-24T20:14:46.463+0000] {processor.py:178} INFO - Processing /home/airflow/.local/lib/python3.7/site-packages/airflow/example_dags/example_complex.py took 0.247 seconds
[2022-09-24T20:15:16.749+0000] {processor.py:156} INFO - Started process (PID=9526) to work on /home/airflow/.local/lib/python3.7/site-packages/airflow/example_dags/example_complex.py
[2022-09-24T20:15:16.754+0000] {processor.py:758} INFO - Processing file /home/airflow/.local/lib/python3.7/site-packages/airflow/example_dags/example_complex.py for tasks to queue
[2022-09-24T20:15:16.761+0000] {logging_mixin.py:117} INFO - [2022-09-24T20:15:16.761+0000] {dagbag.py:525} INFO - Filling up the DagBag from /home/airflow/.local/lib/python3.7/site-packages/airflow/example_dags/example_complex.py
[2022-09-24T20:15:16.935+0000] {processor.py:768} INFO - DAG(s) dict_keys(['example_complex']) retrieved from /home/airflow/.local/lib/python3.7/site-packages/airflow/example_dags/example_complex.py
[2022-09-24T20:15:17.079+0000] {logging_mixin.py:117} INFO - [2022-09-24T20:15:17.079+0000] {dag.py:2573} INFO - Sync 1 DAGs
[2022-09-24T20:15:17.148+0000] {logging_mixin.py:117} INFO - [2022-09-24T20:15:17.148+0000] {dag.py:3328} INFO - Setting next_dagrun for example_complex to None, run_after=None
[2022-09-24T20:15:17.209+0000] {processor.py:178} INFO - Processing /home/airflow/.local/lib/python3.7/site-packages/airflow/example_dags/example_complex.py took 0.466 seconds
[2022-09-24T20:15:48.827+0000] {processor.py:156} INFO - Started process (PID=9722) to work on /home/airflow/.local/lib/python3.7/site-packages/airflow/example_dags/example_complex.py
[2022-09-24T20:15:48.844+0000] {processor.py:758} INFO - Processing file /home/airflow/.local/lib/python3.7/site-packages/airflow/example_dags/example_complex.py for tasks to queue
[2022-09-24T20:15:48.850+0000] {logging_mixin.py:117} INFO - [2022-09-24T20:15:48.849+0000] {dagbag.py:525} INFO - Filling up the DagBag from /home/airflow/.local/lib/python3.7/site-packages/airflow/example_dags/example_complex.py
[2022-09-24T20:15:48.904+0000] {processor.py:768} INFO - DAG(s) dict_keys(['example_complex']) retrieved from /home/airflow/.local/lib/python3.7/site-packages/airflow/example_dags/example_complex.py
[2022-09-24T20:15:49.001+0000] {logging_mixin.py:117} INFO - [2022-09-24T20:15:49.000+0000] {dag.py:2573} INFO - Sync 1 DAGs
[2022-09-24T20:15:49.056+0000] {logging_mixin.py:117} INFO - [2022-09-24T20:15:49.056+0000] {dag.py:3328} INFO - Setting next_dagrun for example_complex to None, run_after=None
[2022-09-24T20:15:49.109+0000] {processor.py:178} INFO - Processing /home/airflow/.local/lib/python3.7/site-packages/airflow/example_dags/example_complex.py took 0.295 seconds
[2022-09-24T20:16:21.576+0000] {processor.py:156} INFO - Started process (PID=9918) to work on /home/airflow/.local/lib/python3.7/site-packages/airflow/example_dags/example_complex.py
[2022-09-24T20:16:21.628+0000] {processor.py:758} INFO - Processing file /home/airflow/.local/lib/python3.7/site-packages/airflow/example_dags/example_complex.py for tasks to queue
[2022-09-24T20:16:21.643+0000] {logging_mixin.py:117} INFO - [2022-09-24T20:16:21.643+0000] {dagbag.py:525} INFO - Filling up the DagBag from /home/airflow/.local/lib/python3.7/site-packages/airflow/example_dags/example_complex.py
[2022-09-24T20:16:21.941+0000] {processor.py:768} INFO - DAG(s) dict_keys(['example_complex']) retrieved from /home/airflow/.local/lib/python3.7/site-packages/airflow/example_dags/example_complex.py
[2022-09-24T20:16:23.008+0000] {logging_mixin.py:117} INFO - [2022-09-24T20:16:23.008+0000] {dag.py:2573} INFO - Sync 1 DAGs
[2022-09-24T20:16:23.225+0000] {logging_mixin.py:117} INFO - [2022-09-24T20:16:23.225+0000] {dag.py:3328} INFO - Setting next_dagrun for example_complex to None, run_after=None
[2022-09-24T20:16:23.429+0000] {processor.py:178} INFO - Processing /home/airflow/.local/lib/python3.7/site-packages/airflow/example_dags/example_complex.py took 1.934 seconds
[2022-09-24T20:16:54.096+0000] {processor.py:156} INFO - Started process (PID=10120) to work on /home/airflow/.local/lib/python3.7/site-packages/airflow/example_dags/example_complex.py
[2022-09-24T20:16:54.113+0000] {processor.py:758} INFO - Processing file /home/airflow/.local/lib/python3.7/site-packages/airflow/example_dags/example_complex.py for tasks to queue
[2022-09-24T20:16:54.116+0000] {logging_mixin.py:117} INFO - [2022-09-24T20:16:54.115+0000] {dagbag.py:525} INFO - Filling up the DagBag from /home/airflow/.local/lib/python3.7/site-packages/airflow/example_dags/example_complex.py
[2022-09-24T20:16:54.171+0000] {processor.py:768} INFO - DAG(s) dict_keys(['example_complex']) retrieved from /home/airflow/.local/lib/python3.7/site-packages/airflow/example_dags/example_complex.py
[2022-09-24T20:16:54.311+0000] {logging_mixin.py:117} INFO - [2022-09-24T20:16:54.311+0000] {dag.py:2573} INFO - Sync 1 DAGs
[2022-09-24T20:16:54.408+0000] {logging_mixin.py:117} INFO - [2022-09-24T20:16:54.407+0000] {dag.py:3328} INFO - Setting next_dagrun for example_complex to None, run_after=None
[2022-09-24T20:16:54.452+0000] {processor.py:178} INFO - Processing /home/airflow/.local/lib/python3.7/site-packages/airflow/example_dags/example_complex.py took 0.369 seconds
[2022-09-24T20:17:25.050+0000] {processor.py:156} INFO - Started process (PID=10318) to work on /home/airflow/.local/lib/python3.7/site-packages/airflow/example_dags/example_complex.py
[2022-09-24T20:17:25.059+0000] {processor.py:758} INFO - Processing file /home/airflow/.local/lib/python3.7/site-packages/airflow/example_dags/example_complex.py for tasks to queue
[2022-09-24T20:17:25.076+0000] {logging_mixin.py:117} INFO - [2022-09-24T20:17:25.076+0000] {dagbag.py:525} INFO - Filling up the DagBag from /home/airflow/.local/lib/python3.7/site-packages/airflow/example_dags/example_complex.py
[2022-09-24T20:17:25.329+0000] {processor.py:768} INFO - DAG(s) dict_keys(['example_complex']) retrieved from /home/airflow/.local/lib/python3.7/site-packages/airflow/example_dags/example_complex.py
[2022-09-24T20:17:25.638+0000] {logging_mixin.py:117} INFO - [2022-09-24T20:17:25.638+0000] {dag.py:2573} INFO - Sync 1 DAGs
[2022-09-24T20:17:25.767+0000] {logging_mixin.py:117} INFO - [2022-09-24T20:17:25.766+0000] {dag.py:3328} INFO - Setting next_dagrun for example_complex to None, run_after=None
[2022-09-24T20:17:25.865+0000] {processor.py:178} INFO - Processing /home/airflow/.local/lib/python3.7/site-packages/airflow/example_dags/example_complex.py took 0.855 seconds
[2022-09-24T20:17:56.074+0000] {processor.py:156} INFO - Started process (PID=10516) to work on /home/airflow/.local/lib/python3.7/site-packages/airflow/example_dags/example_complex.py
[2022-09-24T20:17:56.080+0000] {processor.py:758} INFO - Processing file /home/airflow/.local/lib/python3.7/site-packages/airflow/example_dags/example_complex.py for tasks to queue
[2022-09-24T20:17:56.083+0000] {logging_mixin.py:117} INFO - [2022-09-24T20:17:56.083+0000] {dagbag.py:525} INFO - Filling up the DagBag from /home/airflow/.local/lib/python3.7/site-packages/airflow/example_dags/example_complex.py
[2022-09-24T20:17:56.136+0000] {processor.py:768} INFO - DAG(s) dict_keys(['example_complex']) retrieved from /home/airflow/.local/lib/python3.7/site-packages/airflow/example_dags/example_complex.py
[2022-09-24T20:17:56.218+0000] {logging_mixin.py:117} INFO - [2022-09-24T20:17:56.217+0000] {dag.py:2573} INFO - Sync 1 DAGs
[2022-09-24T20:17:56.274+0000] {logging_mixin.py:117} INFO - [2022-09-24T20:17:56.274+0000] {dag.py:3328} INFO - Setting next_dagrun for example_complex to None, run_after=None
[2022-09-24T20:17:56.318+0000] {processor.py:178} INFO - Processing /home/airflow/.local/lib/python3.7/site-packages/airflow/example_dags/example_complex.py took 0.286 seconds
[2022-09-24T20:18:27.030+0000] {processor.py:156} INFO - Started process (PID=10714) to work on /home/airflow/.local/lib/python3.7/site-packages/airflow/example_dags/example_complex.py
[2022-09-24T20:18:27.035+0000] {processor.py:758} INFO - Processing file /home/airflow/.local/lib/python3.7/site-packages/airflow/example_dags/example_complex.py for tasks to queue
[2022-09-24T20:18:27.038+0000] {logging_mixin.py:117} INFO - [2022-09-24T20:18:27.038+0000] {dagbag.py:525} INFO - Filling up the DagBag from /home/airflow/.local/lib/python3.7/site-packages/airflow/example_dags/example_complex.py
[2022-09-24T20:18:27.125+0000] {processor.py:768} INFO - DAG(s) dict_keys(['example_complex']) retrieved from /home/airflow/.local/lib/python3.7/site-packages/airflow/example_dags/example_complex.py
[2022-09-24T20:18:27.355+0000] {logging_mixin.py:117} INFO - [2022-09-24T20:18:27.354+0000] {dag.py:2573} INFO - Sync 1 DAGs
[2022-09-24T20:18:27.781+0000] {logging_mixin.py:117} INFO - [2022-09-24T20:18:27.780+0000] {dag.py:3328} INFO - Setting next_dagrun for example_complex to None, run_after=None
[2022-09-24T20:18:27.876+0000] {processor.py:178} INFO - Processing /home/airflow/.local/lib/python3.7/site-packages/airflow/example_dags/example_complex.py took 0.864 seconds
[2022-09-24T20:18:58.519+0000] {processor.py:156} INFO - Started process (PID=10917) to work on /home/airflow/.local/lib/python3.7/site-packages/airflow/example_dags/example_complex.py
[2022-09-24T20:18:58.523+0000] {processor.py:758} INFO - Processing file /home/airflow/.local/lib/python3.7/site-packages/airflow/example_dags/example_complex.py for tasks to queue
[2022-09-24T20:18:58.526+0000] {logging_mixin.py:117} INFO - [2022-09-24T20:18:58.526+0000] {dagbag.py:525} INFO - Filling up the DagBag from /home/airflow/.local/lib/python3.7/site-packages/airflow/example_dags/example_complex.py
[2022-09-24T20:18:58.577+0000] {processor.py:768} INFO - DAG(s) dict_keys(['example_complex']) retrieved from /home/airflow/.local/lib/python3.7/site-packages/airflow/example_dags/example_complex.py
[2022-09-24T20:18:58.697+0000] {logging_mixin.py:117} INFO - [2022-09-24T20:18:58.697+0000] {dag.py:2573} INFO - Sync 1 DAGs
[2022-09-24T20:18:58.763+0000] {logging_mixin.py:117} INFO - [2022-09-24T20:18:58.763+0000] {dag.py:3328} INFO - Setting next_dagrun for example_complex to None, run_after=None
[2022-09-24T20:18:58.832+0000] {processor.py:178} INFO - Processing /home/airflow/.local/lib/python3.7/site-packages/airflow/example_dags/example_complex.py took 0.322 seconds
[2022-09-24T20:19:29.110+0000] {processor.py:156} INFO - Started process (PID=11111) to work on /home/airflow/.local/lib/python3.7/site-packages/airflow/example_dags/example_complex.py
[2022-09-24T20:19:29.126+0000] {processor.py:758} INFO - Processing file /home/airflow/.local/lib/python3.7/site-packages/airflow/example_dags/example_complex.py for tasks to queue
[2022-09-24T20:19:29.129+0000] {logging_mixin.py:117} INFO - [2022-09-24T20:19:29.129+0000] {dagbag.py:525} INFO - Filling up the DagBag from /home/airflow/.local/lib/python3.7/site-packages/airflow/example_dags/example_complex.py
[2022-09-24T20:19:29.321+0000] {processor.py:768} INFO - DAG(s) dict_keys(['example_complex']) retrieved from /home/airflow/.local/lib/python3.7/site-packages/airflow/example_dags/example_complex.py
[2022-09-24T20:19:29.521+0000] {logging_mixin.py:117} INFO - [2022-09-24T20:19:29.521+0000] {dag.py:2573} INFO - Sync 1 DAGs
[2022-09-24T20:19:29.620+0000] {logging_mixin.py:117} INFO - [2022-09-24T20:19:29.620+0000] {dag.py:3328} INFO - Setting next_dagrun for example_complex to None, run_after=None
[2022-09-24T20:19:29.657+0000] {processor.py:178} INFO - Processing /home/airflow/.local/lib/python3.7/site-packages/airflow/example_dags/example_complex.py took 0.561 seconds
[2022-09-24T20:19:59.964+0000] {processor.py:156} INFO - Started process (PID=11319) to work on /home/airflow/.local/lib/python3.7/site-packages/airflow/example_dags/example_complex.py
[2022-09-24T20:19:59.970+0000] {processor.py:758} INFO - Processing file /home/airflow/.local/lib/python3.7/site-packages/airflow/example_dags/example_complex.py for tasks to queue
[2022-09-24T20:19:59.975+0000] {logging_mixin.py:117} INFO - [2022-09-24T20:19:59.974+0000] {dagbag.py:525} INFO - Filling up the DagBag from /home/airflow/.local/lib/python3.7/site-packages/airflow/example_dags/example_complex.py
[2022-09-24T20:20:00.034+0000] {processor.py:768} INFO - DAG(s) dict_keys(['example_complex']) retrieved from /home/airflow/.local/lib/python3.7/site-packages/airflow/example_dags/example_complex.py
[2022-09-24T20:20:00.133+0000] {logging_mixin.py:117} INFO - [2022-09-24T20:20:00.133+0000] {dag.py:2573} INFO - Sync 1 DAGs
[2022-09-24T20:20:00.178+0000] {logging_mixin.py:117} INFO - [2022-09-24T20:20:00.178+0000] {dag.py:3328} INFO - Setting next_dagrun for example_complex to None, run_after=None
[2022-09-24T20:20:00.228+0000] {processor.py:178} INFO - Processing /home/airflow/.local/lib/python3.7/site-packages/airflow/example_dags/example_complex.py took 0.283 seconds
[2022-09-24T20:20:30.418+0000] {processor.py:156} INFO - Started process (PID=11517) to work on /home/airflow/.local/lib/python3.7/site-packages/airflow/example_dags/example_complex.py
[2022-09-24T20:20:30.427+0000] {processor.py:758} INFO - Processing file /home/airflow/.local/lib/python3.7/site-packages/airflow/example_dags/example_complex.py for tasks to queue
[2022-09-24T20:20:30.431+0000] {logging_mixin.py:117} INFO - [2022-09-24T20:20:30.429+0000] {dagbag.py:525} INFO - Filling up the DagBag from /home/airflow/.local/lib/python3.7/site-packages/airflow/example_dags/example_complex.py
[2022-09-24T20:20:30.491+0000] {processor.py:768} INFO - DAG(s) dict_keys(['example_complex']) retrieved from /home/airflow/.local/lib/python3.7/site-packages/airflow/example_dags/example_complex.py
[2022-09-24T20:20:30.582+0000] {logging_mixin.py:117} INFO - [2022-09-24T20:20:30.581+0000] {dag.py:2573} INFO - Sync 1 DAGs
[2022-09-24T20:20:30.639+0000] {logging_mixin.py:117} INFO - [2022-09-24T20:20:30.639+0000] {dag.py:3328} INFO - Setting next_dagrun for example_complex to None, run_after=None
[2022-09-24T20:20:30.696+0000] {processor.py:178} INFO - Processing /home/airflow/.local/lib/python3.7/site-packages/airflow/example_dags/example_complex.py took 0.303 seconds
[2022-09-24T20:21:01.174+0000] {processor.py:156} INFO - Started process (PID=11724) to work on /home/airflow/.local/lib/python3.7/site-packages/airflow/example_dags/example_complex.py
[2022-09-24T20:21:01.178+0000] {processor.py:758} INFO - Processing file /home/airflow/.local/lib/python3.7/site-packages/airflow/example_dags/example_complex.py for tasks to queue
[2022-09-24T20:21:01.182+0000] {logging_mixin.py:117} INFO - [2022-09-24T20:21:01.182+0000] {dagbag.py:525} INFO - Filling up the DagBag from /home/airflow/.local/lib/python3.7/site-packages/airflow/example_dags/example_complex.py
[2022-09-24T20:21:01.280+0000] {processor.py:768} INFO - DAG(s) dict_keys(['example_complex']) retrieved from /home/airflow/.local/lib/python3.7/site-packages/airflow/example_dags/example_complex.py
[2022-09-24T20:21:01.405+0000] {logging_mixin.py:117} INFO - [2022-09-24T20:21:01.405+0000] {dag.py:2573} INFO - Sync 1 DAGs
[2022-09-24T20:21:01.508+0000] {logging_mixin.py:117} INFO - [2022-09-24T20:21:01.507+0000] {dag.py:3328} INFO - Setting next_dagrun for example_complex to None, run_after=None
[2022-09-24T20:21:01.614+0000] {processor.py:178} INFO - Processing /home/airflow/.local/lib/python3.7/site-packages/airflow/example_dags/example_complex.py took 0.467 seconds
[2022-09-24T20:21:31.959+0000] {processor.py:156} INFO - Started process (PID=11922) to work on /home/airflow/.local/lib/python3.7/site-packages/airflow/example_dags/example_complex.py
[2022-09-24T20:21:31.963+0000] {processor.py:758} INFO - Processing file /home/airflow/.local/lib/python3.7/site-packages/airflow/example_dags/example_complex.py for tasks to queue
[2022-09-24T20:21:31.967+0000] {logging_mixin.py:117} INFO - [2022-09-24T20:21:31.966+0000] {dagbag.py:525} INFO - Filling up the DagBag from /home/airflow/.local/lib/python3.7/site-packages/airflow/example_dags/example_complex.py
[2022-09-24T20:21:32.013+0000] {processor.py:768} INFO - DAG(s) dict_keys(['example_complex']) retrieved from /home/airflow/.local/lib/python3.7/site-packages/airflow/example_dags/example_complex.py
[2022-09-24T20:21:32.104+0000] {logging_mixin.py:117} INFO - [2022-09-24T20:21:32.103+0000] {dag.py:2573} INFO - Sync 1 DAGs
[2022-09-24T20:21:32.152+0000] {logging_mixin.py:117} INFO - [2022-09-24T20:21:32.152+0000] {dag.py:3328} INFO - Setting next_dagrun for example_complex to None, run_after=None
[2022-09-24T20:21:32.192+0000] {processor.py:178} INFO - Processing /home/airflow/.local/lib/python3.7/site-packages/airflow/example_dags/example_complex.py took 0.238 seconds
