[2022-09-24T19:50:53.990+0000] {processor.py:156} INFO - Started process (PID=284) to work on /home/airflow/.local/lib/python3.7/site-packages/airflow/example_dags/example_nested_branch_dag.py
[2022-09-24T19:50:53.996+0000] {processor.py:758} INFO - Processing file /home/airflow/.local/lib/python3.7/site-packages/airflow/example_dags/example_nested_branch_dag.py for tasks to queue
[2022-09-24T19:50:54.011+0000] {logging_mixin.py:117} INFO - [2022-09-24T19:50:54.011+0000] {dagbag.py:525} INFO - Filling up the DagBag from /home/airflow/.local/lib/python3.7/site-packages/airflow/example_dags/example_nested_branch_dag.py
[2022-09-24T19:50:54.539+0000] {processor.py:768} INFO - DAG(s) dict_keys(['example_nested_branch_dag']) retrieved from /home/airflow/.local/lib/python3.7/site-packages/airflow/example_dags/example_nested_branch_dag.py
[2022-09-24T19:50:54.812+0000] {logging_mixin.py:117} INFO - [2022-09-24T19:50:54.812+0000] {dag.py:2573} INFO - Sync 1 DAGs
[2022-09-24T19:50:54.959+0000] {logging_mixin.py:117} INFO - [2022-09-24T19:50:54.959+0000] {dag.py:3328} INFO - Setting next_dagrun for example_nested_branch_dag to 2022-09-23T00:00:00+00:00, run_after=2022-09-24T00:00:00+00:00
[2022-09-24T19:50:55.060+0000] {processor.py:178} INFO - Processing /home/airflow/.local/lib/python3.7/site-packages/airflow/example_dags/example_nested_branch_dag.py took 1.095 seconds
[2022-09-24T19:51:26.028+0000] {processor.py:156} INFO - Started process (PID=482) to work on /home/airflow/.local/lib/python3.7/site-packages/airflow/example_dags/example_nested_branch_dag.py
[2022-09-24T19:51:26.035+0000] {processor.py:758} INFO - Processing file /home/airflow/.local/lib/python3.7/site-packages/airflow/example_dags/example_nested_branch_dag.py for tasks to queue
[2022-09-24T19:51:26.064+0000] {logging_mixin.py:117} INFO - [2022-09-24T19:51:26.043+0000] {dagbag.py:525} INFO - Filling up the DagBag from /home/airflow/.local/lib/python3.7/site-packages/airflow/example_dags/example_nested_branch_dag.py
[2022-09-24T19:51:26.481+0000] {processor.py:768} INFO - DAG(s) dict_keys(['example_nested_branch_dag']) retrieved from /home/airflow/.local/lib/python3.7/site-packages/airflow/example_dags/example_nested_branch_dag.py
[2022-09-24T19:51:26.775+0000] {logging_mixin.py:117} INFO - [2022-09-24T19:51:26.774+0000] {dag.py:2573} INFO - Sync 1 DAGs
[2022-09-24T19:51:27.039+0000] {logging_mixin.py:117} INFO - [2022-09-24T19:51:27.038+0000] {dag.py:3328} INFO - Setting next_dagrun for example_nested_branch_dag to 2022-09-23T00:00:00+00:00, run_after=2022-09-24T00:00:00+00:00
[2022-09-24T19:51:27.708+0000] {processor.py:178} INFO - Processing /home/airflow/.local/lib/python3.7/site-packages/airflow/example_dags/example_nested_branch_dag.py took 1.743 seconds
[2022-09-24T19:52:03.129+0000] {processor.py:156} INFO - Started process (PID=682) to work on /home/airflow/.local/lib/python3.7/site-packages/airflow/example_dags/example_nested_branch_dag.py
[2022-09-24T19:52:03.138+0000] {processor.py:758} INFO - Processing file /home/airflow/.local/lib/python3.7/site-packages/airflow/example_dags/example_nested_branch_dag.py for tasks to queue
[2022-09-24T19:52:03.149+0000] {logging_mixin.py:117} INFO - [2022-09-24T19:52:03.148+0000] {dagbag.py:525} INFO - Filling up the DagBag from /home/airflow/.local/lib/python3.7/site-packages/airflow/example_dags/example_nested_branch_dag.py
[2022-09-24T19:52:03.245+0000] {processor.py:768} INFO - DAG(s) dict_keys(['example_nested_branch_dag']) retrieved from /home/airflow/.local/lib/python3.7/site-packages/airflow/example_dags/example_nested_branch_dag.py
[2022-09-24T19:52:03.363+0000] {logging_mixin.py:117} INFO - [2022-09-24T19:52:03.362+0000] {dag.py:2573} INFO - Sync 1 DAGs
[2022-09-24T19:52:03.914+0000] {logging_mixin.py:117} INFO - [2022-09-24T19:52:03.914+0000] {dag.py:3328} INFO - Setting next_dagrun for example_nested_branch_dag to 2022-09-23T00:00:00+00:00, run_after=2022-09-24T00:00:00+00:00
[2022-09-24T19:52:04.075+0000] {processor.py:178} INFO - Processing /home/airflow/.local/lib/python3.7/site-packages/airflow/example_dags/example_nested_branch_dag.py took 0.976 seconds
[2022-09-24T19:52:34.331+0000] {processor.py:156} INFO - Started process (PID=880) to work on /home/airflow/.local/lib/python3.7/site-packages/airflow/example_dags/example_nested_branch_dag.py
[2022-09-24T19:52:34.343+0000] {processor.py:758} INFO - Processing file /home/airflow/.local/lib/python3.7/site-packages/airflow/example_dags/example_nested_branch_dag.py for tasks to queue
[2022-09-24T19:52:34.362+0000] {logging_mixin.py:117} INFO - [2022-09-24T19:52:34.360+0000] {dagbag.py:525} INFO - Filling up the DagBag from /home/airflow/.local/lib/python3.7/site-packages/airflow/example_dags/example_nested_branch_dag.py
[2022-09-24T19:52:34.430+0000] {processor.py:768} INFO - DAG(s) dict_keys(['example_nested_branch_dag']) retrieved from /home/airflow/.local/lib/python3.7/site-packages/airflow/example_dags/example_nested_branch_dag.py
[2022-09-24T19:52:34.775+0000] {logging_mixin.py:117} INFO - [2022-09-24T19:52:34.775+0000] {dag.py:2573} INFO - Sync 1 DAGs
[2022-09-24T19:52:34.857+0000] {logging_mixin.py:117} INFO - [2022-09-24T19:52:34.856+0000] {dag.py:3328} INFO - Setting next_dagrun for example_nested_branch_dag to 2022-09-23T00:00:00+00:00, run_after=2022-09-24T00:00:00+00:00
[2022-09-24T19:52:34.933+0000] {processor.py:178} INFO - Processing /home/airflow/.local/lib/python3.7/site-packages/airflow/example_dags/example_nested_branch_dag.py took 0.616 seconds
[2022-09-24T19:53:06.143+0000] {processor.py:156} INFO - Started process (PID=1080) to work on /home/airflow/.local/lib/python3.7/site-packages/airflow/example_dags/example_nested_branch_dag.py
[2022-09-24T19:53:06.149+0000] {processor.py:758} INFO - Processing file /home/airflow/.local/lib/python3.7/site-packages/airflow/example_dags/example_nested_branch_dag.py for tasks to queue
[2022-09-24T19:53:06.153+0000] {logging_mixin.py:117} INFO - [2022-09-24T19:53:06.153+0000] {dagbag.py:525} INFO - Filling up the DagBag from /home/airflow/.local/lib/python3.7/site-packages/airflow/example_dags/example_nested_branch_dag.py
[2022-09-24T19:53:06.208+0000] {processor.py:768} INFO - DAG(s) dict_keys(['example_nested_branch_dag']) retrieved from /home/airflow/.local/lib/python3.7/site-packages/airflow/example_dags/example_nested_branch_dag.py
[2022-09-24T19:53:06.458+0000] {logging_mixin.py:117} INFO - [2022-09-24T19:53:06.458+0000] {dag.py:2573} INFO - Sync 1 DAGs
[2022-09-24T19:53:06.508+0000] {logging_mixin.py:117} INFO - [2022-09-24T19:53:06.508+0000] {dag.py:3328} INFO - Setting next_dagrun for example_nested_branch_dag to 2022-09-23T00:00:00+00:00, run_after=2022-09-24T00:00:00+00:00
[2022-09-24T19:53:06.543+0000] {processor.py:178} INFO - Processing /home/airflow/.local/lib/python3.7/site-packages/airflow/example_dags/example_nested_branch_dag.py took 0.408 seconds
[2022-09-24T19:53:38.484+0000] {processor.py:156} INFO - Started process (PID=1275) to work on /home/airflow/.local/lib/python3.7/site-packages/airflow/example_dags/example_nested_branch_dag.py
[2022-09-24T19:53:38.488+0000] {processor.py:758} INFO - Processing file /home/airflow/.local/lib/python3.7/site-packages/airflow/example_dags/example_nested_branch_dag.py for tasks to queue
[2022-09-24T19:53:38.491+0000] {logging_mixin.py:117} INFO - [2022-09-24T19:53:38.491+0000] {dagbag.py:525} INFO - Filling up the DagBag from /home/airflow/.local/lib/python3.7/site-packages/airflow/example_dags/example_nested_branch_dag.py
[2022-09-24T19:53:38.565+0000] {processor.py:768} INFO - DAG(s) dict_keys(['example_nested_branch_dag']) retrieved from /home/airflow/.local/lib/python3.7/site-packages/airflow/example_dags/example_nested_branch_dag.py
[2022-09-24T19:53:39.107+0000] {logging_mixin.py:117} INFO - [2022-09-24T19:53:39.106+0000] {dag.py:2573} INFO - Sync 1 DAGs
[2022-09-24T19:53:39.228+0000] {logging_mixin.py:117} INFO - [2022-09-24T19:53:39.224+0000] {dag.py:3328} INFO - Setting next_dagrun for example_nested_branch_dag to 2022-09-23T00:00:00+00:00, run_after=2022-09-24T00:00:00+00:00
[2022-09-24T19:53:39.375+0000] {processor.py:178} INFO - Processing /home/airflow/.local/lib/python3.7/site-packages/airflow/example_dags/example_nested_branch_dag.py took 0.903 seconds
[2022-09-24T19:54:10.013+0000] {processor.py:156} INFO - Started process (PID=1480) to work on /home/airflow/.local/lib/python3.7/site-packages/airflow/example_dags/example_nested_branch_dag.py
[2022-09-24T19:54:10.023+0000] {processor.py:758} INFO - Processing file /home/airflow/.local/lib/python3.7/site-packages/airflow/example_dags/example_nested_branch_dag.py for tasks to queue
[2022-09-24T19:54:10.026+0000] {logging_mixin.py:117} INFO - [2022-09-24T19:54:10.026+0000] {dagbag.py:525} INFO - Filling up the DagBag from /home/airflow/.local/lib/python3.7/site-packages/airflow/example_dags/example_nested_branch_dag.py
[2022-09-24T19:54:10.587+0000] {processor.py:768} INFO - DAG(s) dict_keys(['example_nested_branch_dag']) retrieved from /home/airflow/.local/lib/python3.7/site-packages/airflow/example_dags/example_nested_branch_dag.py
[2022-09-24T19:54:10.696+0000] {logging_mixin.py:117} INFO - [2022-09-24T19:54:10.695+0000] {dag.py:2573} INFO - Sync 1 DAGs
[2022-09-24T19:54:10.812+0000] {logging_mixin.py:117} INFO - [2022-09-24T19:54:10.812+0000] {dag.py:3328} INFO - Setting next_dagrun for example_nested_branch_dag to 2022-09-23T00:00:00+00:00, run_after=2022-09-24T00:00:00+00:00
[2022-09-24T19:54:10.925+0000] {processor.py:178} INFO - Processing /home/airflow/.local/lib/python3.7/site-packages/airflow/example_dags/example_nested_branch_dag.py took 0.944 seconds
[2022-09-24T19:54:41.973+0000] {processor.py:156} INFO - Started process (PID=1678) to work on /home/airflow/.local/lib/python3.7/site-packages/airflow/example_dags/example_nested_branch_dag.py
[2022-09-24T19:54:41.979+0000] {processor.py:758} INFO - Processing file /home/airflow/.local/lib/python3.7/site-packages/airflow/example_dags/example_nested_branch_dag.py for tasks to queue
[2022-09-24T19:54:41.990+0000] {logging_mixin.py:117} INFO - [2022-09-24T19:54:41.990+0000] {dagbag.py:525} INFO - Filling up the DagBag from /home/airflow/.local/lib/python3.7/site-packages/airflow/example_dags/example_nested_branch_dag.py
[2022-09-24T19:54:42.090+0000] {processor.py:768} INFO - DAG(s) dict_keys(['example_nested_branch_dag']) retrieved from /home/airflow/.local/lib/python3.7/site-packages/airflow/example_dags/example_nested_branch_dag.py
[2022-09-24T19:54:42.280+0000] {logging_mixin.py:117} INFO - [2022-09-24T19:54:42.280+0000] {dag.py:2573} INFO - Sync 1 DAGs
[2022-09-24T19:54:42.390+0000] {logging_mixin.py:117} INFO - [2022-09-24T19:54:42.390+0000] {dag.py:3328} INFO - Setting next_dagrun for example_nested_branch_dag to 2022-09-23T00:00:00+00:00, run_after=2022-09-24T00:00:00+00:00
[2022-09-24T19:54:42.490+0000] {processor.py:178} INFO - Processing /home/airflow/.local/lib/python3.7/site-packages/airflow/example_dags/example_nested_branch_dag.py took 0.533 seconds
[2022-09-24T19:55:13.371+0000] {processor.py:156} INFO - Started process (PID=1877) to work on /home/airflow/.local/lib/python3.7/site-packages/airflow/example_dags/example_nested_branch_dag.py
[2022-09-24T19:55:13.375+0000] {processor.py:758} INFO - Processing file /home/airflow/.local/lib/python3.7/site-packages/airflow/example_dags/example_nested_branch_dag.py for tasks to queue
[2022-09-24T19:55:13.378+0000] {logging_mixin.py:117} INFO - [2022-09-24T19:55:13.378+0000] {dagbag.py:525} INFO - Filling up the DagBag from /home/airflow/.local/lib/python3.7/site-packages/airflow/example_dags/example_nested_branch_dag.py
[2022-09-24T19:55:13.468+0000] {processor.py:768} INFO - DAG(s) dict_keys(['example_nested_branch_dag']) retrieved from /home/airflow/.local/lib/python3.7/site-packages/airflow/example_dags/example_nested_branch_dag.py
[2022-09-24T19:55:13.604+0000] {logging_mixin.py:117} INFO - [2022-09-24T19:55:13.604+0000] {dag.py:2573} INFO - Sync 1 DAGs
[2022-09-24T19:55:13.733+0000] {logging_mixin.py:117} INFO - [2022-09-24T19:55:13.733+0000] {dag.py:3328} INFO - Setting next_dagrun for example_nested_branch_dag to 2022-09-23T00:00:00+00:00, run_after=2022-09-24T00:00:00+00:00
[2022-09-24T19:55:13.804+0000] {processor.py:178} INFO - Processing /home/airflow/.local/lib/python3.7/site-packages/airflow/example_dags/example_nested_branch_dag.py took 0.441 seconds
[2022-09-24T19:55:44.478+0000] {processor.py:156} INFO - Started process (PID=2075) to work on /home/airflow/.local/lib/python3.7/site-packages/airflow/example_dags/example_nested_branch_dag.py
[2022-09-24T19:55:44.492+0000] {processor.py:758} INFO - Processing file /home/airflow/.local/lib/python3.7/site-packages/airflow/example_dags/example_nested_branch_dag.py for tasks to queue
[2022-09-24T19:55:44.497+0000] {logging_mixin.py:117} INFO - [2022-09-24T19:55:44.495+0000] {dagbag.py:525} INFO - Filling up the DagBag from /home/airflow/.local/lib/python3.7/site-packages/airflow/example_dags/example_nested_branch_dag.py
[2022-09-24T19:55:44.584+0000] {processor.py:768} INFO - DAG(s) dict_keys(['example_nested_branch_dag']) retrieved from /home/airflow/.local/lib/python3.7/site-packages/airflow/example_dags/example_nested_branch_dag.py
[2022-09-24T19:55:44.707+0000] {logging_mixin.py:117} INFO - [2022-09-24T19:55:44.707+0000] {dag.py:2573} INFO - Sync 1 DAGs
[2022-09-24T19:55:44.797+0000] {logging_mixin.py:117} INFO - [2022-09-24T19:55:44.797+0000] {dag.py:3328} INFO - Setting next_dagrun for example_nested_branch_dag to 2022-09-23T00:00:00+00:00, run_after=2022-09-24T00:00:00+00:00
[2022-09-24T19:55:44.909+0000] {processor.py:178} INFO - Processing /home/airflow/.local/lib/python3.7/site-packages/airflow/example_dags/example_nested_branch_dag.py took 0.435 seconds
[2022-09-24T19:56:15.995+0000] {processor.py:156} INFO - Started process (PID=2275) to work on /home/airflow/.local/lib/python3.7/site-packages/airflow/example_dags/example_nested_branch_dag.py
[2022-09-24T19:56:16.000+0000] {processor.py:758} INFO - Processing file /home/airflow/.local/lib/python3.7/site-packages/airflow/example_dags/example_nested_branch_dag.py for tasks to queue
[2022-09-24T19:56:16.006+0000] {logging_mixin.py:117} INFO - [2022-09-24T19:56:16.005+0000] {dagbag.py:525} INFO - Filling up the DagBag from /home/airflow/.local/lib/python3.7/site-packages/airflow/example_dags/example_nested_branch_dag.py
[2022-09-24T19:56:16.155+0000] {processor.py:768} INFO - DAG(s) dict_keys(['example_nested_branch_dag']) retrieved from /home/airflow/.local/lib/python3.7/site-packages/airflow/example_dags/example_nested_branch_dag.py
[2022-09-24T19:56:16.367+0000] {logging_mixin.py:117} INFO - [2022-09-24T19:56:16.367+0000] {dag.py:2573} INFO - Sync 1 DAGs
[2022-09-24T19:56:16.608+0000] {logging_mixin.py:117} INFO - [2022-09-24T19:56:16.606+0000] {dag.py:3328} INFO - Setting next_dagrun for example_nested_branch_dag to 2022-09-23T00:00:00+00:00, run_after=2022-09-24T00:00:00+00:00
[2022-09-24T19:56:16.715+0000] {processor.py:178} INFO - Processing /home/airflow/.local/lib/python3.7/site-packages/airflow/example_dags/example_nested_branch_dag.py took 0.730 seconds
[2022-09-24T19:56:47.114+0000] {processor.py:156} INFO - Started process (PID=2473) to work on /home/airflow/.local/lib/python3.7/site-packages/airflow/example_dags/example_nested_branch_dag.py
[2022-09-24T19:56:47.124+0000] {processor.py:758} INFO - Processing file /home/airflow/.local/lib/python3.7/site-packages/airflow/example_dags/example_nested_branch_dag.py for tasks to queue
[2022-09-24T19:56:47.131+0000] {logging_mixin.py:117} INFO - [2022-09-24T19:56:47.131+0000] {dagbag.py:525} INFO - Filling up the DagBag from /home/airflow/.local/lib/python3.7/site-packages/airflow/example_dags/example_nested_branch_dag.py
[2022-09-24T19:56:47.232+0000] {processor.py:768} INFO - DAG(s) dict_keys(['example_nested_branch_dag']) retrieved from /home/airflow/.local/lib/python3.7/site-packages/airflow/example_dags/example_nested_branch_dag.py
[2022-09-24T19:56:47.342+0000] {logging_mixin.py:117} INFO - [2022-09-24T19:56:47.342+0000] {dag.py:2573} INFO - Sync 1 DAGs
[2022-09-24T19:56:47.435+0000] {logging_mixin.py:117} INFO - [2022-09-24T19:56:47.434+0000] {dag.py:3328} INFO - Setting next_dagrun for example_nested_branch_dag to 2022-09-23T00:00:00+00:00, run_after=2022-09-24T00:00:00+00:00
[2022-09-24T19:56:47.508+0000] {processor.py:178} INFO - Processing /home/airflow/.local/lib/python3.7/site-packages/airflow/example_dags/example_nested_branch_dag.py took 0.407 seconds
[2022-09-24T19:57:22.246+0000] {processor.py:156} INFO - Started process (PID=2678) to work on /home/airflow/.local/lib/python3.7/site-packages/airflow/example_dags/example_nested_branch_dag.py
[2022-09-24T19:57:22.273+0000] {processor.py:758} INFO - Processing file /home/airflow/.local/lib/python3.7/site-packages/airflow/example_dags/example_nested_branch_dag.py for tasks to queue
[2022-09-24T19:57:22.298+0000] {logging_mixin.py:117} INFO - [2022-09-24T19:57:22.287+0000] {dagbag.py:525} INFO - Filling up the DagBag from /home/airflow/.local/lib/python3.7/site-packages/airflow/example_dags/example_nested_branch_dag.py
[2022-09-24T19:57:22.578+0000] {processor.py:768} INFO - DAG(s) dict_keys(['example_nested_branch_dag']) retrieved from /home/airflow/.local/lib/python3.7/site-packages/airflow/example_dags/example_nested_branch_dag.py
[2022-09-24T19:57:22.826+0000] {logging_mixin.py:117} INFO - [2022-09-24T19:57:22.823+0000] {dag.py:2573} INFO - Sync 1 DAGs
[2022-09-24T19:57:24.247+0000] {logging_mixin.py:117} INFO - [2022-09-24T19:57:24.246+0000] {dag.py:3328} INFO - Setting next_dagrun for example_nested_branch_dag to 2022-09-23T00:00:00+00:00, run_after=2022-09-24T00:00:00+00:00
[2022-09-24T19:57:24.659+0000] {processor.py:178} INFO - Processing /home/airflow/.local/lib/python3.7/site-packages/airflow/example_dags/example_nested_branch_dag.py took 2.535 seconds
[2022-09-24T19:57:55.481+0000] {processor.py:156} INFO - Started process (PID=2880) to work on /home/airflow/.local/lib/python3.7/site-packages/airflow/example_dags/example_nested_branch_dag.py
[2022-09-24T19:57:55.484+0000] {processor.py:758} INFO - Processing file /home/airflow/.local/lib/python3.7/site-packages/airflow/example_dags/example_nested_branch_dag.py for tasks to queue
[2022-09-24T19:57:55.487+0000] {logging_mixin.py:117} INFO - [2022-09-24T19:57:55.487+0000] {dagbag.py:525} INFO - Filling up the DagBag from /home/airflow/.local/lib/python3.7/site-packages/airflow/example_dags/example_nested_branch_dag.py
[2022-09-24T19:57:55.565+0000] {processor.py:768} INFO - DAG(s) dict_keys(['example_nested_branch_dag']) retrieved from /home/airflow/.local/lib/python3.7/site-packages/airflow/example_dags/example_nested_branch_dag.py
[2022-09-24T19:57:55.671+0000] {logging_mixin.py:117} INFO - [2022-09-24T19:57:55.671+0000] {dag.py:2573} INFO - Sync 1 DAGs
[2022-09-24T19:57:55.744+0000] {logging_mixin.py:117} INFO - [2022-09-24T19:57:55.744+0000] {dag.py:3328} INFO - Setting next_dagrun for example_nested_branch_dag to 2022-09-23T00:00:00+00:00, run_after=2022-09-24T00:00:00+00:00
[2022-09-24T19:57:55.807+0000] {processor.py:178} INFO - Processing /home/airflow/.local/lib/python3.7/site-packages/airflow/example_dags/example_nested_branch_dag.py took 0.336 seconds
[2022-09-24T19:58:26.516+0000] {processor.py:156} INFO - Started process (PID=3078) to work on /home/airflow/.local/lib/python3.7/site-packages/airflow/example_dags/example_nested_branch_dag.py
[2022-09-24T19:58:26.523+0000] {processor.py:758} INFO - Processing file /home/airflow/.local/lib/python3.7/site-packages/airflow/example_dags/example_nested_branch_dag.py for tasks to queue
[2022-09-24T19:58:26.529+0000] {logging_mixin.py:117} INFO - [2022-09-24T19:58:26.529+0000] {dagbag.py:525} INFO - Filling up the DagBag from /home/airflow/.local/lib/python3.7/site-packages/airflow/example_dags/example_nested_branch_dag.py
[2022-09-24T19:58:26.612+0000] {processor.py:768} INFO - DAG(s) dict_keys(['example_nested_branch_dag']) retrieved from /home/airflow/.local/lib/python3.7/site-packages/airflow/example_dags/example_nested_branch_dag.py
[2022-09-24T19:58:26.720+0000] {logging_mixin.py:117} INFO - [2022-09-24T19:58:26.719+0000] {dag.py:2573} INFO - Sync 1 DAGs
[2022-09-24T19:58:26.795+0000] {logging_mixin.py:117} INFO - [2022-09-24T19:58:26.795+0000] {dag.py:3328} INFO - Setting next_dagrun for example_nested_branch_dag to 2022-09-23T00:00:00+00:00, run_after=2022-09-24T00:00:00+00:00
[2022-09-24T19:58:26.983+0000] {processor.py:178} INFO - Processing /home/airflow/.local/lib/python3.7/site-packages/airflow/example_dags/example_nested_branch_dag.py took 0.511 seconds
[2022-09-24T19:58:57.306+0000] {processor.py:156} INFO - Started process (PID=3276) to work on /home/airflow/.local/lib/python3.7/site-packages/airflow/example_dags/example_nested_branch_dag.py
[2022-09-24T19:58:57.310+0000] {processor.py:758} INFO - Processing file /home/airflow/.local/lib/python3.7/site-packages/airflow/example_dags/example_nested_branch_dag.py for tasks to queue
[2022-09-24T19:58:57.312+0000] {logging_mixin.py:117} INFO - [2022-09-24T19:58:57.312+0000] {dagbag.py:525} INFO - Filling up the DagBag from /home/airflow/.local/lib/python3.7/site-packages/airflow/example_dags/example_nested_branch_dag.py
[2022-09-24T19:58:57.362+0000] {processor.py:768} INFO - DAG(s) dict_keys(['example_nested_branch_dag']) retrieved from /home/airflow/.local/lib/python3.7/site-packages/airflow/example_dags/example_nested_branch_dag.py
[2022-09-24T19:58:57.441+0000] {logging_mixin.py:117} INFO - [2022-09-24T19:58:57.440+0000] {dag.py:2573} INFO - Sync 1 DAGs
[2022-09-24T19:58:57.492+0000] {logging_mixin.py:117} INFO - [2022-09-24T19:58:57.491+0000] {dag.py:3328} INFO - Setting next_dagrun for example_nested_branch_dag to 2022-09-23T00:00:00+00:00, run_after=2022-09-24T00:00:00+00:00
[2022-09-24T19:58:57.532+0000] {processor.py:178} INFO - Processing /home/airflow/.local/lib/python3.7/site-packages/airflow/example_dags/example_nested_branch_dag.py took 0.237 seconds
[2022-09-24T19:59:28.541+0000] {processor.py:156} INFO - Started process (PID=3474) to work on /home/airflow/.local/lib/python3.7/site-packages/airflow/example_dags/example_nested_branch_dag.py
[2022-09-24T19:59:28.546+0000] {processor.py:758} INFO - Processing file /home/airflow/.local/lib/python3.7/site-packages/airflow/example_dags/example_nested_branch_dag.py for tasks to queue
[2022-09-24T19:59:28.552+0000] {logging_mixin.py:117} INFO - [2022-09-24T19:59:28.551+0000] {dagbag.py:525} INFO - Filling up the DagBag from /home/airflow/.local/lib/python3.7/site-packages/airflow/example_dags/example_nested_branch_dag.py
[2022-09-24T19:59:28.630+0000] {processor.py:768} INFO - DAG(s) dict_keys(['example_nested_branch_dag']) retrieved from /home/airflow/.local/lib/python3.7/site-packages/airflow/example_dags/example_nested_branch_dag.py
[2022-09-24T19:59:28.769+0000] {logging_mixin.py:117} INFO - [2022-09-24T19:59:28.769+0000] {dag.py:2573} INFO - Sync 1 DAGs
[2022-09-24T19:59:28.884+0000] {logging_mixin.py:117} INFO - [2022-09-24T19:59:28.884+0000] {dag.py:3328} INFO - Setting next_dagrun for example_nested_branch_dag to 2022-09-23T00:00:00+00:00, run_after=2022-09-24T00:00:00+00:00
[2022-09-24T19:59:28.979+0000] {processor.py:178} INFO - Processing /home/airflow/.local/lib/python3.7/site-packages/airflow/example_dags/example_nested_branch_dag.py took 0.464 seconds
[2022-09-24T19:59:59.109+0000] {processor.py:156} INFO - Started process (PID=3673) to work on /home/airflow/.local/lib/python3.7/site-packages/airflow/example_dags/example_nested_branch_dag.py
[2022-09-24T19:59:59.113+0000] {processor.py:758} INFO - Processing file /home/airflow/.local/lib/python3.7/site-packages/airflow/example_dags/example_nested_branch_dag.py for tasks to queue
[2022-09-24T19:59:59.115+0000] {logging_mixin.py:117} INFO - [2022-09-24T19:59:59.115+0000] {dagbag.py:525} INFO - Filling up the DagBag from /home/airflow/.local/lib/python3.7/site-packages/airflow/example_dags/example_nested_branch_dag.py
[2022-09-24T19:59:59.167+0000] {processor.py:768} INFO - DAG(s) dict_keys(['example_nested_branch_dag']) retrieved from /home/airflow/.local/lib/python3.7/site-packages/airflow/example_dags/example_nested_branch_dag.py
[2022-09-24T19:59:59.248+0000] {logging_mixin.py:117} INFO - [2022-09-24T19:59:59.248+0000] {dag.py:2573} INFO - Sync 1 DAGs
[2022-09-24T19:59:59.305+0000] {logging_mixin.py:117} INFO - [2022-09-24T19:59:59.304+0000] {dag.py:3328} INFO - Setting next_dagrun for example_nested_branch_dag to 2022-09-23T00:00:00+00:00, run_after=2022-09-24T00:00:00+00:00
[2022-09-24T19:59:59.351+0000] {processor.py:178} INFO - Processing /home/airflow/.local/lib/python3.7/site-packages/airflow/example_dags/example_nested_branch_dag.py took 0.249 seconds
[2022-09-24T20:00:29.941+0000] {processor.py:156} INFO - Started process (PID=3871) to work on /home/airflow/.local/lib/python3.7/site-packages/airflow/example_dags/example_nested_branch_dag.py
[2022-09-24T20:00:29.946+0000] {processor.py:758} INFO - Processing file /home/airflow/.local/lib/python3.7/site-packages/airflow/example_dags/example_nested_branch_dag.py for tasks to queue
[2022-09-24T20:00:29.956+0000] {logging_mixin.py:117} INFO - [2022-09-24T20:00:29.955+0000] {dagbag.py:525} INFO - Filling up the DagBag from /home/airflow/.local/lib/python3.7/site-packages/airflow/example_dags/example_nested_branch_dag.py
[2022-09-24T20:00:30.032+0000] {processor.py:768} INFO - DAG(s) dict_keys(['example_nested_branch_dag']) retrieved from /home/airflow/.local/lib/python3.7/site-packages/airflow/example_dags/example_nested_branch_dag.py
[2022-09-24T20:00:30.119+0000] {logging_mixin.py:117} INFO - [2022-09-24T20:00:30.119+0000] {dag.py:2573} INFO - Sync 1 DAGs
[2022-09-24T20:00:30.170+0000] {logging_mixin.py:117} INFO - [2022-09-24T20:00:30.170+0000] {dag.py:3328} INFO - Setting next_dagrun for example_nested_branch_dag to 2022-09-23T00:00:00+00:00, run_after=2022-09-24T00:00:00+00:00
[2022-09-24T20:00:30.207+0000] {processor.py:178} INFO - Processing /home/airflow/.local/lib/python3.7/site-packages/airflow/example_dags/example_nested_branch_dag.py took 0.274 seconds
[2022-09-24T20:01:00.475+0000] {processor.py:156} INFO - Started process (PID=4069) to work on /home/airflow/.local/lib/python3.7/site-packages/airflow/example_dags/example_nested_branch_dag.py
[2022-09-24T20:01:00.489+0000] {processor.py:758} INFO - Processing file /home/airflow/.local/lib/python3.7/site-packages/airflow/example_dags/example_nested_branch_dag.py for tasks to queue
[2022-09-24T20:01:00.494+0000] {logging_mixin.py:117} INFO - [2022-09-24T20:01:00.493+0000] {dagbag.py:525} INFO - Filling up the DagBag from /home/airflow/.local/lib/python3.7/site-packages/airflow/example_dags/example_nested_branch_dag.py
[2022-09-24T20:01:00.582+0000] {processor.py:768} INFO - DAG(s) dict_keys(['example_nested_branch_dag']) retrieved from /home/airflow/.local/lib/python3.7/site-packages/airflow/example_dags/example_nested_branch_dag.py
[2022-09-24T20:01:00.662+0000] {logging_mixin.py:117} INFO - [2022-09-24T20:01:00.662+0000] {dag.py:2573} INFO - Sync 1 DAGs
[2022-09-24T20:01:00.727+0000] {logging_mixin.py:117} INFO - [2022-09-24T20:01:00.727+0000] {dag.py:3328} INFO - Setting next_dagrun for example_nested_branch_dag to 2022-09-23T00:00:00+00:00, run_after=2022-09-24T00:00:00+00:00
[2022-09-24T20:01:00.795+0000] {processor.py:178} INFO - Processing /home/airflow/.local/lib/python3.7/site-packages/airflow/example_dags/example_nested_branch_dag.py took 0.351 seconds
[2022-09-24T20:01:31.389+0000] {processor.py:156} INFO - Started process (PID=4267) to work on /home/airflow/.local/lib/python3.7/site-packages/airflow/example_dags/example_nested_branch_dag.py
[2022-09-24T20:01:31.394+0000] {processor.py:758} INFO - Processing file /home/airflow/.local/lib/python3.7/site-packages/airflow/example_dags/example_nested_branch_dag.py for tasks to queue
[2022-09-24T20:01:31.397+0000] {logging_mixin.py:117} INFO - [2022-09-24T20:01:31.397+0000] {dagbag.py:525} INFO - Filling up the DagBag from /home/airflow/.local/lib/python3.7/site-packages/airflow/example_dags/example_nested_branch_dag.py
[2022-09-24T20:01:31.466+0000] {processor.py:768} INFO - DAG(s) dict_keys(['example_nested_branch_dag']) retrieved from /home/airflow/.local/lib/python3.7/site-packages/airflow/example_dags/example_nested_branch_dag.py
[2022-09-24T20:01:31.570+0000] {logging_mixin.py:117} INFO - [2022-09-24T20:01:31.570+0000] {dag.py:2573} INFO - Sync 1 DAGs
[2022-09-24T20:01:31.646+0000] {logging_mixin.py:117} INFO - [2022-09-24T20:01:31.646+0000] {dag.py:3328} INFO - Setting next_dagrun for example_nested_branch_dag to 2022-09-23T00:00:00+00:00, run_after=2022-09-24T00:00:00+00:00
[2022-09-24T20:01:31.734+0000] {processor.py:178} INFO - Processing /home/airflow/.local/lib/python3.7/site-packages/airflow/example_dags/example_nested_branch_dag.py took 0.350 seconds
[2022-09-24T20:02:01.998+0000] {processor.py:156} INFO - Started process (PID=4465) to work on /home/airflow/.local/lib/python3.7/site-packages/airflow/example_dags/example_nested_branch_dag.py
[2022-09-24T20:02:02.003+0000] {processor.py:758} INFO - Processing file /home/airflow/.local/lib/python3.7/site-packages/airflow/example_dags/example_nested_branch_dag.py for tasks to queue
[2022-09-24T20:02:02.009+0000] {logging_mixin.py:117} INFO - [2022-09-24T20:02:02.008+0000] {dagbag.py:525} INFO - Filling up the DagBag from /home/airflow/.local/lib/python3.7/site-packages/airflow/example_dags/example_nested_branch_dag.py
[2022-09-24T20:02:02.115+0000] {processor.py:768} INFO - DAG(s) dict_keys(['example_nested_branch_dag']) retrieved from /home/airflow/.local/lib/python3.7/site-packages/airflow/example_dags/example_nested_branch_dag.py
[2022-09-24T20:02:02.271+0000] {logging_mixin.py:117} INFO - [2022-09-24T20:02:02.271+0000] {dag.py:2573} INFO - Sync 1 DAGs
[2022-09-24T20:02:02.364+0000] {logging_mixin.py:117} INFO - [2022-09-24T20:02:02.363+0000] {dag.py:3328} INFO - Setting next_dagrun for example_nested_branch_dag to 2022-09-23T00:00:00+00:00, run_after=2022-09-24T00:00:00+00:00
[2022-09-24T20:02:02.445+0000] {processor.py:178} INFO - Processing /home/airflow/.local/lib/python3.7/site-packages/airflow/example_dags/example_nested_branch_dag.py took 0.453 seconds
[2022-09-24T20:02:32.601+0000] {processor.py:156} INFO - Started process (PID=4670) to work on /home/airflow/.local/lib/python3.7/site-packages/airflow/example_dags/example_nested_branch_dag.py
[2022-09-24T20:02:32.606+0000] {processor.py:758} INFO - Processing file /home/airflow/.local/lib/python3.7/site-packages/airflow/example_dags/example_nested_branch_dag.py for tasks to queue
[2022-09-24T20:02:32.610+0000] {logging_mixin.py:117} INFO - [2022-09-24T20:02:32.610+0000] {dagbag.py:525} INFO - Filling up the DagBag from /home/airflow/.local/lib/python3.7/site-packages/airflow/example_dags/example_nested_branch_dag.py
[2022-09-24T20:02:32.679+0000] {processor.py:768} INFO - DAG(s) dict_keys(['example_nested_branch_dag']) retrieved from /home/airflow/.local/lib/python3.7/site-packages/airflow/example_dags/example_nested_branch_dag.py
[2022-09-24T20:02:32.776+0000] {logging_mixin.py:117} INFO - [2022-09-24T20:02:32.776+0000] {dag.py:2573} INFO - Sync 1 DAGs
[2022-09-24T20:02:32.840+0000] {logging_mixin.py:117} INFO - [2022-09-24T20:02:32.840+0000] {dag.py:3328} INFO - Setting next_dagrun for example_nested_branch_dag to 2022-09-23T00:00:00+00:00, run_after=2022-09-24T00:00:00+00:00
[2022-09-24T20:02:32.885+0000] {processor.py:178} INFO - Processing /home/airflow/.local/lib/python3.7/site-packages/airflow/example_dags/example_nested_branch_dag.py took 0.301 seconds
[2022-09-24T20:03:03.283+0000] {processor.py:156} INFO - Started process (PID=4869) to work on /home/airflow/.local/lib/python3.7/site-packages/airflow/example_dags/example_nested_branch_dag.py
[2022-09-24T20:03:03.291+0000] {processor.py:758} INFO - Processing file /home/airflow/.local/lib/python3.7/site-packages/airflow/example_dags/example_nested_branch_dag.py for tasks to queue
[2022-09-24T20:03:03.296+0000] {logging_mixin.py:117} INFO - [2022-09-24T20:03:03.295+0000] {dagbag.py:525} INFO - Filling up the DagBag from /home/airflow/.local/lib/python3.7/site-packages/airflow/example_dags/example_nested_branch_dag.py
[2022-09-24T20:03:03.358+0000] {processor.py:768} INFO - DAG(s) dict_keys(['example_nested_branch_dag']) retrieved from /home/airflow/.local/lib/python3.7/site-packages/airflow/example_dags/example_nested_branch_dag.py
[2022-09-24T20:03:03.460+0000] {logging_mixin.py:117} INFO - [2022-09-24T20:03:03.460+0000] {dag.py:2573} INFO - Sync 1 DAGs
[2022-09-24T20:03:03.533+0000] {logging_mixin.py:117} INFO - [2022-09-24T20:03:03.533+0000] {dag.py:3328} INFO - Setting next_dagrun for example_nested_branch_dag to 2022-09-23T00:00:00+00:00, run_after=2022-09-24T00:00:00+00:00
[2022-09-24T20:03:03.594+0000] {processor.py:178} INFO - Processing /home/airflow/.local/lib/python3.7/site-packages/airflow/example_dags/example_nested_branch_dag.py took 0.329 seconds
[2022-09-24T20:03:40.708+0000] {processor.py:156} INFO - Started process (PID=5075) to work on /home/airflow/.local/lib/python3.7/site-packages/airflow/example_dags/example_nested_branch_dag.py
[2022-09-24T20:03:40.715+0000] {processor.py:758} INFO - Processing file /home/airflow/.local/lib/python3.7/site-packages/airflow/example_dags/example_nested_branch_dag.py for tasks to queue
[2022-09-24T20:03:40.721+0000] {logging_mixin.py:117} INFO - [2022-09-24T20:03:40.721+0000] {dagbag.py:525} INFO - Filling up the DagBag from /home/airflow/.local/lib/python3.7/site-packages/airflow/example_dags/example_nested_branch_dag.py
[2022-09-24T20:03:40.944+0000] {processor.py:768} INFO - DAG(s) dict_keys(['example_nested_branch_dag']) retrieved from /home/airflow/.local/lib/python3.7/site-packages/airflow/example_dags/example_nested_branch_dag.py
[2022-09-24T20:03:41.081+0000] {logging_mixin.py:117} INFO - [2022-09-24T20:03:41.081+0000] {dag.py:2573} INFO - Sync 1 DAGs
[2022-09-24T20:03:41.197+0000] {logging_mixin.py:117} INFO - [2022-09-24T20:03:41.196+0000] {dag.py:3328} INFO - Setting next_dagrun for example_nested_branch_dag to 2022-09-23T00:00:00+00:00, run_after=2022-09-24T00:00:00+00:00
[2022-09-24T20:03:41.295+0000] {processor.py:178} INFO - Processing /home/airflow/.local/lib/python3.7/site-packages/airflow/example_dags/example_nested_branch_dag.py took 0.607 seconds
[2022-09-24T20:04:12.239+0000] {processor.py:156} INFO - Started process (PID=5275) to work on /home/airflow/.local/lib/python3.7/site-packages/airflow/example_dags/example_nested_branch_dag.py
[2022-09-24T20:04:12.243+0000] {processor.py:758} INFO - Processing file /home/airflow/.local/lib/python3.7/site-packages/airflow/example_dags/example_nested_branch_dag.py for tasks to queue
[2022-09-24T20:04:12.247+0000] {logging_mixin.py:117} INFO - [2022-09-24T20:04:12.247+0000] {dagbag.py:525} INFO - Filling up the DagBag from /home/airflow/.local/lib/python3.7/site-packages/airflow/example_dags/example_nested_branch_dag.py
[2022-09-24T20:04:12.302+0000] {processor.py:768} INFO - DAG(s) dict_keys(['example_nested_branch_dag']) retrieved from /home/airflow/.local/lib/python3.7/site-packages/airflow/example_dags/example_nested_branch_dag.py
[2022-09-24T20:04:12.385+0000] {logging_mixin.py:117} INFO - [2022-09-24T20:04:12.384+0000] {dag.py:2573} INFO - Sync 1 DAGs
[2022-09-24T20:04:12.433+0000] {logging_mixin.py:117} INFO - [2022-09-24T20:04:12.433+0000] {dag.py:3328} INFO - Setting next_dagrun for example_nested_branch_dag to 2022-09-23T00:00:00+00:00, run_after=2022-09-24T00:00:00+00:00
[2022-09-24T20:04:12.473+0000] {processor.py:178} INFO - Processing /home/airflow/.local/lib/python3.7/site-packages/airflow/example_dags/example_nested_branch_dag.py took 0.245 seconds
[2022-09-24T20:04:44.133+0000] {processor.py:156} INFO - Started process (PID=5471) to work on /home/airflow/.local/lib/python3.7/site-packages/airflow/example_dags/example_nested_branch_dag.py
[2022-09-24T20:04:44.143+0000] {processor.py:758} INFO - Processing file /home/airflow/.local/lib/python3.7/site-packages/airflow/example_dags/example_nested_branch_dag.py for tasks to queue
[2022-09-24T20:04:44.155+0000] {logging_mixin.py:117} INFO - [2022-09-24T20:04:44.155+0000] {dagbag.py:525} INFO - Filling up the DagBag from /home/airflow/.local/lib/python3.7/site-packages/airflow/example_dags/example_nested_branch_dag.py
[2022-09-24T20:04:44.287+0000] {processor.py:768} INFO - DAG(s) dict_keys(['example_nested_branch_dag']) retrieved from /home/airflow/.local/lib/python3.7/site-packages/airflow/example_dags/example_nested_branch_dag.py
[2022-09-24T20:04:44.539+0000] {logging_mixin.py:117} INFO - [2022-09-24T20:04:44.538+0000] {dag.py:2573} INFO - Sync 1 DAGs
[2022-09-24T20:04:44.802+0000] {logging_mixin.py:117} INFO - [2022-09-24T20:04:44.802+0000] {dag.py:3328} INFO - Setting next_dagrun for example_nested_branch_dag to 2022-09-23T00:00:00+00:00, run_after=2022-09-24T00:00:00+00:00
[2022-09-24T20:04:44.881+0000] {processor.py:178} INFO - Processing /home/airflow/.local/lib/python3.7/site-packages/airflow/example_dags/example_nested_branch_dag.py took 0.762 seconds
[2022-09-24T20:05:15.151+0000] {processor.py:156} INFO - Started process (PID=5664) to work on /home/airflow/.local/lib/python3.7/site-packages/airflow/example_dags/example_nested_branch_dag.py
[2022-09-24T20:05:15.154+0000] {processor.py:758} INFO - Processing file /home/airflow/.local/lib/python3.7/site-packages/airflow/example_dags/example_nested_branch_dag.py for tasks to queue
[2022-09-24T20:05:15.162+0000] {logging_mixin.py:117} INFO - [2022-09-24T20:05:15.162+0000] {dagbag.py:525} INFO - Filling up the DagBag from /home/airflow/.local/lib/python3.7/site-packages/airflow/example_dags/example_nested_branch_dag.py
[2022-09-24T20:05:15.236+0000] {processor.py:768} INFO - DAG(s) dict_keys(['example_nested_branch_dag']) retrieved from /home/airflow/.local/lib/python3.7/site-packages/airflow/example_dags/example_nested_branch_dag.py
[2022-09-24T20:05:15.354+0000] {logging_mixin.py:117} INFO - [2022-09-24T20:05:15.354+0000] {dag.py:2573} INFO - Sync 1 DAGs
[2022-09-24T20:05:15.433+0000] {logging_mixin.py:117} INFO - [2022-09-24T20:05:15.432+0000] {dag.py:3328} INFO - Setting next_dagrun for example_nested_branch_dag to 2022-09-23T00:00:00+00:00, run_after=2022-09-24T00:00:00+00:00
[2022-09-24T20:05:15.503+0000] {processor.py:178} INFO - Processing /home/airflow/.local/lib/python3.7/site-packages/airflow/example_dags/example_nested_branch_dag.py took 0.360 seconds
[2022-09-24T20:05:45.696+0000] {processor.py:156} INFO - Started process (PID=5858) to work on /home/airflow/.local/lib/python3.7/site-packages/airflow/example_dags/example_nested_branch_dag.py
[2022-09-24T20:05:45.699+0000] {processor.py:758} INFO - Processing file /home/airflow/.local/lib/python3.7/site-packages/airflow/example_dags/example_nested_branch_dag.py for tasks to queue
[2022-09-24T20:05:45.702+0000] {logging_mixin.py:117} INFO - [2022-09-24T20:05:45.702+0000] {dagbag.py:525} INFO - Filling up the DagBag from /home/airflow/.local/lib/python3.7/site-packages/airflow/example_dags/example_nested_branch_dag.py
[2022-09-24T20:05:45.805+0000] {processor.py:768} INFO - DAG(s) dict_keys(['example_nested_branch_dag']) retrieved from /home/airflow/.local/lib/python3.7/site-packages/airflow/example_dags/example_nested_branch_dag.py
[2022-09-24T20:05:45.971+0000] {logging_mixin.py:117} INFO - [2022-09-24T20:05:45.970+0000] {dag.py:2573} INFO - Sync 1 DAGs
[2022-09-24T20:05:46.054+0000] {logging_mixin.py:117} INFO - [2022-09-24T20:05:46.054+0000] {dag.py:3328} INFO - Setting next_dagrun for example_nested_branch_dag to 2022-09-23T00:00:00+00:00, run_after=2022-09-24T00:00:00+00:00
[2022-09-24T20:05:46.112+0000] {processor.py:178} INFO - Processing /home/airflow/.local/lib/python3.7/site-packages/airflow/example_dags/example_nested_branch_dag.py took 0.425 seconds
[2022-09-24T20:06:16.302+0000] {processor.py:156} INFO - Started process (PID=6053) to work on /home/airflow/.local/lib/python3.7/site-packages/airflow/example_dags/example_nested_branch_dag.py
[2022-09-24T20:06:16.311+0000] {processor.py:758} INFO - Processing file /home/airflow/.local/lib/python3.7/site-packages/airflow/example_dags/example_nested_branch_dag.py for tasks to queue
[2022-09-24T20:06:16.315+0000] {logging_mixin.py:117} INFO - [2022-09-24T20:06:16.314+0000] {dagbag.py:525} INFO - Filling up the DagBag from /home/airflow/.local/lib/python3.7/site-packages/airflow/example_dags/example_nested_branch_dag.py
[2022-09-24T20:06:16.387+0000] {processor.py:768} INFO - DAG(s) dict_keys(['example_nested_branch_dag']) retrieved from /home/airflow/.local/lib/python3.7/site-packages/airflow/example_dags/example_nested_branch_dag.py
[2022-09-24T20:06:16.593+0000] {logging_mixin.py:117} INFO - [2022-09-24T20:06:16.593+0000] {dag.py:2573} INFO - Sync 1 DAGs
[2022-09-24T20:06:16.680+0000] {logging_mixin.py:117} INFO - [2022-09-24T20:06:16.680+0000] {dag.py:3328} INFO - Setting next_dagrun for example_nested_branch_dag to 2022-09-23T00:00:00+00:00, run_after=2022-09-24T00:00:00+00:00
[2022-09-24T20:06:16.760+0000] {processor.py:178} INFO - Processing /home/airflow/.local/lib/python3.7/site-packages/airflow/example_dags/example_nested_branch_dag.py took 0.464 seconds
[2022-09-24T20:06:46.992+0000] {processor.py:156} INFO - Started process (PID=6250) to work on /home/airflow/.local/lib/python3.7/site-packages/airflow/example_dags/example_nested_branch_dag.py
[2022-09-24T20:06:46.996+0000] {processor.py:758} INFO - Processing file /home/airflow/.local/lib/python3.7/site-packages/airflow/example_dags/example_nested_branch_dag.py for tasks to queue
[2022-09-24T20:06:47.001+0000] {logging_mixin.py:117} INFO - [2022-09-24T20:06:47.000+0000] {dagbag.py:525} INFO - Filling up the DagBag from /home/airflow/.local/lib/python3.7/site-packages/airflow/example_dags/example_nested_branch_dag.py
[2022-09-24T20:06:47.086+0000] {processor.py:768} INFO - DAG(s) dict_keys(['example_nested_branch_dag']) retrieved from /home/airflow/.local/lib/python3.7/site-packages/airflow/example_dags/example_nested_branch_dag.py
[2022-09-24T20:06:47.235+0000] {logging_mixin.py:117} INFO - [2022-09-24T20:06:47.235+0000] {dag.py:2573} INFO - Sync 1 DAGs
[2022-09-24T20:06:47.336+0000] {logging_mixin.py:117} INFO - [2022-09-24T20:06:47.336+0000] {dag.py:3328} INFO - Setting next_dagrun for example_nested_branch_dag to 2022-09-23T00:00:00+00:00, run_after=2022-09-24T00:00:00+00:00
[2022-09-24T20:06:47.394+0000] {processor.py:178} INFO - Processing /home/airflow/.local/lib/python3.7/site-packages/airflow/example_dags/example_nested_branch_dag.py took 0.414 seconds
[2022-09-24T20:07:18.081+0000] {processor.py:156} INFO - Started process (PID=6449) to work on /home/airflow/.local/lib/python3.7/site-packages/airflow/example_dags/example_nested_branch_dag.py
[2022-09-24T20:07:18.084+0000] {processor.py:758} INFO - Processing file /home/airflow/.local/lib/python3.7/site-packages/airflow/example_dags/example_nested_branch_dag.py for tasks to queue
[2022-09-24T20:07:18.088+0000] {logging_mixin.py:117} INFO - [2022-09-24T20:07:18.087+0000] {dagbag.py:525} INFO - Filling up the DagBag from /home/airflow/.local/lib/python3.7/site-packages/airflow/example_dags/example_nested_branch_dag.py
[2022-09-24T20:07:18.135+0000] {processor.py:768} INFO - DAG(s) dict_keys(['example_nested_branch_dag']) retrieved from /home/airflow/.local/lib/python3.7/site-packages/airflow/example_dags/example_nested_branch_dag.py
[2022-09-24T20:07:18.211+0000] {logging_mixin.py:117} INFO - [2022-09-24T20:07:18.211+0000] {dag.py:2573} INFO - Sync 1 DAGs
[2022-09-24T20:07:18.257+0000] {logging_mixin.py:117} INFO - [2022-09-24T20:07:18.257+0000] {dag.py:3328} INFO - Setting next_dagrun for example_nested_branch_dag to 2022-09-23T00:00:00+00:00, run_after=2022-09-24T00:00:00+00:00
[2022-09-24T20:07:18.296+0000] {processor.py:178} INFO - Processing /home/airflow/.local/lib/python3.7/site-packages/airflow/example_dags/example_nested_branch_dag.py took 0.222 seconds
[2022-09-24T20:07:48.663+0000] {processor.py:156} INFO - Started process (PID=6656) to work on /home/airflow/.local/lib/python3.7/site-packages/airflow/example_dags/example_nested_branch_dag.py
[2022-09-24T20:07:48.667+0000] {processor.py:758} INFO - Processing file /home/airflow/.local/lib/python3.7/site-packages/airflow/example_dags/example_nested_branch_dag.py for tasks to queue
[2022-09-24T20:07:48.672+0000] {logging_mixin.py:117} INFO - [2022-09-24T20:07:48.671+0000] {dagbag.py:525} INFO - Filling up the DagBag from /home/airflow/.local/lib/python3.7/site-packages/airflow/example_dags/example_nested_branch_dag.py
[2022-09-24T20:07:48.727+0000] {processor.py:768} INFO - DAG(s) dict_keys(['example_nested_branch_dag']) retrieved from /home/airflow/.local/lib/python3.7/site-packages/airflow/example_dags/example_nested_branch_dag.py
[2022-09-24T20:07:48.807+0000] {logging_mixin.py:117} INFO - [2022-09-24T20:07:48.807+0000] {dag.py:2573} INFO - Sync 1 DAGs
[2022-09-24T20:07:48.860+0000] {logging_mixin.py:117} INFO - [2022-09-24T20:07:48.860+0000] {dag.py:3328} INFO - Setting next_dagrun for example_nested_branch_dag to 2022-09-23T00:00:00+00:00, run_after=2022-09-24T00:00:00+00:00
[2022-09-24T20:07:48.904+0000] {processor.py:178} INFO - Processing /home/airflow/.local/lib/python3.7/site-packages/airflow/example_dags/example_nested_branch_dag.py took 0.247 seconds
[2022-09-24T20:08:19.341+0000] {processor.py:156} INFO - Started process (PID=6854) to work on /home/airflow/.local/lib/python3.7/site-packages/airflow/example_dags/example_nested_branch_dag.py
[2022-09-24T20:08:19.345+0000] {processor.py:758} INFO - Processing file /home/airflow/.local/lib/python3.7/site-packages/airflow/example_dags/example_nested_branch_dag.py for tasks to queue
[2022-09-24T20:08:19.347+0000] {logging_mixin.py:117} INFO - [2022-09-24T20:08:19.347+0000] {dagbag.py:525} INFO - Filling up the DagBag from /home/airflow/.local/lib/python3.7/site-packages/airflow/example_dags/example_nested_branch_dag.py
[2022-09-24T20:08:19.395+0000] {processor.py:768} INFO - DAG(s) dict_keys(['example_nested_branch_dag']) retrieved from /home/airflow/.local/lib/python3.7/site-packages/airflow/example_dags/example_nested_branch_dag.py
[2022-09-24T20:08:19.471+0000] {logging_mixin.py:117} INFO - [2022-09-24T20:08:19.471+0000] {dag.py:2573} INFO - Sync 1 DAGs
[2022-09-24T20:08:19.523+0000] {logging_mixin.py:117} INFO - [2022-09-24T20:08:19.523+0000] {dag.py:3328} INFO - Setting next_dagrun for example_nested_branch_dag to 2022-09-23T00:00:00+00:00, run_after=2022-09-24T00:00:00+00:00
[2022-09-24T20:08:19.565+0000] {processor.py:178} INFO - Processing /home/airflow/.local/lib/python3.7/site-packages/airflow/example_dags/example_nested_branch_dag.py took 0.230 seconds
[2022-09-24T20:08:49.672+0000] {processor.py:156} INFO - Started process (PID=7063) to work on /home/airflow/.local/lib/python3.7/site-packages/airflow/example_dags/example_nested_branch_dag.py
[2022-09-24T20:08:49.678+0000] {processor.py:758} INFO - Processing file /home/airflow/.local/lib/python3.7/site-packages/airflow/example_dags/example_nested_branch_dag.py for tasks to queue
[2022-09-24T20:08:49.683+0000] {logging_mixin.py:117} INFO - [2022-09-24T20:08:49.682+0000] {dagbag.py:525} INFO - Filling up the DagBag from /home/airflow/.local/lib/python3.7/site-packages/airflow/example_dags/example_nested_branch_dag.py
[2022-09-24T20:08:49.762+0000] {processor.py:768} INFO - DAG(s) dict_keys(['example_nested_branch_dag']) retrieved from /home/airflow/.local/lib/python3.7/site-packages/airflow/example_dags/example_nested_branch_dag.py
[2022-09-24T20:08:49.873+0000] {logging_mixin.py:117} INFO - [2022-09-24T20:08:49.873+0000] {dag.py:2573} INFO - Sync 1 DAGs
[2022-09-24T20:08:49.946+0000] {logging_mixin.py:117} INFO - [2022-09-24T20:08:49.946+0000] {dag.py:3328} INFO - Setting next_dagrun for example_nested_branch_dag to 2022-09-23T00:00:00+00:00, run_after=2022-09-24T00:00:00+00:00
[2022-09-24T20:08:50.007+0000] {processor.py:178} INFO - Processing /home/airflow/.local/lib/python3.7/site-packages/airflow/example_dags/example_nested_branch_dag.py took 0.348 seconds
[2022-09-24T20:09:20.350+0000] {processor.py:156} INFO - Started process (PID=7261) to work on /home/airflow/.local/lib/python3.7/site-packages/airflow/example_dags/example_nested_branch_dag.py
[2022-09-24T20:09:20.354+0000] {processor.py:758} INFO - Processing file /home/airflow/.local/lib/python3.7/site-packages/airflow/example_dags/example_nested_branch_dag.py for tasks to queue
[2022-09-24T20:09:20.357+0000] {logging_mixin.py:117} INFO - [2022-09-24T20:09:20.357+0000] {dagbag.py:525} INFO - Filling up the DagBag from /home/airflow/.local/lib/python3.7/site-packages/airflow/example_dags/example_nested_branch_dag.py
[2022-09-24T20:09:20.404+0000] {processor.py:768} INFO - DAG(s) dict_keys(['example_nested_branch_dag']) retrieved from /home/airflow/.local/lib/python3.7/site-packages/airflow/example_dags/example_nested_branch_dag.py
[2022-09-24T20:09:20.486+0000] {logging_mixin.py:117} INFO - [2022-09-24T20:09:20.486+0000] {dag.py:2573} INFO - Sync 1 DAGs
[2022-09-24T20:09:20.541+0000] {logging_mixin.py:117} INFO - [2022-09-24T20:09:20.540+0000] {dag.py:3328} INFO - Setting next_dagrun for example_nested_branch_dag to 2022-09-23T00:00:00+00:00, run_after=2022-09-24T00:00:00+00:00
[2022-09-24T20:09:20.592+0000] {processor.py:178} INFO - Processing /home/airflow/.local/lib/python3.7/site-packages/airflow/example_dags/example_nested_branch_dag.py took 0.252 seconds
[2022-09-24T20:09:50.793+0000] {processor.py:156} INFO - Started process (PID=7460) to work on /home/airflow/.local/lib/python3.7/site-packages/airflow/example_dags/example_nested_branch_dag.py
[2022-09-24T20:09:50.799+0000] {processor.py:758} INFO - Processing file /home/airflow/.local/lib/python3.7/site-packages/airflow/example_dags/example_nested_branch_dag.py for tasks to queue
[2022-09-24T20:09:50.801+0000] {logging_mixin.py:117} INFO - [2022-09-24T20:09:50.801+0000] {dagbag.py:525} INFO - Filling up the DagBag from /home/airflow/.local/lib/python3.7/site-packages/airflow/example_dags/example_nested_branch_dag.py
[2022-09-24T20:09:50.863+0000] {processor.py:768} INFO - DAG(s) dict_keys(['example_nested_branch_dag']) retrieved from /home/airflow/.local/lib/python3.7/site-packages/airflow/example_dags/example_nested_branch_dag.py
[2022-09-24T20:09:50.945+0000] {logging_mixin.py:117} INFO - [2022-09-24T20:09:50.945+0000] {dag.py:2573} INFO - Sync 1 DAGs
[2022-09-24T20:09:50.993+0000] {logging_mixin.py:117} INFO - [2022-09-24T20:09:50.993+0000] {dag.py:3328} INFO - Setting next_dagrun for example_nested_branch_dag to 2022-09-23T00:00:00+00:00, run_after=2022-09-24T00:00:00+00:00
[2022-09-24T20:09:51.035+0000] {processor.py:178} INFO - Processing /home/airflow/.local/lib/python3.7/site-packages/airflow/example_dags/example_nested_branch_dag.py took 0.251 seconds
[2022-09-24T20:10:21.283+0000] {processor.py:156} INFO - Started process (PID=7667) to work on /home/airflow/.local/lib/python3.7/site-packages/airflow/example_dags/example_nested_branch_dag.py
[2022-09-24T20:10:21.286+0000] {processor.py:758} INFO - Processing file /home/airflow/.local/lib/python3.7/site-packages/airflow/example_dags/example_nested_branch_dag.py for tasks to queue
[2022-09-24T20:10:21.289+0000] {logging_mixin.py:117} INFO - [2022-09-24T20:10:21.288+0000] {dagbag.py:525} INFO - Filling up the DagBag from /home/airflow/.local/lib/python3.7/site-packages/airflow/example_dags/example_nested_branch_dag.py
[2022-09-24T20:10:21.335+0000] {processor.py:768} INFO - DAG(s) dict_keys(['example_nested_branch_dag']) retrieved from /home/airflow/.local/lib/python3.7/site-packages/airflow/example_dags/example_nested_branch_dag.py
[2022-09-24T20:10:21.411+0000] {logging_mixin.py:117} INFO - [2022-09-24T20:10:21.411+0000] {dag.py:2573} INFO - Sync 1 DAGs
[2022-09-24T20:10:21.460+0000] {logging_mixin.py:117} INFO - [2022-09-24T20:10:21.460+0000] {dag.py:3328} INFO - Setting next_dagrun for example_nested_branch_dag to 2022-09-23T00:00:00+00:00, run_after=2022-09-24T00:00:00+00:00
[2022-09-24T20:10:21.502+0000] {processor.py:178} INFO - Processing /home/airflow/.local/lib/python3.7/site-packages/airflow/example_dags/example_nested_branch_dag.py took 0.225 seconds
[2022-09-24T20:10:51.930+0000] {processor.py:156} INFO - Started process (PID=7865) to work on /home/airflow/.local/lib/python3.7/site-packages/airflow/example_dags/example_nested_branch_dag.py
[2022-09-24T20:10:51.934+0000] {processor.py:758} INFO - Processing file /home/airflow/.local/lib/python3.7/site-packages/airflow/example_dags/example_nested_branch_dag.py for tasks to queue
[2022-09-24T20:10:51.936+0000] {logging_mixin.py:117} INFO - [2022-09-24T20:10:51.936+0000] {dagbag.py:525} INFO - Filling up the DagBag from /home/airflow/.local/lib/python3.7/site-packages/airflow/example_dags/example_nested_branch_dag.py
[2022-09-24T20:10:51.984+0000] {processor.py:768} INFO - DAG(s) dict_keys(['example_nested_branch_dag']) retrieved from /home/airflow/.local/lib/python3.7/site-packages/airflow/example_dags/example_nested_branch_dag.py
[2022-09-24T20:10:52.058+0000] {logging_mixin.py:117} INFO - [2022-09-24T20:10:52.058+0000] {dag.py:2573} INFO - Sync 1 DAGs
[2022-09-24T20:10:52.106+0000] {logging_mixin.py:117} INFO - [2022-09-24T20:10:52.106+0000] {dag.py:3328} INFO - Setting next_dagrun for example_nested_branch_dag to 2022-09-23T00:00:00+00:00, run_after=2022-09-24T00:00:00+00:00
[2022-09-24T20:10:52.149+0000] {processor.py:178} INFO - Processing /home/airflow/.local/lib/python3.7/site-packages/airflow/example_dags/example_nested_branch_dag.py took 0.225 seconds
[2022-09-24T20:11:22.287+0000] {processor.py:156} INFO - Started process (PID=8071) to work on /home/airflow/.local/lib/python3.7/site-packages/airflow/example_dags/example_nested_branch_dag.py
[2022-09-24T20:11:22.297+0000] {processor.py:758} INFO - Processing file /home/airflow/.local/lib/python3.7/site-packages/airflow/example_dags/example_nested_branch_dag.py for tasks to queue
[2022-09-24T20:11:22.301+0000] {logging_mixin.py:117} INFO - [2022-09-24T20:11:22.301+0000] {dagbag.py:525} INFO - Filling up the DagBag from /home/airflow/.local/lib/python3.7/site-packages/airflow/example_dags/example_nested_branch_dag.py
[2022-09-24T20:11:22.405+0000] {processor.py:768} INFO - DAG(s) dict_keys(['example_nested_branch_dag']) retrieved from /home/airflow/.local/lib/python3.7/site-packages/airflow/example_dags/example_nested_branch_dag.py
[2022-09-24T20:11:22.508+0000] {logging_mixin.py:117} INFO - [2022-09-24T20:11:22.508+0000] {dag.py:2573} INFO - Sync 1 DAGs
[2022-09-24T20:11:22.578+0000] {logging_mixin.py:117} INFO - [2022-09-24T20:11:22.577+0000] {dag.py:3328} INFO - Setting next_dagrun for example_nested_branch_dag to 2022-09-23T00:00:00+00:00, run_after=2022-09-24T00:00:00+00:00
[2022-09-24T20:11:22.647+0000] {processor.py:178} INFO - Processing /home/airflow/.local/lib/python3.7/site-packages/airflow/example_dags/example_nested_branch_dag.py took 0.377 seconds
[2022-09-24T20:11:52.893+0000] {processor.py:156} INFO - Started process (PID=8269) to work on /home/airflow/.local/lib/python3.7/site-packages/airflow/example_dags/example_nested_branch_dag.py
[2022-09-24T20:11:52.896+0000] {processor.py:758} INFO - Processing file /home/airflow/.local/lib/python3.7/site-packages/airflow/example_dags/example_nested_branch_dag.py for tasks to queue
[2022-09-24T20:11:52.899+0000] {logging_mixin.py:117} INFO - [2022-09-24T20:11:52.899+0000] {dagbag.py:525} INFO - Filling up the DagBag from /home/airflow/.local/lib/python3.7/site-packages/airflow/example_dags/example_nested_branch_dag.py
[2022-09-24T20:11:52.968+0000] {processor.py:768} INFO - DAG(s) dict_keys(['example_nested_branch_dag']) retrieved from /home/airflow/.local/lib/python3.7/site-packages/airflow/example_dags/example_nested_branch_dag.py
[2022-09-24T20:11:53.074+0000] {logging_mixin.py:117} INFO - [2022-09-24T20:11:53.073+0000] {dag.py:2573} INFO - Sync 1 DAGs
[2022-09-24T20:11:53.143+0000] {logging_mixin.py:117} INFO - [2022-09-24T20:11:53.142+0000] {dag.py:3328} INFO - Setting next_dagrun for example_nested_branch_dag to 2022-09-23T00:00:00+00:00, run_after=2022-09-24T00:00:00+00:00
[2022-09-24T20:11:53.192+0000] {processor.py:178} INFO - Processing /home/airflow/.local/lib/python3.7/site-packages/airflow/example_dags/example_nested_branch_dag.py took 0.311 seconds
[2022-09-24T20:12:23.635+0000] {processor.py:156} INFO - Started process (PID=8462) to work on /home/airflow/.local/lib/python3.7/site-packages/airflow/example_dags/example_nested_branch_dag.py
[2022-09-24T20:12:23.644+0000] {processor.py:758} INFO - Processing file /home/airflow/.local/lib/python3.7/site-packages/airflow/example_dags/example_nested_branch_dag.py for tasks to queue
[2022-09-24T20:12:23.653+0000] {logging_mixin.py:117} INFO - [2022-09-24T20:12:23.650+0000] {dagbag.py:525} INFO - Filling up the DagBag from /home/airflow/.local/lib/python3.7/site-packages/airflow/example_dags/example_nested_branch_dag.py
[2022-09-24T20:12:23.767+0000] {processor.py:768} INFO - DAG(s) dict_keys(['example_nested_branch_dag']) retrieved from /home/airflow/.local/lib/python3.7/site-packages/airflow/example_dags/example_nested_branch_dag.py
[2022-09-24T20:12:23.862+0000] {logging_mixin.py:117} INFO - [2022-09-24T20:12:23.862+0000] {dag.py:2573} INFO - Sync 1 DAGs
[2022-09-24T20:12:23.950+0000] {logging_mixin.py:117} INFO - [2022-09-24T20:12:23.950+0000] {dag.py:3328} INFO - Setting next_dagrun for example_nested_branch_dag to 2022-09-23T00:00:00+00:00, run_after=2022-09-24T00:00:00+00:00
[2022-09-24T20:12:24.031+0000] {processor.py:178} INFO - Processing /home/airflow/.local/lib/python3.7/site-packages/airflow/example_dags/example_nested_branch_dag.py took 0.430 seconds
[2022-09-24T20:12:54.740+0000] {processor.py:156} INFO - Started process (PID=8663) to work on /home/airflow/.local/lib/python3.7/site-packages/airflow/example_dags/example_nested_branch_dag.py
[2022-09-24T20:12:54.745+0000] {processor.py:758} INFO - Processing file /home/airflow/.local/lib/python3.7/site-packages/airflow/example_dags/example_nested_branch_dag.py for tasks to queue
[2022-09-24T20:12:54.747+0000] {logging_mixin.py:117} INFO - [2022-09-24T20:12:54.747+0000] {dagbag.py:525} INFO - Filling up the DagBag from /home/airflow/.local/lib/python3.7/site-packages/airflow/example_dags/example_nested_branch_dag.py
[2022-09-24T20:12:54.866+0000] {processor.py:768} INFO - DAG(s) dict_keys(['example_nested_branch_dag']) retrieved from /home/airflow/.local/lib/python3.7/site-packages/airflow/example_dags/example_nested_branch_dag.py
[2022-09-24T20:12:55.067+0000] {logging_mixin.py:117} INFO - [2022-09-24T20:12:55.066+0000] {dag.py:2573} INFO - Sync 1 DAGs
[2022-09-24T20:12:55.180+0000] {logging_mixin.py:117} INFO - [2022-09-24T20:12:55.180+0000] {dag.py:3328} INFO - Setting next_dagrun for example_nested_branch_dag to 2022-09-23T00:00:00+00:00, run_after=2022-09-24T00:00:00+00:00
[2022-09-24T20:12:55.225+0000] {processor.py:178} INFO - Processing /home/airflow/.local/lib/python3.7/site-packages/airflow/example_dags/example_nested_branch_dag.py took 0.501 seconds
[2022-09-24T20:13:25.534+0000] {processor.py:156} INFO - Started process (PID=8863) to work on /home/airflow/.local/lib/python3.7/site-packages/airflow/example_dags/example_nested_branch_dag.py
[2022-09-24T20:13:25.538+0000] {processor.py:758} INFO - Processing file /home/airflow/.local/lib/python3.7/site-packages/airflow/example_dags/example_nested_branch_dag.py for tasks to queue
[2022-09-24T20:13:25.541+0000] {logging_mixin.py:117} INFO - [2022-09-24T20:13:25.541+0000] {dagbag.py:525} INFO - Filling up the DagBag from /home/airflow/.local/lib/python3.7/site-packages/airflow/example_dags/example_nested_branch_dag.py
[2022-09-24T20:13:25.591+0000] {processor.py:768} INFO - DAG(s) dict_keys(['example_nested_branch_dag']) retrieved from /home/airflow/.local/lib/python3.7/site-packages/airflow/example_dags/example_nested_branch_dag.py
[2022-09-24T20:13:25.682+0000] {logging_mixin.py:117} INFO - [2022-09-24T20:13:25.682+0000] {dag.py:2573} INFO - Sync 1 DAGs
[2022-09-24T20:13:25.740+0000] {logging_mixin.py:117} INFO - [2022-09-24T20:13:25.740+0000] {dag.py:3328} INFO - Setting next_dagrun for example_nested_branch_dag to 2022-09-23T00:00:00+00:00, run_after=2022-09-24T00:00:00+00:00
[2022-09-24T20:13:25.776+0000] {processor.py:178} INFO - Processing /home/airflow/.local/lib/python3.7/site-packages/airflow/example_dags/example_nested_branch_dag.py took 0.250 seconds
[2022-09-24T20:13:56.033+0000] {processor.py:156} INFO - Started process (PID=9061) to work on /home/airflow/.local/lib/python3.7/site-packages/airflow/example_dags/example_nested_branch_dag.py
[2022-09-24T20:13:56.037+0000] {processor.py:758} INFO - Processing file /home/airflow/.local/lib/python3.7/site-packages/airflow/example_dags/example_nested_branch_dag.py for tasks to queue
[2022-09-24T20:13:56.041+0000] {logging_mixin.py:117} INFO - [2022-09-24T20:13:56.039+0000] {dagbag.py:525} INFO - Filling up the DagBag from /home/airflow/.local/lib/python3.7/site-packages/airflow/example_dags/example_nested_branch_dag.py
[2022-09-24T20:13:56.067+0000] {processor.py:768} INFO - DAG(s) dict_keys(['example_nested_branch_dag']) retrieved from /home/airflow/.local/lib/python3.7/site-packages/airflow/example_dags/example_nested_branch_dag.py
[2022-09-24T20:13:56.143+0000] {logging_mixin.py:117} INFO - [2022-09-24T20:13:56.143+0000] {dag.py:2573} INFO - Sync 1 DAGs
[2022-09-24T20:13:56.200+0000] {logging_mixin.py:117} INFO - [2022-09-24T20:13:56.200+0000] {dag.py:3328} INFO - Setting next_dagrun for example_nested_branch_dag to 2022-09-23T00:00:00+00:00, run_after=2022-09-24T00:00:00+00:00
[2022-09-24T20:13:56.238+0000] {processor.py:178} INFO - Processing /home/airflow/.local/lib/python3.7/site-packages/airflow/example_dags/example_nested_branch_dag.py took 0.234 seconds
[2022-09-24T20:14:35.072+0000] {processor.py:156} INFO - Started process (PID=9257) to work on /home/airflow/.local/lib/python3.7/site-packages/airflow/example_dags/example_nested_branch_dag.py
[2022-09-24T20:14:35.077+0000] {processor.py:758} INFO - Processing file /home/airflow/.local/lib/python3.7/site-packages/airflow/example_dags/example_nested_branch_dag.py for tasks to queue
[2022-09-24T20:14:35.086+0000] {logging_mixin.py:117} INFO - [2022-09-24T20:14:35.085+0000] {dagbag.py:525} INFO - Filling up the DagBag from /home/airflow/.local/lib/python3.7/site-packages/airflow/example_dags/example_nested_branch_dag.py
[2022-09-24T20:14:35.216+0000] {processor.py:768} INFO - DAG(s) dict_keys(['example_nested_branch_dag']) retrieved from /home/airflow/.local/lib/python3.7/site-packages/airflow/example_dags/example_nested_branch_dag.py
[2022-09-24T20:14:35.418+0000] {logging_mixin.py:117} INFO - [2022-09-24T20:14:35.418+0000] {dag.py:2573} INFO - Sync 1 DAGs
[2022-09-24T20:14:35.516+0000] {logging_mixin.py:117} INFO - [2022-09-24T20:14:35.515+0000] {dag.py:3328} INFO - Setting next_dagrun for example_nested_branch_dag to 2022-09-23T00:00:00+00:00, run_after=2022-09-24T00:00:00+00:00
[2022-09-24T20:14:35.576+0000] {processor.py:178} INFO - Processing /home/airflow/.local/lib/python3.7/site-packages/airflow/example_dags/example_nested_branch_dag.py took 0.516 seconds
[2022-09-24T20:15:08.565+0000] {processor.py:156} INFO - Started process (PID=9469) to work on /home/airflow/.local/lib/python3.7/site-packages/airflow/example_dags/example_nested_branch_dag.py
[2022-09-24T20:15:08.570+0000] {processor.py:758} INFO - Processing file /home/airflow/.local/lib/python3.7/site-packages/airflow/example_dags/example_nested_branch_dag.py for tasks to queue
[2022-09-24T20:15:08.574+0000] {logging_mixin.py:117} INFO - [2022-09-24T20:15:08.573+0000] {dagbag.py:525} INFO - Filling up the DagBag from /home/airflow/.local/lib/python3.7/site-packages/airflow/example_dags/example_nested_branch_dag.py
[2022-09-24T20:15:08.701+0000] {processor.py:768} INFO - DAG(s) dict_keys(['example_nested_branch_dag']) retrieved from /home/airflow/.local/lib/python3.7/site-packages/airflow/example_dags/example_nested_branch_dag.py
[2022-09-24T20:15:08.837+0000] {logging_mixin.py:117} INFO - [2022-09-24T20:15:08.837+0000] {dag.py:2573} INFO - Sync 1 DAGs
[2022-09-24T20:15:08.958+0000] {logging_mixin.py:117} INFO - [2022-09-24T20:15:08.958+0000] {dag.py:3328} INFO - Setting next_dagrun for example_nested_branch_dag to 2022-09-23T00:00:00+00:00, run_after=2022-09-24T00:00:00+00:00
[2022-09-24T20:15:09.069+0000] {processor.py:178} INFO - Processing /home/airflow/.local/lib/python3.7/site-packages/airflow/example_dags/example_nested_branch_dag.py took 0.514 seconds
[2022-09-24T20:15:40.942+0000] {processor.py:156} INFO - Started process (PID=9657) to work on /home/airflow/.local/lib/python3.7/site-packages/airflow/example_dags/example_nested_branch_dag.py
[2022-09-24T20:15:40.949+0000] {processor.py:758} INFO - Processing file /home/airflow/.local/lib/python3.7/site-packages/airflow/example_dags/example_nested_branch_dag.py for tasks to queue
[2022-09-24T20:15:40.952+0000] {logging_mixin.py:117} INFO - [2022-09-24T20:15:40.952+0000] {dagbag.py:525} INFO - Filling up the DagBag from /home/airflow/.local/lib/python3.7/site-packages/airflow/example_dags/example_nested_branch_dag.py
[2022-09-24T20:15:41.102+0000] {processor.py:768} INFO - DAG(s) dict_keys(['example_nested_branch_dag']) retrieved from /home/airflow/.local/lib/python3.7/site-packages/airflow/example_dags/example_nested_branch_dag.py
[2022-09-24T20:15:41.282+0000] {logging_mixin.py:117} INFO - [2022-09-24T20:15:41.282+0000] {dag.py:2573} INFO - Sync 1 DAGs
[2022-09-24T20:15:41.385+0000] {logging_mixin.py:117} INFO - [2022-09-24T20:15:41.384+0000] {dag.py:3328} INFO - Setting next_dagrun for example_nested_branch_dag to 2022-09-23T00:00:00+00:00, run_after=2022-09-24T00:00:00+00:00
[2022-09-24T20:15:41.455+0000] {processor.py:178} INFO - Processing /home/airflow/.local/lib/python3.7/site-packages/airflow/example_dags/example_nested_branch_dag.py took 0.532 seconds
[2022-09-24T20:16:11.576+0000] {processor.py:156} INFO - Started process (PID=9857) to work on /home/airflow/.local/lib/python3.7/site-packages/airflow/example_dags/example_nested_branch_dag.py
[2022-09-24T20:16:11.580+0000] {processor.py:758} INFO - Processing file /home/airflow/.local/lib/python3.7/site-packages/airflow/example_dags/example_nested_branch_dag.py for tasks to queue
[2022-09-24T20:16:11.584+0000] {logging_mixin.py:117} INFO - [2022-09-24T20:16:11.583+0000] {dagbag.py:525} INFO - Filling up the DagBag from /home/airflow/.local/lib/python3.7/site-packages/airflow/example_dags/example_nested_branch_dag.py
[2022-09-24T20:16:11.653+0000] {processor.py:768} INFO - DAG(s) dict_keys(['example_nested_branch_dag']) retrieved from /home/airflow/.local/lib/python3.7/site-packages/airflow/example_dags/example_nested_branch_dag.py
[2022-09-24T20:16:11.789+0000] {logging_mixin.py:117} INFO - [2022-09-24T20:16:11.788+0000] {dag.py:2573} INFO - Sync 1 DAGs
[2022-09-24T20:16:11.843+0000] {logging_mixin.py:117} INFO - [2022-09-24T20:16:11.843+0000] {dag.py:3328} INFO - Setting next_dagrun for example_nested_branch_dag to 2022-09-23T00:00:00+00:00, run_after=2022-09-24T00:00:00+00:00
[2022-09-24T20:16:11.884+0000] {processor.py:178} INFO - Processing /home/airflow/.local/lib/python3.7/site-packages/airflow/example_dags/example_nested_branch_dag.py took 0.319 seconds
[2022-09-24T20:16:42.637+0000] {processor.py:156} INFO - Started process (PID=10056) to work on /home/airflow/.local/lib/python3.7/site-packages/airflow/example_dags/example_nested_branch_dag.py
[2022-09-24T20:16:42.641+0000] {processor.py:758} INFO - Processing file /home/airflow/.local/lib/python3.7/site-packages/airflow/example_dags/example_nested_branch_dag.py for tasks to queue
[2022-09-24T20:16:42.646+0000] {logging_mixin.py:117} INFO - [2022-09-24T20:16:42.645+0000] {dagbag.py:525} INFO - Filling up the DagBag from /home/airflow/.local/lib/python3.7/site-packages/airflow/example_dags/example_nested_branch_dag.py
[2022-09-24T20:16:42.733+0000] {processor.py:768} INFO - DAG(s) dict_keys(['example_nested_branch_dag']) retrieved from /home/airflow/.local/lib/python3.7/site-packages/airflow/example_dags/example_nested_branch_dag.py
[2022-09-24T20:16:42.911+0000] {logging_mixin.py:117} INFO - [2022-09-24T20:16:42.911+0000] {dag.py:2573} INFO - Sync 1 DAGs
[2022-09-24T20:16:42.998+0000] {logging_mixin.py:117} INFO - [2022-09-24T20:16:42.997+0000] {dag.py:3328} INFO - Setting next_dagrun for example_nested_branch_dag to 2022-09-23T00:00:00+00:00, run_after=2022-09-24T00:00:00+00:00
[2022-09-24T20:16:43.127+0000] {processor.py:178} INFO - Processing /home/airflow/.local/lib/python3.7/site-packages/airflow/example_dags/example_nested_branch_dag.py took 0.509 seconds
[2022-09-24T20:17:13.257+0000] {processor.py:156} INFO - Started process (PID=10254) to work on /home/airflow/.local/lib/python3.7/site-packages/airflow/example_dags/example_nested_branch_dag.py
[2022-09-24T20:17:13.261+0000] {processor.py:758} INFO - Processing file /home/airflow/.local/lib/python3.7/site-packages/airflow/example_dags/example_nested_branch_dag.py for tasks to queue
[2022-09-24T20:17:13.265+0000] {logging_mixin.py:117} INFO - [2022-09-24T20:17:13.265+0000] {dagbag.py:525} INFO - Filling up the DagBag from /home/airflow/.local/lib/python3.7/site-packages/airflow/example_dags/example_nested_branch_dag.py
[2022-09-24T20:17:13.327+0000] {processor.py:768} INFO - DAG(s) dict_keys(['example_nested_branch_dag']) retrieved from /home/airflow/.local/lib/python3.7/site-packages/airflow/example_dags/example_nested_branch_dag.py
[2022-09-24T20:17:13.402+0000] {logging_mixin.py:117} INFO - [2022-09-24T20:17:13.401+0000] {dag.py:2573} INFO - Sync 1 DAGs
[2022-09-24T20:17:13.452+0000] {logging_mixin.py:117} INFO - [2022-09-24T20:17:13.452+0000] {dag.py:3328} INFO - Setting next_dagrun for example_nested_branch_dag to 2022-09-23T00:00:00+00:00, run_after=2022-09-24T00:00:00+00:00
[2022-09-24T20:17:13.499+0000] {processor.py:178} INFO - Processing /home/airflow/.local/lib/python3.7/site-packages/airflow/example_dags/example_nested_branch_dag.py took 0.251 seconds
[2022-09-24T20:17:43.728+0000] {processor.py:156} INFO - Started process (PID=10450) to work on /home/airflow/.local/lib/python3.7/site-packages/airflow/example_dags/example_nested_branch_dag.py
[2022-09-24T20:17:43.732+0000] {processor.py:758} INFO - Processing file /home/airflow/.local/lib/python3.7/site-packages/airflow/example_dags/example_nested_branch_dag.py for tasks to queue
[2022-09-24T20:17:43.737+0000] {logging_mixin.py:117} INFO - [2022-09-24T20:17:43.736+0000] {dagbag.py:525} INFO - Filling up the DagBag from /home/airflow/.local/lib/python3.7/site-packages/airflow/example_dags/example_nested_branch_dag.py
[2022-09-24T20:17:43.801+0000] {processor.py:768} INFO - DAG(s) dict_keys(['example_nested_branch_dag']) retrieved from /home/airflow/.local/lib/python3.7/site-packages/airflow/example_dags/example_nested_branch_dag.py
[2022-09-24T20:17:43.878+0000] {logging_mixin.py:117} INFO - [2022-09-24T20:17:43.878+0000] {dag.py:2573} INFO - Sync 1 DAGs
[2022-09-24T20:17:43.927+0000] {logging_mixin.py:117} INFO - [2022-09-24T20:17:43.926+0000] {dag.py:3328} INFO - Setting next_dagrun for example_nested_branch_dag to 2022-09-23T00:00:00+00:00, run_after=2022-09-24T00:00:00+00:00
[2022-09-24T20:17:43.965+0000] {processor.py:178} INFO - Processing /home/airflow/.local/lib/python3.7/site-packages/airflow/example_dags/example_nested_branch_dag.py took 0.246 seconds
[2022-09-24T20:18:14.880+0000] {processor.py:156} INFO - Started process (PID=10645) to work on /home/airflow/.local/lib/python3.7/site-packages/airflow/example_dags/example_nested_branch_dag.py
[2022-09-24T20:18:14.884+0000] {processor.py:758} INFO - Processing file /home/airflow/.local/lib/python3.7/site-packages/airflow/example_dags/example_nested_branch_dag.py for tasks to queue
[2022-09-24T20:18:14.887+0000] {logging_mixin.py:117} INFO - [2022-09-24T20:18:14.886+0000] {dagbag.py:525} INFO - Filling up the DagBag from /home/airflow/.local/lib/python3.7/site-packages/airflow/example_dags/example_nested_branch_dag.py
[2022-09-24T20:18:14.937+0000] {processor.py:768} INFO - DAG(s) dict_keys(['example_nested_branch_dag']) retrieved from /home/airflow/.local/lib/python3.7/site-packages/airflow/example_dags/example_nested_branch_dag.py
[2022-09-24T20:18:15.044+0000] {logging_mixin.py:117} INFO - [2022-09-24T20:18:15.044+0000] {dag.py:2573} INFO - Sync 1 DAGs
[2022-09-24T20:18:15.107+0000] {logging_mixin.py:117} INFO - [2022-09-24T20:18:15.107+0000] {dag.py:3328} INFO - Setting next_dagrun for example_nested_branch_dag to 2022-09-23T00:00:00+00:00, run_after=2022-09-24T00:00:00+00:00
[2022-09-24T20:18:15.155+0000] {processor.py:178} INFO - Processing /home/airflow/.local/lib/python3.7/site-packages/airflow/example_dags/example_nested_branch_dag.py took 0.281 seconds
[2022-09-24T20:18:46.541+0000] {processor.py:156} INFO - Started process (PID=10848) to work on /home/airflow/.local/lib/python3.7/site-packages/airflow/example_dags/example_nested_branch_dag.py
[2022-09-24T20:18:46.550+0000] {processor.py:758} INFO - Processing file /home/airflow/.local/lib/python3.7/site-packages/airflow/example_dags/example_nested_branch_dag.py for tasks to queue
[2022-09-24T20:18:46.557+0000] {logging_mixin.py:117} INFO - [2022-09-24T20:18:46.557+0000] {dagbag.py:525} INFO - Filling up the DagBag from /home/airflow/.local/lib/python3.7/site-packages/airflow/example_dags/example_nested_branch_dag.py
[2022-09-24T20:18:46.747+0000] {processor.py:768} INFO - DAG(s) dict_keys(['example_nested_branch_dag']) retrieved from /home/airflow/.local/lib/python3.7/site-packages/airflow/example_dags/example_nested_branch_dag.py
[2022-09-24T20:18:46.921+0000] {logging_mixin.py:117} INFO - [2022-09-24T20:18:46.921+0000] {dag.py:2573} INFO - Sync 1 DAGs
[2022-09-24T20:18:47.036+0000] {logging_mixin.py:117} INFO - [2022-09-24T20:18:47.028+0000] {dag.py:3328} INFO - Setting next_dagrun for example_nested_branch_dag to 2022-09-23T00:00:00+00:00, run_after=2022-09-24T00:00:00+00:00
[2022-09-24T20:18:47.131+0000] {processor.py:178} INFO - Processing /home/airflow/.local/lib/python3.7/site-packages/airflow/example_dags/example_nested_branch_dag.py took 0.610 seconds
[2022-09-24T20:19:18.355+0000] {processor.py:156} INFO - Started process (PID=11049) to work on /home/airflow/.local/lib/python3.7/site-packages/airflow/example_dags/example_nested_branch_dag.py
[2022-09-24T20:19:18.365+0000] {processor.py:758} INFO - Processing file /home/airflow/.local/lib/python3.7/site-packages/airflow/example_dags/example_nested_branch_dag.py for tasks to queue
[2022-09-24T20:19:18.370+0000] {logging_mixin.py:117} INFO - [2022-09-24T20:19:18.369+0000] {dagbag.py:525} INFO - Filling up the DagBag from /home/airflow/.local/lib/python3.7/site-packages/airflow/example_dags/example_nested_branch_dag.py
[2022-09-24T20:19:18.501+0000] {processor.py:768} INFO - DAG(s) dict_keys(['example_nested_branch_dag']) retrieved from /home/airflow/.local/lib/python3.7/site-packages/airflow/example_dags/example_nested_branch_dag.py
[2022-09-24T20:19:18.727+0000] {logging_mixin.py:117} INFO - [2022-09-24T20:19:18.727+0000] {dag.py:2573} INFO - Sync 1 DAGs
[2022-09-24T20:19:18.858+0000] {logging_mixin.py:117} INFO - [2022-09-24T20:19:18.858+0000] {dag.py:3328} INFO - Setting next_dagrun for example_nested_branch_dag to 2022-09-23T00:00:00+00:00, run_after=2022-09-24T00:00:00+00:00
[2022-09-24T20:19:18.908+0000] {processor.py:178} INFO - Processing /home/airflow/.local/lib/python3.7/site-packages/airflow/example_dags/example_nested_branch_dag.py took 0.565 seconds
[2022-09-24T20:19:50.197+0000] {processor.py:156} INFO - Started process (PID=11248) to work on /home/airflow/.local/lib/python3.7/site-packages/airflow/example_dags/example_nested_branch_dag.py
[2022-09-24T20:19:50.209+0000] {processor.py:758} INFO - Processing file /home/airflow/.local/lib/python3.7/site-packages/airflow/example_dags/example_nested_branch_dag.py for tasks to queue
[2022-09-24T20:19:50.212+0000] {logging_mixin.py:117} INFO - [2022-09-24T20:19:50.212+0000] {dagbag.py:525} INFO - Filling up the DagBag from /home/airflow/.local/lib/python3.7/site-packages/airflow/example_dags/example_nested_branch_dag.py
[2022-09-24T20:19:50.359+0000] {processor.py:768} INFO - DAG(s) dict_keys(['example_nested_branch_dag']) retrieved from /home/airflow/.local/lib/python3.7/site-packages/airflow/example_dags/example_nested_branch_dag.py
[2022-09-24T20:19:50.884+0000] {logging_mixin.py:117} INFO - [2022-09-24T20:19:50.884+0000] {dag.py:2573} INFO - Sync 1 DAGs
[2022-09-24T20:19:51.265+0000] {logging_mixin.py:117} INFO - [2022-09-24T20:19:51.264+0000] {dag.py:3328} INFO - Setting next_dagrun for example_nested_branch_dag to 2022-09-23T00:00:00+00:00, run_after=2022-09-24T00:00:00+00:00
[2022-09-24T20:19:51.406+0000] {processor.py:178} INFO - Processing /home/airflow/.local/lib/python3.7/site-packages/airflow/example_dags/example_nested_branch_dag.py took 1.239 seconds
[2022-09-24T20:20:21.913+0000] {processor.py:156} INFO - Started process (PID=11455) to work on /home/airflow/.local/lib/python3.7/site-packages/airflow/example_dags/example_nested_branch_dag.py
[2022-09-24T20:20:21.918+0000] {processor.py:758} INFO - Processing file /home/airflow/.local/lib/python3.7/site-packages/airflow/example_dags/example_nested_branch_dag.py for tasks to queue
[2022-09-24T20:20:21.924+0000] {logging_mixin.py:117} INFO - [2022-09-24T20:20:21.923+0000] {dagbag.py:525} INFO - Filling up the DagBag from /home/airflow/.local/lib/python3.7/site-packages/airflow/example_dags/example_nested_branch_dag.py
[2022-09-24T20:20:22.037+0000] {processor.py:768} INFO - DAG(s) dict_keys(['example_nested_branch_dag']) retrieved from /home/airflow/.local/lib/python3.7/site-packages/airflow/example_dags/example_nested_branch_dag.py
[2022-09-24T20:20:22.152+0000] {logging_mixin.py:117} INFO - [2022-09-24T20:20:22.152+0000] {dag.py:2573} INFO - Sync 1 DAGs
[2022-09-24T20:20:22.227+0000] {logging_mixin.py:117} INFO - [2022-09-24T20:20:22.226+0000] {dag.py:3328} INFO - Setting next_dagrun for example_nested_branch_dag to 2022-09-23T00:00:00+00:00, run_after=2022-09-24T00:00:00+00:00
[2022-09-24T20:20:22.277+0000] {processor.py:178} INFO - Processing /home/airflow/.local/lib/python3.7/site-packages/airflow/example_dags/example_nested_branch_dag.py took 0.371 seconds
[2022-09-24T20:20:52.441+0000] {processor.py:156} INFO - Started process (PID=11655) to work on /home/airflow/.local/lib/python3.7/site-packages/airflow/example_dags/example_nested_branch_dag.py
[2022-09-24T20:20:52.445+0000] {processor.py:758} INFO - Processing file /home/airflow/.local/lib/python3.7/site-packages/airflow/example_dags/example_nested_branch_dag.py for tasks to queue
[2022-09-24T20:20:52.447+0000] {logging_mixin.py:117} INFO - [2022-09-24T20:20:52.447+0000] {dagbag.py:525} INFO - Filling up the DagBag from /home/airflow/.local/lib/python3.7/site-packages/airflow/example_dags/example_nested_branch_dag.py
[2022-09-24T20:20:52.492+0000] {processor.py:768} INFO - DAG(s) dict_keys(['example_nested_branch_dag']) retrieved from /home/airflow/.local/lib/python3.7/site-packages/airflow/example_dags/example_nested_branch_dag.py
[2022-09-24T20:20:52.579+0000] {logging_mixin.py:117} INFO - [2022-09-24T20:20:52.579+0000] {dag.py:2573} INFO - Sync 1 DAGs
[2022-09-24T20:20:52.629+0000] {logging_mixin.py:117} INFO - [2022-09-24T20:20:52.629+0000] {dag.py:3328} INFO - Setting next_dagrun for example_nested_branch_dag to 2022-09-23T00:00:00+00:00, run_after=2022-09-24T00:00:00+00:00
[2022-09-24T20:20:52.669+0000] {processor.py:178} INFO - Processing /home/airflow/.local/lib/python3.7/site-packages/airflow/example_dags/example_nested_branch_dag.py took 0.234 seconds
[2022-09-24T20:21:23.521+0000] {processor.py:156} INFO - Started process (PID=11851) to work on /home/airflow/.local/lib/python3.7/site-packages/airflow/example_dags/example_nested_branch_dag.py
[2022-09-24T20:21:23.526+0000] {processor.py:758} INFO - Processing file /home/airflow/.local/lib/python3.7/site-packages/airflow/example_dags/example_nested_branch_dag.py for tasks to queue
[2022-09-24T20:21:23.536+0000] {logging_mixin.py:117} INFO - [2022-09-24T20:21:23.536+0000] {dagbag.py:525} INFO - Filling up the DagBag from /home/airflow/.local/lib/python3.7/site-packages/airflow/example_dags/example_nested_branch_dag.py
[2022-09-24T20:21:23.756+0000] {processor.py:768} INFO - DAG(s) dict_keys(['example_nested_branch_dag']) retrieved from /home/airflow/.local/lib/python3.7/site-packages/airflow/example_dags/example_nested_branch_dag.py
[2022-09-24T20:21:23.913+0000] {logging_mixin.py:117} INFO - [2022-09-24T20:21:23.913+0000] {dag.py:2573} INFO - Sync 1 DAGs
[2022-09-24T20:21:24.043+0000] {logging_mixin.py:117} INFO - [2022-09-24T20:21:24.042+0000] {dag.py:3328} INFO - Setting next_dagrun for example_nested_branch_dag to 2022-09-23T00:00:00+00:00, run_after=2022-09-24T00:00:00+00:00
[2022-09-24T20:21:24.105+0000] {processor.py:178} INFO - Processing /home/airflow/.local/lib/python3.7/site-packages/airflow/example_dags/example_nested_branch_dag.py took 0.619 seconds
