[2022-09-24T19:50:56.232+0000] {processor.py:156} INFO - Started process (PID=304) to work on /home/airflow/.local/lib/python3.7/site-packages/airflow/example_dags/example_xcomargs.py
[2022-09-24T19:50:56.239+0000] {processor.py:758} INFO - Processing file /home/airflow/.local/lib/python3.7/site-packages/airflow/example_dags/example_xcomargs.py for tasks to queue
[2022-09-24T19:50:56.248+0000] {logging_mixin.py:117} INFO - [2022-09-24T19:50:56.247+0000] {dagbag.py:525} INFO - Filling up the DagBag from /home/airflow/.local/lib/python3.7/site-packages/airflow/example_dags/example_xcomargs.py
[2022-09-24T19:50:56.458+0000] {processor.py:768} INFO - DAG(s) dict_keys(['example_xcom_args', 'example_xcom_args_with_operators']) retrieved from /home/airflow/.local/lib/python3.7/site-packages/airflow/example_dags/example_xcomargs.py
[2022-09-24T19:50:56.869+0000] {logging_mixin.py:117} INFO - [2022-09-24T19:50:56.869+0000] {dag.py:2573} INFO - Sync 2 DAGs
[2022-09-24T19:50:56.974+0000] {logging_mixin.py:117} INFO - [2022-09-24T19:50:56.973+0000] {dag.py:3328} INFO - Setting next_dagrun for example_xcom_args to None, run_after=None
[2022-09-24T19:50:56.997+0000] {logging_mixin.py:117} INFO - [2022-09-24T19:50:56.996+0000] {dag.py:3328} INFO - Setting next_dagrun for example_xcom_args_with_operators to None, run_after=None
[2022-09-24T19:50:57.586+0000] {processor.py:178} INFO - Processing /home/airflow/.local/lib/python3.7/site-packages/airflow/example_dags/example_xcomargs.py took 1.396 seconds
[2022-09-24T19:51:29.532+0000] {processor.py:156} INFO - Started process (PID=502) to work on /home/airflow/.local/lib/python3.7/site-packages/airflow/example_dags/example_xcomargs.py
[2022-09-24T19:51:29.545+0000] {processor.py:758} INFO - Processing file /home/airflow/.local/lib/python3.7/site-packages/airflow/example_dags/example_xcomargs.py for tasks to queue
[2022-09-24T19:51:29.553+0000] {logging_mixin.py:117} INFO - [2022-09-24T19:51:29.552+0000] {dagbag.py:525} INFO - Filling up the DagBag from /home/airflow/.local/lib/python3.7/site-packages/airflow/example_dags/example_xcomargs.py
[2022-09-24T19:51:29.678+0000] {processor.py:768} INFO - DAG(s) dict_keys(['example_xcom_args_with_operators', 'example_xcom_args']) retrieved from /home/airflow/.local/lib/python3.7/site-packages/airflow/example_dags/example_xcomargs.py
[2022-09-24T19:51:29.929+0000] {logging_mixin.py:117} INFO - [2022-09-24T19:51:29.928+0000] {dag.py:2573} INFO - Sync 2 DAGs
[2022-09-24T19:51:30.250+0000] {logging_mixin.py:117} INFO - [2022-09-24T19:51:30.250+0000] {dag.py:3328} INFO - Setting next_dagrun for example_xcom_args to None, run_after=None
[2022-09-24T19:51:30.261+0000] {logging_mixin.py:117} INFO - [2022-09-24T19:51:30.260+0000] {dag.py:3328} INFO - Setting next_dagrun for example_xcom_args_with_operators to None, run_after=None
[2022-09-24T19:51:30.302+0000] {processor.py:178} INFO - Processing /home/airflow/.local/lib/python3.7/site-packages/airflow/example_dags/example_xcomargs.py took 0.788 seconds
[2022-09-24T19:52:05.118+0000] {processor.py:156} INFO - Started process (PID=702) to work on /home/airflow/.local/lib/python3.7/site-packages/airflow/example_dags/example_xcomargs.py
[2022-09-24T19:52:05.124+0000] {processor.py:758} INFO - Processing file /home/airflow/.local/lib/python3.7/site-packages/airflow/example_dags/example_xcomargs.py for tasks to queue
[2022-09-24T19:52:05.135+0000] {logging_mixin.py:117} INFO - [2022-09-24T19:52:05.134+0000] {dagbag.py:525} INFO - Filling up the DagBag from /home/airflow/.local/lib/python3.7/site-packages/airflow/example_dags/example_xcomargs.py
[2022-09-24T19:52:05.234+0000] {processor.py:768} INFO - DAG(s) dict_keys(['example_xcom_args_with_operators', 'example_xcom_args']) retrieved from /home/airflow/.local/lib/python3.7/site-packages/airflow/example_dags/example_xcomargs.py
[2022-09-24T19:52:05.457+0000] {logging_mixin.py:117} INFO - [2022-09-24T19:52:05.457+0000] {dag.py:2573} INFO - Sync 2 DAGs
[2022-09-24T19:52:05.734+0000] {logging_mixin.py:117} INFO - [2022-09-24T19:52:05.734+0000] {dag.py:3328} INFO - Setting next_dagrun for example_xcom_args to None, run_after=None
[2022-09-24T19:52:05.747+0000] {logging_mixin.py:117} INFO - [2022-09-24T19:52:05.746+0000] {dag.py:3328} INFO - Setting next_dagrun for example_xcom_args_with_operators to None, run_after=None
[2022-09-24T19:52:05.791+0000] {processor.py:178} INFO - Processing /home/airflow/.local/lib/python3.7/site-packages/airflow/example_dags/example_xcomargs.py took 0.685 seconds
[2022-09-24T19:52:37.118+0000] {processor.py:156} INFO - Started process (PID=902) to work on /home/airflow/.local/lib/python3.7/site-packages/airflow/example_dags/example_xcomargs.py
[2022-09-24T19:52:37.124+0000] {processor.py:758} INFO - Processing file /home/airflow/.local/lib/python3.7/site-packages/airflow/example_dags/example_xcomargs.py for tasks to queue
[2022-09-24T19:52:37.130+0000] {logging_mixin.py:117} INFO - [2022-09-24T19:52:37.130+0000] {dagbag.py:525} INFO - Filling up the DagBag from /home/airflow/.local/lib/python3.7/site-packages/airflow/example_dags/example_xcomargs.py
[2022-09-24T19:52:37.190+0000] {processor.py:768} INFO - DAG(s) dict_keys(['example_xcom_args_with_operators', 'example_xcom_args']) retrieved from /home/airflow/.local/lib/python3.7/site-packages/airflow/example_dags/example_xcomargs.py
[2022-09-24T19:52:37.453+0000] {logging_mixin.py:117} INFO - [2022-09-24T19:52:37.453+0000] {dag.py:2573} INFO - Sync 2 DAGs
[2022-09-24T19:52:37.495+0000] {logging_mixin.py:117} INFO - [2022-09-24T19:52:37.494+0000] {dag.py:3328} INFO - Setting next_dagrun for example_xcom_args to None, run_after=None
[2022-09-24T19:52:37.507+0000] {logging_mixin.py:117} INFO - [2022-09-24T19:52:37.507+0000] {dag.py:3328} INFO - Setting next_dagrun for example_xcom_args_with_operators to None, run_after=None
[2022-09-24T19:52:37.541+0000] {processor.py:178} INFO - Processing /home/airflow/.local/lib/python3.7/site-packages/airflow/example_dags/example_xcomargs.py took 0.435 seconds
[2022-09-24T19:53:08.259+0000] {processor.py:156} INFO - Started process (PID=1107) to work on /home/airflow/.local/lib/python3.7/site-packages/airflow/example_dags/example_xcomargs.py
[2022-09-24T19:53:08.275+0000] {processor.py:758} INFO - Processing file /home/airflow/.local/lib/python3.7/site-packages/airflow/example_dags/example_xcomargs.py for tasks to queue
[2022-09-24T19:53:08.303+0000] {logging_mixin.py:117} INFO - [2022-09-24T19:53:08.302+0000] {dagbag.py:525} INFO - Filling up the DagBag from /home/airflow/.local/lib/python3.7/site-packages/airflow/example_dags/example_xcomargs.py
[2022-09-24T19:53:08.512+0000] {processor.py:768} INFO - DAG(s) dict_keys(['example_xcom_args_with_operators', 'example_xcom_args']) retrieved from /home/airflow/.local/lib/python3.7/site-packages/airflow/example_dags/example_xcomargs.py
[2022-09-24T19:53:08.855+0000] {logging_mixin.py:117} INFO - [2022-09-24T19:53:08.854+0000] {dag.py:2573} INFO - Sync 2 DAGs
[2022-09-24T19:53:08.959+0000] {logging_mixin.py:117} INFO - [2022-09-24T19:53:08.959+0000] {dag.py:3328} INFO - Setting next_dagrun for example_xcom_args to None, run_after=None
[2022-09-24T19:53:08.968+0000] {logging_mixin.py:117} INFO - [2022-09-24T19:53:08.968+0000] {dag.py:3328} INFO - Setting next_dagrun for example_xcom_args_with_operators to None, run_after=None
[2022-09-24T19:53:09.015+0000] {processor.py:178} INFO - Processing /home/airflow/.local/lib/python3.7/site-packages/airflow/example_dags/example_xcomargs.py took 0.784 seconds
[2022-09-24T19:53:40.435+0000] {processor.py:156} INFO - Started process (PID=1295) to work on /home/airflow/.local/lib/python3.7/site-packages/airflow/example_dags/example_xcomargs.py
[2022-09-24T19:53:40.439+0000] {processor.py:758} INFO - Processing file /home/airflow/.local/lib/python3.7/site-packages/airflow/example_dags/example_xcomargs.py for tasks to queue
[2022-09-24T19:53:40.442+0000] {logging_mixin.py:117} INFO - [2022-09-24T19:53:40.442+0000] {dagbag.py:525} INFO - Filling up the DagBag from /home/airflow/.local/lib/python3.7/site-packages/airflow/example_dags/example_xcomargs.py
[2022-09-24T19:53:40.694+0000] {processor.py:768} INFO - DAG(s) dict_keys(['example_xcom_args', 'example_xcom_args_with_operators']) retrieved from /home/airflow/.local/lib/python3.7/site-packages/airflow/example_dags/example_xcomargs.py
[2022-09-24T19:53:40.768+0000] {logging_mixin.py:117} INFO - [2022-09-24T19:53:40.768+0000] {dag.py:2573} INFO - Sync 2 DAGs
[2022-09-24T19:53:40.844+0000] {logging_mixin.py:117} INFO - [2022-09-24T19:53:40.844+0000] {dag.py:3328} INFO - Setting next_dagrun for example_xcom_args to None, run_after=None
[2022-09-24T19:53:40.854+0000] {logging_mixin.py:117} INFO - [2022-09-24T19:53:40.853+0000] {dag.py:3328} INFO - Setting next_dagrun for example_xcom_args_with_operators to None, run_after=None
[2022-09-24T19:53:40.918+0000] {processor.py:178} INFO - Processing /home/airflow/.local/lib/python3.7/site-packages/airflow/example_dags/example_xcomargs.py took 0.501 seconds
[2022-09-24T19:54:12.199+0000] {processor.py:156} INFO - Started process (PID=1502) to work on /home/airflow/.local/lib/python3.7/site-packages/airflow/example_dags/example_xcomargs.py
[2022-09-24T19:54:12.205+0000] {processor.py:758} INFO - Processing file /home/airflow/.local/lib/python3.7/site-packages/airflow/example_dags/example_xcomargs.py for tasks to queue
[2022-09-24T19:54:12.212+0000] {logging_mixin.py:117} INFO - [2022-09-24T19:54:12.210+0000] {dagbag.py:525} INFO - Filling up the DagBag from /home/airflow/.local/lib/python3.7/site-packages/airflow/example_dags/example_xcomargs.py
[2022-09-24T19:54:12.923+0000] {processor.py:768} INFO - DAG(s) dict_keys(['example_xcom_args', 'example_xcom_args_with_operators']) retrieved from /home/airflow/.local/lib/python3.7/site-packages/airflow/example_dags/example_xcomargs.py
[2022-09-24T19:54:13.167+0000] {logging_mixin.py:117} INFO - [2022-09-24T19:54:13.166+0000] {dag.py:2573} INFO - Sync 2 DAGs
[2022-09-24T19:54:13.292+0000] {logging_mixin.py:117} INFO - [2022-09-24T19:54:13.292+0000] {dag.py:3328} INFO - Setting next_dagrun for example_xcom_args to None, run_after=None
[2022-09-24T19:54:13.348+0000] {logging_mixin.py:117} INFO - [2022-09-24T19:54:13.347+0000] {dag.py:3328} INFO - Setting next_dagrun for example_xcom_args_with_operators to None, run_after=None
[2022-09-24T19:54:13.519+0000] {processor.py:178} INFO - Processing /home/airflow/.local/lib/python3.7/site-packages/airflow/example_dags/example_xcomargs.py took 1.332 seconds
[2022-09-24T19:54:44.200+0000] {processor.py:156} INFO - Started process (PID=1702) to work on /home/airflow/.local/lib/python3.7/site-packages/airflow/example_dags/example_xcomargs.py
[2022-09-24T19:54:44.205+0000] {processor.py:758} INFO - Processing file /home/airflow/.local/lib/python3.7/site-packages/airflow/example_dags/example_xcomargs.py for tasks to queue
[2022-09-24T19:54:44.212+0000] {logging_mixin.py:117} INFO - [2022-09-24T19:54:44.211+0000] {dagbag.py:525} INFO - Filling up the DagBag from /home/airflow/.local/lib/python3.7/site-packages/airflow/example_dags/example_xcomargs.py
[2022-09-24T19:54:44.324+0000] {processor.py:768} INFO - DAG(s) dict_keys(['example_xcom_args', 'example_xcom_args_with_operators']) retrieved from /home/airflow/.local/lib/python3.7/site-packages/airflow/example_dags/example_xcomargs.py
[2022-09-24T19:54:44.446+0000] {logging_mixin.py:117} INFO - [2022-09-24T19:54:44.446+0000] {dag.py:2573} INFO - Sync 2 DAGs
[2022-09-24T19:54:44.523+0000] {logging_mixin.py:117} INFO - [2022-09-24T19:54:44.522+0000] {dag.py:3328} INFO - Setting next_dagrun for example_xcom_args to None, run_after=None
[2022-09-24T19:54:44.538+0000] {logging_mixin.py:117} INFO - [2022-09-24T19:54:44.537+0000] {dag.py:3328} INFO - Setting next_dagrun for example_xcom_args_with_operators to None, run_after=None
[2022-09-24T19:54:44.582+0000] {processor.py:178} INFO - Processing /home/airflow/.local/lib/python3.7/site-packages/airflow/example_dags/example_xcomargs.py took 0.396 seconds
[2022-09-24T19:55:15.379+0000] {processor.py:156} INFO - Started process (PID=1899) to work on /home/airflow/.local/lib/python3.7/site-packages/airflow/example_dags/example_xcomargs.py
[2022-09-24T19:55:15.386+0000] {processor.py:758} INFO - Processing file /home/airflow/.local/lib/python3.7/site-packages/airflow/example_dags/example_xcomargs.py for tasks to queue
[2022-09-24T19:55:15.395+0000] {logging_mixin.py:117} INFO - [2022-09-24T19:55:15.394+0000] {dagbag.py:525} INFO - Filling up the DagBag from /home/airflow/.local/lib/python3.7/site-packages/airflow/example_dags/example_xcomargs.py
[2022-09-24T19:55:15.471+0000] {processor.py:768} INFO - DAG(s) dict_keys(['example_xcom_args_with_operators', 'example_xcom_args']) retrieved from /home/airflow/.local/lib/python3.7/site-packages/airflow/example_dags/example_xcomargs.py
[2022-09-24T19:55:15.596+0000] {logging_mixin.py:117} INFO - [2022-09-24T19:55:15.596+0000] {dag.py:2573} INFO - Sync 2 DAGs
[2022-09-24T19:55:15.664+0000] {logging_mixin.py:117} INFO - [2022-09-24T19:55:15.664+0000] {dag.py:3328} INFO - Setting next_dagrun for example_xcom_args to None, run_after=None
[2022-09-24T19:55:15.676+0000] {logging_mixin.py:117} INFO - [2022-09-24T19:55:15.675+0000] {dag.py:3328} INFO - Setting next_dagrun for example_xcom_args_with_operators to None, run_after=None
[2022-09-24T19:55:15.734+0000] {processor.py:178} INFO - Processing /home/airflow/.local/lib/python3.7/site-packages/airflow/example_dags/example_xcomargs.py took 0.373 seconds
[2022-09-24T19:55:46.057+0000] {processor.py:156} INFO - Started process (PID=2095) to work on /home/airflow/.local/lib/python3.7/site-packages/airflow/example_dags/example_xcomargs.py
[2022-09-24T19:55:46.067+0000] {processor.py:758} INFO - Processing file /home/airflow/.local/lib/python3.7/site-packages/airflow/example_dags/example_xcomargs.py for tasks to queue
[2022-09-24T19:55:46.081+0000] {logging_mixin.py:117} INFO - [2022-09-24T19:55:46.081+0000] {dagbag.py:525} INFO - Filling up the DagBag from /home/airflow/.local/lib/python3.7/site-packages/airflow/example_dags/example_xcomargs.py
[2022-09-24T19:55:46.336+0000] {processor.py:768} INFO - DAG(s) dict_keys(['example_xcom_args_with_operators', 'example_xcom_args']) retrieved from /home/airflow/.local/lib/python3.7/site-packages/airflow/example_dags/example_xcomargs.py
[2022-09-24T19:55:46.472+0000] {logging_mixin.py:117} INFO - [2022-09-24T19:55:46.472+0000] {dag.py:2573} INFO - Sync 2 DAGs
[2022-09-24T19:55:46.544+0000] {logging_mixin.py:117} INFO - [2022-09-24T19:55:46.544+0000] {dag.py:3328} INFO - Setting next_dagrun for example_xcom_args to None, run_after=None
[2022-09-24T19:55:46.560+0000] {logging_mixin.py:117} INFO - [2022-09-24T19:55:46.560+0000] {dag.py:3328} INFO - Setting next_dagrun for example_xcom_args_with_operators to None, run_after=None
[2022-09-24T19:55:46.616+0000] {processor.py:178} INFO - Processing /home/airflow/.local/lib/python3.7/site-packages/airflow/example_dags/example_xcomargs.py took 0.584 seconds
[2022-09-24T19:56:17.567+0000] {processor.py:156} INFO - Started process (PID=2293) to work on /home/airflow/.local/lib/python3.7/site-packages/airflow/example_dags/example_xcomargs.py
[2022-09-24T19:56:17.571+0000] {processor.py:758} INFO - Processing file /home/airflow/.local/lib/python3.7/site-packages/airflow/example_dags/example_xcomargs.py for tasks to queue
[2022-09-24T19:56:17.574+0000] {logging_mixin.py:117} INFO - [2022-09-24T19:56:17.574+0000] {dagbag.py:525} INFO - Filling up the DagBag from /home/airflow/.local/lib/python3.7/site-packages/airflow/example_dags/example_xcomargs.py
[2022-09-24T19:56:17.672+0000] {processor.py:768} INFO - DAG(s) dict_keys(['example_xcom_args', 'example_xcom_args_with_operators']) retrieved from /home/airflow/.local/lib/python3.7/site-packages/airflow/example_dags/example_xcomargs.py
[2022-09-24T19:56:17.899+0000] {logging_mixin.py:117} INFO - [2022-09-24T19:56:17.899+0000] {dag.py:2573} INFO - Sync 2 DAGs
[2022-09-24T19:56:18.016+0000] {logging_mixin.py:117} INFO - [2022-09-24T19:56:18.015+0000] {dag.py:3328} INFO - Setting next_dagrun for example_xcom_args to None, run_after=None
[2022-09-24T19:56:18.031+0000] {logging_mixin.py:117} INFO - [2022-09-24T19:56:18.031+0000] {dag.py:3328} INFO - Setting next_dagrun for example_xcom_args_with_operators to None, run_after=None
[2022-09-24T19:56:18.104+0000] {processor.py:178} INFO - Processing /home/airflow/.local/lib/python3.7/site-packages/airflow/example_dags/example_xcomargs.py took 0.548 seconds
[2022-09-24T19:56:48.257+0000] {processor.py:156} INFO - Started process (PID=2493) to work on /home/airflow/.local/lib/python3.7/site-packages/airflow/example_dags/example_xcomargs.py
[2022-09-24T19:56:48.261+0000] {processor.py:758} INFO - Processing file /home/airflow/.local/lib/python3.7/site-packages/airflow/example_dags/example_xcomargs.py for tasks to queue
[2022-09-24T19:56:48.264+0000] {logging_mixin.py:117} INFO - [2022-09-24T19:56:48.263+0000] {dagbag.py:525} INFO - Filling up the DagBag from /home/airflow/.local/lib/python3.7/site-packages/airflow/example_dags/example_xcomargs.py
[2022-09-24T19:56:48.315+0000] {processor.py:768} INFO - DAG(s) dict_keys(['example_xcom_args', 'example_xcom_args_with_operators']) retrieved from /home/airflow/.local/lib/python3.7/site-packages/airflow/example_dags/example_xcomargs.py
[2022-09-24T19:56:48.397+0000] {logging_mixin.py:117} INFO - [2022-09-24T19:56:48.397+0000] {dag.py:2573} INFO - Sync 2 DAGs
[2022-09-24T19:56:48.449+0000] {logging_mixin.py:117} INFO - [2022-09-24T19:56:48.449+0000] {dag.py:3328} INFO - Setting next_dagrun for example_xcom_args to None, run_after=None
[2022-09-24T19:56:48.461+0000] {logging_mixin.py:117} INFO - [2022-09-24T19:56:48.461+0000] {dag.py:3328} INFO - Setting next_dagrun for example_xcom_args_with_operators to None, run_after=None
[2022-09-24T19:56:48.502+0000] {processor.py:178} INFO - Processing /home/airflow/.local/lib/python3.7/site-packages/airflow/example_dags/example_xcomargs.py took 0.254 seconds
[2022-09-24T19:57:29.707+0000] {processor.py:156} INFO - Started process (PID=2699) to work on /home/airflow/.local/lib/python3.7/site-packages/airflow/example_dags/example_xcomargs.py
[2022-09-24T19:57:29.722+0000] {processor.py:758} INFO - Processing file /home/airflow/.local/lib/python3.7/site-packages/airflow/example_dags/example_xcomargs.py for tasks to queue
[2022-09-24T19:57:29.746+0000] {logging_mixin.py:117} INFO - [2022-09-24T19:57:29.738+0000] {dagbag.py:525} INFO - Filling up the DagBag from /home/airflow/.local/lib/python3.7/site-packages/airflow/example_dags/example_xcomargs.py
[2022-09-24T19:57:29.886+0000] {processor.py:768} INFO - DAG(s) dict_keys(['example_xcom_args', 'example_xcom_args_with_operators']) retrieved from /home/airflow/.local/lib/python3.7/site-packages/airflow/example_dags/example_xcomargs.py
[2022-09-24T19:57:30.103+0000] {logging_mixin.py:117} INFO - [2022-09-24T19:57:30.102+0000] {dag.py:2573} INFO - Sync 2 DAGs
[2022-09-24T19:57:30.272+0000] {logging_mixin.py:117} INFO - [2022-09-24T19:57:30.272+0000] {dag.py:3328} INFO - Setting next_dagrun for example_xcom_args to None, run_after=None
[2022-09-24T19:57:30.295+0000] {logging_mixin.py:117} INFO - [2022-09-24T19:57:30.295+0000] {dag.py:3328} INFO - Setting next_dagrun for example_xcom_args_with_operators to None, run_after=None
[2022-09-24T19:57:30.435+0000] {processor.py:178} INFO - Processing /home/airflow/.local/lib/python3.7/site-packages/airflow/example_dags/example_xcomargs.py took 0.804 seconds
[2022-09-24T19:58:00.908+0000] {processor.py:156} INFO - Started process (PID=2900) to work on /home/airflow/.local/lib/python3.7/site-packages/airflow/example_dags/example_xcomargs.py
[2022-09-24T19:58:00.913+0000] {processor.py:758} INFO - Processing file /home/airflow/.local/lib/python3.7/site-packages/airflow/example_dags/example_xcomargs.py for tasks to queue
[2022-09-24T19:58:00.917+0000] {logging_mixin.py:117} INFO - [2022-09-24T19:58:00.916+0000] {dagbag.py:525} INFO - Filling up the DagBag from /home/airflow/.local/lib/python3.7/site-packages/airflow/example_dags/example_xcomargs.py
[2022-09-24T19:58:00.990+0000] {processor.py:768} INFO - DAG(s) dict_keys(['example_xcom_args_with_operators', 'example_xcom_args']) retrieved from /home/airflow/.local/lib/python3.7/site-packages/airflow/example_dags/example_xcomargs.py
[2022-09-24T19:58:01.094+0000] {logging_mixin.py:117} INFO - [2022-09-24T19:58:01.094+0000] {dag.py:2573} INFO - Sync 2 DAGs
[2022-09-24T19:58:01.147+0000] {logging_mixin.py:117} INFO - [2022-09-24T19:58:01.146+0000] {dag.py:3328} INFO - Setting next_dagrun for example_xcom_args to None, run_after=None
[2022-09-24T19:58:01.161+0000] {logging_mixin.py:117} INFO - [2022-09-24T19:58:01.161+0000] {dag.py:3328} INFO - Setting next_dagrun for example_xcom_args_with_operators to None, run_after=None
[2022-09-24T19:58:01.206+0000] {processor.py:178} INFO - Processing /home/airflow/.local/lib/python3.7/site-packages/airflow/example_dags/example_xcomargs.py took 0.310 seconds
[2022-09-24T19:58:31.691+0000] {processor.py:156} INFO - Started process (PID=3098) to work on /home/airflow/.local/lib/python3.7/site-packages/airflow/example_dags/example_xcomargs.py
[2022-09-24T19:58:31.697+0000] {processor.py:758} INFO - Processing file /home/airflow/.local/lib/python3.7/site-packages/airflow/example_dags/example_xcomargs.py for tasks to queue
[2022-09-24T19:58:31.705+0000] {logging_mixin.py:117} INFO - [2022-09-24T19:58:31.703+0000] {dagbag.py:525} INFO - Filling up the DagBag from /home/airflow/.local/lib/python3.7/site-packages/airflow/example_dags/example_xcomargs.py
[2022-09-24T19:58:31.772+0000] {processor.py:768} INFO - DAG(s) dict_keys(['example_xcom_args_with_operators', 'example_xcom_args']) retrieved from /home/airflow/.local/lib/python3.7/site-packages/airflow/example_dags/example_xcomargs.py
[2022-09-24T19:58:32.867+0000] {logging_mixin.py:117} INFO - [2022-09-24T19:58:32.858+0000] {dag.py:2573} INFO - Sync 2 DAGs
[2022-09-24T19:58:33.355+0000] {logging_mixin.py:117} INFO - [2022-09-24T19:58:33.354+0000] {dag.py:3328} INFO - Setting next_dagrun for example_xcom_args to None, run_after=None
[2022-09-24T19:58:33.388+0000] {logging_mixin.py:117} INFO - [2022-09-24T19:58:33.387+0000] {dag.py:3328} INFO - Setting next_dagrun for example_xcom_args_with_operators to None, run_after=None
[2022-09-24T19:58:33.600+0000] {processor.py:178} INFO - Processing /home/airflow/.local/lib/python3.7/site-packages/airflow/example_dags/example_xcomargs.py took 1.926 seconds
[2022-09-24T19:59:04.402+0000] {processor.py:156} INFO - Started process (PID=3301) to work on /home/airflow/.local/lib/python3.7/site-packages/airflow/example_dags/example_xcomargs.py
[2022-09-24T19:59:04.411+0000] {processor.py:758} INFO - Processing file /home/airflow/.local/lib/python3.7/site-packages/airflow/example_dags/example_xcomargs.py for tasks to queue
[2022-09-24T19:59:04.417+0000] {logging_mixin.py:117} INFO - [2022-09-24T19:59:04.417+0000] {dagbag.py:525} INFO - Filling up the DagBag from /home/airflow/.local/lib/python3.7/site-packages/airflow/example_dags/example_xcomargs.py
[2022-09-24T19:59:04.680+0000] {processor.py:768} INFO - DAG(s) dict_keys(['example_xcom_args_with_operators', 'example_xcom_args']) retrieved from /home/airflow/.local/lib/python3.7/site-packages/airflow/example_dags/example_xcomargs.py
[2022-09-24T19:59:04.849+0000] {logging_mixin.py:117} INFO - [2022-09-24T19:59:04.848+0000] {dag.py:2573} INFO - Sync 2 DAGs
[2022-09-24T19:59:05.144+0000] {logging_mixin.py:117} INFO - [2022-09-24T19:59:05.143+0000] {dag.py:3328} INFO - Setting next_dagrun for example_xcom_args to None, run_after=None
[2022-09-24T19:59:05.253+0000] {logging_mixin.py:117} INFO - [2022-09-24T19:59:05.253+0000] {dag.py:3328} INFO - Setting next_dagrun for example_xcom_args_with_operators to None, run_after=None
[2022-09-24T19:59:05.531+0000] {processor.py:178} INFO - Processing /home/airflow/.local/lib/python3.7/site-packages/airflow/example_dags/example_xcomargs.py took 1.147 seconds
[2022-09-24T19:59:36.191+0000] {processor.py:156} INFO - Started process (PID=3499) to work on /home/airflow/.local/lib/python3.7/site-packages/airflow/example_dags/example_xcomargs.py
[2022-09-24T19:59:36.196+0000] {processor.py:758} INFO - Processing file /home/airflow/.local/lib/python3.7/site-packages/airflow/example_dags/example_xcomargs.py for tasks to queue
[2022-09-24T19:59:36.201+0000] {logging_mixin.py:117} INFO - [2022-09-24T19:59:36.201+0000] {dagbag.py:525} INFO - Filling up the DagBag from /home/airflow/.local/lib/python3.7/site-packages/airflow/example_dags/example_xcomargs.py
[2022-09-24T19:59:36.282+0000] {processor.py:768} INFO - DAG(s) dict_keys(['example_xcom_args_with_operators', 'example_xcom_args']) retrieved from /home/airflow/.local/lib/python3.7/site-packages/airflow/example_dags/example_xcomargs.py
[2022-09-24T19:59:36.418+0000] {logging_mixin.py:117} INFO - [2022-09-24T19:59:36.417+0000] {dag.py:2573} INFO - Sync 2 DAGs
[2022-09-24T19:59:36.491+0000] {logging_mixin.py:117} INFO - [2022-09-24T19:59:36.491+0000] {dag.py:3328} INFO - Setting next_dagrun for example_xcom_args to None, run_after=None
[2022-09-24T19:59:36.499+0000] {logging_mixin.py:117} INFO - [2022-09-24T19:59:36.499+0000] {dag.py:3328} INFO - Setting next_dagrun for example_xcom_args_with_operators to None, run_after=None
[2022-09-24T19:59:36.540+0000] {processor.py:178} INFO - Processing /home/airflow/.local/lib/python3.7/site-packages/airflow/example_dags/example_xcomargs.py took 0.370 seconds
[2022-09-24T20:00:07.029+0000] {processor.py:156} INFO - Started process (PID=3698) to work on /home/airflow/.local/lib/python3.7/site-packages/airflow/example_dags/example_xcomargs.py
[2022-09-24T20:00:07.033+0000] {processor.py:758} INFO - Processing file /home/airflow/.local/lib/python3.7/site-packages/airflow/example_dags/example_xcomargs.py for tasks to queue
[2022-09-24T20:00:07.037+0000] {logging_mixin.py:117} INFO - [2022-09-24T20:00:07.036+0000] {dagbag.py:525} INFO - Filling up the DagBag from /home/airflow/.local/lib/python3.7/site-packages/airflow/example_dags/example_xcomargs.py
[2022-09-24T20:00:07.103+0000] {processor.py:768} INFO - DAG(s) dict_keys(['example_xcom_args', 'example_xcom_args_with_operators']) retrieved from /home/airflow/.local/lib/python3.7/site-packages/airflow/example_dags/example_xcomargs.py
[2022-09-24T20:00:07.200+0000] {logging_mixin.py:117} INFO - [2022-09-24T20:00:07.200+0000] {dag.py:2573} INFO - Sync 2 DAGs
[2022-09-24T20:00:07.270+0000] {logging_mixin.py:117} INFO - [2022-09-24T20:00:07.270+0000] {dag.py:3328} INFO - Setting next_dagrun for example_xcom_args to None, run_after=None
[2022-09-24T20:00:07.278+0000] {logging_mixin.py:117} INFO - [2022-09-24T20:00:07.278+0000] {dag.py:3328} INFO - Setting next_dagrun for example_xcom_args_with_operators to None, run_after=None
[2022-09-24T20:00:07.320+0000] {processor.py:178} INFO - Processing /home/airflow/.local/lib/python3.7/site-packages/airflow/example_dags/example_xcomargs.py took 0.303 seconds
[2022-09-24T20:00:38.094+0000] {processor.py:156} INFO - Started process (PID=3905) to work on /home/airflow/.local/lib/python3.7/site-packages/airflow/example_dags/example_xcomargs.py
[2022-09-24T20:00:38.099+0000] {processor.py:758} INFO - Processing file /home/airflow/.local/lib/python3.7/site-packages/airflow/example_dags/example_xcomargs.py for tasks to queue
[2022-09-24T20:00:38.106+0000] {logging_mixin.py:117} INFO - [2022-09-24T20:00:38.105+0000] {dagbag.py:525} INFO - Filling up the DagBag from /home/airflow/.local/lib/python3.7/site-packages/airflow/example_dags/example_xcomargs.py
[2022-09-24T20:00:38.167+0000] {processor.py:768} INFO - DAG(s) dict_keys(['example_xcom_args', 'example_xcom_args_with_operators']) retrieved from /home/airflow/.local/lib/python3.7/site-packages/airflow/example_dags/example_xcomargs.py
[2022-09-24T20:00:38.366+0000] {logging_mixin.py:117} INFO - [2022-09-24T20:00:38.365+0000] {dag.py:2573} INFO - Sync 2 DAGs
[2022-09-24T20:00:39.066+0000] {logging_mixin.py:117} INFO - [2022-09-24T20:00:39.066+0000] {dag.py:3328} INFO - Setting next_dagrun for example_xcom_args to None, run_after=None
[2022-09-24T20:00:39.263+0000] {logging_mixin.py:117} INFO - [2022-09-24T20:00:39.262+0000] {dag.py:3328} INFO - Setting next_dagrun for example_xcom_args_with_operators to None, run_after=None
[2022-09-24T20:00:39.526+0000] {processor.py:178} INFO - Processing /home/airflow/.local/lib/python3.7/site-packages/airflow/example_dags/example_xcomargs.py took 1.443 seconds
[2022-09-24T20:01:09.955+0000] {processor.py:156} INFO - Started process (PID=4103) to work on /home/airflow/.local/lib/python3.7/site-packages/airflow/example_dags/example_xcomargs.py
[2022-09-24T20:01:09.964+0000] {processor.py:758} INFO - Processing file /home/airflow/.local/lib/python3.7/site-packages/airflow/example_dags/example_xcomargs.py for tasks to queue
[2022-09-24T20:01:09.967+0000] {logging_mixin.py:117} INFO - [2022-09-24T20:01:09.967+0000] {dagbag.py:525} INFO - Filling up the DagBag from /home/airflow/.local/lib/python3.7/site-packages/airflow/example_dags/example_xcomargs.py
[2022-09-24T20:01:10.027+0000] {processor.py:768} INFO - DAG(s) dict_keys(['example_xcom_args', 'example_xcom_args_with_operators']) retrieved from /home/airflow/.local/lib/python3.7/site-packages/airflow/example_dags/example_xcomargs.py
[2022-09-24T20:01:10.170+0000] {logging_mixin.py:117} INFO - [2022-09-24T20:01:10.169+0000] {dag.py:2573} INFO - Sync 2 DAGs
[2022-09-24T20:01:10.301+0000] {logging_mixin.py:117} INFO - [2022-09-24T20:01:10.300+0000] {dag.py:3328} INFO - Setting next_dagrun for example_xcom_args to None, run_after=None
[2022-09-24T20:01:10.316+0000] {logging_mixin.py:117} INFO - [2022-09-24T20:01:10.315+0000] {dag.py:3328} INFO - Setting next_dagrun for example_xcom_args_with_operators to None, run_after=None
[2022-09-24T20:01:10.488+0000] {processor.py:178} INFO - Processing /home/airflow/.local/lib/python3.7/site-packages/airflow/example_dags/example_xcomargs.py took 0.546 seconds
[2022-09-24T20:01:40.649+0000] {processor.py:156} INFO - Started process (PID=4301) to work on /home/airflow/.local/lib/python3.7/site-packages/airflow/example_dags/example_xcomargs.py
[2022-09-24T20:01:40.655+0000] {processor.py:758} INFO - Processing file /home/airflow/.local/lib/python3.7/site-packages/airflow/example_dags/example_xcomargs.py for tasks to queue
[2022-09-24T20:01:40.660+0000] {logging_mixin.py:117} INFO - [2022-09-24T20:01:40.659+0000] {dagbag.py:525} INFO - Filling up the DagBag from /home/airflow/.local/lib/python3.7/site-packages/airflow/example_dags/example_xcomargs.py
[2022-09-24T20:01:40.779+0000] {processor.py:768} INFO - DAG(s) dict_keys(['example_xcom_args_with_operators', 'example_xcom_args']) retrieved from /home/airflow/.local/lib/python3.7/site-packages/airflow/example_dags/example_xcomargs.py
[2022-09-24T20:01:41.013+0000] {logging_mixin.py:117} INFO - [2022-09-24T20:01:41.013+0000] {dag.py:2573} INFO - Sync 2 DAGs
[2022-09-24T20:01:41.095+0000] {logging_mixin.py:117} INFO - [2022-09-24T20:01:41.095+0000] {dag.py:3328} INFO - Setting next_dagrun for example_xcom_args to None, run_after=None
[2022-09-24T20:01:41.106+0000] {logging_mixin.py:117} INFO - [2022-09-24T20:01:41.104+0000] {dag.py:3328} INFO - Setting next_dagrun for example_xcom_args_with_operators to None, run_after=None
[2022-09-24T20:01:41.217+0000] {processor.py:178} INFO - Processing /home/airflow/.local/lib/python3.7/site-packages/airflow/example_dags/example_xcomargs.py took 0.578 seconds
[2022-09-24T20:02:11.341+0000] {processor.py:156} INFO - Started process (PID=4498) to work on /home/airflow/.local/lib/python3.7/site-packages/airflow/example_dags/example_xcomargs.py
[2022-09-24T20:02:11.353+0000] {processor.py:758} INFO - Processing file /home/airflow/.local/lib/python3.7/site-packages/airflow/example_dags/example_xcomargs.py for tasks to queue
[2022-09-24T20:02:11.356+0000] {logging_mixin.py:117} INFO - [2022-09-24T20:02:11.356+0000] {dagbag.py:525} INFO - Filling up the DagBag from /home/airflow/.local/lib/python3.7/site-packages/airflow/example_dags/example_xcomargs.py
[2022-09-24T20:02:11.423+0000] {processor.py:768} INFO - DAG(s) dict_keys(['example_xcom_args_with_operators', 'example_xcom_args']) retrieved from /home/airflow/.local/lib/python3.7/site-packages/airflow/example_dags/example_xcomargs.py
[2022-09-24T20:02:11.519+0000] {logging_mixin.py:117} INFO - [2022-09-24T20:02:11.519+0000] {dag.py:2573} INFO - Sync 2 DAGs
[2022-09-24T20:02:11.581+0000] {logging_mixin.py:117} INFO - [2022-09-24T20:02:11.580+0000] {dag.py:3328} INFO - Setting next_dagrun for example_xcom_args to None, run_after=None
[2022-09-24T20:02:11.590+0000] {logging_mixin.py:117} INFO - [2022-09-24T20:02:11.589+0000] {dag.py:3328} INFO - Setting next_dagrun for example_xcom_args_with_operators to None, run_after=None
[2022-09-24T20:02:11.641+0000] {processor.py:178} INFO - Processing /home/airflow/.local/lib/python3.7/site-packages/airflow/example_dags/example_xcomargs.py took 0.308 seconds
[2022-09-24T20:02:41.978+0000] {processor.py:156} INFO - Started process (PID=4710) to work on /home/airflow/.local/lib/python3.7/site-packages/airflow/example_dags/example_xcomargs.py
[2022-09-24T20:02:41.981+0000] {processor.py:758} INFO - Processing file /home/airflow/.local/lib/python3.7/site-packages/airflow/example_dags/example_xcomargs.py for tasks to queue
[2022-09-24T20:02:41.985+0000] {logging_mixin.py:117} INFO - [2022-09-24T20:02:41.984+0000] {dagbag.py:525} INFO - Filling up the DagBag from /home/airflow/.local/lib/python3.7/site-packages/airflow/example_dags/example_xcomargs.py
[2022-09-24T20:02:42.045+0000] {processor.py:768} INFO - DAG(s) dict_keys(['example_xcom_args_with_operators', 'example_xcom_args']) retrieved from /home/airflow/.local/lib/python3.7/site-packages/airflow/example_dags/example_xcomargs.py
[2022-09-24T20:02:42.146+0000] {logging_mixin.py:117} INFO - [2022-09-24T20:02:42.146+0000] {dag.py:2573} INFO - Sync 2 DAGs
[2022-09-24T20:02:42.203+0000] {logging_mixin.py:117} INFO - [2022-09-24T20:02:42.203+0000] {dag.py:3328} INFO - Setting next_dagrun for example_xcom_args to None, run_after=None
[2022-09-24T20:02:42.215+0000] {logging_mixin.py:117} INFO - [2022-09-24T20:02:42.214+0000] {dag.py:3328} INFO - Setting next_dagrun for example_xcom_args_with_operators to None, run_after=None
[2022-09-24T20:02:42.251+0000] {processor.py:178} INFO - Processing /home/airflow/.local/lib/python3.7/site-packages/airflow/example_dags/example_xcomargs.py took 0.283 seconds
[2022-09-24T20:03:12.442+0000] {processor.py:156} INFO - Started process (PID=4909) to work on /home/airflow/.local/lib/python3.7/site-packages/airflow/example_dags/example_xcomargs.py
[2022-09-24T20:03:12.446+0000] {processor.py:758} INFO - Processing file /home/airflow/.local/lib/python3.7/site-packages/airflow/example_dags/example_xcomargs.py for tasks to queue
[2022-09-24T20:03:12.448+0000] {logging_mixin.py:117} INFO - [2022-09-24T20:03:12.448+0000] {dagbag.py:525} INFO - Filling up the DagBag from /home/airflow/.local/lib/python3.7/site-packages/airflow/example_dags/example_xcomargs.py
[2022-09-24T20:03:12.497+0000] {processor.py:768} INFO - DAG(s) dict_keys(['example_xcom_args_with_operators', 'example_xcom_args']) retrieved from /home/airflow/.local/lib/python3.7/site-packages/airflow/example_dags/example_xcomargs.py
[2022-09-24T20:03:12.575+0000] {logging_mixin.py:117} INFO - [2022-09-24T20:03:12.574+0000] {dag.py:2573} INFO - Sync 2 DAGs
[2022-09-24T20:03:12.620+0000] {logging_mixin.py:117} INFO - [2022-09-24T20:03:12.620+0000] {dag.py:3328} INFO - Setting next_dagrun for example_xcom_args to None, run_after=None
[2022-09-24T20:03:12.629+0000] {logging_mixin.py:117} INFO - [2022-09-24T20:03:12.629+0000] {dag.py:3328} INFO - Setting next_dagrun for example_xcom_args_with_operators to None, run_after=None
[2022-09-24T20:03:12.665+0000] {processor.py:178} INFO - Processing /home/airflow/.local/lib/python3.7/site-packages/airflow/example_dags/example_xcomargs.py took 0.229 seconds
[2022-09-24T20:03:43.085+0000] {processor.py:156} INFO - Started process (PID=5102) to work on /home/airflow/.local/lib/python3.7/site-packages/airflow/example_dags/example_xcomargs.py
[2022-09-24T20:03:43.091+0000] {processor.py:758} INFO - Processing file /home/airflow/.local/lib/python3.7/site-packages/airflow/example_dags/example_xcomargs.py for tasks to queue
[2022-09-24T20:03:43.095+0000] {logging_mixin.py:117} INFO - [2022-09-24T20:03:43.094+0000] {dagbag.py:525} INFO - Filling up the DagBag from /home/airflow/.local/lib/python3.7/site-packages/airflow/example_dags/example_xcomargs.py
[2022-09-24T20:03:43.157+0000] {processor.py:768} INFO - DAG(s) dict_keys(['example_xcom_args', 'example_xcom_args_with_operators']) retrieved from /home/airflow/.local/lib/python3.7/site-packages/airflow/example_dags/example_xcomargs.py
[2022-09-24T20:03:43.271+0000] {logging_mixin.py:117} INFO - [2022-09-24T20:03:43.271+0000] {dag.py:2573} INFO - Sync 2 DAGs
[2022-09-24T20:03:43.348+0000] {logging_mixin.py:117} INFO - [2022-09-24T20:03:43.348+0000] {dag.py:3328} INFO - Setting next_dagrun for example_xcom_args to None, run_after=None
[2022-09-24T20:03:43.379+0000] {logging_mixin.py:117} INFO - [2022-09-24T20:03:43.379+0000] {dag.py:3328} INFO - Setting next_dagrun for example_xcom_args_with_operators to None, run_after=None
[2022-09-24T20:03:43.450+0000] {processor.py:178} INFO - Processing /home/airflow/.local/lib/python3.7/site-packages/airflow/example_dags/example_xcomargs.py took 0.375 seconds
[2022-09-24T20:04:13.782+0000] {processor.py:156} INFO - Started process (PID=5305) to work on /home/airflow/.local/lib/python3.7/site-packages/airflow/example_dags/example_xcomargs.py
[2022-09-24T20:04:13.786+0000] {processor.py:758} INFO - Processing file /home/airflow/.local/lib/python3.7/site-packages/airflow/example_dags/example_xcomargs.py for tasks to queue
[2022-09-24T20:04:13.790+0000] {logging_mixin.py:117} INFO - [2022-09-24T20:04:13.789+0000] {dagbag.py:525} INFO - Filling up the DagBag from /home/airflow/.local/lib/python3.7/site-packages/airflow/example_dags/example_xcomargs.py
[2022-09-24T20:04:13.893+0000] {processor.py:768} INFO - DAG(s) dict_keys(['example_xcom_args_with_operators', 'example_xcom_args']) retrieved from /home/airflow/.local/lib/python3.7/site-packages/airflow/example_dags/example_xcomargs.py
[2022-09-24T20:04:13.991+0000] {logging_mixin.py:117} INFO - [2022-09-24T20:04:13.991+0000] {dag.py:2573} INFO - Sync 2 DAGs
[2022-09-24T20:04:14.050+0000] {logging_mixin.py:117} INFO - [2022-09-24T20:04:14.049+0000] {dag.py:3328} INFO - Setting next_dagrun for example_xcom_args to None, run_after=None
[2022-09-24T20:04:14.063+0000] {logging_mixin.py:117} INFO - [2022-09-24T20:04:14.063+0000] {dag.py:3328} INFO - Setting next_dagrun for example_xcom_args_with_operators to None, run_after=None
[2022-09-24T20:04:14.100+0000] {processor.py:178} INFO - Processing /home/airflow/.local/lib/python3.7/site-packages/airflow/example_dags/example_xcomargs.py took 0.329 seconds
[2022-09-24T20:04:47.902+0000] {processor.py:156} INFO - Started process (PID=5518) to work on /home/airflow/.local/lib/python3.7/site-packages/airflow/example_dags/example_xcomargs.py
[2022-09-24T20:04:47.923+0000] {processor.py:758} INFO - Processing file /home/airflow/.local/lib/python3.7/site-packages/airflow/example_dags/example_xcomargs.py for tasks to queue
[2022-09-24T20:04:47.931+0000] {logging_mixin.py:117} INFO - [2022-09-24T20:04:47.930+0000] {dagbag.py:525} INFO - Filling up the DagBag from /home/airflow/.local/lib/python3.7/site-packages/airflow/example_dags/example_xcomargs.py
[2022-09-24T20:04:48.018+0000] {processor.py:768} INFO - DAG(s) dict_keys(['example_xcom_args', 'example_xcom_args_with_operators']) retrieved from /home/airflow/.local/lib/python3.7/site-packages/airflow/example_dags/example_xcomargs.py
[2022-09-24T20:04:48.265+0000] {logging_mixin.py:117} INFO - [2022-09-24T20:04:48.265+0000] {dag.py:2573} INFO - Sync 2 DAGs
[2022-09-24T20:04:48.332+0000] {logging_mixin.py:117} INFO - [2022-09-24T20:04:48.331+0000] {dag.py:3328} INFO - Setting next_dagrun for example_xcom_args to None, run_after=None
[2022-09-24T20:04:48.348+0000] {logging_mixin.py:117} INFO - [2022-09-24T20:04:48.347+0000] {dag.py:3328} INFO - Setting next_dagrun for example_xcom_args_with_operators to None, run_after=None
[2022-09-24T20:04:48.433+0000] {processor.py:178} INFO - Processing /home/airflow/.local/lib/python3.7/site-packages/airflow/example_dags/example_xcomargs.py took 0.552 seconds
[2022-09-24T20:05:18.699+0000] {processor.py:156} INFO - Started process (PID=5717) to work on /home/airflow/.local/lib/python3.7/site-packages/airflow/example_dags/example_xcomargs.py
[2022-09-24T20:05:18.714+0000] {processor.py:758} INFO - Processing file /home/airflow/.local/lib/python3.7/site-packages/airflow/example_dags/example_xcomargs.py for tasks to queue
[2022-09-24T20:05:18.719+0000] {logging_mixin.py:117} INFO - [2022-09-24T20:05:18.718+0000] {dagbag.py:525} INFO - Filling up the DagBag from /home/airflow/.local/lib/python3.7/site-packages/airflow/example_dags/example_xcomargs.py
[2022-09-24T20:05:18.902+0000] {processor.py:768} INFO - DAG(s) dict_keys(['example_xcom_args', 'example_xcom_args_with_operators']) retrieved from /home/airflow/.local/lib/python3.7/site-packages/airflow/example_dags/example_xcomargs.py
[2022-09-24T20:05:19.051+0000] {logging_mixin.py:117} INFO - [2022-09-24T20:05:19.051+0000] {dag.py:2573} INFO - Sync 2 DAGs
[2022-09-24T20:05:19.167+0000] {logging_mixin.py:117} INFO - [2022-09-24T20:05:19.167+0000] {dag.py:3328} INFO - Setting next_dagrun for example_xcom_args to None, run_after=None
[2022-09-24T20:05:19.182+0000] {logging_mixin.py:117} INFO - [2022-09-24T20:05:19.182+0000] {dag.py:3328} INFO - Setting next_dagrun for example_xcom_args_with_operators to None, run_after=None
[2022-09-24T20:05:19.265+0000] {processor.py:178} INFO - Processing /home/airflow/.local/lib/python3.7/site-packages/airflow/example_dags/example_xcomargs.py took 0.582 seconds
[2022-09-24T20:05:50.750+0000] {processor.py:156} INFO - Started process (PID=5915) to work on /home/airflow/.local/lib/python3.7/site-packages/airflow/example_dags/example_xcomargs.py
[2022-09-24T20:05:50.764+0000] {processor.py:758} INFO - Processing file /home/airflow/.local/lib/python3.7/site-packages/airflow/example_dags/example_xcomargs.py for tasks to queue
[2022-09-24T20:05:50.844+0000] {logging_mixin.py:117} INFO - [2022-09-24T20:05:50.771+0000] {dagbag.py:525} INFO - Filling up the DagBag from /home/airflow/.local/lib/python3.7/site-packages/airflow/example_dags/example_xcomargs.py
[2022-09-24T20:05:51.187+0000] {processor.py:768} INFO - DAG(s) dict_keys(['example_xcom_args', 'example_xcom_args_with_operators']) retrieved from /home/airflow/.local/lib/python3.7/site-packages/airflow/example_dags/example_xcomargs.py
[2022-09-24T20:05:51.544+0000] {logging_mixin.py:117} INFO - [2022-09-24T20:05:51.544+0000] {dag.py:2573} INFO - Sync 2 DAGs
[2022-09-24T20:05:51.748+0000] {logging_mixin.py:117} INFO - [2022-09-24T20:05:51.748+0000] {dag.py:3328} INFO - Setting next_dagrun for example_xcom_args to None, run_after=None
[2022-09-24T20:05:51.765+0000] {logging_mixin.py:117} INFO - [2022-09-24T20:05:51.764+0000] {dag.py:3328} INFO - Setting next_dagrun for example_xcom_args_with_operators to None, run_after=None
[2022-09-24T20:05:51.836+0000] {processor.py:178} INFO - Processing /home/airflow/.local/lib/python3.7/site-packages/airflow/example_dags/example_xcomargs.py took 1.178 seconds
[2022-09-24T20:06:24.270+0000] {processor.py:156} INFO - Started process (PID=6116) to work on /home/airflow/.local/lib/python3.7/site-packages/airflow/example_dags/example_xcomargs.py
[2022-09-24T20:06:24.284+0000] {processor.py:758} INFO - Processing file /home/airflow/.local/lib/python3.7/site-packages/airflow/example_dags/example_xcomargs.py for tasks to queue
[2022-09-24T20:06:24.303+0000] {logging_mixin.py:117} INFO - [2022-09-24T20:06:24.303+0000] {dagbag.py:525} INFO - Filling up the DagBag from /home/airflow/.local/lib/python3.7/site-packages/airflow/example_dags/example_xcomargs.py
[2022-09-24T20:06:24.440+0000] {processor.py:768} INFO - DAG(s) dict_keys(['example_xcom_args', 'example_xcom_args_with_operators']) retrieved from /home/airflow/.local/lib/python3.7/site-packages/airflow/example_dags/example_xcomargs.py
[2022-09-24T20:06:24.611+0000] {logging_mixin.py:117} INFO - [2022-09-24T20:06:24.610+0000] {dag.py:2573} INFO - Sync 2 DAGs
[2022-09-24T20:06:24.698+0000] {logging_mixin.py:117} INFO - [2022-09-24T20:06:24.698+0000] {dag.py:3328} INFO - Setting next_dagrun for example_xcom_args to None, run_after=None
[2022-09-24T20:06:24.711+0000] {logging_mixin.py:117} INFO - [2022-09-24T20:06:24.710+0000] {dag.py:3328} INFO - Setting next_dagrun for example_xcom_args_with_operators to None, run_after=None
[2022-09-24T20:06:24.776+0000] {processor.py:178} INFO - Processing /home/airflow/.local/lib/python3.7/site-packages/airflow/example_dags/example_xcomargs.py took 0.554 seconds
[2022-09-24T20:06:55.988+0000] {processor.py:156} INFO - Started process (PID=6312) to work on /home/airflow/.local/lib/python3.7/site-packages/airflow/example_dags/example_xcomargs.py
[2022-09-24T20:06:55.997+0000] {processor.py:758} INFO - Processing file /home/airflow/.local/lib/python3.7/site-packages/airflow/example_dags/example_xcomargs.py for tasks to queue
[2022-09-24T20:06:55.999+0000] {logging_mixin.py:117} INFO - [2022-09-24T20:06:55.999+0000] {dagbag.py:525} INFO - Filling up the DagBag from /home/airflow/.local/lib/python3.7/site-packages/airflow/example_dags/example_xcomargs.py
[2022-09-24T20:06:56.174+0000] {processor.py:768} INFO - DAG(s) dict_keys(['example_xcom_args', 'example_xcom_args_with_operators']) retrieved from /home/airflow/.local/lib/python3.7/site-packages/airflow/example_dags/example_xcomargs.py
[2022-09-24T20:06:56.324+0000] {logging_mixin.py:117} INFO - [2022-09-24T20:06:56.322+0000] {dag.py:2573} INFO - Sync 2 DAGs
[2022-09-24T20:06:56.412+0000] {logging_mixin.py:117} INFO - [2022-09-24T20:06:56.411+0000] {dag.py:3328} INFO - Setting next_dagrun for example_xcom_args to None, run_after=None
[2022-09-24T20:06:56.425+0000] {logging_mixin.py:117} INFO - [2022-09-24T20:06:56.425+0000] {dag.py:3328} INFO - Setting next_dagrun for example_xcom_args_with_operators to None, run_after=None
[2022-09-24T20:06:56.466+0000] {processor.py:178} INFO - Processing /home/airflow/.local/lib/python3.7/site-packages/airflow/example_dags/example_xcomargs.py took 0.514 seconds
[2022-09-24T20:07:26.986+0000] {processor.py:156} INFO - Started process (PID=6511) to work on /home/airflow/.local/lib/python3.7/site-packages/airflow/example_dags/example_xcomargs.py
[2022-09-24T20:07:26.996+0000] {processor.py:758} INFO - Processing file /home/airflow/.local/lib/python3.7/site-packages/airflow/example_dags/example_xcomargs.py for tasks to queue
[2022-09-24T20:07:27.001+0000] {logging_mixin.py:117} INFO - [2022-09-24T20:07:27.001+0000] {dagbag.py:525} INFO - Filling up the DagBag from /home/airflow/.local/lib/python3.7/site-packages/airflow/example_dags/example_xcomargs.py
[2022-09-24T20:07:27.107+0000] {processor.py:768} INFO - DAG(s) dict_keys(['example_xcom_args', 'example_xcom_args_with_operators']) retrieved from /home/airflow/.local/lib/python3.7/site-packages/airflow/example_dags/example_xcomargs.py
[2022-09-24T20:07:27.262+0000] {logging_mixin.py:117} INFO - [2022-09-24T20:07:27.261+0000] {dag.py:2573} INFO - Sync 2 DAGs
[2022-09-24T20:07:27.409+0000] {logging_mixin.py:117} INFO - [2022-09-24T20:07:27.408+0000] {dag.py:3328} INFO - Setting next_dagrun for example_xcom_args to None, run_after=None
[2022-09-24T20:07:27.435+0000] {logging_mixin.py:117} INFO - [2022-09-24T20:07:27.434+0000] {dag.py:3328} INFO - Setting next_dagrun for example_xcom_args_with_operators to None, run_after=None
[2022-09-24T20:07:27.491+0000] {processor.py:178} INFO - Processing /home/airflow/.local/lib/python3.7/site-packages/airflow/example_dags/example_xcomargs.py took 0.521 seconds
[2022-09-24T20:07:58.214+0000] {processor.py:156} INFO - Started process (PID=6715) to work on /home/airflow/.local/lib/python3.7/site-packages/airflow/example_dags/example_xcomargs.py
[2022-09-24T20:07:58.218+0000] {processor.py:758} INFO - Processing file /home/airflow/.local/lib/python3.7/site-packages/airflow/example_dags/example_xcomargs.py for tasks to queue
[2022-09-24T20:07:58.224+0000] {logging_mixin.py:117} INFO - [2022-09-24T20:07:58.222+0000] {dagbag.py:525} INFO - Filling up the DagBag from /home/airflow/.local/lib/python3.7/site-packages/airflow/example_dags/example_xcomargs.py
[2022-09-24T20:07:58.297+0000] {processor.py:768} INFO - DAG(s) dict_keys(['example_xcom_args_with_operators', 'example_xcom_args']) retrieved from /home/airflow/.local/lib/python3.7/site-packages/airflow/example_dags/example_xcomargs.py
[2022-09-24T20:07:58.390+0000] {logging_mixin.py:117} INFO - [2022-09-24T20:07:58.390+0000] {dag.py:2573} INFO - Sync 2 DAGs
[2022-09-24T20:07:58.442+0000] {logging_mixin.py:117} INFO - [2022-09-24T20:07:58.442+0000] {dag.py:3328} INFO - Setting next_dagrun for example_xcom_args to None, run_after=None
[2022-09-24T20:07:58.455+0000] {logging_mixin.py:117} INFO - [2022-09-24T20:07:58.455+0000] {dag.py:3328} INFO - Setting next_dagrun for example_xcom_args_with_operators to None, run_after=None
[2022-09-24T20:07:58.495+0000] {processor.py:178} INFO - Processing /home/airflow/.local/lib/python3.7/site-packages/airflow/example_dags/example_xcomargs.py took 0.292 seconds
[2022-09-24T20:08:28.750+0000] {processor.py:156} INFO - Started process (PID=6914) to work on /home/airflow/.local/lib/python3.7/site-packages/airflow/example_dags/example_xcomargs.py
[2022-09-24T20:08:28.754+0000] {processor.py:758} INFO - Processing file /home/airflow/.local/lib/python3.7/site-packages/airflow/example_dags/example_xcomargs.py for tasks to queue
[2022-09-24T20:08:28.758+0000] {logging_mixin.py:117} INFO - [2022-09-24T20:08:28.757+0000] {dagbag.py:525} INFO - Filling up the DagBag from /home/airflow/.local/lib/python3.7/site-packages/airflow/example_dags/example_xcomargs.py
[2022-09-24T20:08:28.818+0000] {processor.py:768} INFO - DAG(s) dict_keys(['example_xcom_args', 'example_xcom_args_with_operators']) retrieved from /home/airflow/.local/lib/python3.7/site-packages/airflow/example_dags/example_xcomargs.py
[2022-09-24T20:08:28.943+0000] {logging_mixin.py:117} INFO - [2022-09-24T20:08:28.942+0000] {dag.py:2573} INFO - Sync 2 DAGs
[2022-09-24T20:08:29.039+0000] {logging_mixin.py:117} INFO - [2022-09-24T20:08:29.039+0000] {dag.py:3328} INFO - Setting next_dagrun for example_xcom_args to None, run_after=None
[2022-09-24T20:08:29.050+0000] {logging_mixin.py:117} INFO - [2022-09-24T20:08:29.049+0000] {dag.py:3328} INFO - Setting next_dagrun for example_xcom_args_with_operators to None, run_after=None
[2022-09-24T20:08:29.086+0000] {processor.py:178} INFO - Processing /home/airflow/.local/lib/python3.7/site-packages/airflow/example_dags/example_xcomargs.py took 0.345 seconds
[2022-09-24T20:08:59.257+0000] {processor.py:156} INFO - Started process (PID=7113) to work on /home/airflow/.local/lib/python3.7/site-packages/airflow/example_dags/example_xcomargs.py
[2022-09-24T20:08:59.262+0000] {processor.py:758} INFO - Processing file /home/airflow/.local/lib/python3.7/site-packages/airflow/example_dags/example_xcomargs.py for tasks to queue
[2022-09-24T20:08:59.266+0000] {logging_mixin.py:117} INFO - [2022-09-24T20:08:59.266+0000] {dagbag.py:525} INFO - Filling up the DagBag from /home/airflow/.local/lib/python3.7/site-packages/airflow/example_dags/example_xcomargs.py
[2022-09-24T20:08:59.373+0000] {processor.py:768} INFO - DAG(s) dict_keys(['example_xcom_args', 'example_xcom_args_with_operators']) retrieved from /home/airflow/.local/lib/python3.7/site-packages/airflow/example_dags/example_xcomargs.py
[2022-09-24T20:08:59.490+0000] {logging_mixin.py:117} INFO - [2022-09-24T20:08:59.490+0000] {dag.py:2573} INFO - Sync 2 DAGs
[2022-09-24T20:08:59.555+0000] {logging_mixin.py:117} INFO - [2022-09-24T20:08:59.555+0000] {dag.py:3328} INFO - Setting next_dagrun for example_xcom_args to None, run_after=None
[2022-09-24T20:08:59.568+0000] {logging_mixin.py:117} INFO - [2022-09-24T20:08:59.568+0000] {dag.py:3328} INFO - Setting next_dagrun for example_xcom_args_with_operators to None, run_after=None
[2022-09-24T20:08:59.605+0000] {processor.py:178} INFO - Processing /home/airflow/.local/lib/python3.7/site-packages/airflow/example_dags/example_xcomargs.py took 0.357 seconds
[2022-09-24T20:09:29.714+0000] {processor.py:156} INFO - Started process (PID=7314) to work on /home/airflow/.local/lib/python3.7/site-packages/airflow/example_dags/example_xcomargs.py
[2022-09-24T20:09:29.718+0000] {processor.py:758} INFO - Processing file /home/airflow/.local/lib/python3.7/site-packages/airflow/example_dags/example_xcomargs.py for tasks to queue
[2022-09-24T20:09:29.723+0000] {logging_mixin.py:117} INFO - [2022-09-24T20:09:29.722+0000] {dagbag.py:525} INFO - Filling up the DagBag from /home/airflow/.local/lib/python3.7/site-packages/airflow/example_dags/example_xcomargs.py
[2022-09-24T20:09:29.789+0000] {processor.py:768} INFO - DAG(s) dict_keys(['example_xcom_args', 'example_xcom_args_with_operators']) retrieved from /home/airflow/.local/lib/python3.7/site-packages/airflow/example_dags/example_xcomargs.py
[2022-09-24T20:09:29.884+0000] {logging_mixin.py:117} INFO - [2022-09-24T20:09:29.883+0000] {dag.py:2573} INFO - Sync 2 DAGs
[2022-09-24T20:09:29.948+0000] {logging_mixin.py:117} INFO - [2022-09-24T20:09:29.948+0000] {dag.py:3328} INFO - Setting next_dagrun for example_xcom_args to None, run_after=None
[2022-09-24T20:09:29.962+0000] {logging_mixin.py:117} INFO - [2022-09-24T20:09:29.962+0000] {dag.py:3328} INFO - Setting next_dagrun for example_xcom_args_with_operators to None, run_after=None
[2022-09-24T20:09:30.012+0000] {processor.py:178} INFO - Processing /home/airflow/.local/lib/python3.7/site-packages/airflow/example_dags/example_xcomargs.py took 0.308 seconds
[2022-09-24T20:10:00.518+0000] {processor.py:156} INFO - Started process (PID=7512) to work on /home/airflow/.local/lib/python3.7/site-packages/airflow/example_dags/example_xcomargs.py
[2022-09-24T20:10:00.523+0000] {processor.py:758} INFO - Processing file /home/airflow/.local/lib/python3.7/site-packages/airflow/example_dags/example_xcomargs.py for tasks to queue
[2022-09-24T20:10:00.526+0000] {logging_mixin.py:117} INFO - [2022-09-24T20:10:00.525+0000] {dagbag.py:525} INFO - Filling up the DagBag from /home/airflow/.local/lib/python3.7/site-packages/airflow/example_dags/example_xcomargs.py
[2022-09-24T20:10:00.588+0000] {processor.py:768} INFO - DAG(s) dict_keys(['example_xcom_args_with_operators', 'example_xcom_args']) retrieved from /home/airflow/.local/lib/python3.7/site-packages/airflow/example_dags/example_xcomargs.py
[2022-09-24T20:10:00.700+0000] {logging_mixin.py:117} INFO - [2022-09-24T20:10:00.700+0000] {dag.py:2573} INFO - Sync 2 DAGs
[2022-09-24T20:10:00.784+0000] {logging_mixin.py:117} INFO - [2022-09-24T20:10:00.784+0000] {dag.py:3328} INFO - Setting next_dagrun for example_xcom_args to None, run_after=None
[2022-09-24T20:10:00.800+0000] {logging_mixin.py:117} INFO - [2022-09-24T20:10:00.799+0000] {dag.py:3328} INFO - Setting next_dagrun for example_xcom_args_with_operators to None, run_after=None
[2022-09-24T20:10:00.866+0000] {processor.py:178} INFO - Processing /home/airflow/.local/lib/python3.7/site-packages/airflow/example_dags/example_xcomargs.py took 0.358 seconds
[2022-09-24T20:10:31.542+0000] {processor.py:156} INFO - Started process (PID=7719) to work on /home/airflow/.local/lib/python3.7/site-packages/airflow/example_dags/example_xcomargs.py
[2022-09-24T20:10:31.546+0000] {processor.py:758} INFO - Processing file /home/airflow/.local/lib/python3.7/site-packages/airflow/example_dags/example_xcomargs.py for tasks to queue
[2022-09-24T20:10:31.548+0000] {logging_mixin.py:117} INFO - [2022-09-24T20:10:31.548+0000] {dagbag.py:525} INFO - Filling up the DagBag from /home/airflow/.local/lib/python3.7/site-packages/airflow/example_dags/example_xcomargs.py
[2022-09-24T20:10:31.607+0000] {processor.py:768} INFO - DAG(s) dict_keys(['example_xcom_args', 'example_xcom_args_with_operators']) retrieved from /home/airflow/.local/lib/python3.7/site-packages/airflow/example_dags/example_xcomargs.py
[2022-09-24T20:10:31.702+0000] {logging_mixin.py:117} INFO - [2022-09-24T20:10:31.701+0000] {dag.py:2573} INFO - Sync 2 DAGs
[2022-09-24T20:10:31.790+0000] {logging_mixin.py:117} INFO - [2022-09-24T20:10:31.790+0000] {dag.py:3328} INFO - Setting next_dagrun for example_xcom_args to None, run_after=None
[2022-09-24T20:10:31.810+0000] {logging_mixin.py:117} INFO - [2022-09-24T20:10:31.809+0000] {dag.py:3328} INFO - Setting next_dagrun for example_xcom_args_with_operators to None, run_after=None
[2022-09-24T20:10:31.892+0000] {processor.py:178} INFO - Processing /home/airflow/.local/lib/python3.7/site-packages/airflow/example_dags/example_xcomargs.py took 0.355 seconds
[2022-09-24T20:11:02.892+0000] {processor.py:156} INFO - Started process (PID=7916) to work on /home/airflow/.local/lib/python3.7/site-packages/airflow/example_dags/example_xcomargs.py
[2022-09-24T20:11:02.895+0000] {processor.py:758} INFO - Processing file /home/airflow/.local/lib/python3.7/site-packages/airflow/example_dags/example_xcomargs.py for tasks to queue
[2022-09-24T20:11:02.903+0000] {logging_mixin.py:117} INFO - [2022-09-24T20:11:02.903+0000] {dagbag.py:525} INFO - Filling up the DagBag from /home/airflow/.local/lib/python3.7/site-packages/airflow/example_dags/example_xcomargs.py
[2022-09-24T20:11:03.026+0000] {processor.py:768} INFO - DAG(s) dict_keys(['example_xcom_args', 'example_xcom_args_with_operators']) retrieved from /home/airflow/.local/lib/python3.7/site-packages/airflow/example_dags/example_xcomargs.py
[2022-09-24T20:11:03.219+0000] {logging_mixin.py:117} INFO - [2022-09-24T20:11:03.218+0000] {dag.py:2573} INFO - Sync 2 DAGs
[2022-09-24T20:11:03.278+0000] {logging_mixin.py:117} INFO - [2022-09-24T20:11:03.277+0000] {dag.py:3328} INFO - Setting next_dagrun for example_xcom_args to None, run_after=None
[2022-09-24T20:11:03.291+0000] {logging_mixin.py:117} INFO - [2022-09-24T20:11:03.289+0000] {dag.py:3328} INFO - Setting next_dagrun for example_xcom_args_with_operators to None, run_after=None
[2022-09-24T20:11:03.347+0000] {processor.py:178} INFO - Processing /home/airflow/.local/lib/python3.7/site-packages/airflow/example_dags/example_xcomargs.py took 0.479 seconds
[2022-09-24T20:11:34.406+0000] {processor.py:156} INFO - Started process (PID=8121) to work on /home/airflow/.local/lib/python3.7/site-packages/airflow/example_dags/example_xcomargs.py
[2022-09-24T20:11:34.412+0000] {processor.py:758} INFO - Processing file /home/airflow/.local/lib/python3.7/site-packages/airflow/example_dags/example_xcomargs.py for tasks to queue
[2022-09-24T20:11:34.414+0000] {logging_mixin.py:117} INFO - [2022-09-24T20:11:34.414+0000] {dagbag.py:525} INFO - Filling up the DagBag from /home/airflow/.local/lib/python3.7/site-packages/airflow/example_dags/example_xcomargs.py
[2022-09-24T20:11:34.565+0000] {processor.py:768} INFO - DAG(s) dict_keys(['example_xcom_args_with_operators', 'example_xcom_args']) retrieved from /home/airflow/.local/lib/python3.7/site-packages/airflow/example_dags/example_xcomargs.py
[2022-09-24T20:11:34.681+0000] {logging_mixin.py:117} INFO - [2022-09-24T20:11:34.681+0000] {dag.py:2573} INFO - Sync 2 DAGs
[2022-09-24T20:11:34.774+0000] {logging_mixin.py:117} INFO - [2022-09-24T20:11:34.774+0000] {dag.py:3328} INFO - Setting next_dagrun for example_xcom_args to None, run_after=None
[2022-09-24T20:11:34.795+0000] {logging_mixin.py:117} INFO - [2022-09-24T20:11:34.794+0000] {dag.py:3328} INFO - Setting next_dagrun for example_xcom_args_with_operators to None, run_after=None
[2022-09-24T20:11:34.885+0000] {processor.py:178} INFO - Processing /home/airflow/.local/lib/python3.7/site-packages/airflow/example_dags/example_xcomargs.py took 0.494 seconds
[2022-09-24T20:12:05.373+0000] {processor.py:156} INFO - Started process (PID=8321) to work on /home/airflow/.local/lib/python3.7/site-packages/airflow/example_dags/example_xcomargs.py
[2022-09-24T20:12:05.381+0000] {processor.py:758} INFO - Processing file /home/airflow/.local/lib/python3.7/site-packages/airflow/example_dags/example_xcomargs.py for tasks to queue
[2022-09-24T20:12:05.385+0000] {logging_mixin.py:117} INFO - [2022-09-24T20:12:05.385+0000] {dagbag.py:525} INFO - Filling up the DagBag from /home/airflow/.local/lib/python3.7/site-packages/airflow/example_dags/example_xcomargs.py
[2022-09-24T20:12:05.483+0000] {processor.py:768} INFO - DAG(s) dict_keys(['example_xcom_args', 'example_xcom_args_with_operators']) retrieved from /home/airflow/.local/lib/python3.7/site-packages/airflow/example_dags/example_xcomargs.py
[2022-09-24T20:12:05.719+0000] {logging_mixin.py:117} INFO - [2022-09-24T20:12:05.719+0000] {dag.py:2573} INFO - Sync 2 DAGs
[2022-09-24T20:12:05.815+0000] {logging_mixin.py:117} INFO - [2022-09-24T20:12:05.815+0000] {dag.py:3328} INFO - Setting next_dagrun for example_xcom_args to None, run_after=None
[2022-09-24T20:12:05.831+0000] {logging_mixin.py:117} INFO - [2022-09-24T20:12:05.830+0000] {dag.py:3328} INFO - Setting next_dagrun for example_xcom_args_with_operators to None, run_after=None
[2022-09-24T20:12:05.882+0000] {processor.py:178} INFO - Processing /home/airflow/.local/lib/python3.7/site-packages/airflow/example_dags/example_xcomargs.py took 0.519 seconds
[2022-09-24T20:12:36.376+0000] {processor.py:156} INFO - Started process (PID=8518) to work on /home/airflow/.local/lib/python3.7/site-packages/airflow/example_dags/example_xcomargs.py
[2022-09-24T20:12:36.397+0000] {processor.py:758} INFO - Processing file /home/airflow/.local/lib/python3.7/site-packages/airflow/example_dags/example_xcomargs.py for tasks to queue
[2022-09-24T20:12:36.413+0000] {logging_mixin.py:117} INFO - [2022-09-24T20:12:36.412+0000] {dagbag.py:525} INFO - Filling up the DagBag from /home/airflow/.local/lib/python3.7/site-packages/airflow/example_dags/example_xcomargs.py
[2022-09-24T20:12:36.624+0000] {processor.py:768} INFO - DAG(s) dict_keys(['example_xcom_args_with_operators', 'example_xcom_args']) retrieved from /home/airflow/.local/lib/python3.7/site-packages/airflow/example_dags/example_xcomargs.py
[2022-09-24T20:12:36.859+0000] {logging_mixin.py:117} INFO - [2022-09-24T20:12:36.856+0000] {dag.py:2573} INFO - Sync 2 DAGs
[2022-09-24T20:12:37.157+0000] {logging_mixin.py:117} INFO - [2022-09-24T20:12:37.156+0000] {dag.py:3328} INFO - Setting next_dagrun for example_xcom_args to None, run_after=None
[2022-09-24T20:12:37.186+0000] {logging_mixin.py:117} INFO - [2022-09-24T20:12:37.186+0000] {dag.py:3328} INFO - Setting next_dagrun for example_xcom_args_with_operators to None, run_after=None
[2022-09-24T20:12:37.262+0000] {processor.py:178} INFO - Processing /home/airflow/.local/lib/python3.7/site-packages/airflow/example_dags/example_xcomargs.py took 0.908 seconds
[2022-09-24T20:13:07.702+0000] {processor.py:156} INFO - Started process (PID=8714) to work on /home/airflow/.local/lib/python3.7/site-packages/airflow/example_dags/example_xcomargs.py
[2022-09-24T20:13:07.706+0000] {processor.py:758} INFO - Processing file /home/airflow/.local/lib/python3.7/site-packages/airflow/example_dags/example_xcomargs.py for tasks to queue
[2022-09-24T20:13:07.709+0000] {logging_mixin.py:117} INFO - [2022-09-24T20:13:07.708+0000] {dagbag.py:525} INFO - Filling up the DagBag from /home/airflow/.local/lib/python3.7/site-packages/airflow/example_dags/example_xcomargs.py
[2022-09-24T20:13:07.768+0000] {processor.py:768} INFO - DAG(s) dict_keys(['example_xcom_args', 'example_xcom_args_with_operators']) retrieved from /home/airflow/.local/lib/python3.7/site-packages/airflow/example_dags/example_xcomargs.py
[2022-09-24T20:13:07.850+0000] {logging_mixin.py:117} INFO - [2022-09-24T20:13:07.850+0000] {dag.py:2573} INFO - Sync 2 DAGs
[2022-09-24T20:13:07.902+0000] {logging_mixin.py:117} INFO - [2022-09-24T20:13:07.902+0000] {dag.py:3328} INFO - Setting next_dagrun for example_xcom_args to None, run_after=None
[2022-09-24T20:13:07.912+0000] {logging_mixin.py:117} INFO - [2022-09-24T20:13:07.912+0000] {dag.py:3328} INFO - Setting next_dagrun for example_xcom_args_with_operators to None, run_after=None
[2022-09-24T20:13:07.972+0000] {processor.py:178} INFO - Processing /home/airflow/.local/lib/python3.7/site-packages/airflow/example_dags/example_xcomargs.py took 0.276 seconds
[2022-09-24T20:13:38.370+0000] {processor.py:156} INFO - Started process (PID=8912) to work on /home/airflow/.local/lib/python3.7/site-packages/airflow/example_dags/example_xcomargs.py
[2022-09-24T20:13:38.375+0000] {processor.py:758} INFO - Processing file /home/airflow/.local/lib/python3.7/site-packages/airflow/example_dags/example_xcomargs.py for tasks to queue
[2022-09-24T20:13:38.379+0000] {logging_mixin.py:117} INFO - [2022-09-24T20:13:38.379+0000] {dagbag.py:525} INFO - Filling up the DagBag from /home/airflow/.local/lib/python3.7/site-packages/airflow/example_dags/example_xcomargs.py
[2022-09-24T20:13:38.448+0000] {processor.py:768} INFO - DAG(s) dict_keys(['example_xcom_args', 'example_xcom_args_with_operators']) retrieved from /home/airflow/.local/lib/python3.7/site-packages/airflow/example_dags/example_xcomargs.py
[2022-09-24T20:13:38.552+0000] {logging_mixin.py:117} INFO - [2022-09-24T20:13:38.552+0000] {dag.py:2573} INFO - Sync 2 DAGs
[2022-09-24T20:13:38.620+0000] {logging_mixin.py:117} INFO - [2022-09-24T20:13:38.619+0000] {dag.py:3328} INFO - Setting next_dagrun for example_xcom_args to None, run_after=None
[2022-09-24T20:13:38.636+0000] {logging_mixin.py:117} INFO - [2022-09-24T20:13:38.636+0000] {dag.py:3328} INFO - Setting next_dagrun for example_xcom_args_with_operators to None, run_after=None
[2022-09-24T20:13:38.688+0000] {processor.py:178} INFO - Processing /home/airflow/.local/lib/python3.7/site-packages/airflow/example_dags/example_xcomargs.py took 0.326 seconds
[2022-09-24T20:14:09.271+0000] {processor.py:156} INFO - Started process (PID=9110) to work on /home/airflow/.local/lib/python3.7/site-packages/airflow/example_dags/example_xcomargs.py
[2022-09-24T20:14:09.285+0000] {processor.py:758} INFO - Processing file /home/airflow/.local/lib/python3.7/site-packages/airflow/example_dags/example_xcomargs.py for tasks to queue
[2022-09-24T20:14:09.297+0000] {logging_mixin.py:117} INFO - [2022-09-24T20:14:09.297+0000] {dagbag.py:525} INFO - Filling up the DagBag from /home/airflow/.local/lib/python3.7/site-packages/airflow/example_dags/example_xcomargs.py
[2022-09-24T20:14:09.731+0000] {processor.py:768} INFO - DAG(s) dict_keys(['example_xcom_args', 'example_xcom_args_with_operators']) retrieved from /home/airflow/.local/lib/python3.7/site-packages/airflow/example_dags/example_xcomargs.py
[2022-09-24T20:14:10.322+0000] {logging_mixin.py:117} INFO - [2022-09-24T20:14:10.320+0000] {dag.py:2573} INFO - Sync 2 DAGs
[2022-09-24T20:14:10.513+0000] {logging_mixin.py:117} INFO - [2022-09-24T20:14:10.502+0000] {dag.py:3328} INFO - Setting next_dagrun for example_xcom_args to None, run_after=None
[2022-09-24T20:14:10.542+0000] {logging_mixin.py:117} INFO - [2022-09-24T20:14:10.542+0000] {dag.py:3328} INFO - Setting next_dagrun for example_xcom_args_with_operators to None, run_after=None
[2022-09-24T20:14:10.667+0000] {processor.py:178} INFO - Processing /home/airflow/.local/lib/python3.7/site-packages/airflow/example_dags/example_xcomargs.py took 1.411 seconds
[2022-09-24T20:14:41.325+0000] {processor.py:156} INFO - Started process (PID=9308) to work on /home/airflow/.local/lib/python3.7/site-packages/airflow/example_dags/example_xcomargs.py
[2022-09-24T20:14:41.329+0000] {processor.py:758} INFO - Processing file /home/airflow/.local/lib/python3.7/site-packages/airflow/example_dags/example_xcomargs.py for tasks to queue
[2022-09-24T20:14:41.336+0000] {logging_mixin.py:117} INFO - [2022-09-24T20:14:41.336+0000] {dagbag.py:525} INFO - Filling up the DagBag from /home/airflow/.local/lib/python3.7/site-packages/airflow/example_dags/example_xcomargs.py
[2022-09-24T20:14:41.424+0000] {processor.py:768} INFO - DAG(s) dict_keys(['example_xcom_args', 'example_xcom_args_with_operators']) retrieved from /home/airflow/.local/lib/python3.7/site-packages/airflow/example_dags/example_xcomargs.py
[2022-09-24T20:14:41.536+0000] {logging_mixin.py:117} INFO - [2022-09-24T20:14:41.536+0000] {dag.py:2573} INFO - Sync 2 DAGs
[2022-09-24T20:14:41.608+0000] {logging_mixin.py:117} INFO - [2022-09-24T20:14:41.607+0000] {dag.py:3328} INFO - Setting next_dagrun for example_xcom_args to None, run_after=None
[2022-09-24T20:14:41.623+0000] {logging_mixin.py:117} INFO - [2022-09-24T20:14:41.623+0000] {dag.py:3328} INFO - Setting next_dagrun for example_xcom_args_with_operators to None, run_after=None
[2022-09-24T20:14:41.686+0000] {processor.py:178} INFO - Processing /home/airflow/.local/lib/python3.7/site-packages/airflow/example_dags/example_xcomargs.py took 0.378 seconds
[2022-09-24T20:15:12.362+0000] {processor.py:156} INFO - Started process (PID=9506) to work on /home/airflow/.local/lib/python3.7/site-packages/airflow/example_dags/example_xcomargs.py
[2022-09-24T20:15:12.368+0000] {processor.py:758} INFO - Processing file /home/airflow/.local/lib/python3.7/site-packages/airflow/example_dags/example_xcomargs.py for tasks to queue
[2022-09-24T20:15:12.371+0000] {logging_mixin.py:117} INFO - [2022-09-24T20:15:12.371+0000] {dagbag.py:525} INFO - Filling up the DagBag from /home/airflow/.local/lib/python3.7/site-packages/airflow/example_dags/example_xcomargs.py
[2022-09-24T20:15:12.442+0000] {processor.py:768} INFO - DAG(s) dict_keys(['example_xcom_args', 'example_xcom_args_with_operators']) retrieved from /home/airflow/.local/lib/python3.7/site-packages/airflow/example_dags/example_xcomargs.py
[2022-09-24T20:15:12.550+0000] {logging_mixin.py:117} INFO - [2022-09-24T20:15:12.550+0000] {dag.py:2573} INFO - Sync 2 DAGs
[2022-09-24T20:15:12.650+0000] {logging_mixin.py:117} INFO - [2022-09-24T20:15:12.650+0000] {dag.py:3328} INFO - Setting next_dagrun for example_xcom_args to None, run_after=None
[2022-09-24T20:15:12.662+0000] {logging_mixin.py:117} INFO - [2022-09-24T20:15:12.661+0000] {dag.py:3328} INFO - Setting next_dagrun for example_xcom_args_with_operators to None, run_after=None
[2022-09-24T20:15:12.721+0000] {processor.py:178} INFO - Processing /home/airflow/.local/lib/python3.7/site-packages/airflow/example_dags/example_xcomargs.py took 0.367 seconds
[2022-09-24T20:15:43.255+0000] {processor.py:156} INFO - Started process (PID=9692) to work on /home/airflow/.local/lib/python3.7/site-packages/airflow/example_dags/example_xcomargs.py
[2022-09-24T20:15:43.265+0000] {processor.py:758} INFO - Processing file /home/airflow/.local/lib/python3.7/site-packages/airflow/example_dags/example_xcomargs.py for tasks to queue
[2022-09-24T20:15:43.275+0000] {logging_mixin.py:117} INFO - [2022-09-24T20:15:43.274+0000] {dagbag.py:525} INFO - Filling up the DagBag from /home/airflow/.local/lib/python3.7/site-packages/airflow/example_dags/example_xcomargs.py
[2022-09-24T20:15:44.120+0000] {processor.py:768} INFO - DAG(s) dict_keys(['example_xcom_args_with_operators', 'example_xcom_args']) retrieved from /home/airflow/.local/lib/python3.7/site-packages/airflow/example_dags/example_xcomargs.py
[2022-09-24T20:15:45.005+0000] {logging_mixin.py:117} INFO - [2022-09-24T20:15:45.004+0000] {dag.py:2573} INFO - Sync 2 DAGs
[2022-09-24T20:15:45.210+0000] {logging_mixin.py:117} INFO - [2022-09-24T20:15:45.210+0000] {dag.py:3328} INFO - Setting next_dagrun for example_xcom_args to None, run_after=None
[2022-09-24T20:15:45.272+0000] {logging_mixin.py:117} INFO - [2022-09-24T20:15:45.272+0000] {dag.py:3328} INFO - Setting next_dagrun for example_xcom_args_with_operators to None, run_after=None
[2022-09-24T20:15:45.757+0000] {processor.py:178} INFO - Processing /home/airflow/.local/lib/python3.7/site-packages/airflow/example_dags/example_xcomargs.py took 2.519 seconds
[2022-09-24T20:16:17.071+0000] {processor.py:156} INFO - Started process (PID=9891) to work on /home/airflow/.local/lib/python3.7/site-packages/airflow/example_dags/example_xcomargs.py
[2022-09-24T20:16:17.076+0000] {processor.py:758} INFO - Processing file /home/airflow/.local/lib/python3.7/site-packages/airflow/example_dags/example_xcomargs.py for tasks to queue
[2022-09-24T20:16:17.082+0000] {logging_mixin.py:117} INFO - [2022-09-24T20:16:17.081+0000] {dagbag.py:525} INFO - Filling up the DagBag from /home/airflow/.local/lib/python3.7/site-packages/airflow/example_dags/example_xcomargs.py
[2022-09-24T20:16:17.348+0000] {processor.py:768} INFO - DAG(s) dict_keys(['example_xcom_args_with_operators', 'example_xcom_args']) retrieved from /home/airflow/.local/lib/python3.7/site-packages/airflow/example_dags/example_xcomargs.py
[2022-09-24T20:16:17.771+0000] {logging_mixin.py:117} INFO - [2022-09-24T20:16:17.771+0000] {dag.py:2573} INFO - Sync 2 DAGs
[2022-09-24T20:16:18.065+0000] {logging_mixin.py:117} INFO - [2022-09-24T20:16:18.065+0000] {dag.py:3328} INFO - Setting next_dagrun for example_xcom_args to None, run_after=None
[2022-09-24T20:16:18.107+0000] {logging_mixin.py:117} INFO - [2022-09-24T20:16:18.107+0000] {dag.py:3328} INFO - Setting next_dagrun for example_xcom_args_with_operators to None, run_after=None
[2022-09-24T20:16:18.275+0000] {processor.py:178} INFO - Processing /home/airflow/.local/lib/python3.7/site-packages/airflow/example_dags/example_xcomargs.py took 1.217 seconds
[2022-09-24T20:16:49.236+0000] {processor.py:156} INFO - Started process (PID=10089) to work on /home/airflow/.local/lib/python3.7/site-packages/airflow/example_dags/example_xcomargs.py
[2022-09-24T20:16:49.241+0000] {processor.py:758} INFO - Processing file /home/airflow/.local/lib/python3.7/site-packages/airflow/example_dags/example_xcomargs.py for tasks to queue
[2022-09-24T20:16:49.244+0000] {logging_mixin.py:117} INFO - [2022-09-24T20:16:49.244+0000] {dagbag.py:525} INFO - Filling up the DagBag from /home/airflow/.local/lib/python3.7/site-packages/airflow/example_dags/example_xcomargs.py
[2022-09-24T20:16:49.362+0000] {processor.py:768} INFO - DAG(s) dict_keys(['example_xcom_args', 'example_xcom_args_with_operators']) retrieved from /home/airflow/.local/lib/python3.7/site-packages/airflow/example_dags/example_xcomargs.py
[2022-09-24T20:16:49.524+0000] {logging_mixin.py:117} INFO - [2022-09-24T20:16:49.513+0000] {dag.py:2573} INFO - Sync 2 DAGs
[2022-09-24T20:16:49.596+0000] {logging_mixin.py:117} INFO - [2022-09-24T20:16:49.595+0000] {dag.py:3328} INFO - Setting next_dagrun for example_xcom_args to None, run_after=None
[2022-09-24T20:16:49.611+0000] {logging_mixin.py:117} INFO - [2022-09-24T20:16:49.609+0000] {dag.py:3328} INFO - Setting next_dagrun for example_xcom_args_with_operators to None, run_after=None
[2022-09-24T20:16:49.661+0000] {processor.py:178} INFO - Processing /home/airflow/.local/lib/python3.7/site-packages/airflow/example_dags/example_xcomargs.py took 0.465 seconds
[2022-09-24T20:17:20.171+0000] {processor.py:156} INFO - Started process (PID=10295) to work on /home/airflow/.local/lib/python3.7/site-packages/airflow/example_dags/example_xcomargs.py
[2022-09-24T20:17:20.177+0000] {processor.py:758} INFO - Processing file /home/airflow/.local/lib/python3.7/site-packages/airflow/example_dags/example_xcomargs.py for tasks to queue
[2022-09-24T20:17:20.181+0000] {logging_mixin.py:117} INFO - [2022-09-24T20:17:20.180+0000] {dagbag.py:525} INFO - Filling up the DagBag from /home/airflow/.local/lib/python3.7/site-packages/airflow/example_dags/example_xcomargs.py
[2022-09-24T20:17:20.260+0000] {processor.py:768} INFO - DAG(s) dict_keys(['example_xcom_args', 'example_xcom_args_with_operators']) retrieved from /home/airflow/.local/lib/python3.7/site-packages/airflow/example_dags/example_xcomargs.py
[2022-09-24T20:17:20.354+0000] {logging_mixin.py:117} INFO - [2022-09-24T20:17:20.354+0000] {dag.py:2573} INFO - Sync 2 DAGs
[2022-09-24T20:17:20.406+0000] {logging_mixin.py:117} INFO - [2022-09-24T20:17:20.405+0000] {dag.py:3328} INFO - Setting next_dagrun for example_xcom_args to None, run_after=None
[2022-09-24T20:17:20.416+0000] {logging_mixin.py:117} INFO - [2022-09-24T20:17:20.416+0000] {dag.py:3328} INFO - Setting next_dagrun for example_xcom_args_with_operators to None, run_after=None
[2022-09-24T20:17:20.485+0000] {processor.py:178} INFO - Processing /home/airflow/.local/lib/python3.7/site-packages/airflow/example_dags/example_xcomargs.py took 0.332 seconds
[2022-09-24T20:17:50.840+0000] {processor.py:156} INFO - Started process (PID=10491) to work on /home/airflow/.local/lib/python3.7/site-packages/airflow/example_dags/example_xcomargs.py
[2022-09-24T20:17:50.843+0000] {processor.py:758} INFO - Processing file /home/airflow/.local/lib/python3.7/site-packages/airflow/example_dags/example_xcomargs.py for tasks to queue
[2022-09-24T20:17:50.846+0000] {logging_mixin.py:117} INFO - [2022-09-24T20:17:50.846+0000] {dagbag.py:525} INFO - Filling up the DagBag from /home/airflow/.local/lib/python3.7/site-packages/airflow/example_dags/example_xcomargs.py
[2022-09-24T20:17:50.912+0000] {processor.py:768} INFO - DAG(s) dict_keys(['example_xcom_args', 'example_xcom_args_with_operators']) retrieved from /home/airflow/.local/lib/python3.7/site-packages/airflow/example_dags/example_xcomargs.py
[2022-09-24T20:17:51.005+0000] {logging_mixin.py:117} INFO - [2022-09-24T20:17:51.005+0000] {dag.py:2573} INFO - Sync 2 DAGs
[2022-09-24T20:17:51.055+0000] {logging_mixin.py:117} INFO - [2022-09-24T20:17:51.055+0000] {dag.py:3328} INFO - Setting next_dagrun for example_xcom_args to None, run_after=None
[2022-09-24T20:17:51.064+0000] {logging_mixin.py:117} INFO - [2022-09-24T20:17:51.063+0000] {dag.py:3328} INFO - Setting next_dagrun for example_xcom_args_with_operators to None, run_after=None
[2022-09-24T20:17:51.095+0000] {processor.py:178} INFO - Processing /home/airflow/.local/lib/python3.7/site-packages/airflow/example_dags/example_xcomargs.py took 0.262 seconds
[2022-09-24T20:18:21.355+0000] {processor.py:156} INFO - Started process (PID=10689) to work on /home/airflow/.local/lib/python3.7/site-packages/airflow/example_dags/example_xcomargs.py
[2022-09-24T20:18:21.364+0000] {processor.py:758} INFO - Processing file /home/airflow/.local/lib/python3.7/site-packages/airflow/example_dags/example_xcomargs.py for tasks to queue
[2022-09-24T20:18:21.373+0000] {logging_mixin.py:117} INFO - [2022-09-24T20:18:21.370+0000] {dagbag.py:525} INFO - Filling up the DagBag from /home/airflow/.local/lib/python3.7/site-packages/airflow/example_dags/example_xcomargs.py
[2022-09-24T20:18:21.492+0000] {processor.py:768} INFO - DAG(s) dict_keys(['example_xcom_args_with_operators', 'example_xcom_args']) retrieved from /home/airflow/.local/lib/python3.7/site-packages/airflow/example_dags/example_xcomargs.py
[2022-09-24T20:18:21.643+0000] {logging_mixin.py:117} INFO - [2022-09-24T20:18:21.643+0000] {dag.py:2573} INFO - Sync 2 DAGs
[2022-09-24T20:18:21.716+0000] {logging_mixin.py:117} INFO - [2022-09-24T20:18:21.716+0000] {dag.py:3328} INFO - Setting next_dagrun for example_xcom_args to None, run_after=None
[2022-09-24T20:18:21.728+0000] {logging_mixin.py:117} INFO - [2022-09-24T20:18:21.728+0000] {dag.py:3328} INFO - Setting next_dagrun for example_xcom_args_with_operators to None, run_after=None
[2022-09-24T20:18:21.808+0000] {processor.py:178} INFO - Processing /home/airflow/.local/lib/python3.7/site-packages/airflow/example_dags/example_xcomargs.py took 0.466 seconds
[2022-09-24T20:18:52.448+0000] {processor.py:156} INFO - Started process (PID=10887) to work on /home/airflow/.local/lib/python3.7/site-packages/airflow/example_dags/example_xcomargs.py
[2022-09-24T20:18:52.451+0000] {processor.py:758} INFO - Processing file /home/airflow/.local/lib/python3.7/site-packages/airflow/example_dags/example_xcomargs.py for tasks to queue
[2022-09-24T20:18:52.455+0000] {logging_mixin.py:117} INFO - [2022-09-24T20:18:52.454+0000] {dagbag.py:525} INFO - Filling up the DagBag from /home/airflow/.local/lib/python3.7/site-packages/airflow/example_dags/example_xcomargs.py
[2022-09-24T20:18:52.501+0000] {processor.py:768} INFO - DAG(s) dict_keys(['example_xcom_args_with_operators', 'example_xcom_args']) retrieved from /home/airflow/.local/lib/python3.7/site-packages/airflow/example_dags/example_xcomargs.py
[2022-09-24T20:18:52.582+0000] {logging_mixin.py:117} INFO - [2022-09-24T20:18:52.581+0000] {dag.py:2573} INFO - Sync 2 DAGs
[2022-09-24T20:18:52.626+0000] {logging_mixin.py:117} INFO - [2022-09-24T20:18:52.626+0000] {dag.py:3328} INFO - Setting next_dagrun for example_xcom_args to None, run_after=None
[2022-09-24T20:18:52.634+0000] {logging_mixin.py:117} INFO - [2022-09-24T20:18:52.634+0000] {dag.py:3328} INFO - Setting next_dagrun for example_xcom_args_with_operators to None, run_after=None
[2022-09-24T20:18:52.670+0000] {processor.py:178} INFO - Processing /home/airflow/.local/lib/python3.7/site-packages/airflow/example_dags/example_xcomargs.py took 0.229 seconds
[2022-09-24T20:19:22.826+0000] {processor.py:156} INFO - Started process (PID=11086) to work on /home/airflow/.local/lib/python3.7/site-packages/airflow/example_dags/example_xcomargs.py
[2022-09-24T20:19:22.830+0000] {processor.py:758} INFO - Processing file /home/airflow/.local/lib/python3.7/site-packages/airflow/example_dags/example_xcomargs.py for tasks to queue
[2022-09-24T20:19:22.837+0000] {logging_mixin.py:117} INFO - [2022-09-24T20:19:22.836+0000] {dagbag.py:525} INFO - Filling up the DagBag from /home/airflow/.local/lib/python3.7/site-packages/airflow/example_dags/example_xcomargs.py
[2022-09-24T20:19:22.905+0000] {processor.py:768} INFO - DAG(s) dict_keys(['example_xcom_args_with_operators', 'example_xcom_args']) retrieved from /home/airflow/.local/lib/python3.7/site-packages/airflow/example_dags/example_xcomargs.py
[2022-09-24T20:19:23.239+0000] {logging_mixin.py:117} INFO - [2022-09-24T20:19:23.239+0000] {dag.py:2573} INFO - Sync 2 DAGs
[2022-09-24T20:19:23.653+0000] {logging_mixin.py:117} INFO - [2022-09-24T20:19:23.653+0000] {dag.py:3328} INFO - Setting next_dagrun for example_xcom_args to None, run_after=None
[2022-09-24T20:19:23.703+0000] {logging_mixin.py:117} INFO - [2022-09-24T20:19:23.701+0000] {dag.py:3328} INFO - Setting next_dagrun for example_xcom_args_with_operators to None, run_after=None
[2022-09-24T20:19:24.076+0000] {processor.py:178} INFO - Processing /home/airflow/.local/lib/python3.7/site-packages/airflow/example_dags/example_xcomargs.py took 1.257 seconds
[2022-09-24T20:19:55.061+0000] {processor.py:156} INFO - Started process (PID=11292) to work on /home/airflow/.local/lib/python3.7/site-packages/airflow/example_dags/example_xcomargs.py
[2022-09-24T20:19:55.069+0000] {processor.py:758} INFO - Processing file /home/airflow/.local/lib/python3.7/site-packages/airflow/example_dags/example_xcomargs.py for tasks to queue
[2022-09-24T20:19:55.079+0000] {logging_mixin.py:117} INFO - [2022-09-24T20:19:55.078+0000] {dagbag.py:525} INFO - Filling up the DagBag from /home/airflow/.local/lib/python3.7/site-packages/airflow/example_dags/example_xcomargs.py
[2022-09-24T20:19:55.456+0000] {processor.py:768} INFO - DAG(s) dict_keys(['example_xcom_args_with_operators', 'example_xcom_args']) retrieved from /home/airflow/.local/lib/python3.7/site-packages/airflow/example_dags/example_xcomargs.py
[2022-09-24T20:19:55.655+0000] {logging_mixin.py:117} INFO - [2022-09-24T20:19:55.655+0000] {dag.py:2573} INFO - Sync 2 DAGs
[2022-09-24T20:19:55.919+0000] {logging_mixin.py:117} INFO - [2022-09-24T20:19:55.917+0000] {dag.py:3328} INFO - Setting next_dagrun for example_xcom_args to None, run_after=None
[2022-09-24T20:19:56.029+0000] {logging_mixin.py:117} INFO - [2022-09-24T20:19:56.024+0000] {dag.py:3328} INFO - Setting next_dagrun for example_xcom_args_with_operators to None, run_after=None
[2022-09-24T20:19:56.586+0000] {processor.py:178} INFO - Processing /home/airflow/.local/lib/python3.7/site-packages/airflow/example_dags/example_xcomargs.py took 1.596 seconds
[2022-09-24T20:20:27.409+0000] {processor.py:156} INFO - Started process (PID=11492) to work on /home/airflow/.local/lib/python3.7/site-packages/airflow/example_dags/example_xcomargs.py
[2022-09-24T20:20:27.413+0000] {processor.py:758} INFO - Processing file /home/airflow/.local/lib/python3.7/site-packages/airflow/example_dags/example_xcomargs.py for tasks to queue
[2022-09-24T20:20:27.418+0000] {logging_mixin.py:117} INFO - [2022-09-24T20:20:27.417+0000] {dagbag.py:525} INFO - Filling up the DagBag from /home/airflow/.local/lib/python3.7/site-packages/airflow/example_dags/example_xcomargs.py
[2022-09-24T20:20:27.464+0000] {processor.py:768} INFO - DAG(s) dict_keys(['example_xcom_args_with_operators', 'example_xcom_args']) retrieved from /home/airflow/.local/lib/python3.7/site-packages/airflow/example_dags/example_xcomargs.py
[2022-09-24T20:20:27.538+0000] {logging_mixin.py:117} INFO - [2022-09-24T20:20:27.537+0000] {dag.py:2573} INFO - Sync 2 DAGs
[2022-09-24T20:20:27.583+0000] {logging_mixin.py:117} INFO - [2022-09-24T20:20:27.583+0000] {dag.py:3328} INFO - Setting next_dagrun for example_xcom_args to None, run_after=None
[2022-09-24T20:20:27.595+0000] {logging_mixin.py:117} INFO - [2022-09-24T20:20:27.595+0000] {dag.py:3328} INFO - Setting next_dagrun for example_xcom_args_with_operators to None, run_after=None
[2022-09-24T20:20:27.637+0000] {processor.py:178} INFO - Processing /home/airflow/.local/lib/python3.7/site-packages/airflow/example_dags/example_xcomargs.py took 0.236 seconds
[2022-09-24T20:20:57.895+0000] {processor.py:156} INFO - Started process (PID=11690) to work on /home/airflow/.local/lib/python3.7/site-packages/airflow/example_dags/example_xcomargs.py
[2022-09-24T20:20:57.899+0000] {processor.py:758} INFO - Processing file /home/airflow/.local/lib/python3.7/site-packages/airflow/example_dags/example_xcomargs.py for tasks to queue
[2022-09-24T20:20:57.901+0000] {logging_mixin.py:117} INFO - [2022-09-24T20:20:57.901+0000] {dagbag.py:525} INFO - Filling up the DagBag from /home/airflow/.local/lib/python3.7/site-packages/airflow/example_dags/example_xcomargs.py
[2022-09-24T20:20:57.950+0000] {processor.py:768} INFO - DAG(s) dict_keys(['example_xcom_args_with_operators', 'example_xcom_args']) retrieved from /home/airflow/.local/lib/python3.7/site-packages/airflow/example_dags/example_xcomargs.py
[2022-09-24T20:20:58.034+0000] {logging_mixin.py:117} INFO - [2022-09-24T20:20:58.034+0000] {dag.py:2573} INFO - Sync 2 DAGs
[2022-09-24T20:20:58.083+0000] {logging_mixin.py:117} INFO - [2022-09-24T20:20:58.083+0000] {dag.py:3328} INFO - Setting next_dagrun for example_xcom_args to None, run_after=None
[2022-09-24T20:20:58.091+0000] {logging_mixin.py:117} INFO - [2022-09-24T20:20:58.091+0000] {dag.py:3328} INFO - Setting next_dagrun for example_xcom_args_with_operators to None, run_after=None
[2022-09-24T20:20:58.130+0000] {processor.py:178} INFO - Processing /home/airflow/.local/lib/python3.7/site-packages/airflow/example_dags/example_xcomargs.py took 0.240 seconds
[2022-09-24T20:21:28.230+0000] {processor.py:156} INFO - Started process (PID=11897) to work on /home/airflow/.local/lib/python3.7/site-packages/airflow/example_dags/example_xcomargs.py
[2022-09-24T20:21:28.234+0000] {processor.py:758} INFO - Processing file /home/airflow/.local/lib/python3.7/site-packages/airflow/example_dags/example_xcomargs.py for tasks to queue
[2022-09-24T20:21:28.236+0000] {logging_mixin.py:117} INFO - [2022-09-24T20:21:28.236+0000] {dagbag.py:525} INFO - Filling up the DagBag from /home/airflow/.local/lib/python3.7/site-packages/airflow/example_dags/example_xcomargs.py
[2022-09-24T20:21:28.291+0000] {processor.py:768} INFO - DAG(s) dict_keys(['example_xcom_args', 'example_xcom_args_with_operators']) retrieved from /home/airflow/.local/lib/python3.7/site-packages/airflow/example_dags/example_xcomargs.py
[2022-09-24T20:21:28.370+0000] {logging_mixin.py:117} INFO - [2022-09-24T20:21:28.369+0000] {dag.py:2573} INFO - Sync 2 DAGs
[2022-09-24T20:21:28.422+0000] {logging_mixin.py:117} INFO - [2022-09-24T20:21:28.421+0000] {dag.py:3328} INFO - Setting next_dagrun for example_xcom_args to None, run_after=None
[2022-09-24T20:21:28.434+0000] {logging_mixin.py:117} INFO - [2022-09-24T20:21:28.434+0000] {dag.py:3328} INFO - Setting next_dagrun for example_xcom_args_with_operators to None, run_after=None
[2022-09-24T20:21:28.477+0000] {processor.py:178} INFO - Processing /home/airflow/.local/lib/python3.7/site-packages/airflow/example_dags/example_xcomargs.py took 0.252 seconds
