[2022-09-24T19:50:49.998+0000] {processor.py:156} INFO - Started process (PID=259) to work on /home/airflow/.local/lib/python3.7/site-packages/airflow/example_dags/example_short_circuit_operator.py
[2022-09-24T19:50:50.015+0000] {processor.py:758} INFO - Processing file /home/airflow/.local/lib/python3.7/site-packages/airflow/example_dags/example_short_circuit_operator.py for tasks to queue
[2022-09-24T19:50:50.024+0000] {logging_mixin.py:117} INFO - [2022-09-24T19:50:50.024+0000] {dagbag.py:525} INFO - Filling up the DagBag from /home/airflow/.local/lib/python3.7/site-packages/airflow/example_dags/example_short_circuit_operator.py
[2022-09-24T19:50:50.262+0000] {processor.py:768} INFO - DAG(s) dict_keys(['example_short_circuit_operator']) retrieved from /home/airflow/.local/lib/python3.7/site-packages/airflow/example_dags/example_short_circuit_operator.py
[2022-09-24T19:50:50.591+0000] {logging_mixin.py:117} INFO - [2022-09-24T19:50:50.591+0000] {dag.py:2573} INFO - Sync 1 DAGs
[2022-09-24T19:50:50.876+0000] {logging_mixin.py:117} INFO - [2022-09-24T19:50:50.876+0000] {dag.py:3328} INFO - Setting next_dagrun for example_short_circuit_operator to 2022-09-23T19:50:50.875766+00:00, run_after=2022-09-24T19:50:50.875766+00:00
[2022-09-24T19:50:51.168+0000] {processor.py:178} INFO - Processing /home/airflow/.local/lib/python3.7/site-packages/airflow/example_dags/example_short_circuit_operator.py took 1.312 seconds
[2022-09-24T19:51:23.708+0000] {processor.py:156} INFO - Started process (PID=457) to work on /home/airflow/.local/lib/python3.7/site-packages/airflow/example_dags/example_short_circuit_operator.py
[2022-09-24T19:51:23.715+0000] {processor.py:758} INFO - Processing file /home/airflow/.local/lib/python3.7/site-packages/airflow/example_dags/example_short_circuit_operator.py for tasks to queue
[2022-09-24T19:51:23.724+0000] {logging_mixin.py:117} INFO - [2022-09-24T19:51:23.723+0000] {dagbag.py:525} INFO - Filling up the DagBag from /home/airflow/.local/lib/python3.7/site-packages/airflow/example_dags/example_short_circuit_operator.py
[2022-09-24T19:51:23.778+0000] {processor.py:768} INFO - DAG(s) dict_keys(['example_short_circuit_operator']) retrieved from /home/airflow/.local/lib/python3.7/site-packages/airflow/example_dags/example_short_circuit_operator.py
[2022-09-24T19:51:23.951+0000] {logging_mixin.py:117} INFO - [2022-09-24T19:51:23.951+0000] {dag.py:2573} INFO - Sync 1 DAGs
[2022-09-24T19:51:24.043+0000] {logging_mixin.py:117} INFO - [2022-09-24T19:51:24.041+0000] {dag.py:3328} INFO - Setting next_dagrun for example_short_circuit_operator to 2022-09-23T19:51:24.040281+00:00, run_after=2022-09-24T19:51:24.040281+00:00
[2022-09-24T19:51:24.191+0000] {processor.py:178} INFO - Processing /home/airflow/.local/lib/python3.7/site-packages/airflow/example_dags/example_short_circuit_operator.py took 0.497 seconds
[2022-09-24T19:51:58.075+0000] {processor.py:156} INFO - Started process (PID=657) to work on /home/airflow/.local/lib/python3.7/site-packages/airflow/example_dags/example_short_circuit_operator.py
[2022-09-24T19:51:58.110+0000] {processor.py:758} INFO - Processing file /home/airflow/.local/lib/python3.7/site-packages/airflow/example_dags/example_short_circuit_operator.py for tasks to queue
[2022-09-24T19:51:58.162+0000] {logging_mixin.py:117} INFO - [2022-09-24T19:51:58.142+0000] {dagbag.py:525} INFO - Filling up the DagBag from /home/airflow/.local/lib/python3.7/site-packages/airflow/example_dags/example_short_circuit_operator.py
[2022-09-24T19:51:58.666+0000] {processor.py:768} INFO - DAG(s) dict_keys(['example_short_circuit_operator']) retrieved from /home/airflow/.local/lib/python3.7/site-packages/airflow/example_dags/example_short_circuit_operator.py
[2022-09-24T19:51:59.033+0000] {logging_mixin.py:117} INFO - [2022-09-24T19:51:59.032+0000] {dag.py:2573} INFO - Sync 1 DAGs
[2022-09-24T19:51:59.573+0000] {logging_mixin.py:117} INFO - [2022-09-24T19:51:59.572+0000] {dag.py:3328} INFO - Setting next_dagrun for example_short_circuit_operator to 2022-09-23T19:51:59.572234+00:00, run_after=2022-09-24T19:51:59.572234+00:00
[2022-09-24T19:51:59.652+0000] {processor.py:178} INFO - Processing /home/airflow/.local/lib/python3.7/site-packages/airflow/example_dags/example_short_circuit_operator.py took 1.591 seconds
[2022-09-24T19:52:30.463+0000] {processor.py:156} INFO - Started process (PID=857) to work on /home/airflow/.local/lib/python3.7/site-packages/airflow/example_dags/example_short_circuit_operator.py
[2022-09-24T19:52:30.470+0000] {processor.py:758} INFO - Processing file /home/airflow/.local/lib/python3.7/site-packages/airflow/example_dags/example_short_circuit_operator.py for tasks to queue
[2022-09-24T19:52:30.477+0000] {logging_mixin.py:117} INFO - [2022-09-24T19:52:30.476+0000] {dagbag.py:525} INFO - Filling up the DagBag from /home/airflow/.local/lib/python3.7/site-packages/airflow/example_dags/example_short_circuit_operator.py
[2022-09-24T19:52:30.585+0000] {processor.py:768} INFO - DAG(s) dict_keys(['example_short_circuit_operator']) retrieved from /home/airflow/.local/lib/python3.7/site-packages/airflow/example_dags/example_short_circuit_operator.py
[2022-09-24T19:52:30.782+0000] {logging_mixin.py:117} INFO - [2022-09-24T19:52:30.782+0000] {dag.py:2573} INFO - Sync 1 DAGs
[2022-09-24T19:52:31.106+0000] {logging_mixin.py:117} INFO - [2022-09-24T19:52:31.106+0000] {dag.py:3328} INFO - Setting next_dagrun for example_short_circuit_operator to 2022-09-23T19:52:31.106099+00:00, run_after=2022-09-24T19:52:31.106099+00:00
[2022-09-24T19:52:31.152+0000] {processor.py:178} INFO - Processing /home/airflow/.local/lib/python3.7/site-packages/airflow/example_dags/example_short_circuit_operator.py took 0.710 seconds
[2022-09-24T19:53:01.950+0000] {processor.py:156} INFO - Started process (PID=1055) to work on /home/airflow/.local/lib/python3.7/site-packages/airflow/example_dags/example_short_circuit_operator.py
[2022-09-24T19:53:01.953+0000] {processor.py:758} INFO - Processing file /home/airflow/.local/lib/python3.7/site-packages/airflow/example_dags/example_short_circuit_operator.py for tasks to queue
[2022-09-24T19:53:01.956+0000] {logging_mixin.py:117} INFO - [2022-09-24T19:53:01.956+0000] {dagbag.py:525} INFO - Filling up the DagBag from /home/airflow/.local/lib/python3.7/site-packages/airflow/example_dags/example_short_circuit_operator.py
[2022-09-24T19:53:02.006+0000] {processor.py:768} INFO - DAG(s) dict_keys(['example_short_circuit_operator']) retrieved from /home/airflow/.local/lib/python3.7/site-packages/airflow/example_dags/example_short_circuit_operator.py
[2022-09-24T19:53:02.354+0000] {logging_mixin.py:117} INFO - [2022-09-24T19:53:02.353+0000] {dag.py:2573} INFO - Sync 1 DAGs
[2022-09-24T19:53:02.421+0000] {logging_mixin.py:117} INFO - [2022-09-24T19:53:02.420+0000] {dag.py:3328} INFO - Setting next_dagrun for example_short_circuit_operator to 2022-09-23T19:53:02.420212+00:00, run_after=2022-09-24T19:53:02.420212+00:00
[2022-09-24T19:53:02.499+0000] {processor.py:178} INFO - Processing /home/airflow/.local/lib/python3.7/site-packages/airflow/example_dags/example_short_circuit_operator.py took 0.563 seconds
[2022-09-24T19:53:34.821+0000] {processor.py:156} INFO - Started process (PID=1250) to work on /home/airflow/.local/lib/python3.7/site-packages/airflow/example_dags/example_short_circuit_operator.py
[2022-09-24T19:53:34.824+0000] {processor.py:758} INFO - Processing file /home/airflow/.local/lib/python3.7/site-packages/airflow/example_dags/example_short_circuit_operator.py for tasks to queue
[2022-09-24T19:53:34.827+0000] {logging_mixin.py:117} INFO - [2022-09-24T19:53:34.826+0000] {dagbag.py:525} INFO - Filling up the DagBag from /home/airflow/.local/lib/python3.7/site-packages/airflow/example_dags/example_short_circuit_operator.py
[2022-09-24T19:53:34.947+0000] {processor.py:768} INFO - DAG(s) dict_keys(['example_short_circuit_operator']) retrieved from /home/airflow/.local/lib/python3.7/site-packages/airflow/example_dags/example_short_circuit_operator.py
[2022-09-24T19:53:35.686+0000] {logging_mixin.py:117} INFO - [2022-09-24T19:53:35.686+0000] {dag.py:2573} INFO - Sync 1 DAGs
[2022-09-24T19:53:36.129+0000] {logging_mixin.py:117} INFO - [2022-09-24T19:53:36.129+0000] {dag.py:3328} INFO - Setting next_dagrun for example_short_circuit_operator to 2022-09-23T19:53:36.128842+00:00, run_after=2022-09-24T19:53:36.128842+00:00
[2022-09-24T19:53:36.284+0000] {processor.py:178} INFO - Processing /home/airflow/.local/lib/python3.7/site-packages/airflow/example_dags/example_short_circuit_operator.py took 1.483 seconds
[2022-09-24T19:54:06.605+0000] {processor.py:156} INFO - Started process (PID=1448) to work on /home/airflow/.local/lib/python3.7/site-packages/airflow/example_dags/example_short_circuit_operator.py
[2022-09-24T19:54:06.613+0000] {processor.py:758} INFO - Processing file /home/airflow/.local/lib/python3.7/site-packages/airflow/example_dags/example_short_circuit_operator.py for tasks to queue
[2022-09-24T19:54:06.617+0000] {logging_mixin.py:117} INFO - [2022-09-24T19:54:06.617+0000] {dagbag.py:525} INFO - Filling up the DagBag from /home/airflow/.local/lib/python3.7/site-packages/airflow/example_dags/example_short_circuit_operator.py
[2022-09-24T19:54:07.273+0000] {processor.py:768} INFO - DAG(s) dict_keys(['example_short_circuit_operator']) retrieved from /home/airflow/.local/lib/python3.7/site-packages/airflow/example_dags/example_short_circuit_operator.py
[2022-09-24T19:54:07.345+0000] {logging_mixin.py:117} INFO - [2022-09-24T19:54:07.345+0000] {dag.py:2573} INFO - Sync 1 DAGs
[2022-09-24T19:54:07.458+0000] {logging_mixin.py:117} INFO - [2022-09-24T19:54:07.458+0000] {dag.py:3328} INFO - Setting next_dagrun for example_short_circuit_operator to 2022-09-23T19:54:07.455222+00:00, run_after=2022-09-24T19:54:07.455222+00:00
[2022-09-24T19:54:07.677+0000] {processor.py:178} INFO - Processing /home/airflow/.local/lib/python3.7/site-packages/airflow/example_dags/example_short_circuit_operator.py took 1.097 seconds
[2022-09-24T19:54:38.035+0000] {processor.py:156} INFO - Started process (PID=1655) to work on /home/airflow/.local/lib/python3.7/site-packages/airflow/example_dags/example_short_circuit_operator.py
[2022-09-24T19:54:38.041+0000] {processor.py:758} INFO - Processing file /home/airflow/.local/lib/python3.7/site-packages/airflow/example_dags/example_short_circuit_operator.py for tasks to queue
[2022-09-24T19:54:38.068+0000] {logging_mixin.py:117} INFO - [2022-09-24T19:54:38.066+0000] {dagbag.py:525} INFO - Filling up the DagBag from /home/airflow/.local/lib/python3.7/site-packages/airflow/example_dags/example_short_circuit_operator.py
[2022-09-24T19:54:38.446+0000] {processor.py:768} INFO - DAG(s) dict_keys(['example_short_circuit_operator']) retrieved from /home/airflow/.local/lib/python3.7/site-packages/airflow/example_dags/example_short_circuit_operator.py
[2022-09-24T19:54:38.618+0000] {logging_mixin.py:117} INFO - [2022-09-24T19:54:38.618+0000] {dag.py:2573} INFO - Sync 1 DAGs
[2022-09-24T19:54:38.742+0000] {logging_mixin.py:117} INFO - [2022-09-24T19:54:38.742+0000] {dag.py:3328} INFO - Setting next_dagrun for example_short_circuit_operator to 2022-09-23T19:54:38.742119+00:00, run_after=2022-09-24T19:54:38.742119+00:00
[2022-09-24T19:54:38.844+0000] {processor.py:178} INFO - Processing /home/airflow/.local/lib/python3.7/site-packages/airflow/example_dags/example_short_circuit_operator.py took 0.823 seconds
[2022-09-24T19:55:10.366+0000] {processor.py:156} INFO - Started process (PID=1857) to work on /home/airflow/.local/lib/python3.7/site-packages/airflow/example_dags/example_short_circuit_operator.py
[2022-09-24T19:55:10.370+0000] {processor.py:758} INFO - Processing file /home/airflow/.local/lib/python3.7/site-packages/airflow/example_dags/example_short_circuit_operator.py for tasks to queue
[2022-09-24T19:55:10.374+0000] {logging_mixin.py:117} INFO - [2022-09-24T19:55:10.373+0000] {dagbag.py:525} INFO - Filling up the DagBag from /home/airflow/.local/lib/python3.7/site-packages/airflow/example_dags/example_short_circuit_operator.py
[2022-09-24T19:55:10.486+0000] {processor.py:768} INFO - DAG(s) dict_keys(['example_short_circuit_operator']) retrieved from /home/airflow/.local/lib/python3.7/site-packages/airflow/example_dags/example_short_circuit_operator.py
[2022-09-24T19:55:10.663+0000] {logging_mixin.py:117} INFO - [2022-09-24T19:55:10.662+0000] {dag.py:2573} INFO - Sync 1 DAGs
[2022-09-24T19:55:10.734+0000] {logging_mixin.py:117} INFO - [2022-09-24T19:55:10.734+0000] {dag.py:3328} INFO - Setting next_dagrun for example_short_circuit_operator to 2022-09-23T19:55:10.733820+00:00, run_after=2022-09-24T19:55:10.733820+00:00
[2022-09-24T19:55:10.808+0000] {processor.py:178} INFO - Processing /home/airflow/.local/lib/python3.7/site-packages/airflow/example_dags/example_short_circuit_operator.py took 0.466 seconds
[2022-09-24T19:55:41.192+0000] {processor.py:156} INFO - Started process (PID=2050) to work on /home/airflow/.local/lib/python3.7/site-packages/airflow/example_dags/example_short_circuit_operator.py
[2022-09-24T19:55:41.209+0000] {processor.py:758} INFO - Processing file /home/airflow/.local/lib/python3.7/site-packages/airflow/example_dags/example_short_circuit_operator.py for tasks to queue
[2022-09-24T19:55:41.218+0000] {logging_mixin.py:117} INFO - [2022-09-24T19:55:41.216+0000] {dagbag.py:525} INFO - Filling up the DagBag from /home/airflow/.local/lib/python3.7/site-packages/airflow/example_dags/example_short_circuit_operator.py
[2022-09-24T19:55:41.314+0000] {processor.py:768} INFO - DAG(s) dict_keys(['example_short_circuit_operator']) retrieved from /home/airflow/.local/lib/python3.7/site-packages/airflow/example_dags/example_short_circuit_operator.py
[2022-09-24T19:55:41.518+0000] {logging_mixin.py:117} INFO - [2022-09-24T19:55:41.514+0000] {dag.py:2573} INFO - Sync 1 DAGs
[2022-09-24T19:55:41.704+0000] {logging_mixin.py:117} INFO - [2022-09-24T19:55:41.704+0000] {dag.py:3328} INFO - Setting next_dagrun for example_short_circuit_operator to 2022-09-23T19:55:41.704169+00:00, run_after=2022-09-24T19:55:41.704169+00:00
[2022-09-24T19:55:41.855+0000] {processor.py:178} INFO - Processing /home/airflow/.local/lib/python3.7/site-packages/airflow/example_dags/example_short_circuit_operator.py took 0.670 seconds
[2022-09-24T19:56:12.226+0000] {processor.py:156} INFO - Started process (PID=2248) to work on /home/airflow/.local/lib/python3.7/site-packages/airflow/example_dags/example_short_circuit_operator.py
[2022-09-24T19:56:12.231+0000] {processor.py:758} INFO - Processing file /home/airflow/.local/lib/python3.7/site-packages/airflow/example_dags/example_short_circuit_operator.py for tasks to queue
[2022-09-24T19:56:12.236+0000] {logging_mixin.py:117} INFO - [2022-09-24T19:56:12.236+0000] {dagbag.py:525} INFO - Filling up the DagBag from /home/airflow/.local/lib/python3.7/site-packages/airflow/example_dags/example_short_circuit_operator.py
[2022-09-24T19:56:12.291+0000] {processor.py:768} INFO - DAG(s) dict_keys(['example_short_circuit_operator']) retrieved from /home/airflow/.local/lib/python3.7/site-packages/airflow/example_dags/example_short_circuit_operator.py
[2022-09-24T19:56:12.453+0000] {logging_mixin.py:117} INFO - [2022-09-24T19:56:12.453+0000] {dag.py:2573} INFO - Sync 1 DAGs
[2022-09-24T19:56:12.541+0000] {logging_mixin.py:117} INFO - [2022-09-24T19:56:12.540+0000] {dag.py:3328} INFO - Setting next_dagrun for example_short_circuit_operator to 2022-09-23T19:56:12.540366+00:00, run_after=2022-09-24T19:56:12.540366+00:00
[2022-09-24T19:56:12.597+0000] {processor.py:178} INFO - Processing /home/airflow/.local/lib/python3.7/site-packages/airflow/example_dags/example_short_circuit_operator.py took 0.386 seconds
[2022-09-24T19:56:42.958+0000] {processor.py:156} INFO - Started process (PID=2445) to work on /home/airflow/.local/lib/python3.7/site-packages/airflow/example_dags/example_short_circuit_operator.py
[2022-09-24T19:56:42.971+0000] {processor.py:758} INFO - Processing file /home/airflow/.local/lib/python3.7/site-packages/airflow/example_dags/example_short_circuit_operator.py for tasks to queue
[2022-09-24T19:56:42.974+0000] {logging_mixin.py:117} INFO - [2022-09-24T19:56:42.973+0000] {dagbag.py:525} INFO - Filling up the DagBag from /home/airflow/.local/lib/python3.7/site-packages/airflow/example_dags/example_short_circuit_operator.py
[2022-09-24T19:56:43.073+0000] {processor.py:768} INFO - DAG(s) dict_keys(['example_short_circuit_operator']) retrieved from /home/airflow/.local/lib/python3.7/site-packages/airflow/example_dags/example_short_circuit_operator.py
[2022-09-24T19:56:43.315+0000] {logging_mixin.py:117} INFO - [2022-09-24T19:56:43.314+0000] {dag.py:2573} INFO - Sync 1 DAGs
[2022-09-24T19:56:43.473+0000] {logging_mixin.py:117} INFO - [2022-09-24T19:56:43.472+0000] {dag.py:3328} INFO - Setting next_dagrun for example_short_circuit_operator to 2022-09-23T19:56:43.472592+00:00, run_after=2022-09-24T19:56:43.472592+00:00
[2022-09-24T19:56:43.584+0000] {processor.py:178} INFO - Processing /home/airflow/.local/lib/python3.7/site-packages/airflow/example_dags/example_short_circuit_operator.py took 0.640 seconds
[2022-09-24T19:57:13.730+0000] {processor.py:156} INFO - Started process (PID=2642) to work on /home/airflow/.local/lib/python3.7/site-packages/airflow/example_dags/example_short_circuit_operator.py
[2022-09-24T19:57:13.734+0000] {processor.py:758} INFO - Processing file /home/airflow/.local/lib/python3.7/site-packages/airflow/example_dags/example_short_circuit_operator.py for tasks to queue
[2022-09-24T19:57:13.739+0000] {logging_mixin.py:117} INFO - [2022-09-24T19:57:13.739+0000] {dagbag.py:525} INFO - Filling up the DagBag from /home/airflow/.local/lib/python3.7/site-packages/airflow/example_dags/example_short_circuit_operator.py
[2022-09-24T19:57:13.776+0000] {processor.py:768} INFO - DAG(s) dict_keys(['example_short_circuit_operator']) retrieved from /home/airflow/.local/lib/python3.7/site-packages/airflow/example_dags/example_short_circuit_operator.py
[2022-09-24T19:57:13.861+0000] {logging_mixin.py:117} INFO - [2022-09-24T19:57:13.861+0000] {dag.py:2573} INFO - Sync 1 DAGs
[2022-09-24T19:57:13.914+0000] {logging_mixin.py:117} INFO - [2022-09-24T19:57:13.913+0000] {dag.py:3328} INFO - Setting next_dagrun for example_short_circuit_operator to 2022-09-23T19:57:13.913340+00:00, run_after=2022-09-24T19:57:13.913340+00:00
[2022-09-24T19:57:13.974+0000] {processor.py:178} INFO - Processing /home/airflow/.local/lib/python3.7/site-packages/airflow/example_dags/example_short_circuit_operator.py took 0.263 seconds
[2022-09-24T19:57:44.289+0000] {processor.py:156} INFO - Started process (PID=2840) to work on /home/airflow/.local/lib/python3.7/site-packages/airflow/example_dags/example_short_circuit_operator.py
[2022-09-24T19:57:44.293+0000] {processor.py:758} INFO - Processing file /home/airflow/.local/lib/python3.7/site-packages/airflow/example_dags/example_short_circuit_operator.py for tasks to queue
[2022-09-24T19:57:44.295+0000] {logging_mixin.py:117} INFO - [2022-09-24T19:57:44.295+0000] {dagbag.py:525} INFO - Filling up the DagBag from /home/airflow/.local/lib/python3.7/site-packages/airflow/example_dags/example_short_circuit_operator.py
[2022-09-24T19:57:44.329+0000] {processor.py:768} INFO - DAG(s) dict_keys(['example_short_circuit_operator']) retrieved from /home/airflow/.local/lib/python3.7/site-packages/airflow/example_dags/example_short_circuit_operator.py
[2022-09-24T19:57:44.409+0000] {logging_mixin.py:117} INFO - [2022-09-24T19:57:44.408+0000] {dag.py:2573} INFO - Sync 1 DAGs
[2022-09-24T19:57:44.456+0000] {logging_mixin.py:117} INFO - [2022-09-24T19:57:44.456+0000] {dag.py:3328} INFO - Setting next_dagrun for example_short_circuit_operator to 2022-09-23T19:57:44.455929+00:00, run_after=2022-09-24T19:57:44.455929+00:00
[2022-09-24T19:57:44.500+0000] {processor.py:178} INFO - Processing /home/airflow/.local/lib/python3.7/site-packages/airflow/example_dags/example_short_circuit_operator.py took 0.217 seconds
[2022-09-24T19:58:14.875+0000] {processor.py:156} INFO - Started process (PID=3039) to work on /home/airflow/.local/lib/python3.7/site-packages/airflow/example_dags/example_short_circuit_operator.py
[2022-09-24T19:58:14.879+0000] {processor.py:758} INFO - Processing file /home/airflow/.local/lib/python3.7/site-packages/airflow/example_dags/example_short_circuit_operator.py for tasks to queue
[2022-09-24T19:58:14.884+0000] {logging_mixin.py:117} INFO - [2022-09-24T19:58:14.883+0000] {dagbag.py:525} INFO - Filling up the DagBag from /home/airflow/.local/lib/python3.7/site-packages/airflow/example_dags/example_short_circuit_operator.py
[2022-09-24T19:58:14.920+0000] {processor.py:768} INFO - DAG(s) dict_keys(['example_short_circuit_operator']) retrieved from /home/airflow/.local/lib/python3.7/site-packages/airflow/example_dags/example_short_circuit_operator.py
[2022-09-24T19:58:15.005+0000] {logging_mixin.py:117} INFO - [2022-09-24T19:58:15.005+0000] {dag.py:2573} INFO - Sync 1 DAGs
[2022-09-24T19:58:15.054+0000] {logging_mixin.py:117} INFO - [2022-09-24T19:58:15.054+0000] {dag.py:3328} INFO - Setting next_dagrun for example_short_circuit_operator to 2022-09-23T19:58:15.053900+00:00, run_after=2022-09-24T19:58:15.053900+00:00
[2022-09-24T19:58:15.117+0000] {processor.py:178} INFO - Processing /home/airflow/.local/lib/python3.7/site-packages/airflow/example_dags/example_short_circuit_operator.py took 0.252 seconds
[2022-09-24T19:58:45.203+0000] {processor.py:156} INFO - Started process (PID=3237) to work on /home/airflow/.local/lib/python3.7/site-packages/airflow/example_dags/example_short_circuit_operator.py
[2022-09-24T19:58:45.207+0000] {processor.py:758} INFO - Processing file /home/airflow/.local/lib/python3.7/site-packages/airflow/example_dags/example_short_circuit_operator.py for tasks to queue
[2022-09-24T19:58:45.209+0000] {logging_mixin.py:117} INFO - [2022-09-24T19:58:45.209+0000] {dagbag.py:525} INFO - Filling up the DagBag from /home/airflow/.local/lib/python3.7/site-packages/airflow/example_dags/example_short_circuit_operator.py
[2022-09-24T19:58:45.245+0000] {processor.py:768} INFO - DAG(s) dict_keys(['example_short_circuit_operator']) retrieved from /home/airflow/.local/lib/python3.7/site-packages/airflow/example_dags/example_short_circuit_operator.py
[2022-09-24T19:58:45.328+0000] {logging_mixin.py:117} INFO - [2022-09-24T19:58:45.328+0000] {dag.py:2573} INFO - Sync 1 DAGs
[2022-09-24T19:58:45.372+0000] {logging_mixin.py:117} INFO - [2022-09-24T19:58:45.372+0000] {dag.py:3328} INFO - Setting next_dagrun for example_short_circuit_operator to 2022-09-23T19:58:45.371959+00:00, run_after=2022-09-24T19:58:45.371959+00:00
[2022-09-24T19:58:45.414+0000] {processor.py:178} INFO - Processing /home/airflow/.local/lib/python3.7/site-packages/airflow/example_dags/example_short_circuit_operator.py took 0.220 seconds
[2022-09-24T19:59:16.854+0000] {processor.py:156} INFO - Started process (PID=3435) to work on /home/airflow/.local/lib/python3.7/site-packages/airflow/example_dags/example_short_circuit_operator.py
[2022-09-24T19:59:16.858+0000] {processor.py:758} INFO - Processing file /home/airflow/.local/lib/python3.7/site-packages/airflow/example_dags/example_short_circuit_operator.py for tasks to queue
[2022-09-24T19:59:16.862+0000] {logging_mixin.py:117} INFO - [2022-09-24T19:59:16.862+0000] {dagbag.py:525} INFO - Filling up the DagBag from /home/airflow/.local/lib/python3.7/site-packages/airflow/example_dags/example_short_circuit_operator.py
[2022-09-24T19:59:16.899+0000] {processor.py:768} INFO - DAG(s) dict_keys(['example_short_circuit_operator']) retrieved from /home/airflow/.local/lib/python3.7/site-packages/airflow/example_dags/example_short_circuit_operator.py
[2022-09-24T19:59:16.989+0000] {logging_mixin.py:117} INFO - [2022-09-24T19:59:16.989+0000] {dag.py:2573} INFO - Sync 1 DAGs
[2022-09-24T19:59:17.058+0000] {logging_mixin.py:117} INFO - [2022-09-24T19:59:17.058+0000] {dag.py:3328} INFO - Setting next_dagrun for example_short_circuit_operator to 2022-09-23T19:59:17.058143+00:00, run_after=2022-09-24T19:59:17.058143+00:00
[2022-09-24T19:59:17.133+0000] {processor.py:178} INFO - Processing /home/airflow/.local/lib/python3.7/site-packages/airflow/example_dags/example_short_circuit_operator.py took 0.288 seconds
[2022-09-24T19:59:48.477+0000] {processor.py:156} INFO - Started process (PID=3632) to work on /home/airflow/.local/lib/python3.7/site-packages/airflow/example_dags/example_short_circuit_operator.py
[2022-09-24T19:59:48.483+0000] {processor.py:758} INFO - Processing file /home/airflow/.local/lib/python3.7/site-packages/airflow/example_dags/example_short_circuit_operator.py for tasks to queue
[2022-09-24T19:59:48.487+0000] {logging_mixin.py:117} INFO - [2022-09-24T19:59:48.487+0000] {dagbag.py:525} INFO - Filling up the DagBag from /home/airflow/.local/lib/python3.7/site-packages/airflow/example_dags/example_short_circuit_operator.py
[2022-09-24T19:59:48.569+0000] {processor.py:768} INFO - DAG(s) dict_keys(['example_short_circuit_operator']) retrieved from /home/airflow/.local/lib/python3.7/site-packages/airflow/example_dags/example_short_circuit_operator.py
[2022-09-24T19:59:48.758+0000] {logging_mixin.py:117} INFO - [2022-09-24T19:59:48.758+0000] {dag.py:2573} INFO - Sync 1 DAGs
[2022-09-24T19:59:49.119+0000] {logging_mixin.py:117} INFO - [2022-09-24T19:59:49.119+0000] {dag.py:3328} INFO - Setting next_dagrun for example_short_circuit_operator to 2022-09-23T19:59:49.119035+00:00, run_after=2022-09-24T19:59:49.119035+00:00
[2022-09-24T19:59:49.304+0000] {processor.py:178} INFO - Processing /home/airflow/.local/lib/python3.7/site-packages/airflow/example_dags/example_short_circuit_operator.py took 0.842 seconds
[2022-09-24T20:00:19.770+0000] {processor.py:156} INFO - Started process (PID=3827) to work on /home/airflow/.local/lib/python3.7/site-packages/airflow/example_dags/example_short_circuit_operator.py
[2022-09-24T20:00:19.774+0000] {processor.py:758} INFO - Processing file /home/airflow/.local/lib/python3.7/site-packages/airflow/example_dags/example_short_circuit_operator.py for tasks to queue
[2022-09-24T20:00:19.777+0000] {logging_mixin.py:117} INFO - [2022-09-24T20:00:19.776+0000] {dagbag.py:525} INFO - Filling up the DagBag from /home/airflow/.local/lib/python3.7/site-packages/airflow/example_dags/example_short_circuit_operator.py
[2022-09-24T20:00:19.817+0000] {processor.py:768} INFO - DAG(s) dict_keys(['example_short_circuit_operator']) retrieved from /home/airflow/.local/lib/python3.7/site-packages/airflow/example_dags/example_short_circuit_operator.py
[2022-09-24T20:00:19.938+0000] {logging_mixin.py:117} INFO - [2022-09-24T20:00:19.938+0000] {dag.py:2573} INFO - Sync 1 DAGs
[2022-09-24T20:00:20.016+0000] {logging_mixin.py:117} INFO - [2022-09-24T20:00:20.015+0000] {dag.py:3328} INFO - Setting next_dagrun for example_short_circuit_operator to 2022-09-23T20:00:20.013346+00:00, run_after=2022-09-24T20:00:20.013346+00:00
[2022-09-24T20:00:20.075+0000] {processor.py:178} INFO - Processing /home/airflow/.local/lib/python3.7/site-packages/airflow/example_dags/example_short_circuit_operator.py took 0.311 seconds
[2022-09-24T20:00:52.257+0000] {processor.py:156} INFO - Started process (PID=4032) to work on /home/airflow/.local/lib/python3.7/site-packages/airflow/example_dags/example_short_circuit_operator.py
[2022-09-24T20:00:52.270+0000] {processor.py:758} INFO - Processing file /home/airflow/.local/lib/python3.7/site-packages/airflow/example_dags/example_short_circuit_operator.py for tasks to queue
[2022-09-24T20:00:52.277+0000] {logging_mixin.py:117} INFO - [2022-09-24T20:00:52.276+0000] {dagbag.py:525} INFO - Filling up the DagBag from /home/airflow/.local/lib/python3.7/site-packages/airflow/example_dags/example_short_circuit_operator.py
[2022-09-24T20:00:52.349+0000] {processor.py:768} INFO - DAG(s) dict_keys(['example_short_circuit_operator']) retrieved from /home/airflow/.local/lib/python3.7/site-packages/airflow/example_dags/example_short_circuit_operator.py
[2022-09-24T20:00:52.457+0000] {logging_mixin.py:117} INFO - [2022-09-24T20:00:52.457+0000] {dag.py:2573} INFO - Sync 1 DAGs
[2022-09-24T20:00:52.536+0000] {logging_mixin.py:117} INFO - [2022-09-24T20:00:52.535+0000] {dag.py:3328} INFO - Setting next_dagrun for example_short_circuit_operator to 2022-09-23T20:00:52.535433+00:00, run_after=2022-09-24T20:00:52.535433+00:00
[2022-09-24T20:00:52.592+0000] {processor.py:178} INFO - Processing /home/airflow/.local/lib/python3.7/site-packages/airflow/example_dags/example_short_circuit_operator.py took 0.349 seconds
[2022-09-24T20:01:23.607+0000] {processor.py:156} INFO - Started process (PID=4230) to work on /home/airflow/.local/lib/python3.7/site-packages/airflow/example_dags/example_short_circuit_operator.py
[2022-09-24T20:01:23.614+0000] {processor.py:758} INFO - Processing file /home/airflow/.local/lib/python3.7/site-packages/airflow/example_dags/example_short_circuit_operator.py for tasks to queue
[2022-09-24T20:01:23.619+0000] {logging_mixin.py:117} INFO - [2022-09-24T20:01:23.618+0000] {dagbag.py:525} INFO - Filling up the DagBag from /home/airflow/.local/lib/python3.7/site-packages/airflow/example_dags/example_short_circuit_operator.py
[2022-09-24T20:01:23.702+0000] {processor.py:768} INFO - DAG(s) dict_keys(['example_short_circuit_operator']) retrieved from /home/airflow/.local/lib/python3.7/site-packages/airflow/example_dags/example_short_circuit_operator.py
[2022-09-24T20:01:23.820+0000] {logging_mixin.py:117} INFO - [2022-09-24T20:01:23.820+0000] {dag.py:2573} INFO - Sync 1 DAGs
[2022-09-24T20:01:23.875+0000] {logging_mixin.py:117} INFO - [2022-09-24T20:01:23.875+0000] {dag.py:3328} INFO - Setting next_dagrun for example_short_circuit_operator to 2022-09-23T20:01:23.874880+00:00, run_after=2022-09-24T20:01:23.874880+00:00
[2022-09-24T20:01:23.924+0000] {processor.py:178} INFO - Processing /home/airflow/.local/lib/python3.7/site-packages/airflow/example_dags/example_short_circuit_operator.py took 0.336 seconds
[2022-09-24T20:01:54.437+0000] {processor.py:156} INFO - Started process (PID=4428) to work on /home/airflow/.local/lib/python3.7/site-packages/airflow/example_dags/example_short_circuit_operator.py
[2022-09-24T20:01:54.441+0000] {processor.py:758} INFO - Processing file /home/airflow/.local/lib/python3.7/site-packages/airflow/example_dags/example_short_circuit_operator.py for tasks to queue
[2022-09-24T20:01:54.445+0000] {logging_mixin.py:117} INFO - [2022-09-24T20:01:54.445+0000] {dagbag.py:525} INFO - Filling up the DagBag from /home/airflow/.local/lib/python3.7/site-packages/airflow/example_dags/example_short_circuit_operator.py
[2022-09-24T20:01:54.494+0000] {processor.py:768} INFO - DAG(s) dict_keys(['example_short_circuit_operator']) retrieved from /home/airflow/.local/lib/python3.7/site-packages/airflow/example_dags/example_short_circuit_operator.py
[2022-09-24T20:01:54.597+0000] {logging_mixin.py:117} INFO - [2022-09-24T20:01:54.597+0000] {dag.py:2573} INFO - Sync 1 DAGs
[2022-09-24T20:01:54.655+0000] {logging_mixin.py:117} INFO - [2022-09-24T20:01:54.654+0000] {dag.py:3328} INFO - Setting next_dagrun for example_short_circuit_operator to 2022-09-23T20:01:54.654499+00:00, run_after=2022-09-24T20:01:54.654499+00:00
[2022-09-24T20:01:54.706+0000] {processor.py:178} INFO - Processing /home/airflow/.local/lib/python3.7/site-packages/airflow/example_dags/example_short_circuit_operator.py took 0.282 seconds
[2022-09-24T20:02:25.200+0000] {processor.py:156} INFO - Started process (PID=4624) to work on /home/airflow/.local/lib/python3.7/site-packages/airflow/example_dags/example_short_circuit_operator.py
[2022-09-24T20:02:25.204+0000] {processor.py:758} INFO - Processing file /home/airflow/.local/lib/python3.7/site-packages/airflow/example_dags/example_short_circuit_operator.py for tasks to queue
[2022-09-24T20:02:25.206+0000] {logging_mixin.py:117} INFO - [2022-09-24T20:02:25.205+0000] {dagbag.py:525} INFO - Filling up the DagBag from /home/airflow/.local/lib/python3.7/site-packages/airflow/example_dags/example_short_circuit_operator.py
[2022-09-24T20:02:25.250+0000] {processor.py:768} INFO - DAG(s) dict_keys(['example_short_circuit_operator']) retrieved from /home/airflow/.local/lib/python3.7/site-packages/airflow/example_dags/example_short_circuit_operator.py
[2022-09-24T20:02:25.346+0000] {logging_mixin.py:117} INFO - [2022-09-24T20:02:25.345+0000] {dag.py:2573} INFO - Sync 1 DAGs
[2022-09-24T20:02:25.407+0000] {logging_mixin.py:117} INFO - [2022-09-24T20:02:25.406+0000] {dag.py:3328} INFO - Setting next_dagrun for example_short_circuit_operator to 2022-09-23T20:02:25.406424+00:00, run_after=2022-09-24T20:02:25.406424+00:00
[2022-09-24T20:02:25.476+0000] {processor.py:178} INFO - Processing /home/airflow/.local/lib/python3.7/site-packages/airflow/example_dags/example_short_circuit_operator.py took 0.282 seconds
[2022-09-24T20:02:56.237+0000] {processor.py:156} INFO - Started process (PID=4832) to work on /home/airflow/.local/lib/python3.7/site-packages/airflow/example_dags/example_short_circuit_operator.py
[2022-09-24T20:02:56.243+0000] {processor.py:758} INFO - Processing file /home/airflow/.local/lib/python3.7/site-packages/airflow/example_dags/example_short_circuit_operator.py for tasks to queue
[2022-09-24T20:02:56.245+0000] {logging_mixin.py:117} INFO - [2022-09-24T20:02:56.245+0000] {dagbag.py:525} INFO - Filling up the DagBag from /home/airflow/.local/lib/python3.7/site-packages/airflow/example_dags/example_short_circuit_operator.py
[2022-09-24T20:02:56.357+0000] {processor.py:768} INFO - DAG(s) dict_keys(['example_short_circuit_operator']) retrieved from /home/airflow/.local/lib/python3.7/site-packages/airflow/example_dags/example_short_circuit_operator.py
[2022-09-24T20:02:56.624+0000] {logging_mixin.py:117} INFO - [2022-09-24T20:02:56.624+0000] {dag.py:2573} INFO - Sync 1 DAGs
[2022-09-24T20:02:56.680+0000] {logging_mixin.py:117} INFO - [2022-09-24T20:02:56.679+0000] {dag.py:3328} INFO - Setting next_dagrun for example_short_circuit_operator to 2022-09-23T20:02:56.679527+00:00, run_after=2022-09-24T20:02:56.679527+00:00
[2022-09-24T20:02:56.714+0000] {processor.py:178} INFO - Processing /home/airflow/.local/lib/python3.7/site-packages/airflow/example_dags/example_short_circuit_operator.py took 0.515 seconds
[2022-09-24T20:03:31.727+0000] {processor.py:156} INFO - Started process (PID=5026) to work on /home/airflow/.local/lib/python3.7/site-packages/airflow/example_dags/example_short_circuit_operator.py
[2022-09-24T20:03:31.766+0000] {processor.py:758} INFO - Processing file /home/airflow/.local/lib/python3.7/site-packages/airflow/example_dags/example_short_circuit_operator.py for tasks to queue
[2022-09-24T20:03:31.769+0000] {logging_mixin.py:117} INFO - [2022-09-24T20:03:31.769+0000] {dagbag.py:525} INFO - Filling up the DagBag from /home/airflow/.local/lib/python3.7/site-packages/airflow/example_dags/example_short_circuit_operator.py
[2022-09-24T20:03:32.124+0000] {processor.py:768} INFO - DAG(s) dict_keys(['example_short_circuit_operator']) retrieved from /home/airflow/.local/lib/python3.7/site-packages/airflow/example_dags/example_short_circuit_operator.py
[2022-09-24T20:03:32.561+0000] {logging_mixin.py:117} INFO - [2022-09-24T20:03:32.561+0000] {dag.py:2573} INFO - Sync 1 DAGs
[2022-09-24T20:03:33.015+0000] {logging_mixin.py:117} INFO - [2022-09-24T20:03:33.014+0000] {dag.py:3328} INFO - Setting next_dagrun for example_short_circuit_operator to 2022-09-23T20:03:33.014026+00:00, run_after=2022-09-24T20:03:33.014026+00:00
[2022-09-24T20:03:33.338+0000] {processor.py:178} INFO - Processing /home/airflow/.local/lib/python3.7/site-packages/airflow/example_dags/example_short_circuit_operator.py took 1.675 seconds
[2022-09-24T20:04:04.415+0000] {processor.py:156} INFO - Started process (PID=5226) to work on /home/airflow/.local/lib/python3.7/site-packages/airflow/example_dags/example_short_circuit_operator.py
[2022-09-24T20:04:04.419+0000] {processor.py:758} INFO - Processing file /home/airflow/.local/lib/python3.7/site-packages/airflow/example_dags/example_short_circuit_operator.py for tasks to queue
[2022-09-24T20:04:04.423+0000] {logging_mixin.py:117} INFO - [2022-09-24T20:04:04.422+0000] {dagbag.py:525} INFO - Filling up the DagBag from /home/airflow/.local/lib/python3.7/site-packages/airflow/example_dags/example_short_circuit_operator.py
[2022-09-24T20:04:04.456+0000] {processor.py:768} INFO - DAG(s) dict_keys(['example_short_circuit_operator']) retrieved from /home/airflow/.local/lib/python3.7/site-packages/airflow/example_dags/example_short_circuit_operator.py
[2022-09-24T20:04:04.549+0000] {logging_mixin.py:117} INFO - [2022-09-24T20:04:04.549+0000] {dag.py:2573} INFO - Sync 1 DAGs
[2022-09-24T20:04:04.598+0000] {logging_mixin.py:117} INFO - [2022-09-24T20:04:04.598+0000] {dag.py:3328} INFO - Setting next_dagrun for example_short_circuit_operator to 2022-09-23T20:04:04.597864+00:00, run_after=2022-09-24T20:04:04.597864+00:00
[2022-09-24T20:04:04.651+0000] {processor.py:178} INFO - Processing /home/airflow/.local/lib/python3.7/site-packages/airflow/example_dags/example_short_circuit_operator.py took 0.242 seconds
[2022-09-24T20:04:34.958+0000] {processor.py:156} INFO - Started process (PID=5424) to work on /home/airflow/.local/lib/python3.7/site-packages/airflow/example_dags/example_short_circuit_operator.py
[2022-09-24T20:04:34.962+0000] {processor.py:758} INFO - Processing file /home/airflow/.local/lib/python3.7/site-packages/airflow/example_dags/example_short_circuit_operator.py for tasks to queue
[2022-09-24T20:04:34.965+0000] {logging_mixin.py:117} INFO - [2022-09-24T20:04:34.964+0000] {dagbag.py:525} INFO - Filling up the DagBag from /home/airflow/.local/lib/python3.7/site-packages/airflow/example_dags/example_short_circuit_operator.py
[2022-09-24T20:04:35.032+0000] {processor.py:768} INFO - DAG(s) dict_keys(['example_short_circuit_operator']) retrieved from /home/airflow/.local/lib/python3.7/site-packages/airflow/example_dags/example_short_circuit_operator.py
[2022-09-24T20:04:35.125+0000] {logging_mixin.py:117} INFO - [2022-09-24T20:04:35.125+0000] {dag.py:2573} INFO - Sync 1 DAGs
[2022-09-24T20:04:35.178+0000] {logging_mixin.py:117} INFO - [2022-09-24T20:04:35.177+0000] {dag.py:3328} INFO - Setting next_dagrun for example_short_circuit_operator to 2022-09-23T20:04:35.177530+00:00, run_after=2022-09-24T20:04:35.177530+00:00
[2022-09-24T20:04:35.222+0000] {processor.py:178} INFO - Processing /home/airflow/.local/lib/python3.7/site-packages/airflow/example_dags/example_short_circuit_operator.py took 0.272 seconds
[2022-09-24T20:05:05.477+0000] {processor.py:156} INFO - Started process (PID=5631) to work on /home/airflow/.local/lib/python3.7/site-packages/airflow/example_dags/example_short_circuit_operator.py
[2022-09-24T20:05:05.482+0000] {processor.py:758} INFO - Processing file /home/airflow/.local/lib/python3.7/site-packages/airflow/example_dags/example_short_circuit_operator.py for tasks to queue
[2022-09-24T20:05:05.486+0000] {logging_mixin.py:117} INFO - [2022-09-24T20:05:05.485+0000] {dagbag.py:525} INFO - Filling up the DagBag from /home/airflow/.local/lib/python3.7/site-packages/airflow/example_dags/example_short_circuit_operator.py
[2022-09-24T20:05:05.531+0000] {processor.py:768} INFO - DAG(s) dict_keys(['example_short_circuit_operator']) retrieved from /home/airflow/.local/lib/python3.7/site-packages/airflow/example_dags/example_short_circuit_operator.py
[2022-09-24T20:05:05.836+0000] {logging_mixin.py:117} INFO - [2022-09-24T20:05:05.836+0000] {dag.py:2573} INFO - Sync 1 DAGs
[2022-09-24T20:05:05.946+0000] {logging_mixin.py:117} INFO - [2022-09-24T20:05:05.945+0000] {dag.py:3328} INFO - Setting next_dagrun for example_short_circuit_operator to 2022-09-23T20:05:05.944898+00:00, run_after=2022-09-24T20:05:05.944898+00:00
[2022-09-24T20:05:06.024+0000] {processor.py:178} INFO - Processing /home/airflow/.local/lib/python3.7/site-packages/airflow/example_dags/example_short_circuit_operator.py took 0.560 seconds
[2022-09-24T20:05:37.621+0000] {processor.py:156} INFO - Started process (PID=5828) to work on /home/airflow/.local/lib/python3.7/site-packages/airflow/example_dags/example_short_circuit_operator.py
[2022-09-24T20:05:37.639+0000] {processor.py:758} INFO - Processing file /home/airflow/.local/lib/python3.7/site-packages/airflow/example_dags/example_short_circuit_operator.py for tasks to queue
[2022-09-24T20:05:37.665+0000] {logging_mixin.py:117} INFO - [2022-09-24T20:05:37.664+0000] {dagbag.py:525} INFO - Filling up the DagBag from /home/airflow/.local/lib/python3.7/site-packages/airflow/example_dags/example_short_circuit_operator.py
[2022-09-24T20:05:37.838+0000] {processor.py:768} INFO - DAG(s) dict_keys(['example_short_circuit_operator']) retrieved from /home/airflow/.local/lib/python3.7/site-packages/airflow/example_dags/example_short_circuit_operator.py
[2022-09-24T20:05:38.160+0000] {logging_mixin.py:117} INFO - [2022-09-24T20:05:38.159+0000] {dag.py:2573} INFO - Sync 1 DAGs
[2022-09-24T20:05:38.268+0000] {logging_mixin.py:117} INFO - [2022-09-24T20:05:38.268+0000] {dag.py:3328} INFO - Setting next_dagrun for example_short_circuit_operator to 2022-09-23T20:05:38.267148+00:00, run_after=2022-09-24T20:05:38.267148+00:00
[2022-09-24T20:05:38.371+0000] {processor.py:178} INFO - Processing /home/airflow/.local/lib/python3.7/site-packages/airflow/example_dags/example_short_circuit_operator.py took 0.767 seconds
[2022-09-24T20:06:08.637+0000] {processor.py:156} INFO - Started process (PID=6028) to work on /home/airflow/.local/lib/python3.7/site-packages/airflow/example_dags/example_short_circuit_operator.py
[2022-09-24T20:06:08.642+0000] {processor.py:758} INFO - Processing file /home/airflow/.local/lib/python3.7/site-packages/airflow/example_dags/example_short_circuit_operator.py for tasks to queue
[2022-09-24T20:06:08.650+0000] {logging_mixin.py:117} INFO - [2022-09-24T20:06:08.650+0000] {dagbag.py:525} INFO - Filling up the DagBag from /home/airflow/.local/lib/python3.7/site-packages/airflow/example_dags/example_short_circuit_operator.py
[2022-09-24T20:06:08.706+0000] {processor.py:768} INFO - DAG(s) dict_keys(['example_short_circuit_operator']) retrieved from /home/airflow/.local/lib/python3.7/site-packages/airflow/example_dags/example_short_circuit_operator.py
[2022-09-24T20:06:08.823+0000] {logging_mixin.py:117} INFO - [2022-09-24T20:06:08.822+0000] {dag.py:2573} INFO - Sync 1 DAGs
[2022-09-24T20:06:08.892+0000] {logging_mixin.py:117} INFO - [2022-09-24T20:06:08.892+0000] {dag.py:3328} INFO - Setting next_dagrun for example_short_circuit_operator to 2022-09-23T20:06:08.891871+00:00, run_after=2022-09-24T20:06:08.891871+00:00
[2022-09-24T20:06:08.941+0000] {processor.py:178} INFO - Processing /home/airflow/.local/lib/python3.7/site-packages/airflow/example_dags/example_short_circuit_operator.py took 0.318 seconds
[2022-09-24T20:06:39.765+0000] {processor.py:156} INFO - Started process (PID=6225) to work on /home/airflow/.local/lib/python3.7/site-packages/airflow/example_dags/example_short_circuit_operator.py
[2022-09-24T20:06:39.769+0000] {processor.py:758} INFO - Processing file /home/airflow/.local/lib/python3.7/site-packages/airflow/example_dags/example_short_circuit_operator.py for tasks to queue
[2022-09-24T20:06:39.772+0000] {logging_mixin.py:117} INFO - [2022-09-24T20:06:39.771+0000] {dagbag.py:525} INFO - Filling up the DagBag from /home/airflow/.local/lib/python3.7/site-packages/airflow/example_dags/example_short_circuit_operator.py
[2022-09-24T20:06:39.821+0000] {processor.py:768} INFO - DAG(s) dict_keys(['example_short_circuit_operator']) retrieved from /home/airflow/.local/lib/python3.7/site-packages/airflow/example_dags/example_short_circuit_operator.py
[2022-09-24T20:06:39.923+0000] {logging_mixin.py:117} INFO - [2022-09-24T20:06:39.923+0000] {dag.py:2573} INFO - Sync 1 DAGs
[2022-09-24T20:06:39.988+0000] {logging_mixin.py:117} INFO - [2022-09-24T20:06:39.988+0000] {dag.py:3328} INFO - Setting next_dagrun for example_short_circuit_operator to 2022-09-23T20:06:39.987976+00:00, run_after=2022-09-24T20:06:39.987976+00:00
[2022-09-24T20:06:40.046+0000] {processor.py:178} INFO - Processing /home/airflow/.local/lib/python3.7/site-packages/airflow/example_dags/example_short_circuit_operator.py took 0.294 seconds
[2022-09-24T20:07:10.409+0000] {processor.py:156} INFO - Started process (PID=6424) to work on /home/airflow/.local/lib/python3.7/site-packages/airflow/example_dags/example_short_circuit_operator.py
[2022-09-24T20:07:10.413+0000] {processor.py:758} INFO - Processing file /home/airflow/.local/lib/python3.7/site-packages/airflow/example_dags/example_short_circuit_operator.py for tasks to queue
[2022-09-24T20:07:10.415+0000] {logging_mixin.py:117} INFO - [2022-09-24T20:07:10.415+0000] {dagbag.py:525} INFO - Filling up the DagBag from /home/airflow/.local/lib/python3.7/site-packages/airflow/example_dags/example_short_circuit_operator.py
[2022-09-24T20:07:10.450+0000] {processor.py:768} INFO - DAG(s) dict_keys(['example_short_circuit_operator']) retrieved from /home/airflow/.local/lib/python3.7/site-packages/airflow/example_dags/example_short_circuit_operator.py
[2022-09-24T20:07:10.534+0000] {logging_mixin.py:117} INFO - [2022-09-24T20:07:10.534+0000] {dag.py:2573} INFO - Sync 1 DAGs
[2022-09-24T20:07:10.585+0000] {logging_mixin.py:117} INFO - [2022-09-24T20:07:10.585+0000] {dag.py:3328} INFO - Setting next_dagrun for example_short_circuit_operator to 2022-09-23T20:07:10.584998+00:00, run_after=2022-09-24T20:07:10.584998+00:00
[2022-09-24T20:07:10.622+0000] {processor.py:178} INFO - Processing /home/airflow/.local/lib/python3.7/site-packages/airflow/example_dags/example_short_circuit_operator.py took 0.218 seconds
[2022-09-24T20:07:40.959+0000] {processor.py:156} INFO - Started process (PID=6622) to work on /home/airflow/.local/lib/python3.7/site-packages/airflow/example_dags/example_short_circuit_operator.py
[2022-09-24T20:07:40.962+0000] {processor.py:758} INFO - Processing file /home/airflow/.local/lib/python3.7/site-packages/airflow/example_dags/example_short_circuit_operator.py for tasks to queue
[2022-09-24T20:07:40.965+0000] {logging_mixin.py:117} INFO - [2022-09-24T20:07:40.965+0000] {dagbag.py:525} INFO - Filling up the DagBag from /home/airflow/.local/lib/python3.7/site-packages/airflow/example_dags/example_short_circuit_operator.py
[2022-09-24T20:07:41.005+0000] {processor.py:768} INFO - DAG(s) dict_keys(['example_short_circuit_operator']) retrieved from /home/airflow/.local/lib/python3.7/site-packages/airflow/example_dags/example_short_circuit_operator.py
[2022-09-24T20:07:41.090+0000] {logging_mixin.py:117} INFO - [2022-09-24T20:07:41.090+0000] {dag.py:2573} INFO - Sync 1 DAGs
[2022-09-24T20:07:41.138+0000] {logging_mixin.py:117} INFO - [2022-09-24T20:07:41.137+0000] {dag.py:3328} INFO - Setting next_dagrun for example_short_circuit_operator to 2022-09-23T20:07:41.136983+00:00, run_after=2022-09-24T20:07:41.136983+00:00
[2022-09-24T20:07:41.181+0000] {processor.py:178} INFO - Processing /home/airflow/.local/lib/python3.7/site-packages/airflow/example_dags/example_short_circuit_operator.py took 0.232 seconds
[2022-09-24T20:08:11.677+0000] {processor.py:156} INFO - Started process (PID=6829) to work on /home/airflow/.local/lib/python3.7/site-packages/airflow/example_dags/example_short_circuit_operator.py
[2022-09-24T20:08:11.680+0000] {processor.py:758} INFO - Processing file /home/airflow/.local/lib/python3.7/site-packages/airflow/example_dags/example_short_circuit_operator.py for tasks to queue
[2022-09-24T20:08:11.683+0000] {logging_mixin.py:117} INFO - [2022-09-24T20:08:11.682+0000] {dagbag.py:525} INFO - Filling up the DagBag from /home/airflow/.local/lib/python3.7/site-packages/airflow/example_dags/example_short_circuit_operator.py
[2022-09-24T20:08:11.716+0000] {processor.py:768} INFO - DAG(s) dict_keys(['example_short_circuit_operator']) retrieved from /home/airflow/.local/lib/python3.7/site-packages/airflow/example_dags/example_short_circuit_operator.py
[2022-09-24T20:08:11.791+0000] {logging_mixin.py:117} INFO - [2022-09-24T20:08:11.790+0000] {dag.py:2573} INFO - Sync 1 DAGs
[2022-09-24T20:08:11.836+0000] {logging_mixin.py:117} INFO - [2022-09-24T20:08:11.836+0000] {dag.py:3328} INFO - Setting next_dagrun for example_short_circuit_operator to 2022-09-23T20:08:11.836031+00:00, run_after=2022-09-24T20:08:11.836031+00:00
[2022-09-24T20:08:11.885+0000] {processor.py:178} INFO - Processing /home/airflow/.local/lib/python3.7/site-packages/airflow/example_dags/example_short_circuit_operator.py took 0.215 seconds
[2022-09-24T20:08:42.669+0000] {processor.py:156} INFO - Started process (PID=7026) to work on /home/airflow/.local/lib/python3.7/site-packages/airflow/example_dags/example_short_circuit_operator.py
[2022-09-24T20:08:42.674+0000] {processor.py:758} INFO - Processing file /home/airflow/.local/lib/python3.7/site-packages/airflow/example_dags/example_short_circuit_operator.py for tasks to queue
[2022-09-24T20:08:42.677+0000] {logging_mixin.py:117} INFO - [2022-09-24T20:08:42.677+0000] {dagbag.py:525} INFO - Filling up the DagBag from /home/airflow/.local/lib/python3.7/site-packages/airflow/example_dags/example_short_circuit_operator.py
[2022-09-24T20:08:42.736+0000] {processor.py:768} INFO - DAG(s) dict_keys(['example_short_circuit_operator']) retrieved from /home/airflow/.local/lib/python3.7/site-packages/airflow/example_dags/example_short_circuit_operator.py
[2022-09-24T20:08:42.829+0000] {logging_mixin.py:117} INFO - [2022-09-24T20:08:42.829+0000] {dag.py:2573} INFO - Sync 1 DAGs
[2022-09-24T20:08:42.888+0000] {logging_mixin.py:117} INFO - [2022-09-24T20:08:42.888+0000] {dag.py:3328} INFO - Setting next_dagrun for example_short_circuit_operator to 2022-09-23T20:08:42.888001+00:00, run_after=2022-09-24T20:08:42.888001+00:00
[2022-09-24T20:08:42.933+0000] {processor.py:178} INFO - Processing /home/airflow/.local/lib/python3.7/site-packages/airflow/example_dags/example_short_circuit_operator.py took 0.275 seconds
[2022-09-24T20:09:13.146+0000] {processor.py:156} INFO - Started process (PID=7225) to work on /home/airflow/.local/lib/python3.7/site-packages/airflow/example_dags/example_short_circuit_operator.py
[2022-09-24T20:09:13.159+0000] {processor.py:758} INFO - Processing file /home/airflow/.local/lib/python3.7/site-packages/airflow/example_dags/example_short_circuit_operator.py for tasks to queue
[2022-09-24T20:09:13.164+0000] {logging_mixin.py:117} INFO - [2022-09-24T20:09:13.163+0000] {dagbag.py:525} INFO - Filling up the DagBag from /home/airflow/.local/lib/python3.7/site-packages/airflow/example_dags/example_short_circuit_operator.py
[2022-09-24T20:09:13.239+0000] {processor.py:768} INFO - DAG(s) dict_keys(['example_short_circuit_operator']) retrieved from /home/airflow/.local/lib/python3.7/site-packages/airflow/example_dags/example_short_circuit_operator.py
[2022-09-24T20:09:13.352+0000] {logging_mixin.py:117} INFO - [2022-09-24T20:09:13.351+0000] {dag.py:2573} INFO - Sync 1 DAGs
[2022-09-24T20:09:13.403+0000] {logging_mixin.py:117} INFO - [2022-09-24T20:09:13.402+0000] {dag.py:3328} INFO - Setting next_dagrun for example_short_circuit_operator to 2022-09-23T20:09:13.402494+00:00, run_after=2022-09-24T20:09:13.402494+00:00
[2022-09-24T20:09:13.445+0000] {processor.py:178} INFO - Processing /home/airflow/.local/lib/python3.7/site-packages/airflow/example_dags/example_short_circuit_operator.py took 0.305 seconds
[2022-09-24T20:09:43.809+0000] {processor.py:156} INFO - Started process (PID=7433) to work on /home/airflow/.local/lib/python3.7/site-packages/airflow/example_dags/example_short_circuit_operator.py
[2022-09-24T20:09:43.812+0000] {processor.py:758} INFO - Processing file /home/airflow/.local/lib/python3.7/site-packages/airflow/example_dags/example_short_circuit_operator.py for tasks to queue
[2022-09-24T20:09:43.814+0000] {logging_mixin.py:117} INFO - [2022-09-24T20:09:43.814+0000] {dagbag.py:525} INFO - Filling up the DagBag from /home/airflow/.local/lib/python3.7/site-packages/airflow/example_dags/example_short_circuit_operator.py
[2022-09-24T20:09:43.850+0000] {processor.py:768} INFO - DAG(s) dict_keys(['example_short_circuit_operator']) retrieved from /home/airflow/.local/lib/python3.7/site-packages/airflow/example_dags/example_short_circuit_operator.py
[2022-09-24T20:09:43.937+0000] {logging_mixin.py:117} INFO - [2022-09-24T20:09:43.936+0000] {dag.py:2573} INFO - Sync 1 DAGs
[2022-09-24T20:09:43.982+0000] {logging_mixin.py:117} INFO - [2022-09-24T20:09:43.982+0000] {dag.py:3328} INFO - Setting next_dagrun for example_short_circuit_operator to 2022-09-23T20:09:43.982047+00:00, run_after=2022-09-24T20:09:43.982047+00:00
[2022-09-24T20:09:44.021+0000] {processor.py:178} INFO - Processing /home/airflow/.local/lib/python3.7/site-packages/airflow/example_dags/example_short_circuit_operator.py took 0.227 seconds
[2022-09-24T20:10:14.452+0000] {processor.py:156} INFO - Started process (PID=7631) to work on /home/airflow/.local/lib/python3.7/site-packages/airflow/example_dags/example_short_circuit_operator.py
[2022-09-24T20:10:14.466+0000] {processor.py:758} INFO - Processing file /home/airflow/.local/lib/python3.7/site-packages/airflow/example_dags/example_short_circuit_operator.py for tasks to queue
[2022-09-24T20:10:14.472+0000] {logging_mixin.py:117} INFO - [2022-09-24T20:10:14.471+0000] {dagbag.py:525} INFO - Filling up the DagBag from /home/airflow/.local/lib/python3.7/site-packages/airflow/example_dags/example_short_circuit_operator.py
[2022-09-24T20:10:14.526+0000] {processor.py:768} INFO - DAG(s) dict_keys(['example_short_circuit_operator']) retrieved from /home/airflow/.local/lib/python3.7/site-packages/airflow/example_dags/example_short_circuit_operator.py
[2022-09-24T20:10:14.610+0000] {logging_mixin.py:117} INFO - [2022-09-24T20:10:14.610+0000] {dag.py:2573} INFO - Sync 1 DAGs
[2022-09-24T20:10:14.659+0000] {logging_mixin.py:117} INFO - [2022-09-24T20:10:14.658+0000] {dag.py:3328} INFO - Setting next_dagrun for example_short_circuit_operator to 2022-09-23T20:10:14.658563+00:00, run_after=2022-09-24T20:10:14.658563+00:00
[2022-09-24T20:10:14.701+0000] {processor.py:178} INFO - Processing /home/airflow/.local/lib/python3.7/site-packages/airflow/example_dags/example_short_circuit_operator.py took 0.256 seconds
[2022-09-24T20:10:45.180+0000] {processor.py:156} INFO - Started process (PID=7838) to work on /home/airflow/.local/lib/python3.7/site-packages/airflow/example_dags/example_short_circuit_operator.py
[2022-09-24T20:10:45.184+0000] {processor.py:758} INFO - Processing file /home/airflow/.local/lib/python3.7/site-packages/airflow/example_dags/example_short_circuit_operator.py for tasks to queue
[2022-09-24T20:10:45.188+0000] {logging_mixin.py:117} INFO - [2022-09-24T20:10:45.187+0000] {dagbag.py:525} INFO - Filling up the DagBag from /home/airflow/.local/lib/python3.7/site-packages/airflow/example_dags/example_short_circuit_operator.py
[2022-09-24T20:10:45.233+0000] {processor.py:768} INFO - DAG(s) dict_keys(['example_short_circuit_operator']) retrieved from /home/airflow/.local/lib/python3.7/site-packages/airflow/example_dags/example_short_circuit_operator.py
[2022-09-24T20:10:45.317+0000] {logging_mixin.py:117} INFO - [2022-09-24T20:10:45.317+0000] {dag.py:2573} INFO - Sync 1 DAGs
[2022-09-24T20:10:45.369+0000] {logging_mixin.py:117} INFO - [2022-09-24T20:10:45.368+0000] {dag.py:3328} INFO - Setting next_dagrun for example_short_circuit_operator to 2022-09-23T20:10:45.368414+00:00, run_after=2022-09-24T20:10:45.368414+00:00
[2022-09-24T20:10:45.412+0000] {processor.py:178} INFO - Processing /home/airflow/.local/lib/python3.7/site-packages/airflow/example_dags/example_short_circuit_operator.py took 0.251 seconds
[2022-09-24T20:11:15.993+0000] {processor.py:156} INFO - Started process (PID=8035) to work on /home/airflow/.local/lib/python3.7/site-packages/airflow/example_dags/example_short_circuit_operator.py
[2022-09-24T20:11:15.997+0000] {processor.py:758} INFO - Processing file /home/airflow/.local/lib/python3.7/site-packages/airflow/example_dags/example_short_circuit_operator.py for tasks to queue
[2022-09-24T20:11:16.007+0000] {logging_mixin.py:117} INFO - [2022-09-24T20:11:16.006+0000] {dagbag.py:525} INFO - Filling up the DagBag from /home/airflow/.local/lib/python3.7/site-packages/airflow/example_dags/example_short_circuit_operator.py
[2022-09-24T20:11:16.068+0000] {processor.py:768} INFO - DAG(s) dict_keys(['example_short_circuit_operator']) retrieved from /home/airflow/.local/lib/python3.7/site-packages/airflow/example_dags/example_short_circuit_operator.py
[2022-09-24T20:11:16.153+0000] {logging_mixin.py:117} INFO - [2022-09-24T20:11:16.153+0000] {dag.py:2573} INFO - Sync 1 DAGs
[2022-09-24T20:11:16.209+0000] {logging_mixin.py:117} INFO - [2022-09-24T20:11:16.209+0000] {dag.py:3328} INFO - Setting next_dagrun for example_short_circuit_operator to 2022-09-23T20:11:16.209114+00:00, run_after=2022-09-24T20:11:16.209114+00:00
[2022-09-24T20:11:16.247+0000] {processor.py:178} INFO - Processing /home/airflow/.local/lib/python3.7/site-packages/airflow/example_dags/example_short_circuit_operator.py took 0.275 seconds
[2022-09-24T20:11:46.679+0000] {processor.py:156} INFO - Started process (PID=8233) to work on /home/airflow/.local/lib/python3.7/site-packages/airflow/example_dags/example_short_circuit_operator.py
[2022-09-24T20:11:46.682+0000] {processor.py:758} INFO - Processing file /home/airflow/.local/lib/python3.7/site-packages/airflow/example_dags/example_short_circuit_operator.py for tasks to queue
[2022-09-24T20:11:46.687+0000] {logging_mixin.py:117} INFO - [2022-09-24T20:11:46.687+0000] {dagbag.py:525} INFO - Filling up the DagBag from /home/airflow/.local/lib/python3.7/site-packages/airflow/example_dags/example_short_circuit_operator.py
[2022-09-24T20:11:46.739+0000] {processor.py:768} INFO - DAG(s) dict_keys(['example_short_circuit_operator']) retrieved from /home/airflow/.local/lib/python3.7/site-packages/airflow/example_dags/example_short_circuit_operator.py
[2022-09-24T20:11:46.864+0000] {logging_mixin.py:117} INFO - [2022-09-24T20:11:46.863+0000] {dag.py:2573} INFO - Sync 1 DAGs
[2022-09-24T20:11:46.932+0000] {logging_mixin.py:117} INFO - [2022-09-24T20:11:46.932+0000] {dag.py:3328} INFO - Setting next_dagrun for example_short_circuit_operator to 2022-09-23T20:11:46.931658+00:00, run_after=2022-09-24T20:11:46.931658+00:00
[2022-09-24T20:11:46.993+0000] {processor.py:178} INFO - Processing /home/airflow/.local/lib/python3.7/site-packages/airflow/example_dags/example_short_circuit_operator.py took 0.326 seconds
[2022-09-24T20:12:19.305+0000] {processor.py:156} INFO - Started process (PID=8439) to work on /home/airflow/.local/lib/python3.7/site-packages/airflow/example_dags/example_short_circuit_operator.py
[2022-09-24T20:12:19.329+0000] {processor.py:758} INFO - Processing file /home/airflow/.local/lib/python3.7/site-packages/airflow/example_dags/example_short_circuit_operator.py for tasks to queue
[2022-09-24T20:12:19.346+0000] {logging_mixin.py:117} INFO - [2022-09-24T20:12:19.345+0000] {dagbag.py:525} INFO - Filling up the DagBag from /home/airflow/.local/lib/python3.7/site-packages/airflow/example_dags/example_short_circuit_operator.py
[2022-09-24T20:12:19.529+0000] {processor.py:768} INFO - DAG(s) dict_keys(['example_short_circuit_operator']) retrieved from /home/airflow/.local/lib/python3.7/site-packages/airflow/example_dags/example_short_circuit_operator.py
[2022-09-24T20:12:19.675+0000] {logging_mixin.py:117} INFO - [2022-09-24T20:12:19.675+0000] {dag.py:2573} INFO - Sync 1 DAGs
[2022-09-24T20:12:19.840+0000] {logging_mixin.py:117} INFO - [2022-09-24T20:12:19.812+0000] {dag.py:3328} INFO - Setting next_dagrun for example_short_circuit_operator to 2022-09-23T20:12:19.811155+00:00, run_after=2022-09-24T20:12:19.811155+00:00
[2022-09-24T20:12:19.973+0000] {processor.py:178} INFO - Processing /home/airflow/.local/lib/python3.7/site-packages/airflow/example_dags/example_short_circuit_operator.py took 0.686 seconds
[2022-09-24T20:12:52.220+0000] {processor.py:156} INFO - Started process (PID=8638) to work on /home/airflow/.local/lib/python3.7/site-packages/airflow/example_dags/example_short_circuit_operator.py
[2022-09-24T20:12:52.246+0000] {processor.py:758} INFO - Processing file /home/airflow/.local/lib/python3.7/site-packages/airflow/example_dags/example_short_circuit_operator.py for tasks to queue
[2022-09-24T20:12:52.264+0000] {logging_mixin.py:117} INFO - [2022-09-24T20:12:52.259+0000] {dagbag.py:525} INFO - Filling up the DagBag from /home/airflow/.local/lib/python3.7/site-packages/airflow/example_dags/example_short_circuit_operator.py
[2022-09-24T20:12:52.576+0000] {processor.py:768} INFO - DAG(s) dict_keys(['example_short_circuit_operator']) retrieved from /home/airflow/.local/lib/python3.7/site-packages/airflow/example_dags/example_short_circuit_operator.py
[2022-09-24T20:12:52.974+0000] {logging_mixin.py:117} INFO - [2022-09-24T20:12:52.973+0000] {dag.py:2573} INFO - Sync 1 DAGs
[2022-09-24T20:12:53.093+0000] {logging_mixin.py:117} INFO - [2022-09-24T20:12:53.093+0000] {dag.py:3328} INFO - Setting next_dagrun for example_short_circuit_operator to 2022-09-23T20:12:53.092968+00:00, run_after=2022-09-24T20:12:53.092968+00:00
[2022-09-24T20:12:53.184+0000] {processor.py:178} INFO - Processing /home/airflow/.local/lib/python3.7/site-packages/airflow/example_dags/example_short_circuit_operator.py took 1.013 seconds
[2022-09-24T20:13:23.512+0000] {processor.py:156} INFO - Started process (PID=8838) to work on /home/airflow/.local/lib/python3.7/site-packages/airflow/example_dags/example_short_circuit_operator.py
[2022-09-24T20:13:23.516+0000] {processor.py:758} INFO - Processing file /home/airflow/.local/lib/python3.7/site-packages/airflow/example_dags/example_short_circuit_operator.py for tasks to queue
[2022-09-24T20:13:23.519+0000] {logging_mixin.py:117} INFO - [2022-09-24T20:13:23.518+0000] {dagbag.py:525} INFO - Filling up the DagBag from /home/airflow/.local/lib/python3.7/site-packages/airflow/example_dags/example_short_circuit_operator.py
[2022-09-24T20:13:23.568+0000] {processor.py:768} INFO - DAG(s) dict_keys(['example_short_circuit_operator']) retrieved from /home/airflow/.local/lib/python3.7/site-packages/airflow/example_dags/example_short_circuit_operator.py
[2022-09-24T20:13:23.653+0000] {logging_mixin.py:117} INFO - [2022-09-24T20:13:23.653+0000] {dag.py:2573} INFO - Sync 1 DAGs
[2022-09-24T20:13:23.711+0000] {logging_mixin.py:117} INFO - [2022-09-24T20:13:23.711+0000] {dag.py:3328} INFO - Setting next_dagrun for example_short_circuit_operator to 2022-09-23T20:13:23.710445+00:00, run_after=2022-09-24T20:13:23.710445+00:00
[2022-09-24T20:13:23.753+0000] {processor.py:178} INFO - Processing /home/airflow/.local/lib/python3.7/site-packages/airflow/example_dags/example_short_circuit_operator.py took 0.248 seconds
[2022-09-24T20:13:54.027+0000] {processor.py:156} INFO - Started process (PID=9034) to work on /home/airflow/.local/lib/python3.7/site-packages/airflow/example_dags/example_short_circuit_operator.py
[2022-09-24T20:13:54.031+0000] {processor.py:758} INFO - Processing file /home/airflow/.local/lib/python3.7/site-packages/airflow/example_dags/example_short_circuit_operator.py for tasks to queue
[2022-09-24T20:13:54.036+0000] {logging_mixin.py:117} INFO - [2022-09-24T20:13:54.035+0000] {dagbag.py:525} INFO - Filling up the DagBag from /home/airflow/.local/lib/python3.7/site-packages/airflow/example_dags/example_short_circuit_operator.py
[2022-09-24T20:13:54.076+0000] {processor.py:768} INFO - DAG(s) dict_keys(['example_short_circuit_operator']) retrieved from /home/airflow/.local/lib/python3.7/site-packages/airflow/example_dags/example_short_circuit_operator.py
[2022-09-24T20:13:54.184+0000] {logging_mixin.py:117} INFO - [2022-09-24T20:13:54.184+0000] {dag.py:2573} INFO - Sync 1 DAGs
[2022-09-24T20:13:54.240+0000] {logging_mixin.py:117} INFO - [2022-09-24T20:13:54.239+0000] {dag.py:3328} INFO - Setting next_dagrun for example_short_circuit_operator to 2022-09-23T20:13:54.238742+00:00, run_after=2022-09-24T20:13:54.238742+00:00
[2022-09-24T20:13:54.297+0000] {processor.py:178} INFO - Processing /home/airflow/.local/lib/python3.7/site-packages/airflow/example_dags/example_short_circuit_operator.py took 0.280 seconds
[2022-09-24T20:14:30.540+0000] {processor.py:156} INFO - Started process (PID=9202) to work on /home/airflow/.local/lib/python3.7/site-packages/airflow/example_dags/example_short_circuit_operator.py
[2022-09-24T20:14:30.548+0000] {processor.py:758} INFO - Processing file /home/airflow/.local/lib/python3.7/site-packages/airflow/example_dags/example_short_circuit_operator.py for tasks to queue
[2022-09-24T20:14:30.556+0000] {logging_mixin.py:117} INFO - [2022-09-24T20:14:30.556+0000] {dagbag.py:525} INFO - Filling up the DagBag from /home/airflow/.local/lib/python3.7/site-packages/airflow/example_dags/example_short_circuit_operator.py
[2022-09-24T20:14:30.680+0000] {processor.py:768} INFO - DAG(s) dict_keys(['example_short_circuit_operator']) retrieved from /home/airflow/.local/lib/python3.7/site-packages/airflow/example_dags/example_short_circuit_operator.py
[2022-09-24T20:14:30.863+0000] {logging_mixin.py:117} INFO - [2022-09-24T20:14:30.863+0000] {dag.py:2573} INFO - Sync 1 DAGs
[2022-09-24T20:14:31.013+0000] {logging_mixin.py:117} INFO - [2022-09-24T20:14:31.013+0000] {dag.py:3328} INFO - Setting next_dagrun for example_short_circuit_operator to 2022-09-23T20:14:31.013190+00:00, run_after=2022-09-24T20:14:31.013190+00:00
[2022-09-24T20:14:31.142+0000] {processor.py:178} INFO - Processing /home/airflow/.local/lib/python3.7/site-packages/airflow/example_dags/example_short_circuit_operator.py took 0.612 seconds
[2022-09-24T20:15:01.421+0000] {processor.py:156} INFO - Started process (PID=9400) to work on /home/airflow/.local/lib/python3.7/site-packages/airflow/example_dags/example_short_circuit_operator.py
[2022-09-24T20:15:01.425+0000] {processor.py:758} INFO - Processing file /home/airflow/.local/lib/python3.7/site-packages/airflow/example_dags/example_short_circuit_operator.py for tasks to queue
[2022-09-24T20:15:01.427+0000] {logging_mixin.py:117} INFO - [2022-09-24T20:15:01.427+0000] {dagbag.py:525} INFO - Filling up the DagBag from /home/airflow/.local/lib/python3.7/site-packages/airflow/example_dags/example_short_circuit_operator.py
[2022-09-24T20:15:01.469+0000] {processor.py:768} INFO - DAG(s) dict_keys(['example_short_circuit_operator']) retrieved from /home/airflow/.local/lib/python3.7/site-packages/airflow/example_dags/example_short_circuit_operator.py
[2022-09-24T20:15:01.563+0000] {logging_mixin.py:117} INFO - [2022-09-24T20:15:01.563+0000] {dag.py:2573} INFO - Sync 1 DAGs
[2022-09-24T20:15:01.639+0000] {logging_mixin.py:117} INFO - [2022-09-24T20:15:01.639+0000] {dag.py:3328} INFO - Setting next_dagrun for example_short_circuit_operator to 2022-09-23T20:15:01.638579+00:00, run_after=2022-09-24T20:15:01.638579+00:00
[2022-09-24T20:15:01.753+0000] {processor.py:178} INFO - Processing /home/airflow/.local/lib/python3.7/site-packages/airflow/example_dags/example_short_circuit_operator.py took 0.343 seconds
[2022-09-24T20:15:33.316+0000] {processor.py:156} INFO - Started process (PID=9598) to work on /home/airflow/.local/lib/python3.7/site-packages/airflow/example_dags/example_short_circuit_operator.py
[2022-09-24T20:15:33.329+0000] {processor.py:758} INFO - Processing file /home/airflow/.local/lib/python3.7/site-packages/airflow/example_dags/example_short_circuit_operator.py for tasks to queue
[2022-09-24T20:15:33.334+0000] {logging_mixin.py:117} INFO - [2022-09-24T20:15:33.333+0000] {dagbag.py:525} INFO - Filling up the DagBag from /home/airflow/.local/lib/python3.7/site-packages/airflow/example_dags/example_short_circuit_operator.py
[2022-09-24T20:15:33.461+0000] {processor.py:768} INFO - DAG(s) dict_keys(['example_short_circuit_operator']) retrieved from /home/airflow/.local/lib/python3.7/site-packages/airflow/example_dags/example_short_circuit_operator.py
[2022-09-24T20:15:33.589+0000] {logging_mixin.py:117} INFO - [2022-09-24T20:15:33.589+0000] {dag.py:2573} INFO - Sync 1 DAGs
[2022-09-24T20:15:33.655+0000] {logging_mixin.py:117} INFO - [2022-09-24T20:15:33.655+0000] {dag.py:3328} INFO - Setting next_dagrun for example_short_circuit_operator to 2022-09-23T20:15:33.655358+00:00, run_after=2022-09-24T20:15:33.655358+00:00
[2022-09-24T20:15:33.752+0000] {processor.py:178} INFO - Processing /home/airflow/.local/lib/python3.7/site-packages/airflow/example_dags/example_short_circuit_operator.py took 0.454 seconds
[2022-09-24T20:16:03.895+0000] {processor.py:156} INFO - Started process (PID=9791) to work on /home/airflow/.local/lib/python3.7/site-packages/airflow/example_dags/example_short_circuit_operator.py
[2022-09-24T20:16:03.898+0000] {processor.py:758} INFO - Processing file /home/airflow/.local/lib/python3.7/site-packages/airflow/example_dags/example_short_circuit_operator.py for tasks to queue
[2022-09-24T20:16:03.902+0000] {logging_mixin.py:117} INFO - [2022-09-24T20:16:03.902+0000] {dagbag.py:525} INFO - Filling up the DagBag from /home/airflow/.local/lib/python3.7/site-packages/airflow/example_dags/example_short_circuit_operator.py
[2022-09-24T20:16:03.994+0000] {processor.py:768} INFO - DAG(s) dict_keys(['example_short_circuit_operator']) retrieved from /home/airflow/.local/lib/python3.7/site-packages/airflow/example_dags/example_short_circuit_operator.py
[2022-09-24T20:16:04.120+0000] {logging_mixin.py:117} INFO - [2022-09-24T20:16:04.120+0000] {dag.py:2573} INFO - Sync 1 DAGs
[2022-09-24T20:16:04.318+0000] {logging_mixin.py:117} INFO - [2022-09-24T20:16:04.317+0000] {dag.py:3328} INFO - Setting next_dagrun for example_short_circuit_operator to 2022-09-23T20:16:04.317408+00:00, run_after=2022-09-24T20:16:04.317408+00:00
[2022-09-24T20:16:04.369+0000] {processor.py:178} INFO - Processing /home/airflow/.local/lib/python3.7/site-packages/airflow/example_dags/example_short_circuit_operator.py took 0.484 seconds
[2022-09-24T20:16:34.816+0000] {processor.py:156} INFO - Started process (PID=9993) to work on /home/airflow/.local/lib/python3.7/site-packages/airflow/example_dags/example_short_circuit_operator.py
[2022-09-24T20:16:34.829+0000] {processor.py:758} INFO - Processing file /home/airflow/.local/lib/python3.7/site-packages/airflow/example_dags/example_short_circuit_operator.py for tasks to queue
[2022-09-24T20:16:34.831+0000] {logging_mixin.py:117} INFO - [2022-09-24T20:16:34.831+0000] {dagbag.py:525} INFO - Filling up the DagBag from /home/airflow/.local/lib/python3.7/site-packages/airflow/example_dags/example_short_circuit_operator.py
[2022-09-24T20:16:34.909+0000] {processor.py:768} INFO - DAG(s) dict_keys(['example_short_circuit_operator']) retrieved from /home/airflow/.local/lib/python3.7/site-packages/airflow/example_dags/example_short_circuit_operator.py
[2022-09-24T20:16:35.002+0000] {logging_mixin.py:117} INFO - [2022-09-24T20:16:35.001+0000] {dag.py:2573} INFO - Sync 1 DAGs
[2022-09-24T20:16:35.049+0000] {logging_mixin.py:117} INFO - [2022-09-24T20:16:35.049+0000] {dag.py:3328} INFO - Setting next_dagrun for example_short_circuit_operator to 2022-09-23T20:16:35.049356+00:00, run_after=2022-09-24T20:16:35.049356+00:00
[2022-09-24T20:16:35.120+0000] {processor.py:178} INFO - Processing /home/airflow/.local/lib/python3.7/site-packages/airflow/example_dags/example_short_circuit_operator.py took 0.312 seconds
[2022-09-24T20:17:06.656+0000] {processor.py:156} INFO - Started process (PID=10202) to work on /home/airflow/.local/lib/python3.7/site-packages/airflow/example_dags/example_short_circuit_operator.py
[2022-09-24T20:17:06.667+0000] {processor.py:758} INFO - Processing file /home/airflow/.local/lib/python3.7/site-packages/airflow/example_dags/example_short_circuit_operator.py for tasks to queue
[2022-09-24T20:17:06.676+0000] {logging_mixin.py:117} INFO - [2022-09-24T20:17:06.676+0000] {dagbag.py:525} INFO - Filling up the DagBag from /home/airflow/.local/lib/python3.7/site-packages/airflow/example_dags/example_short_circuit_operator.py
[2022-09-24T20:17:06.782+0000] {processor.py:768} INFO - DAG(s) dict_keys(['example_short_circuit_operator']) retrieved from /home/airflow/.local/lib/python3.7/site-packages/airflow/example_dags/example_short_circuit_operator.py
[2022-09-24T20:17:06.935+0000] {logging_mixin.py:117} INFO - [2022-09-24T20:17:06.935+0000] {dag.py:2573} INFO - Sync 1 DAGs
[2022-09-24T20:17:07.102+0000] {logging_mixin.py:117} INFO - [2022-09-24T20:17:07.102+0000] {dag.py:3328} INFO - Setting next_dagrun for example_short_circuit_operator to 2022-09-23T20:17:07.102016+00:00, run_after=2022-09-24T20:17:07.102016+00:00
[2022-09-24T20:17:07.182+0000] {processor.py:178} INFO - Processing /home/airflow/.local/lib/python3.7/site-packages/airflow/example_dags/example_short_circuit_operator.py took 0.543 seconds
[2022-09-24T20:17:38.403+0000] {processor.py:156} INFO - Started process (PID=10400) to work on /home/airflow/.local/lib/python3.7/site-packages/airflow/example_dags/example_short_circuit_operator.py
[2022-09-24T20:17:38.405+0000] {processor.py:758} INFO - Processing file /home/airflow/.local/lib/python3.7/site-packages/airflow/example_dags/example_short_circuit_operator.py for tasks to queue
[2022-09-24T20:17:38.415+0000] {logging_mixin.py:117} INFO - [2022-09-24T20:17:38.413+0000] {dagbag.py:525} INFO - Filling up the DagBag from /home/airflow/.local/lib/python3.7/site-packages/airflow/example_dags/example_short_circuit_operator.py
[2022-09-24T20:17:38.534+0000] {processor.py:768} INFO - DAG(s) dict_keys(['example_short_circuit_operator']) retrieved from /home/airflow/.local/lib/python3.7/site-packages/airflow/example_dags/example_short_circuit_operator.py
[2022-09-24T20:17:38.725+0000] {logging_mixin.py:117} INFO - [2022-09-24T20:17:38.725+0000] {dag.py:2573} INFO - Sync 1 DAGs
[2022-09-24T20:17:38.801+0000] {logging_mixin.py:117} INFO - [2022-09-24T20:17:38.801+0000] {dag.py:3328} INFO - Setting next_dagrun for example_short_circuit_operator to 2022-09-23T20:17:38.800773+00:00, run_after=2022-09-24T20:17:38.800773+00:00
[2022-09-24T20:17:38.855+0000] {processor.py:178} INFO - Processing /home/airflow/.local/lib/python3.7/site-packages/airflow/example_dags/example_short_circuit_operator.py took 0.488 seconds
[2022-09-24T20:18:11.335+0000] {processor.py:156} INFO - Started process (PID=10598) to work on /home/airflow/.local/lib/python3.7/site-packages/airflow/example_dags/example_short_circuit_operator.py
[2022-09-24T20:18:11.345+0000] {processor.py:758} INFO - Processing file /home/airflow/.local/lib/python3.7/site-packages/airflow/example_dags/example_short_circuit_operator.py for tasks to queue
[2022-09-24T20:18:11.358+0000] {logging_mixin.py:117} INFO - [2022-09-24T20:18:11.357+0000] {dagbag.py:525} INFO - Filling up the DagBag from /home/airflow/.local/lib/python3.7/site-packages/airflow/example_dags/example_short_circuit_operator.py
[2022-09-24T20:18:11.480+0000] {processor.py:768} INFO - DAG(s) dict_keys(['example_short_circuit_operator']) retrieved from /home/airflow/.local/lib/python3.7/site-packages/airflow/example_dags/example_short_circuit_operator.py
[2022-09-24T20:18:11.693+0000] {logging_mixin.py:117} INFO - [2022-09-24T20:18:11.692+0000] {dag.py:2573} INFO - Sync 1 DAGs
[2022-09-24T20:18:11.801+0000] {logging_mixin.py:117} INFO - [2022-09-24T20:18:11.801+0000] {dag.py:3328} INFO - Setting next_dagrun for example_short_circuit_operator to 2022-09-23T20:18:11.800724+00:00, run_after=2022-09-24T20:18:11.800724+00:00
[2022-09-24T20:18:11.981+0000] {processor.py:178} INFO - Processing /home/airflow/.local/lib/python3.7/site-packages/airflow/example_dags/example_short_circuit_operator.py took 0.655 seconds
[2022-09-24T20:18:42.306+0000] {processor.py:156} INFO - Started process (PID=10798) to work on /home/airflow/.local/lib/python3.7/site-packages/airflow/example_dags/example_short_circuit_operator.py
[2022-09-24T20:18:42.309+0000] {processor.py:758} INFO - Processing file /home/airflow/.local/lib/python3.7/site-packages/airflow/example_dags/example_short_circuit_operator.py for tasks to queue
[2022-09-24T20:18:42.312+0000] {logging_mixin.py:117} INFO - [2022-09-24T20:18:42.312+0000] {dagbag.py:525} INFO - Filling up the DagBag from /home/airflow/.local/lib/python3.7/site-packages/airflow/example_dags/example_short_circuit_operator.py
[2022-09-24T20:18:42.345+0000] {processor.py:768} INFO - DAG(s) dict_keys(['example_short_circuit_operator']) retrieved from /home/airflow/.local/lib/python3.7/site-packages/airflow/example_dags/example_short_circuit_operator.py
[2022-09-24T20:18:42.422+0000] {logging_mixin.py:117} INFO - [2022-09-24T20:18:42.422+0000] {dag.py:2573} INFO - Sync 1 DAGs
[2022-09-24T20:18:42.465+0000] {logging_mixin.py:117} INFO - [2022-09-24T20:18:42.465+0000] {dag.py:3328} INFO - Setting next_dagrun for example_short_circuit_operator to 2022-09-23T20:18:42.465203+00:00, run_after=2022-09-24T20:18:42.465203+00:00
[2022-09-24T20:18:42.505+0000] {processor.py:178} INFO - Processing /home/airflow/.local/lib/python3.7/site-packages/airflow/example_dags/example_short_circuit_operator.py took 0.207 seconds
[2022-09-24T20:19:15.274+0000] {processor.py:156} INFO - Started process (PID=11004) to work on /home/airflow/.local/lib/python3.7/site-packages/airflow/example_dags/example_short_circuit_operator.py
[2022-09-24T20:19:15.284+0000] {processor.py:758} INFO - Processing file /home/airflow/.local/lib/python3.7/site-packages/airflow/example_dags/example_short_circuit_operator.py for tasks to queue
[2022-09-24T20:19:15.287+0000] {logging_mixin.py:117} INFO - [2022-09-24T20:19:15.287+0000] {dagbag.py:525} INFO - Filling up the DagBag from /home/airflow/.local/lib/python3.7/site-packages/airflow/example_dags/example_short_circuit_operator.py
[2022-09-24T20:19:15.375+0000] {processor.py:768} INFO - DAG(s) dict_keys(['example_short_circuit_operator']) retrieved from /home/airflow/.local/lib/python3.7/site-packages/airflow/example_dags/example_short_circuit_operator.py
[2022-09-24T20:19:15.593+0000] {logging_mixin.py:117} INFO - [2022-09-24T20:19:15.592+0000] {dag.py:2573} INFO - Sync 1 DAGs
[2022-09-24T20:19:15.648+0000] {logging_mixin.py:117} INFO - [2022-09-24T20:19:15.648+0000] {dag.py:3328} INFO - Setting next_dagrun for example_short_circuit_operator to 2022-09-23T20:19:15.647584+00:00, run_after=2022-09-24T20:19:15.647584+00:00
[2022-09-24T20:19:15.694+0000] {processor.py:178} INFO - Processing /home/airflow/.local/lib/python3.7/site-packages/airflow/example_dags/example_short_circuit_operator.py took 0.432 seconds
[2022-09-24T20:19:46.027+0000] {processor.py:156} INFO - Started process (PID=11203) to work on /home/airflow/.local/lib/python3.7/site-packages/airflow/example_dags/example_short_circuit_operator.py
[2022-09-24T20:19:46.034+0000] {processor.py:758} INFO - Processing file /home/airflow/.local/lib/python3.7/site-packages/airflow/example_dags/example_short_circuit_operator.py for tasks to queue
[2022-09-24T20:19:46.036+0000] {logging_mixin.py:117} INFO - [2022-09-24T20:19:46.036+0000] {dagbag.py:525} INFO - Filling up the DagBag from /home/airflow/.local/lib/python3.7/site-packages/airflow/example_dags/example_short_circuit_operator.py
[2022-09-24T20:19:46.082+0000] {processor.py:768} INFO - DAG(s) dict_keys(['example_short_circuit_operator']) retrieved from /home/airflow/.local/lib/python3.7/site-packages/airflow/example_dags/example_short_circuit_operator.py
[2022-09-24T20:19:46.180+0000] {logging_mixin.py:117} INFO - [2022-09-24T20:19:46.180+0000] {dag.py:2573} INFO - Sync 1 DAGs
[2022-09-24T20:19:46.237+0000] {logging_mixin.py:117} INFO - [2022-09-24T20:19:46.236+0000] {dag.py:3328} INFO - Setting next_dagrun for example_short_circuit_operator to 2022-09-23T20:19:46.236333+00:00, run_after=2022-09-24T20:19:46.236333+00:00
[2022-09-24T20:19:46.275+0000] {processor.py:178} INFO - Processing /home/airflow/.local/lib/python3.7/site-packages/airflow/example_dags/example_short_circuit_operator.py took 0.260 seconds
[2022-09-24T20:20:17.068+0000] {processor.py:156} INFO - Started process (PID=11403) to work on /home/airflow/.local/lib/python3.7/site-packages/airflow/example_dags/example_short_circuit_operator.py
[2022-09-24T20:20:17.074+0000] {processor.py:758} INFO - Processing file /home/airflow/.local/lib/python3.7/site-packages/airflow/example_dags/example_short_circuit_operator.py for tasks to queue
[2022-09-24T20:20:17.089+0000] {logging_mixin.py:117} INFO - [2022-09-24T20:20:17.089+0000] {dagbag.py:525} INFO - Filling up the DagBag from /home/airflow/.local/lib/python3.7/site-packages/airflow/example_dags/example_short_circuit_operator.py
[2022-09-24T20:20:17.132+0000] {processor.py:768} INFO - DAG(s) dict_keys(['example_short_circuit_operator']) retrieved from /home/airflow/.local/lib/python3.7/site-packages/airflow/example_dags/example_short_circuit_operator.py
[2022-09-24T20:20:17.235+0000] {logging_mixin.py:117} INFO - [2022-09-24T20:20:17.235+0000] {dag.py:2573} INFO - Sync 1 DAGs
[2022-09-24T20:20:17.314+0000] {logging_mixin.py:117} INFO - [2022-09-24T20:20:17.314+0000] {dag.py:3328} INFO - Setting next_dagrun for example_short_circuit_operator to 2022-09-23T20:20:17.313365+00:00, run_after=2022-09-24T20:20:17.313365+00:00
[2022-09-24T20:20:17.351+0000] {processor.py:178} INFO - Processing /home/airflow/.local/lib/python3.7/site-packages/airflow/example_dags/example_short_circuit_operator.py took 0.289 seconds
[2022-09-24T20:20:47.506+0000] {processor.py:156} INFO - Started process (PID=11606) to work on /home/airflow/.local/lib/python3.7/site-packages/airflow/example_dags/example_short_circuit_operator.py
[2022-09-24T20:20:47.518+0000] {processor.py:758} INFO - Processing file /home/airflow/.local/lib/python3.7/site-packages/airflow/example_dags/example_short_circuit_operator.py for tasks to queue
[2022-09-24T20:20:47.526+0000] {logging_mixin.py:117} INFO - [2022-09-24T20:20:47.526+0000] {dagbag.py:525} INFO - Filling up the DagBag from /home/airflow/.local/lib/python3.7/site-packages/airflow/example_dags/example_short_circuit_operator.py
[2022-09-24T20:20:47.603+0000] {processor.py:768} INFO - DAG(s) dict_keys(['example_short_circuit_operator']) retrieved from /home/airflow/.local/lib/python3.7/site-packages/airflow/example_dags/example_short_circuit_operator.py
[2022-09-24T20:20:47.759+0000] {logging_mixin.py:117} INFO - [2022-09-24T20:20:47.759+0000] {dag.py:2573} INFO - Sync 1 DAGs
[2022-09-24T20:20:47.830+0000] {logging_mixin.py:117} INFO - [2022-09-24T20:20:47.829+0000] {dag.py:3328} INFO - Setting next_dagrun for example_short_circuit_operator to 2022-09-23T20:20:47.829591+00:00, run_after=2022-09-24T20:20:47.829591+00:00
[2022-09-24T20:20:47.869+0000] {processor.py:178} INFO - Processing /home/airflow/.local/lib/python3.7/site-packages/airflow/example_dags/example_short_circuit_operator.py took 0.369 seconds
[2022-09-24T20:21:18.613+0000] {processor.py:156} INFO - Started process (PID=11806) to work on /home/airflow/.local/lib/python3.7/site-packages/airflow/example_dags/example_short_circuit_operator.py
[2022-09-24T20:21:18.619+0000] {processor.py:758} INFO - Processing file /home/airflow/.local/lib/python3.7/site-packages/airflow/example_dags/example_short_circuit_operator.py for tasks to queue
[2022-09-24T20:21:18.623+0000] {logging_mixin.py:117} INFO - [2022-09-24T20:21:18.622+0000] {dagbag.py:525} INFO - Filling up the DagBag from /home/airflow/.local/lib/python3.7/site-packages/airflow/example_dags/example_short_circuit_operator.py
[2022-09-24T20:21:18.693+0000] {processor.py:768} INFO - DAG(s) dict_keys(['example_short_circuit_operator']) retrieved from /home/airflow/.local/lib/python3.7/site-packages/airflow/example_dags/example_short_circuit_operator.py
[2022-09-24T20:21:18.842+0000] {logging_mixin.py:117} INFO - [2022-09-24T20:21:18.842+0000] {dag.py:2573} INFO - Sync 1 DAGs
[2022-09-24T20:21:18.908+0000] {logging_mixin.py:117} INFO - [2022-09-24T20:21:18.908+0000] {dag.py:3328} INFO - Setting next_dagrun for example_short_circuit_operator to 2022-09-23T20:21:18.907800+00:00, run_after=2022-09-24T20:21:18.907800+00:00
[2022-09-24T20:21:18.953+0000] {processor.py:178} INFO - Processing /home/airflow/.local/lib/python3.7/site-packages/airflow/example_dags/example_short_circuit_operator.py took 0.350 seconds
