[2022-09-24T19:50:52.793+0000] {processor.py:156} INFO - Started process (PID=279) to work on /home/airflow/.local/lib/python3.7/site-packages/airflow/example_dags/example_trigger_controller_dag.py
[2022-09-24T19:50:52.805+0000] {processor.py:758} INFO - Processing file /home/airflow/.local/lib/python3.7/site-packages/airflow/example_dags/example_trigger_controller_dag.py for tasks to queue
[2022-09-24T19:50:52.814+0000] {logging_mixin.py:117} INFO - [2022-09-24T19:50:52.812+0000] {dagbag.py:525} INFO - Filling up the DagBag from /home/airflow/.local/lib/python3.7/site-packages/airflow/example_dags/example_trigger_controller_dag.py
[2022-09-24T19:50:52.906+0000] {processor.py:768} INFO - DAG(s) dict_keys(['example_trigger_controller_dag']) retrieved from /home/airflow/.local/lib/python3.7/site-packages/airflow/example_dags/example_trigger_controller_dag.py
[2022-09-24T19:50:53.556+0000] {logging_mixin.py:117} INFO - [2022-09-24T19:50:53.555+0000] {dag.py:2573} INFO - Sync 1 DAGs
[2022-09-24T19:50:53.755+0000] {logging_mixin.py:117} INFO - [2022-09-24T19:50:53.754+0000] {dag.py:3328} INFO - Setting next_dagrun for example_trigger_controller_dag to 2021-01-01T00:00:00+00:00, run_after=2021-01-01T00:00:00+00:00
[2022-09-24T19:50:54.177+0000] {processor.py:178} INFO - Processing /home/airflow/.local/lib/python3.7/site-packages/airflow/example_dags/example_trigger_controller_dag.py took 1.419 seconds
[2022-09-24T19:51:25.473+0000] {processor.py:156} INFO - Started process (PID=477) to work on /home/airflow/.local/lib/python3.7/site-packages/airflow/example_dags/example_trigger_controller_dag.py
[2022-09-24T19:51:25.480+0000] {processor.py:758} INFO - Processing file /home/airflow/.local/lib/python3.7/site-packages/airflow/example_dags/example_trigger_controller_dag.py for tasks to queue
[2022-09-24T19:51:25.484+0000] {logging_mixin.py:117} INFO - [2022-09-24T19:51:25.484+0000] {dagbag.py:525} INFO - Filling up the DagBag from /home/airflow/.local/lib/python3.7/site-packages/airflow/example_dags/example_trigger_controller_dag.py
[2022-09-24T19:51:25.576+0000] {processor.py:768} INFO - DAG(s) dict_keys(['example_trigger_controller_dag']) retrieved from /home/airflow/.local/lib/python3.7/site-packages/airflow/example_dags/example_trigger_controller_dag.py
[2022-09-24T19:51:26.015+0000] {logging_mixin.py:117} INFO - [2022-09-24T19:51:26.014+0000] {dag.py:2573} INFO - Sync 1 DAGs
[2022-09-24T19:51:26.402+0000] {logging_mixin.py:117} INFO - [2022-09-24T19:51:26.401+0000] {dag.py:3328} INFO - Setting next_dagrun for example_trigger_controller_dag to 2021-01-01T00:00:00+00:00, run_after=2021-01-01T00:00:00+00:00
[2022-09-24T19:51:26.518+0000] {processor.py:178} INFO - Processing /home/airflow/.local/lib/python3.7/site-packages/airflow/example_dags/example_trigger_controller_dag.py took 1.061 seconds
[2022-09-24T19:52:02.959+0000] {processor.py:156} INFO - Started process (PID=677) to work on /home/airflow/.local/lib/python3.7/site-packages/airflow/example_dags/example_trigger_controller_dag.py
[2022-09-24T19:52:02.967+0000] {processor.py:758} INFO - Processing file /home/airflow/.local/lib/python3.7/site-packages/airflow/example_dags/example_trigger_controller_dag.py for tasks to queue
[2022-09-24T19:52:02.970+0000] {logging_mixin.py:117} INFO - [2022-09-24T19:52:02.969+0000] {dagbag.py:525} INFO - Filling up the DagBag from /home/airflow/.local/lib/python3.7/site-packages/airflow/example_dags/example_trigger_controller_dag.py
[2022-09-24T19:52:03.050+0000] {processor.py:768} INFO - DAG(s) dict_keys(['example_trigger_controller_dag']) retrieved from /home/airflow/.local/lib/python3.7/site-packages/airflow/example_dags/example_trigger_controller_dag.py
[2022-09-24T19:52:03.199+0000] {logging_mixin.py:117} INFO - [2022-09-24T19:52:03.199+0000] {dag.py:2573} INFO - Sync 1 DAGs
[2022-09-24T19:52:03.319+0000] {logging_mixin.py:117} INFO - [2022-09-24T19:52:03.319+0000] {dag.py:3328} INFO - Setting next_dagrun for example_trigger_controller_dag to 2021-01-01T00:00:00+00:00, run_after=2021-01-01T00:00:00+00:00
[2022-09-24T19:52:03.742+0000] {processor.py:178} INFO - Processing /home/airflow/.local/lib/python3.7/site-packages/airflow/example_dags/example_trigger_controller_dag.py took 0.799 seconds
[2022-09-24T19:52:34.108+0000] {processor.py:156} INFO - Started process (PID=875) to work on /home/airflow/.local/lib/python3.7/site-packages/airflow/example_dags/example_trigger_controller_dag.py
[2022-09-24T19:52:34.113+0000] {processor.py:758} INFO - Processing file /home/airflow/.local/lib/python3.7/site-packages/airflow/example_dags/example_trigger_controller_dag.py for tasks to queue
[2022-09-24T19:52:34.121+0000] {logging_mixin.py:117} INFO - [2022-09-24T19:52:34.120+0000] {dagbag.py:525} INFO - Filling up the DagBag from /home/airflow/.local/lib/python3.7/site-packages/airflow/example_dags/example_trigger_controller_dag.py
[2022-09-24T19:52:34.158+0000] {processor.py:768} INFO - DAG(s) dict_keys(['example_trigger_controller_dag']) retrieved from /home/airflow/.local/lib/python3.7/site-packages/airflow/example_dags/example_trigger_controller_dag.py
[2022-09-24T19:52:34.313+0000] {logging_mixin.py:117} INFO - [2022-09-24T19:52:34.312+0000] {dag.py:2573} INFO - Sync 1 DAGs
[2022-09-24T19:52:34.635+0000] {logging_mixin.py:117} INFO - [2022-09-24T19:52:34.635+0000] {dag.py:3328} INFO - Setting next_dagrun for example_trigger_controller_dag to 2021-01-01T00:00:00+00:00, run_after=2021-01-01T00:00:00+00:00
[2022-09-24T19:52:34.672+0000] {processor.py:178} INFO - Processing /home/airflow/.local/lib/python3.7/site-packages/airflow/example_dags/example_trigger_controller_dag.py took 0.592 seconds
[2022-09-24T19:53:05.651+0000] {processor.py:156} INFO - Started process (PID=1075) to work on /home/airflow/.local/lib/python3.7/site-packages/airflow/example_dags/example_trigger_controller_dag.py
[2022-09-24T19:53:05.654+0000] {processor.py:758} INFO - Processing file /home/airflow/.local/lib/python3.7/site-packages/airflow/example_dags/example_trigger_controller_dag.py for tasks to queue
[2022-09-24T19:53:05.657+0000] {logging_mixin.py:117} INFO - [2022-09-24T19:53:05.656+0000] {dagbag.py:525} INFO - Filling up the DagBag from /home/airflow/.local/lib/python3.7/site-packages/airflow/example_dags/example_trigger_controller_dag.py
[2022-09-24T19:53:05.685+0000] {processor.py:768} INFO - DAG(s) dict_keys(['example_trigger_controller_dag']) retrieved from /home/airflow/.local/lib/python3.7/site-packages/airflow/example_dags/example_trigger_controller_dag.py
[2022-09-24T19:53:05.974+0000] {logging_mixin.py:117} INFO - [2022-09-24T19:53:05.974+0000] {dag.py:2573} INFO - Sync 1 DAGs
[2022-09-24T19:53:06.027+0000] {logging_mixin.py:117} INFO - [2022-09-24T19:53:06.027+0000] {dag.py:3328} INFO - Setting next_dagrun for example_trigger_controller_dag to 2021-01-01T00:00:00+00:00, run_after=2021-01-01T00:00:00+00:00
[2022-09-24T19:53:06.068+0000] {processor.py:178} INFO - Processing /home/airflow/.local/lib/python3.7/site-packages/airflow/example_dags/example_trigger_controller_dag.py took 0.425 seconds
[2022-09-24T19:53:38.049+0000] {processor.py:156} INFO - Started process (PID=1270) to work on /home/airflow/.local/lib/python3.7/site-packages/airflow/example_dags/example_trigger_controller_dag.py
[2022-09-24T19:53:38.061+0000] {processor.py:758} INFO - Processing file /home/airflow/.local/lib/python3.7/site-packages/airflow/example_dags/example_trigger_controller_dag.py for tasks to queue
[2022-09-24T19:53:38.068+0000] {logging_mixin.py:117} INFO - [2022-09-24T19:53:38.066+0000] {dagbag.py:525} INFO - Filling up the DagBag from /home/airflow/.local/lib/python3.7/site-packages/airflow/example_dags/example_trigger_controller_dag.py
[2022-09-24T19:53:38.159+0000] {processor.py:768} INFO - DAG(s) dict_keys(['example_trigger_controller_dag']) retrieved from /home/airflow/.local/lib/python3.7/site-packages/airflow/example_dags/example_trigger_controller_dag.py
[2022-09-24T19:53:39.005+0000] {logging_mixin.py:117} INFO - [2022-09-24T19:53:39.004+0000] {dag.py:2573} INFO - Sync 1 DAGs
[2022-09-24T19:53:39.058+0000] {logging_mixin.py:117} INFO - [2022-09-24T19:53:39.058+0000] {dag.py:3328} INFO - Setting next_dagrun for example_trigger_controller_dag to 2021-01-01T00:00:00+00:00, run_after=2021-01-01T00:00:00+00:00
[2022-09-24T19:53:39.107+0000] {processor.py:178} INFO - Processing /home/airflow/.local/lib/python3.7/site-packages/airflow/example_dags/example_trigger_controller_dag.py took 1.074 seconds
[2022-09-24T19:54:09.884+0000] {processor.py:156} INFO - Started process (PID=1477) to work on /home/airflow/.local/lib/python3.7/site-packages/airflow/example_dags/example_trigger_controller_dag.py
[2022-09-24T19:54:09.892+0000] {processor.py:758} INFO - Processing file /home/airflow/.local/lib/python3.7/site-packages/airflow/example_dags/example_trigger_controller_dag.py for tasks to queue
[2022-09-24T19:54:09.910+0000] {logging_mixin.py:117} INFO - [2022-09-24T19:54:09.908+0000] {dagbag.py:525} INFO - Filling up the DagBag from /home/airflow/.local/lib/python3.7/site-packages/airflow/example_dags/example_trigger_controller_dag.py
[2022-09-24T19:54:09.996+0000] {processor.py:768} INFO - DAG(s) dict_keys(['example_trigger_controller_dag']) retrieved from /home/airflow/.local/lib/python3.7/site-packages/airflow/example_dags/example_trigger_controller_dag.py
[2022-09-24T19:54:10.479+0000] {logging_mixin.py:117} INFO - [2022-09-24T19:54:10.479+0000] {dag.py:2573} INFO - Sync 1 DAGs
[2022-09-24T19:54:10.564+0000] {logging_mixin.py:117} INFO - [2022-09-24T19:54:10.563+0000] {dag.py:3328} INFO - Setting next_dagrun for example_trigger_controller_dag to 2021-01-01T00:00:00+00:00, run_after=2021-01-01T00:00:00+00:00
[2022-09-24T19:54:10.629+0000] {processor.py:178} INFO - Processing /home/airflow/.local/lib/python3.7/site-packages/airflow/example_dags/example_trigger_controller_dag.py took 0.751 seconds
[2022-09-24T19:54:41.974+0000] {processor.py:156} INFO - Started process (PID=1677) to work on /home/airflow/.local/lib/python3.7/site-packages/airflow/example_dags/example_trigger_controller_dag.py
[2022-09-24T19:54:41.978+0000] {processor.py:758} INFO - Processing file /home/airflow/.local/lib/python3.7/site-packages/airflow/example_dags/example_trigger_controller_dag.py for tasks to queue
[2022-09-24T19:54:41.982+0000] {logging_mixin.py:117} INFO - [2022-09-24T19:54:41.981+0000] {dagbag.py:525} INFO - Filling up the DagBag from /home/airflow/.local/lib/python3.7/site-packages/airflow/example_dags/example_trigger_controller_dag.py
[2022-09-24T19:54:42.030+0000] {processor.py:768} INFO - DAG(s) dict_keys(['example_trigger_controller_dag']) retrieved from /home/airflow/.local/lib/python3.7/site-packages/airflow/example_dags/example_trigger_controller_dag.py
[2022-09-24T19:54:42.179+0000] {logging_mixin.py:117} INFO - [2022-09-24T19:54:42.179+0000] {dag.py:2573} INFO - Sync 1 DAGs
[2022-09-24T19:54:42.323+0000] {logging_mixin.py:117} INFO - [2022-09-24T19:54:42.323+0000] {dag.py:3328} INFO - Setting next_dagrun for example_trigger_controller_dag to 2021-01-01T00:00:00+00:00, run_after=2021-01-01T00:00:00+00:00
[2022-09-24T19:54:42.393+0000] {processor.py:178} INFO - Processing /home/airflow/.local/lib/python3.7/site-packages/airflow/example_dags/example_trigger_controller_dag.py took 0.431 seconds
[2022-09-24T19:55:13.287+0000] {processor.py:156} INFO - Started process (PID=1872) to work on /home/airflow/.local/lib/python3.7/site-packages/airflow/example_dags/example_trigger_controller_dag.py
[2022-09-24T19:55:13.291+0000] {processor.py:758} INFO - Processing file /home/airflow/.local/lib/python3.7/site-packages/airflow/example_dags/example_trigger_controller_dag.py for tasks to queue
[2022-09-24T19:55:13.294+0000] {logging_mixin.py:117} INFO - [2022-09-24T19:55:13.294+0000] {dagbag.py:525} INFO - Filling up the DagBag from /home/airflow/.local/lib/python3.7/site-packages/airflow/example_dags/example_trigger_controller_dag.py
[2022-09-24T19:55:13.331+0000] {processor.py:768} INFO - DAG(s) dict_keys(['example_trigger_controller_dag']) retrieved from /home/airflow/.local/lib/python3.7/site-packages/airflow/example_dags/example_trigger_controller_dag.py
[2022-09-24T19:55:13.503+0000] {logging_mixin.py:117} INFO - [2022-09-24T19:55:13.502+0000] {dag.py:2573} INFO - Sync 1 DAGs
[2022-09-24T19:55:13.578+0000] {logging_mixin.py:117} INFO - [2022-09-24T19:55:13.578+0000] {dag.py:3328} INFO - Setting next_dagrun for example_trigger_controller_dag to 2021-01-01T00:00:00+00:00, run_after=2021-01-01T00:00:00+00:00
[2022-09-24T19:55:13.627+0000] {processor.py:178} INFO - Processing /home/airflow/.local/lib/python3.7/site-packages/airflow/example_dags/example_trigger_controller_dag.py took 0.355 seconds
[2022-09-24T19:55:44.439+0000] {processor.py:156} INFO - Started process (PID=2072) to work on /home/airflow/.local/lib/python3.7/site-packages/airflow/example_dags/example_trigger_controller_dag.py
[2022-09-24T19:55:44.444+0000] {processor.py:758} INFO - Processing file /home/airflow/.local/lib/python3.7/site-packages/airflow/example_dags/example_trigger_controller_dag.py for tasks to queue
[2022-09-24T19:55:44.449+0000] {logging_mixin.py:117} INFO - [2022-09-24T19:55:44.449+0000] {dagbag.py:525} INFO - Filling up the DagBag from /home/airflow/.local/lib/python3.7/site-packages/airflow/example_dags/example_trigger_controller_dag.py
[2022-09-24T19:55:44.512+0000] {processor.py:768} INFO - DAG(s) dict_keys(['example_trigger_controller_dag']) retrieved from /home/airflow/.local/lib/python3.7/site-packages/airflow/example_dags/example_trigger_controller_dag.py
[2022-09-24T19:55:44.650+0000] {logging_mixin.py:117} INFO - [2022-09-24T19:55:44.650+0000] {dag.py:2573} INFO - Sync 1 DAGs
[2022-09-24T19:55:44.727+0000] {logging_mixin.py:117} INFO - [2022-09-24T19:55:44.726+0000] {dag.py:3328} INFO - Setting next_dagrun for example_trigger_controller_dag to 2021-01-01T00:00:00+00:00, run_after=2021-01-01T00:00:00+00:00
[2022-09-24T19:55:44.775+0000] {processor.py:178} INFO - Processing /home/airflow/.local/lib/python3.7/site-packages/airflow/example_dags/example_trigger_controller_dag.py took 0.346 seconds
[2022-09-24T19:56:15.487+0000] {processor.py:156} INFO - Started process (PID=2270) to work on /home/airflow/.local/lib/python3.7/site-packages/airflow/example_dags/example_trigger_controller_dag.py
[2022-09-24T19:56:15.493+0000] {processor.py:758} INFO - Processing file /home/airflow/.local/lib/python3.7/site-packages/airflow/example_dags/example_trigger_controller_dag.py for tasks to queue
[2022-09-24T19:56:15.498+0000] {logging_mixin.py:117} INFO - [2022-09-24T19:56:15.497+0000] {dagbag.py:525} INFO - Filling up the DagBag from /home/airflow/.local/lib/python3.7/site-packages/airflow/example_dags/example_trigger_controller_dag.py
[2022-09-24T19:56:15.538+0000] {processor.py:768} INFO - DAG(s) dict_keys(['example_trigger_controller_dag']) retrieved from /home/airflow/.local/lib/python3.7/site-packages/airflow/example_dags/example_trigger_controller_dag.py
[2022-09-24T19:56:15.670+0000] {logging_mixin.py:117} INFO - [2022-09-24T19:56:15.670+0000] {dag.py:2573} INFO - Sync 1 DAGs
[2022-09-24T19:56:15.748+0000] {logging_mixin.py:117} INFO - [2022-09-24T19:56:15.748+0000] {dag.py:3328} INFO - Setting next_dagrun for example_trigger_controller_dag to 2021-01-01T00:00:00+00:00, run_after=2021-01-01T00:00:00+00:00
[2022-09-24T19:56:15.808+0000] {processor.py:178} INFO - Processing /home/airflow/.local/lib/python3.7/site-packages/airflow/example_dags/example_trigger_controller_dag.py took 0.332 seconds
[2022-09-24T19:56:46.070+0000] {processor.py:156} INFO - Started process (PID=2468) to work on /home/airflow/.local/lib/python3.7/site-packages/airflow/example_dags/example_trigger_controller_dag.py
[2022-09-24T19:56:46.076+0000] {processor.py:758} INFO - Processing file /home/airflow/.local/lib/python3.7/site-packages/airflow/example_dags/example_trigger_controller_dag.py for tasks to queue
[2022-09-24T19:56:46.079+0000] {logging_mixin.py:117} INFO - [2022-09-24T19:56:46.078+0000] {dagbag.py:525} INFO - Filling up the DagBag from /home/airflow/.local/lib/python3.7/site-packages/airflow/example_dags/example_trigger_controller_dag.py
[2022-09-24T19:56:46.118+0000] {processor.py:768} INFO - DAG(s) dict_keys(['example_trigger_controller_dag']) retrieved from /home/airflow/.local/lib/python3.7/site-packages/airflow/example_dags/example_trigger_controller_dag.py
[2022-09-24T19:56:46.240+0000] {logging_mixin.py:117} INFO - [2022-09-24T19:56:46.240+0000] {dag.py:2573} INFO - Sync 1 DAGs
[2022-09-24T19:56:46.297+0000] {logging_mixin.py:117} INFO - [2022-09-24T19:56:46.297+0000] {dag.py:3328} INFO - Setting next_dagrun for example_trigger_controller_dag to 2021-01-01T00:00:00+00:00, run_after=2021-01-01T00:00:00+00:00
[2022-09-24T19:56:46.342+0000] {processor.py:178} INFO - Processing /home/airflow/.local/lib/python3.7/site-packages/airflow/example_dags/example_trigger_controller_dag.py took 0.286 seconds
[2022-09-24T19:57:19.977+0000] {processor.py:156} INFO - Started process (PID=2672) to work on /home/airflow/.local/lib/python3.7/site-packages/airflow/example_dags/example_trigger_controller_dag.py
[2022-09-24T19:57:19.983+0000] {processor.py:758} INFO - Processing file /home/airflow/.local/lib/python3.7/site-packages/airflow/example_dags/example_trigger_controller_dag.py for tasks to queue
[2022-09-24T19:57:19.988+0000] {logging_mixin.py:117} INFO - [2022-09-24T19:57:19.988+0000] {dagbag.py:525} INFO - Filling up the DagBag from /home/airflow/.local/lib/python3.7/site-packages/airflow/example_dags/example_trigger_controller_dag.py
[2022-09-24T19:57:20.350+0000] {processor.py:768} INFO - DAG(s) dict_keys(['example_trigger_controller_dag']) retrieved from /home/airflow/.local/lib/python3.7/site-packages/airflow/example_dags/example_trigger_controller_dag.py
[2022-09-24T19:57:21.905+0000] {logging_mixin.py:117} INFO - [2022-09-24T19:57:21.905+0000] {dag.py:2573} INFO - Sync 1 DAGs
[2022-09-24T19:57:22.472+0000] {logging_mixin.py:117} INFO - [2022-09-24T19:57:22.472+0000] {dag.py:3328} INFO - Setting next_dagrun for example_trigger_controller_dag to 2021-01-01T00:00:00+00:00, run_after=2021-01-01T00:00:00+00:00
[2022-09-24T19:57:22.610+0000] {processor.py:178} INFO - Processing /home/airflow/.local/lib/python3.7/site-packages/airflow/example_dags/example_trigger_controller_dag.py took 2.699 seconds
[2022-09-24T19:57:53.091+0000] {processor.py:156} INFO - Started process (PID=2875) to work on /home/airflow/.local/lib/python3.7/site-packages/airflow/example_dags/example_trigger_controller_dag.py
[2022-09-24T19:57:53.095+0000] {processor.py:758} INFO - Processing file /home/airflow/.local/lib/python3.7/site-packages/airflow/example_dags/example_trigger_controller_dag.py for tasks to queue
[2022-09-24T19:57:53.100+0000] {logging_mixin.py:117} INFO - [2022-09-24T19:57:53.099+0000] {dagbag.py:525} INFO - Filling up the DagBag from /home/airflow/.local/lib/python3.7/site-packages/airflow/example_dags/example_trigger_controller_dag.py
[2022-09-24T19:57:53.143+0000] {processor.py:768} INFO - DAG(s) dict_keys(['example_trigger_controller_dag']) retrieved from /home/airflow/.local/lib/python3.7/site-packages/airflow/example_dags/example_trigger_controller_dag.py
[2022-09-24T19:57:53.289+0000] {logging_mixin.py:117} INFO - [2022-09-24T19:57:53.289+0000] {dag.py:2573} INFO - Sync 1 DAGs
[2022-09-24T19:57:53.371+0000] {logging_mixin.py:117} INFO - [2022-09-24T19:57:53.371+0000] {dag.py:3328} INFO - Setting next_dagrun for example_trigger_controller_dag to 2021-01-01T00:00:00+00:00, run_after=2021-01-01T00:00:00+00:00
[2022-09-24T19:57:53.412+0000] {processor.py:178} INFO - Processing /home/airflow/.local/lib/python3.7/site-packages/airflow/example_dags/example_trigger_controller_dag.py took 0.332 seconds
[2022-09-24T19:58:24.308+0000] {processor.py:156} INFO - Started process (PID=3073) to work on /home/airflow/.local/lib/python3.7/site-packages/airflow/example_dags/example_trigger_controller_dag.py
[2022-09-24T19:58:24.316+0000] {processor.py:758} INFO - Processing file /home/airflow/.local/lib/python3.7/site-packages/airflow/example_dags/example_trigger_controller_dag.py for tasks to queue
[2022-09-24T19:58:24.322+0000] {logging_mixin.py:117} INFO - [2022-09-24T19:58:24.322+0000] {dagbag.py:525} INFO - Filling up the DagBag from /home/airflow/.local/lib/python3.7/site-packages/airflow/example_dags/example_trigger_controller_dag.py
[2022-09-24T19:58:24.388+0000] {processor.py:768} INFO - DAG(s) dict_keys(['example_trigger_controller_dag']) retrieved from /home/airflow/.local/lib/python3.7/site-packages/airflow/example_dags/example_trigger_controller_dag.py
[2022-09-24T19:58:24.562+0000] {logging_mixin.py:117} INFO - [2022-09-24T19:58:24.562+0000] {dag.py:2573} INFO - Sync 1 DAGs
[2022-09-24T19:58:24.667+0000] {logging_mixin.py:117} INFO - [2022-09-24T19:58:24.667+0000] {dag.py:3328} INFO - Setting next_dagrun for example_trigger_controller_dag to 2021-01-01T00:00:00+00:00, run_after=2021-01-01T00:00:00+00:00
[2022-09-24T19:58:24.729+0000] {processor.py:178} INFO - Processing /home/airflow/.local/lib/python3.7/site-packages/airflow/example_dags/example_trigger_controller_dag.py took 0.430 seconds
[2022-09-24T19:58:55.007+0000] {processor.py:156} INFO - Started process (PID=3271) to work on /home/airflow/.local/lib/python3.7/site-packages/airflow/example_dags/example_trigger_controller_dag.py
[2022-09-24T19:58:55.011+0000] {processor.py:758} INFO - Processing file /home/airflow/.local/lib/python3.7/site-packages/airflow/example_dags/example_trigger_controller_dag.py for tasks to queue
[2022-09-24T19:58:55.016+0000] {logging_mixin.py:117} INFO - [2022-09-24T19:58:55.015+0000] {dagbag.py:525} INFO - Filling up the DagBag from /home/airflow/.local/lib/python3.7/site-packages/airflow/example_dags/example_trigger_controller_dag.py
[2022-09-24T19:58:55.062+0000] {processor.py:768} INFO - DAG(s) dict_keys(['example_trigger_controller_dag']) retrieved from /home/airflow/.local/lib/python3.7/site-packages/airflow/example_dags/example_trigger_controller_dag.py
[2022-09-24T19:58:55.137+0000] {logging_mixin.py:117} INFO - [2022-09-24T19:58:55.137+0000] {dag.py:2573} INFO - Sync 1 DAGs
[2022-09-24T19:58:55.201+0000] {logging_mixin.py:117} INFO - [2022-09-24T19:58:55.200+0000] {dag.py:3328} INFO - Setting next_dagrun for example_trigger_controller_dag to 2021-01-01T00:00:00+00:00, run_after=2021-01-01T00:00:00+00:00
[2022-09-24T19:58:55.242+0000] {processor.py:178} INFO - Processing /home/airflow/.local/lib/python3.7/site-packages/airflow/example_dags/example_trigger_controller_dag.py took 0.249 seconds
[2022-09-24T19:59:25.859+0000] {processor.py:156} INFO - Started process (PID=3467) to work on /home/airflow/.local/lib/python3.7/site-packages/airflow/example_dags/example_trigger_controller_dag.py
[2022-09-24T19:59:25.865+0000] {processor.py:758} INFO - Processing file /home/airflow/.local/lib/python3.7/site-packages/airflow/example_dags/example_trigger_controller_dag.py for tasks to queue
[2022-09-24T19:59:25.885+0000] {logging_mixin.py:117} INFO - [2022-09-24T19:59:25.877+0000] {dagbag.py:525} INFO - Filling up the DagBag from /home/airflow/.local/lib/python3.7/site-packages/airflow/example_dags/example_trigger_controller_dag.py
[2022-09-24T19:59:26.087+0000] {processor.py:768} INFO - DAG(s) dict_keys(['example_trigger_controller_dag']) retrieved from /home/airflow/.local/lib/python3.7/site-packages/airflow/example_dags/example_trigger_controller_dag.py
[2022-09-24T19:59:26.388+0000] {logging_mixin.py:117} INFO - [2022-09-24T19:59:26.388+0000] {dag.py:2573} INFO - Sync 1 DAGs
[2022-09-24T19:59:26.536+0000] {logging_mixin.py:117} INFO - [2022-09-24T19:59:26.536+0000] {dag.py:3328} INFO - Setting next_dagrun for example_trigger_controller_dag to 2021-01-01T00:00:00+00:00, run_after=2021-01-01T00:00:00+00:00
[2022-09-24T19:59:26.632+0000] {processor.py:178} INFO - Processing /home/airflow/.local/lib/python3.7/site-packages/airflow/example_dags/example_trigger_controller_dag.py took 0.779 seconds
[2022-09-24T19:59:56.601+0000] {processor.py:156} INFO - Started process (PID=3663) to work on /home/airflow/.local/lib/python3.7/site-packages/airflow/example_dags/example_trigger_controller_dag.py
[2022-09-24T19:59:56.605+0000] {processor.py:758} INFO - Processing file /home/airflow/.local/lib/python3.7/site-packages/airflow/example_dags/example_trigger_controller_dag.py for tasks to queue
[2022-09-24T19:59:56.609+0000] {logging_mixin.py:117} INFO - [2022-09-24T19:59:56.608+0000] {dagbag.py:525} INFO - Filling up the DagBag from /home/airflow/.local/lib/python3.7/site-packages/airflow/example_dags/example_trigger_controller_dag.py
[2022-09-24T19:59:56.646+0000] {processor.py:768} INFO - DAG(s) dict_keys(['example_trigger_controller_dag']) retrieved from /home/airflow/.local/lib/python3.7/site-packages/airflow/example_dags/example_trigger_controller_dag.py
[2022-09-24T19:59:56.808+0000] {logging_mixin.py:117} INFO - [2022-09-24T19:59:56.808+0000] {dag.py:2573} INFO - Sync 1 DAGs
[2022-09-24T19:59:56.952+0000] {logging_mixin.py:117} INFO - [2022-09-24T19:59:56.951+0000] {dag.py:3328} INFO - Setting next_dagrun for example_trigger_controller_dag to 2021-01-01T00:00:00+00:00, run_after=2021-01-01T00:00:00+00:00
[2022-09-24T19:59:57.008+0000] {processor.py:178} INFO - Processing /home/airflow/.local/lib/python3.7/site-packages/airflow/example_dags/example_trigger_controller_dag.py took 0.417 seconds
[2022-09-24T20:00:27.254+0000] {processor.py:156} INFO - Started process (PID=3857) to work on /home/airflow/.local/lib/python3.7/site-packages/airflow/example_dags/example_trigger_controller_dag.py
[2022-09-24T20:00:27.262+0000] {processor.py:758} INFO - Processing file /home/airflow/.local/lib/python3.7/site-packages/airflow/example_dags/example_trigger_controller_dag.py for tasks to queue
[2022-09-24T20:00:27.269+0000] {logging_mixin.py:117} INFO - [2022-09-24T20:00:27.267+0000] {dagbag.py:525} INFO - Filling up the DagBag from /home/airflow/.local/lib/python3.7/site-packages/airflow/example_dags/example_trigger_controller_dag.py
[2022-09-24T20:00:27.349+0000] {processor.py:768} INFO - DAG(s) dict_keys(['example_trigger_controller_dag']) retrieved from /home/airflow/.local/lib/python3.7/site-packages/airflow/example_dags/example_trigger_controller_dag.py
[2022-09-24T20:00:27.503+0000] {logging_mixin.py:117} INFO - [2022-09-24T20:00:27.503+0000] {dag.py:2573} INFO - Sync 1 DAGs
[2022-09-24T20:00:27.617+0000] {logging_mixin.py:117} INFO - [2022-09-24T20:00:27.613+0000] {dag.py:3328} INFO - Setting next_dagrun for example_trigger_controller_dag to 2021-01-01T00:00:00+00:00, run_after=2021-01-01T00:00:00+00:00
[2022-09-24T20:00:27.756+0000] {processor.py:178} INFO - Processing /home/airflow/.local/lib/python3.7/site-packages/airflow/example_dags/example_trigger_controller_dag.py took 0.525 seconds
[2022-09-24T20:00:58.564+0000] {processor.py:156} INFO - Started process (PID=4057) to work on /home/airflow/.local/lib/python3.7/site-packages/airflow/example_dags/example_trigger_controller_dag.py
[2022-09-24T20:00:58.570+0000] {processor.py:758} INFO - Processing file /home/airflow/.local/lib/python3.7/site-packages/airflow/example_dags/example_trigger_controller_dag.py for tasks to queue
[2022-09-24T20:00:58.577+0000] {logging_mixin.py:117} INFO - [2022-09-24T20:00:58.576+0000] {dagbag.py:525} INFO - Filling up the DagBag from /home/airflow/.local/lib/python3.7/site-packages/airflow/example_dags/example_trigger_controller_dag.py
[2022-09-24T20:00:58.622+0000] {processor.py:768} INFO - DAG(s) dict_keys(['example_trigger_controller_dag']) retrieved from /home/airflow/.local/lib/python3.7/site-packages/airflow/example_dags/example_trigger_controller_dag.py
[2022-09-24T20:00:58.740+0000] {logging_mixin.py:117} INFO - [2022-09-24T20:00:58.740+0000] {dag.py:2573} INFO - Sync 1 DAGs
[2022-09-24T20:00:58.799+0000] {logging_mixin.py:117} INFO - [2022-09-24T20:00:58.798+0000] {dag.py:3328} INFO - Setting next_dagrun for example_trigger_controller_dag to 2021-01-01T00:00:00+00:00, run_after=2021-01-01T00:00:00+00:00
[2022-09-24T20:00:58.838+0000] {processor.py:178} INFO - Processing /home/airflow/.local/lib/python3.7/site-packages/airflow/example_dags/example_trigger_controller_dag.py took 0.281 seconds
[2022-09-24T20:01:29.407+0000] {processor.py:156} INFO - Started process (PID=4255) to work on /home/airflow/.local/lib/python3.7/site-packages/airflow/example_dags/example_trigger_controller_dag.py
[2022-09-24T20:01:29.412+0000] {processor.py:758} INFO - Processing file /home/airflow/.local/lib/python3.7/site-packages/airflow/example_dags/example_trigger_controller_dag.py for tasks to queue
[2022-09-24T20:01:29.416+0000] {logging_mixin.py:117} INFO - [2022-09-24T20:01:29.416+0000] {dagbag.py:525} INFO - Filling up the DagBag from /home/airflow/.local/lib/python3.7/site-packages/airflow/example_dags/example_trigger_controller_dag.py
[2022-09-24T20:01:29.443+0000] {processor.py:768} INFO - DAG(s) dict_keys(['example_trigger_controller_dag']) retrieved from /home/airflow/.local/lib/python3.7/site-packages/airflow/example_dags/example_trigger_controller_dag.py
[2022-09-24T20:01:29.535+0000] {logging_mixin.py:117} INFO - [2022-09-24T20:01:29.535+0000] {dag.py:2573} INFO - Sync 1 DAGs
[2022-09-24T20:01:29.595+0000] {logging_mixin.py:117} INFO - [2022-09-24T20:01:29.595+0000] {dag.py:3328} INFO - Setting next_dagrun for example_trigger_controller_dag to 2021-01-01T00:00:00+00:00, run_after=2021-01-01T00:00:00+00:00
[2022-09-24T20:01:29.660+0000] {processor.py:178} INFO - Processing /home/airflow/.local/lib/python3.7/site-packages/airflow/example_dags/example_trigger_controller_dag.py took 0.259 seconds
[2022-09-24T20:02:00.051+0000] {processor.py:156} INFO - Started process (PID=4453) to work on /home/airflow/.local/lib/python3.7/site-packages/airflow/example_dags/example_trigger_controller_dag.py
[2022-09-24T20:02:00.066+0000] {processor.py:758} INFO - Processing file /home/airflow/.local/lib/python3.7/site-packages/airflow/example_dags/example_trigger_controller_dag.py for tasks to queue
[2022-09-24T20:02:00.070+0000] {logging_mixin.py:117} INFO - [2022-09-24T20:02:00.070+0000] {dagbag.py:525} INFO - Filling up the DagBag from /home/airflow/.local/lib/python3.7/site-packages/airflow/example_dags/example_trigger_controller_dag.py
[2022-09-24T20:02:00.104+0000] {processor.py:768} INFO - DAG(s) dict_keys(['example_trigger_controller_dag']) retrieved from /home/airflow/.local/lib/python3.7/site-packages/airflow/example_dags/example_trigger_controller_dag.py
[2022-09-24T20:02:00.191+0000] {logging_mixin.py:117} INFO - [2022-09-24T20:02:00.191+0000] {dag.py:2573} INFO - Sync 1 DAGs
[2022-09-24T20:02:00.275+0000] {logging_mixin.py:117} INFO - [2022-09-24T20:02:00.274+0000] {dag.py:3328} INFO - Setting next_dagrun for example_trigger_controller_dag to 2021-01-01T00:00:00+00:00, run_after=2021-01-01T00:00:00+00:00
[2022-09-24T20:02:00.332+0000] {processor.py:178} INFO - Processing /home/airflow/.local/lib/python3.7/site-packages/airflow/example_dags/example_trigger_controller_dag.py took 0.290 seconds
[2022-09-24T20:02:30.635+0000] {processor.py:156} INFO - Started process (PID=4658) to work on /home/airflow/.local/lib/python3.7/site-packages/airflow/example_dags/example_trigger_controller_dag.py
[2022-09-24T20:02:30.639+0000] {processor.py:758} INFO - Processing file /home/airflow/.local/lib/python3.7/site-packages/airflow/example_dags/example_trigger_controller_dag.py for tasks to queue
[2022-09-24T20:02:30.642+0000] {logging_mixin.py:117} INFO - [2022-09-24T20:02:30.641+0000] {dagbag.py:525} INFO - Filling up the DagBag from /home/airflow/.local/lib/python3.7/site-packages/airflow/example_dags/example_trigger_controller_dag.py
[2022-09-24T20:02:30.670+0000] {processor.py:768} INFO - DAG(s) dict_keys(['example_trigger_controller_dag']) retrieved from /home/airflow/.local/lib/python3.7/site-packages/airflow/example_dags/example_trigger_controller_dag.py
[2022-09-24T20:02:30.803+0000] {logging_mixin.py:117} INFO - [2022-09-24T20:02:30.803+0000] {dag.py:2573} INFO - Sync 1 DAGs
[2022-09-24T20:02:30.890+0000] {logging_mixin.py:117} INFO - [2022-09-24T20:02:30.890+0000] {dag.py:3328} INFO - Setting next_dagrun for example_trigger_controller_dag to 2021-01-01T00:00:00+00:00, run_after=2021-01-01T00:00:00+00:00
[2022-09-24T20:02:30.929+0000] {processor.py:178} INFO - Processing /home/airflow/.local/lib/python3.7/site-packages/airflow/example_dags/example_trigger_controller_dag.py took 0.299 seconds
[2022-09-24T20:03:01.441+0000] {processor.py:156} INFO - Started process (PID=4857) to work on /home/airflow/.local/lib/python3.7/site-packages/airflow/example_dags/example_trigger_controller_dag.py
[2022-09-24T20:03:01.446+0000] {processor.py:758} INFO - Processing file /home/airflow/.local/lib/python3.7/site-packages/airflow/example_dags/example_trigger_controller_dag.py for tasks to queue
[2022-09-24T20:03:01.449+0000] {logging_mixin.py:117} INFO - [2022-09-24T20:03:01.449+0000] {dagbag.py:525} INFO - Filling up the DagBag from /home/airflow/.local/lib/python3.7/site-packages/airflow/example_dags/example_trigger_controller_dag.py
[2022-09-24T20:03:01.474+0000] {processor.py:768} INFO - DAG(s) dict_keys(['example_trigger_controller_dag']) retrieved from /home/airflow/.local/lib/python3.7/site-packages/airflow/example_dags/example_trigger_controller_dag.py
[2022-09-24T20:03:01.563+0000] {logging_mixin.py:117} INFO - [2022-09-24T20:03:01.563+0000] {dag.py:2573} INFO - Sync 1 DAGs
[2022-09-24T20:03:01.613+0000] {logging_mixin.py:117} INFO - [2022-09-24T20:03:01.613+0000] {dag.py:3328} INFO - Setting next_dagrun for example_trigger_controller_dag to 2021-01-01T00:00:00+00:00, run_after=2021-01-01T00:00:00+00:00
[2022-09-24T20:03:01.655+0000] {processor.py:178} INFO - Processing /home/airflow/.local/lib/python3.7/site-packages/airflow/example_dags/example_trigger_controller_dag.py took 0.220 seconds
[2022-09-24T20:03:40.050+0000] {processor.py:156} INFO - Started process (PID=5070) to work on /home/airflow/.local/lib/python3.7/site-packages/airflow/example_dags/example_trigger_controller_dag.py
[2022-09-24T20:03:40.054+0000] {processor.py:758} INFO - Processing file /home/airflow/.local/lib/python3.7/site-packages/airflow/example_dags/example_trigger_controller_dag.py for tasks to queue
[2022-09-24T20:03:40.058+0000] {logging_mixin.py:117} INFO - [2022-09-24T20:03:40.057+0000] {dagbag.py:525} INFO - Filling up the DagBag from /home/airflow/.local/lib/python3.7/site-packages/airflow/example_dags/example_trigger_controller_dag.py
[2022-09-24T20:03:40.088+0000] {processor.py:768} INFO - DAG(s) dict_keys(['example_trigger_controller_dag']) retrieved from /home/airflow/.local/lib/python3.7/site-packages/airflow/example_dags/example_trigger_controller_dag.py
[2022-09-24T20:03:40.266+0000] {logging_mixin.py:117} INFO - [2022-09-24T20:03:40.266+0000] {dag.py:2573} INFO - Sync 1 DAGs
[2022-09-24T20:03:40.369+0000] {logging_mixin.py:117} INFO - [2022-09-24T20:03:40.369+0000] {dag.py:3328} INFO - Setting next_dagrun for example_trigger_controller_dag to 2021-01-01T00:00:00+00:00, run_after=2021-01-01T00:00:00+00:00
[2022-09-24T20:03:40.465+0000] {processor.py:178} INFO - Processing /home/airflow/.local/lib/python3.7/site-packages/airflow/example_dags/example_trigger_controller_dag.py took 0.422 seconds
[2022-09-24T20:04:11.903+0000] {processor.py:156} INFO - Started process (PID=5268) to work on /home/airflow/.local/lib/python3.7/site-packages/airflow/example_dags/example_trigger_controller_dag.py
[2022-09-24T20:04:11.908+0000] {processor.py:758} INFO - Processing file /home/airflow/.local/lib/python3.7/site-packages/airflow/example_dags/example_trigger_controller_dag.py for tasks to queue
[2022-09-24T20:04:11.912+0000] {logging_mixin.py:117} INFO - [2022-09-24T20:04:11.911+0000] {dagbag.py:525} INFO - Filling up the DagBag from /home/airflow/.local/lib/python3.7/site-packages/airflow/example_dags/example_trigger_controller_dag.py
[2022-09-24T20:04:11.945+0000] {processor.py:768} INFO - DAG(s) dict_keys(['example_trigger_controller_dag']) retrieved from /home/airflow/.local/lib/python3.7/site-packages/airflow/example_dags/example_trigger_controller_dag.py
[2022-09-24T20:04:12.039+0000] {logging_mixin.py:117} INFO - [2022-09-24T20:04:12.039+0000] {dag.py:2573} INFO - Sync 1 DAGs
[2022-09-24T20:04:12.106+0000] {logging_mixin.py:117} INFO - [2022-09-24T20:04:12.105+0000] {dag.py:3328} INFO - Setting next_dagrun for example_trigger_controller_dag to 2021-01-01T00:00:00+00:00, run_after=2021-01-01T00:00:00+00:00
[2022-09-24T20:04:12.168+0000] {processor.py:178} INFO - Processing /home/airflow/.local/lib/python3.7/site-packages/airflow/example_dags/example_trigger_controller_dag.py took 0.277 seconds
[2022-09-24T20:04:42.379+0000] {processor.py:156} INFO - Started process (PID=5461) to work on /home/airflow/.local/lib/python3.7/site-packages/airflow/example_dags/example_trigger_controller_dag.py
[2022-09-24T20:04:42.390+0000] {processor.py:758} INFO - Processing file /home/airflow/.local/lib/python3.7/site-packages/airflow/example_dags/example_trigger_controller_dag.py for tasks to queue
[2022-09-24T20:04:42.402+0000] {logging_mixin.py:117} INFO - [2022-09-24T20:04:42.402+0000] {dagbag.py:525} INFO - Filling up the DagBag from /home/airflow/.local/lib/python3.7/site-packages/airflow/example_dags/example_trigger_controller_dag.py
[2022-09-24T20:04:42.458+0000] {processor.py:768} INFO - DAG(s) dict_keys(['example_trigger_controller_dag']) retrieved from /home/airflow/.local/lib/python3.7/site-packages/airflow/example_dags/example_trigger_controller_dag.py
[2022-09-24T20:04:42.600+0000] {logging_mixin.py:117} INFO - [2022-09-24T20:04:42.599+0000] {dag.py:2573} INFO - Sync 1 DAGs
[2022-09-24T20:04:42.900+0000] {logging_mixin.py:117} INFO - [2022-09-24T20:04:42.900+0000] {dag.py:3328} INFO - Setting next_dagrun for example_trigger_controller_dag to 2021-01-01T00:00:00+00:00, run_after=2021-01-01T00:00:00+00:00
[2022-09-24T20:04:42.977+0000] {processor.py:178} INFO - Processing /home/airflow/.local/lib/python3.7/site-packages/airflow/example_dags/example_trigger_controller_dag.py took 0.606 seconds
[2022-09-24T20:05:13.472+0000] {processor.py:156} INFO - Started process (PID=5654) to work on /home/airflow/.local/lib/python3.7/site-packages/airflow/example_dags/example_trigger_controller_dag.py
[2022-09-24T20:05:13.477+0000] {processor.py:758} INFO - Processing file /home/airflow/.local/lib/python3.7/site-packages/airflow/example_dags/example_trigger_controller_dag.py for tasks to queue
[2022-09-24T20:05:13.485+0000] {logging_mixin.py:117} INFO - [2022-09-24T20:05:13.483+0000] {dagbag.py:525} INFO - Filling up the DagBag from /home/airflow/.local/lib/python3.7/site-packages/airflow/example_dags/example_trigger_controller_dag.py
[2022-09-24T20:05:13.655+0000] {processor.py:768} INFO - DAG(s) dict_keys(['example_trigger_controller_dag']) retrieved from /home/airflow/.local/lib/python3.7/site-packages/airflow/example_dags/example_trigger_controller_dag.py
[2022-09-24T20:05:14.131+0000] {logging_mixin.py:117} INFO - [2022-09-24T20:05:14.131+0000] {dag.py:2573} INFO - Sync 1 DAGs
[2022-09-24T20:05:14.397+0000] {logging_mixin.py:117} INFO - [2022-09-24T20:05:14.397+0000] {dag.py:3328} INFO - Setting next_dagrun for example_trigger_controller_dag to 2021-01-01T00:00:00+00:00, run_after=2021-01-01T00:00:00+00:00
[2022-09-24T20:05:14.452+0000] {processor.py:178} INFO - Processing /home/airflow/.local/lib/python3.7/site-packages/airflow/example_dags/example_trigger_controller_dag.py took 1.004 seconds
[2022-09-24T20:05:45.225+0000] {processor.py:156} INFO - Started process (PID=5850) to work on /home/airflow/.local/lib/python3.7/site-packages/airflow/example_dags/example_trigger_controller_dag.py
[2022-09-24T20:05:45.232+0000] {processor.py:758} INFO - Processing file /home/airflow/.local/lib/python3.7/site-packages/airflow/example_dags/example_trigger_controller_dag.py for tasks to queue
[2022-09-24T20:05:45.241+0000] {logging_mixin.py:117} INFO - [2022-09-24T20:05:45.239+0000] {dagbag.py:525} INFO - Filling up the DagBag from /home/airflow/.local/lib/python3.7/site-packages/airflow/example_dags/example_trigger_controller_dag.py
[2022-09-24T20:05:45.299+0000] {processor.py:768} INFO - DAG(s) dict_keys(['example_trigger_controller_dag']) retrieved from /home/airflow/.local/lib/python3.7/site-packages/airflow/example_dags/example_trigger_controller_dag.py
[2022-09-24T20:05:45.442+0000] {logging_mixin.py:117} INFO - [2022-09-24T20:05:45.442+0000] {dag.py:2573} INFO - Sync 1 DAGs
[2022-09-24T20:05:45.529+0000] {logging_mixin.py:117} INFO - [2022-09-24T20:05:45.529+0000] {dag.py:3328} INFO - Setting next_dagrun for example_trigger_controller_dag to 2021-01-01T00:00:00+00:00, run_after=2021-01-01T00:00:00+00:00
[2022-09-24T20:05:45.600+0000] {processor.py:178} INFO - Processing /home/airflow/.local/lib/python3.7/site-packages/airflow/example_dags/example_trigger_controller_dag.py took 0.387 seconds
[2022-09-24T20:06:15.945+0000] {processor.py:156} INFO - Started process (PID=6048) to work on /home/airflow/.local/lib/python3.7/site-packages/airflow/example_dags/example_trigger_controller_dag.py
[2022-09-24T20:06:15.950+0000] {processor.py:758} INFO - Processing file /home/airflow/.local/lib/python3.7/site-packages/airflow/example_dags/example_trigger_controller_dag.py for tasks to queue
[2022-09-24T20:06:15.960+0000] {logging_mixin.py:117} INFO - [2022-09-24T20:06:15.959+0000] {dagbag.py:525} INFO - Filling up the DagBag from /home/airflow/.local/lib/python3.7/site-packages/airflow/example_dags/example_trigger_controller_dag.py
[2022-09-24T20:06:16.001+0000] {processor.py:768} INFO - DAG(s) dict_keys(['example_trigger_controller_dag']) retrieved from /home/airflow/.local/lib/python3.7/site-packages/airflow/example_dags/example_trigger_controller_dag.py
[2022-09-24T20:06:16.111+0000] {logging_mixin.py:117} INFO - [2022-09-24T20:06:16.111+0000] {dag.py:2573} INFO - Sync 1 DAGs
[2022-09-24T20:06:16.180+0000] {logging_mixin.py:117} INFO - [2022-09-24T20:06:16.180+0000] {dag.py:3328} INFO - Setting next_dagrun for example_trigger_controller_dag to 2021-01-01T00:00:00+00:00, run_after=2021-01-01T00:00:00+00:00
[2022-09-24T20:06:16.237+0000] {processor.py:178} INFO - Processing /home/airflow/.local/lib/python3.7/site-packages/airflow/example_dags/example_trigger_controller_dag.py took 0.311 seconds
[2022-09-24T20:06:46.327+0000] {processor.py:156} INFO - Started process (PID=6245) to work on /home/airflow/.local/lib/python3.7/site-packages/airflow/example_dags/example_trigger_controller_dag.py
[2022-09-24T20:06:46.330+0000] {processor.py:758} INFO - Processing file /home/airflow/.local/lib/python3.7/site-packages/airflow/example_dags/example_trigger_controller_dag.py for tasks to queue
[2022-09-24T20:06:46.332+0000] {logging_mixin.py:117} INFO - [2022-09-24T20:06:46.332+0000] {dagbag.py:525} INFO - Filling up the DagBag from /home/airflow/.local/lib/python3.7/site-packages/airflow/example_dags/example_trigger_controller_dag.py
[2022-09-24T20:06:46.374+0000] {processor.py:768} INFO - DAG(s) dict_keys(['example_trigger_controller_dag']) retrieved from /home/airflow/.local/lib/python3.7/site-packages/airflow/example_dags/example_trigger_controller_dag.py
[2022-09-24T20:06:46.592+0000] {logging_mixin.py:117} INFO - [2022-09-24T20:06:46.592+0000] {dag.py:2573} INFO - Sync 1 DAGs
[2022-09-24T20:06:46.773+0000] {logging_mixin.py:117} INFO - [2022-09-24T20:06:46.768+0000] {dag.py:3328} INFO - Setting next_dagrun for example_trigger_controller_dag to 2021-01-01T00:00:00+00:00, run_after=2021-01-01T00:00:00+00:00
[2022-09-24T20:06:46.897+0000] {processor.py:178} INFO - Processing /home/airflow/.local/lib/python3.7/site-packages/airflow/example_dags/example_trigger_controller_dag.py took 0.584 seconds
[2022-09-24T20:07:17.048+0000] {processor.py:156} INFO - Started process (PID=6444) to work on /home/airflow/.local/lib/python3.7/site-packages/airflow/example_dags/example_trigger_controller_dag.py
[2022-09-24T20:07:17.051+0000] {processor.py:758} INFO - Processing file /home/airflow/.local/lib/python3.7/site-packages/airflow/example_dags/example_trigger_controller_dag.py for tasks to queue
[2022-09-24T20:07:17.053+0000] {logging_mixin.py:117} INFO - [2022-09-24T20:07:17.053+0000] {dagbag.py:525} INFO - Filling up the DagBag from /home/airflow/.local/lib/python3.7/site-packages/airflow/example_dags/example_trigger_controller_dag.py
[2022-09-24T20:07:17.077+0000] {processor.py:768} INFO - DAG(s) dict_keys(['example_trigger_controller_dag']) retrieved from /home/airflow/.local/lib/python3.7/site-packages/airflow/example_dags/example_trigger_controller_dag.py
[2022-09-24T20:07:17.152+0000] {logging_mixin.py:117} INFO - [2022-09-24T20:07:17.152+0000] {dag.py:2573} INFO - Sync 1 DAGs
[2022-09-24T20:07:17.198+0000] {logging_mixin.py:117} INFO - [2022-09-24T20:07:17.198+0000] {dag.py:3328} INFO - Setting next_dagrun for example_trigger_controller_dag to 2021-01-01T00:00:00+00:00, run_after=2021-01-01T00:00:00+00:00
[2022-09-24T20:07:17.240+0000] {processor.py:178} INFO - Processing /home/airflow/.local/lib/python3.7/site-packages/airflow/example_dags/example_trigger_controller_dag.py took 0.198 seconds
[2022-09-24T20:07:47.617+0000] {processor.py:156} INFO - Started process (PID=6651) to work on /home/airflow/.local/lib/python3.7/site-packages/airflow/example_dags/example_trigger_controller_dag.py
[2022-09-24T20:07:47.621+0000] {processor.py:758} INFO - Processing file /home/airflow/.local/lib/python3.7/site-packages/airflow/example_dags/example_trigger_controller_dag.py for tasks to queue
[2022-09-24T20:07:47.625+0000] {logging_mixin.py:117} INFO - [2022-09-24T20:07:47.624+0000] {dagbag.py:525} INFO - Filling up the DagBag from /home/airflow/.local/lib/python3.7/site-packages/airflow/example_dags/example_trigger_controller_dag.py
[2022-09-24T20:07:47.655+0000] {processor.py:768} INFO - DAG(s) dict_keys(['example_trigger_controller_dag']) retrieved from /home/airflow/.local/lib/python3.7/site-packages/airflow/example_dags/example_trigger_controller_dag.py
[2022-09-24T20:07:47.732+0000] {logging_mixin.py:117} INFO - [2022-09-24T20:07:47.732+0000] {dag.py:2573} INFO - Sync 1 DAGs
[2022-09-24T20:07:47.781+0000] {logging_mixin.py:117} INFO - [2022-09-24T20:07:47.780+0000] {dag.py:3328} INFO - Setting next_dagrun for example_trigger_controller_dag to 2021-01-01T00:00:00+00:00, run_after=2021-01-01T00:00:00+00:00
[2022-09-24T20:07:47.818+0000] {processor.py:178} INFO - Processing /home/airflow/.local/lib/python3.7/site-packages/airflow/example_dags/example_trigger_controller_dag.py took 0.211 seconds
[2022-09-24T20:08:18.149+0000] {processor.py:156} INFO - Started process (PID=6849) to work on /home/airflow/.local/lib/python3.7/site-packages/airflow/example_dags/example_trigger_controller_dag.py
[2022-09-24T20:08:18.154+0000] {processor.py:758} INFO - Processing file /home/airflow/.local/lib/python3.7/site-packages/airflow/example_dags/example_trigger_controller_dag.py for tasks to queue
[2022-09-24T20:08:18.157+0000] {logging_mixin.py:117} INFO - [2022-09-24T20:08:18.156+0000] {dagbag.py:525} INFO - Filling up the DagBag from /home/airflow/.local/lib/python3.7/site-packages/airflow/example_dags/example_trigger_controller_dag.py
[2022-09-24T20:08:18.186+0000] {processor.py:768} INFO - DAG(s) dict_keys(['example_trigger_controller_dag']) retrieved from /home/airflow/.local/lib/python3.7/site-packages/airflow/example_dags/example_trigger_controller_dag.py
[2022-09-24T20:08:18.290+0000] {logging_mixin.py:117} INFO - [2022-09-24T20:08:18.290+0000] {dag.py:2573} INFO - Sync 1 DAGs
[2022-09-24T20:08:18.341+0000] {logging_mixin.py:117} INFO - [2022-09-24T20:08:18.341+0000] {dag.py:3328} INFO - Setting next_dagrun for example_trigger_controller_dag to 2021-01-01T00:00:00+00:00, run_after=2021-01-01T00:00:00+00:00
[2022-09-24T20:08:18.381+0000] {processor.py:178} INFO - Processing /home/airflow/.local/lib/python3.7/site-packages/airflow/example_dags/example_trigger_controller_dag.py took 0.238 seconds
[2022-09-24T20:08:48.656+0000] {processor.py:156} INFO - Started process (PID=7058) to work on /home/airflow/.local/lib/python3.7/site-packages/airflow/example_dags/example_trigger_controller_dag.py
[2022-09-24T20:08:48.661+0000] {processor.py:758} INFO - Processing file /home/airflow/.local/lib/python3.7/site-packages/airflow/example_dags/example_trigger_controller_dag.py for tasks to queue
[2022-09-24T20:08:48.666+0000] {logging_mixin.py:117} INFO - [2022-09-24T20:08:48.665+0000] {dagbag.py:525} INFO - Filling up the DagBag from /home/airflow/.local/lib/python3.7/site-packages/airflow/example_dags/example_trigger_controller_dag.py
[2022-09-24T20:08:48.699+0000] {processor.py:768} INFO - DAG(s) dict_keys(['example_trigger_controller_dag']) retrieved from /home/airflow/.local/lib/python3.7/site-packages/airflow/example_dags/example_trigger_controller_dag.py
[2022-09-24T20:08:48.840+0000] {logging_mixin.py:117} INFO - [2022-09-24T20:08:48.839+0000] {dag.py:2573} INFO - Sync 1 DAGs
[2022-09-24T20:08:48.933+0000] {logging_mixin.py:117} INFO - [2022-09-24T20:08:48.933+0000] {dag.py:3328} INFO - Setting next_dagrun for example_trigger_controller_dag to 2021-01-01T00:00:00+00:00, run_after=2021-01-01T00:00:00+00:00
[2022-09-24T20:08:48.991+0000] {processor.py:178} INFO - Processing /home/airflow/.local/lib/python3.7/site-packages/airflow/example_dags/example_trigger_controller_dag.py took 0.349 seconds
[2022-09-24T20:09:19.118+0000] {processor.py:156} INFO - Started process (PID=7256) to work on /home/airflow/.local/lib/python3.7/site-packages/airflow/example_dags/example_trigger_controller_dag.py
[2022-09-24T20:09:19.121+0000] {processor.py:758} INFO - Processing file /home/airflow/.local/lib/python3.7/site-packages/airflow/example_dags/example_trigger_controller_dag.py for tasks to queue
[2022-09-24T20:09:19.124+0000] {logging_mixin.py:117} INFO - [2022-09-24T20:09:19.123+0000] {dagbag.py:525} INFO - Filling up the DagBag from /home/airflow/.local/lib/python3.7/site-packages/airflow/example_dags/example_trigger_controller_dag.py
[2022-09-24T20:09:19.149+0000] {processor.py:768} INFO - DAG(s) dict_keys(['example_trigger_controller_dag']) retrieved from /home/airflow/.local/lib/python3.7/site-packages/airflow/example_dags/example_trigger_controller_dag.py
[2022-09-24T20:09:19.225+0000] {logging_mixin.py:117} INFO - [2022-09-24T20:09:19.224+0000] {dag.py:2573} INFO - Sync 1 DAGs
[2022-09-24T20:09:19.269+0000] {logging_mixin.py:117} INFO - [2022-09-24T20:09:19.269+0000] {dag.py:3328} INFO - Setting next_dagrun for example_trigger_controller_dag to 2021-01-01T00:00:00+00:00, run_after=2021-01-01T00:00:00+00:00
[2022-09-24T20:09:19.318+0000] {processor.py:178} INFO - Processing /home/airflow/.local/lib/python3.7/site-packages/airflow/example_dags/example_trigger_controller_dag.py took 0.206 seconds
[2022-09-24T20:09:49.544+0000] {processor.py:156} INFO - Started process (PID=7455) to work on /home/airflow/.local/lib/python3.7/site-packages/airflow/example_dags/example_trigger_controller_dag.py
[2022-09-24T20:09:49.548+0000] {processor.py:758} INFO - Processing file /home/airflow/.local/lib/python3.7/site-packages/airflow/example_dags/example_trigger_controller_dag.py for tasks to queue
[2022-09-24T20:09:49.552+0000] {logging_mixin.py:117} INFO - [2022-09-24T20:09:49.552+0000] {dagbag.py:525} INFO - Filling up the DagBag from /home/airflow/.local/lib/python3.7/site-packages/airflow/example_dags/example_trigger_controller_dag.py
[2022-09-24T20:09:49.580+0000] {processor.py:768} INFO - DAG(s) dict_keys(['example_trigger_controller_dag']) retrieved from /home/airflow/.local/lib/python3.7/site-packages/airflow/example_dags/example_trigger_controller_dag.py
[2022-09-24T20:09:49.654+0000] {logging_mixin.py:117} INFO - [2022-09-24T20:09:49.654+0000] {dag.py:2573} INFO - Sync 1 DAGs
[2022-09-24T20:09:49.707+0000] {logging_mixin.py:117} INFO - [2022-09-24T20:09:49.707+0000] {dag.py:3328} INFO - Setting next_dagrun for example_trigger_controller_dag to 2021-01-01T00:00:00+00:00, run_after=2021-01-01T00:00:00+00:00
[2022-09-24T20:09:49.751+0000] {processor.py:178} INFO - Processing /home/airflow/.local/lib/python3.7/site-packages/airflow/example_dags/example_trigger_controller_dag.py took 0.217 seconds
[2022-09-24T20:10:20.101+0000] {processor.py:156} INFO - Started process (PID=7662) to work on /home/airflow/.local/lib/python3.7/site-packages/airflow/example_dags/example_trigger_controller_dag.py
[2022-09-24T20:10:20.103+0000] {processor.py:758} INFO - Processing file /home/airflow/.local/lib/python3.7/site-packages/airflow/example_dags/example_trigger_controller_dag.py for tasks to queue
[2022-09-24T20:10:20.107+0000] {logging_mixin.py:117} INFO - [2022-09-24T20:10:20.106+0000] {dagbag.py:525} INFO - Filling up the DagBag from /home/airflow/.local/lib/python3.7/site-packages/airflow/example_dags/example_trigger_controller_dag.py
[2022-09-24T20:10:20.134+0000] {processor.py:768} INFO - DAG(s) dict_keys(['example_trigger_controller_dag']) retrieved from /home/airflow/.local/lib/python3.7/site-packages/airflow/example_dags/example_trigger_controller_dag.py
[2022-09-24T20:10:20.210+0000] {logging_mixin.py:117} INFO - [2022-09-24T20:10:20.210+0000] {dag.py:2573} INFO - Sync 1 DAGs
[2022-09-24T20:10:20.284+0000] {logging_mixin.py:117} INFO - [2022-09-24T20:10:20.284+0000] {dag.py:3328} INFO - Setting next_dagrun for example_trigger_controller_dag to 2021-01-01T00:00:00+00:00, run_after=2021-01-01T00:00:00+00:00
[2022-09-24T20:10:20.348+0000] {processor.py:178} INFO - Processing /home/airflow/.local/lib/python3.7/site-packages/airflow/example_dags/example_trigger_controller_dag.py took 0.254 seconds
[2022-09-24T20:10:50.820+0000] {processor.py:156} INFO - Started process (PID=7860) to work on /home/airflow/.local/lib/python3.7/site-packages/airflow/example_dags/example_trigger_controller_dag.py
[2022-09-24T20:10:50.824+0000] {processor.py:758} INFO - Processing file /home/airflow/.local/lib/python3.7/site-packages/airflow/example_dags/example_trigger_controller_dag.py for tasks to queue
[2022-09-24T20:10:50.827+0000] {logging_mixin.py:117} INFO - [2022-09-24T20:10:50.827+0000] {dagbag.py:525} INFO - Filling up the DagBag from /home/airflow/.local/lib/python3.7/site-packages/airflow/example_dags/example_trigger_controller_dag.py
[2022-09-24T20:10:50.852+0000] {processor.py:768} INFO - DAG(s) dict_keys(['example_trigger_controller_dag']) retrieved from /home/airflow/.local/lib/python3.7/site-packages/airflow/example_dags/example_trigger_controller_dag.py
[2022-09-24T20:10:50.928+0000] {logging_mixin.py:117} INFO - [2022-09-24T20:10:50.928+0000] {dag.py:2573} INFO - Sync 1 DAGs
[2022-09-24T20:10:50.980+0000] {logging_mixin.py:117} INFO - [2022-09-24T20:10:50.980+0000] {dag.py:3328} INFO - Setting next_dagrun for example_trigger_controller_dag to 2021-01-01T00:00:00+00:00, run_after=2021-01-01T00:00:00+00:00
[2022-09-24T20:10:51.023+0000] {processor.py:178} INFO - Processing /home/airflow/.local/lib/python3.7/site-packages/airflow/example_dags/example_trigger_controller_dag.py took 0.214 seconds
[2022-09-24T20:11:21.666+0000] {processor.py:156} INFO - Started process (PID=8066) to work on /home/airflow/.local/lib/python3.7/site-packages/airflow/example_dags/example_trigger_controller_dag.py
[2022-09-24T20:11:21.679+0000] {processor.py:758} INFO - Processing file /home/airflow/.local/lib/python3.7/site-packages/airflow/example_dags/example_trigger_controller_dag.py for tasks to queue
[2022-09-24T20:11:21.683+0000] {logging_mixin.py:117} INFO - [2022-09-24T20:11:21.682+0000] {dagbag.py:525} INFO - Filling up the DagBag from /home/airflow/.local/lib/python3.7/site-packages/airflow/example_dags/example_trigger_controller_dag.py
[2022-09-24T20:11:21.731+0000] {processor.py:768} INFO - DAG(s) dict_keys(['example_trigger_controller_dag']) retrieved from /home/airflow/.local/lib/python3.7/site-packages/airflow/example_dags/example_trigger_controller_dag.py
[2022-09-24T20:11:21.864+0000] {logging_mixin.py:117} INFO - [2022-09-24T20:11:21.864+0000] {dag.py:2573} INFO - Sync 1 DAGs
[2022-09-24T20:11:21.984+0000] {logging_mixin.py:117} INFO - [2022-09-24T20:11:21.984+0000] {dag.py:3328} INFO - Setting next_dagrun for example_trigger_controller_dag to 2021-01-01T00:00:00+00:00, run_after=2021-01-01T00:00:00+00:00
[2022-09-24T20:11:22.132+0000] {processor.py:178} INFO - Processing /home/airflow/.local/lib/python3.7/site-packages/airflow/example_dags/example_trigger_controller_dag.py took 0.481 seconds
[2022-09-24T20:11:52.558+0000] {processor.py:156} INFO - Started process (PID=8264) to work on /home/airflow/.local/lib/python3.7/site-packages/airflow/example_dags/example_trigger_controller_dag.py
[2022-09-24T20:11:52.569+0000] {processor.py:758} INFO - Processing file /home/airflow/.local/lib/python3.7/site-packages/airflow/example_dags/example_trigger_controller_dag.py for tasks to queue
[2022-09-24T20:11:52.577+0000] {logging_mixin.py:117} INFO - [2022-09-24T20:11:52.576+0000] {dagbag.py:525} INFO - Filling up the DagBag from /home/airflow/.local/lib/python3.7/site-packages/airflow/example_dags/example_trigger_controller_dag.py
[2022-09-24T20:11:52.613+0000] {processor.py:768} INFO - DAG(s) dict_keys(['example_trigger_controller_dag']) retrieved from /home/airflow/.local/lib/python3.7/site-packages/airflow/example_dags/example_trigger_controller_dag.py
[2022-09-24T20:11:52.713+0000] {logging_mixin.py:117} INFO - [2022-09-24T20:11:52.713+0000] {dag.py:2573} INFO - Sync 1 DAGs
[2022-09-24T20:11:52.770+0000] {logging_mixin.py:117} INFO - [2022-09-24T20:11:52.770+0000] {dag.py:3328} INFO - Setting next_dagrun for example_trigger_controller_dag to 2021-01-01T00:00:00+00:00, run_after=2021-01-01T00:00:00+00:00
[2022-09-24T20:11:52.819+0000] {processor.py:178} INFO - Processing /home/airflow/.local/lib/python3.7/site-packages/airflow/example_dags/example_trigger_controller_dag.py took 0.275 seconds
[2022-09-24T20:12:23.654+0000] {processor.py:156} INFO - Started process (PID=8461) to work on /home/airflow/.local/lib/python3.7/site-packages/airflow/example_dags/example_trigger_controller_dag.py
[2022-09-24T20:12:23.662+0000] {processor.py:758} INFO - Processing file /home/airflow/.local/lib/python3.7/site-packages/airflow/example_dags/example_trigger_controller_dag.py for tasks to queue
[2022-09-24T20:12:23.667+0000] {logging_mixin.py:117} INFO - [2022-09-24T20:12:23.666+0000] {dagbag.py:525} INFO - Filling up the DagBag from /home/airflow/.local/lib/python3.7/site-packages/airflow/example_dags/example_trigger_controller_dag.py
[2022-09-24T20:12:23.732+0000] {processor.py:768} INFO - DAG(s) dict_keys(['example_trigger_controller_dag']) retrieved from /home/airflow/.local/lib/python3.7/site-packages/airflow/example_dags/example_trigger_controller_dag.py
[2022-09-24T20:12:24.014+0000] {logging_mixin.py:117} INFO - [2022-09-24T20:12:24.014+0000] {dag.py:2573} INFO - Sync 1 DAGs
[2022-09-24T20:12:24.131+0000] {logging_mixin.py:117} INFO - [2022-09-24T20:12:24.130+0000] {dag.py:3328} INFO - Setting next_dagrun for example_trigger_controller_dag to 2021-01-01T00:00:00+00:00, run_after=2021-01-01T00:00:00+00:00
[2022-09-24T20:12:24.179+0000] {processor.py:178} INFO - Processing /home/airflow/.local/lib/python3.7/site-packages/airflow/example_dags/example_trigger_controller_dag.py took 0.571 seconds
[2022-09-24T20:12:54.638+0000] {processor.py:156} INFO - Started process (PID=8658) to work on /home/airflow/.local/lib/python3.7/site-packages/airflow/example_dags/example_trigger_controller_dag.py
[2022-09-24T20:12:54.646+0000] {processor.py:758} INFO - Processing file /home/airflow/.local/lib/python3.7/site-packages/airflow/example_dags/example_trigger_controller_dag.py for tasks to queue
[2022-09-24T20:12:54.649+0000] {logging_mixin.py:117} INFO - [2022-09-24T20:12:54.648+0000] {dagbag.py:525} INFO - Filling up the DagBag from /home/airflow/.local/lib/python3.7/site-packages/airflow/example_dags/example_trigger_controller_dag.py
[2022-09-24T20:12:54.687+0000] {processor.py:768} INFO - DAG(s) dict_keys(['example_trigger_controller_dag']) retrieved from /home/airflow/.local/lib/python3.7/site-packages/airflow/example_dags/example_trigger_controller_dag.py
[2022-09-24T20:12:54.867+0000] {logging_mixin.py:117} INFO - [2022-09-24T20:12:54.867+0000] {dag.py:2573} INFO - Sync 1 DAGs
[2022-09-24T20:12:55.016+0000] {logging_mixin.py:117} INFO - [2022-09-24T20:12:55.015+0000] {dag.py:3328} INFO - Setting next_dagrun for example_trigger_controller_dag to 2021-01-01T00:00:00+00:00, run_after=2021-01-01T00:00:00+00:00
[2022-09-24T20:12:55.103+0000] {processor.py:178} INFO - Processing /home/airflow/.local/lib/python3.7/site-packages/airflow/example_dags/example_trigger_controller_dag.py took 0.487 seconds
[2022-09-24T20:13:25.255+0000] {processor.py:156} INFO - Started process (PID=8858) to work on /home/airflow/.local/lib/python3.7/site-packages/airflow/example_dags/example_trigger_controller_dag.py
[2022-09-24T20:13:25.260+0000] {processor.py:758} INFO - Processing file /home/airflow/.local/lib/python3.7/site-packages/airflow/example_dags/example_trigger_controller_dag.py for tasks to queue
[2022-09-24T20:13:25.264+0000] {logging_mixin.py:117} INFO - [2022-09-24T20:13:25.263+0000] {dagbag.py:525} INFO - Filling up the DagBag from /home/airflow/.local/lib/python3.7/site-packages/airflow/example_dags/example_trigger_controller_dag.py
[2022-09-24T20:13:25.296+0000] {processor.py:768} INFO - DAG(s) dict_keys(['example_trigger_controller_dag']) retrieved from /home/airflow/.local/lib/python3.7/site-packages/airflow/example_dags/example_trigger_controller_dag.py
[2022-09-24T20:13:25.372+0000] {logging_mixin.py:117} INFO - [2022-09-24T20:13:25.372+0000] {dag.py:2573} INFO - Sync 1 DAGs
[2022-09-24T20:13:25.424+0000] {logging_mixin.py:117} INFO - [2022-09-24T20:13:25.424+0000] {dag.py:3328} INFO - Setting next_dagrun for example_trigger_controller_dag to 2021-01-01T00:00:00+00:00, run_after=2021-01-01T00:00:00+00:00
[2022-09-24T20:13:25.468+0000] {processor.py:178} INFO - Processing /home/airflow/.local/lib/python3.7/site-packages/airflow/example_dags/example_trigger_controller_dag.py took 0.222 seconds
[2022-09-24T20:13:55.767+0000] {processor.py:156} INFO - Started process (PID=9056) to work on /home/airflow/.local/lib/python3.7/site-packages/airflow/example_dags/example_trigger_controller_dag.py
[2022-09-24T20:13:55.771+0000] {processor.py:758} INFO - Processing file /home/airflow/.local/lib/python3.7/site-packages/airflow/example_dags/example_trigger_controller_dag.py for tasks to queue
[2022-09-24T20:13:55.774+0000] {logging_mixin.py:117} INFO - [2022-09-24T20:13:55.773+0000] {dagbag.py:525} INFO - Filling up the DagBag from /home/airflow/.local/lib/python3.7/site-packages/airflow/example_dags/example_trigger_controller_dag.py
[2022-09-24T20:13:55.798+0000] {processor.py:768} INFO - DAG(s) dict_keys(['example_trigger_controller_dag']) retrieved from /home/airflow/.local/lib/python3.7/site-packages/airflow/example_dags/example_trigger_controller_dag.py
[2022-09-24T20:13:55.871+0000] {logging_mixin.py:117} INFO - [2022-09-24T20:13:55.871+0000] {dag.py:2573} INFO - Sync 1 DAGs
[2022-09-24T20:13:55.921+0000] {logging_mixin.py:117} INFO - [2022-09-24T20:13:55.921+0000] {dag.py:3328} INFO - Setting next_dagrun for example_trigger_controller_dag to 2021-01-01T00:00:00+00:00, run_after=2021-01-01T00:00:00+00:00
[2022-09-24T20:13:55.964+0000] {processor.py:178} INFO - Processing /home/airflow/.local/lib/python3.7/site-packages/airflow/example_dags/example_trigger_controller_dag.py took 0.201 seconds
[2022-09-24T20:14:34.560+0000] {processor.py:156} INFO - Started process (PID=9254) to work on /home/airflow/.local/lib/python3.7/site-packages/airflow/example_dags/example_trigger_controller_dag.py
[2022-09-24T20:14:34.577+0000] {processor.py:758} INFO - Processing file /home/airflow/.local/lib/python3.7/site-packages/airflow/example_dags/example_trigger_controller_dag.py for tasks to queue
[2022-09-24T20:14:34.590+0000] {logging_mixin.py:117} INFO - [2022-09-24T20:14:34.590+0000] {dagbag.py:525} INFO - Filling up the DagBag from /home/airflow/.local/lib/python3.7/site-packages/airflow/example_dags/example_trigger_controller_dag.py
[2022-09-24T20:14:34.696+0000] {processor.py:768} INFO - DAG(s) dict_keys(['example_trigger_controller_dag']) retrieved from /home/airflow/.local/lib/python3.7/site-packages/airflow/example_dags/example_trigger_controller_dag.py
[2022-09-24T20:14:34.995+0000] {logging_mixin.py:117} INFO - [2022-09-24T20:14:34.994+0000] {dag.py:2573} INFO - Sync 1 DAGs
[2022-09-24T20:14:35.098+0000] {logging_mixin.py:117} INFO - [2022-09-24T20:14:35.098+0000] {dag.py:3328} INFO - Setting next_dagrun for example_trigger_controller_dag to 2021-01-01T00:00:00+00:00, run_after=2021-01-01T00:00:00+00:00
[2022-09-24T20:14:35.183+0000] {processor.py:178} INFO - Processing /home/airflow/.local/lib/python3.7/site-packages/airflow/example_dags/example_trigger_controller_dag.py took 0.636 seconds
[2022-09-24T20:15:08.157+0000] {processor.py:156} INFO - Started process (PID=9464) to work on /home/airflow/.local/lib/python3.7/site-packages/airflow/example_dags/example_trigger_controller_dag.py
[2022-09-24T20:15:08.172+0000] {processor.py:758} INFO - Processing file /home/airflow/.local/lib/python3.7/site-packages/airflow/example_dags/example_trigger_controller_dag.py for tasks to queue
[2022-09-24T20:15:08.177+0000] {logging_mixin.py:117} INFO - [2022-09-24T20:15:08.176+0000] {dagbag.py:525} INFO - Filling up the DagBag from /home/airflow/.local/lib/python3.7/site-packages/airflow/example_dags/example_trigger_controller_dag.py
[2022-09-24T20:15:08.243+0000] {processor.py:768} INFO - DAG(s) dict_keys(['example_trigger_controller_dag']) retrieved from /home/airflow/.local/lib/python3.7/site-packages/airflow/example_dags/example_trigger_controller_dag.py
[2022-09-24T20:15:08.490+0000] {logging_mixin.py:117} INFO - [2022-09-24T20:15:08.490+0000] {dag.py:2573} INFO - Sync 1 DAGs
[2022-09-24T20:15:08.698+0000] {logging_mixin.py:117} INFO - [2022-09-24T20:15:08.697+0000] {dag.py:3328} INFO - Setting next_dagrun for example_trigger_controller_dag to 2021-01-01T00:00:00+00:00, run_after=2021-01-01T00:00:00+00:00
[2022-09-24T20:15:08.789+0000] {processor.py:178} INFO - Processing /home/airflow/.local/lib/python3.7/site-packages/airflow/example_dags/example_trigger_controller_dag.py took 0.636 seconds
[2022-09-24T20:15:40.447+0000] {processor.py:156} INFO - Started process (PID=9651) to work on /home/airflow/.local/lib/python3.7/site-packages/airflow/example_dags/example_trigger_controller_dag.py
[2022-09-24T20:15:40.461+0000] {processor.py:758} INFO - Processing file /home/airflow/.local/lib/python3.7/site-packages/airflow/example_dags/example_trigger_controller_dag.py for tasks to queue
[2022-09-24T20:15:40.463+0000] {logging_mixin.py:117} INFO - [2022-09-24T20:15:40.463+0000] {dagbag.py:525} INFO - Filling up the DagBag from /home/airflow/.local/lib/python3.7/site-packages/airflow/example_dags/example_trigger_controller_dag.py
[2022-09-24T20:15:40.531+0000] {processor.py:768} INFO - DAG(s) dict_keys(['example_trigger_controller_dag']) retrieved from /home/airflow/.local/lib/python3.7/site-packages/airflow/example_dags/example_trigger_controller_dag.py
[2022-09-24T20:15:40.787+0000] {logging_mixin.py:117} INFO - [2022-09-24T20:15:40.787+0000] {dag.py:2573} INFO - Sync 1 DAGs
[2022-09-24T20:15:40.894+0000] {logging_mixin.py:117} INFO - [2022-09-24T20:15:40.894+0000] {dag.py:3328} INFO - Setting next_dagrun for example_trigger_controller_dag to 2021-01-01T00:00:00+00:00, run_after=2021-01-01T00:00:00+00:00
[2022-09-24T20:15:41.000+0000] {processor.py:178} INFO - Processing /home/airflow/.local/lib/python3.7/site-packages/airflow/example_dags/example_trigger_controller_dag.py took 0.566 seconds
[2022-09-24T20:16:11.208+0000] {processor.py:156} INFO - Started process (PID=9850) to work on /home/airflow/.local/lib/python3.7/site-packages/airflow/example_dags/example_trigger_controller_dag.py
[2022-09-24T20:16:11.215+0000] {processor.py:758} INFO - Processing file /home/airflow/.local/lib/python3.7/site-packages/airflow/example_dags/example_trigger_controller_dag.py for tasks to queue
[2022-09-24T20:16:11.219+0000] {logging_mixin.py:117} INFO - [2022-09-24T20:16:11.219+0000] {dagbag.py:525} INFO - Filling up the DagBag from /home/airflow/.local/lib/python3.7/site-packages/airflow/example_dags/example_trigger_controller_dag.py
[2022-09-24T20:16:11.260+0000] {processor.py:768} INFO - DAG(s) dict_keys(['example_trigger_controller_dag']) retrieved from /home/airflow/.local/lib/python3.7/site-packages/airflow/example_dags/example_trigger_controller_dag.py
[2022-09-24T20:16:11.359+0000] {logging_mixin.py:117} INFO - [2022-09-24T20:16:11.359+0000] {dag.py:2573} INFO - Sync 1 DAGs
[2022-09-24T20:16:11.423+0000] {logging_mixin.py:117} INFO - [2022-09-24T20:16:11.422+0000] {dag.py:3328} INFO - Setting next_dagrun for example_trigger_controller_dag to 2021-01-01T00:00:00+00:00, run_after=2021-01-01T00:00:00+00:00
[2022-09-24T20:16:11.471+0000] {processor.py:178} INFO - Processing /home/airflow/.local/lib/python3.7/site-packages/airflow/example_dags/example_trigger_controller_dag.py took 0.275 seconds
[2022-09-24T20:16:42.142+0000] {processor.py:156} INFO - Started process (PID=10044) to work on /home/airflow/.local/lib/python3.7/site-packages/airflow/example_dags/example_trigger_controller_dag.py
[2022-09-24T20:16:42.147+0000] {processor.py:758} INFO - Processing file /home/airflow/.local/lib/python3.7/site-packages/airflow/example_dags/example_trigger_controller_dag.py for tasks to queue
[2022-09-24T20:16:42.149+0000] {logging_mixin.py:117} INFO - [2022-09-24T20:16:42.149+0000] {dagbag.py:525} INFO - Filling up the DagBag from /home/airflow/.local/lib/python3.7/site-packages/airflow/example_dags/example_trigger_controller_dag.py
[2022-09-24T20:16:42.178+0000] {processor.py:768} INFO - DAG(s) dict_keys(['example_trigger_controller_dag']) retrieved from /home/airflow/.local/lib/python3.7/site-packages/airflow/example_dags/example_trigger_controller_dag.py
[2022-09-24T20:16:42.277+0000] {logging_mixin.py:117} INFO - [2022-09-24T20:16:42.277+0000] {dag.py:2573} INFO - Sync 1 DAGs
[2022-09-24T20:16:42.365+0000] {logging_mixin.py:117} INFO - [2022-09-24T20:16:42.364+0000] {dag.py:3328} INFO - Setting next_dagrun for example_trigger_controller_dag to 2021-01-01T00:00:00+00:00, run_after=2021-01-01T00:00:00+00:00
[2022-09-24T20:16:42.439+0000] {processor.py:178} INFO - Processing /home/airflow/.local/lib/python3.7/site-packages/airflow/example_dags/example_trigger_controller_dag.py took 0.303 seconds
[2022-09-24T20:17:12.885+0000] {processor.py:156} INFO - Started process (PID=10242) to work on /home/airflow/.local/lib/python3.7/site-packages/airflow/example_dags/example_trigger_controller_dag.py
[2022-09-24T20:17:12.891+0000] {processor.py:758} INFO - Processing file /home/airflow/.local/lib/python3.7/site-packages/airflow/example_dags/example_trigger_controller_dag.py for tasks to queue
[2022-09-24T20:17:12.895+0000] {logging_mixin.py:117} INFO - [2022-09-24T20:17:12.895+0000] {dagbag.py:525} INFO - Filling up the DagBag from /home/airflow/.local/lib/python3.7/site-packages/airflow/example_dags/example_trigger_controller_dag.py
[2022-09-24T20:17:12.934+0000] {processor.py:768} INFO - DAG(s) dict_keys(['example_trigger_controller_dag']) retrieved from /home/airflow/.local/lib/python3.7/site-packages/airflow/example_dags/example_trigger_controller_dag.py
[2022-09-24T20:17:13.017+0000] {logging_mixin.py:117} INFO - [2022-09-24T20:17:13.017+0000] {dag.py:2573} INFO - Sync 1 DAGs
[2022-09-24T20:17:13.067+0000] {logging_mixin.py:117} INFO - [2022-09-24T20:17:13.066+0000] {dag.py:3328} INFO - Setting next_dagrun for example_trigger_controller_dag to 2021-01-01T00:00:00+00:00, run_after=2021-01-01T00:00:00+00:00
[2022-09-24T20:17:13.111+0000] {processor.py:178} INFO - Processing /home/airflow/.local/lib/python3.7/site-packages/airflow/example_dags/example_trigger_controller_dag.py took 0.241 seconds
[2022-09-24T20:17:43.337+0000] {processor.py:156} INFO - Started process (PID=10440) to work on /home/airflow/.local/lib/python3.7/site-packages/airflow/example_dags/example_trigger_controller_dag.py
[2022-09-24T20:17:43.341+0000] {processor.py:758} INFO - Processing file /home/airflow/.local/lib/python3.7/site-packages/airflow/example_dags/example_trigger_controller_dag.py for tasks to queue
[2022-09-24T20:17:43.344+0000] {logging_mixin.py:117} INFO - [2022-09-24T20:17:43.344+0000] {dagbag.py:525} INFO - Filling up the DagBag from /home/airflow/.local/lib/python3.7/site-packages/airflow/example_dags/example_trigger_controller_dag.py
[2022-09-24T20:17:43.382+0000] {processor.py:768} INFO - DAG(s) dict_keys(['example_trigger_controller_dag']) retrieved from /home/airflow/.local/lib/python3.7/site-packages/airflow/example_dags/example_trigger_controller_dag.py
[2022-09-24T20:17:43.487+0000] {logging_mixin.py:117} INFO - [2022-09-24T20:17:43.487+0000] {dag.py:2573} INFO - Sync 1 DAGs
[2022-09-24T20:17:43.550+0000] {logging_mixin.py:117} INFO - [2022-09-24T20:17:43.549+0000] {dag.py:3328} INFO - Setting next_dagrun for example_trigger_controller_dag to 2021-01-01T00:00:00+00:00, run_after=2021-01-01T00:00:00+00:00
[2022-09-24T20:17:43.623+0000] {processor.py:178} INFO - Processing /home/airflow/.local/lib/python3.7/site-packages/airflow/example_dags/example_trigger_controller_dag.py took 0.291 seconds
[2022-09-24T20:18:14.527+0000] {processor.py:156} INFO - Started process (PID=10638) to work on /home/airflow/.local/lib/python3.7/site-packages/airflow/example_dags/example_trigger_controller_dag.py
[2022-09-24T20:18:14.531+0000] {processor.py:758} INFO - Processing file /home/airflow/.local/lib/python3.7/site-packages/airflow/example_dags/example_trigger_controller_dag.py for tasks to queue
[2022-09-24T20:18:14.533+0000] {logging_mixin.py:117} INFO - [2022-09-24T20:18:14.533+0000] {dagbag.py:525} INFO - Filling up the DagBag from /home/airflow/.local/lib/python3.7/site-packages/airflow/example_dags/example_trigger_controller_dag.py
[2022-09-24T20:18:14.595+0000] {processor.py:768} INFO - DAG(s) dict_keys(['example_trigger_controller_dag']) retrieved from /home/airflow/.local/lib/python3.7/site-packages/airflow/example_dags/example_trigger_controller_dag.py
[2022-09-24T20:18:14.688+0000] {logging_mixin.py:117} INFO - [2022-09-24T20:18:14.687+0000] {dag.py:2573} INFO - Sync 1 DAGs
[2022-09-24T20:18:14.738+0000] {logging_mixin.py:117} INFO - [2022-09-24T20:18:14.738+0000] {dag.py:3328} INFO - Setting next_dagrun for example_trigger_controller_dag to 2021-01-01T00:00:00+00:00, run_after=2021-01-01T00:00:00+00:00
[2022-09-24T20:18:14.799+0000] {processor.py:178} INFO - Processing /home/airflow/.local/lib/python3.7/site-packages/airflow/example_dags/example_trigger_controller_dag.py took 0.280 seconds
[2022-09-24T20:18:46.464+0000] {processor.py:156} INFO - Started process (PID=10845) to work on /home/airflow/.local/lib/python3.7/site-packages/airflow/example_dags/example_trigger_controller_dag.py
[2022-09-24T20:18:46.487+0000] {processor.py:758} INFO - Processing file /home/airflow/.local/lib/python3.7/site-packages/airflow/example_dags/example_trigger_controller_dag.py for tasks to queue
[2022-09-24T20:18:46.509+0000] {logging_mixin.py:117} INFO - [2022-09-24T20:18:46.499+0000] {dagbag.py:525} INFO - Filling up the DagBag from /home/airflow/.local/lib/python3.7/site-packages/airflow/example_dags/example_trigger_controller_dag.py
[2022-09-24T20:18:46.626+0000] {processor.py:768} INFO - DAG(s) dict_keys(['example_trigger_controller_dag']) retrieved from /home/airflow/.local/lib/python3.7/site-packages/airflow/example_dags/example_trigger_controller_dag.py
[2022-09-24T20:18:46.871+0000] {logging_mixin.py:117} INFO - [2022-09-24T20:18:46.871+0000] {dag.py:2573} INFO - Sync 1 DAGs
[2022-09-24T20:18:46.989+0000] {logging_mixin.py:117} INFO - [2022-09-24T20:18:46.988+0000] {dag.py:3328} INFO - Setting next_dagrun for example_trigger_controller_dag to 2021-01-01T00:00:00+00:00, run_after=2021-01-01T00:00:00+00:00
[2022-09-24T20:18:47.082+0000] {processor.py:178} INFO - Processing /home/airflow/.local/lib/python3.7/site-packages/airflow/example_dags/example_trigger_controller_dag.py took 0.679 seconds
[2022-09-24T20:19:17.927+0000] {processor.py:156} INFO - Started process (PID=11044) to work on /home/airflow/.local/lib/python3.7/site-packages/airflow/example_dags/example_trigger_controller_dag.py
[2022-09-24T20:19:17.931+0000] {processor.py:758} INFO - Processing file /home/airflow/.local/lib/python3.7/site-packages/airflow/example_dags/example_trigger_controller_dag.py for tasks to queue
[2022-09-24T20:19:17.938+0000] {logging_mixin.py:117} INFO - [2022-09-24T20:19:17.938+0000] {dagbag.py:525} INFO - Filling up the DagBag from /home/airflow/.local/lib/python3.7/site-packages/airflow/example_dags/example_trigger_controller_dag.py
[2022-09-24T20:19:17.992+0000] {processor.py:768} INFO - DAG(s) dict_keys(['example_trigger_controller_dag']) retrieved from /home/airflow/.local/lib/python3.7/site-packages/airflow/example_dags/example_trigger_controller_dag.py
[2022-09-24T20:19:18.274+0000] {logging_mixin.py:117} INFO - [2022-09-24T20:19:18.273+0000] {dag.py:2573} INFO - Sync 1 DAGs
[2022-09-24T20:19:18.340+0000] {logging_mixin.py:117} INFO - [2022-09-24T20:19:18.340+0000] {dag.py:3328} INFO - Setting next_dagrun for example_trigger_controller_dag to 2021-01-01T00:00:00+00:00, run_after=2021-01-01T00:00:00+00:00
[2022-09-24T20:19:18.430+0000] {processor.py:178} INFO - Processing /home/airflow/.local/lib/python3.7/site-packages/airflow/example_dags/example_trigger_controller_dag.py took 0.524 seconds
[2022-09-24T20:19:48.966+0000] {processor.py:156} INFO - Started process (PID=11233) to work on /home/airflow/.local/lib/python3.7/site-packages/airflow/example_dags/example_trigger_controller_dag.py
[2022-09-24T20:19:48.969+0000] {processor.py:758} INFO - Processing file /home/airflow/.local/lib/python3.7/site-packages/airflow/example_dags/example_trigger_controller_dag.py for tasks to queue
[2022-09-24T20:19:48.982+0000] {logging_mixin.py:117} INFO - [2022-09-24T20:19:48.981+0000] {dagbag.py:525} INFO - Filling up the DagBag from /home/airflow/.local/lib/python3.7/site-packages/airflow/example_dags/example_trigger_controller_dag.py
[2022-09-24T20:19:49.031+0000] {processor.py:768} INFO - DAG(s) dict_keys(['example_trigger_controller_dag']) retrieved from /home/airflow/.local/lib/python3.7/site-packages/airflow/example_dags/example_trigger_controller_dag.py
[2022-09-24T20:19:49.178+0000] {logging_mixin.py:117} INFO - [2022-09-24T20:19:49.177+0000] {dag.py:2573} INFO - Sync 1 DAGs
[2022-09-24T20:19:49.305+0000] {logging_mixin.py:117} INFO - [2022-09-24T20:19:49.303+0000] {dag.py:3328} INFO - Setting next_dagrun for example_trigger_controller_dag to 2021-01-01T00:00:00+00:00, run_after=2021-01-01T00:00:00+00:00
[2022-09-24T20:19:49.451+0000] {processor.py:178} INFO - Processing /home/airflow/.local/lib/python3.7/site-packages/airflow/example_dags/example_trigger_controller_dag.py took 0.496 seconds
[2022-09-24T20:20:20.174+0000] {processor.py:156} INFO - Started process (PID=11426) to work on /home/airflow/.local/lib/python3.7/site-packages/airflow/example_dags/example_trigger_controller_dag.py
[2022-09-24T20:20:20.201+0000] {processor.py:758} INFO - Processing file /home/airflow/.local/lib/python3.7/site-packages/airflow/example_dags/example_trigger_controller_dag.py for tasks to queue
[2022-09-24T20:20:20.216+0000] {logging_mixin.py:117} INFO - [2022-09-24T20:20:20.216+0000] {dagbag.py:525} INFO - Filling up the DagBag from /home/airflow/.local/lib/python3.7/site-packages/airflow/example_dags/example_trigger_controller_dag.py
[2022-09-24T20:20:20.304+0000] {processor.py:768} INFO - DAG(s) dict_keys(['example_trigger_controller_dag']) retrieved from /home/airflow/.local/lib/python3.7/site-packages/airflow/example_dags/example_trigger_controller_dag.py
[2022-09-24T20:20:20.448+0000] {logging_mixin.py:117} INFO - [2022-09-24T20:20:20.448+0000] {dag.py:2573} INFO - Sync 1 DAGs
[2022-09-24T20:20:20.545+0000] {logging_mixin.py:117} INFO - [2022-09-24T20:20:20.545+0000] {dag.py:3328} INFO - Setting next_dagrun for example_trigger_controller_dag to 2021-01-01T00:00:00+00:00, run_after=2021-01-01T00:00:00+00:00
[2022-09-24T20:20:20.620+0000] {processor.py:178} INFO - Processing /home/airflow/.local/lib/python3.7/site-packages/airflow/example_dags/example_trigger_controller_dag.py took 0.462 seconds
[2022-09-24T20:20:51.499+0000] {processor.py:156} INFO - Started process (PID=11635) to work on /home/airflow/.local/lib/python3.7/site-packages/airflow/example_dags/example_trigger_controller_dag.py
[2022-09-24T20:20:51.504+0000] {processor.py:758} INFO - Processing file /home/airflow/.local/lib/python3.7/site-packages/airflow/example_dags/example_trigger_controller_dag.py for tasks to queue
[2022-09-24T20:20:51.507+0000] {logging_mixin.py:117} INFO - [2022-09-24T20:20:51.506+0000] {dagbag.py:525} INFO - Filling up the DagBag from /home/airflow/.local/lib/python3.7/site-packages/airflow/example_dags/example_trigger_controller_dag.py
[2022-09-24T20:20:51.533+0000] {processor.py:768} INFO - DAG(s) dict_keys(['example_trigger_controller_dag']) retrieved from /home/airflow/.local/lib/python3.7/site-packages/airflow/example_dags/example_trigger_controller_dag.py
[2022-09-24T20:20:51.618+0000] {logging_mixin.py:117} INFO - [2022-09-24T20:20:51.618+0000] {dag.py:2573} INFO - Sync 1 DAGs
[2022-09-24T20:20:51.685+0000] {logging_mixin.py:117} INFO - [2022-09-24T20:20:51.685+0000] {dag.py:3328} INFO - Setting next_dagrun for example_trigger_controller_dag to 2021-01-01T00:00:00+00:00, run_after=2021-01-01T00:00:00+00:00
[2022-09-24T20:20:51.734+0000] {processor.py:178} INFO - Processing /home/airflow/.local/lib/python3.7/site-packages/airflow/example_dags/example_trigger_controller_dag.py took 0.252 seconds
[2022-09-24T20:21:21.957+0000] {processor.py:156} INFO - Started process (PID=11833) to work on /home/airflow/.local/lib/python3.7/site-packages/airflow/example_dags/example_trigger_controller_dag.py
[2022-09-24T20:21:21.964+0000] {processor.py:758} INFO - Processing file /home/airflow/.local/lib/python3.7/site-packages/airflow/example_dags/example_trigger_controller_dag.py for tasks to queue
[2022-09-24T20:21:21.969+0000] {logging_mixin.py:117} INFO - [2022-09-24T20:21:21.968+0000] {dagbag.py:525} INFO - Filling up the DagBag from /home/airflow/.local/lib/python3.7/site-packages/airflow/example_dags/example_trigger_controller_dag.py
[2022-09-24T20:21:22.061+0000] {processor.py:768} INFO - DAG(s) dict_keys(['example_trigger_controller_dag']) retrieved from /home/airflow/.local/lib/python3.7/site-packages/airflow/example_dags/example_trigger_controller_dag.py
[2022-09-24T20:21:22.240+0000] {logging_mixin.py:117} INFO - [2022-09-24T20:21:22.240+0000] {dag.py:2573} INFO - Sync 1 DAGs
[2022-09-24T20:21:22.484+0000] {logging_mixin.py:117} INFO - [2022-09-24T20:21:22.484+0000] {dag.py:3328} INFO - Setting next_dagrun for example_trigger_controller_dag to 2021-01-01T00:00:00+00:00, run_after=2021-01-01T00:00:00+00:00
[2022-09-24T20:21:22.562+0000] {processor.py:178} INFO - Processing /home/airflow/.local/lib/python3.7/site-packages/airflow/example_dags/example_trigger_controller_dag.py took 0.616 seconds
