[2022-09-24T19:50:49.112+0000] {processor.py:156} INFO - Started process (PID=251) to work on /home/airflow/.local/lib/python3.7/site-packages/airflow/example_dags/example_task_group.py
[2022-09-24T19:50:49.121+0000] {processor.py:758} INFO - Processing file /home/airflow/.local/lib/python3.7/site-packages/airflow/example_dags/example_task_group.py for tasks to queue
[2022-09-24T19:50:49.126+0000] {logging_mixin.py:117} INFO - [2022-09-24T19:50:49.125+0000] {dagbag.py:525} INFO - Filling up the DagBag from /home/airflow/.local/lib/python3.7/site-packages/airflow/example_dags/example_task_group.py
[2022-09-24T19:50:49.250+0000] {processor.py:768} INFO - DAG(s) dict_keys(['example_task_group']) retrieved from /home/airflow/.local/lib/python3.7/site-packages/airflow/example_dags/example_task_group.py
[2022-09-24T19:50:49.432+0000] {logging_mixin.py:117} INFO - [2022-09-24T19:50:49.432+0000] {dag.py:2573} INFO - Sync 1 DAGs
[2022-09-24T19:50:49.545+0000] {logging_mixin.py:117} INFO - [2022-09-24T19:50:49.544+0000] {dag.py:3328} INFO - Setting next_dagrun for example_task_group to 2022-09-23T19:50:49.544548+00:00, run_after=2022-09-24T19:50:49.544548+00:00
[2022-09-24T19:50:49.638+0000] {processor.py:178} INFO - Processing /home/airflow/.local/lib/python3.7/site-packages/airflow/example_dags/example_task_group.py took 0.539 seconds
[2022-09-24T19:51:23.088+0000] {processor.py:156} INFO - Started process (PID=447) to work on /home/airflow/.local/lib/python3.7/site-packages/airflow/example_dags/example_task_group.py
[2022-09-24T19:51:23.093+0000] {processor.py:758} INFO - Processing file /home/airflow/.local/lib/python3.7/site-packages/airflow/example_dags/example_task_group.py for tasks to queue
[2022-09-24T19:51:23.096+0000] {logging_mixin.py:117} INFO - [2022-09-24T19:51:23.096+0000] {dagbag.py:525} INFO - Filling up the DagBag from /home/airflow/.local/lib/python3.7/site-packages/airflow/example_dags/example_task_group.py
[2022-09-24T19:51:23.162+0000] {processor.py:768} INFO - DAG(s) dict_keys(['example_task_group']) retrieved from /home/airflow/.local/lib/python3.7/site-packages/airflow/example_dags/example_task_group.py
[2022-09-24T19:51:23.264+0000] {logging_mixin.py:117} INFO - [2022-09-24T19:51:23.264+0000] {dag.py:2573} INFO - Sync 1 DAGs
[2022-09-24T19:51:23.448+0000] {logging_mixin.py:117} INFO - [2022-09-24T19:51:23.447+0000] {dag.py:3328} INFO - Setting next_dagrun for example_task_group to 2022-09-23T19:51:23.447094+00:00, run_after=2022-09-24T19:51:23.447094+00:00
[2022-09-24T19:51:23.588+0000] {processor.py:178} INFO - Processing /home/airflow/.local/lib/python3.7/site-packages/airflow/example_dags/example_task_group.py took 0.521 seconds
[2022-09-24T19:51:56.940+0000] {processor.py:156} INFO - Started process (PID=647) to work on /home/airflow/.local/lib/python3.7/site-packages/airflow/example_dags/example_task_group.py
[2022-09-24T19:51:56.945+0000] {processor.py:758} INFO - Processing file /home/airflow/.local/lib/python3.7/site-packages/airflow/example_dags/example_task_group.py for tasks to queue
[2022-09-24T19:51:56.954+0000] {logging_mixin.py:117} INFO - [2022-09-24T19:51:56.953+0000] {dagbag.py:525} INFO - Filling up the DagBag from /home/airflow/.local/lib/python3.7/site-packages/airflow/example_dags/example_task_group.py
[2022-09-24T19:51:57.040+0000] {processor.py:768} INFO - DAG(s) dict_keys(['example_task_group']) retrieved from /home/airflow/.local/lib/python3.7/site-packages/airflow/example_dags/example_task_group.py
[2022-09-24T19:51:57.275+0000] {logging_mixin.py:117} INFO - [2022-09-24T19:51:57.275+0000] {dag.py:2573} INFO - Sync 1 DAGs
[2022-09-24T19:51:57.894+0000] {logging_mixin.py:117} INFO - [2022-09-24T19:51:57.894+0000] {dag.py:3328} INFO - Setting next_dagrun for example_task_group to 2022-09-23T19:51:57.894186+00:00, run_after=2022-09-24T19:51:57.894186+00:00
[2022-09-24T19:51:57.947+0000] {processor.py:178} INFO - Processing /home/airflow/.local/lib/python3.7/site-packages/airflow/example_dags/example_task_group.py took 1.013 seconds
[2022-09-24T19:52:28.425+0000] {processor.py:156} INFO - Started process (PID=844) to work on /home/airflow/.local/lib/python3.7/site-packages/airflow/example_dags/example_task_group.py
[2022-09-24T19:52:28.434+0000] {processor.py:758} INFO - Processing file /home/airflow/.local/lib/python3.7/site-packages/airflow/example_dags/example_task_group.py for tasks to queue
[2022-09-24T19:52:28.439+0000] {logging_mixin.py:117} INFO - [2022-09-24T19:52:28.439+0000] {dagbag.py:525} INFO - Filling up the DagBag from /home/airflow/.local/lib/python3.7/site-packages/airflow/example_dags/example_task_group.py
[2022-09-24T19:52:28.476+0000] {processor.py:768} INFO - DAG(s) dict_keys(['example_task_group']) retrieved from /home/airflow/.local/lib/python3.7/site-packages/airflow/example_dags/example_task_group.py
[2022-09-24T19:52:28.582+0000] {logging_mixin.py:117} INFO - [2022-09-24T19:52:28.581+0000] {dag.py:2573} INFO - Sync 1 DAGs
[2022-09-24T19:52:28.813+0000] {logging_mixin.py:117} INFO - [2022-09-24T19:52:28.812+0000] {dag.py:3328} INFO - Setting next_dagrun for example_task_group to 2022-09-23T19:52:28.812432+00:00, run_after=2022-09-24T19:52:28.812432+00:00
[2022-09-24T19:52:28.855+0000] {processor.py:178} INFO - Processing /home/airflow/.local/lib/python3.7/site-packages/airflow/example_dags/example_task_group.py took 0.436 seconds
[2022-09-24T19:52:59.245+0000] {processor.py:156} INFO - Started process (PID=1043) to work on /home/airflow/.local/lib/python3.7/site-packages/airflow/example_dags/example_task_group.py
[2022-09-24T19:52:59.253+0000] {processor.py:758} INFO - Processing file /home/airflow/.local/lib/python3.7/site-packages/airflow/example_dags/example_task_group.py for tasks to queue
[2022-09-24T19:52:59.258+0000] {logging_mixin.py:117} INFO - [2022-09-24T19:52:59.257+0000] {dagbag.py:525} INFO - Filling up the DagBag from /home/airflow/.local/lib/python3.7/site-packages/airflow/example_dags/example_task_group.py
[2022-09-24T19:52:59.379+0000] {processor.py:768} INFO - DAG(s) dict_keys(['example_task_group']) retrieved from /home/airflow/.local/lib/python3.7/site-packages/airflow/example_dags/example_task_group.py
[2022-09-24T19:52:59.724+0000] {logging_mixin.py:117} INFO - [2022-09-24T19:52:59.723+0000] {dag.py:2573} INFO - Sync 1 DAGs
[2022-09-24T19:52:59.781+0000] {logging_mixin.py:117} INFO - [2022-09-24T19:52:59.780+0000] {dag.py:3328} INFO - Setting next_dagrun for example_task_group to 2022-09-23T19:52:59.780401+00:00, run_after=2022-09-24T19:52:59.780401+00:00
[2022-09-24T19:52:59.826+0000] {processor.py:178} INFO - Processing /home/airflow/.local/lib/python3.7/site-packages/airflow/example_dags/example_task_group.py took 0.593 seconds
[2022-09-24T19:53:32.782+0000] {processor.py:156} INFO - Started process (PID=1240) to work on /home/airflow/.local/lib/python3.7/site-packages/airflow/example_dags/example_task_group.py
[2022-09-24T19:53:32.787+0000] {processor.py:758} INFO - Processing file /home/airflow/.local/lib/python3.7/site-packages/airflow/example_dags/example_task_group.py for tasks to queue
[2022-09-24T19:53:32.794+0000] {logging_mixin.py:117} INFO - [2022-09-24T19:53:32.791+0000] {dagbag.py:525} INFO - Filling up the DagBag from /home/airflow/.local/lib/python3.7/site-packages/airflow/example_dags/example_task_group.py
[2022-09-24T19:53:32.900+0000] {processor.py:768} INFO - DAG(s) dict_keys(['example_task_group']) retrieved from /home/airflow/.local/lib/python3.7/site-packages/airflow/example_dags/example_task_group.py
[2022-09-24T19:53:34.446+0000] {logging_mixin.py:117} INFO - [2022-09-24T19:53:34.445+0000] {dag.py:2573} INFO - Sync 1 DAGs
[2022-09-24T19:53:34.593+0000] {logging_mixin.py:117} INFO - [2022-09-24T19:53:34.593+0000] {dag.py:3328} INFO - Setting next_dagrun for example_task_group to 2022-09-23T19:53:34.592622+00:00, run_after=2022-09-24T19:53:34.592622+00:00
[2022-09-24T19:53:34.672+0000] {processor.py:178} INFO - Processing /home/airflow/.local/lib/python3.7/site-packages/airflow/example_dags/example_task_group.py took 1.905 seconds
[2022-09-24T19:54:05.238+0000] {processor.py:156} INFO - Started process (PID=1438) to work on /home/airflow/.local/lib/python3.7/site-packages/airflow/example_dags/example_task_group.py
[2022-09-24T19:54:05.290+0000] {processor.py:758} INFO - Processing file /home/airflow/.local/lib/python3.7/site-packages/airflow/example_dags/example_task_group.py for tasks to queue
[2022-09-24T19:54:05.317+0000] {logging_mixin.py:117} INFO - [2022-09-24T19:54:05.316+0000] {dagbag.py:525} INFO - Filling up the DagBag from /home/airflow/.local/lib/python3.7/site-packages/airflow/example_dags/example_task_group.py
[2022-09-24T19:54:06.130+0000] {processor.py:768} INFO - DAG(s) dict_keys(['example_task_group']) retrieved from /home/airflow/.local/lib/python3.7/site-packages/airflow/example_dags/example_task_group.py
[2022-09-24T19:54:06.255+0000] {logging_mixin.py:117} INFO - [2022-09-24T19:54:06.255+0000] {dag.py:2573} INFO - Sync 1 DAGs
[2022-09-24T19:54:06.336+0000] {logging_mixin.py:117} INFO - [2022-09-24T19:54:06.336+0000] {dag.py:3328} INFO - Setting next_dagrun for example_task_group to 2022-09-23T19:54:06.335784+00:00, run_after=2022-09-24T19:54:06.335784+00:00
[2022-09-24T19:54:06.404+0000] {processor.py:178} INFO - Processing /home/airflow/.local/lib/python3.7/site-packages/airflow/example_dags/example_task_group.py took 1.183 seconds
[2022-09-24T19:54:36.666+0000] {processor.py:156} INFO - Started process (PID=1636) to work on /home/airflow/.local/lib/python3.7/site-packages/airflow/example_dags/example_task_group.py
[2022-09-24T19:54:36.674+0000] {processor.py:758} INFO - Processing file /home/airflow/.local/lib/python3.7/site-packages/airflow/example_dags/example_task_group.py for tasks to queue
[2022-09-24T19:54:36.682+0000] {logging_mixin.py:117} INFO - [2022-09-24T19:54:36.678+0000] {dagbag.py:525} INFO - Filling up the DagBag from /home/airflow/.local/lib/python3.7/site-packages/airflow/example_dags/example_task_group.py
[2022-09-24T19:54:36.960+0000] {processor.py:768} INFO - DAG(s) dict_keys(['example_task_group']) retrieved from /home/airflow/.local/lib/python3.7/site-packages/airflow/example_dags/example_task_group.py
[2022-09-24T19:54:37.025+0000] {logging_mixin.py:117} INFO - [2022-09-24T19:54:37.025+0000] {dag.py:2573} INFO - Sync 1 DAGs
[2022-09-24T19:54:37.075+0000] {logging_mixin.py:117} INFO - [2022-09-24T19:54:37.075+0000] {dag.py:3328} INFO - Setting next_dagrun for example_task_group to 2022-09-23T19:54:37.075378+00:00, run_after=2022-09-24T19:54:37.075378+00:00
[2022-09-24T19:54:37.183+0000] {processor.py:178} INFO - Processing /home/airflow/.local/lib/python3.7/site-packages/airflow/example_dags/example_task_group.py took 0.560 seconds
[2022-09-24T19:55:07.491+0000] {processor.py:156} INFO - Started process (PID=1834) to work on /home/airflow/.local/lib/python3.7/site-packages/airflow/example_dags/example_task_group.py
[2022-09-24T19:55:07.527+0000] {processor.py:758} INFO - Processing file /home/airflow/.local/lib/python3.7/site-packages/airflow/example_dags/example_task_group.py for tasks to queue
[2022-09-24T19:55:07.538+0000] {logging_mixin.py:117} INFO - [2022-09-24T19:55:07.537+0000] {dagbag.py:525} INFO - Filling up the DagBag from /home/airflow/.local/lib/python3.7/site-packages/airflow/example_dags/example_task_group.py
[2022-09-24T19:55:07.972+0000] {processor.py:768} INFO - DAG(s) dict_keys(['example_task_group']) retrieved from /home/airflow/.local/lib/python3.7/site-packages/airflow/example_dags/example_task_group.py
[2022-09-24T19:55:08.454+0000] {logging_mixin.py:117} INFO - [2022-09-24T19:55:08.454+0000] {dag.py:2573} INFO - Sync 1 DAGs
[2022-09-24T19:55:08.609+0000] {logging_mixin.py:117} INFO - [2022-09-24T19:55:08.609+0000] {dag.py:3328} INFO - Setting next_dagrun for example_task_group to 2022-09-23T19:55:08.608872+00:00, run_after=2022-09-24T19:55:08.608872+00:00
[2022-09-24T19:55:08.762+0000] {processor.py:178} INFO - Processing /home/airflow/.local/lib/python3.7/site-packages/airflow/example_dags/example_task_group.py took 1.303 seconds
[2022-09-24T19:55:39.152+0000] {processor.py:156} INFO - Started process (PID=2033) to work on /home/airflow/.local/lib/python3.7/site-packages/airflow/example_dags/example_task_group.py
[2022-09-24T19:55:39.157+0000] {processor.py:758} INFO - Processing file /home/airflow/.local/lib/python3.7/site-packages/airflow/example_dags/example_task_group.py for tasks to queue
[2022-09-24T19:55:39.161+0000] {logging_mixin.py:117} INFO - [2022-09-24T19:55:39.160+0000] {dagbag.py:525} INFO - Filling up the DagBag from /home/airflow/.local/lib/python3.7/site-packages/airflow/example_dags/example_task_group.py
[2022-09-24T19:55:39.286+0000] {processor.py:768} INFO - DAG(s) dict_keys(['example_task_group']) retrieved from /home/airflow/.local/lib/python3.7/site-packages/airflow/example_dags/example_task_group.py
[2022-09-24T19:55:39.566+0000] {logging_mixin.py:117} INFO - [2022-09-24T19:55:39.565+0000] {dag.py:2573} INFO - Sync 1 DAGs
[2022-09-24T19:55:39.644+0000] {logging_mixin.py:117} INFO - [2022-09-24T19:55:39.644+0000] {dag.py:3328} INFO - Setting next_dagrun for example_task_group to 2022-09-23T19:55:39.643776+00:00, run_after=2022-09-24T19:55:39.643776+00:00
[2022-09-24T19:55:39.797+0000] {processor.py:178} INFO - Processing /home/airflow/.local/lib/python3.7/site-packages/airflow/example_dags/example_task_group.py took 0.650 seconds
[2022-09-24T19:56:10.250+0000] {processor.py:156} INFO - Started process (PID=2232) to work on /home/airflow/.local/lib/python3.7/site-packages/airflow/example_dags/example_task_group.py
[2022-09-24T19:56:10.258+0000] {processor.py:758} INFO - Processing file /home/airflow/.local/lib/python3.7/site-packages/airflow/example_dags/example_task_group.py for tasks to queue
[2022-09-24T19:56:10.271+0000] {logging_mixin.py:117} INFO - [2022-09-24T19:56:10.269+0000] {dagbag.py:525} INFO - Filling up the DagBag from /home/airflow/.local/lib/python3.7/site-packages/airflow/example_dags/example_task_group.py
[2022-09-24T19:56:10.410+0000] {processor.py:768} INFO - DAG(s) dict_keys(['example_task_group']) retrieved from /home/airflow/.local/lib/python3.7/site-packages/airflow/example_dags/example_task_group.py
[2022-09-24T19:56:10.537+0000] {logging_mixin.py:117} INFO - [2022-09-24T19:56:10.536+0000] {dag.py:2573} INFO - Sync 1 DAGs
[2022-09-24T19:56:10.673+0000] {logging_mixin.py:117} INFO - [2022-09-24T19:56:10.673+0000] {dag.py:3328} INFO - Setting next_dagrun for example_task_group to 2022-09-23T19:56:10.672714+00:00, run_after=2022-09-24T19:56:10.672714+00:00
[2022-09-24T19:56:10.747+0000] {processor.py:178} INFO - Processing /home/airflow/.local/lib/python3.7/site-packages/airflow/example_dags/example_task_group.py took 0.518 seconds
[2022-09-24T19:56:40.880+0000] {processor.py:156} INFO - Started process (PID=2428) to work on /home/airflow/.local/lib/python3.7/site-packages/airflow/example_dags/example_task_group.py
[2022-09-24T19:56:40.885+0000] {processor.py:758} INFO - Processing file /home/airflow/.local/lib/python3.7/site-packages/airflow/example_dags/example_task_group.py for tasks to queue
[2022-09-24T19:56:40.894+0000] {logging_mixin.py:117} INFO - [2022-09-24T19:56:40.893+0000] {dagbag.py:525} INFO - Filling up the DagBag from /home/airflow/.local/lib/python3.7/site-packages/airflow/example_dags/example_task_group.py
[2022-09-24T19:56:40.958+0000] {processor.py:768} INFO - DAG(s) dict_keys(['example_task_group']) retrieved from /home/airflow/.local/lib/python3.7/site-packages/airflow/example_dags/example_task_group.py
[2022-09-24T19:56:41.053+0000] {logging_mixin.py:117} INFO - [2022-09-24T19:56:41.052+0000] {dag.py:2573} INFO - Sync 1 DAGs
[2022-09-24T19:56:41.105+0000] {logging_mixin.py:117} INFO - [2022-09-24T19:56:41.105+0000] {dag.py:3328} INFO - Setting next_dagrun for example_task_group to 2022-09-23T19:56:41.105167+00:00, run_after=2022-09-24T19:56:41.105167+00:00
[2022-09-24T19:56:41.149+0000] {processor.py:178} INFO - Processing /home/airflow/.local/lib/python3.7/site-packages/airflow/example_dags/example_task_group.py took 0.275 seconds
[2022-09-24T19:57:11.986+0000] {processor.py:156} INFO - Started process (PID=2629) to work on /home/airflow/.local/lib/python3.7/site-packages/airflow/example_dags/example_task_group.py
[2022-09-24T19:57:11.991+0000] {processor.py:758} INFO - Processing file /home/airflow/.local/lib/python3.7/site-packages/airflow/example_dags/example_task_group.py for tasks to queue
[2022-09-24T19:57:11.999+0000] {logging_mixin.py:117} INFO - [2022-09-24T19:57:11.998+0000] {dagbag.py:525} INFO - Filling up the DagBag from /home/airflow/.local/lib/python3.7/site-packages/airflow/example_dags/example_task_group.py
[2022-09-24T19:57:12.063+0000] {processor.py:768} INFO - DAG(s) dict_keys(['example_task_group']) retrieved from /home/airflow/.local/lib/python3.7/site-packages/airflow/example_dags/example_task_group.py
[2022-09-24T19:57:12.159+0000] {logging_mixin.py:117} INFO - [2022-09-24T19:57:12.158+0000] {dag.py:2573} INFO - Sync 1 DAGs
[2022-09-24T19:57:12.227+0000] {logging_mixin.py:117} INFO - [2022-09-24T19:57:12.227+0000] {dag.py:3328} INFO - Setting next_dagrun for example_task_group to 2022-09-23T19:57:12.227417+00:00, run_after=2022-09-24T19:57:12.227417+00:00
[2022-09-24T19:57:12.279+0000] {processor.py:178} INFO - Processing /home/airflow/.local/lib/python3.7/site-packages/airflow/example_dags/example_task_group.py took 0.307 seconds
[2022-09-24T19:57:42.648+0000] {processor.py:156} INFO - Started process (PID=2828) to work on /home/airflow/.local/lib/python3.7/site-packages/airflow/example_dags/example_task_group.py
[2022-09-24T19:57:42.655+0000] {processor.py:758} INFO - Processing file /home/airflow/.local/lib/python3.7/site-packages/airflow/example_dags/example_task_group.py for tasks to queue
[2022-09-24T19:57:42.659+0000] {logging_mixin.py:117} INFO - [2022-09-24T19:57:42.659+0000] {dagbag.py:525} INFO - Filling up the DagBag from /home/airflow/.local/lib/python3.7/site-packages/airflow/example_dags/example_task_group.py
[2022-09-24T19:57:42.693+0000] {processor.py:768} INFO - DAG(s) dict_keys(['example_task_group']) retrieved from /home/airflow/.local/lib/python3.7/site-packages/airflow/example_dags/example_task_group.py
[2022-09-24T19:57:42.784+0000] {logging_mixin.py:117} INFO - [2022-09-24T19:57:42.784+0000] {dag.py:2573} INFO - Sync 1 DAGs
[2022-09-24T19:57:42.843+0000] {logging_mixin.py:117} INFO - [2022-09-24T19:57:42.843+0000] {dag.py:3328} INFO - Setting next_dagrun for example_task_group to 2022-09-23T19:57:42.842687+00:00, run_after=2022-09-24T19:57:42.842687+00:00
[2022-09-24T19:57:42.907+0000] {processor.py:178} INFO - Processing /home/airflow/.local/lib/python3.7/site-packages/airflow/example_dags/example_task_group.py took 0.267 seconds
[2022-09-24T19:58:13.359+0000] {processor.py:156} INFO - Started process (PID=3027) to work on /home/airflow/.local/lib/python3.7/site-packages/airflow/example_dags/example_task_group.py
[2022-09-24T19:58:13.370+0000] {processor.py:758} INFO - Processing file /home/airflow/.local/lib/python3.7/site-packages/airflow/example_dags/example_task_group.py for tasks to queue
[2022-09-24T19:58:13.376+0000] {logging_mixin.py:117} INFO - [2022-09-24T19:58:13.374+0000] {dagbag.py:525} INFO - Filling up the DagBag from /home/airflow/.local/lib/python3.7/site-packages/airflow/example_dags/example_task_group.py
[2022-09-24T19:58:13.438+0000] {processor.py:768} INFO - DAG(s) dict_keys(['example_task_group']) retrieved from /home/airflow/.local/lib/python3.7/site-packages/airflow/example_dags/example_task_group.py
[2022-09-24T19:58:13.599+0000] {logging_mixin.py:117} INFO - [2022-09-24T19:58:13.598+0000] {dag.py:2573} INFO - Sync 1 DAGs
[2022-09-24T19:58:13.675+0000] {logging_mixin.py:117} INFO - [2022-09-24T19:58:13.675+0000] {dag.py:3328} INFO - Setting next_dagrun for example_task_group to 2022-09-23T19:58:13.672741+00:00, run_after=2022-09-24T19:58:13.672741+00:00
[2022-09-24T19:58:13.744+0000] {processor.py:178} INFO - Processing /home/airflow/.local/lib/python3.7/site-packages/airflow/example_dags/example_task_group.py took 0.403 seconds
[2022-09-24T19:58:44.598+0000] {processor.py:156} INFO - Started process (PID=3225) to work on /home/airflow/.local/lib/python3.7/site-packages/airflow/example_dags/example_task_group.py
[2022-09-24T19:58:44.602+0000] {processor.py:758} INFO - Processing file /home/airflow/.local/lib/python3.7/site-packages/airflow/example_dags/example_task_group.py for tasks to queue
[2022-09-24T19:58:44.607+0000] {logging_mixin.py:117} INFO - [2022-09-24T19:58:44.606+0000] {dagbag.py:525} INFO - Filling up the DagBag from /home/airflow/.local/lib/python3.7/site-packages/airflow/example_dags/example_task_group.py
[2022-09-24T19:58:44.654+0000] {processor.py:768} INFO - DAG(s) dict_keys(['example_task_group']) retrieved from /home/airflow/.local/lib/python3.7/site-packages/airflow/example_dags/example_task_group.py
[2022-09-24T19:58:44.765+0000] {logging_mixin.py:117} INFO - [2022-09-24T19:58:44.764+0000] {dag.py:2573} INFO - Sync 1 DAGs
[2022-09-24T19:58:44.855+0000] {logging_mixin.py:117} INFO - [2022-09-24T19:58:44.850+0000] {dag.py:3328} INFO - Setting next_dagrun for example_task_group to 2022-09-23T19:58:44.850122+00:00, run_after=2022-09-24T19:58:44.850122+00:00
[2022-09-24T19:58:44.918+0000] {processor.py:178} INFO - Processing /home/airflow/.local/lib/python3.7/site-packages/airflow/example_dags/example_task_group.py took 0.331 seconds
[2022-09-24T19:59:16.030+0000] {processor.py:156} INFO - Started process (PID=3423) to work on /home/airflow/.local/lib/python3.7/site-packages/airflow/example_dags/example_task_group.py
[2022-09-24T19:59:16.036+0000] {processor.py:758} INFO - Processing file /home/airflow/.local/lib/python3.7/site-packages/airflow/example_dags/example_task_group.py for tasks to queue
[2022-09-24T19:59:16.041+0000] {logging_mixin.py:117} INFO - [2022-09-24T19:59:16.040+0000] {dagbag.py:525} INFO - Filling up the DagBag from /home/airflow/.local/lib/python3.7/site-packages/airflow/example_dags/example_task_group.py
[2022-09-24T19:59:16.100+0000] {processor.py:768} INFO - DAG(s) dict_keys(['example_task_group']) retrieved from /home/airflow/.local/lib/python3.7/site-packages/airflow/example_dags/example_task_group.py
[2022-09-24T19:59:16.233+0000] {logging_mixin.py:117} INFO - [2022-09-24T19:59:16.233+0000] {dag.py:2573} INFO - Sync 1 DAGs
[2022-09-24T19:59:16.343+0000] {logging_mixin.py:117} INFO - [2022-09-24T19:59:16.343+0000] {dag.py:3328} INFO - Setting next_dagrun for example_task_group to 2022-09-23T19:59:16.343281+00:00, run_after=2022-09-24T19:59:16.343281+00:00
[2022-09-24T19:59:16.394+0000] {processor.py:178} INFO - Processing /home/airflow/.local/lib/python3.7/site-packages/airflow/example_dags/example_task_group.py took 0.377 seconds
[2022-09-24T19:59:46.963+0000] {processor.py:156} INFO - Started process (PID=3619) to work on /home/airflow/.local/lib/python3.7/site-packages/airflow/example_dags/example_task_group.py
[2022-09-24T19:59:46.968+0000] {processor.py:758} INFO - Processing file /home/airflow/.local/lib/python3.7/site-packages/airflow/example_dags/example_task_group.py for tasks to queue
[2022-09-24T19:59:46.974+0000] {logging_mixin.py:117} INFO - [2022-09-24T19:59:46.974+0000] {dagbag.py:525} INFO - Filling up the DagBag from /home/airflow/.local/lib/python3.7/site-packages/airflow/example_dags/example_task_group.py
[2022-09-24T19:59:47.023+0000] {processor.py:768} INFO - DAG(s) dict_keys(['example_task_group']) retrieved from /home/airflow/.local/lib/python3.7/site-packages/airflow/example_dags/example_task_group.py
[2022-09-24T19:59:47.276+0000] {logging_mixin.py:117} INFO - [2022-09-24T19:59:47.275+0000] {dag.py:2573} INFO - Sync 1 DAGs
[2022-09-24T19:59:47.467+0000] {logging_mixin.py:117} INFO - [2022-09-24T19:59:47.466+0000] {dag.py:3328} INFO - Setting next_dagrun for example_task_group to 2022-09-23T19:59:47.466439+00:00, run_after=2022-09-24T19:59:47.466439+00:00
[2022-09-24T19:59:47.566+0000] {processor.py:178} INFO - Processing /home/airflow/.local/lib/python3.7/site-packages/airflow/example_dags/example_task_group.py took 0.611 seconds
[2022-09-24T20:00:18.190+0000] {processor.py:156} INFO - Started process (PID=3815) to work on /home/airflow/.local/lib/python3.7/site-packages/airflow/example_dags/example_task_group.py
[2022-09-24T20:00:18.192+0000] {processor.py:758} INFO - Processing file /home/airflow/.local/lib/python3.7/site-packages/airflow/example_dags/example_task_group.py for tasks to queue
[2022-09-24T20:00:18.195+0000] {logging_mixin.py:117} INFO - [2022-09-24T20:00:18.195+0000] {dagbag.py:525} INFO - Filling up the DagBag from /home/airflow/.local/lib/python3.7/site-packages/airflow/example_dags/example_task_group.py
[2022-09-24T20:00:18.263+0000] {processor.py:768} INFO - DAG(s) dict_keys(['example_task_group']) retrieved from /home/airflow/.local/lib/python3.7/site-packages/airflow/example_dags/example_task_group.py
[2022-09-24T20:00:18.353+0000] {logging_mixin.py:117} INFO - [2022-09-24T20:00:18.352+0000] {dag.py:2573} INFO - Sync 1 DAGs
[2022-09-24T20:00:18.450+0000] {logging_mixin.py:117} INFO - [2022-09-24T20:00:18.450+0000] {dag.py:3328} INFO - Setting next_dagrun for example_task_group to 2022-09-23T20:00:18.449984+00:00, run_after=2022-09-24T20:00:18.449984+00:00
[2022-09-24T20:00:18.661+0000] {processor.py:178} INFO - Processing /home/airflow/.local/lib/python3.7/site-packages/airflow/example_dags/example_task_group.py took 0.478 seconds
[2022-09-24T20:00:51.229+0000] {processor.py:156} INFO - Started process (PID=4022) to work on /home/airflow/.local/lib/python3.7/site-packages/airflow/example_dags/example_task_group.py
[2022-09-24T20:00:51.255+0000] {processor.py:758} INFO - Processing file /home/airflow/.local/lib/python3.7/site-packages/airflow/example_dags/example_task_group.py for tasks to queue
[2022-09-24T20:00:51.271+0000] {logging_mixin.py:117} INFO - [2022-09-24T20:00:51.270+0000] {dagbag.py:525} INFO - Filling up the DagBag from /home/airflow/.local/lib/python3.7/site-packages/airflow/example_dags/example_task_group.py
[2022-09-24T20:00:51.495+0000] {processor.py:768} INFO - DAG(s) dict_keys(['example_task_group']) retrieved from /home/airflow/.local/lib/python3.7/site-packages/airflow/example_dags/example_task_group.py
[2022-09-24T20:00:51.641+0000] {logging_mixin.py:117} INFO - [2022-09-24T20:00:51.641+0000] {dag.py:2573} INFO - Sync 1 DAGs
[2022-09-24T20:00:52.058+0000] {logging_mixin.py:117} INFO - [2022-09-24T20:00:52.057+0000] {dag.py:3328} INFO - Setting next_dagrun for example_task_group to 2022-09-23T20:00:52.057079+00:00, run_after=2022-09-24T20:00:52.057079+00:00
[2022-09-24T20:00:52.144+0000] {processor.py:178} INFO - Processing /home/airflow/.local/lib/python3.7/site-packages/airflow/example_dags/example_task_group.py took 0.944 seconds
[2022-09-24T20:01:23.203+0000] {processor.py:156} INFO - Started process (PID=4220) to work on /home/airflow/.local/lib/python3.7/site-packages/airflow/example_dags/example_task_group.py
[2022-09-24T20:01:23.207+0000] {processor.py:758} INFO - Processing file /home/airflow/.local/lib/python3.7/site-packages/airflow/example_dags/example_task_group.py for tasks to queue
[2022-09-24T20:01:23.210+0000] {logging_mixin.py:117} INFO - [2022-09-24T20:01:23.210+0000] {dagbag.py:525} INFO - Filling up the DagBag from /home/airflow/.local/lib/python3.7/site-packages/airflow/example_dags/example_task_group.py
[2022-09-24T20:01:23.257+0000] {processor.py:768} INFO - DAG(s) dict_keys(['example_task_group']) retrieved from /home/airflow/.local/lib/python3.7/site-packages/airflow/example_dags/example_task_group.py
[2022-09-24T20:01:23.358+0000] {logging_mixin.py:117} INFO - [2022-09-24T20:01:23.358+0000] {dag.py:2573} INFO - Sync 1 DAGs
[2022-09-24T20:01:23.437+0000] {logging_mixin.py:117} INFO - [2022-09-24T20:01:23.437+0000] {dag.py:3328} INFO - Setting next_dagrun for example_task_group to 2022-09-23T20:01:23.436489+00:00, run_after=2022-09-24T20:01:23.436489+00:00
[2022-09-24T20:01:23.485+0000] {processor.py:178} INFO - Processing /home/airflow/.local/lib/python3.7/site-packages/airflow/example_dags/example_task_group.py took 0.299 seconds
[2022-09-24T20:01:54.031+0000] {processor.py:156} INFO - Started process (PID=4418) to work on /home/airflow/.local/lib/python3.7/site-packages/airflow/example_dags/example_task_group.py
[2022-09-24T20:01:54.037+0000] {processor.py:758} INFO - Processing file /home/airflow/.local/lib/python3.7/site-packages/airflow/example_dags/example_task_group.py for tasks to queue
[2022-09-24T20:01:54.045+0000] {logging_mixin.py:117} INFO - [2022-09-24T20:01:54.045+0000] {dagbag.py:525} INFO - Filling up the DagBag from /home/airflow/.local/lib/python3.7/site-packages/airflow/example_dags/example_task_group.py
[2022-09-24T20:01:54.116+0000] {processor.py:768} INFO - DAG(s) dict_keys(['example_task_group']) retrieved from /home/airflow/.local/lib/python3.7/site-packages/airflow/example_dags/example_task_group.py
[2022-09-24T20:01:54.249+0000] {logging_mixin.py:117} INFO - [2022-09-24T20:01:54.249+0000] {dag.py:2573} INFO - Sync 1 DAGs
[2022-09-24T20:01:54.315+0000] {logging_mixin.py:117} INFO - [2022-09-24T20:01:54.314+0000] {dag.py:3328} INFO - Setting next_dagrun for example_task_group to 2022-09-23T20:01:54.314188+00:00, run_after=2022-09-24T20:01:54.314188+00:00
[2022-09-24T20:01:54.362+0000] {processor.py:178} INFO - Processing /home/airflow/.local/lib/python3.7/site-packages/airflow/example_dags/example_task_group.py took 0.344 seconds
[2022-09-24T20:02:24.572+0000] {processor.py:156} INFO - Started process (PID=4614) to work on /home/airflow/.local/lib/python3.7/site-packages/airflow/example_dags/example_task_group.py
[2022-09-24T20:02:24.576+0000] {processor.py:758} INFO - Processing file /home/airflow/.local/lib/python3.7/site-packages/airflow/example_dags/example_task_group.py for tasks to queue
[2022-09-24T20:02:24.578+0000] {logging_mixin.py:117} INFO - [2022-09-24T20:02:24.578+0000] {dagbag.py:525} INFO - Filling up the DagBag from /home/airflow/.local/lib/python3.7/site-packages/airflow/example_dags/example_task_group.py
[2022-09-24T20:02:24.623+0000] {processor.py:768} INFO - DAG(s) dict_keys(['example_task_group']) retrieved from /home/airflow/.local/lib/python3.7/site-packages/airflow/example_dags/example_task_group.py
[2022-09-24T20:02:24.886+0000] {logging_mixin.py:117} INFO - [2022-09-24T20:02:24.884+0000] {dag.py:2573} INFO - Sync 1 DAGs
[2022-09-24T20:02:24.971+0000] {logging_mixin.py:117} INFO - [2022-09-24T20:02:24.971+0000] {dag.py:3328} INFO - Setting next_dagrun for example_task_group to 2022-09-23T20:02:24.970759+00:00, run_after=2022-09-24T20:02:24.970759+00:00
[2022-09-24T20:02:25.028+0000] {processor.py:178} INFO - Processing /home/airflow/.local/lib/python3.7/site-packages/airflow/example_dags/example_task_group.py took 0.462 seconds
[2022-09-24T20:02:55.251+0000] {processor.py:156} INFO - Started process (PID=4817) to work on /home/airflow/.local/lib/python3.7/site-packages/airflow/example_dags/example_task_group.py
[2022-09-24T20:02:55.261+0000] {processor.py:758} INFO - Processing file /home/airflow/.local/lib/python3.7/site-packages/airflow/example_dags/example_task_group.py for tasks to queue
[2022-09-24T20:02:55.265+0000] {logging_mixin.py:117} INFO - [2022-09-24T20:02:55.265+0000] {dagbag.py:525} INFO - Filling up the DagBag from /home/airflow/.local/lib/python3.7/site-packages/airflow/example_dags/example_task_group.py
[2022-09-24T20:02:55.333+0000] {processor.py:768} INFO - DAG(s) dict_keys(['example_task_group']) retrieved from /home/airflow/.local/lib/python3.7/site-packages/airflow/example_dags/example_task_group.py
[2022-09-24T20:02:55.440+0000] {logging_mixin.py:117} INFO - [2022-09-24T20:02:55.439+0000] {dag.py:2573} INFO - Sync 1 DAGs
[2022-09-24T20:02:55.503+0000] {logging_mixin.py:117} INFO - [2022-09-24T20:02:55.502+0000] {dag.py:3328} INFO - Setting next_dagrun for example_task_group to 2022-09-23T20:02:55.502409+00:00, run_after=2022-09-24T20:02:55.502409+00:00
[2022-09-24T20:02:55.542+0000] {processor.py:178} INFO - Processing /home/airflow/.local/lib/python3.7/site-packages/airflow/example_dags/example_task_group.py took 0.299 seconds
[2022-09-24T20:03:29.626+0000] {processor.py:156} INFO - Started process (PID=5016) to work on /home/airflow/.local/lib/python3.7/site-packages/airflow/example_dags/example_task_group.py
[2022-09-24T20:03:29.666+0000] {processor.py:758} INFO - Processing file /home/airflow/.local/lib/python3.7/site-packages/airflow/example_dags/example_task_group.py for tasks to queue
[2022-09-24T20:03:29.669+0000] {logging_mixin.py:117} INFO - [2022-09-24T20:03:29.669+0000] {dagbag.py:525} INFO - Filling up the DagBag from /home/airflow/.local/lib/python3.7/site-packages/airflow/example_dags/example_task_group.py
[2022-09-24T20:03:29.923+0000] {processor.py:768} INFO - DAG(s) dict_keys(['example_task_group']) retrieved from /home/airflow/.local/lib/python3.7/site-packages/airflow/example_dags/example_task_group.py
[2022-09-24T20:03:30.708+0000] {logging_mixin.py:117} INFO - [2022-09-24T20:03:30.708+0000] {dag.py:2573} INFO - Sync 1 DAGs
[2022-09-24T20:03:31.315+0000] {logging_mixin.py:117} INFO - [2022-09-24T20:03:31.314+0000] {dag.py:3328} INFO - Setting next_dagrun for example_task_group to 2022-09-23T20:03:31.314166+00:00, run_after=2022-09-24T20:03:31.314166+00:00
[2022-09-24T20:03:31.469+0000] {processor.py:178} INFO - Processing /home/airflow/.local/lib/python3.7/site-packages/airflow/example_dags/example_task_group.py took 1.881 seconds
[2022-09-24T20:04:02.419+0000] {processor.py:156} INFO - Started process (PID=5212) to work on /home/airflow/.local/lib/python3.7/site-packages/airflow/example_dags/example_task_group.py
[2022-09-24T20:04:02.428+0000] {processor.py:758} INFO - Processing file /home/airflow/.local/lib/python3.7/site-packages/airflow/example_dags/example_task_group.py for tasks to queue
[2022-09-24T20:04:02.440+0000] {logging_mixin.py:117} INFO - [2022-09-24T20:04:02.436+0000] {dagbag.py:525} INFO - Filling up the DagBag from /home/airflow/.local/lib/python3.7/site-packages/airflow/example_dags/example_task_group.py
[2022-09-24T20:04:02.556+0000] {processor.py:768} INFO - DAG(s) dict_keys(['example_task_group']) retrieved from /home/airflow/.local/lib/python3.7/site-packages/airflow/example_dags/example_task_group.py
[2022-09-24T20:04:02.683+0000] {logging_mixin.py:117} INFO - [2022-09-24T20:04:02.682+0000] {dag.py:2573} INFO - Sync 1 DAGs
[2022-09-24T20:04:02.747+0000] {logging_mixin.py:117} INFO - [2022-09-24T20:04:02.747+0000] {dag.py:3328} INFO - Setting next_dagrun for example_task_group to 2022-09-23T20:04:02.747156+00:00, run_after=2022-09-24T20:04:02.747156+00:00
[2022-09-24T20:04:02.818+0000] {processor.py:178} INFO - Processing /home/airflow/.local/lib/python3.7/site-packages/airflow/example_dags/example_task_group.py took 0.424 seconds
[2022-09-24T20:04:32.930+0000] {processor.py:156} INFO - Started process (PID=5412) to work on /home/airflow/.local/lib/python3.7/site-packages/airflow/example_dags/example_task_group.py
[2022-09-24T20:04:32.934+0000] {processor.py:758} INFO - Processing file /home/airflow/.local/lib/python3.7/site-packages/airflow/example_dags/example_task_group.py for tasks to queue
[2022-09-24T20:04:32.938+0000] {logging_mixin.py:117} INFO - [2022-09-24T20:04:32.937+0000] {dagbag.py:525} INFO - Filling up the DagBag from /home/airflow/.local/lib/python3.7/site-packages/airflow/example_dags/example_task_group.py
[2022-09-24T20:04:32.981+0000] {processor.py:768} INFO - DAG(s) dict_keys(['example_task_group']) retrieved from /home/airflow/.local/lib/python3.7/site-packages/airflow/example_dags/example_task_group.py
[2022-09-24T20:04:33.120+0000] {logging_mixin.py:117} INFO - [2022-09-24T20:04:33.120+0000] {dag.py:2573} INFO - Sync 1 DAGs
[2022-09-24T20:04:33.183+0000] {logging_mixin.py:117} INFO - [2022-09-24T20:04:33.182+0000] {dag.py:3328} INFO - Setting next_dagrun for example_task_group to 2022-09-23T20:04:33.182592+00:00, run_after=2022-09-24T20:04:33.182592+00:00
[2022-09-24T20:04:33.228+0000] {processor.py:178} INFO - Processing /home/airflow/.local/lib/python3.7/site-packages/airflow/example_dags/example_task_group.py took 0.311 seconds
[2022-09-24T20:05:03.566+0000] {processor.py:156} INFO - Started process (PID=5617) to work on /home/airflow/.local/lib/python3.7/site-packages/airflow/example_dags/example_task_group.py
[2022-09-24T20:05:03.577+0000] {processor.py:758} INFO - Processing file /home/airflow/.local/lib/python3.7/site-packages/airflow/example_dags/example_task_group.py for tasks to queue
[2022-09-24T20:05:03.581+0000] {logging_mixin.py:117} INFO - [2022-09-24T20:05:03.581+0000] {dagbag.py:525} INFO - Filling up the DagBag from /home/airflow/.local/lib/python3.7/site-packages/airflow/example_dags/example_task_group.py
[2022-09-24T20:05:03.739+0000] {processor.py:768} INFO - DAG(s) dict_keys(['example_task_group']) retrieved from /home/airflow/.local/lib/python3.7/site-packages/airflow/example_dags/example_task_group.py
[2022-09-24T20:05:04.093+0000] {logging_mixin.py:117} INFO - [2022-09-24T20:05:04.093+0000] {dag.py:2573} INFO - Sync 1 DAGs
[2022-09-24T20:05:04.265+0000] {logging_mixin.py:117} INFO - [2022-09-24T20:05:04.265+0000] {dag.py:3328} INFO - Setting next_dagrun for example_task_group to 2022-09-23T20:05:04.264086+00:00, run_after=2022-09-24T20:05:04.264086+00:00
[2022-09-24T20:05:04.365+0000] {processor.py:178} INFO - Processing /home/airflow/.local/lib/python3.7/site-packages/airflow/example_dags/example_task_group.py took 0.816 seconds
[2022-09-24T20:05:35.936+0000] {processor.py:156} INFO - Started process (PID=5818) to work on /home/airflow/.local/lib/python3.7/site-packages/airflow/example_dags/example_task_group.py
[2022-09-24T20:05:35.955+0000] {processor.py:758} INFO - Processing file /home/airflow/.local/lib/python3.7/site-packages/airflow/example_dags/example_task_group.py for tasks to queue
[2022-09-24T20:05:35.965+0000] {logging_mixin.py:117} INFO - [2022-09-24T20:05:35.965+0000] {dagbag.py:525} INFO - Filling up the DagBag from /home/airflow/.local/lib/python3.7/site-packages/airflow/example_dags/example_task_group.py
[2022-09-24T20:05:36.177+0000] {processor.py:768} INFO - DAG(s) dict_keys(['example_task_group']) retrieved from /home/airflow/.local/lib/python3.7/site-packages/airflow/example_dags/example_task_group.py
[2022-09-24T20:05:36.675+0000] {logging_mixin.py:117} INFO - [2022-09-24T20:05:36.675+0000] {dag.py:2573} INFO - Sync 1 DAGs
[2022-09-24T20:05:36.905+0000] {logging_mixin.py:117} INFO - [2022-09-24T20:05:36.905+0000] {dag.py:3328} INFO - Setting next_dagrun for example_task_group to 2022-09-23T20:05:36.904680+00:00, run_after=2022-09-24T20:05:36.904680+00:00
[2022-09-24T20:05:37.170+0000] {processor.py:178} INFO - Processing /home/airflow/.local/lib/python3.7/site-packages/airflow/example_dags/example_task_group.py took 1.264 seconds
[2022-09-24T20:06:07.939+0000] {processor.py:156} INFO - Started process (PID=6018) to work on /home/airflow/.local/lib/python3.7/site-packages/airflow/example_dags/example_task_group.py
[2022-09-24T20:06:07.943+0000] {processor.py:758} INFO - Processing file /home/airflow/.local/lib/python3.7/site-packages/airflow/example_dags/example_task_group.py for tasks to queue
[2022-09-24T20:06:07.949+0000] {logging_mixin.py:117} INFO - [2022-09-24T20:06:07.949+0000] {dagbag.py:525} INFO - Filling up the DagBag from /home/airflow/.local/lib/python3.7/site-packages/airflow/example_dags/example_task_group.py
[2022-09-24T20:06:08.017+0000] {processor.py:768} INFO - DAG(s) dict_keys(['example_task_group']) retrieved from /home/airflow/.local/lib/python3.7/site-packages/airflow/example_dags/example_task_group.py
[2022-09-24T20:06:08.185+0000] {logging_mixin.py:117} INFO - [2022-09-24T20:06:08.185+0000] {dag.py:2573} INFO - Sync 1 DAGs
[2022-09-24T20:06:08.381+0000] {logging_mixin.py:117} INFO - [2022-09-24T20:06:08.381+0000] {dag.py:3328} INFO - Setting next_dagrun for example_task_group to 2022-09-23T20:06:08.379771+00:00, run_after=2022-09-24T20:06:08.379771+00:00
[2022-09-24T20:06:08.508+0000] {processor.py:178} INFO - Processing /home/airflow/.local/lib/python3.7/site-packages/airflow/example_dags/example_task_group.py took 0.581 seconds
[2022-09-24T20:06:39.176+0000] {processor.py:156} INFO - Started process (PID=6215) to work on /home/airflow/.local/lib/python3.7/site-packages/airflow/example_dags/example_task_group.py
[2022-09-24T20:06:39.181+0000] {processor.py:758} INFO - Processing file /home/airflow/.local/lib/python3.7/site-packages/airflow/example_dags/example_task_group.py for tasks to queue
[2022-09-24T20:06:39.188+0000] {logging_mixin.py:117} INFO - [2022-09-24T20:06:39.188+0000] {dagbag.py:525} INFO - Filling up the DagBag from /home/airflow/.local/lib/python3.7/site-packages/airflow/example_dags/example_task_group.py
[2022-09-24T20:06:39.274+0000] {processor.py:768} INFO - DAG(s) dict_keys(['example_task_group']) retrieved from /home/airflow/.local/lib/python3.7/site-packages/airflow/example_dags/example_task_group.py
[2022-09-24T20:06:39.521+0000] {logging_mixin.py:117} INFO - [2022-09-24T20:06:39.521+0000] {dag.py:2573} INFO - Sync 1 DAGs
[2022-09-24T20:06:39.603+0000] {logging_mixin.py:117} INFO - [2022-09-24T20:06:39.602+0000] {dag.py:3328} INFO - Setting next_dagrun for example_task_group to 2022-09-23T20:06:39.602605+00:00, run_after=2022-09-24T20:06:39.602605+00:00
[2022-09-24T20:06:39.665+0000] {processor.py:178} INFO - Processing /home/airflow/.local/lib/python3.7/site-packages/airflow/example_dags/example_task_group.py took 0.510 seconds
[2022-09-24T20:07:10.112+0000] {processor.py:156} INFO - Started process (PID=6414) to work on /home/airflow/.local/lib/python3.7/site-packages/airflow/example_dags/example_task_group.py
[2022-09-24T20:07:10.115+0000] {processor.py:758} INFO - Processing file /home/airflow/.local/lib/python3.7/site-packages/airflow/example_dags/example_task_group.py for tasks to queue
[2022-09-24T20:07:10.118+0000] {logging_mixin.py:117} INFO - [2022-09-24T20:07:10.118+0000] {dagbag.py:525} INFO - Filling up the DagBag from /home/airflow/.local/lib/python3.7/site-packages/airflow/example_dags/example_task_group.py
[2022-09-24T20:07:10.168+0000] {processor.py:768} INFO - DAG(s) dict_keys(['example_task_group']) retrieved from /home/airflow/.local/lib/python3.7/site-packages/airflow/example_dags/example_task_group.py
[2022-09-24T20:07:10.255+0000] {logging_mixin.py:117} INFO - [2022-09-24T20:07:10.255+0000] {dag.py:2573} INFO - Sync 1 DAGs
[2022-09-24T20:07:10.314+0000] {logging_mixin.py:117} INFO - [2022-09-24T20:07:10.313+0000] {dag.py:3328} INFO - Setting next_dagrun for example_task_group to 2022-09-23T20:07:10.313171+00:00, run_after=2022-09-24T20:07:10.313171+00:00
[2022-09-24T20:07:10.356+0000] {processor.py:178} INFO - Processing /home/airflow/.local/lib/python3.7/site-packages/airflow/example_dags/example_task_group.py took 0.250 seconds
[2022-09-24T20:07:40.551+0000] {processor.py:156} INFO - Started process (PID=6612) to work on /home/airflow/.local/lib/python3.7/site-packages/airflow/example_dags/example_task_group.py
[2022-09-24T20:07:40.559+0000] {processor.py:758} INFO - Processing file /home/airflow/.local/lib/python3.7/site-packages/airflow/example_dags/example_task_group.py for tasks to queue
[2022-09-24T20:07:40.570+0000] {logging_mixin.py:117} INFO - [2022-09-24T20:07:40.570+0000] {dagbag.py:525} INFO - Filling up the DagBag from /home/airflow/.local/lib/python3.7/site-packages/airflow/example_dags/example_task_group.py
[2022-09-24T20:07:40.606+0000] {processor.py:768} INFO - DAG(s) dict_keys(['example_task_group']) retrieved from /home/airflow/.local/lib/python3.7/site-packages/airflow/example_dags/example_task_group.py
[2022-09-24T20:07:40.692+0000] {logging_mixin.py:117} INFO - [2022-09-24T20:07:40.692+0000] {dag.py:2573} INFO - Sync 1 DAGs
[2022-09-24T20:07:40.781+0000] {logging_mixin.py:117} INFO - [2022-09-24T20:07:40.780+0000] {dag.py:3328} INFO - Setting next_dagrun for example_task_group to 2022-09-23T20:07:40.780248+00:00, run_after=2022-09-24T20:07:40.780248+00:00
[2022-09-24T20:07:40.863+0000] {processor.py:178} INFO - Processing /home/airflow/.local/lib/python3.7/site-packages/airflow/example_dags/example_task_group.py took 0.320 seconds
[2022-09-24T20:08:11.311+0000] {processor.py:156} INFO - Started process (PID=6819) to work on /home/airflow/.local/lib/python3.7/site-packages/airflow/example_dags/example_task_group.py
[2022-09-24T20:08:11.314+0000] {processor.py:758} INFO - Processing file /home/airflow/.local/lib/python3.7/site-packages/airflow/example_dags/example_task_group.py for tasks to queue
[2022-09-24T20:08:11.316+0000] {logging_mixin.py:117} INFO - [2022-09-24T20:08:11.316+0000] {dagbag.py:525} INFO - Filling up the DagBag from /home/airflow/.local/lib/python3.7/site-packages/airflow/example_dags/example_task_group.py
[2022-09-24T20:08:11.358+0000] {processor.py:768} INFO - DAG(s) dict_keys(['example_task_group']) retrieved from /home/airflow/.local/lib/python3.7/site-packages/airflow/example_dags/example_task_group.py
[2022-09-24T20:08:11.444+0000] {logging_mixin.py:117} INFO - [2022-09-24T20:08:11.443+0000] {dag.py:2573} INFO - Sync 1 DAGs
[2022-09-24T20:08:11.544+0000] {logging_mixin.py:117} INFO - [2022-09-24T20:08:11.544+0000] {dag.py:3328} INFO - Setting next_dagrun for example_task_group to 2022-09-23T20:08:11.543591+00:00, run_after=2022-09-24T20:08:11.543591+00:00
[2022-09-24T20:08:11.632+0000] {processor.py:178} INFO - Processing /home/airflow/.local/lib/python3.7/site-packages/airflow/example_dags/example_task_group.py took 0.330 seconds
[2022-09-24T20:08:42.238+0000] {processor.py:156} INFO - Started process (PID=7018) to work on /home/airflow/.local/lib/python3.7/site-packages/airflow/example_dags/example_task_group.py
[2022-09-24T20:08:42.247+0000] {processor.py:758} INFO - Processing file /home/airflow/.local/lib/python3.7/site-packages/airflow/example_dags/example_task_group.py for tasks to queue
[2022-09-24T20:08:42.255+0000] {logging_mixin.py:117} INFO - [2022-09-24T20:08:42.253+0000] {dagbag.py:525} INFO - Filling up the DagBag from /home/airflow/.local/lib/python3.7/site-packages/airflow/example_dags/example_task_group.py
[2022-09-24T20:08:42.352+0000] {processor.py:768} INFO - DAG(s) dict_keys(['example_task_group']) retrieved from /home/airflow/.local/lib/python3.7/site-packages/airflow/example_dags/example_task_group.py
[2022-09-24T20:08:42.516+0000] {logging_mixin.py:117} INFO - [2022-09-24T20:08:42.516+0000] {dag.py:2573} INFO - Sync 1 DAGs
[2022-09-24T20:08:42.622+0000] {logging_mixin.py:117} INFO - [2022-09-24T20:08:42.622+0000] {dag.py:3328} INFO - Setting next_dagrun for example_task_group to 2022-09-23T20:08:42.621739+00:00, run_after=2022-09-24T20:08:42.621739+00:00
[2022-09-24T20:08:42.692+0000] {processor.py:178} INFO - Processing /home/airflow/.local/lib/python3.7/site-packages/airflow/example_dags/example_task_group.py took 0.499 seconds
[2022-09-24T20:09:12.984+0000] {processor.py:156} INFO - Started process (PID=7220) to work on /home/airflow/.local/lib/python3.7/site-packages/airflow/example_dags/example_task_group.py
[2022-09-24T20:09:12.989+0000] {processor.py:758} INFO - Processing file /home/airflow/.local/lib/python3.7/site-packages/airflow/example_dags/example_task_group.py for tasks to queue
[2022-09-24T20:09:12.995+0000] {logging_mixin.py:117} INFO - [2022-09-24T20:09:12.994+0000] {dagbag.py:525} INFO - Filling up the DagBag from /home/airflow/.local/lib/python3.7/site-packages/airflow/example_dags/example_task_group.py
[2022-09-24T20:09:13.062+0000] {processor.py:768} INFO - DAG(s) dict_keys(['example_task_group']) retrieved from /home/airflow/.local/lib/python3.7/site-packages/airflow/example_dags/example_task_group.py
[2022-09-24T20:09:13.168+0000] {logging_mixin.py:117} INFO - [2022-09-24T20:09:13.168+0000] {dag.py:2573} INFO - Sync 1 DAGs
[2022-09-24T20:09:13.232+0000] {logging_mixin.py:117} INFO - [2022-09-24T20:09:13.232+0000] {dag.py:3328} INFO - Setting next_dagrun for example_task_group to 2022-09-23T20:09:13.231594+00:00, run_after=2022-09-24T20:09:13.231594+00:00
[2022-09-24T20:09:13.280+0000] {processor.py:178} INFO - Processing /home/airflow/.local/lib/python3.7/site-packages/airflow/example_dags/example_task_group.py took 0.313 seconds
[2022-09-24T20:09:43.440+0000] {processor.py:156} INFO - Started process (PID=7425) to work on /home/airflow/.local/lib/python3.7/site-packages/airflow/example_dags/example_task_group.py
[2022-09-24T20:09:43.453+0000] {processor.py:758} INFO - Processing file /home/airflow/.local/lib/python3.7/site-packages/airflow/example_dags/example_task_group.py for tasks to queue
[2022-09-24T20:09:43.459+0000] {logging_mixin.py:117} INFO - [2022-09-24T20:09:43.459+0000] {dagbag.py:525} INFO - Filling up the DagBag from /home/airflow/.local/lib/python3.7/site-packages/airflow/example_dags/example_task_group.py
[2022-09-24T20:09:43.511+0000] {processor.py:768} INFO - DAG(s) dict_keys(['example_task_group']) retrieved from /home/airflow/.local/lib/python3.7/site-packages/airflow/example_dags/example_task_group.py
[2022-09-24T20:09:43.613+0000] {logging_mixin.py:117} INFO - [2022-09-24T20:09:43.613+0000] {dag.py:2573} INFO - Sync 1 DAGs
[2022-09-24T20:09:43.685+0000] {logging_mixin.py:117} INFO - [2022-09-24T20:09:43.685+0000] {dag.py:3328} INFO - Setting next_dagrun for example_task_group to 2022-09-23T20:09:43.684947+00:00, run_after=2022-09-24T20:09:43.684947+00:00
[2022-09-24T20:09:43.724+0000] {processor.py:178} INFO - Processing /home/airflow/.local/lib/python3.7/site-packages/airflow/example_dags/example_task_group.py took 0.297 seconds
[2022-09-24T20:10:14.166+0000] {processor.py:156} INFO - Started process (PID=7623) to work on /home/airflow/.local/lib/python3.7/site-packages/airflow/example_dags/example_task_group.py
[2022-09-24T20:10:14.170+0000] {processor.py:758} INFO - Processing file /home/airflow/.local/lib/python3.7/site-packages/airflow/example_dags/example_task_group.py for tasks to queue
[2022-09-24T20:10:14.175+0000] {logging_mixin.py:117} INFO - [2022-09-24T20:10:14.172+0000] {dagbag.py:525} INFO - Filling up the DagBag from /home/airflow/.local/lib/python3.7/site-packages/airflow/example_dags/example_task_group.py
[2022-09-24T20:10:14.213+0000] {processor.py:768} INFO - DAG(s) dict_keys(['example_task_group']) retrieved from /home/airflow/.local/lib/python3.7/site-packages/airflow/example_dags/example_task_group.py
[2022-09-24T20:10:14.294+0000] {logging_mixin.py:117} INFO - [2022-09-24T20:10:14.294+0000] {dag.py:2573} INFO - Sync 1 DAGs
[2022-09-24T20:10:14.356+0000] {logging_mixin.py:117} INFO - [2022-09-24T20:10:14.356+0000] {dag.py:3328} INFO - Setting next_dagrun for example_task_group to 2022-09-23T20:10:14.355764+00:00, run_after=2022-09-24T20:10:14.355764+00:00
[2022-09-24T20:10:14.394+0000] {processor.py:178} INFO - Processing /home/airflow/.local/lib/python3.7/site-packages/airflow/example_dags/example_task_group.py took 0.235 seconds
[2022-09-24T20:10:44.861+0000] {processor.py:156} INFO - Started process (PID=7830) to work on /home/airflow/.local/lib/python3.7/site-packages/airflow/example_dags/example_task_group.py
[2022-09-24T20:10:44.865+0000] {processor.py:758} INFO - Processing file /home/airflow/.local/lib/python3.7/site-packages/airflow/example_dags/example_task_group.py for tasks to queue
[2022-09-24T20:10:44.867+0000] {logging_mixin.py:117} INFO - [2022-09-24T20:10:44.867+0000] {dagbag.py:525} INFO - Filling up the DagBag from /home/airflow/.local/lib/python3.7/site-packages/airflow/example_dags/example_task_group.py
[2022-09-24T20:10:44.908+0000] {processor.py:768} INFO - DAG(s) dict_keys(['example_task_group']) retrieved from /home/airflow/.local/lib/python3.7/site-packages/airflow/example_dags/example_task_group.py
[2022-09-24T20:10:44.991+0000] {logging_mixin.py:117} INFO - [2022-09-24T20:10:44.991+0000] {dag.py:2573} INFO - Sync 1 DAGs
[2022-09-24T20:10:45.047+0000] {logging_mixin.py:117} INFO - [2022-09-24T20:10:45.047+0000] {dag.py:3328} INFO - Setting next_dagrun for example_task_group to 2022-09-23T20:10:45.046938+00:00, run_after=2022-09-24T20:10:45.046938+00:00
[2022-09-24T20:10:45.099+0000] {processor.py:178} INFO - Processing /home/airflow/.local/lib/python3.7/site-packages/airflow/example_dags/example_task_group.py took 0.249 seconds
[2022-09-24T20:11:15.409+0000] {processor.py:156} INFO - Started process (PID=8027) to work on /home/airflow/.local/lib/python3.7/site-packages/airflow/example_dags/example_task_group.py
[2022-09-24T20:11:15.415+0000] {processor.py:758} INFO - Processing file /home/airflow/.local/lib/python3.7/site-packages/airflow/example_dags/example_task_group.py for tasks to queue
[2022-09-24T20:11:15.422+0000] {logging_mixin.py:117} INFO - [2022-09-24T20:11:15.421+0000] {dagbag.py:525} INFO - Filling up the DagBag from /home/airflow/.local/lib/python3.7/site-packages/airflow/example_dags/example_task_group.py
[2022-09-24T20:11:15.507+0000] {processor.py:768} INFO - DAG(s) dict_keys(['example_task_group']) retrieved from /home/airflow/.local/lib/python3.7/site-packages/airflow/example_dags/example_task_group.py
[2022-09-24T20:11:15.685+0000] {logging_mixin.py:117} INFO - [2022-09-24T20:11:15.681+0000] {dag.py:2573} INFO - Sync 1 DAGs
[2022-09-24T20:11:15.835+0000] {logging_mixin.py:117} INFO - [2022-09-24T20:11:15.835+0000] {dag.py:3328} INFO - Setting next_dagrun for example_task_group to 2022-09-23T20:11:15.834210+00:00, run_after=2022-09-24T20:11:15.834210+00:00
[2022-09-24T20:11:15.947+0000] {processor.py:178} INFO - Processing /home/airflow/.local/lib/python3.7/site-packages/airflow/example_dags/example_task_group.py took 0.549 seconds
[2022-09-24T20:11:46.140+0000] {processor.py:156} INFO - Started process (PID=8223) to work on /home/airflow/.local/lib/python3.7/site-packages/airflow/example_dags/example_task_group.py
[2022-09-24T20:11:46.145+0000] {processor.py:758} INFO - Processing file /home/airflow/.local/lib/python3.7/site-packages/airflow/example_dags/example_task_group.py for tasks to queue
[2022-09-24T20:11:46.153+0000] {logging_mixin.py:117} INFO - [2022-09-24T20:11:46.153+0000] {dagbag.py:525} INFO - Filling up the DagBag from /home/airflow/.local/lib/python3.7/site-packages/airflow/example_dags/example_task_group.py
[2022-09-24T20:11:46.225+0000] {processor.py:768} INFO - DAG(s) dict_keys(['example_task_group']) retrieved from /home/airflow/.local/lib/python3.7/site-packages/airflow/example_dags/example_task_group.py
[2022-09-24T20:11:46.408+0000] {logging_mixin.py:117} INFO - [2022-09-24T20:11:46.407+0000] {dag.py:2573} INFO - Sync 1 DAGs
[2022-09-24T20:11:46.491+0000] {logging_mixin.py:117} INFO - [2022-09-24T20:11:46.490+0000] {dag.py:3328} INFO - Setting next_dagrun for example_task_group to 2022-09-23T20:11:46.490299+00:00, run_after=2022-09-24T20:11:46.490299+00:00
[2022-09-24T20:11:46.562+0000] {processor.py:178} INFO - Processing /home/airflow/.local/lib/python3.7/site-packages/airflow/example_dags/example_task_group.py took 0.444 seconds
[2022-09-24T20:12:18.475+0000] {processor.py:156} INFO - Started process (PID=8429) to work on /home/airflow/.local/lib/python3.7/site-packages/airflow/example_dags/example_task_group.py
[2022-09-24T20:12:18.489+0000] {processor.py:758} INFO - Processing file /home/airflow/.local/lib/python3.7/site-packages/airflow/example_dags/example_task_group.py for tasks to queue
[2022-09-24T20:12:18.494+0000] {logging_mixin.py:117} INFO - [2022-09-24T20:12:18.494+0000] {dagbag.py:525} INFO - Filling up the DagBag from /home/airflow/.local/lib/python3.7/site-packages/airflow/example_dags/example_task_group.py
[2022-09-24T20:12:18.596+0000] {processor.py:768} INFO - DAG(s) dict_keys(['example_task_group']) retrieved from /home/airflow/.local/lib/python3.7/site-packages/airflow/example_dags/example_task_group.py
[2022-09-24T20:12:18.883+0000] {logging_mixin.py:117} INFO - [2022-09-24T20:12:18.883+0000] {dag.py:2573} INFO - Sync 1 DAGs
[2022-09-24T20:12:18.992+0000] {logging_mixin.py:117} INFO - [2022-09-24T20:12:18.992+0000] {dag.py:3328} INFO - Setting next_dagrun for example_task_group to 2022-09-23T20:12:18.991612+00:00, run_after=2022-09-24T20:12:18.991612+00:00
[2022-09-24T20:12:19.103+0000] {processor.py:178} INFO - Processing /home/airflow/.local/lib/python3.7/site-packages/airflow/example_dags/example_task_group.py took 0.646 seconds
[2022-09-24T20:12:49.676+0000] {processor.py:156} INFO - Started process (PID=8628) to work on /home/airflow/.local/lib/python3.7/site-packages/airflow/example_dags/example_task_group.py
[2022-09-24T20:12:49.680+0000] {processor.py:758} INFO - Processing file /home/airflow/.local/lib/python3.7/site-packages/airflow/example_dags/example_task_group.py for tasks to queue
[2022-09-24T20:12:49.683+0000] {logging_mixin.py:117} INFO - [2022-09-24T20:12:49.682+0000] {dagbag.py:525} INFO - Filling up the DagBag from /home/airflow/.local/lib/python3.7/site-packages/airflow/example_dags/example_task_group.py
[2022-09-24T20:12:49.757+0000] {processor.py:768} INFO - DAG(s) dict_keys(['example_task_group']) retrieved from /home/airflow/.local/lib/python3.7/site-packages/airflow/example_dags/example_task_group.py
[2022-09-24T20:12:49.971+0000] {logging_mixin.py:117} INFO - [2022-09-24T20:12:49.970+0000] {dag.py:2573} INFO - Sync 1 DAGs
[2022-09-24T20:12:50.143+0000] {logging_mixin.py:117} INFO - [2022-09-24T20:12:50.143+0000] {dag.py:3328} INFO - Setting next_dagrun for example_task_group to 2022-09-23T20:12:50.142991+00:00, run_after=2022-09-24T20:12:50.142991+00:00
[2022-09-24T20:12:50.791+0000] {processor.py:178} INFO - Processing /home/airflow/.local/lib/python3.7/site-packages/airflow/example_dags/example_task_group.py took 1.123 seconds
[2022-09-24T20:13:22.303+0000] {processor.py:156} INFO - Started process (PID=8823) to work on /home/airflow/.local/lib/python3.7/site-packages/airflow/example_dags/example_task_group.py
[2022-09-24T20:13:22.307+0000] {processor.py:758} INFO - Processing file /home/airflow/.local/lib/python3.7/site-packages/airflow/example_dags/example_task_group.py for tasks to queue
[2022-09-24T20:13:22.317+0000] {logging_mixin.py:117} INFO - [2022-09-24T20:13:22.316+0000] {dagbag.py:525} INFO - Filling up the DagBag from /home/airflow/.local/lib/python3.7/site-packages/airflow/example_dags/example_task_group.py
[2022-09-24T20:13:22.451+0000] {processor.py:768} INFO - DAG(s) dict_keys(['example_task_group']) retrieved from /home/airflow/.local/lib/python3.7/site-packages/airflow/example_dags/example_task_group.py
[2022-09-24T20:13:22.685+0000] {logging_mixin.py:117} INFO - [2022-09-24T20:13:22.684+0000] {dag.py:2573} INFO - Sync 1 DAGs
[2022-09-24T20:13:22.837+0000] {logging_mixin.py:117} INFO - [2022-09-24T20:13:22.837+0000] {dag.py:3328} INFO - Setting next_dagrun for example_task_group to 2022-09-23T20:13:22.836945+00:00, run_after=2022-09-24T20:13:22.836945+00:00
[2022-09-24T20:13:22.906+0000] {processor.py:178} INFO - Processing /home/airflow/.local/lib/python3.7/site-packages/airflow/example_dags/example_task_group.py took 0.634 seconds
[2022-09-24T20:13:53.642+0000] {processor.py:156} INFO - Started process (PID=9021) to work on /home/airflow/.local/lib/python3.7/site-packages/airflow/example_dags/example_task_group.py
[2022-09-24T20:13:53.646+0000] {processor.py:758} INFO - Processing file /home/airflow/.local/lib/python3.7/site-packages/airflow/example_dags/example_task_group.py for tasks to queue
[2022-09-24T20:13:53.651+0000] {logging_mixin.py:117} INFO - [2022-09-24T20:13:53.650+0000] {dagbag.py:525} INFO - Filling up the DagBag from /home/airflow/.local/lib/python3.7/site-packages/airflow/example_dags/example_task_group.py
[2022-09-24T20:13:53.697+0000] {processor.py:768} INFO - DAG(s) dict_keys(['example_task_group']) retrieved from /home/airflow/.local/lib/python3.7/site-packages/airflow/example_dags/example_task_group.py
[2022-09-24T20:13:53.787+0000] {logging_mixin.py:117} INFO - [2022-09-24T20:13:53.786+0000] {dag.py:2573} INFO - Sync 1 DAGs
[2022-09-24T20:13:53.842+0000] {logging_mixin.py:117} INFO - [2022-09-24T20:13:53.842+0000] {dag.py:3328} INFO - Setting next_dagrun for example_task_group to 2022-09-23T20:13:53.841427+00:00, run_after=2022-09-24T20:13:53.841427+00:00
[2022-09-24T20:13:53.931+0000] {processor.py:178} INFO - Processing /home/airflow/.local/lib/python3.7/site-packages/airflow/example_dags/example_task_group.py took 0.296 seconds
[2022-09-24T20:14:29.575+0000] {processor.py:156} INFO - Started process (PID=9192) to work on /home/airflow/.local/lib/python3.7/site-packages/airflow/example_dags/example_task_group.py
[2022-09-24T20:14:29.591+0000] {processor.py:758} INFO - Processing file /home/airflow/.local/lib/python3.7/site-packages/airflow/example_dags/example_task_group.py for tasks to queue
[2022-09-24T20:14:29.615+0000] {logging_mixin.py:117} INFO - [2022-09-24T20:14:29.615+0000] {dagbag.py:525} INFO - Filling up the DagBag from /home/airflow/.local/lib/python3.7/site-packages/airflow/example_dags/example_task_group.py
[2022-09-24T20:14:29.757+0000] {processor.py:768} INFO - DAG(s) dict_keys(['example_task_group']) retrieved from /home/airflow/.local/lib/python3.7/site-packages/airflow/example_dags/example_task_group.py
[2022-09-24T20:14:30.043+0000] {logging_mixin.py:117} INFO - [2022-09-24T20:14:30.043+0000] {dag.py:2573} INFO - Sync 1 DAGs
[2022-09-24T20:14:30.211+0000] {logging_mixin.py:117} INFO - [2022-09-24T20:14:30.210+0000] {dag.py:3328} INFO - Setting next_dagrun for example_task_group to 2022-09-23T20:14:30.209867+00:00, run_after=2022-09-24T20:14:30.209867+00:00
[2022-09-24T20:14:30.319+0000] {processor.py:178} INFO - Processing /home/airflow/.local/lib/python3.7/site-packages/airflow/example_dags/example_task_group.py took 0.768 seconds
[2022-09-24T20:15:00.804+0000] {processor.py:156} INFO - Started process (PID=9390) to work on /home/airflow/.local/lib/python3.7/site-packages/airflow/example_dags/example_task_group.py
[2022-09-24T20:15:00.810+0000] {processor.py:758} INFO - Processing file /home/airflow/.local/lib/python3.7/site-packages/airflow/example_dags/example_task_group.py for tasks to queue
[2022-09-24T20:15:00.822+0000] {logging_mixin.py:117} INFO - [2022-09-24T20:15:00.822+0000] {dagbag.py:525} INFO - Filling up the DagBag from /home/airflow/.local/lib/python3.7/site-packages/airflow/example_dags/example_task_group.py
[2022-09-24T20:15:00.890+0000] {processor.py:768} INFO - DAG(s) dict_keys(['example_task_group']) retrieved from /home/airflow/.local/lib/python3.7/site-packages/airflow/example_dags/example_task_group.py
[2022-09-24T20:15:01.098+0000] {logging_mixin.py:117} INFO - [2022-09-24T20:15:01.097+0000] {dag.py:2573} INFO - Sync 1 DAGs
[2022-09-24T20:15:01.184+0000] {logging_mixin.py:117} INFO - [2022-09-24T20:15:01.184+0000] {dag.py:3328} INFO - Setting next_dagrun for example_task_group to 2022-09-23T20:15:01.183841+00:00, run_after=2022-09-24T20:15:01.183841+00:00
[2022-09-24T20:15:01.279+0000] {processor.py:178} INFO - Processing /home/airflow/.local/lib/python3.7/site-packages/airflow/example_dags/example_task_group.py took 0.487 seconds
[2022-09-24T20:15:32.528+0000] {processor.py:156} INFO - Started process (PID=9588) to work on /home/airflow/.local/lib/python3.7/site-packages/airflow/example_dags/example_task_group.py
[2022-09-24T20:15:32.533+0000] {processor.py:758} INFO - Processing file /home/airflow/.local/lib/python3.7/site-packages/airflow/example_dags/example_task_group.py for tasks to queue
[2022-09-24T20:15:32.537+0000] {logging_mixin.py:117} INFO - [2022-09-24T20:15:32.536+0000] {dagbag.py:525} INFO - Filling up the DagBag from /home/airflow/.local/lib/python3.7/site-packages/airflow/example_dags/example_task_group.py
[2022-09-24T20:15:32.641+0000] {processor.py:768} INFO - DAG(s) dict_keys(['example_task_group']) retrieved from /home/airflow/.local/lib/python3.7/site-packages/airflow/example_dags/example_task_group.py
[2022-09-24T20:15:32.854+0000] {logging_mixin.py:117} INFO - [2022-09-24T20:15:32.854+0000] {dag.py:2573} INFO - Sync 1 DAGs
[2022-09-24T20:15:33.004+0000] {logging_mixin.py:117} INFO - [2022-09-24T20:15:33.003+0000] {dag.py:3328} INFO - Setting next_dagrun for example_task_group to 2022-09-23T20:15:33.003049+00:00, run_after=2022-09-24T20:15:33.003049+00:00
[2022-09-24T20:15:33.118+0000] {processor.py:178} INFO - Processing /home/airflow/.local/lib/python3.7/site-packages/airflow/example_dags/example_task_group.py took 0.600 seconds
[2022-09-24T20:16:03.364+0000] {processor.py:156} INFO - Started process (PID=9785) to work on /home/airflow/.local/lib/python3.7/site-packages/airflow/example_dags/example_task_group.py
[2022-09-24T20:16:03.372+0000] {processor.py:758} INFO - Processing file /home/airflow/.local/lib/python3.7/site-packages/airflow/example_dags/example_task_group.py for tasks to queue
[2022-09-24T20:16:03.379+0000] {logging_mixin.py:117} INFO - [2022-09-24T20:16:03.377+0000] {dagbag.py:525} INFO - Filling up the DagBag from /home/airflow/.local/lib/python3.7/site-packages/airflow/example_dags/example_task_group.py
[2022-09-24T20:16:03.458+0000] {processor.py:768} INFO - DAG(s) dict_keys(['example_task_group']) retrieved from /home/airflow/.local/lib/python3.7/site-packages/airflow/example_dags/example_task_group.py
[2022-09-24T20:16:03.775+0000] {logging_mixin.py:117} INFO - [2022-09-24T20:16:03.775+0000] {dag.py:2573} INFO - Sync 1 DAGs
[2022-09-24T20:16:03.979+0000] {logging_mixin.py:117} INFO - [2022-09-24T20:16:03.978+0000] {dag.py:3328} INFO - Setting next_dagrun for example_task_group to 2022-09-23T20:16:03.978198+00:00, run_after=2022-09-24T20:16:03.978198+00:00
[2022-09-24T20:16:04.110+0000] {processor.py:178} INFO - Processing /home/airflow/.local/lib/python3.7/site-packages/airflow/example_dags/example_task_group.py took 0.771 seconds
[2022-09-24T20:16:34.497+0000] {processor.py:156} INFO - Started process (PID=9985) to work on /home/airflow/.local/lib/python3.7/site-packages/airflow/example_dags/example_task_group.py
[2022-09-24T20:16:34.507+0000] {processor.py:758} INFO - Processing file /home/airflow/.local/lib/python3.7/site-packages/airflow/example_dags/example_task_group.py for tasks to queue
[2022-09-24T20:16:34.510+0000] {logging_mixin.py:117} INFO - [2022-09-24T20:16:34.510+0000] {dagbag.py:525} INFO - Filling up the DagBag from /home/airflow/.local/lib/python3.7/site-packages/airflow/example_dags/example_task_group.py
[2022-09-24T20:16:34.555+0000] {processor.py:768} INFO - DAG(s) dict_keys(['example_task_group']) retrieved from /home/airflow/.local/lib/python3.7/site-packages/airflow/example_dags/example_task_group.py
[2022-09-24T20:16:34.657+0000] {logging_mixin.py:117} INFO - [2022-09-24T20:16:34.656+0000] {dag.py:2573} INFO - Sync 1 DAGs
[2022-09-24T20:16:34.717+0000] {logging_mixin.py:117} INFO - [2022-09-24T20:16:34.717+0000] {dag.py:3328} INFO - Setting next_dagrun for example_task_group to 2022-09-23T20:16:34.716900+00:00, run_after=2022-09-24T20:16:34.716900+00:00
[2022-09-24T20:16:34.767+0000] {processor.py:178} INFO - Processing /home/airflow/.local/lib/python3.7/site-packages/airflow/example_dags/example_task_group.py took 0.285 seconds
[2022-09-24T20:17:05.901+0000] {processor.py:156} INFO - Started process (PID=10192) to work on /home/airflow/.local/lib/python3.7/site-packages/airflow/example_dags/example_task_group.py
[2022-09-24T20:17:05.905+0000] {processor.py:758} INFO - Processing file /home/airflow/.local/lib/python3.7/site-packages/airflow/example_dags/example_task_group.py for tasks to queue
[2022-09-24T20:17:05.908+0000] {logging_mixin.py:117} INFO - [2022-09-24T20:17:05.907+0000] {dagbag.py:525} INFO - Filling up the DagBag from /home/airflow/.local/lib/python3.7/site-packages/airflow/example_dags/example_task_group.py
[2022-09-24T20:17:06.017+0000] {processor.py:768} INFO - DAG(s) dict_keys(['example_task_group']) retrieved from /home/airflow/.local/lib/python3.7/site-packages/airflow/example_dags/example_task_group.py
[2022-09-24T20:17:06.271+0000] {logging_mixin.py:117} INFO - [2022-09-24T20:17:06.270+0000] {dag.py:2573} INFO - Sync 1 DAGs
[2022-09-24T20:17:06.345+0000] {logging_mixin.py:117} INFO - [2022-09-24T20:17:06.344+0000] {dag.py:3328} INFO - Setting next_dagrun for example_task_group to 2022-09-23T20:17:06.343195+00:00, run_after=2022-09-24T20:17:06.343195+00:00
[2022-09-24T20:17:06.462+0000] {processor.py:178} INFO - Processing /home/airflow/.local/lib/python3.7/site-packages/airflow/example_dags/example_task_group.py took 0.573 seconds
[2022-09-24T20:17:37.443+0000] {processor.py:156} INFO - Started process (PID=10390) to work on /home/airflow/.local/lib/python3.7/site-packages/airflow/example_dags/example_task_group.py
[2022-09-24T20:17:37.449+0000] {processor.py:758} INFO - Processing file /home/airflow/.local/lib/python3.7/site-packages/airflow/example_dags/example_task_group.py for tasks to queue
[2022-09-24T20:17:37.462+0000] {logging_mixin.py:117} INFO - [2022-09-24T20:17:37.459+0000] {dagbag.py:525} INFO - Filling up the DagBag from /home/airflow/.local/lib/python3.7/site-packages/airflow/example_dags/example_task_group.py
[2022-09-24T20:17:37.595+0000] {processor.py:768} INFO - DAG(s) dict_keys(['example_task_group']) retrieved from /home/airflow/.local/lib/python3.7/site-packages/airflow/example_dags/example_task_group.py
[2022-09-24T20:17:37.870+0000] {logging_mixin.py:117} INFO - [2022-09-24T20:17:37.870+0000] {dag.py:2573} INFO - Sync 1 DAGs
[2022-09-24T20:17:38.035+0000] {logging_mixin.py:117} INFO - [2022-09-24T20:17:38.035+0000] {dag.py:3328} INFO - Setting next_dagrun for example_task_group to 2022-09-23T20:17:38.035225+00:00, run_after=2022-09-24T20:17:38.035225+00:00
[2022-09-24T20:17:38.136+0000] {processor.py:178} INFO - Processing /home/airflow/.local/lib/python3.7/site-packages/airflow/example_dags/example_task_group.py took 0.722 seconds
[2022-09-24T20:18:10.780+0000] {processor.py:156} INFO - Started process (PID=10588) to work on /home/airflow/.local/lib/python3.7/site-packages/airflow/example_dags/example_task_group.py
[2022-09-24T20:18:10.789+0000] {processor.py:758} INFO - Processing file /home/airflow/.local/lib/python3.7/site-packages/airflow/example_dags/example_task_group.py for tasks to queue
[2022-09-24T20:18:10.796+0000] {logging_mixin.py:117} INFO - [2022-09-24T20:18:10.794+0000] {dagbag.py:525} INFO - Filling up the DagBag from /home/airflow/.local/lib/python3.7/site-packages/airflow/example_dags/example_task_group.py
[2022-09-24T20:18:10.876+0000] {processor.py:768} INFO - DAG(s) dict_keys(['example_task_group']) retrieved from /home/airflow/.local/lib/python3.7/site-packages/airflow/example_dags/example_task_group.py
[2022-09-24T20:18:11.042+0000] {logging_mixin.py:117} INFO - [2022-09-24T20:18:11.041+0000] {dag.py:2573} INFO - Sync 1 DAGs
[2022-09-24T20:18:11.164+0000] {logging_mixin.py:117} INFO - [2022-09-24T20:18:11.163+0000] {dag.py:3328} INFO - Setting next_dagrun for example_task_group to 2022-09-23T20:18:11.163424+00:00, run_after=2022-09-24T20:18:11.163424+00:00
[2022-09-24T20:18:11.239+0000] {processor.py:178} INFO - Processing /home/airflow/.local/lib/python3.7/site-packages/airflow/example_dags/example_task_group.py took 0.473 seconds
[2022-09-24T20:18:41.779+0000] {processor.py:156} INFO - Started process (PID=10788) to work on /home/airflow/.local/lib/python3.7/site-packages/airflow/example_dags/example_task_group.py
[2022-09-24T20:18:41.782+0000] {processor.py:758} INFO - Processing file /home/airflow/.local/lib/python3.7/site-packages/airflow/example_dags/example_task_group.py for tasks to queue
[2022-09-24T20:18:41.785+0000] {logging_mixin.py:117} INFO - [2022-09-24T20:18:41.784+0000] {dagbag.py:525} INFO - Filling up the DagBag from /home/airflow/.local/lib/python3.7/site-packages/airflow/example_dags/example_task_group.py
[2022-09-24T20:18:41.816+0000] {processor.py:768} INFO - DAG(s) dict_keys(['example_task_group']) retrieved from /home/airflow/.local/lib/python3.7/site-packages/airflow/example_dags/example_task_group.py
[2022-09-24T20:18:41.889+0000] {logging_mixin.py:117} INFO - [2022-09-24T20:18:41.889+0000] {dag.py:2573} INFO - Sync 1 DAGs
[2022-09-24T20:18:41.934+0000] {logging_mixin.py:117} INFO - [2022-09-24T20:18:41.934+0000] {dag.py:3328} INFO - Setting next_dagrun for example_task_group to 2022-09-23T20:18:41.933668+00:00, run_after=2022-09-24T20:18:41.933668+00:00
[2022-09-24T20:18:41.973+0000] {processor.py:178} INFO - Processing /home/airflow/.local/lib/python3.7/site-packages/airflow/example_dags/example_task_group.py took 0.202 seconds
[2022-09-24T20:19:14.693+0000] {processor.py:156} INFO - Started process (PID=10994) to work on /home/airflow/.local/lib/python3.7/site-packages/airflow/example_dags/example_task_group.py
[2022-09-24T20:19:14.702+0000] {processor.py:758} INFO - Processing file /home/airflow/.local/lib/python3.7/site-packages/airflow/example_dags/example_task_group.py for tasks to queue
[2022-09-24T20:19:14.706+0000] {logging_mixin.py:117} INFO - [2022-09-24T20:19:14.706+0000] {dagbag.py:525} INFO - Filling up the DagBag from /home/airflow/.local/lib/python3.7/site-packages/airflow/example_dags/example_task_group.py
[2022-09-24T20:19:14.795+0000] {processor.py:768} INFO - DAG(s) dict_keys(['example_task_group']) retrieved from /home/airflow/.local/lib/python3.7/site-packages/airflow/example_dags/example_task_group.py
[2022-09-24T20:19:14.964+0000] {logging_mixin.py:117} INFO - [2022-09-24T20:19:14.964+0000] {dag.py:2573} INFO - Sync 1 DAGs
[2022-09-24T20:19:15.041+0000] {logging_mixin.py:117} INFO - [2022-09-24T20:19:15.041+0000] {dag.py:3328} INFO - Setting next_dagrun for example_task_group to 2022-09-23T20:19:15.040754+00:00, run_after=2022-09-24T20:19:15.040754+00:00
[2022-09-24T20:19:15.107+0000] {processor.py:178} INFO - Processing /home/airflow/.local/lib/python3.7/site-packages/airflow/example_dags/example_task_group.py took 0.424 seconds
[2022-09-24T20:19:45.671+0000] {processor.py:156} INFO - Started process (PID=11193) to work on /home/airflow/.local/lib/python3.7/site-packages/airflow/example_dags/example_task_group.py
[2022-09-24T20:19:45.677+0000] {processor.py:758} INFO - Processing file /home/airflow/.local/lib/python3.7/site-packages/airflow/example_dags/example_task_group.py for tasks to queue
[2022-09-24T20:19:45.682+0000] {logging_mixin.py:117} INFO - [2022-09-24T20:19:45.681+0000] {dagbag.py:525} INFO - Filling up the DagBag from /home/airflow/.local/lib/python3.7/site-packages/airflow/example_dags/example_task_group.py
[2022-09-24T20:19:45.722+0000] {processor.py:768} INFO - DAG(s) dict_keys(['example_task_group']) retrieved from /home/airflow/.local/lib/python3.7/site-packages/airflow/example_dags/example_task_group.py
[2022-09-24T20:19:45.830+0000] {logging_mixin.py:117} INFO - [2022-09-24T20:19:45.829+0000] {dag.py:2573} INFO - Sync 1 DAGs
[2022-09-24T20:19:45.874+0000] {logging_mixin.py:117} INFO - [2022-09-24T20:19:45.873+0000] {dag.py:3328} INFO - Setting next_dagrun for example_task_group to 2022-09-23T20:19:45.873562+00:00, run_after=2022-09-24T20:19:45.873562+00:00
[2022-09-24T20:19:45.926+0000] {processor.py:178} INFO - Processing /home/airflow/.local/lib/python3.7/site-packages/airflow/example_dags/example_task_group.py took 0.267 seconds
[2022-09-24T20:20:16.513+0000] {processor.py:156} INFO - Started process (PID=11391) to work on /home/airflow/.local/lib/python3.7/site-packages/airflow/example_dags/example_task_group.py
[2022-09-24T20:20:16.516+0000] {processor.py:758} INFO - Processing file /home/airflow/.local/lib/python3.7/site-packages/airflow/example_dags/example_task_group.py for tasks to queue
[2022-09-24T20:20:16.519+0000] {logging_mixin.py:117} INFO - [2022-09-24T20:20:16.518+0000] {dagbag.py:525} INFO - Filling up the DagBag from /home/airflow/.local/lib/python3.7/site-packages/airflow/example_dags/example_task_group.py
[2022-09-24T20:20:16.552+0000] {processor.py:768} INFO - DAG(s) dict_keys(['example_task_group']) retrieved from /home/airflow/.local/lib/python3.7/site-packages/airflow/example_dags/example_task_group.py
[2022-09-24T20:20:16.636+0000] {logging_mixin.py:117} INFO - [2022-09-24T20:20:16.635+0000] {dag.py:2573} INFO - Sync 1 DAGs
[2022-09-24T20:20:16.687+0000] {logging_mixin.py:117} INFO - [2022-09-24T20:20:16.687+0000] {dag.py:3328} INFO - Setting next_dagrun for example_task_group to 2022-09-23T20:20:16.686744+00:00, run_after=2022-09-24T20:20:16.686744+00:00
[2022-09-24T20:20:16.733+0000] {processor.py:178} INFO - Processing /home/airflow/.local/lib/python3.7/site-packages/airflow/example_dags/example_task_group.py took 0.227 seconds
[2022-09-24T20:20:47.001+0000] {processor.py:156} INFO - Started process (PID=11589) to work on /home/airflow/.local/lib/python3.7/site-packages/airflow/example_dags/example_task_group.py
[2022-09-24T20:20:47.006+0000] {processor.py:758} INFO - Processing file /home/airflow/.local/lib/python3.7/site-packages/airflow/example_dags/example_task_group.py for tasks to queue
[2022-09-24T20:20:47.014+0000] {logging_mixin.py:117} INFO - [2022-09-24T20:20:47.013+0000] {dagbag.py:525} INFO - Filling up the DagBag from /home/airflow/.local/lib/python3.7/site-packages/airflow/example_dags/example_task_group.py
[2022-09-24T20:20:47.110+0000] {processor.py:768} INFO - DAG(s) dict_keys(['example_task_group']) retrieved from /home/airflow/.local/lib/python3.7/site-packages/airflow/example_dags/example_task_group.py
[2022-09-24T20:20:47.236+0000] {logging_mixin.py:117} INFO - [2022-09-24T20:20:47.236+0000] {dag.py:2573} INFO - Sync 1 DAGs
[2022-09-24T20:20:47.316+0000] {logging_mixin.py:117} INFO - [2022-09-24T20:20:47.316+0000] {dag.py:3328} INFO - Setting next_dagrun for example_task_group to 2022-09-23T20:20:47.315881+00:00, run_after=2022-09-24T20:20:47.315881+00:00
[2022-09-24T20:20:47.385+0000] {processor.py:178} INFO - Processing /home/airflow/.local/lib/python3.7/site-packages/airflow/example_dags/example_task_group.py took 0.397 seconds
[2022-09-24T20:21:18.035+0000] {processor.py:156} INFO - Started process (PID=11796) to work on /home/airflow/.local/lib/python3.7/site-packages/airflow/example_dags/example_task_group.py
[2022-09-24T20:21:18.041+0000] {processor.py:758} INFO - Processing file /home/airflow/.local/lib/python3.7/site-packages/airflow/example_dags/example_task_group.py for tasks to queue
[2022-09-24T20:21:18.043+0000] {logging_mixin.py:117} INFO - [2022-09-24T20:21:18.043+0000] {dagbag.py:525} INFO - Filling up the DagBag from /home/airflow/.local/lib/python3.7/site-packages/airflow/example_dags/example_task_group.py
[2022-09-24T20:21:18.123+0000] {processor.py:768} INFO - DAG(s) dict_keys(['example_task_group']) retrieved from /home/airflow/.local/lib/python3.7/site-packages/airflow/example_dags/example_task_group.py
[2022-09-24T20:21:18.275+0000] {logging_mixin.py:117} INFO - [2022-09-24T20:21:18.275+0000] {dag.py:2573} INFO - Sync 1 DAGs
[2022-09-24T20:21:18.368+0000] {logging_mixin.py:117} INFO - [2022-09-24T20:21:18.367+0000] {dag.py:3328} INFO - Setting next_dagrun for example_task_group to 2022-09-23T20:21:18.366371+00:00, run_after=2022-09-24T20:21:18.366371+00:00
[2022-09-24T20:21:18.470+0000] {processor.py:178} INFO - Processing /home/airflow/.local/lib/python3.7/site-packages/airflow/example_dags/example_task_group.py took 0.442 seconds
