[2022-09-24T19:51:02.990+0000] {processor.py:156} INFO - Started process (PID=354) to work on /home/airflow/.local/lib/python3.7/site-packages/airflow/example_dags/example_external_task_marker_dag.py
[2022-09-24T19:51:02.996+0000] {processor.py:758} INFO - Processing file /home/airflow/.local/lib/python3.7/site-packages/airflow/example_dags/example_external_task_marker_dag.py for tasks to queue
[2022-09-24T19:51:02.999+0000] {logging_mixin.py:117} INFO - [2022-09-24T19:51:02.999+0000] {dagbag.py:525} INFO - Filling up the DagBag from /home/airflow/.local/lib/python3.7/site-packages/airflow/example_dags/example_external_task_marker_dag.py
[2022-09-24T19:51:03.108+0000] {processor.py:768} INFO - DAG(s) dict_keys(['example_external_task_marker_child', 'example_external_task_marker_parent']) retrieved from /home/airflow/.local/lib/python3.7/site-packages/airflow/example_dags/example_external_task_marker_dag.py
[2022-09-24T19:51:04.432+0000] {logging_mixin.py:117} INFO - [2022-09-24T19:51:04.431+0000] {dag.py:2573} INFO - Sync 2 DAGs
[2022-09-24T19:51:04.528+0000] {logging_mixin.py:117} INFO - [2022-09-24T19:51:04.527+0000] {dag.py:3328} INFO - Setting next_dagrun for example_external_task_marker_child to None, run_after=None
[2022-09-24T19:51:04.542+0000] {logging_mixin.py:117} INFO - [2022-09-24T19:51:04.542+0000] {dag.py:3328} INFO - Setting next_dagrun for example_external_task_marker_parent to None, run_after=None
[2022-09-24T19:51:04.622+0000] {processor.py:178} INFO - Processing /home/airflow/.local/lib/python3.7/site-packages/airflow/example_dags/example_external_task_marker_dag.py took 1.647 seconds
[2022-09-24T19:51:34.834+0000] {processor.py:156} INFO - Started process (PID=552) to work on /home/airflow/.local/lib/python3.7/site-packages/airflow/example_dags/example_external_task_marker_dag.py
[2022-09-24T19:51:34.841+0000] {processor.py:758} INFO - Processing file /home/airflow/.local/lib/python3.7/site-packages/airflow/example_dags/example_external_task_marker_dag.py for tasks to queue
[2022-09-24T19:51:34.850+0000] {logging_mixin.py:117} INFO - [2022-09-24T19:51:34.849+0000] {dagbag.py:525} INFO - Filling up the DagBag from /home/airflow/.local/lib/python3.7/site-packages/airflow/example_dags/example_external_task_marker_dag.py
[2022-09-24T19:51:35.003+0000] {processor.py:768} INFO - DAG(s) dict_keys(['example_external_task_marker_parent', 'example_external_task_marker_child']) retrieved from /home/airflow/.local/lib/python3.7/site-packages/airflow/example_dags/example_external_task_marker_dag.py
[2022-09-24T19:51:35.670+0000] {logging_mixin.py:117} INFO - [2022-09-24T19:51:35.670+0000] {dag.py:2573} INFO - Sync 2 DAGs
[2022-09-24T19:51:35.949+0000] {logging_mixin.py:117} INFO - [2022-09-24T19:51:35.949+0000] {dag.py:3328} INFO - Setting next_dagrun for example_external_task_marker_child to None, run_after=None
[2022-09-24T19:51:35.965+0000] {logging_mixin.py:117} INFO - [2022-09-24T19:51:35.964+0000] {dag.py:3328} INFO - Setting next_dagrun for example_external_task_marker_parent to None, run_after=None
[2022-09-24T19:51:36.005+0000] {processor.py:178} INFO - Processing /home/airflow/.local/lib/python3.7/site-packages/airflow/example_dags/example_external_task_marker_dag.py took 1.186 seconds
[2022-09-24T19:52:12.425+0000] {processor.py:156} INFO - Started process (PID=754) to work on /home/airflow/.local/lib/python3.7/site-packages/airflow/example_dags/example_external_task_marker_dag.py
[2022-09-24T19:52:12.441+0000] {processor.py:758} INFO - Processing file /home/airflow/.local/lib/python3.7/site-packages/airflow/example_dags/example_external_task_marker_dag.py for tasks to queue
[2022-09-24T19:52:12.443+0000] {logging_mixin.py:117} INFO - [2022-09-24T19:52:12.443+0000] {dagbag.py:525} INFO - Filling up the DagBag from /home/airflow/.local/lib/python3.7/site-packages/airflow/example_dags/example_external_task_marker_dag.py
[2022-09-24T19:52:12.593+0000] {processor.py:768} INFO - DAG(s) dict_keys(['example_external_task_marker_child', 'example_external_task_marker_parent']) retrieved from /home/airflow/.local/lib/python3.7/site-packages/airflow/example_dags/example_external_task_marker_dag.py
[2022-09-24T19:52:14.390+0000] {logging_mixin.py:117} INFO - [2022-09-24T19:52:14.389+0000] {dag.py:2573} INFO - Sync 2 DAGs
[2022-09-24T19:52:14.519+0000] {logging_mixin.py:117} INFO - [2022-09-24T19:52:14.519+0000] {dag.py:3328} INFO - Setting next_dagrun for example_external_task_marker_child to None, run_after=None
[2022-09-24T19:52:14.540+0000] {logging_mixin.py:117} INFO - [2022-09-24T19:52:14.539+0000] {dag.py:3328} INFO - Setting next_dagrun for example_external_task_marker_parent to None, run_after=None
[2022-09-24T19:52:14.648+0000] {processor.py:178} INFO - Processing /home/airflow/.local/lib/python3.7/site-packages/airflow/example_dags/example_external_task_marker_dag.py took 2.241 seconds
[2022-09-24T19:52:45.134+0000] {processor.py:156} INFO - Started process (PID=971) to work on /home/airflow/.local/lib/python3.7/site-packages/airflow/example_dags/example_external_task_marker_dag.py
[2022-09-24T19:52:45.137+0000] {processor.py:758} INFO - Processing file /home/airflow/.local/lib/python3.7/site-packages/airflow/example_dags/example_external_task_marker_dag.py for tasks to queue
[2022-09-24T19:52:45.141+0000] {logging_mixin.py:117} INFO - [2022-09-24T19:52:45.141+0000] {dagbag.py:525} INFO - Filling up the DagBag from /home/airflow/.local/lib/python3.7/site-packages/airflow/example_dags/example_external_task_marker_dag.py
[2022-09-24T19:52:45.170+0000] {processor.py:768} INFO - DAG(s) dict_keys(['example_external_task_marker_parent', 'example_external_task_marker_child']) retrieved from /home/airflow/.local/lib/python3.7/site-packages/airflow/example_dags/example_external_task_marker_dag.py
[2022-09-24T19:52:45.777+0000] {logging_mixin.py:117} INFO - [2022-09-24T19:52:45.777+0000] {dag.py:2573} INFO - Sync 2 DAGs
[2022-09-24T19:52:45.823+0000] {logging_mixin.py:117} INFO - [2022-09-24T19:52:45.823+0000] {dag.py:3328} INFO - Setting next_dagrun for example_external_task_marker_child to None, run_after=None
[2022-09-24T19:52:45.835+0000] {logging_mixin.py:117} INFO - [2022-09-24T19:52:45.835+0000] {dag.py:3328} INFO - Setting next_dagrun for example_external_task_marker_parent to None, run_after=None
[2022-09-24T19:52:45.877+0000] {processor.py:178} INFO - Processing /home/airflow/.local/lib/python3.7/site-packages/airflow/example_dags/example_external_task_marker_dag.py took 0.753 seconds
[2022-09-24T19:53:18.944+0000] {processor.py:156} INFO - Started process (PID=1172) to work on /home/airflow/.local/lib/python3.7/site-packages/airflow/example_dags/example_external_task_marker_dag.py
[2022-09-24T19:53:18.957+0000] {processor.py:758} INFO - Processing file /home/airflow/.local/lib/python3.7/site-packages/airflow/example_dags/example_external_task_marker_dag.py for tasks to queue
[2022-09-24T19:53:18.960+0000] {logging_mixin.py:117} INFO - [2022-09-24T19:53:18.960+0000] {dagbag.py:525} INFO - Filling up the DagBag from /home/airflow/.local/lib/python3.7/site-packages/airflow/example_dags/example_external_task_marker_dag.py
[2022-09-24T19:53:19.081+0000] {processor.py:768} INFO - DAG(s) dict_keys(['example_external_task_marker_parent', 'example_external_task_marker_child']) retrieved from /home/airflow/.local/lib/python3.7/site-packages/airflow/example_dags/example_external_task_marker_dag.py
[2022-09-24T19:53:21.279+0000] {logging_mixin.py:117} INFO - [2022-09-24T19:53:21.279+0000] {dag.py:2573} INFO - Sync 2 DAGs
[2022-09-24T19:53:21.399+0000] {logging_mixin.py:117} INFO - [2022-09-24T19:53:21.398+0000] {dag.py:3328} INFO - Setting next_dagrun for example_external_task_marker_child to None, run_after=None
[2022-09-24T19:53:21.409+0000] {logging_mixin.py:117} INFO - [2022-09-24T19:53:21.408+0000] {dag.py:3328} INFO - Setting next_dagrun for example_external_task_marker_parent to None, run_after=None
[2022-09-24T19:53:21.519+0000] {processor.py:178} INFO - Processing /home/airflow/.local/lib/python3.7/site-packages/airflow/example_dags/example_external_task_marker_dag.py took 2.587 seconds
[2022-09-24T19:53:52.306+0000] {processor.py:156} INFO - Started process (PID=1372) to work on /home/airflow/.local/lib/python3.7/site-packages/airflow/example_dags/example_external_task_marker_dag.py
[2022-09-24T19:53:52.316+0000] {processor.py:758} INFO - Processing file /home/airflow/.local/lib/python3.7/site-packages/airflow/example_dags/example_external_task_marker_dag.py for tasks to queue
[2022-09-24T19:53:52.320+0000] {logging_mixin.py:117} INFO - [2022-09-24T19:53:52.319+0000] {dagbag.py:525} INFO - Filling up the DagBag from /home/airflow/.local/lib/python3.7/site-packages/airflow/example_dags/example_external_task_marker_dag.py
[2022-09-24T19:53:52.417+0000] {processor.py:768} INFO - DAG(s) dict_keys(['example_external_task_marker_parent', 'example_external_task_marker_child']) retrieved from /home/airflow/.local/lib/python3.7/site-packages/airflow/example_dags/example_external_task_marker_dag.py
[2022-09-24T19:53:53.171+0000] {logging_mixin.py:117} INFO - [2022-09-24T19:53:53.170+0000] {dag.py:2573} INFO - Sync 2 DAGs
[2022-09-24T19:53:53.366+0000] {logging_mixin.py:117} INFO - [2022-09-24T19:53:53.366+0000] {dag.py:3328} INFO - Setting next_dagrun for example_external_task_marker_child to None, run_after=None
[2022-09-24T19:53:53.398+0000] {logging_mixin.py:117} INFO - [2022-09-24T19:53:53.397+0000] {dag.py:3328} INFO - Setting next_dagrun for example_external_task_marker_parent to None, run_after=None
[2022-09-24T19:53:53.480+0000] {processor.py:178} INFO - Processing /home/airflow/.local/lib/python3.7/site-packages/airflow/example_dags/example_external_task_marker_dag.py took 1.182 seconds
[2022-09-24T19:54:23.592+0000] {processor.py:156} INFO - Started process (PID=1572) to work on /home/airflow/.local/lib/python3.7/site-packages/airflow/example_dags/example_external_task_marker_dag.py
[2022-09-24T19:54:23.597+0000] {processor.py:758} INFO - Processing file /home/airflow/.local/lib/python3.7/site-packages/airflow/example_dags/example_external_task_marker_dag.py for tasks to queue
[2022-09-24T19:54:23.603+0000] {logging_mixin.py:117} INFO - [2022-09-24T19:54:23.600+0000] {dagbag.py:525} INFO - Filling up the DagBag from /home/airflow/.local/lib/python3.7/site-packages/airflow/example_dags/example_external_task_marker_dag.py
[2022-09-24T19:54:23.913+0000] {processor.py:768} INFO - DAG(s) dict_keys(['example_external_task_marker_parent', 'example_external_task_marker_child']) retrieved from /home/airflow/.local/lib/python3.7/site-packages/airflow/example_dags/example_external_task_marker_dag.py
[2022-09-24T19:54:24.407+0000] {logging_mixin.py:117} INFO - [2022-09-24T19:54:24.407+0000] {dag.py:2573} INFO - Sync 2 DAGs
[2022-09-24T19:54:24.450+0000] {logging_mixin.py:117} INFO - [2022-09-24T19:54:24.450+0000] {dag.py:3328} INFO - Setting next_dagrun for example_external_task_marker_child to None, run_after=None
[2022-09-24T19:54:24.457+0000] {logging_mixin.py:117} INFO - [2022-09-24T19:54:24.457+0000] {dag.py:3328} INFO - Setting next_dagrun for example_external_task_marker_parent to None, run_after=None
[2022-09-24T19:54:24.505+0000] {processor.py:178} INFO - Processing /home/airflow/.local/lib/python3.7/site-packages/airflow/example_dags/example_external_task_marker_dag.py took 0.918 seconds
[2022-09-24T19:54:54.929+0000] {processor.py:156} INFO - Started process (PID=1780) to work on /home/airflow/.local/lib/python3.7/site-packages/airflow/example_dags/example_external_task_marker_dag.py
[2022-09-24T19:54:54.935+0000] {processor.py:758} INFO - Processing file /home/airflow/.local/lib/python3.7/site-packages/airflow/example_dags/example_external_task_marker_dag.py for tasks to queue
[2022-09-24T19:54:54.942+0000] {logging_mixin.py:117} INFO - [2022-09-24T19:54:54.939+0000] {dagbag.py:525} INFO - Filling up the DagBag from /home/airflow/.local/lib/python3.7/site-packages/airflow/example_dags/example_external_task_marker_dag.py
[2022-09-24T19:54:55.018+0000] {processor.py:768} INFO - DAG(s) dict_keys(['example_external_task_marker_parent', 'example_external_task_marker_child']) retrieved from /home/airflow/.local/lib/python3.7/site-packages/airflow/example_dags/example_external_task_marker_dag.py
[2022-09-24T19:54:55.892+0000] {logging_mixin.py:117} INFO - [2022-09-24T19:54:55.892+0000] {dag.py:2573} INFO - Sync 2 DAGs
[2022-09-24T19:54:56.178+0000] {logging_mixin.py:117} INFO - [2022-09-24T19:54:56.177+0000] {dag.py:3328} INFO - Setting next_dagrun for example_external_task_marker_child to None, run_after=None
[2022-09-24T19:54:56.198+0000] {logging_mixin.py:117} INFO - [2022-09-24T19:54:56.196+0000] {dag.py:3328} INFO - Setting next_dagrun for example_external_task_marker_parent to None, run_after=None
[2022-09-24T19:54:56.247+0000] {processor.py:178} INFO - Processing /home/airflow/.local/lib/python3.7/site-packages/airflow/example_dags/example_external_task_marker_dag.py took 1.329 seconds
[2022-09-24T19:55:26.892+0000] {processor.py:156} INFO - Started process (PID=1978) to work on /home/airflow/.local/lib/python3.7/site-packages/airflow/example_dags/example_external_task_marker_dag.py
[2022-09-24T19:55:26.910+0000] {processor.py:758} INFO - Processing file /home/airflow/.local/lib/python3.7/site-packages/airflow/example_dags/example_external_task_marker_dag.py for tasks to queue
[2022-09-24T19:55:26.920+0000] {logging_mixin.py:117} INFO - [2022-09-24T19:55:26.919+0000] {dagbag.py:525} INFO - Filling up the DagBag from /home/airflow/.local/lib/python3.7/site-packages/airflow/example_dags/example_external_task_marker_dag.py
[2022-09-24T19:55:27.018+0000] {processor.py:768} INFO - DAG(s) dict_keys(['example_external_task_marker_parent', 'example_external_task_marker_child']) retrieved from /home/airflow/.local/lib/python3.7/site-packages/airflow/example_dags/example_external_task_marker_dag.py
[2022-09-24T19:55:28.156+0000] {logging_mixin.py:117} INFO - [2022-09-24T19:55:28.155+0000] {dag.py:2573} INFO - Sync 2 DAGs
[2022-09-24T19:55:28.323+0000] {logging_mixin.py:117} INFO - [2022-09-24T19:55:28.323+0000] {dag.py:3328} INFO - Setting next_dagrun for example_external_task_marker_child to None, run_after=None
[2022-09-24T19:55:28.342+0000] {logging_mixin.py:117} INFO - [2022-09-24T19:55:28.342+0000] {dag.py:3328} INFO - Setting next_dagrun for example_external_task_marker_parent to None, run_after=None
[2022-09-24T19:55:28.409+0000] {processor.py:178} INFO - Processing /home/airflow/.local/lib/python3.7/site-packages/airflow/example_dags/example_external_task_marker_dag.py took 1.540 seconds
[2022-09-24T19:55:58.863+0000] {processor.py:156} INFO - Started process (PID=2176) to work on /home/airflow/.local/lib/python3.7/site-packages/airflow/example_dags/example_external_task_marker_dag.py
[2022-09-24T19:55:58.867+0000] {processor.py:758} INFO - Processing file /home/airflow/.local/lib/python3.7/site-packages/airflow/example_dags/example_external_task_marker_dag.py for tasks to queue
[2022-09-24T19:55:58.871+0000] {logging_mixin.py:117} INFO - [2022-09-24T19:55:58.870+0000] {dagbag.py:525} INFO - Filling up the DagBag from /home/airflow/.local/lib/python3.7/site-packages/airflow/example_dags/example_external_task_marker_dag.py
[2022-09-24T19:55:58.906+0000] {processor.py:768} INFO - DAG(s) dict_keys(['example_external_task_marker_child', 'example_external_task_marker_parent']) retrieved from /home/airflow/.local/lib/python3.7/site-packages/airflow/example_dags/example_external_task_marker_dag.py
[2022-09-24T19:55:59.271+0000] {logging_mixin.py:117} INFO - [2022-09-24T19:55:59.270+0000] {dag.py:2573} INFO - Sync 2 DAGs
[2022-09-24T19:55:59.317+0000] {logging_mixin.py:117} INFO - [2022-09-24T19:55:59.317+0000] {dag.py:3328} INFO - Setting next_dagrun for example_external_task_marker_child to None, run_after=None
[2022-09-24T19:55:59.325+0000] {logging_mixin.py:117} INFO - [2022-09-24T19:55:59.324+0000] {dag.py:3328} INFO - Setting next_dagrun for example_external_task_marker_parent to None, run_after=None
[2022-09-24T19:55:59.359+0000] {processor.py:178} INFO - Processing /home/airflow/.local/lib/python3.7/site-packages/airflow/example_dags/example_external_task_marker_dag.py took 0.511 seconds
[2022-09-24T19:56:29.818+0000] {processor.py:156} INFO - Started process (PID=2374) to work on /home/airflow/.local/lib/python3.7/site-packages/airflow/example_dags/example_external_task_marker_dag.py
[2022-09-24T19:56:29.846+0000] {processor.py:758} INFO - Processing file /home/airflow/.local/lib/python3.7/site-packages/airflow/example_dags/example_external_task_marker_dag.py for tasks to queue
[2022-09-24T19:56:29.850+0000] {logging_mixin.py:117} INFO - [2022-09-24T19:56:29.850+0000] {dagbag.py:525} INFO - Filling up the DagBag from /home/airflow/.local/lib/python3.7/site-packages/airflow/example_dags/example_external_task_marker_dag.py
[2022-09-24T19:56:29.914+0000] {processor.py:768} INFO - DAG(s) dict_keys(['example_external_task_marker_parent', 'example_external_task_marker_child']) retrieved from /home/airflow/.local/lib/python3.7/site-packages/airflow/example_dags/example_external_task_marker_dag.py
[2022-09-24T19:56:30.599+0000] {logging_mixin.py:117} INFO - [2022-09-24T19:56:30.598+0000] {dag.py:2573} INFO - Sync 2 DAGs
[2022-09-24T19:56:30.662+0000] {logging_mixin.py:117} INFO - [2022-09-24T19:56:30.662+0000] {dag.py:3328} INFO - Setting next_dagrun for example_external_task_marker_child to None, run_after=None
[2022-09-24T19:56:30.701+0000] {logging_mixin.py:117} INFO - [2022-09-24T19:56:30.700+0000] {dag.py:3328} INFO - Setting next_dagrun for example_external_task_marker_parent to None, run_after=None
[2022-09-24T19:56:30.786+0000] {processor.py:178} INFO - Processing /home/airflow/.local/lib/python3.7/site-packages/airflow/example_dags/example_external_task_marker_dag.py took 0.984 seconds
[2022-09-24T19:57:01.088+0000] {processor.py:156} INFO - Started process (PID=2572) to work on /home/airflow/.local/lib/python3.7/site-packages/airflow/example_dags/example_external_task_marker_dag.py
[2022-09-24T19:57:01.092+0000] {processor.py:758} INFO - Processing file /home/airflow/.local/lib/python3.7/site-packages/airflow/example_dags/example_external_task_marker_dag.py for tasks to queue
[2022-09-24T19:57:01.097+0000] {logging_mixin.py:117} INFO - [2022-09-24T19:57:01.096+0000] {dagbag.py:525} INFO - Filling up the DagBag from /home/airflow/.local/lib/python3.7/site-packages/airflow/example_dags/example_external_task_marker_dag.py
[2022-09-24T19:57:01.164+0000] {processor.py:768} INFO - DAG(s) dict_keys(['example_external_task_marker_parent', 'example_external_task_marker_child']) retrieved from /home/airflow/.local/lib/python3.7/site-packages/airflow/example_dags/example_external_task_marker_dag.py
[2022-09-24T19:57:01.772+0000] {logging_mixin.py:117} INFO - [2022-09-24T19:57:01.772+0000] {dag.py:2573} INFO - Sync 2 DAGs
[2022-09-24T19:57:01.829+0000] {logging_mixin.py:117} INFO - [2022-09-24T19:57:01.828+0000] {dag.py:3328} INFO - Setting next_dagrun for example_external_task_marker_child to None, run_after=None
[2022-09-24T19:57:01.838+0000] {logging_mixin.py:117} INFO - [2022-09-24T19:57:01.837+0000] {dag.py:3328} INFO - Setting next_dagrun for example_external_task_marker_parent to None, run_after=None
[2022-09-24T19:57:01.888+0000] {processor.py:178} INFO - Processing /home/airflow/.local/lib/python3.7/site-packages/airflow/example_dags/example_external_task_marker_dag.py took 0.808 seconds
[2022-09-24T19:57:34.937+0000] {processor.py:156} INFO - Started process (PID=2784) to work on /home/airflow/.local/lib/python3.7/site-packages/airflow/example_dags/example_external_task_marker_dag.py
[2022-09-24T19:57:34.941+0000] {processor.py:758} INFO - Processing file /home/airflow/.local/lib/python3.7/site-packages/airflow/example_dags/example_external_task_marker_dag.py for tasks to queue
[2022-09-24T19:57:34.947+0000] {logging_mixin.py:117} INFO - [2022-09-24T19:57:34.947+0000] {dagbag.py:525} INFO - Filling up the DagBag from /home/airflow/.local/lib/python3.7/site-packages/airflow/example_dags/example_external_task_marker_dag.py
[2022-09-24T19:57:35.001+0000] {processor.py:768} INFO - DAG(s) dict_keys(['example_external_task_marker_child', 'example_external_task_marker_parent']) retrieved from /home/airflow/.local/lib/python3.7/site-packages/airflow/example_dags/example_external_task_marker_dag.py
[2022-09-24T19:57:35.689+0000] {logging_mixin.py:117} INFO - [2022-09-24T19:57:35.687+0000] {dag.py:2573} INFO - Sync 2 DAGs
[2022-09-24T19:57:35.793+0000] {logging_mixin.py:117} INFO - [2022-09-24T19:57:35.792+0000] {dag.py:3328} INFO - Setting next_dagrun for example_external_task_marker_child to None, run_after=None
[2022-09-24T19:57:35.804+0000] {logging_mixin.py:117} INFO - [2022-09-24T19:57:35.803+0000] {dag.py:3328} INFO - Setting next_dagrun for example_external_task_marker_parent to None, run_after=None
[2022-09-24T19:57:35.852+0000] {processor.py:178} INFO - Processing /home/airflow/.local/lib/python3.7/site-packages/airflow/example_dags/example_external_task_marker_dag.py took 0.925 seconds
[2022-09-24T19:58:09.311+0000] {processor.py:156} INFO - Started process (PID=3002) to work on /home/airflow/.local/lib/python3.7/site-packages/airflow/example_dags/example_external_task_marker_dag.py
[2022-09-24T19:58:09.316+0000] {processor.py:758} INFO - Processing file /home/airflow/.local/lib/python3.7/site-packages/airflow/example_dags/example_external_task_marker_dag.py for tasks to queue
[2022-09-24T19:58:09.320+0000] {logging_mixin.py:117} INFO - [2022-09-24T19:58:09.319+0000] {dagbag.py:525} INFO - Filling up the DagBag from /home/airflow/.local/lib/python3.7/site-packages/airflow/example_dags/example_external_task_marker_dag.py
[2022-09-24T19:58:09.478+0000] {processor.py:768} INFO - DAG(s) dict_keys(['example_external_task_marker_parent', 'example_external_task_marker_child']) retrieved from /home/airflow/.local/lib/python3.7/site-packages/airflow/example_dags/example_external_task_marker_dag.py
[2022-09-24T19:58:10.391+0000] {logging_mixin.py:117} INFO - [2022-09-24T19:58:10.389+0000] {dag.py:2573} INFO - Sync 2 DAGs
[2022-09-24T19:58:10.672+0000] {logging_mixin.py:117} INFO - [2022-09-24T19:58:10.671+0000] {dag.py:3328} INFO - Setting next_dagrun for example_external_task_marker_child to None, run_after=None
[2022-09-24T19:58:10.706+0000] {logging_mixin.py:117} INFO - [2022-09-24T19:58:10.705+0000] {dag.py:3328} INFO - Setting next_dagrun for example_external_task_marker_parent to None, run_after=None
[2022-09-24T19:58:10.742+0000] {processor.py:178} INFO - Processing /home/airflow/.local/lib/python3.7/site-packages/airflow/example_dags/example_external_task_marker_dag.py took 1.443 seconds
[2022-09-24T19:58:41.459+0000] {processor.py:156} INFO - Started process (PID=3205) to work on /home/airflow/.local/lib/python3.7/site-packages/airflow/example_dags/example_external_task_marker_dag.py
[2022-09-24T19:58:41.464+0000] {processor.py:758} INFO - Processing file /home/airflow/.local/lib/python3.7/site-packages/airflow/example_dags/example_external_task_marker_dag.py for tasks to queue
[2022-09-24T19:58:41.472+0000] {logging_mixin.py:117} INFO - [2022-09-24T19:58:41.467+0000] {dagbag.py:525} INFO - Filling up the DagBag from /home/airflow/.local/lib/python3.7/site-packages/airflow/example_dags/example_external_task_marker_dag.py
[2022-09-24T19:58:41.546+0000] {processor.py:768} INFO - DAG(s) dict_keys(['example_external_task_marker_child', 'example_external_task_marker_parent']) retrieved from /home/airflow/.local/lib/python3.7/site-packages/airflow/example_dags/example_external_task_marker_dag.py
[2022-09-24T19:58:42.285+0000] {logging_mixin.py:117} INFO - [2022-09-24T19:58:42.285+0000] {dag.py:2573} INFO - Sync 2 DAGs
[2022-09-24T19:58:42.382+0000] {logging_mixin.py:117} INFO - [2022-09-24T19:58:42.382+0000] {dag.py:3328} INFO - Setting next_dagrun for example_external_task_marker_child to None, run_after=None
[2022-09-24T19:58:42.405+0000] {logging_mixin.py:117} INFO - [2022-09-24T19:58:42.404+0000] {dag.py:3328} INFO - Setting next_dagrun for example_external_task_marker_parent to None, run_after=None
[2022-09-24T19:58:42.462+0000] {processor.py:178} INFO - Processing /home/airflow/.local/lib/python3.7/site-packages/airflow/example_dags/example_external_task_marker_dag.py took 1.021 seconds
[2022-09-24T19:59:15.191+0000] {processor.py:156} INFO - Started process (PID=3413) to work on /home/airflow/.local/lib/python3.7/site-packages/airflow/example_dags/example_external_task_marker_dag.py
[2022-09-24T19:59:15.198+0000] {processor.py:758} INFO - Processing file /home/airflow/.local/lib/python3.7/site-packages/airflow/example_dags/example_external_task_marker_dag.py for tasks to queue
[2022-09-24T19:59:15.209+0000] {logging_mixin.py:117} INFO - [2022-09-24T19:59:15.208+0000] {dagbag.py:525} INFO - Filling up the DagBag from /home/airflow/.local/lib/python3.7/site-packages/airflow/example_dags/example_external_task_marker_dag.py
[2022-09-24T19:59:15.264+0000] {processor.py:768} INFO - DAG(s) dict_keys(['example_external_task_marker_parent', 'example_external_task_marker_child']) retrieved from /home/airflow/.local/lib/python3.7/site-packages/airflow/example_dags/example_external_task_marker_dag.py
[2022-09-24T19:59:16.250+0000] {logging_mixin.py:117} INFO - [2022-09-24T19:59:16.250+0000] {dag.py:2573} INFO - Sync 2 DAGs
[2022-09-24T19:59:16.318+0000] {logging_mixin.py:117} INFO - [2022-09-24T19:59:16.318+0000] {dag.py:3328} INFO - Setting next_dagrun for example_external_task_marker_child to None, run_after=None
[2022-09-24T19:59:16.330+0000] {logging_mixin.py:117} INFO - [2022-09-24T19:59:16.329+0000] {dag.py:3328} INFO - Setting next_dagrun for example_external_task_marker_parent to None, run_after=None
[2022-09-24T19:59:16.384+0000] {processor.py:178} INFO - Processing /home/airflow/.local/lib/python3.7/site-packages/airflow/example_dags/example_external_task_marker_dag.py took 1.208 seconds
[2022-09-24T19:59:48.068+0000] {processor.py:156} INFO - Started process (PID=3627) to work on /home/airflow/.local/lib/python3.7/site-packages/airflow/example_dags/example_external_task_marker_dag.py
[2022-09-24T19:59:48.082+0000] {processor.py:758} INFO - Processing file /home/airflow/.local/lib/python3.7/site-packages/airflow/example_dags/example_external_task_marker_dag.py for tasks to queue
[2022-09-24T19:59:48.086+0000] {logging_mixin.py:117} INFO - [2022-09-24T19:59:48.085+0000] {dagbag.py:525} INFO - Filling up the DagBag from /home/airflow/.local/lib/python3.7/site-packages/airflow/example_dags/example_external_task_marker_dag.py
[2022-09-24T19:59:48.203+0000] {processor.py:768} INFO - DAG(s) dict_keys(['example_external_task_marker_parent', 'example_external_task_marker_child']) retrieved from /home/airflow/.local/lib/python3.7/site-packages/airflow/example_dags/example_external_task_marker_dag.py
[2022-09-24T19:59:49.612+0000] {logging_mixin.py:117} INFO - [2022-09-24T19:59:49.612+0000] {dag.py:2573} INFO - Sync 2 DAGs
[2022-09-24T19:59:49.681+0000] {logging_mixin.py:117} INFO - [2022-09-24T19:59:49.680+0000] {dag.py:3328} INFO - Setting next_dagrun for example_external_task_marker_child to None, run_after=None
[2022-09-24T19:59:49.693+0000] {logging_mixin.py:117} INFO - [2022-09-24T19:59:49.693+0000] {dag.py:3328} INFO - Setting next_dagrun for example_external_task_marker_parent to None, run_after=None
[2022-09-24T19:59:49.745+0000] {processor.py:178} INFO - Processing /home/airflow/.local/lib/python3.7/site-packages/airflow/example_dags/example_external_task_marker_dag.py took 1.702 seconds
[2022-09-24T20:00:20.139+0000] {processor.py:156} INFO - Started process (PID=3831) to work on /home/airflow/.local/lib/python3.7/site-packages/airflow/example_dags/example_external_task_marker_dag.py
[2022-09-24T20:00:20.142+0000] {processor.py:758} INFO - Processing file /home/airflow/.local/lib/python3.7/site-packages/airflow/example_dags/example_external_task_marker_dag.py for tasks to queue
[2022-09-24T20:00:20.148+0000] {logging_mixin.py:117} INFO - [2022-09-24T20:00:20.147+0000] {dagbag.py:525} INFO - Filling up the DagBag from /home/airflow/.local/lib/python3.7/site-packages/airflow/example_dags/example_external_task_marker_dag.py
[2022-09-24T20:00:20.198+0000] {processor.py:768} INFO - DAG(s) dict_keys(['example_external_task_marker_child', 'example_external_task_marker_parent']) retrieved from /home/airflow/.local/lib/python3.7/site-packages/airflow/example_dags/example_external_task_marker_dag.py
[2022-09-24T20:00:20.615+0000] {logging_mixin.py:117} INFO - [2022-09-24T20:00:20.615+0000] {dag.py:2573} INFO - Sync 2 DAGs
[2022-09-24T20:00:20.662+0000] {logging_mixin.py:117} INFO - [2022-09-24T20:00:20.661+0000] {dag.py:3328} INFO - Setting next_dagrun for example_external_task_marker_child to None, run_after=None
[2022-09-24T20:00:20.672+0000] {logging_mixin.py:117} INFO - [2022-09-24T20:00:20.672+0000] {dag.py:3328} INFO - Setting next_dagrun for example_external_task_marker_parent to None, run_after=None
[2022-09-24T20:00:20.712+0000] {processor.py:178} INFO - Processing /home/airflow/.local/lib/python3.7/site-packages/airflow/example_dags/example_external_task_marker_dag.py took 0.587 seconds
[2022-09-24T20:00:52.738+0000] {processor.py:156} INFO - Started process (PID=4042) to work on /home/airflow/.local/lib/python3.7/site-packages/airflow/example_dags/example_external_task_marker_dag.py
[2022-09-24T20:00:52.744+0000] {processor.py:758} INFO - Processing file /home/airflow/.local/lib/python3.7/site-packages/airflow/example_dags/example_external_task_marker_dag.py for tasks to queue
[2022-09-24T20:00:52.750+0000] {logging_mixin.py:117} INFO - [2022-09-24T20:00:52.749+0000] {dagbag.py:525} INFO - Filling up the DagBag from /home/airflow/.local/lib/python3.7/site-packages/airflow/example_dags/example_external_task_marker_dag.py
[2022-09-24T20:00:52.829+0000] {processor.py:768} INFO - DAG(s) dict_keys(['example_external_task_marker_child', 'example_external_task_marker_parent']) retrieved from /home/airflow/.local/lib/python3.7/site-packages/airflow/example_dags/example_external_task_marker_dag.py
[2022-09-24T20:00:53.346+0000] {logging_mixin.py:117} INFO - [2022-09-24T20:00:53.346+0000] {dag.py:2573} INFO - Sync 2 DAGs
[2022-09-24T20:00:53.401+0000] {logging_mixin.py:117} INFO - [2022-09-24T20:00:53.401+0000] {dag.py:3328} INFO - Setting next_dagrun for example_external_task_marker_child to None, run_after=None
[2022-09-24T20:00:53.414+0000] {logging_mixin.py:117} INFO - [2022-09-24T20:00:53.414+0000] {dag.py:3328} INFO - Setting next_dagrun for example_external_task_marker_parent to None, run_after=None
[2022-09-24T20:00:53.452+0000] {processor.py:178} INFO - Processing /home/airflow/.local/lib/python3.7/site-packages/airflow/example_dags/example_external_task_marker_dag.py took 0.733 seconds
[2022-09-24T20:01:24.346+0000] {processor.py:156} INFO - Started process (PID=4242) to work on /home/airflow/.local/lib/python3.7/site-packages/airflow/example_dags/example_external_task_marker_dag.py
[2022-09-24T20:01:24.351+0000] {processor.py:758} INFO - Processing file /home/airflow/.local/lib/python3.7/site-packages/airflow/example_dags/example_external_task_marker_dag.py for tasks to queue
[2022-09-24T20:01:24.355+0000] {logging_mixin.py:117} INFO - [2022-09-24T20:01:24.354+0000] {dagbag.py:525} INFO - Filling up the DagBag from /home/airflow/.local/lib/python3.7/site-packages/airflow/example_dags/example_external_task_marker_dag.py
[2022-09-24T20:01:24.406+0000] {processor.py:768} INFO - DAG(s) dict_keys(['example_external_task_marker_parent', 'example_external_task_marker_child']) retrieved from /home/airflow/.local/lib/python3.7/site-packages/airflow/example_dags/example_external_task_marker_dag.py
[2022-09-24T20:01:25.132+0000] {logging_mixin.py:117} INFO - [2022-09-24T20:01:25.131+0000] {dag.py:2573} INFO - Sync 2 DAGs
[2022-09-24T20:01:25.220+0000] {logging_mixin.py:117} INFO - [2022-09-24T20:01:25.220+0000] {dag.py:3328} INFO - Setting next_dagrun for example_external_task_marker_child to None, run_after=None
[2022-09-24T20:01:25.236+0000] {logging_mixin.py:117} INFO - [2022-09-24T20:01:25.235+0000] {dag.py:3328} INFO - Setting next_dagrun for example_external_task_marker_parent to None, run_after=None
[2022-09-24T20:01:25.296+0000] {processor.py:178} INFO - Processing /home/airflow/.local/lib/python3.7/site-packages/airflow/example_dags/example_external_task_marker_dag.py took 0.966 seconds
[2022-09-24T20:01:55.823+0000] {processor.py:156} INFO - Started process (PID=4440) to work on /home/airflow/.local/lib/python3.7/site-packages/airflow/example_dags/example_external_task_marker_dag.py
[2022-09-24T20:01:55.829+0000] {processor.py:758} INFO - Processing file /home/airflow/.local/lib/python3.7/site-packages/airflow/example_dags/example_external_task_marker_dag.py for tasks to queue
[2022-09-24T20:01:55.834+0000] {logging_mixin.py:117} INFO - [2022-09-24T20:01:55.834+0000] {dagbag.py:525} INFO - Filling up the DagBag from /home/airflow/.local/lib/python3.7/site-packages/airflow/example_dags/example_external_task_marker_dag.py
[2022-09-24T20:01:55.865+0000] {processor.py:768} INFO - DAG(s) dict_keys(['example_external_task_marker_parent', 'example_external_task_marker_child']) retrieved from /home/airflow/.local/lib/python3.7/site-packages/airflow/example_dags/example_external_task_marker_dag.py
[2022-09-24T20:01:56.275+0000] {logging_mixin.py:117} INFO - [2022-09-24T20:01:56.275+0000] {dag.py:2573} INFO - Sync 2 DAGs
[2022-09-24T20:01:56.322+0000] {logging_mixin.py:117} INFO - [2022-09-24T20:01:56.322+0000] {dag.py:3328} INFO - Setting next_dagrun for example_external_task_marker_child to None, run_after=None
[2022-09-24T20:01:56.330+0000] {logging_mixin.py:117} INFO - [2022-09-24T20:01:56.330+0000] {dag.py:3328} INFO - Setting next_dagrun for example_external_task_marker_parent to None, run_after=None
[2022-09-24T20:01:56.360+0000] {processor.py:178} INFO - Processing /home/airflow/.local/lib/python3.7/site-packages/airflow/example_dags/example_external_task_marker_dag.py took 0.545 seconds
[2022-09-24T20:02:26.538+0000] {processor.py:156} INFO - Started process (PID=4636) to work on /home/airflow/.local/lib/python3.7/site-packages/airflow/example_dags/example_external_task_marker_dag.py
[2022-09-24T20:02:26.542+0000] {processor.py:758} INFO - Processing file /home/airflow/.local/lib/python3.7/site-packages/airflow/example_dags/example_external_task_marker_dag.py for tasks to queue
[2022-09-24T20:02:26.545+0000] {logging_mixin.py:117} INFO - [2022-09-24T20:02:26.545+0000] {dagbag.py:525} INFO - Filling up the DagBag from /home/airflow/.local/lib/python3.7/site-packages/airflow/example_dags/example_external_task_marker_dag.py
[2022-09-24T20:02:26.586+0000] {processor.py:768} INFO - DAG(s) dict_keys(['example_external_task_marker_parent', 'example_external_task_marker_child']) retrieved from /home/airflow/.local/lib/python3.7/site-packages/airflow/example_dags/example_external_task_marker_dag.py
[2022-09-24T20:02:27.074+0000] {logging_mixin.py:117} INFO - [2022-09-24T20:02:27.074+0000] {dag.py:2573} INFO - Sync 2 DAGs
[2022-09-24T20:02:27.130+0000] {logging_mixin.py:117} INFO - [2022-09-24T20:02:27.130+0000] {dag.py:3328} INFO - Setting next_dagrun for example_external_task_marker_child to None, run_after=None
[2022-09-24T20:02:27.144+0000] {logging_mixin.py:117} INFO - [2022-09-24T20:02:27.143+0000] {dag.py:3328} INFO - Setting next_dagrun for example_external_task_marker_parent to None, run_after=None
[2022-09-24T20:02:27.186+0000] {processor.py:178} INFO - Processing /home/airflow/.local/lib/python3.7/site-packages/airflow/example_dags/example_external_task_marker_dag.py took 0.658 seconds
[2022-09-24T20:02:58.067+0000] {processor.py:156} INFO - Started process (PID=4847) to work on /home/airflow/.local/lib/python3.7/site-packages/airflow/example_dags/example_external_task_marker_dag.py
[2022-09-24T20:02:58.072+0000] {processor.py:758} INFO - Processing file /home/airflow/.local/lib/python3.7/site-packages/airflow/example_dags/example_external_task_marker_dag.py for tasks to queue
[2022-09-24T20:02:58.076+0000] {logging_mixin.py:117} INFO - [2022-09-24T20:02:58.075+0000] {dagbag.py:525} INFO - Filling up the DagBag from /home/airflow/.local/lib/python3.7/site-packages/airflow/example_dags/example_external_task_marker_dag.py
[2022-09-24T20:02:58.113+0000] {processor.py:768} INFO - DAG(s) dict_keys(['example_external_task_marker_parent', 'example_external_task_marker_child']) retrieved from /home/airflow/.local/lib/python3.7/site-packages/airflow/example_dags/example_external_task_marker_dag.py
[2022-09-24T20:02:58.538+0000] {logging_mixin.py:117} INFO - [2022-09-24T20:02:58.538+0000] {dag.py:2573} INFO - Sync 2 DAGs
[2022-09-24T20:02:58.584+0000] {logging_mixin.py:117} INFO - [2022-09-24T20:02:58.584+0000] {dag.py:3328} INFO - Setting next_dagrun for example_external_task_marker_child to None, run_after=None
[2022-09-24T20:02:58.591+0000] {logging_mixin.py:117} INFO - [2022-09-24T20:02:58.591+0000] {dag.py:3328} INFO - Setting next_dagrun for example_external_task_marker_parent to None, run_after=None
[2022-09-24T20:02:58.628+0000] {processor.py:178} INFO - Processing /home/airflow/.local/lib/python3.7/site-packages/airflow/example_dags/example_external_task_marker_dag.py took 0.571 seconds
[2022-09-24T20:03:37.168+0000] {processor.py:156} INFO - Started process (PID=5053) to work on /home/airflow/.local/lib/python3.7/site-packages/airflow/example_dags/example_external_task_marker_dag.py
[2022-09-24T20:03:37.172+0000] {processor.py:758} INFO - Processing file /home/airflow/.local/lib/python3.7/site-packages/airflow/example_dags/example_external_task_marker_dag.py for tasks to queue
[2022-09-24T20:03:37.181+0000] {logging_mixin.py:117} INFO - [2022-09-24T20:03:37.180+0000] {dagbag.py:525} INFO - Filling up the DagBag from /home/airflow/.local/lib/python3.7/site-packages/airflow/example_dags/example_external_task_marker_dag.py
[2022-09-24T20:03:37.627+0000] {processor.py:768} INFO - DAG(s) dict_keys(['example_external_task_marker_parent', 'example_external_task_marker_child']) retrieved from /home/airflow/.local/lib/python3.7/site-packages/airflow/example_dags/example_external_task_marker_dag.py
[2022-09-24T20:03:38.906+0000] {logging_mixin.py:117} INFO - [2022-09-24T20:03:38.906+0000] {dag.py:2573} INFO - Sync 2 DAGs
[2022-09-24T20:03:39.036+0000] {logging_mixin.py:117} INFO - [2022-09-24T20:03:39.033+0000] {dag.py:3328} INFO - Setting next_dagrun for example_external_task_marker_child to None, run_after=None
[2022-09-24T20:03:39.061+0000] {logging_mixin.py:117} INFO - [2022-09-24T20:03:39.061+0000] {dag.py:3328} INFO - Setting next_dagrun for example_external_task_marker_parent to None, run_after=None
[2022-09-24T20:03:39.143+0000] {processor.py:178} INFO - Processing /home/airflow/.local/lib/python3.7/site-packages/airflow/example_dags/example_external_task_marker_dag.py took 2.014 seconds
[2022-09-24T20:04:10.654+0000] {processor.py:156} INFO - Started process (PID=5258) to work on /home/airflow/.local/lib/python3.7/site-packages/airflow/example_dags/example_external_task_marker_dag.py
[2022-09-24T20:04:10.663+0000] {processor.py:758} INFO - Processing file /home/airflow/.local/lib/python3.7/site-packages/airflow/example_dags/example_external_task_marker_dag.py for tasks to queue
[2022-09-24T20:04:10.667+0000] {logging_mixin.py:117} INFO - [2022-09-24T20:04:10.667+0000] {dagbag.py:525} INFO - Filling up the DagBag from /home/airflow/.local/lib/python3.7/site-packages/airflow/example_dags/example_external_task_marker_dag.py
[2022-09-24T20:04:10.736+0000] {processor.py:768} INFO - DAG(s) dict_keys(['example_external_task_marker_parent', 'example_external_task_marker_child']) retrieved from /home/airflow/.local/lib/python3.7/site-packages/airflow/example_dags/example_external_task_marker_dag.py
[2022-09-24T20:04:11.691+0000] {logging_mixin.py:117} INFO - [2022-09-24T20:04:11.690+0000] {dag.py:2573} INFO - Sync 2 DAGs
[2022-09-24T20:04:11.744+0000] {logging_mixin.py:117} INFO - [2022-09-24T20:04:11.744+0000] {dag.py:3328} INFO - Setting next_dagrun for example_external_task_marker_child to None, run_after=None
[2022-09-24T20:04:11.757+0000] {logging_mixin.py:117} INFO - [2022-09-24T20:04:11.756+0000] {dag.py:3328} INFO - Setting next_dagrun for example_external_task_marker_parent to None, run_after=None
[2022-09-24T20:04:11.820+0000] {processor.py:178} INFO - Processing /home/airflow/.local/lib/python3.7/site-packages/airflow/example_dags/example_external_task_marker_dag.py took 1.174 seconds
[2022-09-24T20:04:43.070+0000] {processor.py:156} INFO - Started process (PID=5466) to work on /home/airflow/.local/lib/python3.7/site-packages/airflow/example_dags/example_external_task_marker_dag.py
[2022-09-24T20:04:43.081+0000] {processor.py:758} INFO - Processing file /home/airflow/.local/lib/python3.7/site-packages/airflow/example_dags/example_external_task_marker_dag.py for tasks to queue
[2022-09-24T20:04:43.093+0000] {logging_mixin.py:117} INFO - [2022-09-24T20:04:43.092+0000] {dagbag.py:525} INFO - Filling up the DagBag from /home/airflow/.local/lib/python3.7/site-packages/airflow/example_dags/example_external_task_marker_dag.py
[2022-09-24T20:04:43.153+0000] {processor.py:768} INFO - DAG(s) dict_keys(['example_external_task_marker_parent', 'example_external_task_marker_child']) retrieved from /home/airflow/.local/lib/python3.7/site-packages/airflow/example_dags/example_external_task_marker_dag.py
[2022-09-24T20:04:44.534+0000] {logging_mixin.py:117} INFO - [2022-09-24T20:04:44.534+0000] {dag.py:2573} INFO - Sync 2 DAGs
[2022-09-24T20:04:44.756+0000] {logging_mixin.py:117} INFO - [2022-09-24T20:04:44.755+0000] {dag.py:3328} INFO - Setting next_dagrun for example_external_task_marker_child to None, run_after=None
[2022-09-24T20:04:44.775+0000] {logging_mixin.py:117} INFO - [2022-09-24T20:04:44.775+0000] {dag.py:3328} INFO - Setting next_dagrun for example_external_task_marker_parent to None, run_after=None
[2022-09-24T20:04:44.852+0000] {processor.py:178} INFO - Processing /home/airflow/.local/lib/python3.7/site-packages/airflow/example_dags/example_external_task_marker_dag.py took 1.791 seconds
[2022-09-24T20:05:15.618+0000] {processor.py:156} INFO - Started process (PID=5669) to work on /home/airflow/.local/lib/python3.7/site-packages/airflow/example_dags/example_external_task_marker_dag.py
[2022-09-24T20:05:15.622+0000] {processor.py:758} INFO - Processing file /home/airflow/.local/lib/python3.7/site-packages/airflow/example_dags/example_external_task_marker_dag.py for tasks to queue
[2022-09-24T20:05:15.632+0000] {logging_mixin.py:117} INFO - [2022-09-24T20:05:15.631+0000] {dagbag.py:525} INFO - Filling up the DagBag from /home/airflow/.local/lib/python3.7/site-packages/airflow/example_dags/example_external_task_marker_dag.py
[2022-09-24T20:05:15.749+0000] {processor.py:768} INFO - DAG(s) dict_keys(['example_external_task_marker_parent', 'example_external_task_marker_child']) retrieved from /home/airflow/.local/lib/python3.7/site-packages/airflow/example_dags/example_external_task_marker_dag.py
[2022-09-24T20:05:16.449+0000] {logging_mixin.py:117} INFO - [2022-09-24T20:05:16.449+0000] {dag.py:2573} INFO - Sync 2 DAGs
[2022-09-24T20:05:16.559+0000] {logging_mixin.py:117} INFO - [2022-09-24T20:05:16.558+0000] {dag.py:3328} INFO - Setting next_dagrun for example_external_task_marker_child to None, run_after=None
[2022-09-24T20:05:16.572+0000] {logging_mixin.py:117} INFO - [2022-09-24T20:05:16.572+0000] {dag.py:3328} INFO - Setting next_dagrun for example_external_task_marker_parent to None, run_after=None
[2022-09-24T20:05:16.636+0000] {processor.py:178} INFO - Processing /home/airflow/.local/lib/python3.7/site-packages/airflow/example_dags/example_external_task_marker_dag.py took 1.032 seconds
[2022-09-24T20:05:47.655+0000] {processor.py:156} INFO - Started process (PID=5878) to work on /home/airflow/.local/lib/python3.7/site-packages/airflow/example_dags/example_external_task_marker_dag.py
[2022-09-24T20:05:47.659+0000] {processor.py:758} INFO - Processing file /home/airflow/.local/lib/python3.7/site-packages/airflow/example_dags/example_external_task_marker_dag.py for tasks to queue
[2022-09-24T20:05:47.668+0000] {logging_mixin.py:117} INFO - [2022-09-24T20:05:47.667+0000] {dagbag.py:525} INFO - Filling up the DagBag from /home/airflow/.local/lib/python3.7/site-packages/airflow/example_dags/example_external_task_marker_dag.py
[2022-09-24T20:05:47.728+0000] {processor.py:768} INFO - DAG(s) dict_keys(['example_external_task_marker_parent', 'example_external_task_marker_child']) retrieved from /home/airflow/.local/lib/python3.7/site-packages/airflow/example_dags/example_external_task_marker_dag.py
[2022-09-24T20:05:48.830+0000] {logging_mixin.py:117} INFO - [2022-09-24T20:05:48.830+0000] {dag.py:2573} INFO - Sync 2 DAGs
[2022-09-24T20:05:49.065+0000] {logging_mixin.py:117} INFO - [2022-09-24T20:05:49.065+0000] {dag.py:3328} INFO - Setting next_dagrun for example_external_task_marker_child to None, run_after=None
[2022-09-24T20:05:49.086+0000] {logging_mixin.py:117} INFO - [2022-09-24T20:05:49.086+0000] {dag.py:3328} INFO - Setting next_dagrun for example_external_task_marker_parent to None, run_after=None
[2022-09-24T20:05:49.173+0000] {processor.py:178} INFO - Processing /home/airflow/.local/lib/python3.7/site-packages/airflow/example_dags/example_external_task_marker_dag.py took 1.545 seconds
[2022-09-24T20:06:20.914+0000] {processor.py:156} INFO - Started process (PID=6092) to work on /home/airflow/.local/lib/python3.7/site-packages/airflow/example_dags/example_external_task_marker_dag.py
[2022-09-24T20:06:20.918+0000] {processor.py:758} INFO - Processing file /home/airflow/.local/lib/python3.7/site-packages/airflow/example_dags/example_external_task_marker_dag.py for tasks to queue
[2022-09-24T20:06:20.924+0000] {logging_mixin.py:117} INFO - [2022-09-24T20:06:20.924+0000] {dagbag.py:525} INFO - Filling up the DagBag from /home/airflow/.local/lib/python3.7/site-packages/airflow/example_dags/example_external_task_marker_dag.py
[2022-09-24T20:06:21.020+0000] {processor.py:768} INFO - DAG(s) dict_keys(['example_external_task_marker_parent', 'example_external_task_marker_child']) retrieved from /home/airflow/.local/lib/python3.7/site-packages/airflow/example_dags/example_external_task_marker_dag.py
[2022-09-24T20:06:22.999+0000] {logging_mixin.py:117} INFO - [2022-09-24T20:06:22.998+0000] {dag.py:2573} INFO - Sync 2 DAGs
[2022-09-24T20:06:23.190+0000] {logging_mixin.py:117} INFO - [2022-09-24T20:06:23.189+0000] {dag.py:3328} INFO - Setting next_dagrun for example_external_task_marker_child to None, run_after=None
[2022-09-24T20:06:23.225+0000] {logging_mixin.py:117} INFO - [2022-09-24T20:06:23.225+0000] {dag.py:3328} INFO - Setting next_dagrun for example_external_task_marker_parent to None, run_after=None
[2022-09-24T20:06:23.356+0000] {processor.py:178} INFO - Processing /home/airflow/.local/lib/python3.7/site-packages/airflow/example_dags/example_external_task_marker_dag.py took 2.457 seconds
[2022-09-24T20:06:54.006+0000] {processor.py:156} INFO - Started process (PID=6301) to work on /home/airflow/.local/lib/python3.7/site-packages/airflow/example_dags/example_external_task_marker_dag.py
[2022-09-24T20:06:54.013+0000] {processor.py:758} INFO - Processing file /home/airflow/.local/lib/python3.7/site-packages/airflow/example_dags/example_external_task_marker_dag.py for tasks to queue
[2022-09-24T20:06:54.016+0000] {logging_mixin.py:117} INFO - [2022-09-24T20:06:54.015+0000] {dagbag.py:525} INFO - Filling up the DagBag from /home/airflow/.local/lib/python3.7/site-packages/airflow/example_dags/example_external_task_marker_dag.py
[2022-09-24T20:06:54.088+0000] {processor.py:768} INFO - DAG(s) dict_keys(['example_external_task_marker_child', 'example_external_task_marker_parent']) retrieved from /home/airflow/.local/lib/python3.7/site-packages/airflow/example_dags/example_external_task_marker_dag.py
[2022-09-24T20:06:55.953+0000] {logging_mixin.py:117} INFO - [2022-09-24T20:06:55.952+0000] {dag.py:2573} INFO - Sync 2 DAGs
[2022-09-24T20:06:56.060+0000] {logging_mixin.py:117} INFO - [2022-09-24T20:06:56.059+0000] {dag.py:3328} INFO - Setting next_dagrun for example_external_task_marker_child to None, run_after=None
[2022-09-24T20:06:56.074+0000] {logging_mixin.py:117} INFO - [2022-09-24T20:06:56.074+0000] {dag.py:3328} INFO - Setting next_dagrun for example_external_task_marker_parent to None, run_after=None
[2022-09-24T20:06:56.150+0000] {processor.py:178} INFO - Processing /home/airflow/.local/lib/python3.7/site-packages/airflow/example_dags/example_external_task_marker_dag.py took 2.184 seconds
[2022-09-24T20:07:26.497+0000] {processor.py:156} INFO - Started process (PID=6505) to work on /home/airflow/.local/lib/python3.7/site-packages/airflow/example_dags/example_external_task_marker_dag.py
[2022-09-24T20:07:26.515+0000] {processor.py:758} INFO - Processing file /home/airflow/.local/lib/python3.7/site-packages/airflow/example_dags/example_external_task_marker_dag.py for tasks to queue
[2022-09-24T20:07:26.520+0000] {logging_mixin.py:117} INFO - [2022-09-24T20:07:26.520+0000] {dagbag.py:525} INFO - Filling up the DagBag from /home/airflow/.local/lib/python3.7/site-packages/airflow/example_dags/example_external_task_marker_dag.py
[2022-09-24T20:07:26.606+0000] {processor.py:768} INFO - DAG(s) dict_keys(['example_external_task_marker_parent', 'example_external_task_marker_child']) retrieved from /home/airflow/.local/lib/python3.7/site-packages/airflow/example_dags/example_external_task_marker_dag.py
[2022-09-24T20:07:27.325+0000] {logging_mixin.py:117} INFO - [2022-09-24T20:07:27.325+0000] {dag.py:2573} INFO - Sync 2 DAGs
[2022-09-24T20:07:27.382+0000] {logging_mixin.py:117} INFO - [2022-09-24T20:07:27.382+0000] {dag.py:3328} INFO - Setting next_dagrun for example_external_task_marker_child to None, run_after=None
[2022-09-24T20:07:27.402+0000] {logging_mixin.py:117} INFO - [2022-09-24T20:07:27.402+0000] {dag.py:3328} INFO - Setting next_dagrun for example_external_task_marker_parent to None, run_after=None
[2022-09-24T20:07:27.495+0000] {processor.py:178} INFO - Processing /home/airflow/.local/lib/python3.7/site-packages/airflow/example_dags/example_external_task_marker_dag.py took 1.025 seconds
[2022-09-24T20:07:58.247+0000] {processor.py:156} INFO - Started process (PID=6717) to work on /home/airflow/.local/lib/python3.7/site-packages/airflow/example_dags/example_external_task_marker_dag.py
[2022-09-24T20:07:58.252+0000] {processor.py:758} INFO - Processing file /home/airflow/.local/lib/python3.7/site-packages/airflow/example_dags/example_external_task_marker_dag.py for tasks to queue
[2022-09-24T20:07:58.255+0000] {logging_mixin.py:117} INFO - [2022-09-24T20:07:58.255+0000] {dagbag.py:525} INFO - Filling up the DagBag from /home/airflow/.local/lib/python3.7/site-packages/airflow/example_dags/example_external_task_marker_dag.py
[2022-09-24T20:07:58.315+0000] {processor.py:768} INFO - DAG(s) dict_keys(['example_external_task_marker_parent', 'example_external_task_marker_child']) retrieved from /home/airflow/.local/lib/python3.7/site-packages/airflow/example_dags/example_external_task_marker_dag.py
[2022-09-24T20:07:58.842+0000] {logging_mixin.py:117} INFO - [2022-09-24T20:07:58.842+0000] {dag.py:2573} INFO - Sync 2 DAGs
[2022-09-24T20:07:58.898+0000] {logging_mixin.py:117} INFO - [2022-09-24T20:07:58.898+0000] {dag.py:3328} INFO - Setting next_dagrun for example_external_task_marker_child to None, run_after=None
[2022-09-24T20:07:58.906+0000] {logging_mixin.py:117} INFO - [2022-09-24T20:07:58.905+0000] {dag.py:3328} INFO - Setting next_dagrun for example_external_task_marker_parent to None, run_after=None
[2022-09-24T20:07:58.940+0000] {processor.py:178} INFO - Processing /home/airflow/.local/lib/python3.7/site-packages/airflow/example_dags/example_external_task_marker_dag.py took 0.705 seconds
[2022-09-24T20:08:29.162+0000] {processor.py:156} INFO - Started process (PID=6919) to work on /home/airflow/.local/lib/python3.7/site-packages/airflow/example_dags/example_external_task_marker_dag.py
[2022-09-24T20:08:29.166+0000] {processor.py:758} INFO - Processing file /home/airflow/.local/lib/python3.7/site-packages/airflow/example_dags/example_external_task_marker_dag.py for tasks to queue
[2022-09-24T20:08:29.170+0000] {logging_mixin.py:117} INFO - [2022-09-24T20:08:29.170+0000] {dagbag.py:525} INFO - Filling up the DagBag from /home/airflow/.local/lib/python3.7/site-packages/airflow/example_dags/example_external_task_marker_dag.py
[2022-09-24T20:08:29.207+0000] {processor.py:768} INFO - DAG(s) dict_keys(['example_external_task_marker_child', 'example_external_task_marker_parent']) retrieved from /home/airflow/.local/lib/python3.7/site-packages/airflow/example_dags/example_external_task_marker_dag.py
[2022-09-24T20:08:29.756+0000] {logging_mixin.py:117} INFO - [2022-09-24T20:08:29.756+0000] {dag.py:2573} INFO - Sync 2 DAGs
[2022-09-24T20:08:29.902+0000] {logging_mixin.py:117} INFO - [2022-09-24T20:08:29.901+0000] {dag.py:3328} INFO - Setting next_dagrun for example_external_task_marker_child to None, run_after=None
[2022-09-24T20:08:29.917+0000] {logging_mixin.py:117} INFO - [2022-09-24T20:08:29.917+0000] {dag.py:3328} INFO - Setting next_dagrun for example_external_task_marker_parent to None, run_after=None
[2022-09-24T20:08:29.952+0000] {processor.py:178} INFO - Processing /home/airflow/.local/lib/python3.7/site-packages/airflow/example_dags/example_external_task_marker_dag.py took 0.800 seconds
[2022-09-24T20:09:00.318+0000] {processor.py:156} INFO - Started process (PID=7118) to work on /home/airflow/.local/lib/python3.7/site-packages/airflow/example_dags/example_external_task_marker_dag.py
[2022-09-24T20:09:00.327+0000] {processor.py:758} INFO - Processing file /home/airflow/.local/lib/python3.7/site-packages/airflow/example_dags/example_external_task_marker_dag.py for tasks to queue
[2022-09-24T20:09:00.332+0000] {logging_mixin.py:117} INFO - [2022-09-24T20:09:00.331+0000] {dagbag.py:525} INFO - Filling up the DagBag from /home/airflow/.local/lib/python3.7/site-packages/airflow/example_dags/example_external_task_marker_dag.py
[2022-09-24T20:09:00.384+0000] {processor.py:768} INFO - DAG(s) dict_keys(['example_external_task_marker_child', 'example_external_task_marker_parent']) retrieved from /home/airflow/.local/lib/python3.7/site-packages/airflow/example_dags/example_external_task_marker_dag.py
[2022-09-24T20:09:01.241+0000] {logging_mixin.py:117} INFO - [2022-09-24T20:09:01.240+0000] {dag.py:2573} INFO - Sync 2 DAGs
[2022-09-24T20:09:01.353+0000] {logging_mixin.py:117} INFO - [2022-09-24T20:09:01.353+0000] {dag.py:3328} INFO - Setting next_dagrun for example_external_task_marker_child to None, run_after=None
[2022-09-24T20:09:01.397+0000] {logging_mixin.py:117} INFO - [2022-09-24T20:09:01.397+0000] {dag.py:3328} INFO - Setting next_dagrun for example_external_task_marker_parent to None, run_after=None
[2022-09-24T20:09:01.508+0000] {processor.py:178} INFO - Processing /home/airflow/.local/lib/python3.7/site-packages/airflow/example_dags/example_external_task_marker_dag.py took 1.204 seconds
[2022-09-24T20:09:31.733+0000] {processor.py:156} INFO - Started process (PID=7329) to work on /home/airflow/.local/lib/python3.7/site-packages/airflow/example_dags/example_external_task_marker_dag.py
[2022-09-24T20:09:31.737+0000] {processor.py:758} INFO - Processing file /home/airflow/.local/lib/python3.7/site-packages/airflow/example_dags/example_external_task_marker_dag.py for tasks to queue
[2022-09-24T20:09:31.740+0000] {logging_mixin.py:117} INFO - [2022-09-24T20:09:31.740+0000] {dagbag.py:525} INFO - Filling up the DagBag from /home/airflow/.local/lib/python3.7/site-packages/airflow/example_dags/example_external_task_marker_dag.py
[2022-09-24T20:09:31.774+0000] {processor.py:768} INFO - DAG(s) dict_keys(['example_external_task_marker_child', 'example_external_task_marker_parent']) retrieved from /home/airflow/.local/lib/python3.7/site-packages/airflow/example_dags/example_external_task_marker_dag.py
[2022-09-24T20:09:32.310+0000] {logging_mixin.py:117} INFO - [2022-09-24T20:09:32.309+0000] {dag.py:2573} INFO - Sync 2 DAGs
[2022-09-24T20:09:32.363+0000] {logging_mixin.py:117} INFO - [2022-09-24T20:09:32.363+0000] {dag.py:3328} INFO - Setting next_dagrun for example_external_task_marker_child to None, run_after=None
[2022-09-24T20:09:32.381+0000] {logging_mixin.py:117} INFO - [2022-09-24T20:09:32.380+0000] {dag.py:3328} INFO - Setting next_dagrun for example_external_task_marker_parent to None, run_after=None
[2022-09-24T20:09:32.422+0000] {processor.py:178} INFO - Processing /home/airflow/.local/lib/python3.7/site-packages/airflow/example_dags/example_external_task_marker_dag.py took 0.695 seconds
[2022-09-24T20:10:02.985+0000] {processor.py:156} INFO - Started process (PID=7532) to work on /home/airflow/.local/lib/python3.7/site-packages/airflow/example_dags/example_external_task_marker_dag.py
[2022-09-24T20:10:02.989+0000] {processor.py:758} INFO - Processing file /home/airflow/.local/lib/python3.7/site-packages/airflow/example_dags/example_external_task_marker_dag.py for tasks to queue
[2022-09-24T20:10:02.993+0000] {logging_mixin.py:117} INFO - [2022-09-24T20:10:02.992+0000] {dagbag.py:525} INFO - Filling up the DagBag from /home/airflow/.local/lib/python3.7/site-packages/airflow/example_dags/example_external_task_marker_dag.py
[2022-09-24T20:10:03.023+0000] {processor.py:768} INFO - DAG(s) dict_keys(['example_external_task_marker_parent', 'example_external_task_marker_child']) retrieved from /home/airflow/.local/lib/python3.7/site-packages/airflow/example_dags/example_external_task_marker_dag.py
[2022-09-24T20:10:03.396+0000] {logging_mixin.py:117} INFO - [2022-09-24T20:10:03.396+0000] {dag.py:2573} INFO - Sync 2 DAGs
[2022-09-24T20:10:03.444+0000] {logging_mixin.py:117} INFO - [2022-09-24T20:10:03.444+0000] {dag.py:3328} INFO - Setting next_dagrun for example_external_task_marker_child to None, run_after=None
[2022-09-24T20:10:03.454+0000] {logging_mixin.py:117} INFO - [2022-09-24T20:10:03.453+0000] {dag.py:3328} INFO - Setting next_dagrun for example_external_task_marker_parent to None, run_after=None
[2022-09-24T20:10:03.493+0000] {processor.py:178} INFO - Processing /home/airflow/.local/lib/python3.7/site-packages/airflow/example_dags/example_external_task_marker_dag.py took 0.515 seconds
[2022-09-24T20:10:33.601+0000] {processor.py:156} INFO - Started process (PID=7741) to work on /home/airflow/.local/lib/python3.7/site-packages/airflow/example_dags/example_external_task_marker_dag.py
[2022-09-24T20:10:33.605+0000] {processor.py:758} INFO - Processing file /home/airflow/.local/lib/python3.7/site-packages/airflow/example_dags/example_external_task_marker_dag.py for tasks to queue
[2022-09-24T20:10:33.608+0000] {logging_mixin.py:117} INFO - [2022-09-24T20:10:33.607+0000] {dagbag.py:525} INFO - Filling up the DagBag from /home/airflow/.local/lib/python3.7/site-packages/airflow/example_dags/example_external_task_marker_dag.py
[2022-09-24T20:10:33.638+0000] {processor.py:768} INFO - DAG(s) dict_keys(['example_external_task_marker_parent', 'example_external_task_marker_child']) retrieved from /home/airflow/.local/lib/python3.7/site-packages/airflow/example_dags/example_external_task_marker_dag.py
[2022-09-24T20:10:34.000+0000] {logging_mixin.py:117} INFO - [2022-09-24T20:10:33.999+0000] {dag.py:2573} INFO - Sync 2 DAGs
[2022-09-24T20:10:34.051+0000] {logging_mixin.py:117} INFO - [2022-09-24T20:10:34.051+0000] {dag.py:3328} INFO - Setting next_dagrun for example_external_task_marker_child to None, run_after=None
[2022-09-24T20:10:34.066+0000] {logging_mixin.py:117} INFO - [2022-09-24T20:10:34.066+0000] {dag.py:3328} INFO - Setting next_dagrun for example_external_task_marker_parent to None, run_after=None
[2022-09-24T20:10:34.119+0000] {processor.py:178} INFO - Processing /home/airflow/.local/lib/python3.7/site-packages/airflow/example_dags/example_external_task_marker_dag.py took 0.524 seconds
[2022-09-24T20:11:04.799+0000] {processor.py:156} INFO - Started process (PID=7937) to work on /home/airflow/.local/lib/python3.7/site-packages/airflow/example_dags/example_external_task_marker_dag.py
[2022-09-24T20:11:04.805+0000] {processor.py:758} INFO - Processing file /home/airflow/.local/lib/python3.7/site-packages/airflow/example_dags/example_external_task_marker_dag.py for tasks to queue
[2022-09-24T20:11:04.813+0000] {logging_mixin.py:117} INFO - [2022-09-24T20:11:04.813+0000] {dagbag.py:525} INFO - Filling up the DagBag from /home/airflow/.local/lib/python3.7/site-packages/airflow/example_dags/example_external_task_marker_dag.py
[2022-09-24T20:11:04.865+0000] {processor.py:768} INFO - DAG(s) dict_keys(['example_external_task_marker_child', 'example_external_task_marker_parent']) retrieved from /home/airflow/.local/lib/python3.7/site-packages/airflow/example_dags/example_external_task_marker_dag.py
[2022-09-24T20:11:05.243+0000] {logging_mixin.py:117} INFO - [2022-09-24T20:11:05.243+0000] {dag.py:2573} INFO - Sync 2 DAGs
[2022-09-24T20:11:05.291+0000] {logging_mixin.py:117} INFO - [2022-09-24T20:11:05.291+0000] {dag.py:3328} INFO - Setting next_dagrun for example_external_task_marker_child to None, run_after=None
[2022-09-24T20:11:05.305+0000] {logging_mixin.py:117} INFO - [2022-09-24T20:11:05.305+0000] {dag.py:3328} INFO - Setting next_dagrun for example_external_task_marker_parent to None, run_after=None
[2022-09-24T20:11:05.350+0000] {processor.py:178} INFO - Processing /home/airflow/.local/lib/python3.7/site-packages/airflow/example_dags/example_external_task_marker_dag.py took 0.562 seconds
[2022-09-24T20:11:36.523+0000] {processor.py:156} INFO - Started process (PID=8143) to work on /home/airflow/.local/lib/python3.7/site-packages/airflow/example_dags/example_external_task_marker_dag.py
[2022-09-24T20:11:36.526+0000] {processor.py:758} INFO - Processing file /home/airflow/.local/lib/python3.7/site-packages/airflow/example_dags/example_external_task_marker_dag.py for tasks to queue
[2022-09-24T20:11:36.534+0000] {logging_mixin.py:117} INFO - [2022-09-24T20:11:36.532+0000] {dagbag.py:525} INFO - Filling up the DagBag from /home/airflow/.local/lib/python3.7/site-packages/airflow/example_dags/example_external_task_marker_dag.py
[2022-09-24T20:11:36.584+0000] {processor.py:768} INFO - DAG(s) dict_keys(['example_external_task_marker_child', 'example_external_task_marker_parent']) retrieved from /home/airflow/.local/lib/python3.7/site-packages/airflow/example_dags/example_external_task_marker_dag.py
[2022-09-24T20:11:37.246+0000] {logging_mixin.py:117} INFO - [2022-09-24T20:11:37.245+0000] {dag.py:2573} INFO - Sync 2 DAGs
[2022-09-24T20:11:37.299+0000] {logging_mixin.py:117} INFO - [2022-09-24T20:11:37.299+0000] {dag.py:3328} INFO - Setting next_dagrun for example_external_task_marker_child to None, run_after=None
[2022-09-24T20:11:37.308+0000] {logging_mixin.py:117} INFO - [2022-09-24T20:11:37.307+0000] {dag.py:3328} INFO - Setting next_dagrun for example_external_task_marker_parent to None, run_after=None
[2022-09-24T20:11:37.345+0000] {processor.py:178} INFO - Processing /home/airflow/.local/lib/python3.7/site-packages/airflow/example_dags/example_external_task_marker_dag.py took 0.836 seconds
[2022-09-24T20:12:07.495+0000] {processor.py:156} INFO - Started process (PID=8341) to work on /home/airflow/.local/lib/python3.7/site-packages/airflow/example_dags/example_external_task_marker_dag.py
[2022-09-24T20:12:07.499+0000] {processor.py:758} INFO - Processing file /home/airflow/.local/lib/python3.7/site-packages/airflow/example_dags/example_external_task_marker_dag.py for tasks to queue
[2022-09-24T20:12:07.505+0000] {logging_mixin.py:117} INFO - [2022-09-24T20:12:07.504+0000] {dagbag.py:525} INFO - Filling up the DagBag from /home/airflow/.local/lib/python3.7/site-packages/airflow/example_dags/example_external_task_marker_dag.py
[2022-09-24T20:12:07.556+0000] {processor.py:768} INFO - DAG(s) dict_keys(['example_external_task_marker_parent', 'example_external_task_marker_child']) retrieved from /home/airflow/.local/lib/python3.7/site-packages/airflow/example_dags/example_external_task_marker_dag.py
[2022-09-24T20:12:08.178+0000] {logging_mixin.py:117} INFO - [2022-09-24T20:12:08.177+0000] {dag.py:2573} INFO - Sync 2 DAGs
[2022-09-24T20:12:08.279+0000] {logging_mixin.py:117} INFO - [2022-09-24T20:12:08.279+0000] {dag.py:3328} INFO - Setting next_dagrun for example_external_task_marker_child to None, run_after=None
[2022-09-24T20:12:08.294+0000] {logging_mixin.py:117} INFO - [2022-09-24T20:12:08.294+0000] {dag.py:3328} INFO - Setting next_dagrun for example_external_task_marker_parent to None, run_after=None
[2022-09-24T20:12:08.359+0000] {processor.py:178} INFO - Processing /home/airflow/.local/lib/python3.7/site-packages/airflow/example_dags/example_external_task_marker_dag.py took 0.882 seconds
[2022-09-24T20:12:39.070+0000] {processor.py:156} INFO - Started process (PID=8538) to work on /home/airflow/.local/lib/python3.7/site-packages/airflow/example_dags/example_external_task_marker_dag.py
[2022-09-24T20:12:39.079+0000] {processor.py:758} INFO - Processing file /home/airflow/.local/lib/python3.7/site-packages/airflow/example_dags/example_external_task_marker_dag.py for tasks to queue
[2022-09-24T20:12:39.099+0000] {logging_mixin.py:117} INFO - [2022-09-24T20:12:39.098+0000] {dagbag.py:525} INFO - Filling up the DagBag from /home/airflow/.local/lib/python3.7/site-packages/airflow/example_dags/example_external_task_marker_dag.py
[2022-09-24T20:12:39.192+0000] {processor.py:768} INFO - DAG(s) dict_keys(['example_external_task_marker_parent', 'example_external_task_marker_child']) retrieved from /home/airflow/.local/lib/python3.7/site-packages/airflow/example_dags/example_external_task_marker_dag.py
[2022-09-24T20:12:40.395+0000] {logging_mixin.py:117} INFO - [2022-09-24T20:12:40.395+0000] {dag.py:2573} INFO - Sync 2 DAGs
[2022-09-24T20:12:40.477+0000] {logging_mixin.py:117} INFO - [2022-09-24T20:12:40.476+0000] {dag.py:3328} INFO - Setting next_dagrun for example_external_task_marker_child to None, run_after=None
[2022-09-24T20:12:40.495+0000] {logging_mixin.py:117} INFO - [2022-09-24T20:12:40.494+0000] {dag.py:3328} INFO - Setting next_dagrun for example_external_task_marker_parent to None, run_after=None
[2022-09-24T20:12:40.550+0000] {processor.py:178} INFO - Processing /home/airflow/.local/lib/python3.7/site-packages/airflow/example_dags/example_external_task_marker_dag.py took 1.506 seconds
[2022-09-24T20:13:10.672+0000] {processor.py:156} INFO - Started process (PID=8737) to work on /home/airflow/.local/lib/python3.7/site-packages/airflow/example_dags/example_external_task_marker_dag.py
[2022-09-24T20:13:10.679+0000] {processor.py:758} INFO - Processing file /home/airflow/.local/lib/python3.7/site-packages/airflow/example_dags/example_external_task_marker_dag.py for tasks to queue
[2022-09-24T20:13:10.681+0000] {logging_mixin.py:117} INFO - [2022-09-24T20:13:10.681+0000] {dagbag.py:525} INFO - Filling up the DagBag from /home/airflow/.local/lib/python3.7/site-packages/airflow/example_dags/example_external_task_marker_dag.py
[2022-09-24T20:13:10.779+0000] {processor.py:768} INFO - DAG(s) dict_keys(['example_external_task_marker_parent', 'example_external_task_marker_child']) retrieved from /home/airflow/.local/lib/python3.7/site-packages/airflow/example_dags/example_external_task_marker_dag.py
[2022-09-24T20:13:11.820+0000] {logging_mixin.py:117} INFO - [2022-09-24T20:13:11.819+0000] {dag.py:2573} INFO - Sync 2 DAGs
[2022-09-24T20:13:11.874+0000] {logging_mixin.py:117} INFO - [2022-09-24T20:13:11.873+0000] {dag.py:3328} INFO - Setting next_dagrun for example_external_task_marker_child to None, run_after=None
[2022-09-24T20:13:11.882+0000] {logging_mixin.py:117} INFO - [2022-09-24T20:13:11.882+0000] {dag.py:3328} INFO - Setting next_dagrun for example_external_task_marker_parent to None, run_after=None
[2022-09-24T20:13:11.917+0000] {processor.py:178} INFO - Processing /home/airflow/.local/lib/python3.7/site-packages/airflow/example_dags/example_external_task_marker_dag.py took 1.262 seconds
[2022-09-24T20:13:42.290+0000] {processor.py:156} INFO - Started process (PID=8935) to work on /home/airflow/.local/lib/python3.7/site-packages/airflow/example_dags/example_external_task_marker_dag.py
[2022-09-24T20:13:42.293+0000] {processor.py:758} INFO - Processing file /home/airflow/.local/lib/python3.7/site-packages/airflow/example_dags/example_external_task_marker_dag.py for tasks to queue
[2022-09-24T20:13:42.297+0000] {logging_mixin.py:117} INFO - [2022-09-24T20:13:42.297+0000] {dagbag.py:525} INFO - Filling up the DagBag from /home/airflow/.local/lib/python3.7/site-packages/airflow/example_dags/example_external_task_marker_dag.py
[2022-09-24T20:13:42.355+0000] {processor.py:768} INFO - DAG(s) dict_keys(['example_external_task_marker_parent', 'example_external_task_marker_child']) retrieved from /home/airflow/.local/lib/python3.7/site-packages/airflow/example_dags/example_external_task_marker_dag.py
[2022-09-24T20:13:42.960+0000] {logging_mixin.py:117} INFO - [2022-09-24T20:13:42.960+0000] {dag.py:2573} INFO - Sync 2 DAGs
[2022-09-24T20:13:43.016+0000] {logging_mixin.py:117} INFO - [2022-09-24T20:13:43.015+0000] {dag.py:3328} INFO - Setting next_dagrun for example_external_task_marker_child to None, run_after=None
[2022-09-24T20:13:43.026+0000] {logging_mixin.py:117} INFO - [2022-09-24T20:13:43.026+0000] {dag.py:3328} INFO - Setting next_dagrun for example_external_task_marker_parent to None, run_after=None
[2022-09-24T20:13:43.072+0000] {processor.py:178} INFO - Processing /home/airflow/.local/lib/python3.7/site-packages/airflow/example_dags/example_external_task_marker_dag.py took 0.792 seconds
[2022-09-24T20:14:16.837+0000] {processor.py:156} INFO - Started process (PID=9138) to work on /home/airflow/.local/lib/python3.7/site-packages/airflow/example_dags/example_external_task_marker_dag.py
[2022-09-24T20:14:16.921+0000] {processor.py:758} INFO - Processing file /home/airflow/.local/lib/python3.7/site-packages/airflow/example_dags/example_external_task_marker_dag.py for tasks to queue
[2022-09-24T20:14:16.931+0000] {logging_mixin.py:117} INFO - [2022-09-24T20:14:16.931+0000] {dagbag.py:525} INFO - Filling up the DagBag from /home/airflow/.local/lib/python3.7/site-packages/airflow/example_dags/example_external_task_marker_dag.py
[2022-09-24T20:14:17.382+0000] {processor.py:768} INFO - DAG(s) dict_keys(['example_external_task_marker_child', 'example_external_task_marker_parent']) retrieved from /home/airflow/.local/lib/python3.7/site-packages/airflow/example_dags/example_external_task_marker_dag.py
[2022-09-24T20:14:24.593+0000] {logging_mixin.py:117} INFO - [2022-09-24T20:14:24.592+0000] {dag.py:2573} INFO - Sync 2 DAGs
[2022-09-24T20:14:24.872+0000] {logging_mixin.py:117} INFO - [2022-09-24T20:14:24.871+0000] {dag.py:3328} INFO - Setting next_dagrun for example_external_task_marker_child to None, run_after=None
[2022-09-24T20:14:24.905+0000] {logging_mixin.py:117} INFO - [2022-09-24T20:14:24.905+0000] {dag.py:3328} INFO - Setting next_dagrun for example_external_task_marker_parent to None, run_after=None
[2022-09-24T20:14:25.047+0000] {processor.py:178} INFO - Processing /home/airflow/.local/lib/python3.7/site-packages/airflow/example_dags/example_external_task_marker_dag.py took 8.401 seconds
[2022-09-24T20:14:55.858+0000] {processor.py:156} INFO - Started process (PID=9345) to work on /home/airflow/.local/lib/python3.7/site-packages/airflow/example_dags/example_external_task_marker_dag.py
[2022-09-24T20:14:55.892+0000] {processor.py:758} INFO - Processing file /home/airflow/.local/lib/python3.7/site-packages/airflow/example_dags/example_external_task_marker_dag.py for tasks to queue
[2022-09-24T20:14:55.898+0000] {logging_mixin.py:117} INFO - [2022-09-24T20:14:55.898+0000] {dagbag.py:525} INFO - Filling up the DagBag from /home/airflow/.local/lib/python3.7/site-packages/airflow/example_dags/example_external_task_marker_dag.py
[2022-09-24T20:14:56.226+0000] {processor.py:768} INFO - DAG(s) dict_keys(['example_external_task_marker_child', 'example_external_task_marker_parent']) retrieved from /home/airflow/.local/lib/python3.7/site-packages/airflow/example_dags/example_external_task_marker_dag.py
[2022-09-24T20:14:56.831+0000] {logging_mixin.py:117} INFO - [2022-09-24T20:14:56.830+0000] {dag.py:2573} INFO - Sync 2 DAGs
[2022-09-24T20:14:56.880+0000] {logging_mixin.py:117} INFO - [2022-09-24T20:14:56.880+0000] {dag.py:3328} INFO - Setting next_dagrun for example_external_task_marker_child to None, run_after=None
[2022-09-24T20:14:56.896+0000] {logging_mixin.py:117} INFO - [2022-09-24T20:14:56.895+0000] {dag.py:3328} INFO - Setting next_dagrun for example_external_task_marker_parent to None, run_after=None
[2022-09-24T20:14:56.936+0000] {processor.py:178} INFO - Processing /home/airflow/.local/lib/python3.7/site-packages/airflow/example_dags/example_external_task_marker_dag.py took 1.178 seconds
[2022-09-24T20:15:27.501+0000] {processor.py:156} INFO - Started process (PID=9553) to work on /home/airflow/.local/lib/python3.7/site-packages/airflow/example_dags/example_external_task_marker_dag.py
[2022-09-24T20:15:27.509+0000] {processor.py:758} INFO - Processing file /home/airflow/.local/lib/python3.7/site-packages/airflow/example_dags/example_external_task_marker_dag.py for tasks to queue
[2022-09-24T20:15:27.515+0000] {logging_mixin.py:117} INFO - [2022-09-24T20:15:27.515+0000] {dagbag.py:525} INFO - Filling up the DagBag from /home/airflow/.local/lib/python3.7/site-packages/airflow/example_dags/example_external_task_marker_dag.py
[2022-09-24T20:15:27.565+0000] {processor.py:768} INFO - DAG(s) dict_keys(['example_external_task_marker_parent', 'example_external_task_marker_child']) retrieved from /home/airflow/.local/lib/python3.7/site-packages/airflow/example_dags/example_external_task_marker_dag.py
[2022-09-24T20:15:28.132+0000] {logging_mixin.py:117} INFO - [2022-09-24T20:15:28.132+0000] {dag.py:2573} INFO - Sync 2 DAGs
[2022-09-24T20:15:28.228+0000] {logging_mixin.py:117} INFO - [2022-09-24T20:15:28.227+0000] {dag.py:3328} INFO - Setting next_dagrun for example_external_task_marker_child to None, run_after=None
[2022-09-24T20:15:28.245+0000] {logging_mixin.py:117} INFO - [2022-09-24T20:15:28.245+0000] {dag.py:3328} INFO - Setting next_dagrun for example_external_task_marker_parent to None, run_after=None
[2022-09-24T20:15:28.295+0000] {processor.py:178} INFO - Processing /home/airflow/.local/lib/python3.7/site-packages/airflow/example_dags/example_external_task_marker_dag.py took 0.802 seconds
[2022-09-24T20:15:58.500+0000] {processor.py:156} INFO - Started process (PID=9751) to work on /home/airflow/.local/lib/python3.7/site-packages/airflow/example_dags/example_external_task_marker_dag.py
[2022-09-24T20:15:58.504+0000] {processor.py:758} INFO - Processing file /home/airflow/.local/lib/python3.7/site-packages/airflow/example_dags/example_external_task_marker_dag.py for tasks to queue
[2022-09-24T20:15:58.510+0000] {logging_mixin.py:117} INFO - [2022-09-24T20:15:58.509+0000] {dagbag.py:525} INFO - Filling up the DagBag from /home/airflow/.local/lib/python3.7/site-packages/airflow/example_dags/example_external_task_marker_dag.py
[2022-09-24T20:15:58.581+0000] {processor.py:768} INFO - DAG(s) dict_keys(['example_external_task_marker_child', 'example_external_task_marker_parent']) retrieved from /home/airflow/.local/lib/python3.7/site-packages/airflow/example_dags/example_external_task_marker_dag.py
[2022-09-24T20:15:59.332+0000] {logging_mixin.py:117} INFO - [2022-09-24T20:15:59.332+0000] {dag.py:2573} INFO - Sync 2 DAGs
[2022-09-24T20:15:59.499+0000] {logging_mixin.py:117} INFO - [2022-09-24T20:15:59.499+0000] {dag.py:3328} INFO - Setting next_dagrun for example_external_task_marker_child to None, run_after=None
[2022-09-24T20:15:59.534+0000] {logging_mixin.py:117} INFO - [2022-09-24T20:15:59.534+0000] {dag.py:3328} INFO - Setting next_dagrun for example_external_task_marker_parent to None, run_after=None
[2022-09-24T20:15:59.603+0000] {processor.py:178} INFO - Processing /home/airflow/.local/lib/python3.7/site-packages/airflow/example_dags/example_external_task_marker_dag.py took 1.125 seconds
[2022-09-24T20:16:30.142+0000] {processor.py:156} INFO - Started process (PID=9951) to work on /home/airflow/.local/lib/python3.7/site-packages/airflow/example_dags/example_external_task_marker_dag.py
[2022-09-24T20:16:30.151+0000] {processor.py:758} INFO - Processing file /home/airflow/.local/lib/python3.7/site-packages/airflow/example_dags/example_external_task_marker_dag.py for tasks to queue
[2022-09-24T20:16:30.167+0000] {logging_mixin.py:117} INFO - [2022-09-24T20:16:30.165+0000] {dagbag.py:525} INFO - Filling up the DagBag from /home/airflow/.local/lib/python3.7/site-packages/airflow/example_dags/example_external_task_marker_dag.py
[2022-09-24T20:16:30.272+0000] {processor.py:768} INFO - DAG(s) dict_keys(['example_external_task_marker_child', 'example_external_task_marker_parent']) retrieved from /home/airflow/.local/lib/python3.7/site-packages/airflow/example_dags/example_external_task_marker_dag.py
[2022-09-24T20:16:30.827+0000] {logging_mixin.py:117} INFO - [2022-09-24T20:16:30.827+0000] {dag.py:2573} INFO - Sync 2 DAGs
[2022-09-24T20:16:30.884+0000] {logging_mixin.py:117} INFO - [2022-09-24T20:16:30.884+0000] {dag.py:3328} INFO - Setting next_dagrun for example_external_task_marker_child to None, run_after=None
[2022-09-24T20:16:30.895+0000] {logging_mixin.py:117} INFO - [2022-09-24T20:16:30.894+0000] {dag.py:3328} INFO - Setting next_dagrun for example_external_task_marker_parent to None, run_after=None
[2022-09-24T20:16:30.948+0000] {processor.py:178} INFO - Processing /home/airflow/.local/lib/python3.7/site-packages/airflow/example_dags/example_external_task_marker_dag.py took 0.821 seconds
[2022-09-24T20:17:01.082+0000] {processor.py:156} INFO - Started process (PID=10145) to work on /home/airflow/.local/lib/python3.7/site-packages/airflow/example_dags/example_external_task_marker_dag.py
[2022-09-24T20:17:01.086+0000] {processor.py:758} INFO - Processing file /home/airflow/.local/lib/python3.7/site-packages/airflow/example_dags/example_external_task_marker_dag.py for tasks to queue
[2022-09-24T20:17:01.091+0000] {logging_mixin.py:117} INFO - [2022-09-24T20:17:01.090+0000] {dagbag.py:525} INFO - Filling up the DagBag from /home/airflow/.local/lib/python3.7/site-packages/airflow/example_dags/example_external_task_marker_dag.py
[2022-09-24T20:17:01.131+0000] {processor.py:768} INFO - DAG(s) dict_keys(['example_external_task_marker_parent', 'example_external_task_marker_child']) retrieved from /home/airflow/.local/lib/python3.7/site-packages/airflow/example_dags/example_external_task_marker_dag.py
[2022-09-24T20:17:01.622+0000] {logging_mixin.py:117} INFO - [2022-09-24T20:17:01.621+0000] {dag.py:2573} INFO - Sync 2 DAGs
[2022-09-24T20:17:01.701+0000] {logging_mixin.py:117} INFO - [2022-09-24T20:17:01.700+0000] {dag.py:3328} INFO - Setting next_dagrun for example_external_task_marker_child to None, run_after=None
[2022-09-24T20:17:01.719+0000] {logging_mixin.py:117} INFO - [2022-09-24T20:17:01.719+0000] {dag.py:3328} INFO - Setting next_dagrun for example_external_task_marker_parent to None, run_after=None
[2022-09-24T20:17:01.786+0000] {processor.py:178} INFO - Processing /home/airflow/.local/lib/python3.7/site-packages/airflow/example_dags/example_external_task_marker_dag.py took 0.711 seconds
[2022-09-24T20:17:32.386+0000] {processor.py:156} INFO - Started process (PID=10346) to work on /home/airflow/.local/lib/python3.7/site-packages/airflow/example_dags/example_external_task_marker_dag.py
[2022-09-24T20:17:32.391+0000] {processor.py:758} INFO - Processing file /home/airflow/.local/lib/python3.7/site-packages/airflow/example_dags/example_external_task_marker_dag.py for tasks to queue
[2022-09-24T20:17:32.397+0000] {logging_mixin.py:117} INFO - [2022-09-24T20:17:32.396+0000] {dagbag.py:525} INFO - Filling up the DagBag from /home/airflow/.local/lib/python3.7/site-packages/airflow/example_dags/example_external_task_marker_dag.py
[2022-09-24T20:17:32.435+0000] {processor.py:768} INFO - DAG(s) dict_keys(['example_external_task_marker_child', 'example_external_task_marker_parent']) retrieved from /home/airflow/.local/lib/python3.7/site-packages/airflow/example_dags/example_external_task_marker_dag.py
[2022-09-24T20:17:33.253+0000] {logging_mixin.py:117} INFO - [2022-09-24T20:17:33.252+0000] {dag.py:2573} INFO - Sync 2 DAGs
[2022-09-24T20:17:33.452+0000] {logging_mixin.py:117} INFO - [2022-09-24T20:17:33.451+0000] {dag.py:3328} INFO - Setting next_dagrun for example_external_task_marker_child to None, run_after=None
[2022-09-24T20:17:33.483+0000] {logging_mixin.py:117} INFO - [2022-09-24T20:17:33.482+0000] {dag.py:3328} INFO - Setting next_dagrun for example_external_task_marker_parent to None, run_after=None
[2022-09-24T20:17:33.575+0000] {processor.py:178} INFO - Processing /home/airflow/.local/lib/python3.7/site-packages/airflow/example_dags/example_external_task_marker_dag.py took 1.198 seconds
[2022-09-24T20:18:04.328+0000] {processor.py:156} INFO - Started process (PID=10555) to work on /home/airflow/.local/lib/python3.7/site-packages/airflow/example_dags/example_external_task_marker_dag.py
[2022-09-24T20:18:04.336+0000] {processor.py:758} INFO - Processing file /home/airflow/.local/lib/python3.7/site-packages/airflow/example_dags/example_external_task_marker_dag.py for tasks to queue
[2022-09-24T20:18:04.342+0000] {logging_mixin.py:117} INFO - [2022-09-24T20:18:04.341+0000] {dagbag.py:525} INFO - Filling up the DagBag from /home/airflow/.local/lib/python3.7/site-packages/airflow/example_dags/example_external_task_marker_dag.py
[2022-09-24T20:18:04.488+0000] {processor.py:768} INFO - DAG(s) dict_keys(['example_external_task_marker_child', 'example_external_task_marker_parent']) retrieved from /home/airflow/.local/lib/python3.7/site-packages/airflow/example_dags/example_external_task_marker_dag.py
[2022-09-24T20:18:08.178+0000] {logging_mixin.py:117} INFO - [2022-09-24T20:18:08.178+0000] {dag.py:2573} INFO - Sync 2 DAGs
[2022-09-24T20:18:08.509+0000] {logging_mixin.py:117} INFO - [2022-09-24T20:18:08.503+0000] {dag.py:3328} INFO - Setting next_dagrun for example_external_task_marker_child to None, run_after=None
[2022-09-24T20:18:08.563+0000] {logging_mixin.py:117} INFO - [2022-09-24T20:18:08.563+0000] {dag.py:3328} INFO - Setting next_dagrun for example_external_task_marker_parent to None, run_after=None
[2022-09-24T20:18:08.749+0000] {processor.py:178} INFO - Processing /home/airflow/.local/lib/python3.7/site-packages/airflow/example_dags/example_external_task_marker_dag.py took 4.443 seconds
[2022-09-24T20:18:39.356+0000] {processor.py:156} INFO - Started process (PID=10756) to work on /home/airflow/.local/lib/python3.7/site-packages/airflow/example_dags/example_external_task_marker_dag.py
[2022-09-24T20:18:39.359+0000] {processor.py:758} INFO - Processing file /home/airflow/.local/lib/python3.7/site-packages/airflow/example_dags/example_external_task_marker_dag.py for tasks to queue
[2022-09-24T20:18:39.362+0000] {logging_mixin.py:117} INFO - [2022-09-24T20:18:39.362+0000] {dagbag.py:525} INFO - Filling up the DagBag from /home/airflow/.local/lib/python3.7/site-packages/airflow/example_dags/example_external_task_marker_dag.py
[2022-09-24T20:18:39.398+0000] {processor.py:768} INFO - DAG(s) dict_keys(['example_external_task_marker_parent', 'example_external_task_marker_child']) retrieved from /home/airflow/.local/lib/python3.7/site-packages/airflow/example_dags/example_external_task_marker_dag.py
[2022-09-24T20:18:39.796+0000] {logging_mixin.py:117} INFO - [2022-09-24T20:18:39.796+0000] {dag.py:2573} INFO - Sync 2 DAGs
[2022-09-24T20:18:39.841+0000] {logging_mixin.py:117} INFO - [2022-09-24T20:18:39.840+0000] {dag.py:3328} INFO - Setting next_dagrun for example_external_task_marker_child to None, run_after=None
[2022-09-24T20:18:39.851+0000] {logging_mixin.py:117} INFO - [2022-09-24T20:18:39.851+0000] {dag.py:3328} INFO - Setting next_dagrun for example_external_task_marker_parent to None, run_after=None
[2022-09-24T20:18:39.884+0000] {processor.py:178} INFO - Processing /home/airflow/.local/lib/python3.7/site-packages/airflow/example_dags/example_external_task_marker_dag.py took 0.541 seconds
[2022-09-24T20:19:10.438+0000] {processor.py:156} INFO - Started process (PID=10954) to work on /home/airflow/.local/lib/python3.7/site-packages/airflow/example_dags/example_external_task_marker_dag.py
[2022-09-24T20:19:10.443+0000] {processor.py:758} INFO - Processing file /home/airflow/.local/lib/python3.7/site-packages/airflow/example_dags/example_external_task_marker_dag.py for tasks to queue
[2022-09-24T20:19:10.446+0000] {logging_mixin.py:117} INFO - [2022-09-24T20:19:10.446+0000] {dagbag.py:525} INFO - Filling up the DagBag from /home/airflow/.local/lib/python3.7/site-packages/airflow/example_dags/example_external_task_marker_dag.py
[2022-09-24T20:19:10.477+0000] {processor.py:768} INFO - DAG(s) dict_keys(['example_external_task_marker_child', 'example_external_task_marker_parent']) retrieved from /home/airflow/.local/lib/python3.7/site-packages/airflow/example_dags/example_external_task_marker_dag.py
[2022-09-24T20:19:11.550+0000] {logging_mixin.py:117} INFO - [2022-09-24T20:19:11.550+0000] {dag.py:2573} INFO - Sync 2 DAGs
[2022-09-24T20:19:11.708+0000] {logging_mixin.py:117} INFO - [2022-09-24T20:19:11.708+0000] {dag.py:3328} INFO - Setting next_dagrun for example_external_task_marker_child to None, run_after=None
[2022-09-24T20:19:11.725+0000] {logging_mixin.py:117} INFO - [2022-09-24T20:19:11.725+0000] {dag.py:3328} INFO - Setting next_dagrun for example_external_task_marker_parent to None, run_after=None
[2022-09-24T20:19:11.799+0000] {processor.py:178} INFO - Processing /home/airflow/.local/lib/python3.7/site-packages/airflow/example_dags/example_external_task_marker_dag.py took 1.366 seconds
[2022-09-24T20:19:41.918+0000] {processor.py:156} INFO - Started process (PID=11158) to work on /home/airflow/.local/lib/python3.7/site-packages/airflow/example_dags/example_external_task_marker_dag.py
[2022-09-24T20:19:41.923+0000] {processor.py:758} INFO - Processing file /home/airflow/.local/lib/python3.7/site-packages/airflow/example_dags/example_external_task_marker_dag.py for tasks to queue
[2022-09-24T20:19:41.927+0000] {logging_mixin.py:117} INFO - [2022-09-24T20:19:41.927+0000] {dagbag.py:525} INFO - Filling up the DagBag from /home/airflow/.local/lib/python3.7/site-packages/airflow/example_dags/example_external_task_marker_dag.py
[2022-09-24T20:19:41.961+0000] {processor.py:768} INFO - DAG(s) dict_keys(['example_external_task_marker_child', 'example_external_task_marker_parent']) retrieved from /home/airflow/.local/lib/python3.7/site-packages/airflow/example_dags/example_external_task_marker_dag.py
[2022-09-24T20:19:42.401+0000] {logging_mixin.py:117} INFO - [2022-09-24T20:19:42.401+0000] {dag.py:2573} INFO - Sync 2 DAGs
[2022-09-24T20:19:42.459+0000] {logging_mixin.py:117} INFO - [2022-09-24T20:19:42.459+0000] {dag.py:3328} INFO - Setting next_dagrun for example_external_task_marker_child to None, run_after=None
[2022-09-24T20:19:42.487+0000] {logging_mixin.py:117} INFO - [2022-09-24T20:19:42.486+0000] {dag.py:3328} INFO - Setting next_dagrun for example_external_task_marker_parent to None, run_after=None
[2022-09-24T20:19:42.552+0000] {processor.py:178} INFO - Processing /home/airflow/.local/lib/python3.7/site-packages/airflow/example_dags/example_external_task_marker_dag.py took 0.645 seconds
[2022-09-24T20:20:12.671+0000] {processor.py:156} INFO - Started process (PID=11358) to work on /home/airflow/.local/lib/python3.7/site-packages/airflow/example_dags/example_external_task_marker_dag.py
[2022-09-24T20:20:12.675+0000] {processor.py:758} INFO - Processing file /home/airflow/.local/lib/python3.7/site-packages/airflow/example_dags/example_external_task_marker_dag.py for tasks to queue
[2022-09-24T20:20:12.677+0000] {logging_mixin.py:117} INFO - [2022-09-24T20:20:12.677+0000] {dagbag.py:525} INFO - Filling up the DagBag from /home/airflow/.local/lib/python3.7/site-packages/airflow/example_dags/example_external_task_marker_dag.py
[2022-09-24T20:20:12.706+0000] {processor.py:768} INFO - DAG(s) dict_keys(['example_external_task_marker_parent', 'example_external_task_marker_child']) retrieved from /home/airflow/.local/lib/python3.7/site-packages/airflow/example_dags/example_external_task_marker_dag.py
[2022-09-24T20:20:13.047+0000] {logging_mixin.py:117} INFO - [2022-09-24T20:20:13.047+0000] {dag.py:2573} INFO - Sync 2 DAGs
[2022-09-24T20:20:13.092+0000] {logging_mixin.py:117} INFO - [2022-09-24T20:20:13.092+0000] {dag.py:3328} INFO - Setting next_dagrun for example_external_task_marker_child to None, run_after=None
[2022-09-24T20:20:13.099+0000] {logging_mixin.py:117} INFO - [2022-09-24T20:20:13.099+0000] {dag.py:3328} INFO - Setting next_dagrun for example_external_task_marker_parent to None, run_after=None
[2022-09-24T20:20:13.135+0000] {processor.py:178} INFO - Processing /home/airflow/.local/lib/python3.7/site-packages/airflow/example_dags/example_external_task_marker_dag.py took 0.470 seconds
[2022-09-24T20:20:43.312+0000] {processor.py:156} INFO - Started process (PID=11556) to work on /home/airflow/.local/lib/python3.7/site-packages/airflow/example_dags/example_external_task_marker_dag.py
[2022-09-24T20:20:43.316+0000] {processor.py:758} INFO - Processing file /home/airflow/.local/lib/python3.7/site-packages/airflow/example_dags/example_external_task_marker_dag.py for tasks to queue
[2022-09-24T20:20:43.327+0000] {logging_mixin.py:117} INFO - [2022-09-24T20:20:43.326+0000] {dagbag.py:525} INFO - Filling up the DagBag from /home/airflow/.local/lib/python3.7/site-packages/airflow/example_dags/example_external_task_marker_dag.py
[2022-09-24T20:20:43.367+0000] {processor.py:768} INFO - DAG(s) dict_keys(['example_external_task_marker_child', 'example_external_task_marker_parent']) retrieved from /home/airflow/.local/lib/python3.7/site-packages/airflow/example_dags/example_external_task_marker_dag.py
[2022-09-24T20:20:43.743+0000] {logging_mixin.py:117} INFO - [2022-09-24T20:20:43.743+0000] {dag.py:2573} INFO - Sync 2 DAGs
[2022-09-24T20:20:43.841+0000] {logging_mixin.py:117} INFO - [2022-09-24T20:20:43.840+0000] {dag.py:3328} INFO - Setting next_dagrun for example_external_task_marker_child to None, run_after=None
[2022-09-24T20:20:43.862+0000] {logging_mixin.py:117} INFO - [2022-09-24T20:20:43.862+0000] {dag.py:3328} INFO - Setting next_dagrun for example_external_task_marker_parent to None, run_after=None
[2022-09-24T20:20:43.905+0000] {processor.py:178} INFO - Processing /home/airflow/.local/lib/python3.7/site-packages/airflow/example_dags/example_external_task_marker_dag.py took 0.603 seconds
[2022-09-24T20:21:14.272+0000] {processor.py:156} INFO - Started process (PID=11763) to work on /home/airflow/.local/lib/python3.7/site-packages/airflow/example_dags/example_external_task_marker_dag.py
[2022-09-24T20:21:14.278+0000] {processor.py:758} INFO - Processing file /home/airflow/.local/lib/python3.7/site-packages/airflow/example_dags/example_external_task_marker_dag.py for tasks to queue
[2022-09-24T20:21:14.288+0000] {logging_mixin.py:117} INFO - [2022-09-24T20:21:14.287+0000] {dagbag.py:525} INFO - Filling up the DagBag from /home/airflow/.local/lib/python3.7/site-packages/airflow/example_dags/example_external_task_marker_dag.py
[2022-09-24T20:21:14.332+0000] {processor.py:768} INFO - DAG(s) dict_keys(['example_external_task_marker_parent', 'example_external_task_marker_child']) retrieved from /home/airflow/.local/lib/python3.7/site-packages/airflow/example_dags/example_external_task_marker_dag.py
[2022-09-24T20:21:15.099+0000] {logging_mixin.py:117} INFO - [2022-09-24T20:21:15.099+0000] {dag.py:2573} INFO - Sync 2 DAGs
[2022-09-24T20:21:15.182+0000] {logging_mixin.py:117} INFO - [2022-09-24T20:21:15.182+0000] {dag.py:3328} INFO - Setting next_dagrun for example_external_task_marker_child to None, run_after=None
[2022-09-24T20:21:15.199+0000] {logging_mixin.py:117} INFO - [2022-09-24T20:21:15.198+0000] {dag.py:3328} INFO - Setting next_dagrun for example_external_task_marker_parent to None, run_after=None
[2022-09-24T20:21:15.272+0000] {processor.py:178} INFO - Processing /home/airflow/.local/lib/python3.7/site-packages/airflow/example_dags/example_external_task_marker_dag.py took 1.012 seconds
[2022-09-24T20:21:45.565+0000] {processor.py:156} INFO - Started process (PID=11961) to work on /home/airflow/.local/lib/python3.7/site-packages/airflow/example_dags/example_external_task_marker_dag.py
[2022-09-24T20:21:45.571+0000] {processor.py:758} INFO - Processing file /home/airflow/.local/lib/python3.7/site-packages/airflow/example_dags/example_external_task_marker_dag.py for tasks to queue
[2022-09-24T20:21:45.577+0000] {logging_mixin.py:117} INFO - [2022-09-24T20:21:45.577+0000] {dagbag.py:525} INFO - Filling up the DagBag from /home/airflow/.local/lib/python3.7/site-packages/airflow/example_dags/example_external_task_marker_dag.py
[2022-09-24T20:21:45.611+0000] {processor.py:768} INFO - DAG(s) dict_keys(['example_external_task_marker_child', 'example_external_task_marker_parent']) retrieved from /home/airflow/.local/lib/python3.7/site-packages/airflow/example_dags/example_external_task_marker_dag.py
[2022-09-24T20:21:46.018+0000] {logging_mixin.py:117} INFO - [2022-09-24T20:21:46.018+0000] {dag.py:2573} INFO - Sync 2 DAGs
[2022-09-24T20:21:46.141+0000] {logging_mixin.py:117} INFO - [2022-09-24T20:21:46.140+0000] {dag.py:3328} INFO - Setting next_dagrun for example_external_task_marker_child to None, run_after=None
[2022-09-24T20:21:46.175+0000] {logging_mixin.py:117} INFO - [2022-09-24T20:21:46.175+0000] {dag.py:3328} INFO - Setting next_dagrun for example_external_task_marker_parent to None, run_after=None
[2022-09-24T20:21:46.346+0000] {processor.py:178} INFO - Processing /home/airflow/.local/lib/python3.7/site-packages/airflow/example_dags/example_external_task_marker_dag.py took 0.787 seconds
