[2022-09-24T19:50:55.239+0000] {processor.py:156} INFO - Started process (PID=294) to work on /home/airflow/.local/lib/python3.7/site-packages/airflow/example_dags/example_xcom.py
[2022-09-24T19:50:55.245+0000] {processor.py:758} INFO - Processing file /home/airflow/.local/lib/python3.7/site-packages/airflow/example_dags/example_xcom.py for tasks to queue
[2022-09-24T19:50:55.255+0000] {logging_mixin.py:117} INFO - [2022-09-24T19:50:55.252+0000] {dagbag.py:525} INFO - Filling up the DagBag from /home/airflow/.local/lib/python3.7/site-packages/airflow/example_dags/example_xcom.py
[2022-09-24T19:50:55.494+0000] {processor.py:768} INFO - DAG(s) dict_keys(['example_xcom']) retrieved from /home/airflow/.local/lib/python3.7/site-packages/airflow/example_dags/example_xcom.py
[2022-09-24T19:50:55.748+0000] {logging_mixin.py:117} INFO - [2022-09-24T19:50:55.748+0000] {dag.py:2573} INFO - Sync 1 DAGs
[2022-09-24T19:50:55.869+0000] {logging_mixin.py:117} INFO - [2022-09-24T19:50:55.868+0000] {dag.py:3328} INFO - Setting next_dagrun for example_xcom to 2021-01-01T00:00:00+00:00, run_after=2021-01-01T00:00:00+00:00
[2022-09-24T19:50:56.036+0000] {processor.py:178} INFO - Processing /home/airflow/.local/lib/python3.7/site-packages/airflow/example_dags/example_xcom.py took 0.815 seconds
[2022-09-24T19:51:27.821+0000] {processor.py:156} INFO - Started process (PID=492) to work on /home/airflow/.local/lib/python3.7/site-packages/airflow/example_dags/example_xcom.py
[2022-09-24T19:51:27.830+0000] {processor.py:758} INFO - Processing file /home/airflow/.local/lib/python3.7/site-packages/airflow/example_dags/example_xcom.py for tasks to queue
[2022-09-24T19:51:27.833+0000] {logging_mixin.py:117} INFO - [2022-09-24T19:51:27.832+0000] {dagbag.py:525} INFO - Filling up the DagBag from /home/airflow/.local/lib/python3.7/site-packages/airflow/example_dags/example_xcom.py
[2022-09-24T19:51:27.937+0000] {processor.py:768} INFO - DAG(s) dict_keys(['example_xcom']) retrieved from /home/airflow/.local/lib/python3.7/site-packages/airflow/example_dags/example_xcom.py
[2022-09-24T19:51:28.105+0000] {logging_mixin.py:117} INFO - [2022-09-24T19:51:28.105+0000] {dag.py:2573} INFO - Sync 1 DAGs
[2022-09-24T19:51:28.337+0000] {logging_mixin.py:117} INFO - [2022-09-24T19:51:28.336+0000] {dag.py:3328} INFO - Setting next_dagrun for example_xcom to 2021-01-01T00:00:00+00:00, run_after=2021-01-01T00:00:00+00:00
[2022-09-24T19:51:29.426+0000] {processor.py:178} INFO - Processing /home/airflow/.local/lib/python3.7/site-packages/airflow/example_dags/example_xcom.py took 1.612 seconds
[2022-09-24T19:52:04.296+0000] {processor.py:156} INFO - Started process (PID=692) to work on /home/airflow/.local/lib/python3.7/site-packages/airflow/example_dags/example_xcom.py
[2022-09-24T19:52:04.299+0000] {processor.py:758} INFO - Processing file /home/airflow/.local/lib/python3.7/site-packages/airflow/example_dags/example_xcom.py for tasks to queue
[2022-09-24T19:52:04.304+0000] {logging_mixin.py:117} INFO - [2022-09-24T19:52:04.303+0000] {dagbag.py:525} INFO - Filling up the DagBag from /home/airflow/.local/lib/python3.7/site-packages/airflow/example_dags/example_xcom.py
[2022-09-24T19:52:04.366+0000] {processor.py:768} INFO - DAG(s) dict_keys(['example_xcom']) retrieved from /home/airflow/.local/lib/python3.7/site-packages/airflow/example_dags/example_xcom.py
[2022-09-24T19:52:04.498+0000] {logging_mixin.py:117} INFO - [2022-09-24T19:52:04.497+0000] {dag.py:2573} INFO - Sync 1 DAGs
[2022-09-24T19:52:04.867+0000] {logging_mixin.py:117} INFO - [2022-09-24T19:52:04.867+0000] {dag.py:3328} INFO - Setting next_dagrun for example_xcom to 2021-01-01T00:00:00+00:00, run_after=2021-01-01T00:00:00+00:00
[2022-09-24T19:52:04.988+0000] {processor.py:178} INFO - Processing /home/airflow/.local/lib/python3.7/site-packages/airflow/example_dags/example_xcom.py took 0.705 seconds
[2022-09-24T19:52:35.679+0000] {processor.py:156} INFO - Started process (PID=892) to work on /home/airflow/.local/lib/python3.7/site-packages/airflow/example_dags/example_xcom.py
[2022-09-24T19:52:35.684+0000] {processor.py:758} INFO - Processing file /home/airflow/.local/lib/python3.7/site-packages/airflow/example_dags/example_xcom.py for tasks to queue
[2022-09-24T19:52:35.689+0000] {logging_mixin.py:117} INFO - [2022-09-24T19:52:35.688+0000] {dagbag.py:525} INFO - Filling up the DagBag from /home/airflow/.local/lib/python3.7/site-packages/airflow/example_dags/example_xcom.py
[2022-09-24T19:52:35.762+0000] {processor.py:768} INFO - DAG(s) dict_keys(['example_xcom']) retrieved from /home/airflow/.local/lib/python3.7/site-packages/airflow/example_dags/example_xcom.py
[2022-09-24T19:52:36.430+0000] {logging_mixin.py:117} INFO - [2022-09-24T19:52:36.430+0000] {dag.py:2573} INFO - Sync 1 DAGs
[2022-09-24T19:52:36.494+0000] {logging_mixin.py:117} INFO - [2022-09-24T19:52:36.494+0000] {dag.py:3328} INFO - Setting next_dagrun for example_xcom to 2021-01-01T00:00:00+00:00, run_after=2021-01-01T00:00:00+00:00
[2022-09-24T19:52:36.572+0000] {processor.py:178} INFO - Processing /home/airflow/.local/lib/python3.7/site-packages/airflow/example_dags/example_xcom.py took 0.904 seconds
[2022-09-24T19:53:07.236+0000] {processor.py:156} INFO - Started process (PID=1095) to work on /home/airflow/.local/lib/python3.7/site-packages/airflow/example_dags/example_xcom.py
[2022-09-24T19:53:07.246+0000] {processor.py:758} INFO - Processing file /home/airflow/.local/lib/python3.7/site-packages/airflow/example_dags/example_xcom.py for tasks to queue
[2022-09-24T19:53:07.252+0000] {logging_mixin.py:117} INFO - [2022-09-24T19:53:07.251+0000] {dagbag.py:525} INFO - Filling up the DagBag from /home/airflow/.local/lib/python3.7/site-packages/airflow/example_dags/example_xcom.py
[2022-09-24T19:53:07.369+0000] {processor.py:768} INFO - DAG(s) dict_keys(['example_xcom']) retrieved from /home/airflow/.local/lib/python3.7/site-packages/airflow/example_dags/example_xcom.py
[2022-09-24T19:53:07.891+0000] {logging_mixin.py:117} INFO - [2022-09-24T19:53:07.891+0000] {dag.py:2573} INFO - Sync 1 DAGs
[2022-09-24T19:53:08.011+0000] {logging_mixin.py:117} INFO - [2022-09-24T19:53:08.010+0000] {dag.py:3328} INFO - Setting next_dagrun for example_xcom to 2021-01-01T00:00:00+00:00, run_after=2021-01-01T00:00:00+00:00
[2022-09-24T19:53:08.086+0000] {processor.py:178} INFO - Processing /home/airflow/.local/lib/python3.7/site-packages/airflow/example_dags/example_xcom.py took 0.864 seconds
[2022-09-24T19:53:39.542+0000] {processor.py:156} INFO - Started process (PID=1285) to work on /home/airflow/.local/lib/python3.7/site-packages/airflow/example_dags/example_xcom.py
[2022-09-24T19:53:39.552+0000] {processor.py:758} INFO - Processing file /home/airflow/.local/lib/python3.7/site-packages/airflow/example_dags/example_xcom.py for tasks to queue
[2022-09-24T19:53:39.560+0000] {logging_mixin.py:117} INFO - [2022-09-24T19:53:39.559+0000] {dagbag.py:525} INFO - Filling up the DagBag from /home/airflow/.local/lib/python3.7/site-packages/airflow/example_dags/example_xcom.py
[2022-09-24T19:53:39.660+0000] {processor.py:768} INFO - DAG(s) dict_keys(['example_xcom']) retrieved from /home/airflow/.local/lib/python3.7/site-packages/airflow/example_dags/example_xcom.py
[2022-09-24T19:53:40.124+0000] {logging_mixin.py:117} INFO - [2022-09-24T19:53:40.124+0000] {dag.py:2573} INFO - Sync 1 DAGs
[2022-09-24T19:53:40.223+0000] {logging_mixin.py:117} INFO - [2022-09-24T19:53:40.222+0000] {dag.py:3328} INFO - Setting next_dagrun for example_xcom to 2021-01-01T00:00:00+00:00, run_after=2021-01-01T00:00:00+00:00
[2022-09-24T19:53:40.286+0000] {processor.py:178} INFO - Processing /home/airflow/.local/lib/python3.7/site-packages/airflow/example_dags/example_xcom.py took 0.770 seconds
[2022-09-24T19:54:11.063+0000] {processor.py:156} INFO - Started process (PID=1492) to work on /home/airflow/.local/lib/python3.7/site-packages/airflow/example_dags/example_xcom.py
[2022-09-24T19:54:11.070+0000] {processor.py:758} INFO - Processing file /home/airflow/.local/lib/python3.7/site-packages/airflow/example_dags/example_xcom.py for tasks to queue
[2022-09-24T19:54:11.073+0000] {logging_mixin.py:117} INFO - [2022-09-24T19:54:11.072+0000] {dagbag.py:525} INFO - Filling up the DagBag from /home/airflow/.local/lib/python3.7/site-packages/airflow/example_dags/example_xcom.py
[2022-09-24T19:54:11.705+0000] {processor.py:768} INFO - DAG(s) dict_keys(['example_xcom']) retrieved from /home/airflow/.local/lib/python3.7/site-packages/airflow/example_dags/example_xcom.py
[2022-09-24T19:54:11.849+0000] {logging_mixin.py:117} INFO - [2022-09-24T19:54:11.848+0000] {dag.py:2573} INFO - Sync 1 DAGs
[2022-09-24T19:54:11.949+0000] {logging_mixin.py:117} INFO - [2022-09-24T19:54:11.948+0000] {dag.py:3328} INFO - Setting next_dagrun for example_xcom to 2021-01-01T00:00:00+00:00, run_after=2021-01-01T00:00:00+00:00
[2022-09-24T19:54:12.062+0000] {processor.py:178} INFO - Processing /home/airflow/.local/lib/python3.7/site-packages/airflow/example_dags/example_xcom.py took 1.004 seconds
[2022-09-24T19:54:42.779+0000] {processor.py:156} INFO - Started process (PID=1690) to work on /home/airflow/.local/lib/python3.7/site-packages/airflow/example_dags/example_xcom.py
[2022-09-24T19:54:42.816+0000] {processor.py:758} INFO - Processing file /home/airflow/.local/lib/python3.7/site-packages/airflow/example_dags/example_xcom.py for tasks to queue
[2022-09-24T19:54:42.844+0000] {logging_mixin.py:117} INFO - [2022-09-24T19:54:42.843+0000] {dagbag.py:525} INFO - Filling up the DagBag from /home/airflow/.local/lib/python3.7/site-packages/airflow/example_dags/example_xcom.py
[2022-09-24T19:54:43.097+0000] {processor.py:768} INFO - DAG(s) dict_keys(['example_xcom']) retrieved from /home/airflow/.local/lib/python3.7/site-packages/airflow/example_dags/example_xcom.py
[2022-09-24T19:54:43.282+0000] {logging_mixin.py:117} INFO - [2022-09-24T19:54:43.282+0000] {dag.py:2573} INFO - Sync 1 DAGs
[2022-09-24T19:54:43.405+0000] {logging_mixin.py:117} INFO - [2022-09-24T19:54:43.404+0000] {dag.py:3328} INFO - Setting next_dagrun for example_xcom to 2021-01-01T00:00:00+00:00, run_after=2021-01-01T00:00:00+00:00
[2022-09-24T19:54:43.518+0000] {processor.py:178} INFO - Processing /home/airflow/.local/lib/python3.7/site-packages/airflow/example_dags/example_xcom.py took 0.773 seconds
[2022-09-24T19:55:13.921+0000] {processor.py:156} INFO - Started process (PID=1887) to work on /home/airflow/.local/lib/python3.7/site-packages/airflow/example_dags/example_xcom.py
[2022-09-24T19:55:13.925+0000] {processor.py:758} INFO - Processing file /home/airflow/.local/lib/python3.7/site-packages/airflow/example_dags/example_xcom.py for tasks to queue
[2022-09-24T19:55:13.927+0000] {logging_mixin.py:117} INFO - [2022-09-24T19:55:13.927+0000] {dagbag.py:525} INFO - Filling up the DagBag from /home/airflow/.local/lib/python3.7/site-packages/airflow/example_dags/example_xcom.py
[2022-09-24T19:55:13.998+0000] {processor.py:768} INFO - DAG(s) dict_keys(['example_xcom']) retrieved from /home/airflow/.local/lib/python3.7/site-packages/airflow/example_dags/example_xcom.py
[2022-09-24T19:55:14.134+0000] {logging_mixin.py:117} INFO - [2022-09-24T19:55:14.133+0000] {dag.py:2573} INFO - Sync 1 DAGs
[2022-09-24T19:55:14.214+0000] {logging_mixin.py:117} INFO - [2022-09-24T19:55:14.213+0000] {dag.py:3328} INFO - Setting next_dagrun for example_xcom to 2021-01-01T00:00:00+00:00, run_after=2021-01-01T00:00:00+00:00
[2022-09-24T19:55:14.271+0000] {processor.py:178} INFO - Processing /home/airflow/.local/lib/python3.7/site-packages/airflow/example_dags/example_xcom.py took 0.370 seconds
[2022-09-24T19:55:45.217+0000] {processor.py:156} INFO - Started process (PID=2085) to work on /home/airflow/.local/lib/python3.7/site-packages/airflow/example_dags/example_xcom.py
[2022-09-24T19:55:45.224+0000] {processor.py:758} INFO - Processing file /home/airflow/.local/lib/python3.7/site-packages/airflow/example_dags/example_xcom.py for tasks to queue
[2022-09-24T19:55:45.227+0000] {logging_mixin.py:117} INFO - [2022-09-24T19:55:45.227+0000] {dagbag.py:525} INFO - Filling up the DagBag from /home/airflow/.local/lib/python3.7/site-packages/airflow/example_dags/example_xcom.py
[2022-09-24T19:55:45.359+0000] {processor.py:768} INFO - DAG(s) dict_keys(['example_xcom']) retrieved from /home/airflow/.local/lib/python3.7/site-packages/airflow/example_dags/example_xcom.py
[2022-09-24T19:55:45.521+0000] {logging_mixin.py:117} INFO - [2022-09-24T19:55:45.521+0000] {dag.py:2573} INFO - Sync 1 DAGs
[2022-09-24T19:55:45.596+0000] {logging_mixin.py:117} INFO - [2022-09-24T19:55:45.595+0000] {dag.py:3328} INFO - Setting next_dagrun for example_xcom to 2021-01-01T00:00:00+00:00, run_after=2021-01-01T00:00:00+00:00
[2022-09-24T19:55:45.666+0000] {processor.py:178} INFO - Processing /home/airflow/.local/lib/python3.7/site-packages/airflow/example_dags/example_xcom.py took 0.460 seconds
[2022-09-24T19:56:16.756+0000] {processor.py:156} INFO - Started process (PID=2283) to work on /home/airflow/.local/lib/python3.7/site-packages/airflow/example_dags/example_xcom.py
[2022-09-24T19:56:16.769+0000] {processor.py:758} INFO - Processing file /home/airflow/.local/lib/python3.7/site-packages/airflow/example_dags/example_xcom.py for tasks to queue
[2022-09-24T19:56:16.772+0000] {logging_mixin.py:117} INFO - [2022-09-24T19:56:16.772+0000] {dagbag.py:525} INFO - Filling up the DagBag from /home/airflow/.local/lib/python3.7/site-packages/airflow/example_dags/example_xcom.py
[2022-09-24T19:56:16.890+0000] {processor.py:768} INFO - DAG(s) dict_keys(['example_xcom']) retrieved from /home/airflow/.local/lib/python3.7/site-packages/airflow/example_dags/example_xcom.py
[2022-09-24T19:56:17.167+0000] {logging_mixin.py:117} INFO - [2022-09-24T19:56:17.166+0000] {dag.py:2573} INFO - Sync 1 DAGs
[2022-09-24T19:56:17.431+0000] {logging_mixin.py:117} INFO - [2022-09-24T19:56:17.431+0000] {dag.py:3328} INFO - Setting next_dagrun for example_xcom to 2021-01-01T00:00:00+00:00, run_after=2021-01-01T00:00:00+00:00
[2022-09-24T19:56:17.488+0000] {processor.py:178} INFO - Processing /home/airflow/.local/lib/python3.7/site-packages/airflow/example_dags/example_xcom.py took 0.749 seconds
[2022-09-24T19:56:47.581+0000] {processor.py:156} INFO - Started process (PID=2483) to work on /home/airflow/.local/lib/python3.7/site-packages/airflow/example_dags/example_xcom.py
[2022-09-24T19:56:47.585+0000] {processor.py:758} INFO - Processing file /home/airflow/.local/lib/python3.7/site-packages/airflow/example_dags/example_xcom.py for tasks to queue
[2022-09-24T19:56:47.593+0000] {logging_mixin.py:117} INFO - [2022-09-24T19:56:47.589+0000] {dagbag.py:525} INFO - Filling up the DagBag from /home/airflow/.local/lib/python3.7/site-packages/airflow/example_dags/example_xcom.py
[2022-09-24T19:56:47.736+0000] {processor.py:768} INFO - DAG(s) dict_keys(['example_xcom']) retrieved from /home/airflow/.local/lib/python3.7/site-packages/airflow/example_dags/example_xcom.py
[2022-09-24T19:56:47.832+0000] {logging_mixin.py:117} INFO - [2022-09-24T19:56:47.831+0000] {dag.py:2573} INFO - Sync 1 DAGs
[2022-09-24T19:56:47.877+0000] {logging_mixin.py:117} INFO - [2022-09-24T19:56:47.877+0000] {dag.py:3328} INFO - Setting next_dagrun for example_xcom to 2021-01-01T00:00:00+00:00, run_after=2021-01-01T00:00:00+00:00
[2022-09-24T19:56:47.918+0000] {processor.py:178} INFO - Processing /home/airflow/.local/lib/python3.7/site-packages/airflow/example_dags/example_xcom.py took 0.347 seconds
[2022-09-24T19:57:26.158+0000] {processor.py:156} INFO - Started process (PID=2691) to work on /home/airflow/.local/lib/python3.7/site-packages/airflow/example_dags/example_xcom.py
[2022-09-24T19:57:26.169+0000] {processor.py:758} INFO - Processing file /home/airflow/.local/lib/python3.7/site-packages/airflow/example_dags/example_xcom.py for tasks to queue
[2022-09-24T19:57:26.175+0000] {logging_mixin.py:117} INFO - [2022-09-24T19:57:26.173+0000] {dagbag.py:525} INFO - Filling up the DagBag from /home/airflow/.local/lib/python3.7/site-packages/airflow/example_dags/example_xcom.py
[2022-09-24T19:57:26.423+0000] {processor.py:768} INFO - DAG(s) dict_keys(['example_xcom']) retrieved from /home/airflow/.local/lib/python3.7/site-packages/airflow/example_dags/example_xcom.py
[2022-09-24T19:57:27.479+0000] {logging_mixin.py:117} INFO - [2022-09-24T19:57:27.478+0000] {dag.py:2573} INFO - Sync 1 DAGs
[2022-09-24T19:57:28.789+0000] {logging_mixin.py:117} INFO - [2022-09-24T19:57:28.788+0000] {dag.py:3328} INFO - Setting next_dagrun for example_xcom to 2021-01-01T00:00:00+00:00, run_after=2021-01-01T00:00:00+00:00
[2022-09-24T19:57:29.013+0000] {processor.py:178} INFO - Processing /home/airflow/.local/lib/python3.7/site-packages/airflow/example_dags/example_xcom.py took 2.931 seconds
[2022-09-24T19:57:59.545+0000] {processor.py:156} INFO - Started process (PID=2890) to work on /home/airflow/.local/lib/python3.7/site-packages/airflow/example_dags/example_xcom.py
[2022-09-24T19:57:59.549+0000] {processor.py:758} INFO - Processing file /home/airflow/.local/lib/python3.7/site-packages/airflow/example_dags/example_xcom.py for tasks to queue
[2022-09-24T19:57:59.554+0000] {logging_mixin.py:117} INFO - [2022-09-24T19:57:59.553+0000] {dagbag.py:525} INFO - Filling up the DagBag from /home/airflow/.local/lib/python3.7/site-packages/airflow/example_dags/example_xcom.py
[2022-09-24T19:57:59.603+0000] {processor.py:768} INFO - DAG(s) dict_keys(['example_xcom']) retrieved from /home/airflow/.local/lib/python3.7/site-packages/airflow/example_dags/example_xcom.py
[2022-09-24T19:57:59.684+0000] {logging_mixin.py:117} INFO - [2022-09-24T19:57:59.684+0000] {dag.py:2573} INFO - Sync 1 DAGs
[2022-09-24T19:57:59.731+0000] {logging_mixin.py:117} INFO - [2022-09-24T19:57:59.730+0000] {dag.py:3328} INFO - Setting next_dagrun for example_xcom to 2021-01-01T00:00:00+00:00, run_after=2021-01-01T00:00:00+00:00
[2022-09-24T19:57:59.771+0000] {processor.py:178} INFO - Processing /home/airflow/.local/lib/python3.7/site-packages/airflow/example_dags/example_xcom.py took 0.237 seconds
[2022-09-24T19:58:30.127+0000] {processor.py:156} INFO - Started process (PID=3088) to work on /home/airflow/.local/lib/python3.7/site-packages/airflow/example_dags/example_xcom.py
[2022-09-24T19:58:30.132+0000] {processor.py:758} INFO - Processing file /home/airflow/.local/lib/python3.7/site-packages/airflow/example_dags/example_xcom.py for tasks to queue
[2022-09-24T19:58:30.138+0000] {logging_mixin.py:117} INFO - [2022-09-24T19:58:30.138+0000] {dagbag.py:525} INFO - Filling up the DagBag from /home/airflow/.local/lib/python3.7/site-packages/airflow/example_dags/example_xcom.py
[2022-09-24T19:58:30.236+0000] {processor.py:768} INFO - DAG(s) dict_keys(['example_xcom']) retrieved from /home/airflow/.local/lib/python3.7/site-packages/airflow/example_dags/example_xcom.py
[2022-09-24T19:58:30.345+0000] {logging_mixin.py:117} INFO - [2022-09-24T19:58:30.345+0000] {dag.py:2573} INFO - Sync 1 DAGs
[2022-09-24T19:58:30.453+0000] {logging_mixin.py:117} INFO - [2022-09-24T19:58:30.453+0000] {dag.py:3328} INFO - Setting next_dagrun for example_xcom to 2021-01-01T00:00:00+00:00, run_after=2021-01-01T00:00:00+00:00
[2022-09-24T19:58:30.570+0000] {processor.py:178} INFO - Processing /home/airflow/.local/lib/python3.7/site-packages/airflow/example_dags/example_xcom.py took 0.453 seconds
[2022-09-24T19:59:01.091+0000] {processor.py:156} INFO - Started process (PID=3286) to work on /home/airflow/.local/lib/python3.7/site-packages/airflow/example_dags/example_xcom.py
[2022-09-24T19:59:01.095+0000] {processor.py:758} INFO - Processing file /home/airflow/.local/lib/python3.7/site-packages/airflow/example_dags/example_xcom.py for tasks to queue
[2022-09-24T19:59:01.102+0000] {logging_mixin.py:117} INFO - [2022-09-24T19:59:01.101+0000] {dagbag.py:525} INFO - Filling up the DagBag from /home/airflow/.local/lib/python3.7/site-packages/airflow/example_dags/example_xcom.py
[2022-09-24T19:59:01.267+0000] {processor.py:768} INFO - DAG(s) dict_keys(['example_xcom']) retrieved from /home/airflow/.local/lib/python3.7/site-packages/airflow/example_dags/example_xcom.py
[2022-09-24T19:59:01.795+0000] {logging_mixin.py:117} INFO - [2022-09-24T19:59:01.794+0000] {dag.py:2573} INFO - Sync 1 DAGs
[2022-09-24T19:59:02.087+0000] {logging_mixin.py:117} INFO - [2022-09-24T19:59:02.087+0000] {dag.py:3328} INFO - Setting next_dagrun for example_xcom to 2021-01-01T00:00:00+00:00, run_after=2021-01-01T00:00:00+00:00
[2022-09-24T19:59:02.371+0000] {processor.py:178} INFO - Processing /home/airflow/.local/lib/python3.7/site-packages/airflow/example_dags/example_xcom.py took 1.288 seconds
[2022-09-24T19:59:33.301+0000] {processor.py:156} INFO - Started process (PID=3484) to work on /home/airflow/.local/lib/python3.7/site-packages/airflow/example_dags/example_xcom.py
[2022-09-24T19:59:33.345+0000] {processor.py:758} INFO - Processing file /home/airflow/.local/lib/python3.7/site-packages/airflow/example_dags/example_xcom.py for tasks to queue
[2022-09-24T19:59:33.367+0000] {logging_mixin.py:117} INFO - [2022-09-24T19:59:33.357+0000] {dagbag.py:525} INFO - Filling up the DagBag from /home/airflow/.local/lib/python3.7/site-packages/airflow/example_dags/example_xcom.py
[2022-09-24T19:59:33.600+0000] {processor.py:768} INFO - DAG(s) dict_keys(['example_xcom']) retrieved from /home/airflow/.local/lib/python3.7/site-packages/airflow/example_dags/example_xcom.py
[2022-09-24T19:59:33.814+0000] {logging_mixin.py:117} INFO - [2022-09-24T19:59:33.814+0000] {dag.py:2573} INFO - Sync 1 DAGs
[2022-09-24T19:59:33.934+0000] {logging_mixin.py:117} INFO - [2022-09-24T19:59:33.934+0000] {dag.py:3328} INFO - Setting next_dagrun for example_xcom to 2021-01-01T00:00:00+00:00, run_after=2021-01-01T00:00:00+00:00
[2022-09-24T19:59:34.039+0000] {processor.py:178} INFO - Processing /home/airflow/.local/lib/python3.7/site-packages/airflow/example_dags/example_xcom.py took 0.757 seconds
[2022-09-24T20:00:04.483+0000] {processor.py:156} INFO - Started process (PID=3683) to work on /home/airflow/.local/lib/python3.7/site-packages/airflow/example_dags/example_xcom.py
[2022-09-24T20:00:04.495+0000] {processor.py:758} INFO - Processing file /home/airflow/.local/lib/python3.7/site-packages/airflow/example_dags/example_xcom.py for tasks to queue
[2022-09-24T20:00:04.499+0000] {logging_mixin.py:117} INFO - [2022-09-24T20:00:04.499+0000] {dagbag.py:525} INFO - Filling up the DagBag from /home/airflow/.local/lib/python3.7/site-packages/airflow/example_dags/example_xcom.py
[2022-09-24T20:00:04.580+0000] {processor.py:768} INFO - DAG(s) dict_keys(['example_xcom']) retrieved from /home/airflow/.local/lib/python3.7/site-packages/airflow/example_dags/example_xcom.py
[2022-09-24T20:00:04.713+0000] {logging_mixin.py:117} INFO - [2022-09-24T20:00:04.712+0000] {dag.py:2573} INFO - Sync 1 DAGs
[2022-09-24T20:00:04.782+0000] {logging_mixin.py:117} INFO - [2022-09-24T20:00:04.782+0000] {dag.py:3328} INFO - Setting next_dagrun for example_xcom to 2021-01-01T00:00:00+00:00, run_after=2021-01-01T00:00:00+00:00
[2022-09-24T20:00:04.830+0000] {processor.py:178} INFO - Processing /home/airflow/.local/lib/python3.7/site-packages/airflow/example_dags/example_xcom.py took 0.362 seconds
[2022-09-24T20:00:35.364+0000] {processor.py:156} INFO - Started process (PID=3890) to work on /home/airflow/.local/lib/python3.7/site-packages/airflow/example_dags/example_xcom.py
[2022-09-24T20:00:35.369+0000] {processor.py:758} INFO - Processing file /home/airflow/.local/lib/python3.7/site-packages/airflow/example_dags/example_xcom.py for tasks to queue
[2022-09-24T20:00:35.374+0000] {logging_mixin.py:117} INFO - [2022-09-24T20:00:35.373+0000] {dagbag.py:525} INFO - Filling up the DagBag from /home/airflow/.local/lib/python3.7/site-packages/airflow/example_dags/example_xcom.py
[2022-09-24T20:00:35.516+0000] {processor.py:768} INFO - DAG(s) dict_keys(['example_xcom']) retrieved from /home/airflow/.local/lib/python3.7/site-packages/airflow/example_dags/example_xcom.py
[2022-09-24T20:00:35.704+0000] {logging_mixin.py:117} INFO - [2022-09-24T20:00:35.703+0000] {dag.py:2573} INFO - Sync 1 DAGs
[2022-09-24T20:00:35.898+0000] {logging_mixin.py:117} INFO - [2022-09-24T20:00:35.891+0000] {dag.py:3328} INFO - Setting next_dagrun for example_xcom to 2021-01-01T00:00:00+00:00, run_after=2021-01-01T00:00:00+00:00
[2022-09-24T20:00:35.990+0000] {processor.py:178} INFO - Processing /home/airflow/.local/lib/python3.7/site-packages/airflow/example_dags/example_xcom.py took 0.640 seconds
[2022-09-24T20:01:06.170+0000] {processor.py:156} INFO - Started process (PID=4091) to work on /home/airflow/.local/lib/python3.7/site-packages/airflow/example_dags/example_xcom.py
[2022-09-24T20:01:06.175+0000] {processor.py:758} INFO - Processing file /home/airflow/.local/lib/python3.7/site-packages/airflow/example_dags/example_xcom.py for tasks to queue
[2022-09-24T20:01:06.194+0000] {logging_mixin.py:117} INFO - [2022-09-24T20:01:06.188+0000] {dagbag.py:525} INFO - Filling up the DagBag from /home/airflow/.local/lib/python3.7/site-packages/airflow/example_dags/example_xcom.py
[2022-09-24T20:01:06.444+0000] {processor.py:768} INFO - DAG(s) dict_keys(['example_xcom']) retrieved from /home/airflow/.local/lib/python3.7/site-packages/airflow/example_dags/example_xcom.py
[2022-09-24T20:01:06.626+0000] {logging_mixin.py:117} INFO - [2022-09-24T20:01:06.626+0000] {dag.py:2573} INFO - Sync 1 DAGs
[2022-09-24T20:01:06.748+0000] {logging_mixin.py:117} INFO - [2022-09-24T20:01:06.748+0000] {dag.py:3328} INFO - Setting next_dagrun for example_xcom to 2021-01-01T00:00:00+00:00, run_after=2021-01-01T00:00:00+00:00
[2022-09-24T20:01:06.821+0000] {processor.py:178} INFO - Processing /home/airflow/.local/lib/python3.7/site-packages/airflow/example_dags/example_xcom.py took 0.676 seconds
[2022-09-24T20:01:36.914+0000] {processor.py:156} INFO - Started process (PID=4286) to work on /home/airflow/.local/lib/python3.7/site-packages/airflow/example_dags/example_xcom.py
[2022-09-24T20:01:36.921+0000] {processor.py:758} INFO - Processing file /home/airflow/.local/lib/python3.7/site-packages/airflow/example_dags/example_xcom.py for tasks to queue
[2022-09-24T20:01:36.924+0000] {logging_mixin.py:117} INFO - [2022-09-24T20:01:36.924+0000] {dagbag.py:525} INFO - Filling up the DagBag from /home/airflow/.local/lib/python3.7/site-packages/airflow/example_dags/example_xcom.py
[2022-09-24T20:01:37.005+0000] {processor.py:768} INFO - DAG(s) dict_keys(['example_xcom']) retrieved from /home/airflow/.local/lib/python3.7/site-packages/airflow/example_dags/example_xcom.py
[2022-09-24T20:01:37.110+0000] {logging_mixin.py:117} INFO - [2022-09-24T20:01:37.109+0000] {dag.py:2573} INFO - Sync 1 DAGs
[2022-09-24T20:01:37.164+0000] {logging_mixin.py:117} INFO - [2022-09-24T20:01:37.164+0000] {dag.py:3328} INFO - Setting next_dagrun for example_xcom to 2021-01-01T00:00:00+00:00, run_after=2021-01-01T00:00:00+00:00
[2022-09-24T20:01:37.223+0000] {processor.py:178} INFO - Processing /home/airflow/.local/lib/python3.7/site-packages/airflow/example_dags/example_xcom.py took 0.316 seconds
[2022-09-24T20:02:07.577+0000] {processor.py:156} INFO - Started process (PID=4483) to work on /home/airflow/.local/lib/python3.7/site-packages/airflow/example_dags/example_xcom.py
[2022-09-24T20:02:07.582+0000] {processor.py:758} INFO - Processing file /home/airflow/.local/lib/python3.7/site-packages/airflow/example_dags/example_xcom.py for tasks to queue
[2022-09-24T20:02:07.587+0000] {logging_mixin.py:117} INFO - [2022-09-24T20:02:07.586+0000] {dagbag.py:525} INFO - Filling up the DagBag from /home/airflow/.local/lib/python3.7/site-packages/airflow/example_dags/example_xcom.py
[2022-09-24T20:02:07.652+0000] {processor.py:768} INFO - DAG(s) dict_keys(['example_xcom']) retrieved from /home/airflow/.local/lib/python3.7/site-packages/airflow/example_dags/example_xcom.py
[2022-09-24T20:02:07.743+0000] {logging_mixin.py:117} INFO - [2022-09-24T20:02:07.743+0000] {dag.py:2573} INFO - Sync 1 DAGs
[2022-09-24T20:02:07.821+0000] {logging_mixin.py:117} INFO - [2022-09-24T20:02:07.820+0000] {dag.py:3328} INFO - Setting next_dagrun for example_xcom to 2021-01-01T00:00:00+00:00, run_after=2021-01-01T00:00:00+00:00
[2022-09-24T20:02:07.909+0000] {processor.py:178} INFO - Processing /home/airflow/.local/lib/python3.7/site-packages/airflow/example_dags/example_xcom.py took 0.342 seconds
[2022-09-24T20:02:38.006+0000] {processor.py:156} INFO - Started process (PID=4680) to work on /home/airflow/.local/lib/python3.7/site-packages/airflow/example_dags/example_xcom.py
[2022-09-24T20:02:38.012+0000] {processor.py:758} INFO - Processing file /home/airflow/.local/lib/python3.7/site-packages/airflow/example_dags/example_xcom.py for tasks to queue
[2022-09-24T20:02:38.021+0000] {logging_mixin.py:117} INFO - [2022-09-24T20:02:38.019+0000] {dagbag.py:525} INFO - Filling up the DagBag from /home/airflow/.local/lib/python3.7/site-packages/airflow/example_dags/example_xcom.py
[2022-09-24T20:02:38.082+0000] {processor.py:768} INFO - DAG(s) dict_keys(['example_xcom']) retrieved from /home/airflow/.local/lib/python3.7/site-packages/airflow/example_dags/example_xcom.py
[2022-09-24T20:02:38.164+0000] {logging_mixin.py:117} INFO - [2022-09-24T20:02:38.164+0000] {dag.py:2573} INFO - Sync 1 DAGs
[2022-09-24T20:02:38.218+0000] {logging_mixin.py:117} INFO - [2022-09-24T20:02:38.218+0000] {dag.py:3328} INFO - Setting next_dagrun for example_xcom to 2021-01-01T00:00:00+00:00, run_after=2021-01-01T00:00:00+00:00
[2022-09-24T20:02:38.271+0000] {processor.py:178} INFO - Processing /home/airflow/.local/lib/python3.7/site-packages/airflow/example_dags/example_xcom.py took 0.276 seconds
[2022-09-24T20:03:08.658+0000] {processor.py:156} INFO - Started process (PID=4889) to work on /home/airflow/.local/lib/python3.7/site-packages/airflow/example_dags/example_xcom.py
[2022-09-24T20:03:08.662+0000] {processor.py:758} INFO - Processing file /home/airflow/.local/lib/python3.7/site-packages/airflow/example_dags/example_xcom.py for tasks to queue
[2022-09-24T20:03:08.678+0000] {logging_mixin.py:117} INFO - [2022-09-24T20:03:08.677+0000] {dagbag.py:525} INFO - Filling up the DagBag from /home/airflow/.local/lib/python3.7/site-packages/airflow/example_dags/example_xcom.py
[2022-09-24T20:03:08.744+0000] {processor.py:768} INFO - DAG(s) dict_keys(['example_xcom']) retrieved from /home/airflow/.local/lib/python3.7/site-packages/airflow/example_dags/example_xcom.py
[2022-09-24T20:03:08.829+0000] {logging_mixin.py:117} INFO - [2022-09-24T20:03:08.829+0000] {dag.py:2573} INFO - Sync 1 DAGs
[2022-09-24T20:03:08.928+0000] {logging_mixin.py:117} INFO - [2022-09-24T20:03:08.928+0000] {dag.py:3328} INFO - Setting next_dagrun for example_xcom to 2021-01-01T00:00:00+00:00, run_after=2021-01-01T00:00:00+00:00
[2022-09-24T20:03:08.999+0000] {processor.py:178} INFO - Processing /home/airflow/.local/lib/python3.7/site-packages/airflow/example_dags/example_xcom.py took 0.353 seconds
[2022-09-24T20:03:41.434+0000] {processor.py:156} INFO - Started process (PID=5085) to work on /home/airflow/.local/lib/python3.7/site-packages/airflow/example_dags/example_xcom.py
[2022-09-24T20:03:41.439+0000] {processor.py:758} INFO - Processing file /home/airflow/.local/lib/python3.7/site-packages/airflow/example_dags/example_xcom.py for tasks to queue
[2022-09-24T20:03:41.447+0000] {logging_mixin.py:117} INFO - [2022-09-24T20:03:41.444+0000] {dagbag.py:525} INFO - Filling up the DagBag from /home/airflow/.local/lib/python3.7/site-packages/airflow/example_dags/example_xcom.py
[2022-09-24T20:03:41.548+0000] {processor.py:768} INFO - DAG(s) dict_keys(['example_xcom']) retrieved from /home/airflow/.local/lib/python3.7/site-packages/airflow/example_dags/example_xcom.py
[2022-09-24T20:03:41.711+0000] {logging_mixin.py:117} INFO - [2022-09-24T20:03:41.711+0000] {dag.py:2573} INFO - Sync 1 DAGs
[2022-09-24T20:03:41.858+0000] {logging_mixin.py:117} INFO - [2022-09-24T20:03:41.858+0000] {dag.py:3328} INFO - Setting next_dagrun for example_xcom to 2021-01-01T00:00:00+00:00, run_after=2021-01-01T00:00:00+00:00
[2022-09-24T20:03:41.946+0000] {processor.py:178} INFO - Processing /home/airflow/.local/lib/python3.7/site-packages/airflow/example_dags/example_xcom.py took 0.530 seconds
[2022-09-24T20:04:12.542+0000] {processor.py:156} INFO - Started process (PID=5283) to work on /home/airflow/.local/lib/python3.7/site-packages/airflow/example_dags/example_xcom.py
[2022-09-24T20:04:12.545+0000] {processor.py:758} INFO - Processing file /home/airflow/.local/lib/python3.7/site-packages/airflow/example_dags/example_xcom.py for tasks to queue
[2022-09-24T20:04:12.548+0000] {logging_mixin.py:117} INFO - [2022-09-24T20:04:12.548+0000] {dagbag.py:525} INFO - Filling up the DagBag from /home/airflow/.local/lib/python3.7/site-packages/airflow/example_dags/example_xcom.py
[2022-09-24T20:04:12.602+0000] {processor.py:768} INFO - DAG(s) dict_keys(['example_xcom']) retrieved from /home/airflow/.local/lib/python3.7/site-packages/airflow/example_dags/example_xcom.py
[2022-09-24T20:04:12.734+0000] {logging_mixin.py:117} INFO - [2022-09-24T20:04:12.733+0000] {dag.py:2573} INFO - Sync 1 DAGs
[2022-09-24T20:04:12.800+0000] {logging_mixin.py:117} INFO - [2022-09-24T20:04:12.800+0000] {dag.py:3328} INFO - Setting next_dagrun for example_xcom to 2021-01-01T00:00:00+00:00, run_after=2021-01-01T00:00:00+00:00
[2022-09-24T20:04:12.883+0000] {processor.py:178} INFO - Processing /home/airflow/.local/lib/python3.7/site-packages/airflow/example_dags/example_xcom.py took 0.347 seconds
[2022-09-24T20:04:45.090+0000] {processor.py:156} INFO - Started process (PID=5481) to work on /home/airflow/.local/lib/python3.7/site-packages/airflow/example_dags/example_xcom.py
[2022-09-24T20:04:45.104+0000] {processor.py:758} INFO - Processing file /home/airflow/.local/lib/python3.7/site-packages/airflow/example_dags/example_xcom.py for tasks to queue
[2022-09-24T20:04:45.114+0000] {logging_mixin.py:117} INFO - [2022-09-24T20:04:45.112+0000] {dagbag.py:525} INFO - Filling up the DagBag from /home/airflow/.local/lib/python3.7/site-packages/airflow/example_dags/example_xcom.py
[2022-09-24T20:04:45.215+0000] {processor.py:768} INFO - DAG(s) dict_keys(['example_xcom']) retrieved from /home/airflow/.local/lib/python3.7/site-packages/airflow/example_dags/example_xcom.py
[2022-09-24T20:04:45.386+0000] {logging_mixin.py:117} INFO - [2022-09-24T20:04:45.386+0000] {dag.py:2573} INFO - Sync 1 DAGs
[2022-09-24T20:04:45.526+0000] {logging_mixin.py:117} INFO - [2022-09-24T20:04:45.525+0000] {dag.py:3328} INFO - Setting next_dagrun for example_xcom to 2021-01-01T00:00:00+00:00, run_after=2021-01-01T00:00:00+00:00
[2022-09-24T20:04:45.660+0000] {processor.py:178} INFO - Processing /home/airflow/.local/lib/python3.7/site-packages/airflow/example_dags/example_xcom.py took 0.585 seconds
[2022-09-24T20:05:16.271+0000] {processor.py:156} INFO - Started process (PID=5679) to work on /home/airflow/.local/lib/python3.7/site-packages/airflow/example_dags/example_xcom.py
[2022-09-24T20:05:16.276+0000] {processor.py:758} INFO - Processing file /home/airflow/.local/lib/python3.7/site-packages/airflow/example_dags/example_xcom.py for tasks to queue
[2022-09-24T20:05:16.281+0000] {logging_mixin.py:117} INFO - [2022-09-24T20:05:16.281+0000] {dagbag.py:525} INFO - Filling up the DagBag from /home/airflow/.local/lib/python3.7/site-packages/airflow/example_dags/example_xcom.py
[2022-09-24T20:05:16.352+0000] {processor.py:768} INFO - DAG(s) dict_keys(['example_xcom']) retrieved from /home/airflow/.local/lib/python3.7/site-packages/airflow/example_dags/example_xcom.py
[2022-09-24T20:05:16.488+0000] {logging_mixin.py:117} INFO - [2022-09-24T20:05:16.488+0000] {dag.py:2573} INFO - Sync 1 DAGs
[2022-09-24T20:05:16.590+0000] {logging_mixin.py:117} INFO - [2022-09-24T20:05:16.590+0000] {dag.py:3328} INFO - Setting next_dagrun for example_xcom to 2021-01-01T00:00:00+00:00, run_after=2021-01-01T00:00:00+00:00
[2022-09-24T20:05:16.651+0000] {processor.py:178} INFO - Processing /home/airflow/.local/lib/python3.7/site-packages/airflow/example_dags/example_xcom.py took 0.386 seconds
[2022-09-24T20:05:47.201+0000] {processor.py:156} INFO - Started process (PID=5873) to work on /home/airflow/.local/lib/python3.7/site-packages/airflow/example_dags/example_xcom.py
[2022-09-24T20:05:47.206+0000] {processor.py:758} INFO - Processing file /home/airflow/.local/lib/python3.7/site-packages/airflow/example_dags/example_xcom.py for tasks to queue
[2022-09-24T20:05:47.218+0000] {logging_mixin.py:117} INFO - [2022-09-24T20:05:47.215+0000] {dagbag.py:525} INFO - Filling up the DagBag from /home/airflow/.local/lib/python3.7/site-packages/airflow/example_dags/example_xcom.py
[2022-09-24T20:05:47.300+0000] {processor.py:768} INFO - DAG(s) dict_keys(['example_xcom']) retrieved from /home/airflow/.local/lib/python3.7/site-packages/airflow/example_dags/example_xcom.py
[2022-09-24T20:05:47.485+0000] {logging_mixin.py:117} INFO - [2022-09-24T20:05:47.484+0000] {dag.py:2573} INFO - Sync 1 DAGs
[2022-09-24T20:05:47.576+0000] {logging_mixin.py:117} INFO - [2022-09-24T20:05:47.576+0000] {dag.py:3328} INFO - Setting next_dagrun for example_xcom to 2021-01-01T00:00:00+00:00, run_after=2021-01-01T00:00:00+00:00
[2022-09-24T20:05:47.700+0000] {processor.py:178} INFO - Processing /home/airflow/.local/lib/python3.7/site-packages/airflow/example_dags/example_xcom.py took 0.514 seconds
[2022-09-24T20:06:18.942+0000] {processor.py:156} INFO - Started process (PID=6071) to work on /home/airflow/.local/lib/python3.7/site-packages/airflow/example_dags/example_xcom.py
[2022-09-24T20:06:18.952+0000] {processor.py:758} INFO - Processing file /home/airflow/.local/lib/python3.7/site-packages/airflow/example_dags/example_xcom.py for tasks to queue
[2022-09-24T20:06:18.956+0000] {logging_mixin.py:117} INFO - [2022-09-24T20:06:18.955+0000] {dagbag.py:525} INFO - Filling up the DagBag from /home/airflow/.local/lib/python3.7/site-packages/airflow/example_dags/example_xcom.py
[2022-09-24T20:06:19.096+0000] {processor.py:768} INFO - DAG(s) dict_keys(['example_xcom']) retrieved from /home/airflow/.local/lib/python3.7/site-packages/airflow/example_dags/example_xcom.py
[2022-09-24T20:06:19.290+0000] {logging_mixin.py:117} INFO - [2022-09-24T20:06:19.290+0000] {dag.py:2573} INFO - Sync 1 DAGs
[2022-09-24T20:06:19.486+0000] {logging_mixin.py:117} INFO - [2022-09-24T20:06:19.485+0000] {dag.py:3328} INFO - Setting next_dagrun for example_xcom to 2021-01-01T00:00:00+00:00, run_after=2021-01-01T00:00:00+00:00
[2022-09-24T20:06:19.591+0000] {processor.py:178} INFO - Processing /home/airflow/.local/lib/python3.7/site-packages/airflow/example_dags/example_xcom.py took 0.670 seconds
[2022-09-24T20:06:50.493+0000] {processor.py:156} INFO - Started process (PID=6275) to work on /home/airflow/.local/lib/python3.7/site-packages/airflow/example_dags/example_xcom.py
[2022-09-24T20:06:50.498+0000] {processor.py:758} INFO - Processing file /home/airflow/.local/lib/python3.7/site-packages/airflow/example_dags/example_xcom.py for tasks to queue
[2022-09-24T20:06:50.506+0000] {logging_mixin.py:117} INFO - [2022-09-24T20:06:50.504+0000] {dagbag.py:525} INFO - Filling up the DagBag from /home/airflow/.local/lib/python3.7/site-packages/airflow/example_dags/example_xcom.py
[2022-09-24T20:06:50.654+0000] {processor.py:768} INFO - DAG(s) dict_keys(['example_xcom']) retrieved from /home/airflow/.local/lib/python3.7/site-packages/airflow/example_dags/example_xcom.py
[2022-09-24T20:06:50.944+0000] {logging_mixin.py:117} INFO - [2022-09-24T20:06:50.944+0000] {dag.py:2573} INFO - Sync 1 DAGs
[2022-09-24T20:06:51.072+0000] {logging_mixin.py:117} INFO - [2022-09-24T20:06:51.072+0000] {dag.py:3328} INFO - Setting next_dagrun for example_xcom to 2021-01-01T00:00:00+00:00, run_after=2021-01-01T00:00:00+00:00
[2022-09-24T20:06:51.182+0000] {processor.py:178} INFO - Processing /home/airflow/.local/lib/python3.7/site-packages/airflow/example_dags/example_xcom.py took 0.720 seconds
[2022-09-24T20:07:21.412+0000] {processor.py:156} INFO - Started process (PID=6471) to work on /home/airflow/.local/lib/python3.7/site-packages/airflow/example_dags/example_xcom.py
[2022-09-24T20:07:21.416+0000] {processor.py:758} INFO - Processing file /home/airflow/.local/lib/python3.7/site-packages/airflow/example_dags/example_xcom.py for tasks to queue
[2022-09-24T20:07:21.420+0000] {logging_mixin.py:117} INFO - [2022-09-24T20:07:21.419+0000] {dagbag.py:525} INFO - Filling up the DagBag from /home/airflow/.local/lib/python3.7/site-packages/airflow/example_dags/example_xcom.py
[2022-09-24T20:07:21.465+0000] {processor.py:768} INFO - DAG(s) dict_keys(['example_xcom']) retrieved from /home/airflow/.local/lib/python3.7/site-packages/airflow/example_dags/example_xcom.py
[2022-09-24T20:07:21.541+0000] {logging_mixin.py:117} INFO - [2022-09-24T20:07:21.541+0000] {dag.py:2573} INFO - Sync 1 DAGs
[2022-09-24T20:07:21.595+0000] {logging_mixin.py:117} INFO - [2022-09-24T20:07:21.595+0000] {dag.py:3328} INFO - Setting next_dagrun for example_xcom to 2021-01-01T00:00:00+00:00, run_after=2021-01-01T00:00:00+00:00
[2022-09-24T20:07:21.634+0000] {processor.py:178} INFO - Processing /home/airflow/.local/lib/python3.7/site-packages/airflow/example_dags/example_xcom.py took 0.232 seconds
[2022-09-24T20:07:52.028+0000] {processor.py:156} INFO - Started process (PID=6666) to work on /home/airflow/.local/lib/python3.7/site-packages/airflow/example_dags/example_xcom.py
[2022-09-24T20:07:52.034+0000] {processor.py:758} INFO - Processing file /home/airflow/.local/lib/python3.7/site-packages/airflow/example_dags/example_xcom.py for tasks to queue
[2022-09-24T20:07:52.041+0000] {logging_mixin.py:117} INFO - [2022-09-24T20:07:52.040+0000] {dagbag.py:525} INFO - Filling up the DagBag from /home/airflow/.local/lib/python3.7/site-packages/airflow/example_dags/example_xcom.py
[2022-09-24T20:07:52.176+0000] {processor.py:768} INFO - DAG(s) dict_keys(['example_xcom']) retrieved from /home/airflow/.local/lib/python3.7/site-packages/airflow/example_dags/example_xcom.py
[2022-09-24T20:07:52.364+0000] {logging_mixin.py:117} INFO - [2022-09-24T20:07:52.363+0000] {dag.py:2573} INFO - Sync 1 DAGs
[2022-09-24T20:07:52.460+0000] {logging_mixin.py:117} INFO - [2022-09-24T20:07:52.460+0000] {dag.py:3328} INFO - Setting next_dagrun for example_xcom to 2021-01-01T00:00:00+00:00, run_after=2021-01-01T00:00:00+00:00
[2022-09-24T20:07:52.533+0000] {processor.py:178} INFO - Processing /home/airflow/.local/lib/python3.7/site-packages/airflow/example_dags/example_xcom.py took 0.514 seconds
[2022-09-24T20:08:22.660+0000] {processor.py:156} INFO - Started process (PID=6874) to work on /home/airflow/.local/lib/python3.7/site-packages/airflow/example_dags/example_xcom.py
[2022-09-24T20:08:22.664+0000] {processor.py:758} INFO - Processing file /home/airflow/.local/lib/python3.7/site-packages/airflow/example_dags/example_xcom.py for tasks to queue
[2022-09-24T20:08:22.669+0000] {logging_mixin.py:117} INFO - [2022-09-24T20:08:22.668+0000] {dagbag.py:525} INFO - Filling up the DagBag from /home/airflow/.local/lib/python3.7/site-packages/airflow/example_dags/example_xcom.py
[2022-09-24T20:08:22.743+0000] {processor.py:768} INFO - DAG(s) dict_keys(['example_xcom']) retrieved from /home/airflow/.local/lib/python3.7/site-packages/airflow/example_dags/example_xcom.py
[2022-09-24T20:08:22.851+0000] {logging_mixin.py:117} INFO - [2022-09-24T20:08:22.851+0000] {dag.py:2573} INFO - Sync 1 DAGs
[2022-09-24T20:08:22.924+0000] {logging_mixin.py:117} INFO - [2022-09-24T20:08:22.924+0000] {dag.py:3328} INFO - Setting next_dagrun for example_xcom to 2021-01-01T00:00:00+00:00, run_after=2021-01-01T00:00:00+00:00
[2022-09-24T20:08:22.961+0000] {processor.py:178} INFO - Processing /home/airflow/.local/lib/python3.7/site-packages/airflow/example_dags/example_xcom.py took 0.311 seconds
[2022-09-24T20:08:53.125+0000] {processor.py:156} INFO - Started process (PID=7073) to work on /home/airflow/.local/lib/python3.7/site-packages/airflow/example_dags/example_xcom.py
[2022-09-24T20:08:53.129+0000] {processor.py:758} INFO - Processing file /home/airflow/.local/lib/python3.7/site-packages/airflow/example_dags/example_xcom.py for tasks to queue
[2022-09-24T20:08:53.132+0000] {logging_mixin.py:117} INFO - [2022-09-24T20:08:53.132+0000] {dagbag.py:525} INFO - Filling up the DagBag from /home/airflow/.local/lib/python3.7/site-packages/airflow/example_dags/example_xcom.py
[2022-09-24T20:08:53.180+0000] {processor.py:768} INFO - DAG(s) dict_keys(['example_xcom']) retrieved from /home/airflow/.local/lib/python3.7/site-packages/airflow/example_dags/example_xcom.py
[2022-09-24T20:08:53.264+0000] {logging_mixin.py:117} INFO - [2022-09-24T20:08:53.264+0000] {dag.py:2573} INFO - Sync 1 DAGs
[2022-09-24T20:08:53.313+0000] {logging_mixin.py:117} INFO - [2022-09-24T20:08:53.313+0000] {dag.py:3328} INFO - Setting next_dagrun for example_xcom to 2021-01-01T00:00:00+00:00, run_after=2021-01-01T00:00:00+00:00
[2022-09-24T20:08:53.357+0000] {processor.py:178} INFO - Processing /home/airflow/.local/lib/python3.7/site-packages/airflow/example_dags/example_xcom.py took 0.246 seconds
[2022-09-24T20:09:23.685+0000] {processor.py:156} INFO - Started process (PID=7271) to work on /home/airflow/.local/lib/python3.7/site-packages/airflow/example_dags/example_xcom.py
[2022-09-24T20:09:23.690+0000] {processor.py:758} INFO - Processing file /home/airflow/.local/lib/python3.7/site-packages/airflow/example_dags/example_xcom.py for tasks to queue
[2022-09-24T20:09:23.692+0000] {logging_mixin.py:117} INFO - [2022-09-24T20:09:23.692+0000] {dagbag.py:525} INFO - Filling up the DagBag from /home/airflow/.local/lib/python3.7/site-packages/airflow/example_dags/example_xcom.py
[2022-09-24T20:09:23.742+0000] {processor.py:768} INFO - DAG(s) dict_keys(['example_xcom']) retrieved from /home/airflow/.local/lib/python3.7/site-packages/airflow/example_dags/example_xcom.py
[2022-09-24T20:09:23.829+0000] {logging_mixin.py:117} INFO - [2022-09-24T20:09:23.829+0000] {dag.py:2573} INFO - Sync 1 DAGs
[2022-09-24T20:09:23.876+0000] {logging_mixin.py:117} INFO - [2022-09-24T20:09:23.875+0000] {dag.py:3328} INFO - Setting next_dagrun for example_xcom to 2021-01-01T00:00:00+00:00, run_after=2021-01-01T00:00:00+00:00
[2022-09-24T20:09:23.914+0000] {processor.py:178} INFO - Processing /home/airflow/.local/lib/python3.7/site-packages/airflow/example_dags/example_xcom.py took 0.235 seconds
[2022-09-24T20:09:54.134+0000] {processor.py:156} INFO - Started process (PID=7479) to work on /home/airflow/.local/lib/python3.7/site-packages/airflow/example_dags/example_xcom.py
[2022-09-24T20:09:54.139+0000] {processor.py:758} INFO - Processing file /home/airflow/.local/lib/python3.7/site-packages/airflow/example_dags/example_xcom.py for tasks to queue
[2022-09-24T20:09:54.143+0000] {logging_mixin.py:117} INFO - [2022-09-24T20:09:54.142+0000] {dagbag.py:525} INFO - Filling up the DagBag from /home/airflow/.local/lib/python3.7/site-packages/airflow/example_dags/example_xcom.py
[2022-09-24T20:09:54.191+0000] {processor.py:768} INFO - DAG(s) dict_keys(['example_xcom']) retrieved from /home/airflow/.local/lib/python3.7/site-packages/airflow/example_dags/example_xcom.py
[2022-09-24T20:09:54.269+0000] {logging_mixin.py:117} INFO - [2022-09-24T20:09:54.269+0000] {dag.py:2573} INFO - Sync 1 DAGs
[2022-09-24T20:09:54.319+0000] {logging_mixin.py:117} INFO - [2022-09-24T20:09:54.318+0000] {dag.py:3328} INFO - Setting next_dagrun for example_xcom to 2021-01-01T00:00:00+00:00, run_after=2021-01-01T00:00:00+00:00
[2022-09-24T20:09:54.358+0000] {processor.py:178} INFO - Processing /home/airflow/.local/lib/python3.7/site-packages/airflow/example_dags/example_xcom.py took 0.238 seconds
[2022-09-24T20:10:24.599+0000] {processor.py:156} INFO - Started process (PID=7677) to work on /home/airflow/.local/lib/python3.7/site-packages/airflow/example_dags/example_xcom.py
[2022-09-24T20:10:24.601+0000] {processor.py:758} INFO - Processing file /home/airflow/.local/lib/python3.7/site-packages/airflow/example_dags/example_xcom.py for tasks to queue
[2022-09-24T20:10:24.604+0000] {logging_mixin.py:117} INFO - [2022-09-24T20:10:24.604+0000] {dagbag.py:525} INFO - Filling up the DagBag from /home/airflow/.local/lib/python3.7/site-packages/airflow/example_dags/example_xcom.py
[2022-09-24T20:10:24.651+0000] {processor.py:768} INFO - DAG(s) dict_keys(['example_xcom']) retrieved from /home/airflow/.local/lib/python3.7/site-packages/airflow/example_dags/example_xcom.py
[2022-09-24T20:10:24.738+0000] {logging_mixin.py:117} INFO - [2022-09-24T20:10:24.738+0000] {dag.py:2573} INFO - Sync 1 DAGs
[2022-09-24T20:10:24.802+0000] {logging_mixin.py:117} INFO - [2022-09-24T20:10:24.802+0000] {dag.py:3328} INFO - Setting next_dagrun for example_xcom to 2021-01-01T00:00:00+00:00, run_after=2021-01-01T00:00:00+00:00
[2022-09-24T20:10:24.841+0000] {processor.py:178} INFO - Processing /home/airflow/.local/lib/python3.7/site-packages/airflow/example_dags/example_xcom.py took 0.249 seconds
[2022-09-24T20:10:55.274+0000] {processor.py:156} INFO - Started process (PID=7883) to work on /home/airflow/.local/lib/python3.7/site-packages/airflow/example_dags/example_xcom.py
[2022-09-24T20:10:55.282+0000] {processor.py:758} INFO - Processing file /home/airflow/.local/lib/python3.7/site-packages/airflow/example_dags/example_xcom.py for tasks to queue
[2022-09-24T20:10:55.286+0000] {logging_mixin.py:117} INFO - [2022-09-24T20:10:55.285+0000] {dagbag.py:525} INFO - Filling up the DagBag from /home/airflow/.local/lib/python3.7/site-packages/airflow/example_dags/example_xcom.py
[2022-09-24T20:10:55.625+0000] {processor.py:768} INFO - DAG(s) dict_keys(['example_xcom']) retrieved from /home/airflow/.local/lib/python3.7/site-packages/airflow/example_dags/example_xcom.py
[2022-09-24T20:10:55.714+0000] {logging_mixin.py:117} INFO - [2022-09-24T20:10:55.714+0000] {dag.py:2573} INFO - Sync 1 DAGs
[2022-09-24T20:10:55.847+0000] {logging_mixin.py:117} INFO - [2022-09-24T20:10:55.847+0000] {dag.py:3328} INFO - Setting next_dagrun for example_xcom to 2021-01-01T00:00:00+00:00, run_after=2021-01-01T00:00:00+00:00
[2022-09-24T20:10:55.889+0000] {processor.py:178} INFO - Processing /home/airflow/.local/lib/python3.7/site-packages/airflow/example_dags/example_xcom.py took 0.629 seconds
[2022-09-24T20:11:26.093+0000] {processor.py:156} INFO - Started process (PID=8081) to work on /home/airflow/.local/lib/python3.7/site-packages/airflow/example_dags/example_xcom.py
[2022-09-24T20:11:26.097+0000] {processor.py:758} INFO - Processing file /home/airflow/.local/lib/python3.7/site-packages/airflow/example_dags/example_xcom.py for tasks to queue
[2022-09-24T20:11:26.101+0000] {logging_mixin.py:117} INFO - [2022-09-24T20:11:26.100+0000] {dagbag.py:525} INFO - Filling up the DagBag from /home/airflow/.local/lib/python3.7/site-packages/airflow/example_dags/example_xcom.py
[2022-09-24T20:11:26.161+0000] {processor.py:768} INFO - DAG(s) dict_keys(['example_xcom']) retrieved from /home/airflow/.local/lib/python3.7/site-packages/airflow/example_dags/example_xcom.py
[2022-09-24T20:11:26.229+0000] {logging_mixin.py:117} INFO - [2022-09-24T20:11:26.228+0000] {dag.py:2573} INFO - Sync 1 DAGs
[2022-09-24T20:11:26.281+0000] {logging_mixin.py:117} INFO - [2022-09-24T20:11:26.281+0000] {dag.py:3328} INFO - Setting next_dagrun for example_xcom to 2021-01-01T00:00:00+00:00, run_after=2021-01-01T00:00:00+00:00
[2022-09-24T20:11:26.322+0000] {processor.py:178} INFO - Processing /home/airflow/.local/lib/python3.7/site-packages/airflow/example_dags/example_xcom.py took 0.260 seconds
[2022-09-24T20:11:56.653+0000] {processor.py:156} INFO - Started process (PID=8279) to work on /home/airflow/.local/lib/python3.7/site-packages/airflow/example_dags/example_xcom.py
[2022-09-24T20:11:56.657+0000] {processor.py:758} INFO - Processing file /home/airflow/.local/lib/python3.7/site-packages/airflow/example_dags/example_xcom.py for tasks to queue
[2022-09-24T20:11:56.661+0000] {logging_mixin.py:117} INFO - [2022-09-24T20:11:56.660+0000] {dagbag.py:525} INFO - Filling up the DagBag from /home/airflow/.local/lib/python3.7/site-packages/airflow/example_dags/example_xcom.py
[2022-09-24T20:11:56.726+0000] {processor.py:768} INFO - DAG(s) dict_keys(['example_xcom']) retrieved from /home/airflow/.local/lib/python3.7/site-packages/airflow/example_dags/example_xcom.py
[2022-09-24T20:11:56.838+0000] {logging_mixin.py:117} INFO - [2022-09-24T20:11:56.837+0000] {dag.py:2573} INFO - Sync 1 DAGs
[2022-09-24T20:11:56.911+0000] {logging_mixin.py:117} INFO - [2022-09-24T20:11:56.911+0000] {dag.py:3328} INFO - Setting next_dagrun for example_xcom to 2021-01-01T00:00:00+00:00, run_after=2021-01-01T00:00:00+00:00
[2022-09-24T20:11:56.957+0000] {processor.py:178} INFO - Processing /home/airflow/.local/lib/python3.7/site-packages/airflow/example_dags/example_xcom.py took 0.311 seconds
[2022-09-24T20:12:27.280+0000] {processor.py:156} INFO - Started process (PID=8476) to work on /home/airflow/.local/lib/python3.7/site-packages/airflow/example_dags/example_xcom.py
[2022-09-24T20:12:27.289+0000] {processor.py:758} INFO - Processing file /home/airflow/.local/lib/python3.7/site-packages/airflow/example_dags/example_xcom.py for tasks to queue
[2022-09-24T20:12:27.298+0000] {logging_mixin.py:117} INFO - [2022-09-24T20:12:27.296+0000] {dagbag.py:525} INFO - Filling up the DagBag from /home/airflow/.local/lib/python3.7/site-packages/airflow/example_dags/example_xcom.py
[2022-09-24T20:12:27.407+0000] {processor.py:768} INFO - DAG(s) dict_keys(['example_xcom']) retrieved from /home/airflow/.local/lib/python3.7/site-packages/airflow/example_dags/example_xcom.py
[2022-09-24T20:12:27.502+0000] {logging_mixin.py:117} INFO - [2022-09-24T20:12:27.502+0000] {dag.py:2573} INFO - Sync 1 DAGs
[2022-09-24T20:12:27.556+0000] {logging_mixin.py:117} INFO - [2022-09-24T20:12:27.556+0000] {dag.py:3328} INFO - Setting next_dagrun for example_xcom to 2021-01-01T00:00:00+00:00, run_after=2021-01-01T00:00:00+00:00
[2022-09-24T20:12:27.598+0000] {processor.py:178} INFO - Processing /home/airflow/.local/lib/python3.7/site-packages/airflow/example_dags/example_xcom.py took 0.344 seconds
[2022-09-24T20:12:58.342+0000] {processor.py:156} INFO - Started process (PID=8675) to work on /home/airflow/.local/lib/python3.7/site-packages/airflow/example_dags/example_xcom.py
[2022-09-24T20:12:58.345+0000] {processor.py:758} INFO - Processing file /home/airflow/.local/lib/python3.7/site-packages/airflow/example_dags/example_xcom.py for tasks to queue
[2022-09-24T20:12:58.351+0000] {logging_mixin.py:117} INFO - [2022-09-24T20:12:58.351+0000] {dagbag.py:525} INFO - Filling up the DagBag from /home/airflow/.local/lib/python3.7/site-packages/airflow/example_dags/example_xcom.py
[2022-09-24T20:12:58.401+0000] {processor.py:768} INFO - DAG(s) dict_keys(['example_xcom']) retrieved from /home/airflow/.local/lib/python3.7/site-packages/airflow/example_dags/example_xcom.py
[2022-09-24T20:12:58.501+0000] {logging_mixin.py:117} INFO - [2022-09-24T20:12:58.501+0000] {dag.py:2573} INFO - Sync 1 DAGs
[2022-09-24T20:12:58.566+0000] {logging_mixin.py:117} INFO - [2022-09-24T20:12:58.565+0000] {dag.py:3328} INFO - Setting next_dagrun for example_xcom to 2021-01-01T00:00:00+00:00, run_after=2021-01-01T00:00:00+00:00
[2022-09-24T20:12:58.625+0000] {processor.py:178} INFO - Processing /home/airflow/.local/lib/python3.7/site-packages/airflow/example_dags/example_xcom.py took 0.291 seconds
[2022-09-24T20:13:28.951+0000] {processor.py:156} INFO - Started process (PID=8873) to work on /home/airflow/.local/lib/python3.7/site-packages/airflow/example_dags/example_xcom.py
[2022-09-24T20:13:28.955+0000] {processor.py:758} INFO - Processing file /home/airflow/.local/lib/python3.7/site-packages/airflow/example_dags/example_xcom.py for tasks to queue
[2022-09-24T20:13:28.959+0000] {logging_mixin.py:117} INFO - [2022-09-24T20:13:28.958+0000] {dagbag.py:525} INFO - Filling up the DagBag from /home/airflow/.local/lib/python3.7/site-packages/airflow/example_dags/example_xcom.py
[2022-09-24T20:13:29.006+0000] {processor.py:768} INFO - DAG(s) dict_keys(['example_xcom']) retrieved from /home/airflow/.local/lib/python3.7/site-packages/airflow/example_dags/example_xcom.py
[2022-09-24T20:13:29.094+0000] {logging_mixin.py:117} INFO - [2022-09-24T20:13:29.094+0000] {dag.py:2573} INFO - Sync 1 DAGs
[2022-09-24T20:13:29.140+0000] {logging_mixin.py:117} INFO - [2022-09-24T20:13:29.140+0000] {dag.py:3328} INFO - Setting next_dagrun for example_xcom to 2021-01-01T00:00:00+00:00, run_after=2021-01-01T00:00:00+00:00
[2022-09-24T20:13:29.195+0000] {processor.py:178} INFO - Processing /home/airflow/.local/lib/python3.7/site-packages/airflow/example_dags/example_xcom.py took 0.251 seconds
[2022-09-24T20:13:59.361+0000] {processor.py:156} INFO - Started process (PID=9071) to work on /home/airflow/.local/lib/python3.7/site-packages/airflow/example_dags/example_xcom.py
[2022-09-24T20:13:59.364+0000] {processor.py:758} INFO - Processing file /home/airflow/.local/lib/python3.7/site-packages/airflow/example_dags/example_xcom.py for tasks to queue
[2022-09-24T20:13:59.369+0000] {logging_mixin.py:117} INFO - [2022-09-24T20:13:59.368+0000] {dagbag.py:525} INFO - Filling up the DagBag from /home/airflow/.local/lib/python3.7/site-packages/airflow/example_dags/example_xcom.py
[2022-09-24T20:13:59.434+0000] {processor.py:768} INFO - DAG(s) dict_keys(['example_xcom']) retrieved from /home/airflow/.local/lib/python3.7/site-packages/airflow/example_dags/example_xcom.py
[2022-09-24T20:13:59.533+0000] {logging_mixin.py:117} INFO - [2022-09-24T20:13:59.533+0000] {dag.py:2573} INFO - Sync 1 DAGs
[2022-09-24T20:13:59.594+0000] {logging_mixin.py:117} INFO - [2022-09-24T20:13:59.593+0000] {dag.py:3328} INFO - Setting next_dagrun for example_xcom to 2021-01-01T00:00:00+00:00, run_after=2021-01-01T00:00:00+00:00
[2022-09-24T20:13:59.637+0000] {processor.py:178} INFO - Processing /home/airflow/.local/lib/python3.7/site-packages/airflow/example_dags/example_xcom.py took 0.288 seconds
[2022-09-24T20:14:35.669+0000] {processor.py:156} INFO - Started process (PID=9267) to work on /home/airflow/.local/lib/python3.7/site-packages/airflow/example_dags/example_xcom.py
[2022-09-24T20:14:35.677+0000] {processor.py:758} INFO - Processing file /home/airflow/.local/lib/python3.7/site-packages/airflow/example_dags/example_xcom.py for tasks to queue
[2022-09-24T20:14:35.685+0000] {logging_mixin.py:117} INFO - [2022-09-24T20:14:35.684+0000] {dagbag.py:525} INFO - Filling up the DagBag from /home/airflow/.local/lib/python3.7/site-packages/airflow/example_dags/example_xcom.py
[2022-09-24T20:14:35.880+0000] {processor.py:768} INFO - DAG(s) dict_keys(['example_xcom']) retrieved from /home/airflow/.local/lib/python3.7/site-packages/airflow/example_dags/example_xcom.py
[2022-09-24T20:14:36.284+0000] {logging_mixin.py:117} INFO - [2022-09-24T20:14:36.283+0000] {dag.py:2573} INFO - Sync 1 DAGs
[2022-09-24T20:14:36.528+0000] {logging_mixin.py:117} INFO - [2022-09-24T20:14:36.527+0000] {dag.py:3328} INFO - Setting next_dagrun for example_xcom to 2021-01-01T00:00:00+00:00, run_after=2021-01-01T00:00:00+00:00
[2022-09-24T20:14:36.628+0000] {processor.py:178} INFO - Processing /home/airflow/.local/lib/python3.7/site-packages/airflow/example_dags/example_xcom.py took 0.970 seconds
[2022-09-24T20:15:09.222+0000] {processor.py:156} INFO - Started process (PID=9479) to work on /home/airflow/.local/lib/python3.7/site-packages/airflow/example_dags/example_xcom.py
[2022-09-24T20:15:09.227+0000] {processor.py:758} INFO - Processing file /home/airflow/.local/lib/python3.7/site-packages/airflow/example_dags/example_xcom.py for tasks to queue
[2022-09-24T20:15:09.240+0000] {logging_mixin.py:117} INFO - [2022-09-24T20:15:09.240+0000] {dagbag.py:525} INFO - Filling up the DagBag from /home/airflow/.local/lib/python3.7/site-packages/airflow/example_dags/example_xcom.py
[2022-09-24T20:15:09.401+0000] {processor.py:768} INFO - DAG(s) dict_keys(['example_xcom']) retrieved from /home/airflow/.local/lib/python3.7/site-packages/airflow/example_dags/example_xcom.py
[2022-09-24T20:15:09.584+0000] {logging_mixin.py:117} INFO - [2022-09-24T20:15:09.580+0000] {dag.py:2573} INFO - Sync 1 DAGs
[2022-09-24T20:15:09.760+0000] {logging_mixin.py:117} INFO - [2022-09-24T20:15:09.759+0000] {dag.py:3328} INFO - Setting next_dagrun for example_xcom to 2021-01-01T00:00:00+00:00, run_after=2021-01-01T00:00:00+00:00
[2022-09-24T20:15:09.880+0000] {processor.py:178} INFO - Processing /home/airflow/.local/lib/python3.7/site-packages/airflow/example_dags/example_xcom.py took 0.663 seconds
[2022-09-24T20:15:41.569+0000] {processor.py:156} INFO - Started process (PID=9669) to work on /home/airflow/.local/lib/python3.7/site-packages/airflow/example_dags/example_xcom.py
[2022-09-24T20:15:41.573+0000] {processor.py:758} INFO - Processing file /home/airflow/.local/lib/python3.7/site-packages/airflow/example_dags/example_xcom.py for tasks to queue
[2022-09-24T20:15:41.577+0000] {logging_mixin.py:117} INFO - [2022-09-24T20:15:41.576+0000] {dagbag.py:525} INFO - Filling up the DagBag from /home/airflow/.local/lib/python3.7/site-packages/airflow/example_dags/example_xcom.py
[2022-09-24T20:15:41.704+0000] {processor.py:768} INFO - DAG(s) dict_keys(['example_xcom']) retrieved from /home/airflow/.local/lib/python3.7/site-packages/airflow/example_dags/example_xcom.py
[2022-09-24T20:15:41.933+0000] {logging_mixin.py:117} INFO - [2022-09-24T20:15:41.933+0000] {dag.py:2573} INFO - Sync 1 DAGs
[2022-09-24T20:15:42.095+0000] {logging_mixin.py:117} INFO - [2022-09-24T20:15:42.095+0000] {dag.py:3328} INFO - Setting next_dagrun for example_xcom to 2021-01-01T00:00:00+00:00, run_after=2021-01-01T00:00:00+00:00
[2022-09-24T20:15:42.163+0000] {processor.py:178} INFO - Processing /home/airflow/.local/lib/python3.7/site-packages/airflow/example_dags/example_xcom.py took 0.603 seconds
[2022-09-24T20:16:12.292+0000] {processor.py:156} INFO - Started process (PID=9867) to work on /home/airflow/.local/lib/python3.7/site-packages/airflow/example_dags/example_xcom.py
[2022-09-24T20:16:12.296+0000] {processor.py:758} INFO - Processing file /home/airflow/.local/lib/python3.7/site-packages/airflow/example_dags/example_xcom.py for tasks to queue
[2022-09-24T20:16:12.300+0000] {logging_mixin.py:117} INFO - [2022-09-24T20:16:12.299+0000] {dagbag.py:525} INFO - Filling up the DagBag from /home/airflow/.local/lib/python3.7/site-packages/airflow/example_dags/example_xcom.py
[2022-09-24T20:16:12.352+0000] {processor.py:768} INFO - DAG(s) dict_keys(['example_xcom']) retrieved from /home/airflow/.local/lib/python3.7/site-packages/airflow/example_dags/example_xcom.py
[2022-09-24T20:16:12.463+0000] {logging_mixin.py:117} INFO - [2022-09-24T20:16:12.462+0000] {dag.py:2573} INFO - Sync 1 DAGs
[2022-09-24T20:16:12.549+0000] {logging_mixin.py:117} INFO - [2022-09-24T20:16:12.549+0000] {dag.py:3328} INFO - Setting next_dagrun for example_xcom to 2021-01-01T00:00:00+00:00, run_after=2021-01-01T00:00:00+00:00
[2022-09-24T20:16:12.660+0000] {processor.py:178} INFO - Processing /home/airflow/.local/lib/python3.7/site-packages/airflow/example_dags/example_xcom.py took 0.379 seconds
[2022-09-24T20:16:43.238+0000] {processor.py:156} INFO - Started process (PID=10066) to work on /home/airflow/.local/lib/python3.7/site-packages/airflow/example_dags/example_xcom.py
[2022-09-24T20:16:43.257+0000] {processor.py:758} INFO - Processing file /home/airflow/.local/lib/python3.7/site-packages/airflow/example_dags/example_xcom.py for tasks to queue
[2022-09-24T20:16:43.261+0000] {logging_mixin.py:117} INFO - [2022-09-24T20:16:43.260+0000] {dagbag.py:525} INFO - Filling up the DagBag from /home/airflow/.local/lib/python3.7/site-packages/airflow/example_dags/example_xcom.py
[2022-09-24T20:16:43.310+0000] {processor.py:768} INFO - DAG(s) dict_keys(['example_xcom']) retrieved from /home/airflow/.local/lib/python3.7/site-packages/airflow/example_dags/example_xcom.py
[2022-09-24T20:16:43.387+0000] {logging_mixin.py:117} INFO - [2022-09-24T20:16:43.386+0000] {dag.py:2573} INFO - Sync 1 DAGs
[2022-09-24T20:16:43.437+0000] {logging_mixin.py:117} INFO - [2022-09-24T20:16:43.437+0000] {dag.py:3328} INFO - Setting next_dagrun for example_xcom to 2021-01-01T00:00:00+00:00, run_after=2021-01-01T00:00:00+00:00
[2022-09-24T20:16:43.481+0000] {processor.py:178} INFO - Processing /home/airflow/.local/lib/python3.7/site-packages/airflow/example_dags/example_xcom.py took 0.257 seconds
[2022-09-24T20:17:13.575+0000] {processor.py:156} INFO - Started process (PID=10262) to work on /home/airflow/.local/lib/python3.7/site-packages/airflow/example_dags/example_xcom.py
[2022-09-24T20:17:13.579+0000] {processor.py:758} INFO - Processing file /home/airflow/.local/lib/python3.7/site-packages/airflow/example_dags/example_xcom.py for tasks to queue
[2022-09-24T20:17:13.582+0000] {logging_mixin.py:117} INFO - [2022-09-24T20:17:13.582+0000] {dagbag.py:525} INFO - Filling up the DagBag from /home/airflow/.local/lib/python3.7/site-packages/airflow/example_dags/example_xcom.py
[2022-09-24T20:17:13.633+0000] {processor.py:768} INFO - DAG(s) dict_keys(['example_xcom']) retrieved from /home/airflow/.local/lib/python3.7/site-packages/airflow/example_dags/example_xcom.py
[2022-09-24T20:17:13.748+0000] {logging_mixin.py:117} INFO - [2022-09-24T20:17:13.748+0000] {dag.py:2573} INFO - Sync 1 DAGs
[2022-09-24T20:17:13.810+0000] {logging_mixin.py:117} INFO - [2022-09-24T20:17:13.810+0000] {dag.py:3328} INFO - Setting next_dagrun for example_xcom to 2021-01-01T00:00:00+00:00, run_after=2021-01-01T00:00:00+00:00
[2022-09-24T20:17:13.866+0000] {processor.py:178} INFO - Processing /home/airflow/.local/lib/python3.7/site-packages/airflow/example_dags/example_xcom.py took 0.300 seconds
[2022-09-24T20:17:44.067+0000] {processor.py:156} INFO - Started process (PID=10460) to work on /home/airflow/.local/lib/python3.7/site-packages/airflow/example_dags/example_xcom.py
[2022-09-24T20:17:44.072+0000] {processor.py:758} INFO - Processing file /home/airflow/.local/lib/python3.7/site-packages/airflow/example_dags/example_xcom.py for tasks to queue
[2022-09-24T20:17:44.077+0000] {logging_mixin.py:117} INFO - [2022-09-24T20:17:44.077+0000] {dagbag.py:525} INFO - Filling up the DagBag from /home/airflow/.local/lib/python3.7/site-packages/airflow/example_dags/example_xcom.py
[2022-09-24T20:17:44.139+0000] {processor.py:768} INFO - DAG(s) dict_keys(['example_xcom']) retrieved from /home/airflow/.local/lib/python3.7/site-packages/airflow/example_dags/example_xcom.py
[2022-09-24T20:17:44.249+0000] {logging_mixin.py:117} INFO - [2022-09-24T20:17:44.249+0000] {dag.py:2573} INFO - Sync 1 DAGs
[2022-09-24T20:17:44.312+0000] {logging_mixin.py:117} INFO - [2022-09-24T20:17:44.311+0000] {dag.py:3328} INFO - Setting next_dagrun for example_xcom to 2021-01-01T00:00:00+00:00, run_after=2021-01-01T00:00:00+00:00
[2022-09-24T20:17:44.368+0000] {processor.py:178} INFO - Processing /home/airflow/.local/lib/python3.7/site-packages/airflow/example_dags/example_xcom.py took 0.313 seconds
[2022-09-24T20:18:15.503+0000] {processor.py:156} INFO - Started process (PID=10658) to work on /home/airflow/.local/lib/python3.7/site-packages/airflow/example_dags/example_xcom.py
[2022-09-24T20:18:15.510+0000] {processor.py:758} INFO - Processing file /home/airflow/.local/lib/python3.7/site-packages/airflow/example_dags/example_xcom.py for tasks to queue
[2022-09-24T20:18:15.518+0000] {logging_mixin.py:117} INFO - [2022-09-24T20:18:15.518+0000] {dagbag.py:525} INFO - Filling up the DagBag from /home/airflow/.local/lib/python3.7/site-packages/airflow/example_dags/example_xcom.py
[2022-09-24T20:18:15.770+0000] {processor.py:768} INFO - DAG(s) dict_keys(['example_xcom']) retrieved from /home/airflow/.local/lib/python3.7/site-packages/airflow/example_dags/example_xcom.py
[2022-09-24T20:18:15.908+0000] {logging_mixin.py:117} INFO - [2022-09-24T20:18:15.908+0000] {dag.py:2573} INFO - Sync 1 DAGs
[2022-09-24T20:18:15.973+0000] {logging_mixin.py:117} INFO - [2022-09-24T20:18:15.973+0000] {dag.py:3328} INFO - Setting next_dagrun for example_xcom to 2021-01-01T00:00:00+00:00, run_after=2021-01-01T00:00:00+00:00
[2022-09-24T20:18:16.045+0000] {processor.py:178} INFO - Processing /home/airflow/.local/lib/python3.7/site-packages/airflow/example_dags/example_xcom.py took 0.564 seconds
[2022-09-24T20:18:47.344+0000] {processor.py:156} INFO - Started process (PID=10858) to work on /home/airflow/.local/lib/python3.7/site-packages/airflow/example_dags/example_xcom.py
[2022-09-24T20:18:47.352+0000] {processor.py:758} INFO - Processing file /home/airflow/.local/lib/python3.7/site-packages/airflow/example_dags/example_xcom.py for tasks to queue
[2022-09-24T20:18:47.357+0000] {logging_mixin.py:117} INFO - [2022-09-24T20:18:47.356+0000] {dagbag.py:525} INFO - Filling up the DagBag from /home/airflow/.local/lib/python3.7/site-packages/airflow/example_dags/example_xcom.py
[2022-09-24T20:18:47.539+0000] {processor.py:768} INFO - DAG(s) dict_keys(['example_xcom']) retrieved from /home/airflow/.local/lib/python3.7/site-packages/airflow/example_dags/example_xcom.py
[2022-09-24T20:18:47.689+0000] {logging_mixin.py:117} INFO - [2022-09-24T20:18:47.688+0000] {dag.py:2573} INFO - Sync 1 DAGs
[2022-09-24T20:18:47.775+0000] {logging_mixin.py:117} INFO - [2022-09-24T20:18:47.775+0000] {dag.py:3328} INFO - Setting next_dagrun for example_xcom to 2021-01-01T00:00:00+00:00, run_after=2021-01-01T00:00:00+00:00
[2022-09-24T20:18:47.852+0000] {processor.py:178} INFO - Processing /home/airflow/.local/lib/python3.7/site-packages/airflow/example_dags/example_xcom.py took 0.523 seconds
[2022-09-24T20:19:18.984+0000] {processor.py:156} INFO - Started process (PID=11059) to work on /home/airflow/.local/lib/python3.7/site-packages/airflow/example_dags/example_xcom.py
[2022-09-24T20:19:18.993+0000] {processor.py:758} INFO - Processing file /home/airflow/.local/lib/python3.7/site-packages/airflow/example_dags/example_xcom.py for tasks to queue
[2022-09-24T20:19:18.996+0000] {logging_mixin.py:117} INFO - [2022-09-24T20:19:18.996+0000] {dagbag.py:525} INFO - Filling up the DagBag from /home/airflow/.local/lib/python3.7/site-packages/airflow/example_dags/example_xcom.py
[2022-09-24T20:19:19.078+0000] {processor.py:768} INFO - DAG(s) dict_keys(['example_xcom']) retrieved from /home/airflow/.local/lib/python3.7/site-packages/airflow/example_dags/example_xcom.py
[2022-09-24T20:19:19.183+0000] {logging_mixin.py:117} INFO - [2022-09-24T20:19:19.183+0000] {dag.py:2573} INFO - Sync 1 DAGs
[2022-09-24T20:19:19.231+0000] {logging_mixin.py:117} INFO - [2022-09-24T20:19:19.231+0000] {dag.py:3328} INFO - Setting next_dagrun for example_xcom to 2021-01-01T00:00:00+00:00, run_after=2021-01-01T00:00:00+00:00
[2022-09-24T20:19:19.280+0000] {processor.py:178} INFO - Processing /home/airflow/.local/lib/python3.7/site-packages/airflow/example_dags/example_xcom.py took 0.304 seconds
[2022-09-24T20:19:51.683+0000] {processor.py:156} INFO - Started process (PID=11258) to work on /home/airflow/.local/lib/python3.7/site-packages/airflow/example_dags/example_xcom.py
[2022-09-24T20:19:51.699+0000] {processor.py:758} INFO - Processing file /home/airflow/.local/lib/python3.7/site-packages/airflow/example_dags/example_xcom.py for tasks to queue
[2022-09-24T20:19:51.704+0000] {logging_mixin.py:117} INFO - [2022-09-24T20:19:51.703+0000] {dagbag.py:525} INFO - Filling up the DagBag from /home/airflow/.local/lib/python3.7/site-packages/airflow/example_dags/example_xcom.py
[2022-09-24T20:19:51.859+0000] {processor.py:768} INFO - DAG(s) dict_keys(['example_xcom']) retrieved from /home/airflow/.local/lib/python3.7/site-packages/airflow/example_dags/example_xcom.py
[2022-09-24T20:19:52.025+0000] {logging_mixin.py:117} INFO - [2022-09-24T20:19:52.024+0000] {dag.py:2573} INFO - Sync 1 DAGs
[2022-09-24T20:19:52.146+0000] {logging_mixin.py:117} INFO - [2022-09-24T20:19:52.145+0000] {dag.py:3328} INFO - Setting next_dagrun for example_xcom to 2021-01-01T00:00:00+00:00, run_after=2021-01-01T00:00:00+00:00
[2022-09-24T20:19:52.253+0000] {processor.py:178} INFO - Processing /home/airflow/.local/lib/python3.7/site-packages/airflow/example_dags/example_xcom.py took 0.594 seconds
[2022-09-24T20:20:22.562+0000] {processor.py:156} INFO - Started process (PID=11463) to work on /home/airflow/.local/lib/python3.7/site-packages/airflow/example_dags/example_xcom.py
[2022-09-24T20:20:22.570+0000] {processor.py:758} INFO - Processing file /home/airflow/.local/lib/python3.7/site-packages/airflow/example_dags/example_xcom.py for tasks to queue
[2022-09-24T20:20:22.580+0000] {logging_mixin.py:117} INFO - [2022-09-24T20:20:22.578+0000] {dagbag.py:525} INFO - Filling up the DagBag from /home/airflow/.local/lib/python3.7/site-packages/airflow/example_dags/example_xcom.py
[2022-09-24T20:20:22.762+0000] {processor.py:768} INFO - DAG(s) dict_keys(['example_xcom']) retrieved from /home/airflow/.local/lib/python3.7/site-packages/airflow/example_dags/example_xcom.py
[2022-09-24T20:20:22.867+0000] {logging_mixin.py:117} INFO - [2022-09-24T20:20:22.867+0000] {dag.py:2573} INFO - Sync 1 DAGs
[2022-09-24T20:20:22.941+0000] {logging_mixin.py:117} INFO - [2022-09-24T20:20:22.941+0000] {dag.py:3328} INFO - Setting next_dagrun for example_xcom to 2021-01-01T00:00:00+00:00, run_after=2021-01-01T00:00:00+00:00
[2022-09-24T20:20:22.991+0000] {processor.py:178} INFO - Processing /home/airflow/.local/lib/python3.7/site-packages/airflow/example_dags/example_xcom.py took 0.448 seconds
[2022-09-24T20:20:53.119+0000] {processor.py:156} INFO - Started process (PID=11670) to work on /home/airflow/.local/lib/python3.7/site-packages/airflow/example_dags/example_xcom.py
[2022-09-24T20:20:53.122+0000] {processor.py:758} INFO - Processing file /home/airflow/.local/lib/python3.7/site-packages/airflow/example_dags/example_xcom.py for tasks to queue
[2022-09-24T20:20:53.125+0000] {logging_mixin.py:117} INFO - [2022-09-24T20:20:53.125+0000] {dagbag.py:525} INFO - Filling up the DagBag from /home/airflow/.local/lib/python3.7/site-packages/airflow/example_dags/example_xcom.py
[2022-09-24T20:20:53.178+0000] {processor.py:768} INFO - DAG(s) dict_keys(['example_xcom']) retrieved from /home/airflow/.local/lib/python3.7/site-packages/airflow/example_dags/example_xcom.py
[2022-09-24T20:20:53.252+0000] {logging_mixin.py:117} INFO - [2022-09-24T20:20:53.251+0000] {dag.py:2573} INFO - Sync 1 DAGs
[2022-09-24T20:20:53.318+0000] {logging_mixin.py:117} INFO - [2022-09-24T20:20:53.317+0000] {dag.py:3328} INFO - Setting next_dagrun for example_xcom to 2021-01-01T00:00:00+00:00, run_after=2021-01-01T00:00:00+00:00
[2022-09-24T20:20:53.363+0000] {processor.py:178} INFO - Processing /home/airflow/.local/lib/python3.7/site-packages/airflow/example_dags/example_xcom.py took 0.254 seconds
[2022-09-24T20:21:25.493+0000] {processor.py:156} INFO - Started process (PID=11873) to work on /home/airflow/.local/lib/python3.7/site-packages/airflow/example_dags/example_xcom.py
[2022-09-24T20:21:25.527+0000] {processor.py:758} INFO - Processing file /home/airflow/.local/lib/python3.7/site-packages/airflow/example_dags/example_xcom.py for tasks to queue
[2022-09-24T20:21:25.559+0000] {logging_mixin.py:117} INFO - [2022-09-24T20:21:25.559+0000] {dagbag.py:525} INFO - Filling up the DagBag from /home/airflow/.local/lib/python3.7/site-packages/airflow/example_dags/example_xcom.py
[2022-09-24T20:21:25.869+0000] {processor.py:768} INFO - DAG(s) dict_keys(['example_xcom']) retrieved from /home/airflow/.local/lib/python3.7/site-packages/airflow/example_dags/example_xcom.py
[2022-09-24T20:21:26.189+0000] {logging_mixin.py:117} INFO - [2022-09-24T20:21:26.188+0000] {dag.py:2573} INFO - Sync 1 DAGs
[2022-09-24T20:21:26.396+0000] {logging_mixin.py:117} INFO - [2022-09-24T20:21:26.396+0000] {dag.py:3328} INFO - Setting next_dagrun for example_xcom to 2021-01-01T00:00:00+00:00, run_after=2021-01-01T00:00:00+00:00
[2022-09-24T20:21:26.546+0000] {processor.py:178} INFO - Processing /home/airflow/.local/lib/python3.7/site-packages/airflow/example_dags/example_xcom.py took 1.113 seconds
