[2022-09-24T19:50:50.639+0000] {processor.py:156} INFO - Started process (PID=264) to work on /home/airflow/.local/lib/python3.7/site-packages/airflow/example_dags/example_task_group_decorator.py
[2022-09-24T19:50:50.650+0000] {processor.py:758} INFO - Processing file /home/airflow/.local/lib/python3.7/site-packages/airflow/example_dags/example_task_group_decorator.py for tasks to queue
[2022-09-24T19:50:50.655+0000] {logging_mixin.py:117} INFO - [2022-09-24T19:50:50.654+0000] {dagbag.py:525} INFO - Filling up the DagBag from /home/airflow/.local/lib/python3.7/site-packages/airflow/example_dags/example_task_group_decorator.py
[2022-09-24T19:50:51.403+0000] {processor.py:768} INFO - DAG(s) dict_keys(['example_task_group_decorator']) retrieved from /home/airflow/.local/lib/python3.7/site-packages/airflow/example_dags/example_task_group_decorator.py
[2022-09-24T19:50:51.770+0000] {logging_mixin.py:117} INFO - [2022-09-24T19:50:51.770+0000] {dag.py:2573} INFO - Sync 1 DAGs
[2022-09-24T19:50:52.004+0000] {logging_mixin.py:117} INFO - [2022-09-24T19:50:52.004+0000] {dag.py:3328} INFO - Setting next_dagrun for example_task_group_decorator to 2022-09-23T19:50:52.003815+00:00, run_after=2022-09-24T19:50:52.003815+00:00
[2022-09-24T19:50:52.200+0000] {processor.py:178} INFO - Processing /home/airflow/.local/lib/python3.7/site-packages/airflow/example_dags/example_task_group_decorator.py took 1.577 seconds
[2022-09-24T19:51:24.135+0000] {processor.py:156} INFO - Started process (PID=462) to work on /home/airflow/.local/lib/python3.7/site-packages/airflow/example_dags/example_task_group_decorator.py
[2022-09-24T19:51:24.139+0000] {processor.py:758} INFO - Processing file /home/airflow/.local/lib/python3.7/site-packages/airflow/example_dags/example_task_group_decorator.py for tasks to queue
[2022-09-24T19:51:24.143+0000] {logging_mixin.py:117} INFO - [2022-09-24T19:51:24.141+0000] {dagbag.py:525} INFO - Filling up the DagBag from /home/airflow/.local/lib/python3.7/site-packages/airflow/example_dags/example_task_group_decorator.py
[2022-09-24T19:51:24.318+0000] {processor.py:768} INFO - DAG(s) dict_keys(['example_task_group_decorator']) retrieved from /home/airflow/.local/lib/python3.7/site-packages/airflow/example_dags/example_task_group_decorator.py
[2022-09-24T19:51:24.472+0000] {logging_mixin.py:117} INFO - [2022-09-24T19:51:24.472+0000] {dag.py:2573} INFO - Sync 1 DAGs
[2022-09-24T19:51:24.597+0000] {logging_mixin.py:117} INFO - [2022-09-24T19:51:24.596+0000] {dag.py:3328} INFO - Setting next_dagrun for example_task_group_decorator to 2022-09-23T19:51:24.596434+00:00, run_after=2022-09-24T19:51:24.596434+00:00
[2022-09-24T19:51:25.114+0000] {processor.py:178} INFO - Processing /home/airflow/.local/lib/python3.7/site-packages/airflow/example_dags/example_task_group_decorator.py took 0.987 seconds
[2022-09-24T19:51:58.928+0000] {processor.py:156} INFO - Started process (PID=662) to work on /home/airflow/.local/lib/python3.7/site-packages/airflow/example_dags/example_task_group_decorator.py
[2022-09-24T19:51:58.934+0000] {processor.py:758} INFO - Processing file /home/airflow/.local/lib/python3.7/site-packages/airflow/example_dags/example_task_group_decorator.py for tasks to queue
[2022-09-24T19:51:58.940+0000] {logging_mixin.py:117} INFO - [2022-09-24T19:51:58.938+0000] {dagbag.py:525} INFO - Filling up the DagBag from /home/airflow/.local/lib/python3.7/site-packages/airflow/example_dags/example_task_group_decorator.py
[2022-09-24T19:51:59.263+0000] {processor.py:768} INFO - DAG(s) dict_keys(['example_task_group_decorator']) retrieved from /home/airflow/.local/lib/python3.7/site-packages/airflow/example_dags/example_task_group_decorator.py
[2022-09-24T19:51:59.375+0000] {logging_mixin.py:117} INFO - [2022-09-24T19:51:59.375+0000] {dag.py:2573} INFO - Sync 1 DAGs
[2022-09-24T19:52:00.369+0000] {logging_mixin.py:117} INFO - [2022-09-24T19:52:00.332+0000] {dag.py:3328} INFO - Setting next_dagrun for example_task_group_decorator to 2022-09-23T19:52:00.331018+00:00, run_after=2022-09-24T19:52:00.331018+00:00
[2022-09-24T19:52:01.175+0000] {processor.py:178} INFO - Processing /home/airflow/.local/lib/python3.7/site-packages/airflow/example_dags/example_task_group_decorator.py took 2.271 seconds
[2022-09-24T19:52:32.252+0000] {processor.py:156} INFO - Started process (PID=862) to work on /home/airflow/.local/lib/python3.7/site-packages/airflow/example_dags/example_task_group_decorator.py
[2022-09-24T19:52:32.261+0000] {processor.py:758} INFO - Processing file /home/airflow/.local/lib/python3.7/site-packages/airflow/example_dags/example_task_group_decorator.py for tasks to queue
[2022-09-24T19:52:32.276+0000] {logging_mixin.py:117} INFO - [2022-09-24T19:52:32.275+0000] {dagbag.py:525} INFO - Filling up the DagBag from /home/airflow/.local/lib/python3.7/site-packages/airflow/example_dags/example_task_group_decorator.py
[2022-09-24T19:52:32.408+0000] {processor.py:768} INFO - DAG(s) dict_keys(['example_task_group_decorator']) retrieved from /home/airflow/.local/lib/python3.7/site-packages/airflow/example_dags/example_task_group_decorator.py
[2022-09-24T19:52:32.761+0000] {logging_mixin.py:117} INFO - [2022-09-24T19:52:32.761+0000] {dag.py:2573} INFO - Sync 1 DAGs
[2022-09-24T19:52:32.813+0000] {logging_mixin.py:117} INFO - [2022-09-24T19:52:32.812+0000] {dag.py:3328} INFO - Setting next_dagrun for example_task_group_decorator to 2022-09-23T19:52:32.812365+00:00, run_after=2022-09-24T19:52:32.812365+00:00
[2022-09-24T19:52:32.856+0000] {processor.py:178} INFO - Processing /home/airflow/.local/lib/python3.7/site-packages/airflow/example_dags/example_task_group_decorator.py took 0.616 seconds
[2022-09-24T19:53:03.021+0000] {processor.py:156} INFO - Started process (PID=1060) to work on /home/airflow/.local/lib/python3.7/site-packages/airflow/example_dags/example_task_group_decorator.py
[2022-09-24T19:53:03.026+0000] {processor.py:758} INFO - Processing file /home/airflow/.local/lib/python3.7/site-packages/airflow/example_dags/example_task_group_decorator.py for tasks to queue
[2022-09-24T19:53:03.030+0000] {logging_mixin.py:117} INFO - [2022-09-24T19:53:03.029+0000] {dagbag.py:525} INFO - Filling up the DagBag from /home/airflow/.local/lib/python3.7/site-packages/airflow/example_dags/example_task_group_decorator.py
[2022-09-24T19:53:03.097+0000] {processor.py:768} INFO - DAG(s) dict_keys(['example_task_group_decorator']) retrieved from /home/airflow/.local/lib/python3.7/site-packages/airflow/example_dags/example_task_group_decorator.py
[2022-09-24T19:53:03.401+0000] {logging_mixin.py:117} INFO - [2022-09-24T19:53:03.401+0000] {dag.py:2573} INFO - Sync 1 DAGs
[2022-09-24T19:53:03.449+0000] {logging_mixin.py:117} INFO - [2022-09-24T19:53:03.449+0000] {dag.py:3328} INFO - Setting next_dagrun for example_task_group_decorator to 2022-09-23T19:53:03.448921+00:00, run_after=2022-09-24T19:53:03.448921+00:00
[2022-09-24T19:53:03.485+0000] {processor.py:178} INFO - Processing /home/airflow/.local/lib/python3.7/site-packages/airflow/example_dags/example_task_group_decorator.py took 0.472 seconds
[2022-09-24T19:53:34.873+0000] {processor.py:156} INFO - Started process (PID=1255) to work on /home/airflow/.local/lib/python3.7/site-packages/airflow/example_dags/example_task_group_decorator.py
[2022-09-24T19:53:34.878+0000] {processor.py:758} INFO - Processing file /home/airflow/.local/lib/python3.7/site-packages/airflow/example_dags/example_task_group_decorator.py for tasks to queue
[2022-09-24T19:53:34.885+0000] {logging_mixin.py:117} INFO - [2022-09-24T19:53:34.884+0000] {dagbag.py:525} INFO - Filling up the DagBag from /home/airflow/.local/lib/python3.7/site-packages/airflow/example_dags/example_task_group_decorator.py
[2022-09-24T19:53:35.068+0000] {processor.py:768} INFO - DAG(s) dict_keys(['example_task_group_decorator']) retrieved from /home/airflow/.local/lib/python3.7/site-packages/airflow/example_dags/example_task_group_decorator.py
[2022-09-24T19:53:36.179+0000] {logging_mixin.py:117} INFO - [2022-09-24T19:53:36.177+0000] {dag.py:2573} INFO - Sync 1 DAGs
[2022-09-24T19:53:36.311+0000] {logging_mixin.py:117} INFO - [2022-09-24T19:53:36.311+0000] {dag.py:3328} INFO - Setting next_dagrun for example_task_group_decorator to 2022-09-23T19:53:36.310826+00:00, run_after=2022-09-24T19:53:36.310826+00:00
[2022-09-24T19:53:36.424+0000] {processor.py:178} INFO - Processing /home/airflow/.local/lib/python3.7/site-packages/airflow/example_dags/example_task_group_decorator.py took 1.560 seconds
[2022-09-24T19:54:07.179+0000] {processor.py:156} INFO - Started process (PID=1453) to work on /home/airflow/.local/lib/python3.7/site-packages/airflow/example_dags/example_task_group_decorator.py
[2022-09-24T19:54:07.184+0000] {processor.py:758} INFO - Processing file /home/airflow/.local/lib/python3.7/site-packages/airflow/example_dags/example_task_group_decorator.py for tasks to queue
[2022-09-24T19:54:07.190+0000] {logging_mixin.py:117} INFO - [2022-09-24T19:54:07.189+0000] {dagbag.py:525} INFO - Filling up the DagBag from /home/airflow/.local/lib/python3.7/site-packages/airflow/example_dags/example_task_group_decorator.py
[2022-09-24T19:54:07.564+0000] {processor.py:768} INFO - DAG(s) dict_keys(['example_task_group_decorator']) retrieved from /home/airflow/.local/lib/python3.7/site-packages/airflow/example_dags/example_task_group_decorator.py
[2022-09-24T19:54:07.803+0000] {logging_mixin.py:117} INFO - [2022-09-24T19:54:07.803+0000] {dag.py:2573} INFO - Sync 1 DAGs
[2022-09-24T19:54:07.851+0000] {logging_mixin.py:117} INFO - [2022-09-24T19:54:07.851+0000] {dag.py:3328} INFO - Setting next_dagrun for example_task_group_decorator to 2022-09-23T19:54:07.850891+00:00, run_after=2022-09-24T19:54:07.850891+00:00
[2022-09-24T19:54:07.893+0000] {processor.py:178} INFO - Processing /home/airflow/.local/lib/python3.7/site-packages/airflow/example_dags/example_task_group_decorator.py took 0.725 seconds
[2022-09-24T19:54:38.089+0000] {processor.py:156} INFO - Started process (PID=1656) to work on /home/airflow/.local/lib/python3.7/site-packages/airflow/example_dags/example_task_group_decorator.py
[2022-09-24T19:54:38.094+0000] {processor.py:758} INFO - Processing file /home/airflow/.local/lib/python3.7/site-packages/airflow/example_dags/example_task_group_decorator.py for tasks to queue
[2022-09-24T19:54:38.100+0000] {logging_mixin.py:117} INFO - [2022-09-24T19:54:38.099+0000] {dagbag.py:525} INFO - Filling up the DagBag from /home/airflow/.local/lib/python3.7/site-packages/airflow/example_dags/example_task_group_decorator.py
[2022-09-24T19:54:38.566+0000] {processor.py:768} INFO - DAG(s) dict_keys(['example_task_group_decorator']) retrieved from /home/airflow/.local/lib/python3.7/site-packages/airflow/example_dags/example_task_group_decorator.py
[2022-09-24T19:54:38.639+0000] {logging_mixin.py:117} INFO - [2022-09-24T19:54:38.638+0000] {dag.py:2573} INFO - Sync 1 DAGs
[2022-09-24T19:54:38.689+0000] {logging_mixin.py:117} INFO - [2022-09-24T19:54:38.688+0000] {dag.py:3328} INFO - Setting next_dagrun for example_task_group_decorator to 2022-09-23T19:54:38.688394+00:00, run_after=2022-09-24T19:54:38.688394+00:00
[2022-09-24T19:54:38.755+0000] {processor.py:178} INFO - Processing /home/airflow/.local/lib/python3.7/site-packages/airflow/example_dags/example_task_group_decorator.py took 0.692 seconds
[2022-09-24T19:55:09.787+0000] {processor.py:156} INFO - Started process (PID=1852) to work on /home/airflow/.local/lib/python3.7/site-packages/airflow/example_dags/example_task_group_decorator.py
[2022-09-24T19:55:09.792+0000] {processor.py:758} INFO - Processing file /home/airflow/.local/lib/python3.7/site-packages/airflow/example_dags/example_task_group_decorator.py for tasks to queue
[2022-09-24T19:55:09.803+0000] {logging_mixin.py:117} INFO - [2022-09-24T19:55:09.802+0000] {dagbag.py:525} INFO - Filling up the DagBag from /home/airflow/.local/lib/python3.7/site-packages/airflow/example_dags/example_task_group_decorator.py
[2022-09-24T19:55:09.962+0000] {processor.py:768} INFO - DAG(s) dict_keys(['example_task_group_decorator']) retrieved from /home/airflow/.local/lib/python3.7/site-packages/airflow/example_dags/example_task_group_decorator.py
[2022-09-24T19:55:10.196+0000] {logging_mixin.py:117} INFO - [2022-09-24T19:55:10.196+0000] {dag.py:2573} INFO - Sync 1 DAGs
[2022-09-24T19:55:10.351+0000] {logging_mixin.py:117} INFO - [2022-09-24T19:55:10.351+0000] {dag.py:3328} INFO - Setting next_dagrun for example_task_group_decorator to 2022-09-23T19:55:10.350782+00:00, run_after=2022-09-24T19:55:10.350782+00:00
[2022-09-24T19:55:10.406+0000] {processor.py:178} INFO - Processing /home/airflow/.local/lib/python3.7/site-packages/airflow/example_dags/example_task_group_decorator.py took 0.637 seconds
[2022-09-24T19:55:41.383+0000] {processor.py:156} INFO - Started process (PID=2055) to work on /home/airflow/.local/lib/python3.7/site-packages/airflow/example_dags/example_task_group_decorator.py
[2022-09-24T19:55:41.397+0000] {processor.py:758} INFO - Processing file /home/airflow/.local/lib/python3.7/site-packages/airflow/example_dags/example_task_group_decorator.py for tasks to queue
[2022-09-24T19:55:41.402+0000] {logging_mixin.py:117} INFO - [2022-09-24T19:55:41.402+0000] {dagbag.py:525} INFO - Filling up the DagBag from /home/airflow/.local/lib/python3.7/site-packages/airflow/example_dags/example_task_group_decorator.py
[2022-09-24T19:55:41.625+0000] {processor.py:768} INFO - DAG(s) dict_keys(['example_task_group_decorator']) retrieved from /home/airflow/.local/lib/python3.7/site-packages/airflow/example_dags/example_task_group_decorator.py
[2022-09-24T19:55:41.864+0000] {logging_mixin.py:117} INFO - [2022-09-24T19:55:41.864+0000] {dag.py:2573} INFO - Sync 1 DAGs
[2022-09-24T19:55:41.944+0000] {logging_mixin.py:117} INFO - [2022-09-24T19:55:41.944+0000] {dag.py:3328} INFO - Setting next_dagrun for example_task_group_decorator to 2022-09-23T19:55:41.943751+00:00, run_after=2022-09-24T19:55:41.943751+00:00
[2022-09-24T19:55:42.001+0000] {processor.py:178} INFO - Processing /home/airflow/.local/lib/python3.7/site-packages/airflow/example_dags/example_task_group_decorator.py took 0.635 seconds
[2022-09-24T19:56:12.694+0000] {processor.py:156} INFO - Started process (PID=2253) to work on /home/airflow/.local/lib/python3.7/site-packages/airflow/example_dags/example_task_group_decorator.py
[2022-09-24T19:56:12.698+0000] {processor.py:758} INFO - Processing file /home/airflow/.local/lib/python3.7/site-packages/airflow/example_dags/example_task_group_decorator.py for tasks to queue
[2022-09-24T19:56:12.705+0000] {logging_mixin.py:117} INFO - [2022-09-24T19:56:12.705+0000] {dagbag.py:525} INFO - Filling up the DagBag from /home/airflow/.local/lib/python3.7/site-packages/airflow/example_dags/example_task_group_decorator.py
[2022-09-24T19:56:12.803+0000] {processor.py:768} INFO - DAG(s) dict_keys(['example_task_group_decorator']) retrieved from /home/airflow/.local/lib/python3.7/site-packages/airflow/example_dags/example_task_group_decorator.py
[2022-09-24T19:56:12.898+0000] {logging_mixin.py:117} INFO - [2022-09-24T19:56:12.898+0000] {dag.py:2573} INFO - Sync 1 DAGs
[2022-09-24T19:56:12.953+0000] {logging_mixin.py:117} INFO - [2022-09-24T19:56:12.953+0000] {dag.py:3328} INFO - Setting next_dagrun for example_task_group_decorator to 2022-09-23T19:56:12.952683+00:00, run_after=2022-09-24T19:56:12.952683+00:00
[2022-09-24T19:56:12.993+0000] {processor.py:178} INFO - Processing /home/airflow/.local/lib/python3.7/site-packages/airflow/example_dags/example_task_group_decorator.py took 0.313 seconds
[2022-09-24T19:56:43.729+0000] {processor.py:156} INFO - Started process (PID=2451) to work on /home/airflow/.local/lib/python3.7/site-packages/airflow/example_dags/example_task_group_decorator.py
[2022-09-24T19:56:43.746+0000] {processor.py:758} INFO - Processing file /home/airflow/.local/lib/python3.7/site-packages/airflow/example_dags/example_task_group_decorator.py for tasks to queue
[2022-09-24T19:56:43.760+0000] {logging_mixin.py:117} INFO - [2022-09-24T19:56:43.760+0000] {dagbag.py:525} INFO - Filling up the DagBag from /home/airflow/.local/lib/python3.7/site-packages/airflow/example_dags/example_task_group_decorator.py
[2022-09-24T19:56:44.201+0000] {processor.py:768} INFO - DAG(s) dict_keys(['example_task_group_decorator']) retrieved from /home/airflow/.local/lib/python3.7/site-packages/airflow/example_dags/example_task_group_decorator.py
[2022-09-24T19:56:44.334+0000] {logging_mixin.py:117} INFO - [2022-09-24T19:56:44.334+0000] {dag.py:2573} INFO - Sync 1 DAGs
[2022-09-24T19:56:44.406+0000] {logging_mixin.py:117} INFO - [2022-09-24T19:56:44.405+0000] {dag.py:3328} INFO - Setting next_dagrun for example_task_group_decorator to 2022-09-23T19:56:44.405601+00:00, run_after=2022-09-24T19:56:44.405601+00:00
[2022-09-24T19:56:44.468+0000] {processor.py:178} INFO - Processing /home/airflow/.local/lib/python3.7/site-packages/airflow/example_dags/example_task_group_decorator.py took 0.756 seconds
[2022-09-24T19:57:14.909+0000] {processor.py:156} INFO - Started process (PID=2650) to work on /home/airflow/.local/lib/python3.7/site-packages/airflow/example_dags/example_task_group_decorator.py
[2022-09-24T19:57:14.915+0000] {processor.py:758} INFO - Processing file /home/airflow/.local/lib/python3.7/site-packages/airflow/example_dags/example_task_group_decorator.py for tasks to queue
[2022-09-24T19:57:14.921+0000] {logging_mixin.py:117} INFO - [2022-09-24T19:57:14.921+0000] {dagbag.py:525} INFO - Filling up the DagBag from /home/airflow/.local/lib/python3.7/site-packages/airflow/example_dags/example_task_group_decorator.py
[2022-09-24T19:57:15.279+0000] {processor.py:768} INFO - DAG(s) dict_keys(['example_task_group_decorator']) retrieved from /home/airflow/.local/lib/python3.7/site-packages/airflow/example_dags/example_task_group_decorator.py
[2022-09-24T19:57:15.456+0000] {logging_mixin.py:117} INFO - [2022-09-24T19:57:15.456+0000] {dag.py:2573} INFO - Sync 1 DAGs
[2022-09-24T19:57:15.594+0000] {logging_mixin.py:117} INFO - [2022-09-24T19:57:15.594+0000] {dag.py:3328} INFO - Setting next_dagrun for example_task_group_decorator to 2022-09-23T19:57:15.593666+00:00, run_after=2022-09-24T19:57:15.593666+00:00
[2022-09-24T19:57:15.668+0000] {processor.py:178} INFO - Processing /home/airflow/.local/lib/python3.7/site-packages/airflow/example_dags/example_task_group_decorator.py took 0.791 seconds
[2022-09-24T19:57:46.334+0000] {processor.py:156} INFO - Started process (PID=2845) to work on /home/airflow/.local/lib/python3.7/site-packages/airflow/example_dags/example_task_group_decorator.py
[2022-09-24T19:57:46.339+0000] {processor.py:758} INFO - Processing file /home/airflow/.local/lib/python3.7/site-packages/airflow/example_dags/example_task_group_decorator.py for tasks to queue
[2022-09-24T19:57:46.345+0000] {logging_mixin.py:117} INFO - [2022-09-24T19:57:46.342+0000] {dagbag.py:525} INFO - Filling up the DagBag from /home/airflow/.local/lib/python3.7/site-packages/airflow/example_dags/example_task_group_decorator.py
[2022-09-24T19:57:46.416+0000] {processor.py:768} INFO - DAG(s) dict_keys(['example_task_group_decorator']) retrieved from /home/airflow/.local/lib/python3.7/site-packages/airflow/example_dags/example_task_group_decorator.py
[2022-09-24T19:57:46.518+0000] {logging_mixin.py:117} INFO - [2022-09-24T19:57:46.518+0000] {dag.py:2573} INFO - Sync 1 DAGs
[2022-09-24T19:57:46.590+0000] {logging_mixin.py:117} INFO - [2022-09-24T19:57:46.590+0000] {dag.py:3328} INFO - Setting next_dagrun for example_task_group_decorator to 2022-09-23T19:57:46.589789+00:00, run_after=2022-09-24T19:57:46.589789+00:00
[2022-09-24T19:57:46.641+0000] {processor.py:178} INFO - Processing /home/airflow/.local/lib/python3.7/site-packages/airflow/example_dags/example_task_group_decorator.py took 0.318 seconds
[2022-09-24T19:58:17.156+0000] {processor.py:156} INFO - Started process (PID=3044) to work on /home/airflow/.local/lib/python3.7/site-packages/airflow/example_dags/example_task_group_decorator.py
[2022-09-24T19:58:17.162+0000] {processor.py:758} INFO - Processing file /home/airflow/.local/lib/python3.7/site-packages/airflow/example_dags/example_task_group_decorator.py for tasks to queue
[2022-09-24T19:58:17.173+0000] {logging_mixin.py:117} INFO - [2022-09-24T19:58:17.173+0000] {dagbag.py:525} INFO - Filling up the DagBag from /home/airflow/.local/lib/python3.7/site-packages/airflow/example_dags/example_task_group_decorator.py
[2022-09-24T19:58:17.265+0000] {processor.py:768} INFO - DAG(s) dict_keys(['example_task_group_decorator']) retrieved from /home/airflow/.local/lib/python3.7/site-packages/airflow/example_dags/example_task_group_decorator.py
[2022-09-24T19:58:17.380+0000] {logging_mixin.py:117} INFO - [2022-09-24T19:58:17.380+0000] {dag.py:2573} INFO - Sync 1 DAGs
[2022-09-24T19:58:17.425+0000] {logging_mixin.py:117} INFO - [2022-09-24T19:58:17.425+0000] {dag.py:3328} INFO - Setting next_dagrun for example_task_group_decorator to 2022-09-23T19:58:17.424862+00:00, run_after=2022-09-24T19:58:17.424862+00:00
[2022-09-24T19:58:17.463+0000] {processor.py:178} INFO - Processing /home/airflow/.local/lib/python3.7/site-packages/airflow/example_dags/example_task_group_decorator.py took 0.321 seconds
[2022-09-24T19:58:48.403+0000] {processor.py:156} INFO - Started process (PID=3242) to work on /home/airflow/.local/lib/python3.7/site-packages/airflow/example_dags/example_task_group_decorator.py
[2022-09-24T19:58:48.409+0000] {processor.py:758} INFO - Processing file /home/airflow/.local/lib/python3.7/site-packages/airflow/example_dags/example_task_group_decorator.py for tasks to queue
[2022-09-24T19:58:48.417+0000] {logging_mixin.py:117} INFO - [2022-09-24T19:58:48.416+0000] {dagbag.py:525} INFO - Filling up the DagBag from /home/airflow/.local/lib/python3.7/site-packages/airflow/example_dags/example_task_group_decorator.py
[2022-09-24T19:58:48.546+0000] {processor.py:768} INFO - DAG(s) dict_keys(['example_task_group_decorator']) retrieved from /home/airflow/.local/lib/python3.7/site-packages/airflow/example_dags/example_task_group_decorator.py
[2022-09-24T19:58:48.639+0000] {logging_mixin.py:117} INFO - [2022-09-24T19:58:48.639+0000] {dag.py:2573} INFO - Sync 1 DAGs
[2022-09-24T19:58:48.697+0000] {logging_mixin.py:117} INFO - [2022-09-24T19:58:48.697+0000] {dag.py:3328} INFO - Setting next_dagrun for example_task_group_decorator to 2022-09-23T19:58:48.696857+00:00, run_after=2022-09-24T19:58:48.696857+00:00
[2022-09-24T19:58:48.736+0000] {processor.py:178} INFO - Processing /home/airflow/.local/lib/python3.7/site-packages/airflow/example_dags/example_task_group_decorator.py took 0.351 seconds
[2022-09-24T19:59:18.949+0000] {processor.py:156} INFO - Started process (PID=3440) to work on /home/airflow/.local/lib/python3.7/site-packages/airflow/example_dags/example_task_group_decorator.py
[2022-09-24T19:59:18.957+0000] {processor.py:758} INFO - Processing file /home/airflow/.local/lib/python3.7/site-packages/airflow/example_dags/example_task_group_decorator.py for tasks to queue
[2022-09-24T19:59:18.964+0000] {logging_mixin.py:117} INFO - [2022-09-24T19:59:18.963+0000] {dagbag.py:525} INFO - Filling up the DagBag from /home/airflow/.local/lib/python3.7/site-packages/airflow/example_dags/example_task_group_decorator.py
[2022-09-24T19:59:19.094+0000] {processor.py:768} INFO - DAG(s) dict_keys(['example_task_group_decorator']) retrieved from /home/airflow/.local/lib/python3.7/site-packages/airflow/example_dags/example_task_group_decorator.py
[2022-09-24T19:59:19.220+0000] {logging_mixin.py:117} INFO - [2022-09-24T19:59:19.220+0000] {dag.py:2573} INFO - Sync 1 DAGs
[2022-09-24T19:59:19.299+0000] {logging_mixin.py:117} INFO - [2022-09-24T19:59:19.299+0000] {dag.py:3328} INFO - Setting next_dagrun for example_task_group_decorator to 2022-09-23T19:59:19.298564+00:00, run_after=2022-09-24T19:59:19.298564+00:00
[2022-09-24T19:59:19.359+0000] {processor.py:178} INFO - Processing /home/airflow/.local/lib/python3.7/site-packages/airflow/example_dags/example_task_group_decorator.py took 0.424 seconds
[2022-09-24T19:59:49.850+0000] {processor.py:156} INFO - Started process (PID=3639) to work on /home/airflow/.local/lib/python3.7/site-packages/airflow/example_dags/example_task_group_decorator.py
[2022-09-24T19:59:49.862+0000] {processor.py:758} INFO - Processing file /home/airflow/.local/lib/python3.7/site-packages/airflow/example_dags/example_task_group_decorator.py for tasks to queue
[2022-09-24T19:59:49.873+0000] {logging_mixin.py:117} INFO - [2022-09-24T19:59:49.872+0000] {dagbag.py:525} INFO - Filling up the DagBag from /home/airflow/.local/lib/python3.7/site-packages/airflow/example_dags/example_task_group_decorator.py
[2022-09-24T19:59:50.052+0000] {processor.py:768} INFO - DAG(s) dict_keys(['example_task_group_decorator']) retrieved from /home/airflow/.local/lib/python3.7/site-packages/airflow/example_dags/example_task_group_decorator.py
[2022-09-24T19:59:50.368+0000] {logging_mixin.py:117} INFO - [2022-09-24T19:59:50.364+0000] {dag.py:2573} INFO - Sync 1 DAGs
[2022-09-24T19:59:50.522+0000] {logging_mixin.py:117} INFO - [2022-09-24T19:59:50.522+0000] {dag.py:3328} INFO - Setting next_dagrun for example_task_group_decorator to 2022-09-23T19:59:50.521758+00:00, run_after=2022-09-24T19:59:50.521758+00:00
[2022-09-24T19:59:50.567+0000] {processor.py:178} INFO - Processing /home/airflow/.local/lib/python3.7/site-packages/airflow/example_dags/example_task_group_decorator.py took 0.731 seconds
[2022-09-24T20:00:20.812+0000] {processor.py:156} INFO - Started process (PID=3837) to work on /home/airflow/.local/lib/python3.7/site-packages/airflow/example_dags/example_task_group_decorator.py
[2022-09-24T20:00:20.823+0000] {processor.py:758} INFO - Processing file /home/airflow/.local/lib/python3.7/site-packages/airflow/example_dags/example_task_group_decorator.py for tasks to queue
[2022-09-24T20:00:20.828+0000] {logging_mixin.py:117} INFO - [2022-09-24T20:00:20.828+0000] {dagbag.py:525} INFO - Filling up the DagBag from /home/airflow/.local/lib/python3.7/site-packages/airflow/example_dags/example_task_group_decorator.py
[2022-09-24T20:00:20.903+0000] {processor.py:768} INFO - DAG(s) dict_keys(['example_task_group_decorator']) retrieved from /home/airflow/.local/lib/python3.7/site-packages/airflow/example_dags/example_task_group_decorator.py
[2022-09-24T20:00:21.004+0000] {logging_mixin.py:117} INFO - [2022-09-24T20:00:21.004+0000] {dag.py:2573} INFO - Sync 1 DAGs
[2022-09-24T20:00:21.055+0000] {logging_mixin.py:117} INFO - [2022-09-24T20:00:21.055+0000] {dag.py:3328} INFO - Setting next_dagrun for example_task_group_decorator to 2022-09-23T20:00:21.054992+00:00, run_after=2022-09-24T20:00:21.054992+00:00
[2022-09-24T20:00:21.097+0000] {processor.py:178} INFO - Processing /home/airflow/.local/lib/python3.7/site-packages/airflow/example_dags/example_task_group_decorator.py took 0.294 seconds
[2022-09-24T20:00:52.419+0000] {processor.py:156} INFO - Started process (PID=4037) to work on /home/airflow/.local/lib/python3.7/site-packages/airflow/example_dags/example_task_group_decorator.py
[2022-09-24T20:00:52.423+0000] {processor.py:758} INFO - Processing file /home/airflow/.local/lib/python3.7/site-packages/airflow/example_dags/example_task_group_decorator.py for tasks to queue
[2022-09-24T20:00:52.425+0000] {logging_mixin.py:117} INFO - [2022-09-24T20:00:52.425+0000] {dagbag.py:525} INFO - Filling up the DagBag from /home/airflow/.local/lib/python3.7/site-packages/airflow/example_dags/example_task_group_decorator.py
[2022-09-24T20:00:52.502+0000] {processor.py:768} INFO - DAG(s) dict_keys(['example_task_group_decorator']) retrieved from /home/airflow/.local/lib/python3.7/site-packages/airflow/example_dags/example_task_group_decorator.py
[2022-09-24T20:00:52.609+0000] {logging_mixin.py:117} INFO - [2022-09-24T20:00:52.609+0000] {dag.py:2573} INFO - Sync 1 DAGs
[2022-09-24T20:00:52.713+0000] {logging_mixin.py:117} INFO - [2022-09-24T20:00:52.712+0000] {dag.py:3328} INFO - Setting next_dagrun for example_task_group_decorator to 2022-09-23T20:00:52.711115+00:00, run_after=2022-09-24T20:00:52.711115+00:00
[2022-09-24T20:00:52.820+0000] {processor.py:178} INFO - Processing /home/airflow/.local/lib/python3.7/site-packages/airflow/example_dags/example_task_group_decorator.py took 0.409 seconds
[2022-09-24T20:01:23.989+0000] {processor.py:156} INFO - Started process (PID=4237) to work on /home/airflow/.local/lib/python3.7/site-packages/airflow/example_dags/example_task_group_decorator.py
[2022-09-24T20:01:23.993+0000] {processor.py:758} INFO - Processing file /home/airflow/.local/lib/python3.7/site-packages/airflow/example_dags/example_task_group_decorator.py for tasks to queue
[2022-09-24T20:01:23.997+0000] {logging_mixin.py:117} INFO - [2022-09-24T20:01:23.997+0000] {dagbag.py:525} INFO - Filling up the DagBag from /home/airflow/.local/lib/python3.7/site-packages/airflow/example_dags/example_task_group_decorator.py
[2022-09-24T20:01:24.061+0000] {processor.py:768} INFO - DAG(s) dict_keys(['example_task_group_decorator']) retrieved from /home/airflow/.local/lib/python3.7/site-packages/airflow/example_dags/example_task_group_decorator.py
[2022-09-24T20:01:24.138+0000] {logging_mixin.py:117} INFO - [2022-09-24T20:01:24.137+0000] {dag.py:2573} INFO - Sync 1 DAGs
[2022-09-24T20:01:24.195+0000] {logging_mixin.py:117} INFO - [2022-09-24T20:01:24.195+0000] {dag.py:3328} INFO - Setting next_dagrun for example_task_group_decorator to 2022-09-23T20:01:24.194960+00:00, run_after=2022-09-24T20:01:24.194960+00:00
[2022-09-24T20:01:24.258+0000] {processor.py:178} INFO - Processing /home/airflow/.local/lib/python3.7/site-packages/airflow/example_dags/example_task_group_decorator.py took 0.278 seconds
[2022-09-24T20:01:54.590+0000] {processor.py:156} INFO - Started process (PID=4433) to work on /home/airflow/.local/lib/python3.7/site-packages/airflow/example_dags/example_task_group_decorator.py
[2022-09-24T20:01:54.605+0000] {processor.py:758} INFO - Processing file /home/airflow/.local/lib/python3.7/site-packages/airflow/example_dags/example_task_group_decorator.py for tasks to queue
[2022-09-24T20:01:54.616+0000] {logging_mixin.py:117} INFO - [2022-09-24T20:01:54.614+0000] {dagbag.py:525} INFO - Filling up the DagBag from /home/airflow/.local/lib/python3.7/site-packages/airflow/example_dags/example_task_group_decorator.py
[2022-09-24T20:01:54.725+0000] {processor.py:768} INFO - DAG(s) dict_keys(['example_task_group_decorator']) retrieved from /home/airflow/.local/lib/python3.7/site-packages/airflow/example_dags/example_task_group_decorator.py
[2022-09-24T20:01:54.825+0000] {logging_mixin.py:117} INFO - [2022-09-24T20:01:54.825+0000] {dag.py:2573} INFO - Sync 1 DAGs
[2022-09-24T20:01:54.875+0000] {logging_mixin.py:117} INFO - [2022-09-24T20:01:54.875+0000] {dag.py:3328} INFO - Setting next_dagrun for example_task_group_decorator to 2022-09-23T20:01:54.874850+00:00, run_after=2022-09-24T20:01:54.874850+00:00
[2022-09-24T20:01:54.919+0000] {processor.py:178} INFO - Processing /home/airflow/.local/lib/python3.7/site-packages/airflow/example_dags/example_task_group_decorator.py took 0.342 seconds
[2022-09-24T20:02:25.450+0000] {processor.py:156} INFO - Started process (PID=4629) to work on /home/airflow/.local/lib/python3.7/site-packages/airflow/example_dags/example_task_group_decorator.py
[2022-09-24T20:02:25.455+0000] {processor.py:758} INFO - Processing file /home/airflow/.local/lib/python3.7/site-packages/airflow/example_dags/example_task_group_decorator.py for tasks to queue
[2022-09-24T20:02:25.457+0000] {logging_mixin.py:117} INFO - [2022-09-24T20:02:25.457+0000] {dagbag.py:525} INFO - Filling up the DagBag from /home/airflow/.local/lib/python3.7/site-packages/airflow/example_dags/example_task_group_decorator.py
[2022-09-24T20:02:25.541+0000] {processor.py:768} INFO - DAG(s) dict_keys(['example_task_group_decorator']) retrieved from /home/airflow/.local/lib/python3.7/site-packages/airflow/example_dags/example_task_group_decorator.py
[2022-09-24T20:02:25.620+0000] {logging_mixin.py:117} INFO - [2022-09-24T20:02:25.620+0000] {dag.py:2573} INFO - Sync 1 DAGs
[2022-09-24T20:02:25.687+0000] {logging_mixin.py:117} INFO - [2022-09-24T20:02:25.687+0000] {dag.py:3328} INFO - Setting next_dagrun for example_task_group_decorator to 2022-09-23T20:02:25.686107+00:00, run_after=2022-09-24T20:02:25.686107+00:00
[2022-09-24T20:02:25.757+0000] {processor.py:178} INFO - Processing /home/airflow/.local/lib/python3.7/site-packages/airflow/example_dags/example_task_group_decorator.py took 0.314 seconds
[2022-09-24T20:02:56.794+0000] {processor.py:156} INFO - Started process (PID=4837) to work on /home/airflow/.local/lib/python3.7/site-packages/airflow/example_dags/example_task_group_decorator.py
[2022-09-24T20:02:56.806+0000] {processor.py:758} INFO - Processing file /home/airflow/.local/lib/python3.7/site-packages/airflow/example_dags/example_task_group_decorator.py for tasks to queue
[2022-09-24T20:02:56.809+0000] {logging_mixin.py:117} INFO - [2022-09-24T20:02:56.808+0000] {dagbag.py:525} INFO - Filling up the DagBag from /home/airflow/.local/lib/python3.7/site-packages/airflow/example_dags/example_task_group_decorator.py
[2022-09-24T20:02:56.957+0000] {processor.py:768} INFO - DAG(s) dict_keys(['example_task_group_decorator']) retrieved from /home/airflow/.local/lib/python3.7/site-packages/airflow/example_dags/example_task_group_decorator.py
[2022-09-24T20:02:57.058+0000] {logging_mixin.py:117} INFO - [2022-09-24T20:02:57.057+0000] {dag.py:2573} INFO - Sync 1 DAGs
[2022-09-24T20:02:57.111+0000] {logging_mixin.py:117} INFO - [2022-09-24T20:02:57.111+0000] {dag.py:3328} INFO - Setting next_dagrun for example_task_group_decorator to 2022-09-23T20:02:57.111251+00:00, run_after=2022-09-24T20:02:57.111251+00:00
[2022-09-24T20:02:57.153+0000] {processor.py:178} INFO - Processing /home/airflow/.local/lib/python3.7/site-packages/airflow/example_dags/example_task_group_decorator.py took 0.367 seconds
[2022-09-24T20:03:33.527+0000] {processor.py:156} INFO - Started process (PID=5031) to work on /home/airflow/.local/lib/python3.7/site-packages/airflow/example_dags/example_task_group_decorator.py
[2022-09-24T20:03:33.626+0000] {processor.py:758} INFO - Processing file /home/airflow/.local/lib/python3.7/site-packages/airflow/example_dags/example_task_group_decorator.py for tasks to queue
[2022-09-24T20:03:33.684+0000] {logging_mixin.py:117} INFO - [2022-09-24T20:03:33.684+0000] {dagbag.py:525} INFO - Filling up the DagBag from /home/airflow/.local/lib/python3.7/site-packages/airflow/example_dags/example_task_group_decorator.py
[2022-09-24T20:03:34.427+0000] {processor.py:768} INFO - DAG(s) dict_keys(['example_task_group_decorator']) retrieved from /home/airflow/.local/lib/python3.7/site-packages/airflow/example_dags/example_task_group_decorator.py
[2022-09-24T20:03:35.197+0000] {logging_mixin.py:117} INFO - [2022-09-24T20:03:35.196+0000] {dag.py:2573} INFO - Sync 1 DAGs
[2022-09-24T20:03:36.011+0000] {logging_mixin.py:117} INFO - [2022-09-24T20:03:36.011+0000] {dag.py:3328} INFO - Setting next_dagrun for example_task_group_decorator to 2022-09-23T20:03:36.010771+00:00, run_after=2022-09-24T20:03:36.010771+00:00
[2022-09-24T20:03:36.173+0000] {processor.py:178} INFO - Processing /home/airflow/.local/lib/python3.7/site-packages/airflow/example_dags/example_task_group_decorator.py took 2.698 seconds
[2022-09-24T20:04:06.698+0000] {processor.py:156} INFO - Started process (PID=5231) to work on /home/airflow/.local/lib/python3.7/site-packages/airflow/example_dags/example_task_group_decorator.py
[2022-09-24T20:04:06.702+0000] {processor.py:758} INFO - Processing file /home/airflow/.local/lib/python3.7/site-packages/airflow/example_dags/example_task_group_decorator.py for tasks to queue
[2022-09-24T20:04:06.704+0000] {logging_mixin.py:117} INFO - [2022-09-24T20:04:06.704+0000] {dagbag.py:525} INFO - Filling up the DagBag from /home/airflow/.local/lib/python3.7/site-packages/airflow/example_dags/example_task_group_decorator.py
[2022-09-24T20:04:06.816+0000] {processor.py:768} INFO - DAG(s) dict_keys(['example_task_group_decorator']) retrieved from /home/airflow/.local/lib/python3.7/site-packages/airflow/example_dags/example_task_group_decorator.py
[2022-09-24T20:04:06.910+0000] {logging_mixin.py:117} INFO - [2022-09-24T20:04:06.910+0000] {dag.py:2573} INFO - Sync 1 DAGs
[2022-09-24T20:04:06.963+0000] {logging_mixin.py:117} INFO - [2022-09-24T20:04:06.962+0000] {dag.py:3328} INFO - Setting next_dagrun for example_task_group_decorator to 2022-09-23T20:04:06.962324+00:00, run_after=2022-09-24T20:04:06.962324+00:00
[2022-09-24T20:04:07.003+0000] {processor.py:178} INFO - Processing /home/airflow/.local/lib/python3.7/site-packages/airflow/example_dags/example_task_group_decorator.py took 0.311 seconds
[2022-09-24T20:04:37.258+0000] {processor.py:156} INFO - Started process (PID=5438) to work on /home/airflow/.local/lib/python3.7/site-packages/airflow/example_dags/example_task_group_decorator.py
[2022-09-24T20:04:37.265+0000] {processor.py:758} INFO - Processing file /home/airflow/.local/lib/python3.7/site-packages/airflow/example_dags/example_task_group_decorator.py for tasks to queue
[2022-09-24T20:04:37.269+0000] {logging_mixin.py:117} INFO - [2022-09-24T20:04:37.269+0000] {dagbag.py:525} INFO - Filling up the DagBag from /home/airflow/.local/lib/python3.7/site-packages/airflow/example_dags/example_task_group_decorator.py
[2022-09-24T20:04:37.358+0000] {processor.py:768} INFO - DAG(s) dict_keys(['example_task_group_decorator']) retrieved from /home/airflow/.local/lib/python3.7/site-packages/airflow/example_dags/example_task_group_decorator.py
[2022-09-24T20:04:37.487+0000] {logging_mixin.py:117} INFO - [2022-09-24T20:04:37.487+0000] {dag.py:2573} INFO - Sync 1 DAGs
[2022-09-24T20:04:37.554+0000] {logging_mixin.py:117} INFO - [2022-09-24T20:04:37.554+0000] {dag.py:3328} INFO - Setting next_dagrun for example_task_group_decorator to 2022-09-23T20:04:37.553915+00:00, run_after=2022-09-24T20:04:37.553915+00:00
[2022-09-24T20:04:37.602+0000] {processor.py:178} INFO - Processing /home/airflow/.local/lib/python3.7/site-packages/airflow/example_dags/example_task_group_decorator.py took 0.368 seconds
[2022-09-24T20:05:07.944+0000] {processor.py:156} INFO - Started process (PID=5636) to work on /home/airflow/.local/lib/python3.7/site-packages/airflow/example_dags/example_task_group_decorator.py
[2022-09-24T20:05:07.953+0000] {processor.py:758} INFO - Processing file /home/airflow/.local/lib/python3.7/site-packages/airflow/example_dags/example_task_group_decorator.py for tasks to queue
[2022-09-24T20:05:07.955+0000] {logging_mixin.py:117} INFO - [2022-09-24T20:05:07.955+0000] {dagbag.py:525} INFO - Filling up the DagBag from /home/airflow/.local/lib/python3.7/site-packages/airflow/example_dags/example_task_group_decorator.py
[2022-09-24T20:05:08.119+0000] {processor.py:768} INFO - DAG(s) dict_keys(['example_task_group_decorator']) retrieved from /home/airflow/.local/lib/python3.7/site-packages/airflow/example_dags/example_task_group_decorator.py
[2022-09-24T20:05:08.338+0000] {logging_mixin.py:117} INFO - [2022-09-24T20:05:08.338+0000] {dag.py:2573} INFO - Sync 1 DAGs
[2022-09-24T20:05:08.639+0000] {logging_mixin.py:117} INFO - [2022-09-24T20:05:08.639+0000] {dag.py:3328} INFO - Setting next_dagrun for example_task_group_decorator to 2022-09-23T20:05:08.638717+00:00, run_after=2022-09-24T20:05:08.638717+00:00
[2022-09-24T20:05:08.811+0000] {processor.py:178} INFO - Processing /home/airflow/.local/lib/python3.7/site-packages/airflow/example_dags/example_task_group_decorator.py took 0.891 seconds
[2022-09-24T20:05:38.972+0000] {processor.py:156} INFO - Started process (PID=5835) to work on /home/airflow/.local/lib/python3.7/site-packages/airflow/example_dags/example_task_group_decorator.py
[2022-09-24T20:05:38.978+0000] {processor.py:758} INFO - Processing file /home/airflow/.local/lib/python3.7/site-packages/airflow/example_dags/example_task_group_decorator.py for tasks to queue
[2022-09-24T20:05:38.995+0000] {logging_mixin.py:117} INFO - [2022-09-24T20:05:38.988+0000] {dagbag.py:525} INFO - Filling up the DagBag from /home/airflow/.local/lib/python3.7/site-packages/airflow/example_dags/example_task_group_decorator.py
[2022-09-24T20:05:39.136+0000] {processor.py:768} INFO - DAG(s) dict_keys(['example_task_group_decorator']) retrieved from /home/airflow/.local/lib/python3.7/site-packages/airflow/example_dags/example_task_group_decorator.py
[2022-09-24T20:05:39.389+0000] {logging_mixin.py:117} INFO - [2022-09-24T20:05:39.389+0000] {dag.py:2573} INFO - Sync 1 DAGs
[2022-09-24T20:05:39.849+0000] {logging_mixin.py:117} INFO - [2022-09-24T20:05:39.849+0000] {dag.py:3328} INFO - Setting next_dagrun for example_task_group_decorator to 2022-09-23T20:05:39.848492+00:00, run_after=2022-09-24T20:05:39.848492+00:00
[2022-09-24T20:05:39.959+0000] {processor.py:178} INFO - Processing /home/airflow/.local/lib/python3.7/site-packages/airflow/example_dags/example_task_group_decorator.py took 1.009 seconds
[2022-09-24T20:06:10.394+0000] {processor.py:156} INFO - Started process (PID=6038) to work on /home/airflow/.local/lib/python3.7/site-packages/airflow/example_dags/example_task_group_decorator.py
[2022-09-24T20:06:10.398+0000] {processor.py:758} INFO - Processing file /home/airflow/.local/lib/python3.7/site-packages/airflow/example_dags/example_task_group_decorator.py for tasks to queue
[2022-09-24T20:06:10.401+0000] {logging_mixin.py:117} INFO - [2022-09-24T20:06:10.400+0000] {dagbag.py:525} INFO - Filling up the DagBag from /home/airflow/.local/lib/python3.7/site-packages/airflow/example_dags/example_task_group_decorator.py
[2022-09-24T20:06:10.489+0000] {processor.py:768} INFO - DAG(s) dict_keys(['example_task_group_decorator']) retrieved from /home/airflow/.local/lib/python3.7/site-packages/airflow/example_dags/example_task_group_decorator.py
[2022-09-24T20:06:10.587+0000] {logging_mixin.py:117} INFO - [2022-09-24T20:06:10.586+0000] {dag.py:2573} INFO - Sync 1 DAGs
[2022-09-24T20:06:10.674+0000] {logging_mixin.py:117} INFO - [2022-09-24T20:06:10.673+0000] {dag.py:3328} INFO - Setting next_dagrun for example_task_group_decorator to 2022-09-23T20:06:10.673423+00:00, run_after=2022-09-24T20:06:10.673423+00:00
[2022-09-24T20:06:10.729+0000] {processor.py:178} INFO - Processing /home/airflow/.local/lib/python3.7/site-packages/airflow/example_dags/example_task_group_decorator.py took 0.345 seconds
[2022-09-24T20:06:41.168+0000] {processor.py:156} INFO - Started process (PID=6233) to work on /home/airflow/.local/lib/python3.7/site-packages/airflow/example_dags/example_task_group_decorator.py
[2022-09-24T20:06:41.179+0000] {processor.py:758} INFO - Processing file /home/airflow/.local/lib/python3.7/site-packages/airflow/example_dags/example_task_group_decorator.py for tasks to queue
[2022-09-24T20:06:41.185+0000] {logging_mixin.py:117} INFO - [2022-09-24T20:06:41.184+0000] {dagbag.py:525} INFO - Filling up the DagBag from /home/airflow/.local/lib/python3.7/site-packages/airflow/example_dags/example_task_group_decorator.py
[2022-09-24T20:06:41.307+0000] {processor.py:768} INFO - DAG(s) dict_keys(['example_task_group_decorator']) retrieved from /home/airflow/.local/lib/python3.7/site-packages/airflow/example_dags/example_task_group_decorator.py
[2022-09-24T20:06:41.433+0000] {logging_mixin.py:117} INFO - [2022-09-24T20:06:41.433+0000] {dag.py:2573} INFO - Sync 1 DAGs
[2022-09-24T20:06:41.491+0000] {logging_mixin.py:117} INFO - [2022-09-24T20:06:41.490+0000] {dag.py:3328} INFO - Setting next_dagrun for example_task_group_decorator to 2022-09-23T20:06:41.490205+00:00, run_after=2022-09-24T20:06:41.490205+00:00
[2022-09-24T20:06:41.531+0000] {processor.py:178} INFO - Processing /home/airflow/.local/lib/python3.7/site-packages/airflow/example_dags/example_task_group_decorator.py took 0.389 seconds
[2022-09-24T20:07:11.709+0000] {processor.py:156} INFO - Started process (PID=6432) to work on /home/airflow/.local/lib/python3.7/site-packages/airflow/example_dags/example_task_group_decorator.py
[2022-09-24T20:07:11.713+0000] {processor.py:758} INFO - Processing file /home/airflow/.local/lib/python3.7/site-packages/airflow/example_dags/example_task_group_decorator.py for tasks to queue
[2022-09-24T20:07:11.717+0000] {logging_mixin.py:117} INFO - [2022-09-24T20:07:11.717+0000] {dagbag.py:525} INFO - Filling up the DagBag from /home/airflow/.local/lib/python3.7/site-packages/airflow/example_dags/example_task_group_decorator.py
[2022-09-24T20:07:11.783+0000] {processor.py:768} INFO - DAG(s) dict_keys(['example_task_group_decorator']) retrieved from /home/airflow/.local/lib/python3.7/site-packages/airflow/example_dags/example_task_group_decorator.py
[2022-09-24T20:07:11.858+0000] {logging_mixin.py:117} INFO - [2022-09-24T20:07:11.857+0000] {dag.py:2573} INFO - Sync 1 DAGs
[2022-09-24T20:07:11.906+0000] {logging_mixin.py:117} INFO - [2022-09-24T20:07:11.906+0000] {dag.py:3328} INFO - Setting next_dagrun for example_task_group_decorator to 2022-09-23T20:07:11.906027+00:00, run_after=2022-09-24T20:07:11.906027+00:00
[2022-09-24T20:07:11.947+0000] {processor.py:178} INFO - Processing /home/airflow/.local/lib/python3.7/site-packages/airflow/example_dags/example_task_group_decorator.py took 0.247 seconds
[2022-09-24T20:07:42.251+0000] {processor.py:156} INFO - Started process (PID=6630) to work on /home/airflow/.local/lib/python3.7/site-packages/airflow/example_dags/example_task_group_decorator.py
[2022-09-24T20:07:42.255+0000] {processor.py:758} INFO - Processing file /home/airflow/.local/lib/python3.7/site-packages/airflow/example_dags/example_task_group_decorator.py for tasks to queue
[2022-09-24T20:07:42.258+0000] {logging_mixin.py:117} INFO - [2022-09-24T20:07:42.257+0000] {dagbag.py:525} INFO - Filling up the DagBag from /home/airflow/.local/lib/python3.7/site-packages/airflow/example_dags/example_task_group_decorator.py
[2022-09-24T20:07:42.336+0000] {processor.py:768} INFO - DAG(s) dict_keys(['example_task_group_decorator']) retrieved from /home/airflow/.local/lib/python3.7/site-packages/airflow/example_dags/example_task_group_decorator.py
[2022-09-24T20:07:42.415+0000] {logging_mixin.py:117} INFO - [2022-09-24T20:07:42.415+0000] {dag.py:2573} INFO - Sync 1 DAGs
[2022-09-24T20:07:42.459+0000] {logging_mixin.py:117} INFO - [2022-09-24T20:07:42.459+0000] {dag.py:3328} INFO - Setting next_dagrun for example_task_group_decorator to 2022-09-23T20:07:42.458739+00:00, run_after=2022-09-24T20:07:42.458739+00:00
[2022-09-24T20:07:42.505+0000] {processor.py:178} INFO - Processing /home/airflow/.local/lib/python3.7/site-packages/airflow/example_dags/example_task_group_decorator.py took 0.261 seconds
[2022-09-24T20:08:12.709+0000] {processor.py:156} INFO - Started process (PID=6834) to work on /home/airflow/.local/lib/python3.7/site-packages/airflow/example_dags/example_task_group_decorator.py
[2022-09-24T20:08:12.712+0000] {processor.py:758} INFO - Processing file /home/airflow/.local/lib/python3.7/site-packages/airflow/example_dags/example_task_group_decorator.py for tasks to queue
[2022-09-24T20:08:12.715+0000] {logging_mixin.py:117} INFO - [2022-09-24T20:08:12.715+0000] {dagbag.py:525} INFO - Filling up the DagBag from /home/airflow/.local/lib/python3.7/site-packages/airflow/example_dags/example_task_group_decorator.py
[2022-09-24T20:08:12.791+0000] {processor.py:768} INFO - DAG(s) dict_keys(['example_task_group_decorator']) retrieved from /home/airflow/.local/lib/python3.7/site-packages/airflow/example_dags/example_task_group_decorator.py
[2022-09-24T20:08:12.920+0000] {logging_mixin.py:117} INFO - [2022-09-24T20:08:12.919+0000] {dag.py:2573} INFO - Sync 1 DAGs
[2022-09-24T20:08:12.973+0000] {logging_mixin.py:117} INFO - [2022-09-24T20:08:12.973+0000] {dag.py:3328} INFO - Setting next_dagrun for example_task_group_decorator to 2022-09-23T20:08:12.973207+00:00, run_after=2022-09-24T20:08:12.973207+00:00
[2022-09-24T20:08:13.018+0000] {processor.py:178} INFO - Processing /home/airflow/.local/lib/python3.7/site-packages/airflow/example_dags/example_task_group_decorator.py took 0.317 seconds
[2022-09-24T20:08:43.847+0000] {processor.py:156} INFO - Started process (PID=7033) to work on /home/airflow/.local/lib/python3.7/site-packages/airflow/example_dags/example_task_group_decorator.py
[2022-09-24T20:08:43.853+0000] {processor.py:758} INFO - Processing file /home/airflow/.local/lib/python3.7/site-packages/airflow/example_dags/example_task_group_decorator.py for tasks to queue
[2022-09-24T20:08:43.863+0000] {logging_mixin.py:117} INFO - [2022-09-24T20:08:43.863+0000] {dagbag.py:525} INFO - Filling up the DagBag from /home/airflow/.local/lib/python3.7/site-packages/airflow/example_dags/example_task_group_decorator.py
[2022-09-24T20:08:44.032+0000] {processor.py:768} INFO - DAG(s) dict_keys(['example_task_group_decorator']) retrieved from /home/airflow/.local/lib/python3.7/site-packages/airflow/example_dags/example_task_group_decorator.py
[2022-09-24T20:08:44.136+0000] {logging_mixin.py:117} INFO - [2022-09-24T20:08:44.136+0000] {dag.py:2573} INFO - Sync 1 DAGs
[2022-09-24T20:08:44.202+0000] {logging_mixin.py:117} INFO - [2022-09-24T20:08:44.201+0000] {dag.py:3328} INFO - Setting next_dagrun for example_task_group_decorator to 2022-09-23T20:08:44.201326+00:00, run_after=2022-09-24T20:08:44.201326+00:00
[2022-09-24T20:08:44.274+0000] {processor.py:178} INFO - Processing /home/airflow/.local/lib/python3.7/site-packages/airflow/example_dags/example_task_group_decorator.py took 0.432 seconds
[2022-09-24T20:09:14.395+0000] {processor.py:156} INFO - Started process (PID=7241) to work on /home/airflow/.local/lib/python3.7/site-packages/airflow/example_dags/example_task_group_decorator.py
[2022-09-24T20:09:14.401+0000] {processor.py:758} INFO - Processing file /home/airflow/.local/lib/python3.7/site-packages/airflow/example_dags/example_task_group_decorator.py for tasks to queue
[2022-09-24T20:09:14.408+0000] {logging_mixin.py:117} INFO - [2022-09-24T20:09:14.407+0000] {dagbag.py:525} INFO - Filling up the DagBag from /home/airflow/.local/lib/python3.7/site-packages/airflow/example_dags/example_task_group_decorator.py
[2022-09-24T20:09:14.531+0000] {processor.py:768} INFO - DAG(s) dict_keys(['example_task_group_decorator']) retrieved from /home/airflow/.local/lib/python3.7/site-packages/airflow/example_dags/example_task_group_decorator.py
[2022-09-24T20:09:14.791+0000] {logging_mixin.py:117} INFO - [2022-09-24T20:09:14.791+0000] {dag.py:2573} INFO - Sync 1 DAGs
[2022-09-24T20:09:14.931+0000] {logging_mixin.py:117} INFO - [2022-09-24T20:09:14.930+0000] {dag.py:3328} INFO - Setting next_dagrun for example_task_group_decorator to 2022-09-23T20:09:14.928463+00:00, run_after=2022-09-24T20:09:14.928463+00:00
[2022-09-24T20:09:15.022+0000] {processor.py:178} INFO - Processing /home/airflow/.local/lib/python3.7/site-packages/airflow/example_dags/example_task_group_decorator.py took 0.656 seconds
[2022-09-24T20:09:45.095+0000] {processor.py:156} INFO - Started process (PID=7440) to work on /home/airflow/.local/lib/python3.7/site-packages/airflow/example_dags/example_task_group_decorator.py
[2022-09-24T20:09:45.101+0000] {processor.py:758} INFO - Processing file /home/airflow/.local/lib/python3.7/site-packages/airflow/example_dags/example_task_group_decorator.py for tasks to queue
[2022-09-24T20:09:45.111+0000] {logging_mixin.py:117} INFO - [2022-09-24T20:09:45.110+0000] {dagbag.py:525} INFO - Filling up the DagBag from /home/airflow/.local/lib/python3.7/site-packages/airflow/example_dags/example_task_group_decorator.py
[2022-09-24T20:09:45.189+0000] {processor.py:768} INFO - DAG(s) dict_keys(['example_task_group_decorator']) retrieved from /home/airflow/.local/lib/python3.7/site-packages/airflow/example_dags/example_task_group_decorator.py
[2022-09-24T20:09:45.297+0000] {logging_mixin.py:117} INFO - [2022-09-24T20:09:45.296+0000] {dag.py:2573} INFO - Sync 1 DAGs
[2022-09-24T20:09:45.357+0000] {logging_mixin.py:117} INFO - [2022-09-24T20:09:45.357+0000] {dag.py:3328} INFO - Setting next_dagrun for example_task_group_decorator to 2022-09-23T20:09:45.357155+00:00, run_after=2022-09-24T20:09:45.357155+00:00
[2022-09-24T20:09:45.429+0000] {processor.py:178} INFO - Processing /home/airflow/.local/lib/python3.7/site-packages/airflow/example_dags/example_task_group_decorator.py took 0.349 seconds
[2022-09-24T20:10:15.566+0000] {processor.py:156} INFO - Started process (PID=7638) to work on /home/airflow/.local/lib/python3.7/site-packages/airflow/example_dags/example_task_group_decorator.py
[2022-09-24T20:10:15.571+0000] {processor.py:758} INFO - Processing file /home/airflow/.local/lib/python3.7/site-packages/airflow/example_dags/example_task_group_decorator.py for tasks to queue
[2022-09-24T20:10:15.576+0000] {logging_mixin.py:117} INFO - [2022-09-24T20:10:15.576+0000] {dagbag.py:525} INFO - Filling up the DagBag from /home/airflow/.local/lib/python3.7/site-packages/airflow/example_dags/example_task_group_decorator.py
[2022-09-24T20:10:15.661+0000] {processor.py:768} INFO - DAG(s) dict_keys(['example_task_group_decorator']) retrieved from /home/airflow/.local/lib/python3.7/site-packages/airflow/example_dags/example_task_group_decorator.py
[2022-09-24T20:10:15.856+0000] {logging_mixin.py:117} INFO - [2022-09-24T20:10:15.855+0000] {dag.py:2573} INFO - Sync 1 DAGs
[2022-09-24T20:10:15.933+0000] {logging_mixin.py:117} INFO - [2022-09-24T20:10:15.932+0000] {dag.py:3328} INFO - Setting next_dagrun for example_task_group_decorator to 2022-09-23T20:10:15.932640+00:00, run_after=2022-09-24T20:10:15.932640+00:00
[2022-09-24T20:10:15.971+0000] {processor.py:178} INFO - Processing /home/airflow/.local/lib/python3.7/site-packages/airflow/example_dags/example_task_group_decorator.py took 0.421 seconds
[2022-09-24T20:10:46.282+0000] {processor.py:156} INFO - Started process (PID=7845) to work on /home/airflow/.local/lib/python3.7/site-packages/airflow/example_dags/example_task_group_decorator.py
[2022-09-24T20:10:46.288+0000] {processor.py:758} INFO - Processing file /home/airflow/.local/lib/python3.7/site-packages/airflow/example_dags/example_task_group_decorator.py for tasks to queue
[2022-09-24T20:10:46.292+0000] {logging_mixin.py:117} INFO - [2022-09-24T20:10:46.291+0000] {dagbag.py:525} INFO - Filling up the DagBag from /home/airflow/.local/lib/python3.7/site-packages/airflow/example_dags/example_task_group_decorator.py
[2022-09-24T20:10:46.439+0000] {processor.py:768} INFO - DAG(s) dict_keys(['example_task_group_decorator']) retrieved from /home/airflow/.local/lib/python3.7/site-packages/airflow/example_dags/example_task_group_decorator.py
[2022-09-24T20:10:46.530+0000] {logging_mixin.py:117} INFO - [2022-09-24T20:10:46.530+0000] {dag.py:2573} INFO - Sync 1 DAGs
[2022-09-24T20:10:46.599+0000] {logging_mixin.py:117} INFO - [2022-09-24T20:10:46.599+0000] {dag.py:3328} INFO - Setting next_dagrun for example_task_group_decorator to 2022-09-23T20:10:46.598776+00:00, run_after=2022-09-24T20:10:46.598776+00:00
[2022-09-24T20:10:46.663+0000] {processor.py:178} INFO - Processing /home/airflow/.local/lib/python3.7/site-packages/airflow/example_dags/example_task_group_decorator.py took 0.388 seconds
[2022-09-24T20:11:17.077+0000] {processor.py:156} INFO - Started process (PID=8042) to work on /home/airflow/.local/lib/python3.7/site-packages/airflow/example_dags/example_task_group_decorator.py
[2022-09-24T20:11:17.081+0000] {processor.py:758} INFO - Processing file /home/airflow/.local/lib/python3.7/site-packages/airflow/example_dags/example_task_group_decorator.py for tasks to queue
[2022-09-24T20:11:17.087+0000] {logging_mixin.py:117} INFO - [2022-09-24T20:11:17.086+0000] {dagbag.py:525} INFO - Filling up the DagBag from /home/airflow/.local/lib/python3.7/site-packages/airflow/example_dags/example_task_group_decorator.py
[2022-09-24T20:11:17.296+0000] {processor.py:768} INFO - DAG(s) dict_keys(['example_task_group_decorator']) retrieved from /home/airflow/.local/lib/python3.7/site-packages/airflow/example_dags/example_task_group_decorator.py
[2022-09-24T20:11:17.410+0000] {logging_mixin.py:117} INFO - [2022-09-24T20:11:17.409+0000] {dag.py:2573} INFO - Sync 1 DAGs
[2022-09-24T20:11:17.463+0000] {logging_mixin.py:117} INFO - [2022-09-24T20:11:17.463+0000] {dag.py:3328} INFO - Setting next_dagrun for example_task_group_decorator to 2022-09-23T20:11:17.462869+00:00, run_after=2022-09-24T20:11:17.462869+00:00
[2022-09-24T20:11:17.526+0000] {processor.py:178} INFO - Processing /home/airflow/.local/lib/python3.7/site-packages/airflow/example_dags/example_task_group_decorator.py took 0.459 seconds
[2022-09-24T20:11:47.694+0000] {processor.py:156} INFO - Started process (PID=8240) to work on /home/airflow/.local/lib/python3.7/site-packages/airflow/example_dags/example_task_group_decorator.py
[2022-09-24T20:11:47.696+0000] {processor.py:758} INFO - Processing file /home/airflow/.local/lib/python3.7/site-packages/airflow/example_dags/example_task_group_decorator.py for tasks to queue
[2022-09-24T20:11:47.700+0000] {logging_mixin.py:117} INFO - [2022-09-24T20:11:47.699+0000] {dagbag.py:525} INFO - Filling up the DagBag from /home/airflow/.local/lib/python3.7/site-packages/airflow/example_dags/example_task_group_decorator.py
[2022-09-24T20:11:47.793+0000] {processor.py:768} INFO - DAG(s) dict_keys(['example_task_group_decorator']) retrieved from /home/airflow/.local/lib/python3.7/site-packages/airflow/example_dags/example_task_group_decorator.py
[2022-09-24T20:11:47.912+0000] {logging_mixin.py:117} INFO - [2022-09-24T20:11:47.911+0000] {dag.py:2573} INFO - Sync 1 DAGs
[2022-09-24T20:11:47.975+0000] {logging_mixin.py:117} INFO - [2022-09-24T20:11:47.974+0000] {dag.py:3328} INFO - Setting next_dagrun for example_task_group_decorator to 2022-09-23T20:11:47.973994+00:00, run_after=2022-09-24T20:11:47.973994+00:00
[2022-09-24T20:11:48.031+0000] {processor.py:178} INFO - Processing /home/airflow/.local/lib/python3.7/site-packages/airflow/example_dags/example_task_group_decorator.py took 0.349 seconds
[2022-09-24T20:12:19.765+0000] {processor.py:156} INFO - Started process (PID=8444) to work on /home/airflow/.local/lib/python3.7/site-packages/airflow/example_dags/example_task_group_decorator.py
[2022-09-24T20:12:19.787+0000] {processor.py:758} INFO - Processing file /home/airflow/.local/lib/python3.7/site-packages/airflow/example_dags/example_task_group_decorator.py for tasks to queue
[2022-09-24T20:12:19.903+0000] {logging_mixin.py:117} INFO - [2022-09-24T20:12:19.902+0000] {dagbag.py:525} INFO - Filling up the DagBag from /home/airflow/.local/lib/python3.7/site-packages/airflow/example_dags/example_task_group_decorator.py
[2022-09-24T20:12:20.000+0000] {processor.py:768} INFO - DAG(s) dict_keys(['example_task_group_decorator']) retrieved from /home/airflow/.local/lib/python3.7/site-packages/airflow/example_dags/example_task_group_decorator.py
[2022-09-24T20:12:20.115+0000] {logging_mixin.py:117} INFO - [2022-09-24T20:12:20.115+0000] {dag.py:2573} INFO - Sync 1 DAGs
[2022-09-24T20:12:20.218+0000] {logging_mixin.py:117} INFO - [2022-09-24T20:12:20.218+0000] {dag.py:3328} INFO - Setting next_dagrun for example_task_group_decorator to 2022-09-23T20:12:20.217639+00:00, run_after=2022-09-24T20:12:20.217639+00:00
[2022-09-24T20:12:20.302+0000] {processor.py:178} INFO - Processing /home/airflow/.local/lib/python3.7/site-packages/airflow/example_dags/example_task_group_decorator.py took 0.596 seconds
[2022-09-24T20:12:52.396+0000] {processor.py:156} INFO - Started process (PID=8643) to work on /home/airflow/.local/lib/python3.7/site-packages/airflow/example_dags/example_task_group_decorator.py
[2022-09-24T20:12:52.410+0000] {processor.py:758} INFO - Processing file /home/airflow/.local/lib/python3.7/site-packages/airflow/example_dags/example_task_group_decorator.py for tasks to queue
[2022-09-24T20:12:52.417+0000] {logging_mixin.py:117} INFO - [2022-09-24T20:12:52.417+0000] {dagbag.py:525} INFO - Filling up the DagBag from /home/airflow/.local/lib/python3.7/site-packages/airflow/example_dags/example_task_group_decorator.py
[2022-09-24T20:12:52.864+0000] {processor.py:768} INFO - DAG(s) dict_keys(['example_task_group_decorator']) retrieved from /home/airflow/.local/lib/python3.7/site-packages/airflow/example_dags/example_task_group_decorator.py
[2022-09-24T20:12:53.038+0000] {logging_mixin.py:117} INFO - [2022-09-24T20:12:53.038+0000] {dag.py:2573} INFO - Sync 1 DAGs
[2022-09-24T20:12:53.166+0000] {logging_mixin.py:117} INFO - [2022-09-24T20:12:53.165+0000] {dag.py:3328} INFO - Setting next_dagrun for example_task_group_decorator to 2022-09-23T20:12:53.165346+00:00, run_after=2022-09-24T20:12:53.165346+00:00
[2022-09-24T20:12:53.273+0000] {processor.py:178} INFO - Processing /home/airflow/.local/lib/python3.7/site-packages/airflow/example_dags/example_task_group_decorator.py took 0.882 seconds
[2022-09-24T20:13:23.537+0000] {processor.py:156} INFO - Started process (PID=8841) to work on /home/airflow/.local/lib/python3.7/site-packages/airflow/example_dags/example_task_group_decorator.py
[2022-09-24T20:13:23.541+0000] {processor.py:758} INFO - Processing file /home/airflow/.local/lib/python3.7/site-packages/airflow/example_dags/example_task_group_decorator.py for tasks to queue
[2022-09-24T20:13:23.546+0000] {logging_mixin.py:117} INFO - [2022-09-24T20:13:23.545+0000] {dagbag.py:525} INFO - Filling up the DagBag from /home/airflow/.local/lib/python3.7/site-packages/airflow/example_dags/example_task_group_decorator.py
[2022-09-24T20:13:23.620+0000] {processor.py:768} INFO - DAG(s) dict_keys(['example_task_group_decorator']) retrieved from /home/airflow/.local/lib/python3.7/site-packages/airflow/example_dags/example_task_group_decorator.py
[2022-09-24T20:13:23.725+0000] {logging_mixin.py:117} INFO - [2022-09-24T20:13:23.724+0000] {dag.py:2573} INFO - Sync 1 DAGs
[2022-09-24T20:13:23.790+0000] {logging_mixin.py:117} INFO - [2022-09-24T20:13:23.790+0000] {dag.py:3328} INFO - Setting next_dagrun for example_task_group_decorator to 2022-09-23T20:13:23.788835+00:00, run_after=2022-09-24T20:13:23.788835+00:00
[2022-09-24T20:13:23.834+0000] {processor.py:178} INFO - Processing /home/airflow/.local/lib/python3.7/site-packages/airflow/example_dags/example_task_group_decorator.py took 0.308 seconds
[2022-09-24T20:13:54.355+0000] {processor.py:156} INFO - Started process (PID=9041) to work on /home/airflow/.local/lib/python3.7/site-packages/airflow/example_dags/example_task_group_decorator.py
[2022-09-24T20:13:54.358+0000] {processor.py:758} INFO - Processing file /home/airflow/.local/lib/python3.7/site-packages/airflow/example_dags/example_task_group_decorator.py for tasks to queue
[2022-09-24T20:13:54.362+0000] {logging_mixin.py:117} INFO - [2022-09-24T20:13:54.361+0000] {dagbag.py:525} INFO - Filling up the DagBag from /home/airflow/.local/lib/python3.7/site-packages/airflow/example_dags/example_task_group_decorator.py
[2022-09-24T20:13:54.427+0000] {processor.py:768} INFO - DAG(s) dict_keys(['example_task_group_decorator']) retrieved from /home/airflow/.local/lib/python3.7/site-packages/airflow/example_dags/example_task_group_decorator.py
[2022-09-24T20:13:54.509+0000] {logging_mixin.py:117} INFO - [2022-09-24T20:13:54.508+0000] {dag.py:2573} INFO - Sync 1 DAGs
[2022-09-24T20:13:54.577+0000] {logging_mixin.py:117} INFO - [2022-09-24T20:13:54.577+0000] {dag.py:3328} INFO - Setting next_dagrun for example_task_group_decorator to 2022-09-23T20:13:54.576640+00:00, run_after=2022-09-24T20:13:54.576640+00:00
[2022-09-24T20:13:54.627+0000] {processor.py:178} INFO - Processing /home/airflow/.local/lib/python3.7/site-packages/airflow/example_dags/example_task_group_decorator.py took 0.285 seconds
[2022-09-24T20:14:31.232+0000] {processor.py:156} INFO - Started process (PID=9209) to work on /home/airflow/.local/lib/python3.7/site-packages/airflow/example_dags/example_task_group_decorator.py
[2022-09-24T20:14:31.235+0000] {processor.py:758} INFO - Processing file /home/airflow/.local/lib/python3.7/site-packages/airflow/example_dags/example_task_group_decorator.py for tasks to queue
[2022-09-24T20:14:31.243+0000] {logging_mixin.py:117} INFO - [2022-09-24T20:14:31.242+0000] {dagbag.py:525} INFO - Filling up the DagBag from /home/airflow/.local/lib/python3.7/site-packages/airflow/example_dags/example_task_group_decorator.py
[2022-09-24T20:14:31.447+0000] {processor.py:768} INFO - DAG(s) dict_keys(['example_task_group_decorator']) retrieved from /home/airflow/.local/lib/python3.7/site-packages/airflow/example_dags/example_task_group_decorator.py
[2022-09-24T20:14:31.788+0000] {logging_mixin.py:117} INFO - [2022-09-24T20:14:31.787+0000] {dag.py:2573} INFO - Sync 1 DAGs
[2022-09-24T20:14:32.066+0000] {logging_mixin.py:117} INFO - [2022-09-24T20:14:32.066+0000] {dag.py:3328} INFO - Setting next_dagrun for example_task_group_decorator to 2022-09-23T20:14:32.066100+00:00, run_after=2022-09-24T20:14:32.066100+00:00
[2022-09-24T20:14:32.214+0000] {processor.py:178} INFO - Processing /home/airflow/.local/lib/python3.7/site-packages/airflow/example_dags/example_task_group_decorator.py took 0.995 seconds
[2022-09-24T20:15:02.473+0000] {processor.py:156} INFO - Started process (PID=9407) to work on /home/airflow/.local/lib/python3.7/site-packages/airflow/example_dags/example_task_group_decorator.py
[2022-09-24T20:15:02.486+0000] {processor.py:758} INFO - Processing file /home/airflow/.local/lib/python3.7/site-packages/airflow/example_dags/example_task_group_decorator.py for tasks to queue
[2022-09-24T20:15:02.494+0000] {logging_mixin.py:117} INFO - [2022-09-24T20:15:02.493+0000] {dagbag.py:525} INFO - Filling up the DagBag from /home/airflow/.local/lib/python3.7/site-packages/airflow/example_dags/example_task_group_decorator.py
[2022-09-24T20:15:02.648+0000] {processor.py:768} INFO - DAG(s) dict_keys(['example_task_group_decorator']) retrieved from /home/airflow/.local/lib/python3.7/site-packages/airflow/example_dags/example_task_group_decorator.py
[2022-09-24T20:15:02.867+0000] {logging_mixin.py:117} INFO - [2022-09-24T20:15:02.867+0000] {dag.py:2573} INFO - Sync 1 DAGs
[2022-09-24T20:15:03.397+0000] {logging_mixin.py:117} INFO - [2022-09-24T20:15:03.396+0000] {dag.py:3328} INFO - Setting next_dagrun for example_task_group_decorator to 2022-09-23T20:15:03.396344+00:00, run_after=2022-09-24T20:15:03.396344+00:00
[2022-09-24T20:15:03.682+0000] {processor.py:178} INFO - Processing /home/airflow/.local/lib/python3.7/site-packages/airflow/example_dags/example_task_group_decorator.py took 1.231 seconds
[2022-09-24T20:15:33.908+0000] {processor.py:156} INFO - Started process (PID=9605) to work on /home/airflow/.local/lib/python3.7/site-packages/airflow/example_dags/example_task_group_decorator.py
[2022-09-24T20:15:33.914+0000] {processor.py:758} INFO - Processing file /home/airflow/.local/lib/python3.7/site-packages/airflow/example_dags/example_task_group_decorator.py for tasks to queue
[2022-09-24T20:15:33.921+0000] {logging_mixin.py:117} INFO - [2022-09-24T20:15:33.920+0000] {dagbag.py:525} INFO - Filling up the DagBag from /home/airflow/.local/lib/python3.7/site-packages/airflow/example_dags/example_task_group_decorator.py
[2022-09-24T20:15:34.129+0000] {processor.py:768} INFO - DAG(s) dict_keys(['example_task_group_decorator']) retrieved from /home/airflow/.local/lib/python3.7/site-packages/airflow/example_dags/example_task_group_decorator.py
[2022-09-24T20:15:34.882+0000] {logging_mixin.py:117} INFO - [2022-09-24T20:15:34.879+0000] {dag.py:2573} INFO - Sync 1 DAGs
[2022-09-24T20:15:35.106+0000] {logging_mixin.py:117} INFO - [2022-09-24T20:15:35.106+0000] {dag.py:3328} INFO - Setting next_dagrun for example_task_group_decorator to 2022-09-23T20:15:35.106069+00:00, run_after=2022-09-24T20:15:35.106069+00:00
[2022-09-24T20:15:35.344+0000] {processor.py:178} INFO - Processing /home/airflow/.local/lib/python3.7/site-packages/airflow/example_dags/example_task_group_decorator.py took 1.452 seconds
[2022-09-24T20:16:05.693+0000] {processor.py:156} INFO - Started process (PID=9803) to work on /home/airflow/.local/lib/python3.7/site-packages/airflow/example_dags/example_task_group_decorator.py
[2022-09-24T20:16:05.697+0000] {processor.py:758} INFO - Processing file /home/airflow/.local/lib/python3.7/site-packages/airflow/example_dags/example_task_group_decorator.py for tasks to queue
[2022-09-24T20:16:05.699+0000] {logging_mixin.py:117} INFO - [2022-09-24T20:16:05.699+0000] {dagbag.py:525} INFO - Filling up the DagBag from /home/airflow/.local/lib/python3.7/site-packages/airflow/example_dags/example_task_group_decorator.py
[2022-09-24T20:16:05.780+0000] {processor.py:768} INFO - DAG(s) dict_keys(['example_task_group_decorator']) retrieved from /home/airflow/.local/lib/python3.7/site-packages/airflow/example_dags/example_task_group_decorator.py
[2022-09-24T20:16:05.874+0000] {logging_mixin.py:117} INFO - [2022-09-24T20:16:05.873+0000] {dag.py:2573} INFO - Sync 1 DAGs
[2022-09-24T20:16:05.952+0000] {logging_mixin.py:117} INFO - [2022-09-24T20:16:05.952+0000] {dag.py:3328} INFO - Setting next_dagrun for example_task_group_decorator to 2022-09-23T20:16:05.950872+00:00, run_after=2022-09-24T20:16:05.950872+00:00
[2022-09-24T20:16:06.004+0000] {processor.py:178} INFO - Processing /home/airflow/.local/lib/python3.7/site-packages/airflow/example_dags/example_task_group_decorator.py took 0.317 seconds
[2022-09-24T20:16:36.208+0000] {processor.py:156} INFO - Started process (PID=10003) to work on /home/airflow/.local/lib/python3.7/site-packages/airflow/example_dags/example_task_group_decorator.py
[2022-09-24T20:16:36.215+0000] {processor.py:758} INFO - Processing file /home/airflow/.local/lib/python3.7/site-packages/airflow/example_dags/example_task_group_decorator.py for tasks to queue
[2022-09-24T20:16:36.219+0000] {logging_mixin.py:117} INFO - [2022-09-24T20:16:36.219+0000] {dagbag.py:525} INFO - Filling up the DagBag from /home/airflow/.local/lib/python3.7/site-packages/airflow/example_dags/example_task_group_decorator.py
[2022-09-24T20:16:36.283+0000] {processor.py:768} INFO - DAG(s) dict_keys(['example_task_group_decorator']) retrieved from /home/airflow/.local/lib/python3.7/site-packages/airflow/example_dags/example_task_group_decorator.py
[2022-09-24T20:16:36.360+0000] {logging_mixin.py:117} INFO - [2022-09-24T20:16:36.360+0000] {dag.py:2573} INFO - Sync 1 DAGs
[2022-09-24T20:16:36.406+0000] {logging_mixin.py:117} INFO - [2022-09-24T20:16:36.405+0000] {dag.py:3328} INFO - Setting next_dagrun for example_task_group_decorator to 2022-09-23T20:16:36.405627+00:00, run_after=2022-09-24T20:16:36.405627+00:00
[2022-09-24T20:16:36.471+0000] {processor.py:178} INFO - Processing /home/airflow/.local/lib/python3.7/site-packages/airflow/example_dags/example_task_group_decorator.py took 0.273 seconds
[2022-09-24T20:17:07.070+0000] {processor.py:156} INFO - Started process (PID=10207) to work on /home/airflow/.local/lib/python3.7/site-packages/airflow/example_dags/example_task_group_decorator.py
[2022-09-24T20:17:07.086+0000] {processor.py:758} INFO - Processing file /home/airflow/.local/lib/python3.7/site-packages/airflow/example_dags/example_task_group_decorator.py for tasks to queue
[2022-09-24T20:17:07.090+0000] {logging_mixin.py:117} INFO - [2022-09-24T20:17:07.090+0000] {dagbag.py:525} INFO - Filling up the DagBag from /home/airflow/.local/lib/python3.7/site-packages/airflow/example_dags/example_task_group_decorator.py
[2022-09-24T20:17:07.249+0000] {processor.py:768} INFO - DAG(s) dict_keys(['example_task_group_decorator']) retrieved from /home/airflow/.local/lib/python3.7/site-packages/airflow/example_dags/example_task_group_decorator.py
[2022-09-24T20:17:07.360+0000] {logging_mixin.py:117} INFO - [2022-09-24T20:17:07.359+0000] {dag.py:2573} INFO - Sync 1 DAGs
[2022-09-24T20:17:07.451+0000] {logging_mixin.py:117} INFO - [2022-09-24T20:17:07.450+0000] {dag.py:3328} INFO - Setting next_dagrun for example_task_group_decorator to 2022-09-23T20:17:07.450374+00:00, run_after=2022-09-24T20:17:07.450374+00:00
[2022-09-24T20:17:07.504+0000] {processor.py:178} INFO - Processing /home/airflow/.local/lib/python3.7/site-packages/airflow/example_dags/example_task_group_decorator.py took 0.467 seconds
[2022-09-24T20:17:38.919+0000] {processor.py:156} INFO - Started process (PID=10405) to work on /home/airflow/.local/lib/python3.7/site-packages/airflow/example_dags/example_task_group_decorator.py
[2022-09-24T20:17:38.922+0000] {processor.py:758} INFO - Processing file /home/airflow/.local/lib/python3.7/site-packages/airflow/example_dags/example_task_group_decorator.py for tasks to queue
[2022-09-24T20:17:38.931+0000] {logging_mixin.py:117} INFO - [2022-09-24T20:17:38.930+0000] {dagbag.py:525} INFO - Filling up the DagBag from /home/airflow/.local/lib/python3.7/site-packages/airflow/example_dags/example_task_group_decorator.py
[2022-09-24T20:17:39.099+0000] {processor.py:768} INFO - DAG(s) dict_keys(['example_task_group_decorator']) retrieved from /home/airflow/.local/lib/python3.7/site-packages/airflow/example_dags/example_task_group_decorator.py
[2022-09-24T20:17:39.313+0000] {logging_mixin.py:117} INFO - [2022-09-24T20:17:39.312+0000] {dag.py:2573} INFO - Sync 1 DAGs
[2022-09-24T20:17:39.459+0000] {logging_mixin.py:117} INFO - [2022-09-24T20:17:39.459+0000] {dag.py:3328} INFO - Setting next_dagrun for example_task_group_decorator to 2022-09-23T20:17:39.458798+00:00, run_after=2022-09-24T20:17:39.458798+00:00
[2022-09-24T20:17:39.528+0000] {processor.py:178} INFO - Processing /home/airflow/.local/lib/python3.7/site-packages/airflow/example_dags/example_task_group_decorator.py took 0.622 seconds
[2022-09-24T20:18:11.901+0000] {processor.py:156} INFO - Started process (PID=10603) to work on /home/airflow/.local/lib/python3.7/site-packages/airflow/example_dags/example_task_group_decorator.py
[2022-09-24T20:18:11.909+0000] {processor.py:758} INFO - Processing file /home/airflow/.local/lib/python3.7/site-packages/airflow/example_dags/example_task_group_decorator.py for tasks to queue
[2022-09-24T20:18:11.919+0000] {logging_mixin.py:117} INFO - [2022-09-24T20:18:11.917+0000] {dagbag.py:525} INFO - Filling up the DagBag from /home/airflow/.local/lib/python3.7/site-packages/airflow/example_dags/example_task_group_decorator.py
[2022-09-24T20:18:12.120+0000] {processor.py:768} INFO - DAG(s) dict_keys(['example_task_group_decorator']) retrieved from /home/airflow/.local/lib/python3.7/site-packages/airflow/example_dags/example_task_group_decorator.py
[2022-09-24T20:18:12.231+0000] {logging_mixin.py:117} INFO - [2022-09-24T20:18:12.230+0000] {dag.py:2573} INFO - Sync 1 DAGs
[2022-09-24T20:18:12.294+0000] {logging_mixin.py:117} INFO - [2022-09-24T20:18:12.294+0000] {dag.py:3328} INFO - Setting next_dagrun for example_task_group_decorator to 2022-09-23T20:18:12.294165+00:00, run_after=2022-09-24T20:18:12.294165+00:00
[2022-09-24T20:18:12.350+0000] {processor.py:178} INFO - Processing /home/airflow/.local/lib/python3.7/site-packages/airflow/example_dags/example_task_group_decorator.py took 0.471 seconds
[2022-09-24T20:18:42.557+0000] {processor.py:156} INFO - Started process (PID=10803) to work on /home/airflow/.local/lib/python3.7/site-packages/airflow/example_dags/example_task_group_decorator.py
[2022-09-24T20:18:42.560+0000] {processor.py:758} INFO - Processing file /home/airflow/.local/lib/python3.7/site-packages/airflow/example_dags/example_task_group_decorator.py for tasks to queue
[2022-09-24T20:18:42.563+0000] {logging_mixin.py:117} INFO - [2022-09-24T20:18:42.562+0000] {dagbag.py:525} INFO - Filling up the DagBag from /home/airflow/.local/lib/python3.7/site-packages/airflow/example_dags/example_task_group_decorator.py
[2022-09-24T20:18:42.642+0000] {processor.py:768} INFO - DAG(s) dict_keys(['example_task_group_decorator']) retrieved from /home/airflow/.local/lib/python3.7/site-packages/airflow/example_dags/example_task_group_decorator.py
[2022-09-24T20:18:42.750+0000] {logging_mixin.py:117} INFO - [2022-09-24T20:18:42.750+0000] {dag.py:2573} INFO - Sync 1 DAGs
[2022-09-24T20:18:42.799+0000] {logging_mixin.py:117} INFO - [2022-09-24T20:18:42.799+0000] {dag.py:3328} INFO - Setting next_dagrun for example_task_group_decorator to 2022-09-23T20:18:42.798566+00:00, run_after=2022-09-24T20:18:42.798566+00:00
[2022-09-24T20:18:42.838+0000] {processor.py:178} INFO - Processing /home/airflow/.local/lib/python3.7/site-packages/airflow/example_dags/example_task_group_decorator.py took 0.286 seconds
[2022-09-24T20:19:15.838+0000] {processor.py:156} INFO - Started process (PID=11010) to work on /home/airflow/.local/lib/python3.7/site-packages/airflow/example_dags/example_task_group_decorator.py
[2022-09-24T20:19:15.845+0000] {processor.py:758} INFO - Processing file /home/airflow/.local/lib/python3.7/site-packages/airflow/example_dags/example_task_group_decorator.py for tasks to queue
[2022-09-24T20:19:15.852+0000] {logging_mixin.py:117} INFO - [2022-09-24T20:19:15.850+0000] {dagbag.py:525} INFO - Filling up the DagBag from /home/airflow/.local/lib/python3.7/site-packages/airflow/example_dags/example_task_group_decorator.py
[2022-09-24T20:19:15.936+0000] {processor.py:768} INFO - DAG(s) dict_keys(['example_task_group_decorator']) retrieved from /home/airflow/.local/lib/python3.7/site-packages/airflow/example_dags/example_task_group_decorator.py
[2022-09-24T20:19:16.133+0000] {logging_mixin.py:117} INFO - [2022-09-24T20:19:16.133+0000] {dag.py:2573} INFO - Sync 1 DAGs
[2022-09-24T20:19:16.222+0000] {logging_mixin.py:117} INFO - [2022-09-24T20:19:16.222+0000] {dag.py:3328} INFO - Setting next_dagrun for example_task_group_decorator to 2022-09-23T20:19:16.221968+00:00, run_after=2022-09-24T20:19:16.221968+00:00
[2022-09-24T20:19:16.339+0000] {processor.py:178} INFO - Processing /home/airflow/.local/lib/python3.7/site-packages/airflow/example_dags/example_task_group_decorator.py took 0.524 seconds
[2022-09-24T20:19:47.374+0000] {processor.py:156} INFO - Started process (PID=11213) to work on /home/airflow/.local/lib/python3.7/site-packages/airflow/example_dags/example_task_group_decorator.py
[2022-09-24T20:19:47.378+0000] {processor.py:758} INFO - Processing file /home/airflow/.local/lib/python3.7/site-packages/airflow/example_dags/example_task_group_decorator.py for tasks to queue
[2022-09-24T20:19:47.384+0000] {logging_mixin.py:117} INFO - [2022-09-24T20:19:47.384+0000] {dagbag.py:525} INFO - Filling up the DagBag from /home/airflow/.local/lib/python3.7/site-packages/airflow/example_dags/example_task_group_decorator.py
[2022-09-24T20:19:47.485+0000] {processor.py:768} INFO - DAG(s) dict_keys(['example_task_group_decorator']) retrieved from /home/airflow/.local/lib/python3.7/site-packages/airflow/example_dags/example_task_group_decorator.py
[2022-09-24T20:19:47.604+0000] {logging_mixin.py:117} INFO - [2022-09-24T20:19:47.603+0000] {dag.py:2573} INFO - Sync 1 DAGs
[2022-09-24T20:19:47.957+0000] {logging_mixin.py:117} INFO - [2022-09-24T20:19:47.957+0000] {dag.py:3328} INFO - Setting next_dagrun for example_task_group_decorator to 2022-09-23T20:19:47.955593+00:00, run_after=2022-09-24T20:19:47.955593+00:00
[2022-09-24T20:19:48.181+0000] {processor.py:178} INFO - Processing /home/airflow/.local/lib/python3.7/site-packages/airflow/example_dags/example_task_group_decorator.py took 0.821 seconds
[2022-09-24T20:20:18.449+0000] {processor.py:156} INFO - Started process (PID=11411) to work on /home/airflow/.local/lib/python3.7/site-packages/airflow/example_dags/example_task_group_decorator.py
[2022-09-24T20:20:18.452+0000] {processor.py:758} INFO - Processing file /home/airflow/.local/lib/python3.7/site-packages/airflow/example_dags/example_task_group_decorator.py for tasks to queue
[2022-09-24T20:20:18.456+0000] {logging_mixin.py:117} INFO - [2022-09-24T20:20:18.455+0000] {dagbag.py:525} INFO - Filling up the DagBag from /home/airflow/.local/lib/python3.7/site-packages/airflow/example_dags/example_task_group_decorator.py
[2022-09-24T20:20:18.538+0000] {processor.py:768} INFO - DAG(s) dict_keys(['example_task_group_decorator']) retrieved from /home/airflow/.local/lib/python3.7/site-packages/airflow/example_dags/example_task_group_decorator.py
[2022-09-24T20:20:18.653+0000] {logging_mixin.py:117} INFO - [2022-09-24T20:20:18.653+0000] {dag.py:2573} INFO - Sync 1 DAGs
[2022-09-24T20:20:18.720+0000] {logging_mixin.py:117} INFO - [2022-09-24T20:20:18.720+0000] {dag.py:3328} INFO - Setting next_dagrun for example_task_group_decorator to 2022-09-23T20:20:18.719669+00:00, run_after=2022-09-24T20:20:18.719669+00:00
[2022-09-24T20:20:18.759+0000] {processor.py:178} INFO - Processing /home/airflow/.local/lib/python3.7/site-packages/airflow/example_dags/example_task_group_decorator.py took 0.319 seconds
[2022-09-24T20:20:48.973+0000] {processor.py:156} INFO - Started process (PID=11618) to work on /home/airflow/.local/lib/python3.7/site-packages/airflow/example_dags/example_task_group_decorator.py
[2022-09-24T20:20:48.983+0000] {processor.py:758} INFO - Processing file /home/airflow/.local/lib/python3.7/site-packages/airflow/example_dags/example_task_group_decorator.py for tasks to queue
[2022-09-24T20:20:48.986+0000] {logging_mixin.py:117} INFO - [2022-09-24T20:20:48.986+0000] {dagbag.py:525} INFO - Filling up the DagBag from /home/airflow/.local/lib/python3.7/site-packages/airflow/example_dags/example_task_group_decorator.py
[2022-09-24T20:20:49.117+0000] {processor.py:768} INFO - DAG(s) dict_keys(['example_task_group_decorator']) retrieved from /home/airflow/.local/lib/python3.7/site-packages/airflow/example_dags/example_task_group_decorator.py
[2022-09-24T20:20:49.226+0000] {logging_mixin.py:117} INFO - [2022-09-24T20:20:49.225+0000] {dag.py:2573} INFO - Sync 1 DAGs
[2022-09-24T20:20:49.279+0000] {logging_mixin.py:117} INFO - [2022-09-24T20:20:49.279+0000] {dag.py:3328} INFO - Setting next_dagrun for example_task_group_decorator to 2022-09-23T20:20:49.278564+00:00, run_after=2022-09-24T20:20:49.278564+00:00
[2022-09-24T20:20:49.324+0000] {processor.py:178} INFO - Processing /home/airflow/.local/lib/python3.7/site-packages/airflow/example_dags/example_task_group_decorator.py took 0.366 seconds
[2022-09-24T20:21:19.994+0000] {processor.py:156} INFO - Started process (PID=11816) to work on /home/airflow/.local/lib/python3.7/site-packages/airflow/example_dags/example_task_group_decorator.py
[2022-09-24T20:21:19.999+0000] {processor.py:758} INFO - Processing file /home/airflow/.local/lib/python3.7/site-packages/airflow/example_dags/example_task_group_decorator.py for tasks to queue
[2022-09-24T20:21:20.002+0000] {logging_mixin.py:117} INFO - [2022-09-24T20:21:20.002+0000] {dagbag.py:525} INFO - Filling up the DagBag from /home/airflow/.local/lib/python3.7/site-packages/airflow/example_dags/example_task_group_decorator.py
[2022-09-24T20:21:20.183+0000] {processor.py:768} INFO - DAG(s) dict_keys(['example_task_group_decorator']) retrieved from /home/airflow/.local/lib/python3.7/site-packages/airflow/example_dags/example_task_group_decorator.py
[2022-09-24T20:21:20.389+0000] {logging_mixin.py:117} INFO - [2022-09-24T20:21:20.389+0000] {dag.py:2573} INFO - Sync 1 DAGs
[2022-09-24T20:21:20.511+0000] {logging_mixin.py:117} INFO - [2022-09-24T20:21:20.510+0000] {dag.py:3328} INFO - Setting next_dagrun for example_task_group_decorator to 2022-09-23T20:21:20.510401+00:00, run_after=2022-09-24T20:21:20.510401+00:00
[2022-09-24T20:21:20.595+0000] {processor.py:178} INFO - Processing /home/airflow/.local/lib/python3.7/site-packages/airflow/example_dags/example_task_group_decorator.py took 0.620 seconds
