[2022-09-24T19:50:58.288+0000] {processor.py:156} INFO - Started process (PID=324) to work on /home/airflow/.local/lib/python3.7/site-packages/airflow/example_dags/example_bash_operator.py
[2022-09-24T19:50:58.294+0000] {processor.py:758} INFO - Processing file /home/airflow/.local/lib/python3.7/site-packages/airflow/example_dags/example_bash_operator.py for tasks to queue
[2022-09-24T19:50:58.297+0000] {logging_mixin.py:117} INFO - [2022-09-24T19:50:58.296+0000] {dagbag.py:525} INFO - Filling up the DagBag from /home/airflow/.local/lib/python3.7/site-packages/airflow/example_dags/example_bash_operator.py
[2022-09-24T19:50:58.443+0000] {processor.py:768} INFO - DAG(s) dict_keys(['example_bash_operator']) retrieved from /home/airflow/.local/lib/python3.7/site-packages/airflow/example_dags/example_bash_operator.py
[2022-09-24T19:50:58.792+0000] {logging_mixin.py:117} INFO - [2022-09-24T19:50:58.792+0000] {dag.py:2573} INFO - Sync 1 DAGs
[2022-09-24T19:50:59.052+0000] {logging_mixin.py:117} INFO - [2022-09-24T19:50:59.052+0000] {dag.py:3328} INFO - Setting next_dagrun for example_bash_operator to 2022-09-23T00:00:00+00:00, run_after=2022-09-24T00:00:00+00:00
[2022-09-24T19:50:59.181+0000] {processor.py:178} INFO - Processing /home/airflow/.local/lib/python3.7/site-packages/airflow/example_dags/example_bash_operator.py took 0.915 seconds
[2022-09-24T19:51:30.779+0000] {processor.py:156} INFO - Started process (PID=522) to work on /home/airflow/.local/lib/python3.7/site-packages/airflow/example_dags/example_bash_operator.py
[2022-09-24T19:51:30.785+0000] {processor.py:758} INFO - Processing file /home/airflow/.local/lib/python3.7/site-packages/airflow/example_dags/example_bash_operator.py for tasks to queue
[2022-09-24T19:51:30.792+0000] {logging_mixin.py:117} INFO - [2022-09-24T19:51:30.790+0000] {dagbag.py:525} INFO - Filling up the DagBag from /home/airflow/.local/lib/python3.7/site-packages/airflow/example_dags/example_bash_operator.py
[2022-09-24T19:51:30.851+0000] {processor.py:768} INFO - DAG(s) dict_keys(['example_bash_operator']) retrieved from /home/airflow/.local/lib/python3.7/site-packages/airflow/example_dags/example_bash_operator.py
[2022-09-24T19:51:31.102+0000] {logging_mixin.py:117} INFO - [2022-09-24T19:51:31.102+0000] {dag.py:2573} INFO - Sync 1 DAGs
[2022-09-24T19:51:31.164+0000] {logging_mixin.py:117} INFO - [2022-09-24T19:51:31.164+0000] {dag.py:3328} INFO - Setting next_dagrun for example_bash_operator to 2022-09-23T00:00:00+00:00, run_after=2022-09-24T00:00:00+00:00
[2022-09-24T19:51:31.449+0000] {processor.py:178} INFO - Processing /home/airflow/.local/lib/python3.7/site-packages/airflow/example_dags/example_bash_operator.py took 0.682 seconds
[2022-09-24T19:52:07.009+0000] {processor.py:156} INFO - Started process (PID=722) to work on /home/airflow/.local/lib/python3.7/site-packages/airflow/example_dags/example_bash_operator.py
[2022-09-24T19:52:07.018+0000] {processor.py:758} INFO - Processing file /home/airflow/.local/lib/python3.7/site-packages/airflow/example_dags/example_bash_operator.py for tasks to queue
[2022-09-24T19:52:07.022+0000] {logging_mixin.py:117} INFO - [2022-09-24T19:52:07.021+0000] {dagbag.py:525} INFO - Filling up the DagBag from /home/airflow/.local/lib/python3.7/site-packages/airflow/example_dags/example_bash_operator.py
[2022-09-24T19:52:07.077+0000] {processor.py:768} INFO - DAG(s) dict_keys(['example_bash_operator']) retrieved from /home/airflow/.local/lib/python3.7/site-packages/airflow/example_dags/example_bash_operator.py
[2022-09-24T19:52:07.210+0000] {logging_mixin.py:117} INFO - [2022-09-24T19:52:07.210+0000] {dag.py:2573} INFO - Sync 1 DAGs
[2022-09-24T19:52:07.730+0000] {logging_mixin.py:117} INFO - [2022-09-24T19:52:07.730+0000] {dag.py:3328} INFO - Setting next_dagrun for example_bash_operator to 2022-09-23T00:00:00+00:00, run_after=2022-09-24T00:00:00+00:00
[2022-09-24T19:52:07.841+0000] {processor.py:178} INFO - Processing /home/airflow/.local/lib/python3.7/site-packages/airflow/example_dags/example_bash_operator.py took 0.847 seconds
[2022-09-24T19:52:38.682+0000] {processor.py:156} INFO - Started process (PID=920) to work on /home/airflow/.local/lib/python3.7/site-packages/airflow/example_dags/example_bash_operator.py
[2022-09-24T19:52:38.690+0000] {processor.py:758} INFO - Processing file /home/airflow/.local/lib/python3.7/site-packages/airflow/example_dags/example_bash_operator.py for tasks to queue
[2022-09-24T19:52:38.694+0000] {logging_mixin.py:117} INFO - [2022-09-24T19:52:38.693+0000] {dagbag.py:525} INFO - Filling up the DagBag from /home/airflow/.local/lib/python3.7/site-packages/airflow/example_dags/example_bash_operator.py
[2022-09-24T19:52:38.784+0000] {processor.py:768} INFO - DAG(s) dict_keys(['example_bash_operator']) retrieved from /home/airflow/.local/lib/python3.7/site-packages/airflow/example_dags/example_bash_operator.py
[2022-09-24T19:52:39.105+0000] {logging_mixin.py:117} INFO - [2022-09-24T19:52:39.105+0000] {dag.py:2573} INFO - Sync 1 DAGs
[2022-09-24T19:52:39.160+0000] {logging_mixin.py:117} INFO - [2022-09-24T19:52:39.159+0000] {dag.py:3328} INFO - Setting next_dagrun for example_bash_operator to 2022-09-23T00:00:00+00:00, run_after=2022-09-24T00:00:00+00:00
[2022-09-24T19:52:39.205+0000] {processor.py:178} INFO - Processing /home/airflow/.local/lib/python3.7/site-packages/airflow/example_dags/example_bash_operator.py took 0.532 seconds
[2022-09-24T19:53:10.266+0000] {processor.py:156} INFO - Started process (PID=1127) to work on /home/airflow/.local/lib/python3.7/site-packages/airflow/example_dags/example_bash_operator.py
[2022-09-24T19:53:10.272+0000] {processor.py:758} INFO - Processing file /home/airflow/.local/lib/python3.7/site-packages/airflow/example_dags/example_bash_operator.py for tasks to queue
[2022-09-24T19:53:10.278+0000] {logging_mixin.py:117} INFO - [2022-09-24T19:53:10.277+0000] {dagbag.py:525} INFO - Filling up the DagBag from /home/airflow/.local/lib/python3.7/site-packages/airflow/example_dags/example_bash_operator.py
[2022-09-24T19:53:10.391+0000] {processor.py:768} INFO - DAG(s) dict_keys(['example_bash_operator']) retrieved from /home/airflow/.local/lib/python3.7/site-packages/airflow/example_dags/example_bash_operator.py
[2022-09-24T19:53:11.230+0000] {logging_mixin.py:117} INFO - [2022-09-24T19:53:11.229+0000] {dag.py:2573} INFO - Sync 1 DAGs
[2022-09-24T19:53:11.313+0000] {logging_mixin.py:117} INFO - [2022-09-24T19:53:11.313+0000] {dag.py:3328} INFO - Setting next_dagrun for example_bash_operator to 2022-09-23T00:00:00+00:00, run_after=2022-09-24T00:00:00+00:00
[2022-09-24T19:53:11.415+0000] {processor.py:178} INFO - Processing /home/airflow/.local/lib/python3.7/site-packages/airflow/example_dags/example_bash_operator.py took 1.159 seconds
[2022-09-24T19:53:42.119+0000] {processor.py:156} INFO - Started process (PID=1315) to work on /home/airflow/.local/lib/python3.7/site-packages/airflow/example_dags/example_bash_operator.py
[2022-09-24T19:53:42.124+0000] {processor.py:758} INFO - Processing file /home/airflow/.local/lib/python3.7/site-packages/airflow/example_dags/example_bash_operator.py for tasks to queue
[2022-09-24T19:53:42.128+0000] {logging_mixin.py:117} INFO - [2022-09-24T19:53:42.128+0000] {dagbag.py:525} INFO - Filling up the DagBag from /home/airflow/.local/lib/python3.7/site-packages/airflow/example_dags/example_bash_operator.py
[2022-09-24T19:53:42.202+0000] {processor.py:768} INFO - DAG(s) dict_keys(['example_bash_operator']) retrieved from /home/airflow/.local/lib/python3.7/site-packages/airflow/example_dags/example_bash_operator.py
[2022-09-24T19:53:42.879+0000] {logging_mixin.py:117} INFO - [2022-09-24T19:53:42.879+0000] {dag.py:2573} INFO - Sync 1 DAGs
[2022-09-24T19:53:42.961+0000] {logging_mixin.py:117} INFO - [2022-09-24T19:53:42.961+0000] {dag.py:3328} INFO - Setting next_dagrun for example_bash_operator to 2022-09-23T00:00:00+00:00, run_after=2022-09-24T00:00:00+00:00
[2022-09-24T19:53:43.074+0000] {processor.py:178} INFO - Processing /home/airflow/.local/lib/python3.7/site-packages/airflow/example_dags/example_bash_operator.py took 0.970 seconds
[2022-09-24T19:54:14.721+0000] {processor.py:156} INFO - Started process (PID=1522) to work on /home/airflow/.local/lib/python3.7/site-packages/airflow/example_dags/example_bash_operator.py
[2022-09-24T19:54:14.783+0000] {processor.py:758} INFO - Processing file /home/airflow/.local/lib/python3.7/site-packages/airflow/example_dags/example_bash_operator.py for tasks to queue
[2022-09-24T19:54:14.791+0000] {logging_mixin.py:117} INFO - [2022-09-24T19:54:14.790+0000] {dagbag.py:525} INFO - Filling up the DagBag from /home/airflow/.local/lib/python3.7/site-packages/airflow/example_dags/example_bash_operator.py
[2022-09-24T19:54:15.314+0000] {processor.py:768} INFO - DAG(s) dict_keys(['example_bash_operator']) retrieved from /home/airflow/.local/lib/python3.7/site-packages/airflow/example_dags/example_bash_operator.py
[2022-09-24T19:54:15.417+0000] {logging_mixin.py:117} INFO - [2022-09-24T19:54:15.417+0000] {dag.py:2573} INFO - Sync 1 DAGs
[2022-09-24T19:54:15.480+0000] {logging_mixin.py:117} INFO - [2022-09-24T19:54:15.480+0000] {dag.py:3328} INFO - Setting next_dagrun for example_bash_operator to 2022-09-23T00:00:00+00:00, run_after=2022-09-24T00:00:00+00:00
[2022-09-24T19:54:15.529+0000] {processor.py:178} INFO - Processing /home/airflow/.local/lib/python3.7/site-packages/airflow/example_dags/example_bash_operator.py took 0.820 seconds
[2022-09-24T19:54:46.099+0000] {processor.py:156} INFO - Started process (PID=1720) to work on /home/airflow/.local/lib/python3.7/site-packages/airflow/example_dags/example_bash_operator.py
[2022-09-24T19:54:46.104+0000] {processor.py:758} INFO - Processing file /home/airflow/.local/lib/python3.7/site-packages/airflow/example_dags/example_bash_operator.py for tasks to queue
[2022-09-24T19:54:46.107+0000] {logging_mixin.py:117} INFO - [2022-09-24T19:54:46.106+0000] {dagbag.py:525} INFO - Filling up the DagBag from /home/airflow/.local/lib/python3.7/site-packages/airflow/example_dags/example_bash_operator.py
[2022-09-24T19:54:46.209+0000] {processor.py:768} INFO - DAG(s) dict_keys(['example_bash_operator']) retrieved from /home/airflow/.local/lib/python3.7/site-packages/airflow/example_dags/example_bash_operator.py
[2022-09-24T19:54:46.343+0000] {logging_mixin.py:117} INFO - [2022-09-24T19:54:46.343+0000] {dag.py:2573} INFO - Sync 1 DAGs
[2022-09-24T19:54:46.399+0000] {logging_mixin.py:117} INFO - [2022-09-24T19:54:46.398+0000] {dag.py:3328} INFO - Setting next_dagrun for example_bash_operator to 2022-09-23T00:00:00+00:00, run_after=2022-09-24T00:00:00+00:00
[2022-09-24T19:54:46.437+0000] {processor.py:178} INFO - Processing /home/airflow/.local/lib/python3.7/site-packages/airflow/example_dags/example_bash_operator.py took 0.344 seconds
[2022-09-24T19:55:17.199+0000] {processor.py:156} INFO - Started process (PID=1917) to work on /home/airflow/.local/lib/python3.7/site-packages/airflow/example_dags/example_bash_operator.py
[2022-09-24T19:55:17.209+0000] {processor.py:758} INFO - Processing file /home/airflow/.local/lib/python3.7/site-packages/airflow/example_dags/example_bash_operator.py for tasks to queue
[2022-09-24T19:55:17.215+0000] {logging_mixin.py:117} INFO - [2022-09-24T19:55:17.215+0000] {dagbag.py:525} INFO - Filling up the DagBag from /home/airflow/.local/lib/python3.7/site-packages/airflow/example_dags/example_bash_operator.py
[2022-09-24T19:55:17.298+0000] {processor.py:768} INFO - DAG(s) dict_keys(['example_bash_operator']) retrieved from /home/airflow/.local/lib/python3.7/site-packages/airflow/example_dags/example_bash_operator.py
[2022-09-24T19:55:17.658+0000] {logging_mixin.py:117} INFO - [2022-09-24T19:55:17.657+0000] {dag.py:2573} INFO - Sync 1 DAGs
[2022-09-24T19:55:17.806+0000] {logging_mixin.py:117} INFO - [2022-09-24T19:55:17.806+0000] {dag.py:3328} INFO - Setting next_dagrun for example_bash_operator to 2022-09-23T00:00:00+00:00, run_after=2022-09-24T00:00:00+00:00
[2022-09-24T19:55:17.851+0000] {processor.py:178} INFO - Processing /home/airflow/.local/lib/python3.7/site-packages/airflow/example_dags/example_bash_operator.py took 0.660 seconds
[2022-09-24T19:55:48.276+0000] {processor.py:156} INFO - Started process (PID=2115) to work on /home/airflow/.local/lib/python3.7/site-packages/airflow/example_dags/example_bash_operator.py
[2022-09-24T19:55:48.285+0000] {processor.py:758} INFO - Processing file /home/airflow/.local/lib/python3.7/site-packages/airflow/example_dags/example_bash_operator.py for tasks to queue
[2022-09-24T19:55:48.288+0000] {logging_mixin.py:117} INFO - [2022-09-24T19:55:48.287+0000] {dagbag.py:525} INFO - Filling up the DagBag from /home/airflow/.local/lib/python3.7/site-packages/airflow/example_dags/example_bash_operator.py
[2022-09-24T19:55:48.448+0000] {processor.py:768} INFO - DAG(s) dict_keys(['example_bash_operator']) retrieved from /home/airflow/.local/lib/python3.7/site-packages/airflow/example_dags/example_bash_operator.py
[2022-09-24T19:55:48.579+0000] {logging_mixin.py:117} INFO - [2022-09-24T19:55:48.578+0000] {dag.py:2573} INFO - Sync 1 DAGs
[2022-09-24T19:55:48.690+0000] {logging_mixin.py:117} INFO - [2022-09-24T19:55:48.690+0000] {dag.py:3328} INFO - Setting next_dagrun for example_bash_operator to 2022-09-23T00:00:00+00:00, run_after=2022-09-24T00:00:00+00:00
[2022-09-24T19:55:48.766+0000] {processor.py:178} INFO - Processing /home/airflow/.local/lib/python3.7/site-packages/airflow/example_dags/example_bash_operator.py took 0.501 seconds
[2022-09-24T19:56:19.065+0000] {processor.py:156} INFO - Started process (PID=2315) to work on /home/airflow/.local/lib/python3.7/site-packages/airflow/example_dags/example_bash_operator.py
[2022-09-24T19:56:19.071+0000] {processor.py:758} INFO - Processing file /home/airflow/.local/lib/python3.7/site-packages/airflow/example_dags/example_bash_operator.py for tasks to queue
[2022-09-24T19:56:19.077+0000] {logging_mixin.py:117} INFO - [2022-09-24T19:56:19.076+0000] {dagbag.py:525} INFO - Filling up the DagBag from /home/airflow/.local/lib/python3.7/site-packages/airflow/example_dags/example_bash_operator.py
[2022-09-24T19:56:19.137+0000] {processor.py:768} INFO - DAG(s) dict_keys(['example_bash_operator']) retrieved from /home/airflow/.local/lib/python3.7/site-packages/airflow/example_dags/example_bash_operator.py
[2022-09-24T19:56:19.290+0000] {logging_mixin.py:117} INFO - [2022-09-24T19:56:19.290+0000] {dag.py:2573} INFO - Sync 1 DAGs
[2022-09-24T19:56:19.366+0000] {logging_mixin.py:117} INFO - [2022-09-24T19:56:19.365+0000] {dag.py:3328} INFO - Setting next_dagrun for example_bash_operator to 2022-09-23T00:00:00+00:00, run_after=2022-09-24T00:00:00+00:00
[2022-09-24T19:56:19.425+0000] {processor.py:178} INFO - Processing /home/airflow/.local/lib/python3.7/site-packages/airflow/example_dags/example_bash_operator.py took 0.379 seconds
[2022-09-24T19:56:50.167+0000] {processor.py:156} INFO - Started process (PID=2520) to work on /home/airflow/.local/lib/python3.7/site-packages/airflow/example_dags/example_bash_operator.py
[2022-09-24T19:56:50.170+0000] {processor.py:758} INFO - Processing file /home/airflow/.local/lib/python3.7/site-packages/airflow/example_dags/example_bash_operator.py for tasks to queue
[2022-09-24T19:56:50.172+0000] {logging_mixin.py:117} INFO - [2022-09-24T19:56:50.172+0000] {dagbag.py:525} INFO - Filling up the DagBag from /home/airflow/.local/lib/python3.7/site-packages/airflow/example_dags/example_bash_operator.py
[2022-09-24T19:56:50.261+0000] {processor.py:768} INFO - DAG(s) dict_keys(['example_bash_operator']) retrieved from /home/airflow/.local/lib/python3.7/site-packages/airflow/example_dags/example_bash_operator.py
[2022-09-24T19:56:50.383+0000] {logging_mixin.py:117} INFO - [2022-09-24T19:56:50.383+0000] {dag.py:2573} INFO - Sync 1 DAGs
[2022-09-24T19:56:50.435+0000] {logging_mixin.py:117} INFO - [2022-09-24T19:56:50.435+0000] {dag.py:3328} INFO - Setting next_dagrun for example_bash_operator to 2022-09-23T00:00:00+00:00, run_after=2022-09-24T00:00:00+00:00
[2022-09-24T19:56:50.500+0000] {processor.py:178} INFO - Processing /home/airflow/.local/lib/python3.7/site-packages/airflow/example_dags/example_bash_operator.py took 0.353 seconds
[2022-09-24T19:57:31.755+0000] {processor.py:156} INFO - Started process (PID=2729) to work on /home/airflow/.local/lib/python3.7/site-packages/airflow/example_dags/example_bash_operator.py
[2022-09-24T19:57:31.770+0000] {processor.py:758} INFO - Processing file /home/airflow/.local/lib/python3.7/site-packages/airflow/example_dags/example_bash_operator.py for tasks to queue
[2022-09-24T19:57:31.773+0000] {logging_mixin.py:117} INFO - [2022-09-24T19:57:31.773+0000] {dagbag.py:525} INFO - Filling up the DagBag from /home/airflow/.local/lib/python3.7/site-packages/airflow/example_dags/example_bash_operator.py
[2022-09-24T19:57:31.887+0000] {processor.py:768} INFO - DAG(s) dict_keys(['example_bash_operator']) retrieved from /home/airflow/.local/lib/python3.7/site-packages/airflow/example_dags/example_bash_operator.py
[2022-09-24T19:57:32.080+0000] {logging_mixin.py:117} INFO - [2022-09-24T19:57:32.079+0000] {dag.py:2573} INFO - Sync 1 DAGs
[2022-09-24T19:57:32.199+0000] {logging_mixin.py:117} INFO - [2022-09-24T19:57:32.198+0000] {dag.py:3328} INFO - Setting next_dagrun for example_bash_operator to 2022-09-23T00:00:00+00:00, run_after=2022-09-24T00:00:00+00:00
[2022-09-24T19:57:32.284+0000] {processor.py:178} INFO - Processing /home/airflow/.local/lib/python3.7/site-packages/airflow/example_dags/example_bash_operator.py took 0.542 seconds
[2022-09-24T19:58:02.814+0000] {processor.py:156} INFO - Started process (PID=2937) to work on /home/airflow/.local/lib/python3.7/site-packages/airflow/example_dags/example_bash_operator.py
[2022-09-24T19:58:02.819+0000] {processor.py:758} INFO - Processing file /home/airflow/.local/lib/python3.7/site-packages/airflow/example_dags/example_bash_operator.py for tasks to queue
[2022-09-24T19:58:02.824+0000] {logging_mixin.py:117} INFO - [2022-09-24T19:58:02.822+0000] {dagbag.py:525} INFO - Filling up the DagBag from /home/airflow/.local/lib/python3.7/site-packages/airflow/example_dags/example_bash_operator.py
[2022-09-24T19:58:02.940+0000] {processor.py:768} INFO - DAG(s) dict_keys(['example_bash_operator']) retrieved from /home/airflow/.local/lib/python3.7/site-packages/airflow/example_dags/example_bash_operator.py
[2022-09-24T19:58:03.224+0000] {logging_mixin.py:117} INFO - [2022-09-24T19:58:03.224+0000] {dag.py:2573} INFO - Sync 1 DAGs
[2022-09-24T19:58:03.358+0000] {logging_mixin.py:117} INFO - [2022-09-24T19:58:03.351+0000] {dag.py:3328} INFO - Setting next_dagrun for example_bash_operator to 2022-09-23T00:00:00+00:00, run_after=2022-09-24T00:00:00+00:00
[2022-09-24T19:58:03.436+0000] {processor.py:178} INFO - Processing /home/airflow/.local/lib/python3.7/site-packages/airflow/example_dags/example_bash_operator.py took 0.637 seconds
[2022-09-24T19:58:35.357+0000] {processor.py:156} INFO - Started process (PID=3126) to work on /home/airflow/.local/lib/python3.7/site-packages/airflow/example_dags/example_bash_operator.py
[2022-09-24T19:58:35.372+0000] {processor.py:758} INFO - Processing file /home/airflow/.local/lib/python3.7/site-packages/airflow/example_dags/example_bash_operator.py for tasks to queue
[2022-09-24T19:58:35.393+0000] {logging_mixin.py:117} INFO - [2022-09-24T19:58:35.393+0000] {dagbag.py:525} INFO - Filling up the DagBag from /home/airflow/.local/lib/python3.7/site-packages/airflow/example_dags/example_bash_operator.py
[2022-09-24T19:58:35.559+0000] {processor.py:768} INFO - DAG(s) dict_keys(['example_bash_operator']) retrieved from /home/airflow/.local/lib/python3.7/site-packages/airflow/example_dags/example_bash_operator.py
[2022-09-24T19:58:36.107+0000] {logging_mixin.py:117} INFO - [2022-09-24T19:58:36.106+0000] {dag.py:2573} INFO - Sync 1 DAGs
[2022-09-24T19:58:36.196+0000] {logging_mixin.py:117} INFO - [2022-09-24T19:58:36.196+0000] {dag.py:3328} INFO - Setting next_dagrun for example_bash_operator to 2022-09-23T00:00:00+00:00, run_after=2022-09-24T00:00:00+00:00
[2022-09-24T19:58:36.306+0000] {processor.py:178} INFO - Processing /home/airflow/.local/lib/python3.7/site-packages/airflow/example_dags/example_bash_operator.py took 0.959 seconds
[2022-09-24T19:59:08.640+0000] {processor.py:156} INFO - Started process (PID=3331) to work on /home/airflow/.local/lib/python3.7/site-packages/airflow/example_dags/example_bash_operator.py
[2022-09-24T19:59:08.645+0000] {processor.py:758} INFO - Processing file /home/airflow/.local/lib/python3.7/site-packages/airflow/example_dags/example_bash_operator.py for tasks to queue
[2022-09-24T19:59:08.651+0000] {logging_mixin.py:117} INFO - [2022-09-24T19:59:08.650+0000] {dagbag.py:525} INFO - Filling up the DagBag from /home/airflow/.local/lib/python3.7/site-packages/airflow/example_dags/example_bash_operator.py
[2022-09-24T19:59:08.754+0000] {processor.py:768} INFO - DAG(s) dict_keys(['example_bash_operator']) retrieved from /home/airflow/.local/lib/python3.7/site-packages/airflow/example_dags/example_bash_operator.py
[2022-09-24T19:59:09.020+0000] {logging_mixin.py:117} INFO - [2022-09-24T19:59:09.020+0000] {dag.py:2573} INFO - Sync 1 DAGs
[2022-09-24T19:59:09.192+0000] {logging_mixin.py:117} INFO - [2022-09-24T19:59:09.192+0000] {dag.py:3328} INFO - Setting next_dagrun for example_bash_operator to 2022-09-23T00:00:00+00:00, run_after=2022-09-24T00:00:00+00:00
[2022-09-24T19:59:09.330+0000] {processor.py:178} INFO - Processing /home/airflow/.local/lib/python3.7/site-packages/airflow/example_dags/example_bash_operator.py took 0.703 seconds
[2022-09-24T19:59:40.645+0000] {processor.py:156} INFO - Started process (PID=3532) to work on /home/airflow/.local/lib/python3.7/site-packages/airflow/example_dags/example_bash_operator.py
[2022-09-24T19:59:40.657+0000] {processor.py:758} INFO - Processing file /home/airflow/.local/lib/python3.7/site-packages/airflow/example_dags/example_bash_operator.py for tasks to queue
[2022-09-24T19:59:40.672+0000] {logging_mixin.py:117} INFO - [2022-09-24T19:59:40.669+0000] {dagbag.py:525} INFO - Filling up the DagBag from /home/airflow/.local/lib/python3.7/site-packages/airflow/example_dags/example_bash_operator.py
[2022-09-24T19:59:41.157+0000] {processor.py:768} INFO - DAG(s) dict_keys(['example_bash_operator']) retrieved from /home/airflow/.local/lib/python3.7/site-packages/airflow/example_dags/example_bash_operator.py
[2022-09-24T19:59:41.291+0000] {logging_mixin.py:117} INFO - [2022-09-24T19:59:41.291+0000] {dag.py:2573} INFO - Sync 1 DAGs
[2022-09-24T19:59:41.450+0000] {logging_mixin.py:117} INFO - [2022-09-24T19:59:41.450+0000] {dag.py:3328} INFO - Setting next_dagrun for example_bash_operator to 2022-09-23T00:00:00+00:00, run_after=2022-09-24T00:00:00+00:00
[2022-09-24T19:59:41.579+0000] {processor.py:178} INFO - Processing /home/airflow/.local/lib/python3.7/site-packages/airflow/example_dags/example_bash_operator.py took 1.016 seconds
[2022-09-24T20:00:12.027+0000] {processor.py:156} INFO - Started process (PID=3729) to work on /home/airflow/.local/lib/python3.7/site-packages/airflow/example_dags/example_bash_operator.py
[2022-09-24T20:00:12.031+0000] {processor.py:758} INFO - Processing file /home/airflow/.local/lib/python3.7/site-packages/airflow/example_dags/example_bash_operator.py for tasks to queue
[2022-09-24T20:00:12.036+0000] {logging_mixin.py:117} INFO - [2022-09-24T20:00:12.034+0000] {dagbag.py:525} INFO - Filling up the DagBag from /home/airflow/.local/lib/python3.7/site-packages/airflow/example_dags/example_bash_operator.py
[2022-09-24T20:00:12.139+0000] {processor.py:768} INFO - DAG(s) dict_keys(['example_bash_operator']) retrieved from /home/airflow/.local/lib/python3.7/site-packages/airflow/example_dags/example_bash_operator.py
[2022-09-24T20:00:12.266+0000] {logging_mixin.py:117} INFO - [2022-09-24T20:00:12.266+0000] {dag.py:2573} INFO - Sync 1 DAGs
[2022-09-24T20:00:12.376+0000] {logging_mixin.py:117} INFO - [2022-09-24T20:00:12.375+0000] {dag.py:3328} INFO - Setting next_dagrun for example_bash_operator to 2022-09-23T00:00:00+00:00, run_after=2022-09-24T00:00:00+00:00
[2022-09-24T20:00:12.476+0000] {processor.py:178} INFO - Processing /home/airflow/.local/lib/python3.7/site-packages/airflow/example_dags/example_bash_operator.py took 0.488 seconds
[2022-09-24T20:00:43.079+0000] {processor.py:156} INFO - Started process (PID=3927) to work on /home/airflow/.local/lib/python3.7/site-packages/airflow/example_dags/example_bash_operator.py
[2022-09-24T20:00:43.085+0000] {processor.py:758} INFO - Processing file /home/airflow/.local/lib/python3.7/site-packages/airflow/example_dags/example_bash_operator.py for tasks to queue
[2022-09-24T20:00:43.090+0000] {logging_mixin.py:117} INFO - [2022-09-24T20:00:43.089+0000] {dagbag.py:525} INFO - Filling up the DagBag from /home/airflow/.local/lib/python3.7/site-packages/airflow/example_dags/example_bash_operator.py
[2022-09-24T20:00:43.161+0000] {processor.py:768} INFO - DAG(s) dict_keys(['example_bash_operator']) retrieved from /home/airflow/.local/lib/python3.7/site-packages/airflow/example_dags/example_bash_operator.py
[2022-09-24T20:00:43.309+0000] {logging_mixin.py:117} INFO - [2022-09-24T20:00:43.309+0000] {dag.py:2573} INFO - Sync 1 DAGs
[2022-09-24T20:00:43.438+0000] {logging_mixin.py:117} INFO - [2022-09-24T20:00:43.437+0000] {dag.py:3328} INFO - Setting next_dagrun for example_bash_operator to 2022-09-23T00:00:00+00:00, run_after=2022-09-24T00:00:00+00:00
[2022-09-24T20:00:43.589+0000] {processor.py:178} INFO - Processing /home/airflow/.local/lib/python3.7/site-packages/airflow/example_dags/example_bash_operator.py took 0.517 seconds
[2022-09-24T20:01:14.380+0000] {processor.py:156} INFO - Started process (PID=4124) to work on /home/airflow/.local/lib/python3.7/site-packages/airflow/example_dags/example_bash_operator.py
[2022-09-24T20:01:14.400+0000] {processor.py:758} INFO - Processing file /home/airflow/.local/lib/python3.7/site-packages/airflow/example_dags/example_bash_operator.py for tasks to queue
[2022-09-24T20:01:14.424+0000] {logging_mixin.py:117} INFO - [2022-09-24T20:01:14.423+0000] {dagbag.py:525} INFO - Filling up the DagBag from /home/airflow/.local/lib/python3.7/site-packages/airflow/example_dags/example_bash_operator.py
[2022-09-24T20:01:14.514+0000] {processor.py:768} INFO - DAG(s) dict_keys(['example_bash_operator']) retrieved from /home/airflow/.local/lib/python3.7/site-packages/airflow/example_dags/example_bash_operator.py
[2022-09-24T20:01:14.651+0000] {logging_mixin.py:117} INFO - [2022-09-24T20:01:14.651+0000] {dag.py:2573} INFO - Sync 1 DAGs
[2022-09-24T20:01:14.742+0000] {logging_mixin.py:117} INFO - [2022-09-24T20:01:14.742+0000] {dag.py:3328} INFO - Setting next_dagrun for example_bash_operator to 2022-09-23T00:00:00+00:00, run_after=2022-09-24T00:00:00+00:00
[2022-09-24T20:01:14.793+0000] {processor.py:178} INFO - Processing /home/airflow/.local/lib/python3.7/site-packages/airflow/example_dags/example_bash_operator.py took 0.435 seconds
[2022-09-24T20:01:45.959+0000] {processor.py:156} INFO - Started process (PID=4323) to work on /home/airflow/.local/lib/python3.7/site-packages/airflow/example_dags/example_bash_operator.py
[2022-09-24T20:01:45.964+0000] {processor.py:758} INFO - Processing file /home/airflow/.local/lib/python3.7/site-packages/airflow/example_dags/example_bash_operator.py for tasks to queue
[2022-09-24T20:01:45.967+0000] {logging_mixin.py:117} INFO - [2022-09-24T20:01:45.966+0000] {dagbag.py:525} INFO - Filling up the DagBag from /home/airflow/.local/lib/python3.7/site-packages/airflow/example_dags/example_bash_operator.py
[2022-09-24T20:01:46.086+0000] {processor.py:768} INFO - DAG(s) dict_keys(['example_bash_operator']) retrieved from /home/airflow/.local/lib/python3.7/site-packages/airflow/example_dags/example_bash_operator.py
[2022-09-24T20:01:46.482+0000] {logging_mixin.py:117} INFO - [2022-09-24T20:01:46.481+0000] {dag.py:2573} INFO - Sync 1 DAGs
[2022-09-24T20:01:47.166+0000] {logging_mixin.py:117} INFO - [2022-09-24T20:01:47.165+0000] {dag.py:3328} INFO - Setting next_dagrun for example_bash_operator to 2022-09-23T00:00:00+00:00, run_after=2022-09-24T00:00:00+00:00
[2022-09-24T20:01:47.347+0000] {processor.py:178} INFO - Processing /home/airflow/.local/lib/python3.7/site-packages/airflow/example_dags/example_bash_operator.py took 1.415 seconds
[2022-09-24T20:02:18.380+0000] {processor.py:156} INFO - Started process (PID=4529) to work on /home/airflow/.local/lib/python3.7/site-packages/airflow/example_dags/example_bash_operator.py
[2022-09-24T20:02:18.383+0000] {processor.py:758} INFO - Processing file /home/airflow/.local/lib/python3.7/site-packages/airflow/example_dags/example_bash_operator.py for tasks to queue
[2022-09-24T20:02:18.385+0000] {logging_mixin.py:117} INFO - [2022-09-24T20:02:18.385+0000] {dagbag.py:525} INFO - Filling up the DagBag from /home/airflow/.local/lib/python3.7/site-packages/airflow/example_dags/example_bash_operator.py
[2022-09-24T20:02:18.437+0000] {processor.py:768} INFO - DAG(s) dict_keys(['example_bash_operator']) retrieved from /home/airflow/.local/lib/python3.7/site-packages/airflow/example_dags/example_bash_operator.py
[2022-09-24T20:02:18.545+0000] {logging_mixin.py:117} INFO - [2022-09-24T20:02:18.544+0000] {dag.py:2573} INFO - Sync 1 DAGs
[2022-09-24T20:02:18.605+0000] {logging_mixin.py:117} INFO - [2022-09-24T20:02:18.605+0000] {dag.py:3328} INFO - Setting next_dagrun for example_bash_operator to 2022-09-23T00:00:00+00:00, run_after=2022-09-24T00:00:00+00:00
[2022-09-24T20:02:18.657+0000] {processor.py:178} INFO - Processing /home/airflow/.local/lib/python3.7/site-packages/airflow/example_dags/example_bash_operator.py took 0.287 seconds
[2022-09-24T20:02:49.018+0000] {processor.py:156} INFO - Started process (PID=4728) to work on /home/airflow/.local/lib/python3.7/site-packages/airflow/example_dags/example_bash_operator.py
[2022-09-24T20:02:49.023+0000] {processor.py:758} INFO - Processing file /home/airflow/.local/lib/python3.7/site-packages/airflow/example_dags/example_bash_operator.py for tasks to queue
[2022-09-24T20:02:49.026+0000] {logging_mixin.py:117} INFO - [2022-09-24T20:02:49.026+0000] {dagbag.py:525} INFO - Filling up the DagBag from /home/airflow/.local/lib/python3.7/site-packages/airflow/example_dags/example_bash_operator.py
[2022-09-24T20:02:49.079+0000] {processor.py:768} INFO - DAG(s) dict_keys(['example_bash_operator']) retrieved from /home/airflow/.local/lib/python3.7/site-packages/airflow/example_dags/example_bash_operator.py
[2022-09-24T20:02:49.220+0000] {logging_mixin.py:117} INFO - [2022-09-24T20:02:49.220+0000] {dag.py:2573} INFO - Sync 1 DAGs
[2022-09-24T20:02:49.272+0000] {logging_mixin.py:117} INFO - [2022-09-24T20:02:49.272+0000] {dag.py:3328} INFO - Setting next_dagrun for example_bash_operator to 2022-09-23T00:00:00+00:00, run_after=2022-09-24T00:00:00+00:00
[2022-09-24T20:02:49.312+0000] {processor.py:178} INFO - Processing /home/airflow/.local/lib/python3.7/site-packages/airflow/example_dags/example_bash_operator.py took 0.306 seconds
[2022-09-24T20:03:20.167+0000] {processor.py:156} INFO - Started process (PID=4927) to work on /home/airflow/.local/lib/python3.7/site-packages/airflow/example_dags/example_bash_operator.py
[2022-09-24T20:03:20.174+0000] {processor.py:758} INFO - Processing file /home/airflow/.local/lib/python3.7/site-packages/airflow/example_dags/example_bash_operator.py for tasks to queue
[2022-09-24T20:03:20.180+0000] {logging_mixin.py:117} INFO - [2022-09-24T20:03:20.179+0000] {dagbag.py:525} INFO - Filling up the DagBag from /home/airflow/.local/lib/python3.7/site-packages/airflow/example_dags/example_bash_operator.py
[2022-09-24T20:03:20.295+0000] {processor.py:768} INFO - DAG(s) dict_keys(['example_bash_operator']) retrieved from /home/airflow/.local/lib/python3.7/site-packages/airflow/example_dags/example_bash_operator.py
[2022-09-24T20:03:20.458+0000] {logging_mixin.py:117} INFO - [2022-09-24T20:03:20.458+0000] {dag.py:2573} INFO - Sync 1 DAGs
[2022-09-24T20:03:20.525+0000] {logging_mixin.py:117} INFO - [2022-09-24T20:03:20.525+0000] {dag.py:3328} INFO - Setting next_dagrun for example_bash_operator to 2022-09-23T00:00:00+00:00, run_after=2022-09-24T00:00:00+00:00
[2022-09-24T20:03:20.597+0000] {processor.py:178} INFO - Processing /home/airflow/.local/lib/python3.7/site-packages/airflow/example_dags/example_bash_operator.py took 0.446 seconds
[2022-09-24T20:03:51.191+0000] {processor.py:156} INFO - Started process (PID=5125) to work on /home/airflow/.local/lib/python3.7/site-packages/airflow/example_dags/example_bash_operator.py
[2022-09-24T20:03:51.194+0000] {processor.py:758} INFO - Processing file /home/airflow/.local/lib/python3.7/site-packages/airflow/example_dags/example_bash_operator.py for tasks to queue
[2022-09-24T20:03:51.198+0000] {logging_mixin.py:117} INFO - [2022-09-24T20:03:51.198+0000] {dagbag.py:525} INFO - Filling up the DagBag from /home/airflow/.local/lib/python3.7/site-packages/airflow/example_dags/example_bash_operator.py
[2022-09-24T20:03:51.251+0000] {processor.py:768} INFO - DAG(s) dict_keys(['example_bash_operator']) retrieved from /home/airflow/.local/lib/python3.7/site-packages/airflow/example_dags/example_bash_operator.py
[2022-09-24T20:03:51.350+0000] {logging_mixin.py:117} INFO - [2022-09-24T20:03:51.350+0000] {dag.py:2573} INFO - Sync 1 DAGs
[2022-09-24T20:03:51.411+0000] {logging_mixin.py:117} INFO - [2022-09-24T20:03:51.411+0000] {dag.py:3328} INFO - Setting next_dagrun for example_bash_operator to 2022-09-23T00:00:00+00:00, run_after=2022-09-24T00:00:00+00:00
[2022-09-24T20:03:51.470+0000] {processor.py:178} INFO - Processing /home/airflow/.local/lib/python3.7/site-packages/airflow/example_dags/example_bash_operator.py took 0.293 seconds
[2022-09-24T20:04:21.634+0000] {processor.py:156} INFO - Started process (PID=5323) to work on /home/airflow/.local/lib/python3.7/site-packages/airflow/example_dags/example_bash_operator.py
[2022-09-24T20:04:21.636+0000] {processor.py:758} INFO - Processing file /home/airflow/.local/lib/python3.7/site-packages/airflow/example_dags/example_bash_operator.py for tasks to queue
[2022-09-24T20:04:21.639+0000] {logging_mixin.py:117} INFO - [2022-09-24T20:04:21.639+0000] {dagbag.py:525} INFO - Filling up the DagBag from /home/airflow/.local/lib/python3.7/site-packages/airflow/example_dags/example_bash_operator.py
[2022-09-24T20:04:21.759+0000] {processor.py:768} INFO - DAG(s) dict_keys(['example_bash_operator']) retrieved from /home/airflow/.local/lib/python3.7/site-packages/airflow/example_dags/example_bash_operator.py
[2022-09-24T20:04:21.960+0000] {logging_mixin.py:117} INFO - [2022-09-24T20:04:21.959+0000] {dag.py:2573} INFO - Sync 1 DAGs
[2022-09-24T20:04:22.072+0000] {logging_mixin.py:117} INFO - [2022-09-24T20:04:22.071+0000] {dag.py:3328} INFO - Setting next_dagrun for example_bash_operator to 2022-09-23T00:00:00+00:00, run_after=2022-09-24T00:00:00+00:00
[2022-09-24T20:04:22.148+0000] {processor.py:178} INFO - Processing /home/airflow/.local/lib/python3.7/site-packages/airflow/example_dags/example_bash_operator.py took 0.522 seconds
[2022-09-24T20:04:52.914+0000] {processor.py:156} INFO - Started process (PID=5529) to work on /home/airflow/.local/lib/python3.7/site-packages/airflow/example_dags/example_bash_operator.py
[2022-09-24T20:04:52.919+0000] {processor.py:758} INFO - Processing file /home/airflow/.local/lib/python3.7/site-packages/airflow/example_dags/example_bash_operator.py for tasks to queue
[2022-09-24T20:04:52.984+0000] {logging_mixin.py:117} INFO - [2022-09-24T20:04:52.953+0000] {dagbag.py:525} INFO - Filling up the DagBag from /home/airflow/.local/lib/python3.7/site-packages/airflow/example_dags/example_bash_operator.py
[2022-09-24T20:04:53.304+0000] {processor.py:768} INFO - DAG(s) dict_keys(['example_bash_operator']) retrieved from /home/airflow/.local/lib/python3.7/site-packages/airflow/example_dags/example_bash_operator.py
[2022-09-24T20:04:53.604+0000] {logging_mixin.py:117} INFO - [2022-09-24T20:04:53.603+0000] {dag.py:2573} INFO - Sync 1 DAGs
[2022-09-24T20:04:53.796+0000] {logging_mixin.py:117} INFO - [2022-09-24T20:04:53.796+0000] {dag.py:3328} INFO - Setting next_dagrun for example_bash_operator to 2022-09-23T00:00:00+00:00, run_after=2022-09-24T00:00:00+00:00
[2022-09-24T20:04:54.001+0000] {processor.py:178} INFO - Processing /home/airflow/.local/lib/python3.7/site-packages/airflow/example_dags/example_bash_operator.py took 1.139 seconds
[2022-09-24T20:05:24.228+0000] {processor.py:156} INFO - Started process (PID=5729) to work on /home/airflow/.local/lib/python3.7/site-packages/airflow/example_dags/example_bash_operator.py
[2022-09-24T20:05:24.234+0000] {processor.py:758} INFO - Processing file /home/airflow/.local/lib/python3.7/site-packages/airflow/example_dags/example_bash_operator.py for tasks to queue
[2022-09-24T20:05:24.261+0000] {logging_mixin.py:117} INFO - [2022-09-24T20:05:24.260+0000] {dagbag.py:525} INFO - Filling up the DagBag from /home/airflow/.local/lib/python3.7/site-packages/airflow/example_dags/example_bash_operator.py
[2022-09-24T20:05:24.434+0000] {processor.py:768} INFO - DAG(s) dict_keys(['example_bash_operator']) retrieved from /home/airflow/.local/lib/python3.7/site-packages/airflow/example_dags/example_bash_operator.py
[2022-09-24T20:05:24.727+0000] {logging_mixin.py:117} INFO - [2022-09-24T20:05:24.715+0000] {dag.py:2573} INFO - Sync 1 DAGs
[2022-09-24T20:05:25.064+0000] {logging_mixin.py:117} INFO - [2022-09-24T20:05:25.064+0000] {dag.py:3328} INFO - Setting next_dagrun for example_bash_operator to 2022-09-23T00:00:00+00:00, run_after=2022-09-24T00:00:00+00:00
[2022-09-24T20:05:25.557+0000] {processor.py:178} INFO - Processing /home/airflow/.local/lib/python3.7/site-packages/airflow/example_dags/example_bash_operator.py took 1.373 seconds
[2022-09-24T20:05:57.060+0000] {processor.py:156} INFO - Started process (PID=5929) to work on /home/airflow/.local/lib/python3.7/site-packages/airflow/example_dags/example_bash_operator.py
[2022-09-24T20:05:57.065+0000] {processor.py:758} INFO - Processing file /home/airflow/.local/lib/python3.7/site-packages/airflow/example_dags/example_bash_operator.py for tasks to queue
[2022-09-24T20:05:57.070+0000] {logging_mixin.py:117} INFO - [2022-09-24T20:05:57.069+0000] {dagbag.py:525} INFO - Filling up the DagBag from /home/airflow/.local/lib/python3.7/site-packages/airflow/example_dags/example_bash_operator.py
[2022-09-24T20:05:57.140+0000] {processor.py:768} INFO - DAG(s) dict_keys(['example_bash_operator']) retrieved from /home/airflow/.local/lib/python3.7/site-packages/airflow/example_dags/example_bash_operator.py
[2022-09-24T20:05:57.305+0000] {logging_mixin.py:117} INFO - [2022-09-24T20:05:57.305+0000] {dag.py:2573} INFO - Sync 1 DAGs
[2022-09-24T20:05:57.386+0000] {logging_mixin.py:117} INFO - [2022-09-24T20:05:57.386+0000] {dag.py:3328} INFO - Setting next_dagrun for example_bash_operator to 2022-09-23T00:00:00+00:00, run_after=2022-09-24T00:00:00+00:00
[2022-09-24T20:05:57.472+0000] {processor.py:178} INFO - Processing /home/airflow/.local/lib/python3.7/site-packages/airflow/example_dags/example_bash_operator.py took 0.427 seconds
[2022-09-24T20:06:27.763+0000] {processor.py:156} INFO - Started process (PID=6126) to work on /home/airflow/.local/lib/python3.7/site-packages/airflow/example_dags/example_bash_operator.py
[2022-09-24T20:06:27.767+0000] {processor.py:758} INFO - Processing file /home/airflow/.local/lib/python3.7/site-packages/airflow/example_dags/example_bash_operator.py for tasks to queue
[2022-09-24T20:06:27.771+0000] {logging_mixin.py:117} INFO - [2022-09-24T20:06:27.770+0000] {dagbag.py:525} INFO - Filling up the DagBag from /home/airflow/.local/lib/python3.7/site-packages/airflow/example_dags/example_bash_operator.py
[2022-09-24T20:06:27.843+0000] {processor.py:768} INFO - DAG(s) dict_keys(['example_bash_operator']) retrieved from /home/airflow/.local/lib/python3.7/site-packages/airflow/example_dags/example_bash_operator.py
[2022-09-24T20:06:27.966+0000] {logging_mixin.py:117} INFO - [2022-09-24T20:06:27.966+0000] {dag.py:2573} INFO - Sync 1 DAGs
[2022-09-24T20:06:28.048+0000] {logging_mixin.py:117} INFO - [2022-09-24T20:06:28.048+0000] {dag.py:3328} INFO - Setting next_dagrun for example_bash_operator to 2022-09-23T00:00:00+00:00, run_after=2022-09-24T00:00:00+00:00
[2022-09-24T20:06:28.112+0000] {processor.py:178} INFO - Processing /home/airflow/.local/lib/python3.7/site-packages/airflow/example_dags/example_bash_operator.py took 0.366 seconds
[2022-09-24T20:06:58.655+0000] {processor.py:156} INFO - Started process (PID=6324) to work on /home/airflow/.local/lib/python3.7/site-packages/airflow/example_dags/example_bash_operator.py
[2022-09-24T20:06:58.668+0000] {processor.py:758} INFO - Processing file /home/airflow/.local/lib/python3.7/site-packages/airflow/example_dags/example_bash_operator.py for tasks to queue
[2022-09-24T20:06:58.678+0000] {logging_mixin.py:117} INFO - [2022-09-24T20:06:58.677+0000] {dagbag.py:525} INFO - Filling up the DagBag from /home/airflow/.local/lib/python3.7/site-packages/airflow/example_dags/example_bash_operator.py
[2022-09-24T20:06:58.838+0000] {processor.py:768} INFO - DAG(s) dict_keys(['example_bash_operator']) retrieved from /home/airflow/.local/lib/python3.7/site-packages/airflow/example_dags/example_bash_operator.py
[2022-09-24T20:06:59.084+0000] {logging_mixin.py:117} INFO - [2022-09-24T20:06:59.084+0000] {dag.py:2573} INFO - Sync 1 DAGs
[2022-09-24T20:06:59.205+0000] {logging_mixin.py:117} INFO - [2022-09-24T20:06:59.205+0000] {dag.py:3328} INFO - Setting next_dagrun for example_bash_operator to 2022-09-23T00:00:00+00:00, run_after=2022-09-24T00:00:00+00:00
[2022-09-24T20:06:59.248+0000] {processor.py:178} INFO - Processing /home/airflow/.local/lib/python3.7/site-packages/airflow/example_dags/example_bash_operator.py took 0.624 seconds
[2022-09-24T20:07:29.628+0000] {processor.py:156} INFO - Started process (PID=6523) to work on /home/airflow/.local/lib/python3.7/site-packages/airflow/example_dags/example_bash_operator.py
[2022-09-24T20:07:29.633+0000] {processor.py:758} INFO - Processing file /home/airflow/.local/lib/python3.7/site-packages/airflow/example_dags/example_bash_operator.py for tasks to queue
[2022-09-24T20:07:29.638+0000] {logging_mixin.py:117} INFO - [2022-09-24T20:07:29.637+0000] {dagbag.py:525} INFO - Filling up the DagBag from /home/airflow/.local/lib/python3.7/site-packages/airflow/example_dags/example_bash_operator.py
[2022-09-24T20:07:29.683+0000] {processor.py:768} INFO - DAG(s) dict_keys(['example_bash_operator']) retrieved from /home/airflow/.local/lib/python3.7/site-packages/airflow/example_dags/example_bash_operator.py
[2022-09-24T20:07:29.773+0000] {logging_mixin.py:117} INFO - [2022-09-24T20:07:29.773+0000] {dag.py:2573} INFO - Sync 1 DAGs
[2022-09-24T20:07:29.825+0000] {logging_mixin.py:117} INFO - [2022-09-24T20:07:29.825+0000] {dag.py:3328} INFO - Setting next_dagrun for example_bash_operator to 2022-09-23T00:00:00+00:00, run_after=2022-09-24T00:00:00+00:00
[2022-09-24T20:07:29.867+0000] {processor.py:178} INFO - Processing /home/airflow/.local/lib/python3.7/site-packages/airflow/example_dags/example_bash_operator.py took 0.249 seconds
[2022-09-24T20:08:00.025+0000] {processor.py:156} INFO - Started process (PID=6730) to work on /home/airflow/.local/lib/python3.7/site-packages/airflow/example_dags/example_bash_operator.py
[2022-09-24T20:08:00.029+0000] {processor.py:758} INFO - Processing file /home/airflow/.local/lib/python3.7/site-packages/airflow/example_dags/example_bash_operator.py for tasks to queue
[2022-09-24T20:08:00.033+0000] {logging_mixin.py:117} INFO - [2022-09-24T20:08:00.033+0000] {dagbag.py:525} INFO - Filling up the DagBag from /home/airflow/.local/lib/python3.7/site-packages/airflow/example_dags/example_bash_operator.py
[2022-09-24T20:08:00.078+0000] {processor.py:768} INFO - DAG(s) dict_keys(['example_bash_operator']) retrieved from /home/airflow/.local/lib/python3.7/site-packages/airflow/example_dags/example_bash_operator.py
[2022-09-24T20:08:00.168+0000] {logging_mixin.py:117} INFO - [2022-09-24T20:08:00.168+0000] {dag.py:2573} INFO - Sync 1 DAGs
[2022-09-24T20:08:00.220+0000] {logging_mixin.py:117} INFO - [2022-09-24T20:08:00.220+0000] {dag.py:3328} INFO - Setting next_dagrun for example_bash_operator to 2022-09-23T00:00:00+00:00, run_after=2022-09-24T00:00:00+00:00
[2022-09-24T20:08:00.265+0000] {processor.py:178} INFO - Processing /home/airflow/.local/lib/python3.7/site-packages/airflow/example_dags/example_bash_operator.py took 0.248 seconds
[2022-09-24T20:08:30.351+0000] {processor.py:156} INFO - Started process (PID=6929) to work on /home/airflow/.local/lib/python3.7/site-packages/airflow/example_dags/example_bash_operator.py
[2022-09-24T20:08:30.356+0000] {processor.py:758} INFO - Processing file /home/airflow/.local/lib/python3.7/site-packages/airflow/example_dags/example_bash_operator.py for tasks to queue
[2022-09-24T20:08:30.361+0000] {logging_mixin.py:117} INFO - [2022-09-24T20:08:30.360+0000] {dagbag.py:525} INFO - Filling up the DagBag from /home/airflow/.local/lib/python3.7/site-packages/airflow/example_dags/example_bash_operator.py
[2022-09-24T20:08:30.410+0000] {processor.py:768} INFO - DAG(s) dict_keys(['example_bash_operator']) retrieved from /home/airflow/.local/lib/python3.7/site-packages/airflow/example_dags/example_bash_operator.py
[2022-09-24T20:08:30.514+0000] {logging_mixin.py:117} INFO - [2022-09-24T20:08:30.514+0000] {dag.py:2573} INFO - Sync 1 DAGs
[2022-09-24T20:08:30.572+0000] {logging_mixin.py:117} INFO - [2022-09-24T20:08:30.572+0000] {dag.py:3328} INFO - Setting next_dagrun for example_bash_operator to 2022-09-23T00:00:00+00:00, run_after=2022-09-24T00:00:00+00:00
[2022-09-24T20:08:30.612+0000] {processor.py:178} INFO - Processing /home/airflow/.local/lib/python3.7/site-packages/airflow/example_dags/example_bash_operator.py took 0.268 seconds
[2022-09-24T20:09:01.549+0000] {processor.py:156} INFO - Started process (PID=7135) to work on /home/airflow/.local/lib/python3.7/site-packages/airflow/example_dags/example_bash_operator.py
[2022-09-24T20:09:01.553+0000] {processor.py:758} INFO - Processing file /home/airflow/.local/lib/python3.7/site-packages/airflow/example_dags/example_bash_operator.py for tasks to queue
[2022-09-24T20:09:01.557+0000] {logging_mixin.py:117} INFO - [2022-09-24T20:09:01.557+0000] {dagbag.py:525} INFO - Filling up the DagBag from /home/airflow/.local/lib/python3.7/site-packages/airflow/example_dags/example_bash_operator.py
[2022-09-24T20:09:01.631+0000] {processor.py:768} INFO - DAG(s) dict_keys(['example_bash_operator']) retrieved from /home/airflow/.local/lib/python3.7/site-packages/airflow/example_dags/example_bash_operator.py
[2022-09-24T20:09:01.753+0000] {logging_mixin.py:117} INFO - [2022-09-24T20:09:01.752+0000] {dag.py:2573} INFO - Sync 1 DAGs
[2022-09-24T20:09:01.830+0000] {logging_mixin.py:117} INFO - [2022-09-24T20:09:01.829+0000] {dag.py:3328} INFO - Setting next_dagrun for example_bash_operator to 2022-09-23T00:00:00+00:00, run_after=2022-09-24T00:00:00+00:00
[2022-09-24T20:09:01.887+0000] {processor.py:178} INFO - Processing /home/airflow/.local/lib/python3.7/site-packages/airflow/example_dags/example_bash_operator.py took 0.351 seconds
[2022-09-24T20:09:32.101+0000] {processor.py:156} INFO - Started process (PID=7334) to work on /home/airflow/.local/lib/python3.7/site-packages/airflow/example_dags/example_bash_operator.py
[2022-09-24T20:09:32.105+0000] {processor.py:758} INFO - Processing file /home/airflow/.local/lib/python3.7/site-packages/airflow/example_dags/example_bash_operator.py for tasks to queue
[2022-09-24T20:09:32.107+0000] {logging_mixin.py:117} INFO - [2022-09-24T20:09:32.107+0000] {dagbag.py:525} INFO - Filling up the DagBag from /home/airflow/.local/lib/python3.7/site-packages/airflow/example_dags/example_bash_operator.py
[2022-09-24T20:09:32.151+0000] {processor.py:768} INFO - DAG(s) dict_keys(['example_bash_operator']) retrieved from /home/airflow/.local/lib/python3.7/site-packages/airflow/example_dags/example_bash_operator.py
[2022-09-24T20:09:32.246+0000] {logging_mixin.py:117} INFO - [2022-09-24T20:09:32.246+0000] {dag.py:2573} INFO - Sync 1 DAGs
[2022-09-24T20:09:32.300+0000] {logging_mixin.py:117} INFO - [2022-09-24T20:09:32.299+0000] {dag.py:3328} INFO - Setting next_dagrun for example_bash_operator to 2022-09-23T00:00:00+00:00, run_after=2022-09-24T00:00:00+00:00
[2022-09-24T20:09:32.341+0000] {processor.py:178} INFO - Processing /home/airflow/.local/lib/python3.7/site-packages/airflow/example_dags/example_bash_operator.py took 0.247 seconds
[2022-09-24T20:10:02.631+0000] {processor.py:156} INFO - Started process (PID=7527) to work on /home/airflow/.local/lib/python3.7/site-packages/airflow/example_dags/example_bash_operator.py
[2022-09-24T20:10:02.634+0000] {processor.py:758} INFO - Processing file /home/airflow/.local/lib/python3.7/site-packages/airflow/example_dags/example_bash_operator.py for tasks to queue
[2022-09-24T20:10:02.637+0000] {logging_mixin.py:117} INFO - [2022-09-24T20:10:02.637+0000] {dagbag.py:525} INFO - Filling up the DagBag from /home/airflow/.local/lib/python3.7/site-packages/airflow/example_dags/example_bash_operator.py
[2022-09-24T20:10:02.690+0000] {processor.py:768} INFO - DAG(s) dict_keys(['example_bash_operator']) retrieved from /home/airflow/.local/lib/python3.7/site-packages/airflow/example_dags/example_bash_operator.py
[2022-09-24T20:10:02.798+0000] {logging_mixin.py:117} INFO - [2022-09-24T20:10:02.798+0000] {dag.py:2573} INFO - Sync 1 DAGs
[2022-09-24T20:10:02.876+0000] {logging_mixin.py:117} INFO - [2022-09-24T20:10:02.876+0000] {dag.py:3328} INFO - Setting next_dagrun for example_bash_operator to 2022-09-23T00:00:00+00:00, run_after=2022-09-24T00:00:00+00:00
[2022-09-24T20:10:02.936+0000] {processor.py:178} INFO - Processing /home/airflow/.local/lib/python3.7/site-packages/airflow/example_dags/example_bash_operator.py took 0.311 seconds
[2022-09-24T20:10:33.291+0000] {processor.py:156} INFO - Started process (PID=7736) to work on /home/airflow/.local/lib/python3.7/site-packages/airflow/example_dags/example_bash_operator.py
[2022-09-24T20:10:33.295+0000] {processor.py:758} INFO - Processing file /home/airflow/.local/lib/python3.7/site-packages/airflow/example_dags/example_bash_operator.py for tasks to queue
[2022-09-24T20:10:33.300+0000] {logging_mixin.py:117} INFO - [2022-09-24T20:10:33.300+0000] {dagbag.py:525} INFO - Filling up the DagBag from /home/airflow/.local/lib/python3.7/site-packages/airflow/example_dags/example_bash_operator.py
[2022-09-24T20:10:33.359+0000] {processor.py:768} INFO - DAG(s) dict_keys(['example_bash_operator']) retrieved from /home/airflow/.local/lib/python3.7/site-packages/airflow/example_dags/example_bash_operator.py
[2022-09-24T20:10:33.455+0000] {logging_mixin.py:117} INFO - [2022-09-24T20:10:33.455+0000] {dag.py:2573} INFO - Sync 1 DAGs
[2022-09-24T20:10:33.510+0000] {logging_mixin.py:117} INFO - [2022-09-24T20:10:33.510+0000] {dag.py:3328} INFO - Setting next_dagrun for example_bash_operator to 2022-09-23T00:00:00+00:00, run_after=2022-09-24T00:00:00+00:00
[2022-09-24T20:10:33.549+0000] {processor.py:178} INFO - Processing /home/airflow/.local/lib/python3.7/site-packages/airflow/example_dags/example_bash_operator.py took 0.267 seconds
[2022-09-24T20:11:04.133+0000] {processor.py:156} INFO - Started process (PID=7931) to work on /home/airflow/.local/lib/python3.7/site-packages/airflow/example_dags/example_bash_operator.py
[2022-09-24T20:11:04.138+0000] {processor.py:758} INFO - Processing file /home/airflow/.local/lib/python3.7/site-packages/airflow/example_dags/example_bash_operator.py for tasks to queue
[2022-09-24T20:11:04.150+0000] {logging_mixin.py:117} INFO - [2022-09-24T20:11:04.147+0000] {dagbag.py:525} INFO - Filling up the DagBag from /home/airflow/.local/lib/python3.7/site-packages/airflow/example_dags/example_bash_operator.py
[2022-09-24T20:11:04.236+0000] {processor.py:768} INFO - DAG(s) dict_keys(['example_bash_operator']) retrieved from /home/airflow/.local/lib/python3.7/site-packages/airflow/example_dags/example_bash_operator.py
[2022-09-24T20:11:04.441+0000] {logging_mixin.py:117} INFO - [2022-09-24T20:11:04.441+0000] {dag.py:2573} INFO - Sync 1 DAGs
[2022-09-24T20:11:04.618+0000] {logging_mixin.py:117} INFO - [2022-09-24T20:11:04.617+0000] {dag.py:3328} INFO - Setting next_dagrun for example_bash_operator to 2022-09-23T00:00:00+00:00, run_after=2022-09-24T00:00:00+00:00
[2022-09-24T20:11:04.729+0000] {processor.py:178} INFO - Processing /home/airflow/.local/lib/python3.7/site-packages/airflow/example_dags/example_bash_operator.py took 0.624 seconds
[2022-09-24T20:11:35.576+0000] {processor.py:156} INFO - Started process (PID=8135) to work on /home/airflow/.local/lib/python3.7/site-packages/airflow/example_dags/example_bash_operator.py
[2022-09-24T20:11:35.628+0000] {processor.py:758} INFO - Processing file /home/airflow/.local/lib/python3.7/site-packages/airflow/example_dags/example_bash_operator.py for tasks to queue
[2022-09-24T20:11:35.657+0000] {logging_mixin.py:117} INFO - [2022-09-24T20:11:35.656+0000] {dagbag.py:525} INFO - Filling up the DagBag from /home/airflow/.local/lib/python3.7/site-packages/airflow/example_dags/example_bash_operator.py
[2022-09-24T20:11:36.036+0000] {processor.py:768} INFO - DAG(s) dict_keys(['example_bash_operator']) retrieved from /home/airflow/.local/lib/python3.7/site-packages/airflow/example_dags/example_bash_operator.py
[2022-09-24T20:11:36.248+0000] {logging_mixin.py:117} INFO - [2022-09-24T20:11:36.248+0000] {dag.py:2573} INFO - Sync 1 DAGs
[2022-09-24T20:11:36.374+0000] {logging_mixin.py:117} INFO - [2022-09-24T20:11:36.373+0000] {dag.py:3328} INFO - Setting next_dagrun for example_bash_operator to 2022-09-23T00:00:00+00:00, run_after=2022-09-24T00:00:00+00:00
[2022-09-24T20:11:36.441+0000] {processor.py:178} INFO - Processing /home/airflow/.local/lib/python3.7/site-packages/airflow/example_dags/example_bash_operator.py took 0.871 seconds
[2022-09-24T20:12:07.017+0000] {processor.py:156} INFO - Started process (PID=8333) to work on /home/airflow/.local/lib/python3.7/site-packages/airflow/example_dags/example_bash_operator.py
[2022-09-24T20:12:07.021+0000] {processor.py:758} INFO - Processing file /home/airflow/.local/lib/python3.7/site-packages/airflow/example_dags/example_bash_operator.py for tasks to queue
[2022-09-24T20:12:07.024+0000] {logging_mixin.py:117} INFO - [2022-09-24T20:12:07.024+0000] {dagbag.py:525} INFO - Filling up the DagBag from /home/airflow/.local/lib/python3.7/site-packages/airflow/example_dags/example_bash_operator.py
[2022-09-24T20:12:07.087+0000] {processor.py:768} INFO - DAG(s) dict_keys(['example_bash_operator']) retrieved from /home/airflow/.local/lib/python3.7/site-packages/airflow/example_dags/example_bash_operator.py
[2022-09-24T20:12:07.227+0000] {logging_mixin.py:117} INFO - [2022-09-24T20:12:07.227+0000] {dag.py:2573} INFO - Sync 1 DAGs
[2022-09-24T20:12:07.294+0000] {logging_mixin.py:117} INFO - [2022-09-24T20:12:07.294+0000] {dag.py:3328} INFO - Setting next_dagrun for example_bash_operator to 2022-09-23T00:00:00+00:00, run_after=2022-09-24T00:00:00+00:00
[2022-09-24T20:12:07.354+0000] {processor.py:178} INFO - Processing /home/airflow/.local/lib/python3.7/site-packages/airflow/example_dags/example_bash_operator.py took 0.349 seconds
[2022-09-24T20:12:38.520+0000] {processor.py:156} INFO - Started process (PID=8529) to work on /home/airflow/.local/lib/python3.7/site-packages/airflow/example_dags/example_bash_operator.py
[2022-09-24T20:12:38.529+0000] {processor.py:758} INFO - Processing file /home/airflow/.local/lib/python3.7/site-packages/airflow/example_dags/example_bash_operator.py for tasks to queue
[2022-09-24T20:12:38.544+0000] {logging_mixin.py:117} INFO - [2022-09-24T20:12:38.541+0000] {dagbag.py:525} INFO - Filling up the DagBag from /home/airflow/.local/lib/python3.7/site-packages/airflow/example_dags/example_bash_operator.py
[2022-09-24T20:12:38.621+0000] {processor.py:768} INFO - DAG(s) dict_keys(['example_bash_operator']) retrieved from /home/airflow/.local/lib/python3.7/site-packages/airflow/example_dags/example_bash_operator.py
[2022-09-24T20:12:38.756+0000] {logging_mixin.py:117} INFO - [2022-09-24T20:12:38.756+0000] {dag.py:2573} INFO - Sync 1 DAGs
[2022-09-24T20:12:38.826+0000] {logging_mixin.py:117} INFO - [2022-09-24T20:12:38.826+0000] {dag.py:3328} INFO - Setting next_dagrun for example_bash_operator to 2022-09-23T00:00:00+00:00, run_after=2022-09-24T00:00:00+00:00
[2022-09-24T20:12:38.881+0000] {processor.py:178} INFO - Processing /home/airflow/.local/lib/python3.7/site-packages/airflow/example_dags/example_bash_operator.py took 0.377 seconds
[2022-09-24T20:13:09.149+0000] {processor.py:156} INFO - Started process (PID=8727) to work on /home/airflow/.local/lib/python3.7/site-packages/airflow/example_dags/example_bash_operator.py
[2022-09-24T20:13:09.153+0000] {processor.py:758} INFO - Processing file /home/airflow/.local/lib/python3.7/site-packages/airflow/example_dags/example_bash_operator.py for tasks to queue
[2022-09-24T20:13:09.160+0000] {logging_mixin.py:117} INFO - [2022-09-24T20:13:09.159+0000] {dagbag.py:525} INFO - Filling up the DagBag from /home/airflow/.local/lib/python3.7/site-packages/airflow/example_dags/example_bash_operator.py
[2022-09-24T20:13:09.218+0000] {processor.py:768} INFO - DAG(s) dict_keys(['example_bash_operator']) retrieved from /home/airflow/.local/lib/python3.7/site-packages/airflow/example_dags/example_bash_operator.py
[2022-09-24T20:13:09.319+0000] {logging_mixin.py:117} INFO - [2022-09-24T20:13:09.319+0000] {dag.py:2573} INFO - Sync 1 DAGs
[2022-09-24T20:13:09.379+0000] {logging_mixin.py:117} INFO - [2022-09-24T20:13:09.379+0000] {dag.py:3328} INFO - Setting next_dagrun for example_bash_operator to 2022-09-23T00:00:00+00:00, run_after=2022-09-24T00:00:00+00:00
[2022-09-24T20:13:09.426+0000] {processor.py:178} INFO - Processing /home/airflow/.local/lib/python3.7/site-packages/airflow/example_dags/example_bash_operator.py took 0.284 seconds
[2022-09-24T20:13:39.767+0000] {processor.py:156} INFO - Started process (PID=8925) to work on /home/airflow/.local/lib/python3.7/site-packages/airflow/example_dags/example_bash_operator.py
[2022-09-24T20:13:39.770+0000] {processor.py:758} INFO - Processing file /home/airflow/.local/lib/python3.7/site-packages/airflow/example_dags/example_bash_operator.py for tasks to queue
[2022-09-24T20:13:39.774+0000] {logging_mixin.py:117} INFO - [2022-09-24T20:13:39.774+0000] {dagbag.py:525} INFO - Filling up the DagBag from /home/airflow/.local/lib/python3.7/site-packages/airflow/example_dags/example_bash_operator.py
[2022-09-24T20:13:39.827+0000] {processor.py:768} INFO - DAG(s) dict_keys(['example_bash_operator']) retrieved from /home/airflow/.local/lib/python3.7/site-packages/airflow/example_dags/example_bash_operator.py
[2022-09-24T20:13:39.984+0000] {logging_mixin.py:117} INFO - [2022-09-24T20:13:39.983+0000] {dag.py:2573} INFO - Sync 1 DAGs
[2022-09-24T20:13:40.100+0000] {logging_mixin.py:117} INFO - [2022-09-24T20:13:40.100+0000] {dag.py:3328} INFO - Setting next_dagrun for example_bash_operator to 2022-09-23T00:00:00+00:00, run_after=2022-09-24T00:00:00+00:00
[2022-09-24T20:13:40.151+0000] {processor.py:178} INFO - Processing /home/airflow/.local/lib/python3.7/site-packages/airflow/example_dags/example_bash_operator.py took 0.391 seconds
[2022-09-24T20:14:10.885+0000] {processor.py:156} INFO - Started process (PID=9118) to work on /home/airflow/.local/lib/python3.7/site-packages/airflow/example_dags/example_bash_operator.py
[2022-09-24T20:14:10.889+0000] {processor.py:758} INFO - Processing file /home/airflow/.local/lib/python3.7/site-packages/airflow/example_dags/example_bash_operator.py for tasks to queue
[2022-09-24T20:14:10.892+0000] {logging_mixin.py:117} INFO - [2022-09-24T20:14:10.892+0000] {dagbag.py:525} INFO - Filling up the DagBag from /home/airflow/.local/lib/python3.7/site-packages/airflow/example_dags/example_bash_operator.py
[2022-09-24T20:14:11.074+0000] {processor.py:768} INFO - DAG(s) dict_keys(['example_bash_operator']) retrieved from /home/airflow/.local/lib/python3.7/site-packages/airflow/example_dags/example_bash_operator.py
[2022-09-24T20:14:11.352+0000] {logging_mixin.py:117} INFO - [2022-09-24T20:14:11.352+0000] {dag.py:2573} INFO - Sync 1 DAGs
[2022-09-24T20:14:11.436+0000] {logging_mixin.py:117} INFO - [2022-09-24T20:14:11.435+0000] {dag.py:3328} INFO - Setting next_dagrun for example_bash_operator to 2022-09-23T00:00:00+00:00, run_after=2022-09-24T00:00:00+00:00
[2022-09-24T20:14:11.533+0000] {processor.py:178} INFO - Processing /home/airflow/.local/lib/python3.7/site-packages/airflow/example_dags/example_bash_operator.py took 0.694 seconds
[2022-09-24T20:14:41.765+0000] {processor.py:156} INFO - Started process (PID=9318) to work on /home/airflow/.local/lib/python3.7/site-packages/airflow/example_dags/example_bash_operator.py
[2022-09-24T20:14:41.770+0000] {processor.py:758} INFO - Processing file /home/airflow/.local/lib/python3.7/site-packages/airflow/example_dags/example_bash_operator.py for tasks to queue
[2022-09-24T20:14:41.778+0000] {logging_mixin.py:117} INFO - [2022-09-24T20:14:41.777+0000] {dagbag.py:525} INFO - Filling up the DagBag from /home/airflow/.local/lib/python3.7/site-packages/airflow/example_dags/example_bash_operator.py
[2022-09-24T20:14:41.864+0000] {processor.py:768} INFO - DAG(s) dict_keys(['example_bash_operator']) retrieved from /home/airflow/.local/lib/python3.7/site-packages/airflow/example_dags/example_bash_operator.py
[2022-09-24T20:14:41.987+0000] {logging_mixin.py:117} INFO - [2022-09-24T20:14:41.987+0000] {dag.py:2573} INFO - Sync 1 DAGs
[2022-09-24T20:14:42.061+0000] {logging_mixin.py:117} INFO - [2022-09-24T20:14:42.060+0000] {dag.py:3328} INFO - Setting next_dagrun for example_bash_operator to 2022-09-23T00:00:00+00:00, run_after=2022-09-24T00:00:00+00:00
[2022-09-24T20:14:42.114+0000] {processor.py:178} INFO - Processing /home/airflow/.local/lib/python3.7/site-packages/airflow/example_dags/example_bash_operator.py took 0.363 seconds
[2022-09-24T20:15:12.830+0000] {processor.py:156} INFO - Started process (PID=9514) to work on /home/airflow/.local/lib/python3.7/site-packages/airflow/example_dags/example_bash_operator.py
[2022-09-24T20:15:12.834+0000] {processor.py:758} INFO - Processing file /home/airflow/.local/lib/python3.7/site-packages/airflow/example_dags/example_bash_operator.py for tasks to queue
[2022-09-24T20:15:12.840+0000] {logging_mixin.py:117} INFO - [2022-09-24T20:15:12.838+0000] {dagbag.py:525} INFO - Filling up the DagBag from /home/airflow/.local/lib/python3.7/site-packages/airflow/example_dags/example_bash_operator.py
[2022-09-24T20:15:12.918+0000] {processor.py:768} INFO - DAG(s) dict_keys(['example_bash_operator']) retrieved from /home/airflow/.local/lib/python3.7/site-packages/airflow/example_dags/example_bash_operator.py
[2022-09-24T20:15:13.032+0000] {logging_mixin.py:117} INFO - [2022-09-24T20:15:13.032+0000] {dag.py:2573} INFO - Sync 1 DAGs
[2022-09-24T20:15:13.112+0000] {logging_mixin.py:117} INFO - [2022-09-24T20:15:13.111+0000] {dag.py:3328} INFO - Setting next_dagrun for example_bash_operator to 2022-09-23T00:00:00+00:00, run_after=2022-09-24T00:00:00+00:00
[2022-09-24T20:15:13.173+0000] {processor.py:178} INFO - Processing /home/airflow/.local/lib/python3.7/site-packages/airflow/example_dags/example_bash_operator.py took 0.358 seconds
[2022-09-24T20:15:47.876+0000] {processor.py:156} INFO - Started process (PID=9717) to work on /home/airflow/.local/lib/python3.7/site-packages/airflow/example_dags/example_bash_operator.py
[2022-09-24T20:15:47.889+0000] {processor.py:758} INFO - Processing file /home/airflow/.local/lib/python3.7/site-packages/airflow/example_dags/example_bash_operator.py for tasks to queue
[2022-09-24T20:15:47.905+0000] {logging_mixin.py:117} INFO - [2022-09-24T20:15:47.905+0000] {dagbag.py:525} INFO - Filling up the DagBag from /home/airflow/.local/lib/python3.7/site-packages/airflow/example_dags/example_bash_operator.py
[2022-09-24T20:15:48.049+0000] {processor.py:768} INFO - DAG(s) dict_keys(['example_bash_operator']) retrieved from /home/airflow/.local/lib/python3.7/site-packages/airflow/example_dags/example_bash_operator.py
[2022-09-24T20:15:48.266+0000] {logging_mixin.py:117} INFO - [2022-09-24T20:15:48.264+0000] {dag.py:2573} INFO - Sync 1 DAGs
[2022-09-24T20:15:48.554+0000] {logging_mixin.py:117} INFO - [2022-09-24T20:15:48.553+0000] {dag.py:3328} INFO - Setting next_dagrun for example_bash_operator to 2022-09-23T00:00:00+00:00, run_after=2022-09-24T00:00:00+00:00
[2022-09-24T20:15:48.801+0000] {processor.py:178} INFO - Processing /home/airflow/.local/lib/python3.7/site-packages/airflow/example_dags/example_bash_operator.py took 0.942 seconds
[2022-09-24T20:16:23.659+0000] {processor.py:156} INFO - Started process (PID=9928) to work on /home/airflow/.local/lib/python3.7/site-packages/airflow/example_dags/example_bash_operator.py
[2022-09-24T20:16:23.666+0000] {processor.py:758} INFO - Processing file /home/airflow/.local/lib/python3.7/site-packages/airflow/example_dags/example_bash_operator.py for tasks to queue
[2022-09-24T20:16:23.672+0000] {logging_mixin.py:117} INFO - [2022-09-24T20:16:23.671+0000] {dagbag.py:525} INFO - Filling up the DagBag from /home/airflow/.local/lib/python3.7/site-packages/airflow/example_dags/example_bash_operator.py
[2022-09-24T20:16:23.823+0000] {processor.py:768} INFO - DAG(s) dict_keys(['example_bash_operator']) retrieved from /home/airflow/.local/lib/python3.7/site-packages/airflow/example_dags/example_bash_operator.py
[2022-09-24T20:16:24.148+0000] {logging_mixin.py:117} INFO - [2022-09-24T20:16:24.148+0000] {dag.py:2573} INFO - Sync 1 DAGs
[2022-09-24T20:16:24.257+0000] {logging_mixin.py:117} INFO - [2022-09-24T20:16:24.256+0000] {dag.py:3328} INFO - Setting next_dagrun for example_bash_operator to 2022-09-23T00:00:00+00:00, run_after=2022-09-24T00:00:00+00:00
[2022-09-24T20:16:24.390+0000] {processor.py:178} INFO - Processing /home/airflow/.local/lib/python3.7/site-packages/airflow/example_dags/example_bash_operator.py took 0.746 seconds
[2022-09-24T20:16:54.516+0000] {processor.py:156} INFO - Started process (PID=10125) to work on /home/airflow/.local/lib/python3.7/site-packages/airflow/example_dags/example_bash_operator.py
[2022-09-24T20:16:54.520+0000] {processor.py:758} INFO - Processing file /home/airflow/.local/lib/python3.7/site-packages/airflow/example_dags/example_bash_operator.py for tasks to queue
[2022-09-24T20:16:54.523+0000] {logging_mixin.py:117} INFO - [2022-09-24T20:16:54.523+0000] {dagbag.py:525} INFO - Filling up the DagBag from /home/airflow/.local/lib/python3.7/site-packages/airflow/example_dags/example_bash_operator.py
[2022-09-24T20:16:54.567+0000] {processor.py:768} INFO - DAG(s) dict_keys(['example_bash_operator']) retrieved from /home/airflow/.local/lib/python3.7/site-packages/airflow/example_dags/example_bash_operator.py
[2022-09-24T20:16:54.654+0000] {logging_mixin.py:117} INFO - [2022-09-24T20:16:54.654+0000] {dag.py:2573} INFO - Sync 1 DAGs
[2022-09-24T20:16:54.702+0000] {logging_mixin.py:117} INFO - [2022-09-24T20:16:54.702+0000] {dag.py:3328} INFO - Setting next_dagrun for example_bash_operator to 2022-09-23T00:00:00+00:00, run_after=2022-09-24T00:00:00+00:00
[2022-09-24T20:16:54.742+0000] {processor.py:178} INFO - Processing /home/airflow/.local/lib/python3.7/site-packages/airflow/example_dags/example_bash_operator.py took 0.235 seconds
[2022-09-24T20:17:25.136+0000] {processor.py:156} INFO - Started process (PID=10319) to work on /home/airflow/.local/lib/python3.7/site-packages/airflow/example_dags/example_bash_operator.py
[2022-09-24T20:17:25.150+0000] {processor.py:758} INFO - Processing file /home/airflow/.local/lib/python3.7/site-packages/airflow/example_dags/example_bash_operator.py for tasks to queue
[2022-09-24T20:17:25.153+0000] {logging_mixin.py:117} INFO - [2022-09-24T20:17:25.152+0000] {dagbag.py:525} INFO - Filling up the DagBag from /home/airflow/.local/lib/python3.7/site-packages/airflow/example_dags/example_bash_operator.py
[2022-09-24T20:17:25.361+0000] {processor.py:768} INFO - DAG(s) dict_keys(['example_bash_operator']) retrieved from /home/airflow/.local/lib/python3.7/site-packages/airflow/example_dags/example_bash_operator.py
[2022-09-24T20:17:25.560+0000] {logging_mixin.py:117} INFO - [2022-09-24T20:17:25.560+0000] {dag.py:2573} INFO - Sync 1 DAGs
[2022-09-24T20:17:25.695+0000] {logging_mixin.py:117} INFO - [2022-09-24T20:17:25.695+0000] {dag.py:3328} INFO - Setting next_dagrun for example_bash_operator to 2022-09-23T00:00:00+00:00, run_after=2022-09-24T00:00:00+00:00
[2022-09-24T20:17:25.785+0000] {processor.py:178} INFO - Processing /home/airflow/.local/lib/python3.7/site-packages/airflow/example_dags/example_bash_operator.py took 0.683 seconds
[2022-09-24T20:17:56.069+0000] {processor.py:156} INFO - Started process (PID=10519) to work on /home/airflow/.local/lib/python3.7/site-packages/airflow/example_dags/example_bash_operator.py
[2022-09-24T20:17:56.072+0000] {processor.py:758} INFO - Processing file /home/airflow/.local/lib/python3.7/site-packages/airflow/example_dags/example_bash_operator.py for tasks to queue
[2022-09-24T20:17:56.074+0000] {logging_mixin.py:117} INFO - [2022-09-24T20:17:56.074+0000] {dagbag.py:525} INFO - Filling up the DagBag from /home/airflow/.local/lib/python3.7/site-packages/airflow/example_dags/example_bash_operator.py
[2022-09-24T20:17:56.122+0000] {processor.py:768} INFO - DAG(s) dict_keys(['example_bash_operator']) retrieved from /home/airflow/.local/lib/python3.7/site-packages/airflow/example_dags/example_bash_operator.py
[2022-09-24T20:17:56.196+0000] {logging_mixin.py:117} INFO - [2022-09-24T20:17:56.196+0000] {dag.py:2573} INFO - Sync 1 DAGs
[2022-09-24T20:17:56.254+0000] {logging_mixin.py:117} INFO - [2022-09-24T20:17:56.254+0000] {dag.py:3328} INFO - Setting next_dagrun for example_bash_operator to 2022-09-23T00:00:00+00:00, run_after=2022-09-24T00:00:00+00:00
[2022-09-24T20:17:56.307+0000] {processor.py:178} INFO - Processing /home/airflow/.local/lib/python3.7/site-packages/airflow/example_dags/example_bash_operator.py took 0.266 seconds
[2022-09-24T20:18:27.047+0000] {processor.py:156} INFO - Started process (PID=10717) to work on /home/airflow/.local/lib/python3.7/site-packages/airflow/example_dags/example_bash_operator.py
[2022-09-24T20:18:27.054+0000] {processor.py:758} INFO - Processing file /home/airflow/.local/lib/python3.7/site-packages/airflow/example_dags/example_bash_operator.py for tasks to queue
[2022-09-24T20:18:27.060+0000] {logging_mixin.py:117} INFO - [2022-09-24T20:18:27.057+0000] {dagbag.py:525} INFO - Filling up the DagBag from /home/airflow/.local/lib/python3.7/site-packages/airflow/example_dags/example_bash_operator.py
[2022-09-24T20:18:27.122+0000] {processor.py:768} INFO - DAG(s) dict_keys(['example_bash_operator']) retrieved from /home/airflow/.local/lib/python3.7/site-packages/airflow/example_dags/example_bash_operator.py
[2022-09-24T20:18:27.284+0000] {logging_mixin.py:117} INFO - [2022-09-24T20:18:27.283+0000] {dag.py:2573} INFO - Sync 1 DAGs
[2022-09-24T20:18:27.693+0000] {logging_mixin.py:117} INFO - [2022-09-24T20:18:27.693+0000] {dag.py:3328} INFO - Setting next_dagrun for example_bash_operator to 2022-09-23T00:00:00+00:00, run_after=2022-09-24T00:00:00+00:00
[2022-09-24T20:18:27.780+0000] {processor.py:178} INFO - Processing /home/airflow/.local/lib/python3.7/site-packages/airflow/example_dags/example_bash_operator.py took 0.752 seconds
[2022-09-24T20:18:58.125+0000] {processor.py:156} INFO - Started process (PID=10912) to work on /home/airflow/.local/lib/python3.7/site-packages/airflow/example_dags/example_bash_operator.py
[2022-09-24T20:18:58.150+0000] {processor.py:758} INFO - Processing file /home/airflow/.local/lib/python3.7/site-packages/airflow/example_dags/example_bash_operator.py for tasks to queue
[2022-09-24T20:18:58.162+0000] {logging_mixin.py:117} INFO - [2022-09-24T20:18:58.160+0000] {dagbag.py:525} INFO - Filling up the DagBag from /home/airflow/.local/lib/python3.7/site-packages/airflow/example_dags/example_bash_operator.py
[2022-09-24T20:18:58.226+0000] {processor.py:768} INFO - DAG(s) dict_keys(['example_bash_operator']) retrieved from /home/airflow/.local/lib/python3.7/site-packages/airflow/example_dags/example_bash_operator.py
[2022-09-24T20:18:58.328+0000] {logging_mixin.py:117} INFO - [2022-09-24T20:18:58.327+0000] {dag.py:2573} INFO - Sync 1 DAGs
[2022-09-24T20:18:58.389+0000] {logging_mixin.py:117} INFO - [2022-09-24T20:18:58.389+0000] {dag.py:3328} INFO - Setting next_dagrun for example_bash_operator to 2022-09-23T00:00:00+00:00, run_after=2022-09-24T00:00:00+00:00
[2022-09-24T20:18:58.439+0000] {processor.py:178} INFO - Processing /home/airflow/.local/lib/python3.7/site-packages/airflow/example_dags/example_bash_operator.py took 0.370 seconds
[2022-09-24T20:19:29.135+0000] {processor.py:156} INFO - Started process (PID=11113) to work on /home/airflow/.local/lib/python3.7/site-packages/airflow/example_dags/example_bash_operator.py
[2022-09-24T20:19:29.147+0000] {processor.py:758} INFO - Processing file /home/airflow/.local/lib/python3.7/site-packages/airflow/example_dags/example_bash_operator.py for tasks to queue
[2022-09-24T20:19:29.151+0000] {logging_mixin.py:117} INFO - [2022-09-24T20:19:29.150+0000] {dagbag.py:525} INFO - Filling up the DagBag from /home/airflow/.local/lib/python3.7/site-packages/airflow/example_dags/example_bash_operator.py
[2022-09-24T20:19:29.358+0000] {processor.py:768} INFO - DAG(s) dict_keys(['example_bash_operator']) retrieved from /home/airflow/.local/lib/python3.7/site-packages/airflow/example_dags/example_bash_operator.py
[2022-09-24T20:19:29.545+0000] {logging_mixin.py:117} INFO - [2022-09-24T20:19:29.545+0000] {dag.py:2573} INFO - Sync 1 DAGs
[2022-09-24T20:19:29.606+0000] {logging_mixin.py:117} INFO - [2022-09-24T20:19:29.606+0000] {dag.py:3328} INFO - Setting next_dagrun for example_bash_operator to 2022-09-23T00:00:00+00:00, run_after=2022-09-24T00:00:00+00:00
[2022-09-24T20:19:29.699+0000] {processor.py:178} INFO - Processing /home/airflow/.local/lib/python3.7/site-packages/airflow/example_dags/example_bash_operator.py took 0.592 seconds
[2022-09-24T20:19:59.962+0000] {processor.py:156} INFO - Started process (PID=11322) to work on /home/airflow/.local/lib/python3.7/site-packages/airflow/example_dags/example_bash_operator.py
[2022-09-24T20:19:59.967+0000] {processor.py:758} INFO - Processing file /home/airflow/.local/lib/python3.7/site-packages/airflow/example_dags/example_bash_operator.py for tasks to queue
[2022-09-24T20:19:59.972+0000] {logging_mixin.py:117} INFO - [2022-09-24T20:19:59.971+0000] {dagbag.py:525} INFO - Filling up the DagBag from /home/airflow/.local/lib/python3.7/site-packages/airflow/example_dags/example_bash_operator.py
[2022-09-24T20:20:00.015+0000] {processor.py:768} INFO - DAG(s) dict_keys(['example_bash_operator']) retrieved from /home/airflow/.local/lib/python3.7/site-packages/airflow/example_dags/example_bash_operator.py
[2022-09-24T20:20:00.115+0000] {logging_mixin.py:117} INFO - [2022-09-24T20:20:00.115+0000] {dag.py:2573} INFO - Sync 1 DAGs
[2022-09-24T20:20:00.173+0000] {logging_mixin.py:117} INFO - [2022-09-24T20:20:00.172+0000] {dag.py:3328} INFO - Setting next_dagrun for example_bash_operator to 2022-09-23T00:00:00+00:00, run_after=2022-09-24T00:00:00+00:00
[2022-09-24T20:20:00.227+0000] {processor.py:178} INFO - Processing /home/airflow/.local/lib/python3.7/site-packages/airflow/example_dags/example_bash_operator.py took 0.270 seconds
[2022-09-24T20:20:30.391+0000] {processor.py:156} INFO - Started process (PID=11519) to work on /home/airflow/.local/lib/python3.7/site-packages/airflow/example_dags/example_bash_operator.py
[2022-09-24T20:20:30.395+0000] {processor.py:758} INFO - Processing file /home/airflow/.local/lib/python3.7/site-packages/airflow/example_dags/example_bash_operator.py for tasks to queue
[2022-09-24T20:20:30.398+0000] {logging_mixin.py:117} INFO - [2022-09-24T20:20:30.398+0000] {dagbag.py:525} INFO - Filling up the DagBag from /home/airflow/.local/lib/python3.7/site-packages/airflow/example_dags/example_bash_operator.py
[2022-09-24T20:20:30.460+0000] {processor.py:768} INFO - DAG(s) dict_keys(['example_bash_operator']) retrieved from /home/airflow/.local/lib/python3.7/site-packages/airflow/example_dags/example_bash_operator.py
[2022-09-24T20:20:30.550+0000] {logging_mixin.py:117} INFO - [2022-09-24T20:20:30.550+0000] {dag.py:2573} INFO - Sync 1 DAGs
[2022-09-24T20:20:30.609+0000] {logging_mixin.py:117} INFO - [2022-09-24T20:20:30.608+0000] {dag.py:3328} INFO - Setting next_dagrun for example_bash_operator to 2022-09-23T00:00:00+00:00, run_after=2022-09-24T00:00:00+00:00
[2022-09-24T20:20:30.665+0000] {processor.py:178} INFO - Processing /home/airflow/.local/lib/python3.7/site-packages/airflow/example_dags/example_bash_operator.py took 0.281 seconds
[2022-09-24T20:21:01.190+0000] {processor.py:156} INFO - Started process (PID=11725) to work on /home/airflow/.local/lib/python3.7/site-packages/airflow/example_dags/example_bash_operator.py
[2022-09-24T20:21:01.195+0000] {processor.py:758} INFO - Processing file /home/airflow/.local/lib/python3.7/site-packages/airflow/example_dags/example_bash_operator.py for tasks to queue
[2022-09-24T20:21:01.200+0000] {logging_mixin.py:117} INFO - [2022-09-24T20:21:01.200+0000] {dagbag.py:525} INFO - Filling up the DagBag from /home/airflow/.local/lib/python3.7/site-packages/airflow/example_dags/example_bash_operator.py
[2022-09-24T20:21:01.296+0000] {processor.py:768} INFO - DAG(s) dict_keys(['example_bash_operator']) retrieved from /home/airflow/.local/lib/python3.7/site-packages/airflow/example_dags/example_bash_operator.py
[2022-09-24T20:21:01.428+0000] {logging_mixin.py:117} INFO - [2022-09-24T20:21:01.428+0000] {dag.py:2573} INFO - Sync 1 DAGs
[2022-09-24T20:21:01.487+0000] {logging_mixin.py:117} INFO - [2022-09-24T20:21:01.487+0000] {dag.py:3328} INFO - Setting next_dagrun for example_bash_operator to 2022-09-23T00:00:00+00:00, run_after=2022-09-24T00:00:00+00:00
[2022-09-24T20:21:01.596+0000] {processor.py:178} INFO - Processing /home/airflow/.local/lib/python3.7/site-packages/airflow/example_dags/example_bash_operator.py took 0.429 seconds
[2022-09-24T20:21:31.984+0000] {processor.py:156} INFO - Started process (PID=11923) to work on /home/airflow/.local/lib/python3.7/site-packages/airflow/example_dags/example_bash_operator.py
[2022-09-24T20:21:31.988+0000] {processor.py:758} INFO - Processing file /home/airflow/.local/lib/python3.7/site-packages/airflow/example_dags/example_bash_operator.py for tasks to queue
[2022-09-24T20:21:31.991+0000] {logging_mixin.py:117} INFO - [2022-09-24T20:21:31.991+0000] {dagbag.py:525} INFO - Filling up the DagBag from /home/airflow/.local/lib/python3.7/site-packages/airflow/example_dags/example_bash_operator.py
[2022-09-24T20:21:32.040+0000] {processor.py:768} INFO - DAG(s) dict_keys(['example_bash_operator']) retrieved from /home/airflow/.local/lib/python3.7/site-packages/airflow/example_dags/example_bash_operator.py
[2022-09-24T20:21:32.142+0000] {logging_mixin.py:117} INFO - [2022-09-24T20:21:32.142+0000] {dag.py:2573} INFO - Sync 1 DAGs
[2022-09-24T20:21:32.219+0000] {logging_mixin.py:117} INFO - [2022-09-24T20:21:32.219+0000] {dag.py:3328} INFO - Setting next_dagrun for example_bash_operator to 2022-09-23T00:00:00+00:00, run_after=2022-09-24T00:00:00+00:00
[2022-09-24T20:21:32.256+0000] {processor.py:178} INFO - Processing /home/airflow/.local/lib/python3.7/site-packages/airflow/example_dags/example_bash_operator.py took 0.282 seconds
