[2022-09-24T19:51:00.173+0000] {processor.py:156} INFO - Started process (PID=339) to work on /home/airflow/.local/lib/python3.7/site-packages/airflow/example_dags/example_dag_decorator.py
[2022-09-24T19:51:00.188+0000] {processor.py:758} INFO - Processing file /home/airflow/.local/lib/python3.7/site-packages/airflow/example_dags/example_dag_decorator.py for tasks to queue
[2022-09-24T19:51:00.198+0000] {logging_mixin.py:117} INFO - [2022-09-24T19:51:00.195+0000] {dagbag.py:525} INFO - Filling up the DagBag from /home/airflow/.local/lib/python3.7/site-packages/airflow/example_dags/example_dag_decorator.py
[2022-09-24T19:51:00.446+0000] {processor.py:768} INFO - DAG(s) dict_keys(['example_dag_decorator']) retrieved from /home/airflow/.local/lib/python3.7/site-packages/airflow/example_dags/example_dag_decorator.py
[2022-09-24T19:51:01.732+0000] {logging_mixin.py:117} INFO - [2022-09-24T19:51:01.732+0000] {dag.py:2573} INFO - Sync 1 DAGs
[2022-09-24T19:51:01.887+0000] {logging_mixin.py:117} INFO - [2022-09-24T19:51:01.887+0000] {dag.py:3328} INFO - Setting next_dagrun for example_dag_decorator to None, run_after=None
[2022-09-24T19:51:01.999+0000] {processor.py:178} INFO - Processing /home/airflow/.local/lib/python3.7/site-packages/airflow/example_dags/example_dag_decorator.py took 1.849 seconds
[2022-09-24T19:51:32.193+0000] {processor.py:156} INFO - Started process (PID=539) to work on /home/airflow/.local/lib/python3.7/site-packages/airflow/example_dags/example_dag_decorator.py
[2022-09-24T19:51:32.197+0000] {processor.py:758} INFO - Processing file /home/airflow/.local/lib/python3.7/site-packages/airflow/example_dags/example_dag_decorator.py for tasks to queue
[2022-09-24T19:51:32.201+0000] {logging_mixin.py:117} INFO - [2022-09-24T19:51:32.200+0000] {dagbag.py:525} INFO - Filling up the DagBag from /home/airflow/.local/lib/python3.7/site-packages/airflow/example_dags/example_dag_decorator.py
[2022-09-24T19:51:32.261+0000] {processor.py:768} INFO - DAG(s) dict_keys(['example_dag_decorator']) retrieved from /home/airflow/.local/lib/python3.7/site-packages/airflow/example_dags/example_dag_decorator.py
[2022-09-24T19:51:32.575+0000] {logging_mixin.py:117} INFO - [2022-09-24T19:51:32.575+0000] {dag.py:2573} INFO - Sync 1 DAGs
[2022-09-24T19:51:32.618+0000] {logging_mixin.py:117} INFO - [2022-09-24T19:51:32.618+0000] {dag.py:3328} INFO - Setting next_dagrun for example_dag_decorator to None, run_after=None
[2022-09-24T19:51:32.663+0000] {processor.py:178} INFO - Processing /home/airflow/.local/lib/python3.7/site-packages/airflow/example_dags/example_dag_decorator.py took 0.480 seconds
[2022-09-24T19:52:08.952+0000] {processor.py:156} INFO - Started process (PID=737) to work on /home/airflow/.local/lib/python3.7/site-packages/airflow/example_dags/example_dag_decorator.py
[2022-09-24T19:52:08.965+0000] {processor.py:758} INFO - Processing file /home/airflow/.local/lib/python3.7/site-packages/airflow/example_dags/example_dag_decorator.py for tasks to queue
[2022-09-24T19:52:08.970+0000] {logging_mixin.py:117} INFO - [2022-09-24T19:52:08.969+0000] {dagbag.py:525} INFO - Filling up the DagBag from /home/airflow/.local/lib/python3.7/site-packages/airflow/example_dags/example_dag_decorator.py
[2022-09-24T19:52:09.103+0000] {processor.py:768} INFO - DAG(s) dict_keys(['example_dag_decorator']) retrieved from /home/airflow/.local/lib/python3.7/site-packages/airflow/example_dags/example_dag_decorator.py
[2022-09-24T19:52:10.129+0000] {logging_mixin.py:117} INFO - [2022-09-24T19:52:10.126+0000] {dag.py:2573} INFO - Sync 1 DAGs
[2022-09-24T19:52:10.214+0000] {logging_mixin.py:117} INFO - [2022-09-24T19:52:10.214+0000] {dag.py:3328} INFO - Setting next_dagrun for example_dag_decorator to None, run_after=None
[2022-09-24T19:52:10.385+0000] {processor.py:178} INFO - Processing /home/airflow/.local/lib/python3.7/site-packages/airflow/example_dags/example_dag_decorator.py took 1.442 seconds
[2022-09-24T19:52:40.831+0000] {processor.py:156} INFO - Started process (PID=935) to work on /home/airflow/.local/lib/python3.7/site-packages/airflow/example_dags/example_dag_decorator.py
[2022-09-24T19:52:40.837+0000] {processor.py:758} INFO - Processing file /home/airflow/.local/lib/python3.7/site-packages/airflow/example_dags/example_dag_decorator.py for tasks to queue
[2022-09-24T19:52:40.841+0000] {logging_mixin.py:117} INFO - [2022-09-24T19:52:40.840+0000] {dagbag.py:525} INFO - Filling up the DagBag from /home/airflow/.local/lib/python3.7/site-packages/airflow/example_dags/example_dag_decorator.py
[2022-09-24T19:52:40.941+0000] {processor.py:768} INFO - DAG(s) dict_keys(['example_dag_decorator']) retrieved from /home/airflow/.local/lib/python3.7/site-packages/airflow/example_dags/example_dag_decorator.py
[2022-09-24T19:52:41.382+0000] {logging_mixin.py:117} INFO - [2022-09-24T19:52:41.382+0000] {dag.py:2573} INFO - Sync 1 DAGs
[2022-09-24T19:52:41.502+0000] {logging_mixin.py:117} INFO - [2022-09-24T19:52:41.502+0000] {dag.py:3328} INFO - Setting next_dagrun for example_dag_decorator to None, run_after=None
[2022-09-24T19:52:41.618+0000] {processor.py:178} INFO - Processing /home/airflow/.local/lib/python3.7/site-packages/airflow/example_dags/example_dag_decorator.py took 0.802 seconds
[2022-09-24T19:53:12.248+0000] {processor.py:156} INFO - Started process (PID=1144) to work on /home/airflow/.local/lib/python3.7/site-packages/airflow/example_dags/example_dag_decorator.py
[2022-09-24T19:53:12.251+0000] {processor.py:758} INFO - Processing file /home/airflow/.local/lib/python3.7/site-packages/airflow/example_dags/example_dag_decorator.py for tasks to queue
[2022-09-24T19:53:12.253+0000] {logging_mixin.py:117} INFO - [2022-09-24T19:53:12.253+0000] {dagbag.py:525} INFO - Filling up the DagBag from /home/airflow/.local/lib/python3.7/site-packages/airflow/example_dags/example_dag_decorator.py
[2022-09-24T19:53:12.306+0000] {processor.py:768} INFO - DAG(s) dict_keys(['example_dag_decorator']) retrieved from /home/airflow/.local/lib/python3.7/site-packages/airflow/example_dags/example_dag_decorator.py
[2022-09-24T19:53:12.618+0000] {logging_mixin.py:117} INFO - [2022-09-24T19:53:12.618+0000] {dag.py:2573} INFO - Sync 1 DAGs
[2022-09-24T19:53:12.674+0000] {logging_mixin.py:117} INFO - [2022-09-24T19:53:12.674+0000] {dag.py:3328} INFO - Setting next_dagrun for example_dag_decorator to None, run_after=None
[2022-09-24T19:53:12.711+0000] {processor.py:178} INFO - Processing /home/airflow/.local/lib/python3.7/site-packages/airflow/example_dags/example_dag_decorator.py took 0.468 seconds
[2022-09-24T19:53:43.801+0000] {processor.py:156} INFO - Started process (PID=1339) to work on /home/airflow/.local/lib/python3.7/site-packages/airflow/example_dags/example_dag_decorator.py
[2022-09-24T19:53:43.805+0000] {processor.py:758} INFO - Processing file /home/airflow/.local/lib/python3.7/site-packages/airflow/example_dags/example_dag_decorator.py for tasks to queue
[2022-09-24T19:53:43.817+0000] {logging_mixin.py:117} INFO - [2022-09-24T19:53:43.816+0000] {dagbag.py:525} INFO - Filling up the DagBag from /home/airflow/.local/lib/python3.7/site-packages/airflow/example_dags/example_dag_decorator.py
[2022-09-24T19:53:44.356+0000] {processor.py:768} INFO - DAG(s) dict_keys(['example_dag_decorator']) retrieved from /home/airflow/.local/lib/python3.7/site-packages/airflow/example_dags/example_dag_decorator.py
[2022-09-24T19:53:44.691+0000] {logging_mixin.py:117} INFO - [2022-09-24T19:53:44.691+0000] {dag.py:2573} INFO - Sync 1 DAGs
[2022-09-24T19:53:44.755+0000] {logging_mixin.py:117} INFO - [2022-09-24T19:53:44.754+0000] {dag.py:3328} INFO - Setting next_dagrun for example_dag_decorator to None, run_after=None
[2022-09-24T19:53:44.844+0000] {processor.py:178} INFO - Processing /home/airflow/.local/lib/python3.7/site-packages/airflow/example_dags/example_dag_decorator.py took 1.055 seconds
[2022-09-24T19:54:15.630+0000] {processor.py:156} INFO - Started process (PID=1537) to work on /home/airflow/.local/lib/python3.7/site-packages/airflow/example_dags/example_dag_decorator.py
[2022-09-24T19:54:15.635+0000] {processor.py:758} INFO - Processing file /home/airflow/.local/lib/python3.7/site-packages/airflow/example_dags/example_dag_decorator.py for tasks to queue
[2022-09-24T19:54:15.641+0000] {logging_mixin.py:117} INFO - [2022-09-24T19:54:15.641+0000] {dagbag.py:525} INFO - Filling up the DagBag from /home/airflow/.local/lib/python3.7/site-packages/airflow/example_dags/example_dag_decorator.py
[2022-09-24T19:54:16.095+0000] {processor.py:768} INFO - DAG(s) dict_keys(['example_dag_decorator']) retrieved from /home/airflow/.local/lib/python3.7/site-packages/airflow/example_dags/example_dag_decorator.py
[2022-09-24T19:54:16.590+0000] {logging_mixin.py:117} INFO - [2022-09-24T19:54:16.590+0000] {dag.py:2573} INFO - Sync 1 DAGs
[2022-09-24T19:54:16.680+0000] {logging_mixin.py:117} INFO - [2022-09-24T19:54:16.680+0000] {dag.py:3328} INFO - Setting next_dagrun for example_dag_decorator to None, run_after=None
[2022-09-24T19:54:16.809+0000] {processor.py:178} INFO - Processing /home/airflow/.local/lib/python3.7/site-packages/airflow/example_dags/example_dag_decorator.py took 1.190 seconds
[2022-09-24T19:54:47.315+0000] {processor.py:156} INFO - Started process (PID=1737) to work on /home/airflow/.local/lib/python3.7/site-packages/airflow/example_dags/example_dag_decorator.py
[2022-09-24T19:54:47.324+0000] {processor.py:758} INFO - Processing file /home/airflow/.local/lib/python3.7/site-packages/airflow/example_dags/example_dag_decorator.py for tasks to queue
[2022-09-24T19:54:47.357+0000] {logging_mixin.py:117} INFO - [2022-09-24T19:54:47.330+0000] {dagbag.py:525} INFO - Filling up the DagBag from /home/airflow/.local/lib/python3.7/site-packages/airflow/example_dags/example_dag_decorator.py
[2022-09-24T19:54:47.645+0000] {processor.py:768} INFO - DAG(s) dict_keys(['example_dag_decorator']) retrieved from /home/airflow/.local/lib/python3.7/site-packages/airflow/example_dags/example_dag_decorator.py
[2022-09-24T19:54:48.266+0000] {logging_mixin.py:117} INFO - [2022-09-24T19:54:48.266+0000] {dag.py:2573} INFO - Sync 1 DAGs
[2022-09-24T19:54:48.483+0000] {logging_mixin.py:117} INFO - [2022-09-24T19:54:48.483+0000] {dag.py:3328} INFO - Setting next_dagrun for example_dag_decorator to None, run_after=None
[2022-09-24T19:54:48.593+0000] {processor.py:178} INFO - Processing /home/airflow/.local/lib/python3.7/site-packages/airflow/example_dags/example_dag_decorator.py took 1.397 seconds
[2022-09-24T19:55:19.062+0000] {processor.py:156} INFO - Started process (PID=1944) to work on /home/airflow/.local/lib/python3.7/site-packages/airflow/example_dags/example_dag_decorator.py
[2022-09-24T19:55:19.069+0000] {processor.py:758} INFO - Processing file /home/airflow/.local/lib/python3.7/site-packages/airflow/example_dags/example_dag_decorator.py for tasks to queue
[2022-09-24T19:55:19.100+0000] {logging_mixin.py:117} INFO - [2022-09-24T19:55:19.099+0000] {dagbag.py:525} INFO - Filling up the DagBag from /home/airflow/.local/lib/python3.7/site-packages/airflow/example_dags/example_dag_decorator.py
[2022-09-24T19:55:19.281+0000] {processor.py:768} INFO - DAG(s) dict_keys(['example_dag_decorator']) retrieved from /home/airflow/.local/lib/python3.7/site-packages/airflow/example_dags/example_dag_decorator.py
[2022-09-24T19:55:19.779+0000] {logging_mixin.py:117} INFO - [2022-09-24T19:55:19.779+0000] {dag.py:2573} INFO - Sync 1 DAGs
[2022-09-24T19:55:19.950+0000] {logging_mixin.py:117} INFO - [2022-09-24T19:55:19.948+0000] {dag.py:3328} INFO - Setting next_dagrun for example_dag_decorator to None, run_after=None
[2022-09-24T19:55:20.028+0000] {processor.py:178} INFO - Processing /home/airflow/.local/lib/python3.7/site-packages/airflow/example_dags/example_dag_decorator.py took 0.995 seconds
[2022-09-24T19:55:50.547+0000] {processor.py:156} INFO - Started process (PID=2147) to work on /home/airflow/.local/lib/python3.7/site-packages/airflow/example_dags/example_dag_decorator.py
[2022-09-24T19:55:50.562+0000] {processor.py:758} INFO - Processing file /home/airflow/.local/lib/python3.7/site-packages/airflow/example_dags/example_dag_decorator.py for tasks to queue
[2022-09-24T19:55:50.571+0000] {logging_mixin.py:117} INFO - [2022-09-24T19:55:50.571+0000] {dagbag.py:525} INFO - Filling up the DagBag from /home/airflow/.local/lib/python3.7/site-packages/airflow/example_dags/example_dag_decorator.py
[2022-09-24T19:55:50.760+0000] {processor.py:768} INFO - DAG(s) dict_keys(['example_dag_decorator']) retrieved from /home/airflow/.local/lib/python3.7/site-packages/airflow/example_dags/example_dag_decorator.py
[2022-09-24T19:55:51.024+0000] {logging_mixin.py:117} INFO - [2022-09-24T19:55:51.023+0000] {dag.py:2573} INFO - Sync 1 DAGs
[2022-09-24T19:55:51.075+0000] {logging_mixin.py:117} INFO - [2022-09-24T19:55:51.074+0000] {dag.py:3328} INFO - Setting next_dagrun for example_dag_decorator to None, run_after=None
[2022-09-24T19:55:51.117+0000] {processor.py:178} INFO - Processing /home/airflow/.local/lib/python3.7/site-packages/airflow/example_dags/example_dag_decorator.py took 0.581 seconds
[2022-09-24T19:56:21.498+0000] {processor.py:156} INFO - Started process (PID=2343) to work on /home/airflow/.local/lib/python3.7/site-packages/airflow/example_dags/example_dag_decorator.py
[2022-09-24T19:56:21.506+0000] {processor.py:758} INFO - Processing file /home/airflow/.local/lib/python3.7/site-packages/airflow/example_dags/example_dag_decorator.py for tasks to queue
[2022-09-24T19:56:21.513+0000] {logging_mixin.py:117} INFO - [2022-09-24T19:56:21.512+0000] {dagbag.py:525} INFO - Filling up the DagBag from /home/airflow/.local/lib/python3.7/site-packages/airflow/example_dags/example_dag_decorator.py
[2022-09-24T19:56:21.828+0000] {processor.py:768} INFO - DAG(s) dict_keys(['example_dag_decorator']) retrieved from /home/airflow/.local/lib/python3.7/site-packages/airflow/example_dags/example_dag_decorator.py
[2022-09-24T19:56:22.953+0000] {logging_mixin.py:117} INFO - [2022-09-24T19:56:22.952+0000] {dag.py:2573} INFO - Sync 1 DAGs
[2022-09-24T19:56:23.209+0000] {logging_mixin.py:117} INFO - [2022-09-24T19:56:23.208+0000] {dag.py:3328} INFO - Setting next_dagrun for example_dag_decorator to None, run_after=None
[2022-09-24T19:56:23.364+0000] {processor.py:178} INFO - Processing /home/airflow/.local/lib/python3.7/site-packages/airflow/example_dags/example_dag_decorator.py took 1.882 seconds
[2022-09-24T19:56:54.039+0000] {processor.py:156} INFO - Started process (PID=2555) to work on /home/airflow/.local/lib/python3.7/site-packages/airflow/example_dags/example_dag_decorator.py
[2022-09-24T19:56:54.046+0000] {processor.py:758} INFO - Processing file /home/airflow/.local/lib/python3.7/site-packages/airflow/example_dags/example_dag_decorator.py for tasks to queue
[2022-09-24T19:56:54.052+0000] {logging_mixin.py:117} INFO - [2022-09-24T19:56:54.051+0000] {dagbag.py:525} INFO - Filling up the DagBag from /home/airflow/.local/lib/python3.7/site-packages/airflow/example_dags/example_dag_decorator.py
[2022-09-24T19:56:54.230+0000] {processor.py:768} INFO - DAG(s) dict_keys(['example_dag_decorator']) retrieved from /home/airflow/.local/lib/python3.7/site-packages/airflow/example_dags/example_dag_decorator.py
[2022-09-24T19:56:54.719+0000] {logging_mixin.py:117} INFO - [2022-09-24T19:56:54.718+0000] {dag.py:2573} INFO - Sync 1 DAGs
[2022-09-24T19:56:54.790+0000] {logging_mixin.py:117} INFO - [2022-09-24T19:56:54.790+0000] {dag.py:3328} INFO - Setting next_dagrun for example_dag_decorator to None, run_after=None
[2022-09-24T19:56:54.841+0000] {processor.py:178} INFO - Processing /home/airflow/.local/lib/python3.7/site-packages/airflow/example_dags/example_dag_decorator.py took 0.811 seconds
[2022-09-24T19:57:32.566+0000] {processor.py:156} INFO - Started process (PID=2744) to work on /home/airflow/.local/lib/python3.7/site-packages/airflow/example_dags/example_dag_decorator.py
[2022-09-24T19:57:32.578+0000] {processor.py:758} INFO - Processing file /home/airflow/.local/lib/python3.7/site-packages/airflow/example_dags/example_dag_decorator.py for tasks to queue
[2022-09-24T19:57:32.593+0000] {logging_mixin.py:117} INFO - [2022-09-24T19:57:32.589+0000] {dagbag.py:525} INFO - Filling up the DagBag from /home/airflow/.local/lib/python3.7/site-packages/airflow/example_dags/example_dag_decorator.py
[2022-09-24T19:57:32.742+0000] {processor.py:768} INFO - DAG(s) dict_keys(['example_dag_decorator']) retrieved from /home/airflow/.local/lib/python3.7/site-packages/airflow/example_dags/example_dag_decorator.py
[2022-09-24T19:57:33.222+0000] {logging_mixin.py:117} INFO - [2022-09-24T19:57:33.221+0000] {dag.py:2573} INFO - Sync 1 DAGs
[2022-09-24T19:57:33.303+0000] {logging_mixin.py:117} INFO - [2022-09-24T19:57:33.302+0000] {dag.py:3328} INFO - Setting next_dagrun for example_dag_decorator to None, run_after=None
[2022-09-24T19:57:33.351+0000] {processor.py:178} INFO - Processing /home/airflow/.local/lib/python3.7/site-packages/airflow/example_dags/example_dag_decorator.py took 0.803 seconds
[2022-09-24T19:58:04.328+0000] {processor.py:156} INFO - Started process (PID=2954) to work on /home/airflow/.local/lib/python3.7/site-packages/airflow/example_dags/example_dag_decorator.py
[2022-09-24T19:58:04.333+0000] {processor.py:758} INFO - Processing file /home/airflow/.local/lib/python3.7/site-packages/airflow/example_dags/example_dag_decorator.py for tasks to queue
[2022-09-24T19:58:04.340+0000] {logging_mixin.py:117} INFO - [2022-09-24T19:58:04.340+0000] {dagbag.py:525} INFO - Filling up the DagBag from /home/airflow/.local/lib/python3.7/site-packages/airflow/example_dags/example_dag_decorator.py
[2022-09-24T19:58:04.458+0000] {processor.py:768} INFO - DAG(s) dict_keys(['example_dag_decorator']) retrieved from /home/airflow/.local/lib/python3.7/site-packages/airflow/example_dags/example_dag_decorator.py
[2022-09-24T19:58:04.806+0000] {logging_mixin.py:117} INFO - [2022-09-24T19:58:04.805+0000] {dag.py:2573} INFO - Sync 1 DAGs
[2022-09-24T19:58:04.897+0000] {logging_mixin.py:117} INFO - [2022-09-24T19:58:04.897+0000] {dag.py:3328} INFO - Setting next_dagrun for example_dag_decorator to None, run_after=None
[2022-09-24T19:58:04.973+0000] {processor.py:178} INFO - Processing /home/airflow/.local/lib/python3.7/site-packages/airflow/example_dags/example_dag_decorator.py took 0.676 seconds
[2022-09-24T19:58:36.721+0000] {processor.py:156} INFO - Started process (PID=3148) to work on /home/airflow/.local/lib/python3.7/site-packages/airflow/example_dags/example_dag_decorator.py
[2022-09-24T19:58:36.727+0000] {processor.py:758} INFO - Processing file /home/airflow/.local/lib/python3.7/site-packages/airflow/example_dags/example_dag_decorator.py for tasks to queue
[2022-09-24T19:58:36.733+0000] {logging_mixin.py:117} INFO - [2022-09-24T19:58:36.732+0000] {dagbag.py:525} INFO - Filling up the DagBag from /home/airflow/.local/lib/python3.7/site-packages/airflow/example_dags/example_dag_decorator.py
[2022-09-24T19:58:37.035+0000] {processor.py:768} INFO - DAG(s) dict_keys(['example_dag_decorator']) retrieved from /home/airflow/.local/lib/python3.7/site-packages/airflow/example_dags/example_dag_decorator.py
[2022-09-24T19:58:37.734+0000] {logging_mixin.py:117} INFO - [2022-09-24T19:58:37.733+0000] {dag.py:2573} INFO - Sync 1 DAGs
[2022-09-24T19:58:37.914+0000] {logging_mixin.py:117} INFO - [2022-09-24T19:58:37.914+0000] {dag.py:3328} INFO - Setting next_dagrun for example_dag_decorator to None, run_after=None
[2022-09-24T19:58:37.985+0000] {processor.py:178} INFO - Processing /home/airflow/.local/lib/python3.7/site-packages/airflow/example_dags/example_dag_decorator.py took 1.290 seconds
[2022-09-24T19:59:09.953+0000] {processor.py:156} INFO - Started process (PID=3348) to work on /home/airflow/.local/lib/python3.7/site-packages/airflow/example_dags/example_dag_decorator.py
[2022-09-24T19:59:09.966+0000] {processor.py:758} INFO - Processing file /home/airflow/.local/lib/python3.7/site-packages/airflow/example_dags/example_dag_decorator.py for tasks to queue
[2022-09-24T19:59:09.977+0000] {logging_mixin.py:117} INFO - [2022-09-24T19:59:09.977+0000] {dagbag.py:525} INFO - Filling up the DagBag from /home/airflow/.local/lib/python3.7/site-packages/airflow/example_dags/example_dag_decorator.py
[2022-09-24T19:59:10.172+0000] {processor.py:768} INFO - DAG(s) dict_keys(['example_dag_decorator']) retrieved from /home/airflow/.local/lib/python3.7/site-packages/airflow/example_dags/example_dag_decorator.py
[2022-09-24T19:59:10.703+0000] {logging_mixin.py:117} INFO - [2022-09-24T19:59:10.702+0000] {dag.py:2573} INFO - Sync 1 DAGs
[2022-09-24T19:59:10.796+0000] {logging_mixin.py:117} INFO - [2022-09-24T19:59:10.796+0000] {dag.py:3328} INFO - Setting next_dagrun for example_dag_decorator to None, run_after=None
[2022-09-24T19:59:10.986+0000] {processor.py:178} INFO - Processing /home/airflow/.local/lib/python3.7/site-packages/airflow/example_dags/example_dag_decorator.py took 1.049 seconds
[2022-09-24T19:59:41.959+0000] {processor.py:156} INFO - Started process (PID=3547) to work on /home/airflow/.local/lib/python3.7/site-packages/airflow/example_dags/example_dag_decorator.py
[2022-09-24T19:59:41.965+0000] {processor.py:758} INFO - Processing file /home/airflow/.local/lib/python3.7/site-packages/airflow/example_dags/example_dag_decorator.py for tasks to queue
[2022-09-24T19:59:41.968+0000] {logging_mixin.py:117} INFO - [2022-09-24T19:59:41.967+0000] {dagbag.py:525} INFO - Filling up the DagBag from /home/airflow/.local/lib/python3.7/site-packages/airflow/example_dags/example_dag_decorator.py
[2022-09-24T19:59:42.104+0000] {processor.py:768} INFO - DAG(s) dict_keys(['example_dag_decorator']) retrieved from /home/airflow/.local/lib/python3.7/site-packages/airflow/example_dags/example_dag_decorator.py
[2022-09-24T19:59:42.423+0000] {logging_mixin.py:117} INFO - [2022-09-24T19:59:42.422+0000] {dag.py:2573} INFO - Sync 1 DAGs
[2022-09-24T19:59:42.517+0000] {logging_mixin.py:117} INFO - [2022-09-24T19:59:42.517+0000] {dag.py:3328} INFO - Setting next_dagrun for example_dag_decorator to None, run_after=None
[2022-09-24T19:59:42.706+0000] {processor.py:178} INFO - Processing /home/airflow/.local/lib/python3.7/site-packages/airflow/example_dags/example_dag_decorator.py took 0.764 seconds
[2022-09-24T20:00:13.937+0000] {processor.py:156} INFO - Started process (PID=3747) to work on /home/airflow/.local/lib/python3.7/site-packages/airflow/example_dags/example_dag_decorator.py
[2022-09-24T20:00:13.950+0000] {processor.py:758} INFO - Processing file /home/airflow/.local/lib/python3.7/site-packages/airflow/example_dags/example_dag_decorator.py for tasks to queue
[2022-09-24T20:00:13.962+0000] {logging_mixin.py:117} INFO - [2022-09-24T20:00:13.962+0000] {dagbag.py:525} INFO - Filling up the DagBag from /home/airflow/.local/lib/python3.7/site-packages/airflow/example_dags/example_dag_decorator.py
[2022-09-24T20:00:14.154+0000] {processor.py:768} INFO - DAG(s) dict_keys(['example_dag_decorator']) retrieved from /home/airflow/.local/lib/python3.7/site-packages/airflow/example_dags/example_dag_decorator.py
[2022-09-24T20:00:14.549+0000] {logging_mixin.py:117} INFO - [2022-09-24T20:00:14.549+0000] {dag.py:2573} INFO - Sync 1 DAGs
[2022-09-24T20:00:14.655+0000] {logging_mixin.py:117} INFO - [2022-09-24T20:00:14.655+0000] {dag.py:3328} INFO - Setting next_dagrun for example_dag_decorator to None, run_after=None
[2022-09-24T20:00:14.776+0000] {processor.py:178} INFO - Processing /home/airflow/.local/lib/python3.7/site-packages/airflow/example_dags/example_dag_decorator.py took 0.860 seconds
[2022-09-24T20:00:45.179+0000] {processor.py:156} INFO - Started process (PID=3945) to work on /home/airflow/.local/lib/python3.7/site-packages/airflow/example_dags/example_dag_decorator.py
[2022-09-24T20:00:45.183+0000] {processor.py:758} INFO - Processing file /home/airflow/.local/lib/python3.7/site-packages/airflow/example_dags/example_dag_decorator.py for tasks to queue
[2022-09-24T20:00:45.186+0000] {logging_mixin.py:117} INFO - [2022-09-24T20:00:45.185+0000] {dagbag.py:525} INFO - Filling up the DagBag from /home/airflow/.local/lib/python3.7/site-packages/airflow/example_dags/example_dag_decorator.py
[2022-09-24T20:00:45.255+0000] {processor.py:768} INFO - DAG(s) dict_keys(['example_dag_decorator']) retrieved from /home/airflow/.local/lib/python3.7/site-packages/airflow/example_dags/example_dag_decorator.py
[2022-09-24T20:00:45.486+0000] {logging_mixin.py:117} INFO - [2022-09-24T20:00:45.485+0000] {dag.py:2573} INFO - Sync 1 DAGs
[2022-09-24T20:00:45.555+0000] {logging_mixin.py:117} INFO - [2022-09-24T20:00:45.555+0000] {dag.py:3328} INFO - Setting next_dagrun for example_dag_decorator to None, run_after=None
[2022-09-24T20:00:45.605+0000] {processor.py:178} INFO - Processing /home/airflow/.local/lib/python3.7/site-packages/airflow/example_dags/example_dag_decorator.py took 0.432 seconds
[2022-09-24T20:01:16.160+0000] {processor.py:156} INFO - Started process (PID=4150) to work on /home/airflow/.local/lib/python3.7/site-packages/airflow/example_dags/example_dag_decorator.py
[2022-09-24T20:01:16.165+0000] {processor.py:758} INFO - Processing file /home/airflow/.local/lib/python3.7/site-packages/airflow/example_dags/example_dag_decorator.py for tasks to queue
[2022-09-24T20:01:16.258+0000] {logging_mixin.py:117} INFO - [2022-09-24T20:01:16.258+0000] {dagbag.py:525} INFO - Filling up the DagBag from /home/airflow/.local/lib/python3.7/site-packages/airflow/example_dags/example_dag_decorator.py
[2022-09-24T20:01:16.407+0000] {processor.py:768} INFO - DAG(s) dict_keys(['example_dag_decorator']) retrieved from /home/airflow/.local/lib/python3.7/site-packages/airflow/example_dags/example_dag_decorator.py
[2022-09-24T20:01:16.898+0000] {logging_mixin.py:117} INFO - [2022-09-24T20:01:16.897+0000] {dag.py:2573} INFO - Sync 1 DAGs
[2022-09-24T20:01:16.999+0000] {logging_mixin.py:117} INFO - [2022-09-24T20:01:16.999+0000] {dag.py:3328} INFO - Setting next_dagrun for example_dag_decorator to None, run_after=None
[2022-09-24T20:01:17.092+0000] {processor.py:178} INFO - Processing /home/airflow/.local/lib/python3.7/site-packages/airflow/example_dags/example_dag_decorator.py took 0.955 seconds
[2022-09-24T20:01:49.746+0000] {processor.py:156} INFO - Started process (PID=4360) to work on /home/airflow/.local/lib/python3.7/site-packages/airflow/example_dags/example_dag_decorator.py
[2022-09-24T20:01:49.756+0000] {processor.py:758} INFO - Processing file /home/airflow/.local/lib/python3.7/site-packages/airflow/example_dags/example_dag_decorator.py for tasks to queue
[2022-09-24T20:01:49.758+0000] {logging_mixin.py:117} INFO - [2022-09-24T20:01:49.758+0000] {dagbag.py:525} INFO - Filling up the DagBag from /home/airflow/.local/lib/python3.7/site-packages/airflow/example_dags/example_dag_decorator.py
[2022-09-24T20:01:49.972+0000] {processor.py:768} INFO - DAG(s) dict_keys(['example_dag_decorator']) retrieved from /home/airflow/.local/lib/python3.7/site-packages/airflow/example_dags/example_dag_decorator.py
[2022-09-24T20:01:50.669+0000] {logging_mixin.py:117} INFO - [2022-09-24T20:01:50.669+0000] {dag.py:2573} INFO - Sync 1 DAGs
[2022-09-24T20:01:50.919+0000] {logging_mixin.py:117} INFO - [2022-09-24T20:01:50.918+0000] {dag.py:3328} INFO - Setting next_dagrun for example_dag_decorator to None, run_after=None
[2022-09-24T20:01:50.999+0000] {processor.py:178} INFO - Processing /home/airflow/.local/lib/python3.7/site-packages/airflow/example_dags/example_dag_decorator.py took 1.272 seconds
[2022-09-24T20:02:21.356+0000] {processor.py:156} INFO - Started process (PID=4556) to work on /home/airflow/.local/lib/python3.7/site-packages/airflow/example_dags/example_dag_decorator.py
[2022-09-24T20:02:21.360+0000] {processor.py:758} INFO - Processing file /home/airflow/.local/lib/python3.7/site-packages/airflow/example_dags/example_dag_decorator.py for tasks to queue
[2022-09-24T20:02:21.363+0000] {logging_mixin.py:117} INFO - [2022-09-24T20:02:21.363+0000] {dagbag.py:525} INFO - Filling up the DagBag from /home/airflow/.local/lib/python3.7/site-packages/airflow/example_dags/example_dag_decorator.py
[2022-09-24T20:02:21.434+0000] {processor.py:768} INFO - DAG(s) dict_keys(['example_dag_decorator']) retrieved from /home/airflow/.local/lib/python3.7/site-packages/airflow/example_dags/example_dag_decorator.py
[2022-09-24T20:02:21.617+0000] {logging_mixin.py:117} INFO - [2022-09-24T20:02:21.617+0000] {dag.py:2573} INFO - Sync 1 DAGs
[2022-09-24T20:02:21.689+0000] {logging_mixin.py:117} INFO - [2022-09-24T20:02:21.689+0000] {dag.py:3328} INFO - Setting next_dagrun for example_dag_decorator to None, run_after=None
[2022-09-24T20:02:21.741+0000] {processor.py:178} INFO - Processing /home/airflow/.local/lib/python3.7/site-packages/airflow/example_dags/example_dag_decorator.py took 0.392 seconds
[2022-09-24T20:02:52.186+0000] {processor.py:156} INFO - Started process (PID=4755) to work on /home/airflow/.local/lib/python3.7/site-packages/airflow/example_dags/example_dag_decorator.py
[2022-09-24T20:02:52.193+0000] {processor.py:758} INFO - Processing file /home/airflow/.local/lib/python3.7/site-packages/airflow/example_dags/example_dag_decorator.py for tasks to queue
[2022-09-24T20:02:52.199+0000] {logging_mixin.py:117} INFO - [2022-09-24T20:02:52.197+0000] {dagbag.py:525} INFO - Filling up the DagBag from /home/airflow/.local/lib/python3.7/site-packages/airflow/example_dags/example_dag_decorator.py
[2022-09-24T20:02:52.326+0000] {processor.py:768} INFO - DAG(s) dict_keys(['example_dag_decorator']) retrieved from /home/airflow/.local/lib/python3.7/site-packages/airflow/example_dags/example_dag_decorator.py
[2022-09-24T20:02:52.842+0000] {logging_mixin.py:117} INFO - [2022-09-24T20:02:52.841+0000] {dag.py:2573} INFO - Sync 1 DAGs
[2022-09-24T20:02:52.947+0000] {logging_mixin.py:117} INFO - [2022-09-24T20:02:52.947+0000] {dag.py:3328} INFO - Setting next_dagrun for example_dag_decorator to None, run_after=None
[2022-09-24T20:02:53.034+0000] {processor.py:178} INFO - Processing /home/airflow/.local/lib/python3.7/site-packages/airflow/example_dags/example_dag_decorator.py took 0.866 seconds
[2022-09-24T20:03:23.275+0000] {processor.py:156} INFO - Started process (PID=4968) to work on /home/airflow/.local/lib/python3.7/site-packages/airflow/example_dags/example_dag_decorator.py
[2022-09-24T20:03:23.285+0000] {processor.py:758} INFO - Processing file /home/airflow/.local/lib/python3.7/site-packages/airflow/example_dags/example_dag_decorator.py for tasks to queue
[2022-09-24T20:03:23.288+0000] {logging_mixin.py:117} INFO - [2022-09-24T20:03:23.288+0000] {dagbag.py:525} INFO - Filling up the DagBag from /home/airflow/.local/lib/python3.7/site-packages/airflow/example_dags/example_dag_decorator.py
[2022-09-24T20:03:23.429+0000] {processor.py:768} INFO - DAG(s) dict_keys(['example_dag_decorator']) retrieved from /home/airflow/.local/lib/python3.7/site-packages/airflow/example_dags/example_dag_decorator.py
[2022-09-24T20:03:23.776+0000] {logging_mixin.py:117} INFO - [2022-09-24T20:03:23.776+0000] {dag.py:2573} INFO - Sync 1 DAGs
[2022-09-24T20:03:23.902+0000] {logging_mixin.py:117} INFO - [2022-09-24T20:03:23.901+0000] {dag.py:3328} INFO - Setting next_dagrun for example_dag_decorator to None, run_after=None
[2022-09-24T20:03:23.993+0000] {processor.py:178} INFO - Processing /home/airflow/.local/lib/python3.7/site-packages/airflow/example_dags/example_dag_decorator.py took 0.726 seconds
[2022-09-24T20:03:55.111+0000] {processor.py:156} INFO - Started process (PID=5176) to work on /home/airflow/.local/lib/python3.7/site-packages/airflow/example_dags/example_dag_decorator.py
[2022-09-24T20:03:55.122+0000] {processor.py:758} INFO - Processing file /home/airflow/.local/lib/python3.7/site-packages/airflow/example_dags/example_dag_decorator.py for tasks to queue
[2022-09-24T20:03:55.126+0000] {logging_mixin.py:117} INFO - [2022-09-24T20:03:55.125+0000] {dagbag.py:525} INFO - Filling up the DagBag from /home/airflow/.local/lib/python3.7/site-packages/airflow/example_dags/example_dag_decorator.py
[2022-09-24T20:03:55.408+0000] {processor.py:768} INFO - DAG(s) dict_keys(['example_dag_decorator']) retrieved from /home/airflow/.local/lib/python3.7/site-packages/airflow/example_dags/example_dag_decorator.py
[2022-09-24T20:03:56.562+0000] {logging_mixin.py:117} INFO - [2022-09-24T20:03:56.562+0000] {dag.py:2573} INFO - Sync 1 DAGs
[2022-09-24T20:03:56.931+0000] {logging_mixin.py:117} INFO - [2022-09-24T20:03:56.931+0000] {dag.py:3328} INFO - Setting next_dagrun for example_dag_decorator to None, run_after=None
[2022-09-24T20:03:57.123+0000] {processor.py:178} INFO - Processing /home/airflow/.local/lib/python3.7/site-packages/airflow/example_dags/example_dag_decorator.py took 2.055 seconds
[2022-09-24T20:04:27.670+0000] {processor.py:156} INFO - Started process (PID=5379) to work on /home/airflow/.local/lib/python3.7/site-packages/airflow/example_dags/example_dag_decorator.py
[2022-09-24T20:04:27.674+0000] {processor.py:758} INFO - Processing file /home/airflow/.local/lib/python3.7/site-packages/airflow/example_dags/example_dag_decorator.py for tasks to queue
[2022-09-24T20:04:27.678+0000] {logging_mixin.py:117} INFO - [2022-09-24T20:04:27.677+0000] {dagbag.py:525} INFO - Filling up the DagBag from /home/airflow/.local/lib/python3.7/site-packages/airflow/example_dags/example_dag_decorator.py
[2022-09-24T20:04:27.757+0000] {processor.py:768} INFO - DAG(s) dict_keys(['example_dag_decorator']) retrieved from /home/airflow/.local/lib/python3.7/site-packages/airflow/example_dags/example_dag_decorator.py
[2022-09-24T20:04:27.899+0000] {logging_mixin.py:117} INFO - [2022-09-24T20:04:27.899+0000] {dag.py:2573} INFO - Sync 1 DAGs
[2022-09-24T20:04:27.942+0000] {logging_mixin.py:117} INFO - [2022-09-24T20:04:27.942+0000] {dag.py:3328} INFO - Setting next_dagrun for example_dag_decorator to None, run_after=None
[2022-09-24T20:04:27.989+0000] {processor.py:178} INFO - Processing /home/airflow/.local/lib/python3.7/site-packages/airflow/example_dags/example_dag_decorator.py took 0.329 seconds
[2022-09-24T20:04:58.199+0000] {processor.py:156} INFO - Started process (PID=5577) to work on /home/airflow/.local/lib/python3.7/site-packages/airflow/example_dags/example_dag_decorator.py
[2022-09-24T20:04:58.205+0000] {processor.py:758} INFO - Processing file /home/airflow/.local/lib/python3.7/site-packages/airflow/example_dags/example_dag_decorator.py for tasks to queue
[2022-09-24T20:04:58.208+0000] {logging_mixin.py:117} INFO - [2022-09-24T20:04:58.208+0000] {dagbag.py:525} INFO - Filling up the DagBag from /home/airflow/.local/lib/python3.7/site-packages/airflow/example_dags/example_dag_decorator.py
[2022-09-24T20:04:58.296+0000] {processor.py:768} INFO - DAG(s) dict_keys(['example_dag_decorator']) retrieved from /home/airflow/.local/lib/python3.7/site-packages/airflow/example_dags/example_dag_decorator.py
[2022-09-24T20:04:58.706+0000] {logging_mixin.py:117} INFO - [2022-09-24T20:04:58.705+0000] {dag.py:2573} INFO - Sync 1 DAGs
[2022-09-24T20:04:58.778+0000] {logging_mixin.py:117} INFO - [2022-09-24T20:04:58.778+0000] {dag.py:3328} INFO - Setting next_dagrun for example_dag_decorator to None, run_after=None
[2022-09-24T20:04:58.849+0000] {processor.py:178} INFO - Processing /home/airflow/.local/lib/python3.7/site-packages/airflow/example_dags/example_dag_decorator.py took 0.660 seconds
[2022-09-24T20:05:29.198+0000] {processor.py:156} INFO - Started process (PID=5779) to work on /home/airflow/.local/lib/python3.7/site-packages/airflow/example_dags/example_dag_decorator.py
[2022-09-24T20:05:29.209+0000] {processor.py:758} INFO - Processing file /home/airflow/.local/lib/python3.7/site-packages/airflow/example_dags/example_dag_decorator.py for tasks to queue
[2022-09-24T20:05:29.213+0000] {logging_mixin.py:117} INFO - [2022-09-24T20:05:29.213+0000] {dagbag.py:525} INFO - Filling up the DagBag from /home/airflow/.local/lib/python3.7/site-packages/airflow/example_dags/example_dag_decorator.py
[2022-09-24T20:05:29.307+0000] {processor.py:768} INFO - DAG(s) dict_keys(['example_dag_decorator']) retrieved from /home/airflow/.local/lib/python3.7/site-packages/airflow/example_dags/example_dag_decorator.py
[2022-09-24T20:05:29.598+0000] {logging_mixin.py:117} INFO - [2022-09-24T20:05:29.597+0000] {dag.py:2573} INFO - Sync 1 DAGs
[2022-09-24T20:05:29.748+0000] {logging_mixin.py:117} INFO - [2022-09-24T20:05:29.747+0000] {dag.py:3328} INFO - Setting next_dagrun for example_dag_decorator to None, run_after=None
[2022-09-24T20:05:29.860+0000] {processor.py:178} INFO - Processing /home/airflow/.local/lib/python3.7/site-packages/airflow/example_dags/example_dag_decorator.py took 0.684 seconds
[2022-09-24T20:06:03.216+0000] {processor.py:156} INFO - Started process (PID=5987) to work on /home/airflow/.local/lib/python3.7/site-packages/airflow/example_dags/example_dag_decorator.py
[2022-09-24T20:06:03.224+0000] {processor.py:758} INFO - Processing file /home/airflow/.local/lib/python3.7/site-packages/airflow/example_dags/example_dag_decorator.py for tasks to queue
[2022-09-24T20:06:03.232+0000] {logging_mixin.py:117} INFO - [2022-09-24T20:06:03.230+0000] {dagbag.py:525} INFO - Filling up the DagBag from /home/airflow/.local/lib/python3.7/site-packages/airflow/example_dags/example_dag_decorator.py
[2022-09-24T20:06:03.374+0000] {processor.py:768} INFO - DAG(s) dict_keys(['example_dag_decorator']) retrieved from /home/airflow/.local/lib/python3.7/site-packages/airflow/example_dags/example_dag_decorator.py
[2022-09-24T20:06:03.668+0000] {logging_mixin.py:117} INFO - [2022-09-24T20:06:03.668+0000] {dag.py:2573} INFO - Sync 1 DAGs
[2022-09-24T20:06:03.803+0000] {logging_mixin.py:117} INFO - [2022-09-24T20:06:03.803+0000] {dag.py:3328} INFO - Setting next_dagrun for example_dag_decorator to None, run_after=None
[2022-09-24T20:06:03.873+0000] {processor.py:178} INFO - Processing /home/airflow/.local/lib/python3.7/site-packages/airflow/example_dags/example_dag_decorator.py took 0.669 seconds
[2022-09-24T20:06:34.409+0000] {processor.py:156} INFO - Started process (PID=6186) to work on /home/airflow/.local/lib/python3.7/site-packages/airflow/example_dags/example_dag_decorator.py
[2022-09-24T20:06:34.423+0000] {processor.py:758} INFO - Processing file /home/airflow/.local/lib/python3.7/site-packages/airflow/example_dags/example_dag_decorator.py for tasks to queue
[2022-09-24T20:06:34.426+0000] {logging_mixin.py:117} INFO - [2022-09-24T20:06:34.425+0000] {dagbag.py:525} INFO - Filling up the DagBag from /home/airflow/.local/lib/python3.7/site-packages/airflow/example_dags/example_dag_decorator.py
[2022-09-24T20:06:34.515+0000] {processor.py:768} INFO - DAG(s) dict_keys(['example_dag_decorator']) retrieved from /home/airflow/.local/lib/python3.7/site-packages/airflow/example_dags/example_dag_decorator.py
[2022-09-24T20:06:34.752+0000] {logging_mixin.py:117} INFO - [2022-09-24T20:06:34.752+0000] {dag.py:2573} INFO - Sync 1 DAGs
[2022-09-24T20:06:34.821+0000] {logging_mixin.py:117} INFO - [2022-09-24T20:06:34.820+0000] {dag.py:3328} INFO - Setting next_dagrun for example_dag_decorator to None, run_after=None
[2022-09-24T20:06:34.890+0000] {processor.py:178} INFO - Processing /home/airflow/.local/lib/python3.7/site-packages/airflow/example_dags/example_dag_decorator.py took 0.504 seconds
[2022-09-24T20:07:04.991+0000] {processor.py:156} INFO - Started process (PID=6384) to work on /home/airflow/.local/lib/python3.7/site-packages/airflow/example_dags/example_dag_decorator.py
[2022-09-24T20:07:04.998+0000] {processor.py:758} INFO - Processing file /home/airflow/.local/lib/python3.7/site-packages/airflow/example_dags/example_dag_decorator.py for tasks to queue
[2022-09-24T20:07:05.001+0000] {logging_mixin.py:117} INFO - [2022-09-24T20:07:05.001+0000] {dagbag.py:525} INFO - Filling up the DagBag from /home/airflow/.local/lib/python3.7/site-packages/airflow/example_dags/example_dag_decorator.py
[2022-09-24T20:07:05.061+0000] {processor.py:768} INFO - DAG(s) dict_keys(['example_dag_decorator']) retrieved from /home/airflow/.local/lib/python3.7/site-packages/airflow/example_dags/example_dag_decorator.py
[2022-09-24T20:07:05.216+0000] {logging_mixin.py:117} INFO - [2022-09-24T20:07:05.216+0000] {dag.py:2573} INFO - Sync 1 DAGs
[2022-09-24T20:07:05.266+0000] {logging_mixin.py:117} INFO - [2022-09-24T20:07:05.266+0000] {dag.py:3328} INFO - Setting next_dagrun for example_dag_decorator to None, run_after=None
[2022-09-24T20:07:05.312+0000] {processor.py:178} INFO - Processing /home/airflow/.local/lib/python3.7/site-packages/airflow/example_dags/example_dag_decorator.py took 0.329 seconds
[2022-09-24T20:07:35.502+0000] {processor.py:156} INFO - Started process (PID=6592) to work on /home/airflow/.local/lib/python3.7/site-packages/airflow/example_dags/example_dag_decorator.py
[2022-09-24T20:07:35.506+0000] {processor.py:758} INFO - Processing file /home/airflow/.local/lib/python3.7/site-packages/airflow/example_dags/example_dag_decorator.py for tasks to queue
[2022-09-24T20:07:35.509+0000] {logging_mixin.py:117} INFO - [2022-09-24T20:07:35.509+0000] {dagbag.py:525} INFO - Filling up the DagBag from /home/airflow/.local/lib/python3.7/site-packages/airflow/example_dags/example_dag_decorator.py
[2022-09-24T20:07:35.567+0000] {processor.py:768} INFO - DAG(s) dict_keys(['example_dag_decorator']) retrieved from /home/airflow/.local/lib/python3.7/site-packages/airflow/example_dags/example_dag_decorator.py
[2022-09-24T20:07:35.723+0000] {logging_mixin.py:117} INFO - [2022-09-24T20:07:35.723+0000] {dag.py:2573} INFO - Sync 1 DAGs
[2022-09-24T20:07:35.813+0000] {logging_mixin.py:117} INFO - [2022-09-24T20:07:35.813+0000] {dag.py:3328} INFO - Setting next_dagrun for example_dag_decorator to None, run_after=None
[2022-09-24T20:07:35.861+0000] {processor.py:178} INFO - Processing /home/airflow/.local/lib/python3.7/site-packages/airflow/example_dags/example_dag_decorator.py took 0.366 seconds
[2022-09-24T20:08:06.380+0000] {processor.py:156} INFO - Started process (PID=6788) to work on /home/airflow/.local/lib/python3.7/site-packages/airflow/example_dags/example_dag_decorator.py
[2022-09-24T20:08:06.384+0000] {processor.py:758} INFO - Processing file /home/airflow/.local/lib/python3.7/site-packages/airflow/example_dags/example_dag_decorator.py for tasks to queue
[2022-09-24T20:08:06.388+0000] {logging_mixin.py:117} INFO - [2022-09-24T20:08:06.388+0000] {dagbag.py:525} INFO - Filling up the DagBag from /home/airflow/.local/lib/python3.7/site-packages/airflow/example_dags/example_dag_decorator.py
[2022-09-24T20:08:06.452+0000] {processor.py:768} INFO - DAG(s) dict_keys(['example_dag_decorator']) retrieved from /home/airflow/.local/lib/python3.7/site-packages/airflow/example_dags/example_dag_decorator.py
[2022-09-24T20:08:06.634+0000] {logging_mixin.py:117} INFO - [2022-09-24T20:08:06.634+0000] {dag.py:2573} INFO - Sync 1 DAGs
[2022-09-24T20:08:06.683+0000] {logging_mixin.py:117} INFO - [2022-09-24T20:08:06.682+0000] {dag.py:3328} INFO - Setting next_dagrun for example_dag_decorator to None, run_after=None
[2022-09-24T20:08:06.730+0000] {processor.py:178} INFO - Processing /home/airflow/.local/lib/python3.7/site-packages/airflow/example_dags/example_dag_decorator.py took 0.372 seconds
[2022-09-24T20:08:37.341+0000] {processor.py:156} INFO - Started process (PID=6996) to work on /home/airflow/.local/lib/python3.7/site-packages/airflow/example_dags/example_dag_decorator.py
[2022-09-24T20:08:37.345+0000] {processor.py:758} INFO - Processing file /home/airflow/.local/lib/python3.7/site-packages/airflow/example_dags/example_dag_decorator.py for tasks to queue
[2022-09-24T20:08:37.347+0000] {logging_mixin.py:117} INFO - [2022-09-24T20:08:37.347+0000] {dagbag.py:525} INFO - Filling up the DagBag from /home/airflow/.local/lib/python3.7/site-packages/airflow/example_dags/example_dag_decorator.py
[2022-09-24T20:08:37.469+0000] {processor.py:768} INFO - DAG(s) dict_keys(['example_dag_decorator']) retrieved from /home/airflow/.local/lib/python3.7/site-packages/airflow/example_dags/example_dag_decorator.py
[2022-09-24T20:08:37.652+0000] {logging_mixin.py:117} INFO - [2022-09-24T20:08:37.651+0000] {dag.py:2573} INFO - Sync 1 DAGs
[2022-09-24T20:08:37.760+0000] {logging_mixin.py:117} INFO - [2022-09-24T20:08:37.758+0000] {dag.py:3328} INFO - Setting next_dagrun for example_dag_decorator to None, run_after=None
[2022-09-24T20:08:38.076+0000] {processor.py:178} INFO - Processing /home/airflow/.local/lib/python3.7/site-packages/airflow/example_dags/example_dag_decorator.py took 0.751 seconds
[2022-09-24T20:09:08.316+0000] {processor.py:156} INFO - Started process (PID=7197) to work on /home/airflow/.local/lib/python3.7/site-packages/airflow/example_dags/example_dag_decorator.py
[2022-09-24T20:09:08.319+0000] {processor.py:758} INFO - Processing file /home/airflow/.local/lib/python3.7/site-packages/airflow/example_dags/example_dag_decorator.py for tasks to queue
[2022-09-24T20:09:08.322+0000] {logging_mixin.py:117} INFO - [2022-09-24T20:09:08.322+0000] {dagbag.py:525} INFO - Filling up the DagBag from /home/airflow/.local/lib/python3.7/site-packages/airflow/example_dags/example_dag_decorator.py
[2022-09-24T20:09:08.378+0000] {processor.py:768} INFO - DAG(s) dict_keys(['example_dag_decorator']) retrieved from /home/airflow/.local/lib/python3.7/site-packages/airflow/example_dags/example_dag_decorator.py
[2022-09-24T20:09:08.536+0000] {logging_mixin.py:117} INFO - [2022-09-24T20:09:08.535+0000] {dag.py:2573} INFO - Sync 1 DAGs
[2022-09-24T20:09:08.584+0000] {logging_mixin.py:117} INFO - [2022-09-24T20:09:08.584+0000] {dag.py:3328} INFO - Setting next_dagrun for example_dag_decorator to None, run_after=None
[2022-09-24T20:09:08.627+0000] {processor.py:178} INFO - Processing /home/airflow/.local/lib/python3.7/site-packages/airflow/example_dags/example_dag_decorator.py took 0.318 seconds
[2022-09-24T20:09:39.380+0000] {processor.py:156} INFO - Started process (PID=7396) to work on /home/airflow/.local/lib/python3.7/site-packages/airflow/example_dags/example_dag_decorator.py
[2022-09-24T20:09:39.388+0000] {processor.py:758} INFO - Processing file /home/airflow/.local/lib/python3.7/site-packages/airflow/example_dags/example_dag_decorator.py for tasks to queue
[2022-09-24T20:09:39.394+0000] {logging_mixin.py:117} INFO - [2022-09-24T20:09:39.392+0000] {dagbag.py:525} INFO - Filling up the DagBag from /home/airflow/.local/lib/python3.7/site-packages/airflow/example_dags/example_dag_decorator.py
[2022-09-24T20:09:39.563+0000] {processor.py:768} INFO - DAG(s) dict_keys(['example_dag_decorator']) retrieved from /home/airflow/.local/lib/python3.7/site-packages/airflow/example_dags/example_dag_decorator.py
[2022-09-24T20:09:39.826+0000] {logging_mixin.py:117} INFO - [2022-09-24T20:09:39.826+0000] {dag.py:2573} INFO - Sync 1 DAGs
[2022-09-24T20:09:39.924+0000] {logging_mixin.py:117} INFO - [2022-09-24T20:09:39.924+0000] {dag.py:3328} INFO - Setting next_dagrun for example_dag_decorator to None, run_after=None
[2022-09-24T20:09:39.991+0000] {processor.py:178} INFO - Processing /home/airflow/.local/lib/python3.7/site-packages/airflow/example_dags/example_dag_decorator.py took 0.639 seconds
[2022-09-24T20:10:10.821+0000] {processor.py:156} INFO - Started process (PID=7598) to work on /home/airflow/.local/lib/python3.7/site-packages/airflow/example_dags/example_dag_decorator.py
[2022-09-24T20:10:10.825+0000] {processor.py:758} INFO - Processing file /home/airflow/.local/lib/python3.7/site-packages/airflow/example_dags/example_dag_decorator.py for tasks to queue
[2022-09-24T20:10:10.831+0000] {logging_mixin.py:117} INFO - [2022-09-24T20:10:10.829+0000] {dagbag.py:525} INFO - Filling up the DagBag from /home/airflow/.local/lib/python3.7/site-packages/airflow/example_dags/example_dag_decorator.py
[2022-09-24T20:10:11.042+0000] {processor.py:768} INFO - DAG(s) dict_keys(['example_dag_decorator']) retrieved from /home/airflow/.local/lib/python3.7/site-packages/airflow/example_dags/example_dag_decorator.py
[2022-09-24T20:10:11.281+0000] {logging_mixin.py:117} INFO - [2022-09-24T20:10:11.280+0000] {dag.py:2573} INFO - Sync 1 DAGs
[2022-09-24T20:10:11.385+0000] {logging_mixin.py:117} INFO - [2022-09-24T20:10:11.385+0000] {dag.py:3328} INFO - Setting next_dagrun for example_dag_decorator to None, run_after=None
[2022-09-24T20:10:11.433+0000] {processor.py:178} INFO - Processing /home/airflow/.local/lib/python3.7/site-packages/airflow/example_dags/example_dag_decorator.py took 0.702 seconds
[2022-09-24T20:10:41.535+0000] {processor.py:156} INFO - Started process (PID=7808) to work on /home/airflow/.local/lib/python3.7/site-packages/airflow/example_dags/example_dag_decorator.py
[2022-09-24T20:10:41.542+0000] {processor.py:758} INFO - Processing file /home/airflow/.local/lib/python3.7/site-packages/airflow/example_dags/example_dag_decorator.py for tasks to queue
[2022-09-24T20:10:41.552+0000] {logging_mixin.py:117} INFO - [2022-09-24T20:10:41.550+0000] {dagbag.py:525} INFO - Filling up the DagBag from /home/airflow/.local/lib/python3.7/site-packages/airflow/example_dags/example_dag_decorator.py
[2022-09-24T20:10:41.677+0000] {processor.py:768} INFO - DAG(s) dict_keys(['example_dag_decorator']) retrieved from /home/airflow/.local/lib/python3.7/site-packages/airflow/example_dags/example_dag_decorator.py
[2022-09-24T20:10:41.894+0000] {logging_mixin.py:117} INFO - [2022-09-24T20:10:41.894+0000] {dag.py:2573} INFO - Sync 1 DAGs
[2022-09-24T20:10:41.944+0000] {logging_mixin.py:117} INFO - [2022-09-24T20:10:41.944+0000] {dag.py:3328} INFO - Setting next_dagrun for example_dag_decorator to None, run_after=None
[2022-09-24T20:10:41.985+0000] {processor.py:178} INFO - Processing /home/airflow/.local/lib/python3.7/site-packages/airflow/example_dags/example_dag_decorator.py took 0.457 seconds
[2022-09-24T20:11:12.212+0000] {processor.py:156} INFO - Started process (PID=8002) to work on /home/airflow/.local/lib/python3.7/site-packages/airflow/example_dags/example_dag_decorator.py
[2022-09-24T20:11:12.217+0000] {processor.py:758} INFO - Processing file /home/airflow/.local/lib/python3.7/site-packages/airflow/example_dags/example_dag_decorator.py for tasks to queue
[2022-09-24T20:11:12.221+0000] {logging_mixin.py:117} INFO - [2022-09-24T20:11:12.220+0000] {dagbag.py:525} INFO - Filling up the DagBag from /home/airflow/.local/lib/python3.7/site-packages/airflow/example_dags/example_dag_decorator.py
[2022-09-24T20:11:12.304+0000] {processor.py:768} INFO - DAG(s) dict_keys(['example_dag_decorator']) retrieved from /home/airflow/.local/lib/python3.7/site-packages/airflow/example_dags/example_dag_decorator.py
[2022-09-24T20:11:12.485+0000] {logging_mixin.py:117} INFO - [2022-09-24T20:11:12.485+0000] {dag.py:2573} INFO - Sync 1 DAGs
[2022-09-24T20:11:12.557+0000] {logging_mixin.py:117} INFO - [2022-09-24T20:11:12.557+0000] {dag.py:3328} INFO - Setting next_dagrun for example_dag_decorator to None, run_after=None
[2022-09-24T20:11:12.608+0000] {processor.py:178} INFO - Processing /home/airflow/.local/lib/python3.7/site-packages/airflow/example_dags/example_dag_decorator.py took 0.408 seconds
[2022-09-24T20:11:44.029+0000] {processor.py:156} INFO - Started process (PID=8198) to work on /home/airflow/.local/lib/python3.7/site-packages/airflow/example_dags/example_dag_decorator.py
[2022-09-24T20:11:44.034+0000] {processor.py:758} INFO - Processing file /home/airflow/.local/lib/python3.7/site-packages/airflow/example_dags/example_dag_decorator.py for tasks to queue
[2022-09-24T20:11:44.039+0000] {logging_mixin.py:117} INFO - [2022-09-24T20:11:44.038+0000] {dagbag.py:525} INFO - Filling up the DagBag from /home/airflow/.local/lib/python3.7/site-packages/airflow/example_dags/example_dag_decorator.py
[2022-09-24T20:11:44.219+0000] {processor.py:768} INFO - DAG(s) dict_keys(['example_dag_decorator']) retrieved from /home/airflow/.local/lib/python3.7/site-packages/airflow/example_dags/example_dag_decorator.py
[2022-09-24T20:11:44.698+0000] {logging_mixin.py:117} INFO - [2022-09-24T20:11:44.697+0000] {dag.py:2573} INFO - Sync 1 DAGs
[2022-09-24T20:11:44.916+0000] {logging_mixin.py:117} INFO - [2022-09-24T20:11:44.916+0000] {dag.py:3328} INFO - Setting next_dagrun for example_dag_decorator to None, run_after=None
[2022-09-24T20:11:45.037+0000] {processor.py:178} INFO - Processing /home/airflow/.local/lib/python3.7/site-packages/airflow/example_dags/example_dag_decorator.py took 1.030 seconds
[2022-09-24T20:12:15.588+0000] {processor.py:156} INFO - Started process (PID=8404) to work on /home/airflow/.local/lib/python3.7/site-packages/airflow/example_dags/example_dag_decorator.py
[2022-09-24T20:12:15.597+0000] {processor.py:758} INFO - Processing file /home/airflow/.local/lib/python3.7/site-packages/airflow/example_dags/example_dag_decorator.py for tasks to queue
[2022-09-24T20:12:15.602+0000] {logging_mixin.py:117} INFO - [2022-09-24T20:12:15.601+0000] {dagbag.py:525} INFO - Filling up the DagBag from /home/airflow/.local/lib/python3.7/site-packages/airflow/example_dags/example_dag_decorator.py
[2022-09-24T20:12:15.709+0000] {processor.py:768} INFO - DAG(s) dict_keys(['example_dag_decorator']) retrieved from /home/airflow/.local/lib/python3.7/site-packages/airflow/example_dags/example_dag_decorator.py
[2022-09-24T20:12:16.322+0000] {logging_mixin.py:117} INFO - [2022-09-24T20:12:16.321+0000] {dag.py:2573} INFO - Sync 1 DAGs
[2022-09-24T20:12:16.401+0000] {logging_mixin.py:117} INFO - [2022-09-24T20:12:16.401+0000] {dag.py:3328} INFO - Setting next_dagrun for example_dag_decorator to None, run_after=None
[2022-09-24T20:12:16.500+0000] {processor.py:178} INFO - Processing /home/airflow/.local/lib/python3.7/site-packages/airflow/example_dags/example_dag_decorator.py took 0.926 seconds
[2022-09-24T20:12:46.856+0000] {processor.py:156} INFO - Started process (PID=8603) to work on /home/airflow/.local/lib/python3.7/site-packages/airflow/example_dags/example_dag_decorator.py
[2022-09-24T20:12:46.877+0000] {processor.py:758} INFO - Processing file /home/airflow/.local/lib/python3.7/site-packages/airflow/example_dags/example_dag_decorator.py for tasks to queue
[2022-09-24T20:12:46.895+0000] {logging_mixin.py:117} INFO - [2022-09-24T20:12:46.886+0000] {dagbag.py:525} INFO - Filling up the DagBag from /home/airflow/.local/lib/python3.7/site-packages/airflow/example_dags/example_dag_decorator.py
[2022-09-24T20:12:47.687+0000] {processor.py:768} INFO - DAG(s) dict_keys(['example_dag_decorator']) retrieved from /home/airflow/.local/lib/python3.7/site-packages/airflow/example_dags/example_dag_decorator.py
[2022-09-24T20:12:48.410+0000] {logging_mixin.py:117} INFO - [2022-09-24T20:12:48.409+0000] {dag.py:2573} INFO - Sync 1 DAGs
[2022-09-24T20:12:48.552+0000] {logging_mixin.py:117} INFO - [2022-09-24T20:12:48.552+0000] {dag.py:3328} INFO - Setting next_dagrun for example_dag_decorator to None, run_after=None
[2022-09-24T20:12:48.775+0000] {processor.py:178} INFO - Processing /home/airflow/.local/lib/python3.7/site-packages/airflow/example_dags/example_dag_decorator.py took 1.921 seconds
[2022-09-24T20:13:19.121+0000] {processor.py:156} INFO - Started process (PID=8801) to work on /home/airflow/.local/lib/python3.7/site-packages/airflow/example_dags/example_dag_decorator.py
[2022-09-24T20:13:19.125+0000] {processor.py:758} INFO - Processing file /home/airflow/.local/lib/python3.7/site-packages/airflow/example_dags/example_dag_decorator.py for tasks to queue
[2022-09-24T20:13:19.128+0000] {logging_mixin.py:117} INFO - [2022-09-24T20:13:19.127+0000] {dagbag.py:525} INFO - Filling up the DagBag from /home/airflow/.local/lib/python3.7/site-packages/airflow/example_dags/example_dag_decorator.py
[2022-09-24T20:13:19.288+0000] {processor.py:768} INFO - DAG(s) dict_keys(['example_dag_decorator']) retrieved from /home/airflow/.local/lib/python3.7/site-packages/airflow/example_dags/example_dag_decorator.py
[2022-09-24T20:13:19.890+0000] {logging_mixin.py:117} INFO - [2022-09-24T20:13:19.889+0000] {dag.py:2573} INFO - Sync 1 DAGs
[2022-09-24T20:13:20.058+0000] {logging_mixin.py:117} INFO - [2022-09-24T20:13:20.058+0000] {dag.py:3328} INFO - Setting next_dagrun for example_dag_decorator to None, run_after=None
[2022-09-24T20:13:20.203+0000] {processor.py:178} INFO - Processing /home/airflow/.local/lib/python3.7/site-packages/airflow/example_dags/example_dag_decorator.py took 1.094 seconds
[2022-09-24T20:13:50.543+0000] {processor.py:156} INFO - Started process (PID=8999) to work on /home/airflow/.local/lib/python3.7/site-packages/airflow/example_dags/example_dag_decorator.py
[2022-09-24T20:13:50.549+0000] {processor.py:758} INFO - Processing file /home/airflow/.local/lib/python3.7/site-packages/airflow/example_dags/example_dag_decorator.py for tasks to queue
[2022-09-24T20:13:50.552+0000] {logging_mixin.py:117} INFO - [2022-09-24T20:13:50.552+0000] {dagbag.py:525} INFO - Filling up the DagBag from /home/airflow/.local/lib/python3.7/site-packages/airflow/example_dags/example_dag_decorator.py
[2022-09-24T20:13:50.813+0000] {processor.py:768} INFO - DAG(s) dict_keys(['example_dag_decorator']) retrieved from /home/airflow/.local/lib/python3.7/site-packages/airflow/example_dags/example_dag_decorator.py
[2022-09-24T20:13:51.118+0000] {logging_mixin.py:117} INFO - [2022-09-24T20:13:51.118+0000] {dag.py:2573} INFO - Sync 1 DAGs
[2022-09-24T20:13:51.176+0000] {logging_mixin.py:117} INFO - [2022-09-24T20:13:51.176+0000] {dag.py:3328} INFO - Setting next_dagrun for example_dag_decorator to None, run_after=None
[2022-09-24T20:13:51.225+0000] {processor.py:178} INFO - Processing /home/airflow/.local/lib/python3.7/site-packages/airflow/example_dags/example_dag_decorator.py took 0.705 seconds
[2022-09-24T20:14:32.420+0000] {processor.py:156} INFO - Started process (PID=9222) to work on /home/airflow/.local/lib/python3.7/site-packages/airflow/example_dags/example_dag_decorator.py
[2022-09-24T20:14:32.438+0000] {processor.py:758} INFO - Processing file /home/airflow/.local/lib/python3.7/site-packages/airflow/example_dags/example_dag_decorator.py for tasks to queue
[2022-09-24T20:14:32.459+0000] {logging_mixin.py:117} INFO - [2022-09-24T20:14:32.458+0000] {dagbag.py:525} INFO - Filling up the DagBag from /home/airflow/.local/lib/python3.7/site-packages/airflow/example_dags/example_dag_decorator.py
[2022-09-24T20:14:32.598+0000] {processor.py:768} INFO - DAG(s) dict_keys(['example_dag_decorator']) retrieved from /home/airflow/.local/lib/python3.7/site-packages/airflow/example_dags/example_dag_decorator.py
[2022-09-24T20:14:33.076+0000] {logging_mixin.py:117} INFO - [2022-09-24T20:14:33.075+0000] {dag.py:2573} INFO - Sync 1 DAGs
[2022-09-24T20:14:33.187+0000] {logging_mixin.py:117} INFO - [2022-09-24T20:14:33.185+0000] {dag.py:3328} INFO - Setting next_dagrun for example_dag_decorator to None, run_after=None
[2022-09-24T20:14:33.288+0000] {processor.py:178} INFO - Processing /home/airflow/.local/lib/python3.7/site-packages/airflow/example_dags/example_dag_decorator.py took 0.916 seconds
[2022-09-24T20:15:03.800+0000] {processor.py:156} INFO - Started process (PID=9420) to work on /home/airflow/.local/lib/python3.7/site-packages/airflow/example_dags/example_dag_decorator.py
[2022-09-24T20:15:03.804+0000] {processor.py:758} INFO - Processing file /home/airflow/.local/lib/python3.7/site-packages/airflow/example_dags/example_dag_decorator.py for tasks to queue
[2022-09-24T20:15:03.806+0000] {logging_mixin.py:117} INFO - [2022-09-24T20:15:03.806+0000] {dagbag.py:525} INFO - Filling up the DagBag from /home/airflow/.local/lib/python3.7/site-packages/airflow/example_dags/example_dag_decorator.py
[2022-09-24T20:15:03.955+0000] {processor.py:768} INFO - DAG(s) dict_keys(['example_dag_decorator']) retrieved from /home/airflow/.local/lib/python3.7/site-packages/airflow/example_dags/example_dag_decorator.py
[2022-09-24T20:15:04.957+0000] {logging_mixin.py:117} INFO - [2022-09-24T20:15:04.957+0000] {dag.py:2573} INFO - Sync 1 DAGs
[2022-09-24T20:15:05.194+0000] {logging_mixin.py:117} INFO - [2022-09-24T20:15:05.194+0000] {dag.py:3328} INFO - Setting next_dagrun for example_dag_decorator to None, run_after=None
[2022-09-24T20:15:05.361+0000] {processor.py:178} INFO - Processing /home/airflow/.local/lib/python3.7/site-packages/airflow/example_dags/example_dag_decorator.py took 1.573 seconds
[2022-09-24T20:15:37.136+0000] {processor.py:156} INFO - Started process (PID=9625) to work on /home/airflow/.local/lib/python3.7/site-packages/airflow/example_dags/example_dag_decorator.py
[2022-09-24T20:15:37.197+0000] {processor.py:758} INFO - Processing file /home/airflow/.local/lib/python3.7/site-packages/airflow/example_dags/example_dag_decorator.py for tasks to queue
[2022-09-24T20:15:37.235+0000] {logging_mixin.py:117} INFO - [2022-09-24T20:15:37.234+0000] {dagbag.py:525} INFO - Filling up the DagBag from /home/airflow/.local/lib/python3.7/site-packages/airflow/example_dags/example_dag_decorator.py
[2022-09-24T20:15:38.581+0000] {processor.py:768} INFO - DAG(s) dict_keys(['example_dag_decorator']) retrieved from /home/airflow/.local/lib/python3.7/site-packages/airflow/example_dags/example_dag_decorator.py
[2022-09-24T20:15:39.036+0000] {logging_mixin.py:117} INFO - [2022-09-24T20:15:39.036+0000] {dag.py:2573} INFO - Sync 1 DAGs
[2022-09-24T20:15:39.199+0000] {logging_mixin.py:117} INFO - [2022-09-24T20:15:39.195+0000] {dag.py:3328} INFO - Setting next_dagrun for example_dag_decorator to None, run_after=None
[2022-09-24T20:15:39.405+0000] {processor.py:178} INFO - Processing /home/airflow/.local/lib/python3.7/site-packages/airflow/example_dags/example_dag_decorator.py took 2.562 seconds
[2022-09-24T20:16:09.537+0000] {processor.py:156} INFO - Started process (PID=9827) to work on /home/airflow/.local/lib/python3.7/site-packages/airflow/example_dags/example_dag_decorator.py
[2022-09-24T20:16:09.542+0000] {processor.py:758} INFO - Processing file /home/airflow/.local/lib/python3.7/site-packages/airflow/example_dags/example_dag_decorator.py for tasks to queue
[2022-09-24T20:16:09.547+0000] {logging_mixin.py:117} INFO - [2022-09-24T20:16:09.546+0000] {dagbag.py:525} INFO - Filling up the DagBag from /home/airflow/.local/lib/python3.7/site-packages/airflow/example_dags/example_dag_decorator.py
[2022-09-24T20:16:09.609+0000] {processor.py:768} INFO - DAG(s) dict_keys(['example_dag_decorator']) retrieved from /home/airflow/.local/lib/python3.7/site-packages/airflow/example_dags/example_dag_decorator.py
[2022-09-24T20:16:09.762+0000] {logging_mixin.py:117} INFO - [2022-09-24T20:16:09.762+0000] {dag.py:2573} INFO - Sync 1 DAGs
[2022-09-24T20:16:09.808+0000] {logging_mixin.py:117} INFO - [2022-09-24T20:16:09.808+0000] {dag.py:3328} INFO - Setting next_dagrun for example_dag_decorator to None, run_after=None
[2022-09-24T20:16:09.853+0000] {processor.py:178} INFO - Processing /home/airflow/.local/lib/python3.7/site-packages/airflow/example_dags/example_dag_decorator.py took 0.329 seconds
[2022-09-24T20:16:39.952+0000] {processor.py:156} INFO - Started process (PID=10026) to work on /home/airflow/.local/lib/python3.7/site-packages/airflow/example_dags/example_dag_decorator.py
[2022-09-24T20:16:39.957+0000] {processor.py:758} INFO - Processing file /home/airflow/.local/lib/python3.7/site-packages/airflow/example_dags/example_dag_decorator.py for tasks to queue
[2022-09-24T20:16:39.963+0000] {logging_mixin.py:117} INFO - [2022-09-24T20:16:39.962+0000] {dagbag.py:525} INFO - Filling up the DagBag from /home/airflow/.local/lib/python3.7/site-packages/airflow/example_dags/example_dag_decorator.py
[2022-09-24T20:16:40.088+0000] {processor.py:768} INFO - DAG(s) dict_keys(['example_dag_decorator']) retrieved from /home/airflow/.local/lib/python3.7/site-packages/airflow/example_dags/example_dag_decorator.py
[2022-09-24T20:16:40.610+0000] {logging_mixin.py:117} INFO - [2022-09-24T20:16:40.609+0000] {dag.py:2573} INFO - Sync 1 DAGs
[2022-09-24T20:16:40.755+0000] {logging_mixin.py:117} INFO - [2022-09-24T20:16:40.754+0000] {dag.py:3328} INFO - Setting next_dagrun for example_dag_decorator to None, run_after=None
[2022-09-24T20:16:40.818+0000] {processor.py:178} INFO - Processing /home/airflow/.local/lib/python3.7/site-packages/airflow/example_dags/example_dag_decorator.py took 0.881 seconds
[2022-09-24T20:17:11.060+0000] {processor.py:156} INFO - Started process (PID=10224) to work on /home/airflow/.local/lib/python3.7/site-packages/airflow/example_dags/example_dag_decorator.py
[2022-09-24T20:17:11.069+0000] {processor.py:758} INFO - Processing file /home/airflow/.local/lib/python3.7/site-packages/airflow/example_dags/example_dag_decorator.py for tasks to queue
[2022-09-24T20:17:11.076+0000] {logging_mixin.py:117} INFO - [2022-09-24T20:17:11.073+0000] {dagbag.py:525} INFO - Filling up the DagBag from /home/airflow/.local/lib/python3.7/site-packages/airflow/example_dags/example_dag_decorator.py
[2022-09-24T20:17:11.248+0000] {processor.py:768} INFO - DAG(s) dict_keys(['example_dag_decorator']) retrieved from /home/airflow/.local/lib/python3.7/site-packages/airflow/example_dags/example_dag_decorator.py
[2022-09-24T20:17:11.456+0000] {logging_mixin.py:117} INFO - [2022-09-24T20:17:11.456+0000] {dag.py:2573} INFO - Sync 1 DAGs
[2022-09-24T20:17:11.506+0000] {logging_mixin.py:117} INFO - [2022-09-24T20:17:11.506+0000] {dag.py:3328} INFO - Setting next_dagrun for example_dag_decorator to None, run_after=None
[2022-09-24T20:17:11.550+0000] {processor.py:178} INFO - Processing /home/airflow/.local/lib/python3.7/site-packages/airflow/example_dags/example_dag_decorator.py took 0.519 seconds
[2022-09-24T20:17:41.670+0000] {processor.py:156} INFO - Started process (PID=10422) to work on /home/airflow/.local/lib/python3.7/site-packages/airflow/example_dags/example_dag_decorator.py
[2022-09-24T20:17:41.673+0000] {processor.py:758} INFO - Processing file /home/airflow/.local/lib/python3.7/site-packages/airflow/example_dags/example_dag_decorator.py for tasks to queue
[2022-09-24T20:17:41.676+0000] {logging_mixin.py:117} INFO - [2022-09-24T20:17:41.676+0000] {dagbag.py:525} INFO - Filling up the DagBag from /home/airflow/.local/lib/python3.7/site-packages/airflow/example_dags/example_dag_decorator.py
[2022-09-24T20:17:41.731+0000] {processor.py:768} INFO - DAG(s) dict_keys(['example_dag_decorator']) retrieved from /home/airflow/.local/lib/python3.7/site-packages/airflow/example_dags/example_dag_decorator.py
[2022-09-24T20:17:41.877+0000] {logging_mixin.py:117} INFO - [2022-09-24T20:17:41.877+0000] {dag.py:2573} INFO - Sync 1 DAGs
[2022-09-24T20:17:41.947+0000] {logging_mixin.py:117} INFO - [2022-09-24T20:17:41.947+0000] {dag.py:3328} INFO - Setting next_dagrun for example_dag_decorator to None, run_after=None
[2022-09-24T20:17:42.061+0000] {processor.py:178} INFO - Processing /home/airflow/.local/lib/python3.7/site-packages/airflow/example_dags/example_dag_decorator.py took 0.397 seconds
[2022-09-24T20:18:12.566+0000] {processor.py:156} INFO - Started process (PID=10618) to work on /home/airflow/.local/lib/python3.7/site-packages/airflow/example_dags/example_dag_decorator.py
[2022-09-24T20:18:12.586+0000] {processor.py:758} INFO - Processing file /home/airflow/.local/lib/python3.7/site-packages/airflow/example_dags/example_dag_decorator.py for tasks to queue
[2022-09-24T20:18:12.601+0000] {logging_mixin.py:117} INFO - [2022-09-24T20:18:12.598+0000] {dagbag.py:525} INFO - Filling up the DagBag from /home/airflow/.local/lib/python3.7/site-packages/airflow/example_dags/example_dag_decorator.py
[2022-09-24T20:18:12.711+0000] {processor.py:768} INFO - DAG(s) dict_keys(['example_dag_decorator']) retrieved from /home/airflow/.local/lib/python3.7/site-packages/airflow/example_dags/example_dag_decorator.py
[2022-09-24T20:18:13.002+0000] {logging_mixin.py:117} INFO - [2022-09-24T20:18:13.002+0000] {dag.py:2573} INFO - Sync 1 DAGs
[2022-09-24T20:18:13.049+0000] {logging_mixin.py:117} INFO - [2022-09-24T20:18:13.049+0000] {dag.py:3328} INFO - Setting next_dagrun for example_dag_decorator to None, run_after=None
[2022-09-24T20:18:13.095+0000] {processor.py:178} INFO - Processing /home/airflow/.local/lib/python3.7/site-packages/airflow/example_dags/example_dag_decorator.py took 0.570 seconds
[2022-09-24T20:18:43.949+0000] {processor.py:156} INFO - Started process (PID=10816) to work on /home/airflow/.local/lib/python3.7/site-packages/airflow/example_dags/example_dag_decorator.py
[2022-09-24T20:18:43.952+0000] {processor.py:758} INFO - Processing file /home/airflow/.local/lib/python3.7/site-packages/airflow/example_dags/example_dag_decorator.py for tasks to queue
[2022-09-24T20:18:43.954+0000] {logging_mixin.py:117} INFO - [2022-09-24T20:18:43.954+0000] {dagbag.py:525} INFO - Filling up the DagBag from /home/airflow/.local/lib/python3.7/site-packages/airflow/example_dags/example_dag_decorator.py
[2022-09-24T20:18:44.014+0000] {processor.py:768} INFO - DAG(s) dict_keys(['example_dag_decorator']) retrieved from /home/airflow/.local/lib/python3.7/site-packages/airflow/example_dags/example_dag_decorator.py
[2022-09-24T20:18:44.182+0000] {logging_mixin.py:117} INFO - [2022-09-24T20:18:44.182+0000] {dag.py:2573} INFO - Sync 1 DAGs
[2022-09-24T20:18:44.229+0000] {logging_mixin.py:117} INFO - [2022-09-24T20:18:44.228+0000] {dag.py:3328} INFO - Setting next_dagrun for example_dag_decorator to None, run_after=None
[2022-09-24T20:18:44.276+0000] {processor.py:178} INFO - Processing /home/airflow/.local/lib/python3.7/site-packages/airflow/example_dags/example_dag_decorator.py took 0.332 seconds
[2022-09-24T20:19:17.451+0000] {processor.py:156} INFO - Started process (PID=11039) to work on /home/airflow/.local/lib/python3.7/site-packages/airflow/example_dags/example_dag_decorator.py
[2022-09-24T20:19:17.455+0000] {processor.py:758} INFO - Processing file /home/airflow/.local/lib/python3.7/site-packages/airflow/example_dags/example_dag_decorator.py for tasks to queue
[2022-09-24T20:19:17.474+0000] {logging_mixin.py:117} INFO - [2022-09-24T20:19:17.474+0000] {dagbag.py:525} INFO - Filling up the DagBag from /home/airflow/.local/lib/python3.7/site-packages/airflow/example_dags/example_dag_decorator.py
[2022-09-24T20:19:17.626+0000] {processor.py:768} INFO - DAG(s) dict_keys(['example_dag_decorator']) retrieved from /home/airflow/.local/lib/python3.7/site-packages/airflow/example_dags/example_dag_decorator.py
[2022-09-24T20:19:17.941+0000] {logging_mixin.py:117} INFO - [2022-09-24T20:19:17.940+0000] {dag.py:2573} INFO - Sync 1 DAGs
[2022-09-24T20:19:18.096+0000] {logging_mixin.py:117} INFO - [2022-09-24T20:19:18.095+0000] {dag.py:3328} INFO - Setting next_dagrun for example_dag_decorator to None, run_after=None
[2022-09-24T20:19:18.211+0000] {processor.py:178} INFO - Processing /home/airflow/.local/lib/python3.7/site-packages/airflow/example_dags/example_dag_decorator.py took 0.770 seconds
[2022-09-24T20:19:49.564+0000] {processor.py:156} INFO - Started process (PID=11243) to work on /home/airflow/.local/lib/python3.7/site-packages/airflow/example_dags/example_dag_decorator.py
[2022-09-24T20:19:49.569+0000] {processor.py:758} INFO - Processing file /home/airflow/.local/lib/python3.7/site-packages/airflow/example_dags/example_dag_decorator.py for tasks to queue
[2022-09-24T20:19:49.574+0000] {logging_mixin.py:117} INFO - [2022-09-24T20:19:49.573+0000] {dagbag.py:525} INFO - Filling up the DagBag from /home/airflow/.local/lib/python3.7/site-packages/airflow/example_dags/example_dag_decorator.py
[2022-09-24T20:19:49.724+0000] {processor.py:768} INFO - DAG(s) dict_keys(['example_dag_decorator']) retrieved from /home/airflow/.local/lib/python3.7/site-packages/airflow/example_dags/example_dag_decorator.py
[2022-09-24T20:19:50.108+0000] {logging_mixin.py:117} INFO - [2022-09-24T20:19:50.108+0000] {dag.py:2573} INFO - Sync 1 DAGs
[2022-09-24T20:19:50.259+0000] {logging_mixin.py:117} INFO - [2022-09-24T20:19:50.259+0000] {dag.py:3328} INFO - Setting next_dagrun for example_dag_decorator to None, run_after=None
[2022-09-24T20:19:50.360+0000] {processor.py:178} INFO - Processing /home/airflow/.local/lib/python3.7/site-packages/airflow/example_dags/example_dag_decorator.py took 0.808 seconds
[2022-09-24T20:20:20.909+0000] {processor.py:156} INFO - Started process (PID=11441) to work on /home/airflow/.local/lib/python3.7/site-packages/airflow/example_dags/example_dag_decorator.py
[2022-09-24T20:20:20.922+0000] {processor.py:758} INFO - Processing file /home/airflow/.local/lib/python3.7/site-packages/airflow/example_dags/example_dag_decorator.py for tasks to queue
[2022-09-24T20:20:20.933+0000] {logging_mixin.py:117} INFO - [2022-09-24T20:20:20.932+0000] {dagbag.py:525} INFO - Filling up the DagBag from /home/airflow/.local/lib/python3.7/site-packages/airflow/example_dags/example_dag_decorator.py
[2022-09-24T20:20:21.185+0000] {processor.py:768} INFO - DAG(s) dict_keys(['example_dag_decorator']) retrieved from /home/airflow/.local/lib/python3.7/site-packages/airflow/example_dags/example_dag_decorator.py
[2022-09-24T20:20:21.532+0000] {logging_mixin.py:117} INFO - [2022-09-24T20:20:21.532+0000] {dag.py:2573} INFO - Sync 1 DAGs
[2022-09-24T20:20:21.695+0000] {logging_mixin.py:117} INFO - [2022-09-24T20:20:21.695+0000] {dag.py:3328} INFO - Setting next_dagrun for example_dag_decorator to None, run_after=None
[2022-09-24T20:20:21.807+0000] {processor.py:178} INFO - Processing /home/airflow/.local/lib/python3.7/site-packages/airflow/example_dags/example_dag_decorator.py took 0.914 seconds
[2022-09-24T20:20:52.082+0000] {processor.py:156} INFO - Started process (PID=11650) to work on /home/airflow/.local/lib/python3.7/site-packages/airflow/example_dags/example_dag_decorator.py
[2022-09-24T20:20:52.087+0000] {processor.py:758} INFO - Processing file /home/airflow/.local/lib/python3.7/site-packages/airflow/example_dags/example_dag_decorator.py for tasks to queue
[2022-09-24T20:20:52.090+0000] {logging_mixin.py:117} INFO - [2022-09-24T20:20:52.090+0000] {dagbag.py:525} INFO - Filling up the DagBag from /home/airflow/.local/lib/python3.7/site-packages/airflow/example_dags/example_dag_decorator.py
[2022-09-24T20:20:52.145+0000] {processor.py:768} INFO - DAG(s) dict_keys(['example_dag_decorator']) retrieved from /home/airflow/.local/lib/python3.7/site-packages/airflow/example_dags/example_dag_decorator.py
[2022-09-24T20:20:52.298+0000] {logging_mixin.py:117} INFO - [2022-09-24T20:20:52.297+0000] {dag.py:2573} INFO - Sync 1 DAGs
[2022-09-24T20:20:52.339+0000] {logging_mixin.py:117} INFO - [2022-09-24T20:20:52.339+0000] {dag.py:3328} INFO - Setting next_dagrun for example_dag_decorator to None, run_after=None
[2022-09-24T20:20:52.382+0000] {processor.py:178} INFO - Processing /home/airflow/.local/lib/python3.7/site-packages/airflow/example_dags/example_dag_decorator.py took 0.309 seconds
[2022-09-24T20:21:23.242+0000] {processor.py:156} INFO - Started process (PID=11846) to work on /home/airflow/.local/lib/python3.7/site-packages/airflow/example_dags/example_dag_decorator.py
[2022-09-24T20:21:23.249+0000] {processor.py:758} INFO - Processing file /home/airflow/.local/lib/python3.7/site-packages/airflow/example_dags/example_dag_decorator.py for tasks to queue
[2022-09-24T20:21:23.253+0000] {logging_mixin.py:117} INFO - [2022-09-24T20:21:23.253+0000] {dagbag.py:525} INFO - Filling up the DagBag from /home/airflow/.local/lib/python3.7/site-packages/airflow/example_dags/example_dag_decorator.py
[2022-09-24T20:21:23.439+0000] {processor.py:768} INFO - DAG(s) dict_keys(['example_dag_decorator']) retrieved from /home/airflow/.local/lib/python3.7/site-packages/airflow/example_dags/example_dag_decorator.py
[2022-09-24T20:21:23.830+0000] {logging_mixin.py:117} INFO - [2022-09-24T20:21:23.829+0000] {dag.py:2573} INFO - Sync 1 DAGs
[2022-09-24T20:21:23.962+0000] {logging_mixin.py:117} INFO - [2022-09-24T20:21:23.962+0000] {dag.py:3328} INFO - Setting next_dagrun for example_dag_decorator to None, run_after=None
[2022-09-24T20:21:24.116+0000] {processor.py:178} INFO - Processing /home/airflow/.local/lib/python3.7/site-packages/airflow/example_dags/example_dag_decorator.py took 0.908 seconds
