[2022-09-24T19:50:59.019+0000] {processor.py:156} INFO - Started process (PID=329) to work on /home/airflow/.local/lib/python3.7/site-packages/airflow/example_dags/tutorial_taskflow_api_virtualenv.py
[2022-09-24T19:50:59.031+0000] {processor.py:758} INFO - Processing file /home/airflow/.local/lib/python3.7/site-packages/airflow/example_dags/tutorial_taskflow_api_virtualenv.py for tasks to queue
[2022-09-24T19:50:59.034+0000] {logging_mixin.py:117} INFO - [2022-09-24T19:50:59.034+0000] {dagbag.py:525} INFO - Filling up the DagBag from /home/airflow/.local/lib/python3.7/site-packages/airflow/example_dags/tutorial_taskflow_api_virtualenv.py
[2022-09-24T19:50:59.270+0000] {processor.py:768} INFO - DAG(s) dict_keys(['tutorial_taskflow_api_virtualenv']) retrieved from /home/airflow/.local/lib/python3.7/site-packages/airflow/example_dags/tutorial_taskflow_api_virtualenv.py
[2022-09-24T19:50:59.703+0000] {logging_mixin.py:117} INFO - [2022-09-24T19:50:59.702+0000] {dag.py:2573} INFO - Sync 1 DAGs
[2022-09-24T19:50:59.860+0000] {logging_mixin.py:117} INFO - [2022-09-24T19:50:59.860+0000] {dag.py:3328} INFO - Setting next_dagrun for tutorial_taskflow_api_virtualenv to None, run_after=None
[2022-09-24T19:50:59.958+0000] {processor.py:178} INFO - Processing /home/airflow/.local/lib/python3.7/site-packages/airflow/example_dags/tutorial_taskflow_api_virtualenv.py took 0.967 seconds
[2022-09-24T19:51:31.003+0000] {processor.py:156} INFO - Started process (PID=527) to work on /home/airflow/.local/lib/python3.7/site-packages/airflow/example_dags/tutorial_taskflow_api_virtualenv.py
[2022-09-24T19:51:31.009+0000] {processor.py:758} INFO - Processing file /home/airflow/.local/lib/python3.7/site-packages/airflow/example_dags/tutorial_taskflow_api_virtualenv.py for tasks to queue
[2022-09-24T19:51:31.019+0000] {logging_mixin.py:117} INFO - [2022-09-24T19:51:31.019+0000] {dagbag.py:525} INFO - Filling up the DagBag from /home/airflow/.local/lib/python3.7/site-packages/airflow/example_dags/tutorial_taskflow_api_virtualenv.py
[2022-09-24T19:51:31.078+0000] {processor.py:768} INFO - DAG(s) dict_keys(['tutorial_taskflow_api_virtualenv']) retrieved from /home/airflow/.local/lib/python3.7/site-packages/airflow/example_dags/tutorial_taskflow_api_virtualenv.py
[2022-09-24T19:51:31.168+0000] {logging_mixin.py:117} INFO - [2022-09-24T19:51:31.166+0000] {dag.py:2573} INFO - Sync 1 DAGs
[2022-09-24T19:51:31.220+0000] {logging_mixin.py:117} INFO - [2022-09-24T19:51:31.220+0000] {dag.py:3328} INFO - Setting next_dagrun for tutorial_taskflow_api_virtualenv to None, run_after=None
[2022-09-24T19:51:31.653+0000] {processor.py:178} INFO - Processing /home/airflow/.local/lib/python3.7/site-packages/airflow/example_dags/tutorial_taskflow_api_virtualenv.py took 0.661 seconds
[2022-09-24T19:52:08.055+0000] {processor.py:156} INFO - Started process (PID=729) to work on /home/airflow/.local/lib/python3.7/site-packages/airflow/example_dags/tutorial_taskflow_api_virtualenv.py
[2022-09-24T19:52:08.060+0000] {processor.py:758} INFO - Processing file /home/airflow/.local/lib/python3.7/site-packages/airflow/example_dags/tutorial_taskflow_api_virtualenv.py for tasks to queue
[2022-09-24T19:52:08.065+0000] {logging_mixin.py:117} INFO - [2022-09-24T19:52:08.065+0000] {dagbag.py:525} INFO - Filling up the DagBag from /home/airflow/.local/lib/python3.7/site-packages/airflow/example_dags/tutorial_taskflow_api_virtualenv.py
[2022-09-24T19:52:08.161+0000] {processor.py:768} INFO - DAG(s) dict_keys(['tutorial_taskflow_api_virtualenv']) retrieved from /home/airflow/.local/lib/python3.7/site-packages/airflow/example_dags/tutorial_taskflow_api_virtualenv.py
[2022-09-24T19:52:08.276+0000] {logging_mixin.py:117} INFO - [2022-09-24T19:52:08.276+0000] {dag.py:2573} INFO - Sync 1 DAGs
[2022-09-24T19:52:08.643+0000] {logging_mixin.py:117} INFO - [2022-09-24T19:52:08.643+0000] {dag.py:3328} INFO - Setting next_dagrun for tutorial_taskflow_api_virtualenv to None, run_after=None
[2022-09-24T19:52:08.707+0000] {processor.py:178} INFO - Processing /home/airflow/.local/lib/python3.7/site-packages/airflow/example_dags/tutorial_taskflow_api_virtualenv.py took 0.670 seconds
[2022-09-24T19:52:39.298+0000] {processor.py:156} INFO - Started process (PID=925) to work on /home/airflow/.local/lib/python3.7/site-packages/airflow/example_dags/tutorial_taskflow_api_virtualenv.py
[2022-09-24T19:52:39.303+0000] {processor.py:758} INFO - Processing file /home/airflow/.local/lib/python3.7/site-packages/airflow/example_dags/tutorial_taskflow_api_virtualenv.py for tasks to queue
[2022-09-24T19:52:39.309+0000] {logging_mixin.py:117} INFO - [2022-09-24T19:52:39.308+0000] {dagbag.py:525} INFO - Filling up the DagBag from /home/airflow/.local/lib/python3.7/site-packages/airflow/example_dags/tutorial_taskflow_api_virtualenv.py
[2022-09-24T19:52:39.374+0000] {processor.py:768} INFO - DAG(s) dict_keys(['tutorial_taskflow_api_virtualenv']) retrieved from /home/airflow/.local/lib/python3.7/site-packages/airflow/example_dags/tutorial_taskflow_api_virtualenv.py
[2022-09-24T19:52:39.624+0000] {logging_mixin.py:117} INFO - [2022-09-24T19:52:39.624+0000] {dag.py:2573} INFO - Sync 1 DAGs
[2022-09-24T19:52:39.665+0000] {logging_mixin.py:117} INFO - [2022-09-24T19:52:39.664+0000] {dag.py:3328} INFO - Setting next_dagrun for tutorial_taskflow_api_virtualenv to None, run_after=None
[2022-09-24T19:52:39.706+0000] {processor.py:178} INFO - Processing /home/airflow/.local/lib/python3.7/site-packages/airflow/example_dags/tutorial_taskflow_api_virtualenv.py took 0.419 seconds
[2022-09-24T19:53:11.173+0000] {processor.py:156} INFO - Started process (PID=1132) to work on /home/airflow/.local/lib/python3.7/site-packages/airflow/example_dags/tutorial_taskflow_api_virtualenv.py
[2022-09-24T19:53:11.184+0000] {processor.py:758} INFO - Processing file /home/airflow/.local/lib/python3.7/site-packages/airflow/example_dags/tutorial_taskflow_api_virtualenv.py for tasks to queue
[2022-09-24T19:53:11.199+0000] {logging_mixin.py:117} INFO - [2022-09-24T19:53:11.198+0000] {dagbag.py:525} INFO - Filling up the DagBag from /home/airflow/.local/lib/python3.7/site-packages/airflow/example_dags/tutorial_taskflow_api_virtualenv.py
[2022-09-24T19:53:11.342+0000] {processor.py:768} INFO - DAG(s) dict_keys(['tutorial_taskflow_api_virtualenv']) retrieved from /home/airflow/.local/lib/python3.7/site-packages/airflow/example_dags/tutorial_taskflow_api_virtualenv.py
[2022-09-24T19:53:11.906+0000] {logging_mixin.py:117} INFO - [2022-09-24T19:53:11.906+0000] {dag.py:2573} INFO - Sync 1 DAGs
[2022-09-24T19:53:12.006+0000] {logging_mixin.py:117} INFO - [2022-09-24T19:53:12.002+0000] {dag.py:3328} INFO - Setting next_dagrun for tutorial_taskflow_api_virtualenv to None, run_after=None
[2022-09-24T19:53:12.056+0000] {processor.py:178} INFO - Processing /home/airflow/.local/lib/python3.7/site-packages/airflow/example_dags/tutorial_taskflow_api_virtualenv.py took 0.899 seconds
[2022-09-24T19:53:42.985+0000] {processor.py:156} INFO - Started process (PID=1327) to work on /home/airflow/.local/lib/python3.7/site-packages/airflow/example_dags/tutorial_taskflow_api_virtualenv.py
[2022-09-24T19:53:42.999+0000] {processor.py:758} INFO - Processing file /home/airflow/.local/lib/python3.7/site-packages/airflow/example_dags/tutorial_taskflow_api_virtualenv.py for tasks to queue
[2022-09-24T19:53:43.013+0000] {logging_mixin.py:117} INFO - [2022-09-24T19:53:43.013+0000] {dagbag.py:525} INFO - Filling up the DagBag from /home/airflow/.local/lib/python3.7/site-packages/airflow/example_dags/tutorial_taskflow_api_virtualenv.py
[2022-09-24T19:53:43.144+0000] {processor.py:768} INFO - DAG(s) dict_keys(['tutorial_taskflow_api_virtualenv']) retrieved from /home/airflow/.local/lib/python3.7/site-packages/airflow/example_dags/tutorial_taskflow_api_virtualenv.py
[2022-09-24T19:53:43.503+0000] {logging_mixin.py:117} INFO - [2022-09-24T19:53:43.502+0000] {dag.py:2573} INFO - Sync 1 DAGs
[2022-09-24T19:53:43.596+0000] {logging_mixin.py:117} INFO - [2022-09-24T19:53:43.596+0000] {dag.py:3328} INFO - Setting next_dagrun for tutorial_taskflow_api_virtualenv to None, run_after=None
[2022-09-24T19:53:43.667+0000] {processor.py:178} INFO - Processing /home/airflow/.local/lib/python3.7/site-packages/airflow/example_dags/tutorial_taskflow_api_virtualenv.py took 0.701 seconds
[2022-09-24T19:54:14.872+0000] {processor.py:156} INFO - Started process (PID=1527) to work on /home/airflow/.local/lib/python3.7/site-packages/airflow/example_dags/tutorial_taskflow_api_virtualenv.py
[2022-09-24T19:54:14.883+0000] {processor.py:758} INFO - Processing file /home/airflow/.local/lib/python3.7/site-packages/airflow/example_dags/tutorial_taskflow_api_virtualenv.py for tasks to queue
[2022-09-24T19:54:14.889+0000] {logging_mixin.py:117} INFO - [2022-09-24T19:54:14.888+0000] {dagbag.py:525} INFO - Filling up the DagBag from /home/airflow/.local/lib/python3.7/site-packages/airflow/example_dags/tutorial_taskflow_api_virtualenv.py
[2022-09-24T19:54:15.305+0000] {processor.py:768} INFO - DAG(s) dict_keys(['tutorial_taskflow_api_virtualenv']) retrieved from /home/airflow/.local/lib/python3.7/site-packages/airflow/example_dags/tutorial_taskflow_api_virtualenv.py
[2022-09-24T19:54:15.377+0000] {logging_mixin.py:117} INFO - [2022-09-24T19:54:15.376+0000] {dag.py:2573} INFO - Sync 1 DAGs
[2022-09-24T19:54:15.422+0000] {logging_mixin.py:117} INFO - [2022-09-24T19:54:15.422+0000] {dag.py:3328} INFO - Setting next_dagrun for tutorial_taskflow_api_virtualenv to None, run_after=None
[2022-09-24T19:54:15.459+0000] {processor.py:178} INFO - Processing /home/airflow/.local/lib/python3.7/site-packages/airflow/example_dags/tutorial_taskflow_api_virtualenv.py took 0.619 seconds
[2022-09-24T19:54:46.309+0000] {processor.py:156} INFO - Started process (PID=1725) to work on /home/airflow/.local/lib/python3.7/site-packages/airflow/example_dags/tutorial_taskflow_api_virtualenv.py
[2022-09-24T19:54:46.314+0000] {processor.py:758} INFO - Processing file /home/airflow/.local/lib/python3.7/site-packages/airflow/example_dags/tutorial_taskflow_api_virtualenv.py for tasks to queue
[2022-09-24T19:54:46.318+0000] {logging_mixin.py:117} INFO - [2022-09-24T19:54:46.317+0000] {dagbag.py:525} INFO - Filling up the DagBag from /home/airflow/.local/lib/python3.7/site-packages/airflow/example_dags/tutorial_taskflow_api_virtualenv.py
[2022-09-24T19:54:46.374+0000] {processor.py:768} INFO - DAG(s) dict_keys(['tutorial_taskflow_api_virtualenv']) retrieved from /home/airflow/.local/lib/python3.7/site-packages/airflow/example_dags/tutorial_taskflow_api_virtualenv.py
[2022-09-24T19:54:46.473+0000] {logging_mixin.py:117} INFO - [2022-09-24T19:54:46.472+0000] {dag.py:2573} INFO - Sync 1 DAGs
[2022-09-24T19:54:46.552+0000] {logging_mixin.py:117} INFO - [2022-09-24T19:54:46.552+0000] {dag.py:3328} INFO - Setting next_dagrun for tutorial_taskflow_api_virtualenv to None, run_after=None
[2022-09-24T19:54:46.626+0000] {processor.py:178} INFO - Processing /home/airflow/.local/lib/python3.7/site-packages/airflow/example_dags/tutorial_taskflow_api_virtualenv.py took 0.326 seconds
[2022-09-24T19:55:17.317+0000] {processor.py:156} INFO - Started process (PID=1922) to work on /home/airflow/.local/lib/python3.7/site-packages/airflow/example_dags/tutorial_taskflow_api_virtualenv.py
[2022-09-24T19:55:17.320+0000] {processor.py:758} INFO - Processing file /home/airflow/.local/lib/python3.7/site-packages/airflow/example_dags/tutorial_taskflow_api_virtualenv.py for tasks to queue
[2022-09-24T19:55:17.325+0000] {logging_mixin.py:117} INFO - [2022-09-24T19:55:17.325+0000] {dagbag.py:525} INFO - Filling up the DagBag from /home/airflow/.local/lib/python3.7/site-packages/airflow/example_dags/tutorial_taskflow_api_virtualenv.py
[2022-09-24T19:55:17.524+0000] {processor.py:768} INFO - DAG(s) dict_keys(['tutorial_taskflow_api_virtualenv']) retrieved from /home/airflow/.local/lib/python3.7/site-packages/airflow/example_dags/tutorial_taskflow_api_virtualenv.py
[2022-09-24T19:55:17.787+0000] {logging_mixin.py:117} INFO - [2022-09-24T19:55:17.786+0000] {dag.py:2573} INFO - Sync 1 DAGs
[2022-09-24T19:55:17.860+0000] {logging_mixin.py:117} INFO - [2022-09-24T19:55:17.860+0000] {dag.py:3328} INFO - Setting next_dagrun for tutorial_taskflow_api_virtualenv to None, run_after=None
[2022-09-24T19:55:17.943+0000] {processor.py:178} INFO - Processing /home/airflow/.local/lib/python3.7/site-packages/airflow/example_dags/tutorial_taskflow_api_virtualenv.py took 0.639 seconds
[2022-09-24T19:55:48.326+0000] {processor.py:156} INFO - Started process (PID=2120) to work on /home/airflow/.local/lib/python3.7/site-packages/airflow/example_dags/tutorial_taskflow_api_virtualenv.py
[2022-09-24T19:55:48.331+0000] {processor.py:758} INFO - Processing file /home/airflow/.local/lib/python3.7/site-packages/airflow/example_dags/tutorial_taskflow_api_virtualenv.py for tasks to queue
[2022-09-24T19:55:48.335+0000] {logging_mixin.py:117} INFO - [2022-09-24T19:55:48.335+0000] {dagbag.py:525} INFO - Filling up the DagBag from /home/airflow/.local/lib/python3.7/site-packages/airflow/example_dags/tutorial_taskflow_api_virtualenv.py
[2022-09-24T19:55:48.396+0000] {processor.py:768} INFO - DAG(s) dict_keys(['tutorial_taskflow_api_virtualenv']) retrieved from /home/airflow/.local/lib/python3.7/site-packages/airflow/example_dags/tutorial_taskflow_api_virtualenv.py
[2022-09-24T19:55:48.510+0000] {logging_mixin.py:117} INFO - [2022-09-24T19:55:48.510+0000] {dag.py:2573} INFO - Sync 1 DAGs
[2022-09-24T19:55:48.659+0000] {logging_mixin.py:117} INFO - [2022-09-24T19:55:48.658+0000] {dag.py:3328} INFO - Setting next_dagrun for tutorial_taskflow_api_virtualenv to None, run_after=None
[2022-09-24T19:55:48.732+0000] {processor.py:178} INFO - Processing /home/airflow/.local/lib/python3.7/site-packages/airflow/example_dags/tutorial_taskflow_api_virtualenv.py took 0.416 seconds
[2022-09-24T19:56:19.069+0000] {processor.py:156} INFO - Started process (PID=2318) to work on /home/airflow/.local/lib/python3.7/site-packages/airflow/example_dags/tutorial_taskflow_api_virtualenv.py
[2022-09-24T19:56:19.074+0000] {processor.py:758} INFO - Processing file /home/airflow/.local/lib/python3.7/site-packages/airflow/example_dags/tutorial_taskflow_api_virtualenv.py for tasks to queue
[2022-09-24T19:56:19.077+0000] {logging_mixin.py:117} INFO - [2022-09-24T19:56:19.076+0000] {dagbag.py:525} INFO - Filling up the DagBag from /home/airflow/.local/lib/python3.7/site-packages/airflow/example_dags/tutorial_taskflow_api_virtualenv.py
[2022-09-24T19:56:19.151+0000] {processor.py:768} INFO - DAG(s) dict_keys(['tutorial_taskflow_api_virtualenv']) retrieved from /home/airflow/.local/lib/python3.7/site-packages/airflow/example_dags/tutorial_taskflow_api_virtualenv.py
[2022-09-24T19:56:19.277+0000] {logging_mixin.py:117} INFO - [2022-09-24T19:56:19.277+0000] {dag.py:2573} INFO - Sync 1 DAGs
[2022-09-24T19:56:19.361+0000] {logging_mixin.py:117} INFO - [2022-09-24T19:56:19.361+0000] {dag.py:3328} INFO - Setting next_dagrun for tutorial_taskflow_api_virtualenv to None, run_after=None
[2022-09-24T19:56:19.426+0000] {processor.py:178} INFO - Processing /home/airflow/.local/lib/python3.7/site-packages/airflow/example_dags/tutorial_taskflow_api_virtualenv.py took 0.367 seconds
[2022-09-24T19:56:50.173+0000] {processor.py:156} INFO - Started process (PID=2521) to work on /home/airflow/.local/lib/python3.7/site-packages/airflow/example_dags/tutorial_taskflow_api_virtualenv.py
[2022-09-24T19:56:50.183+0000] {processor.py:758} INFO - Processing file /home/airflow/.local/lib/python3.7/site-packages/airflow/example_dags/tutorial_taskflow_api_virtualenv.py for tasks to queue
[2022-09-24T19:56:50.186+0000] {logging_mixin.py:117} INFO - [2022-09-24T19:56:50.185+0000] {dagbag.py:525} INFO - Filling up the DagBag from /home/airflow/.local/lib/python3.7/site-packages/airflow/example_dags/tutorial_taskflow_api_virtualenv.py
[2022-09-24T19:56:50.271+0000] {processor.py:768} INFO - DAG(s) dict_keys(['tutorial_taskflow_api_virtualenv']) retrieved from /home/airflow/.local/lib/python3.7/site-packages/airflow/example_dags/tutorial_taskflow_api_virtualenv.py
[2022-09-24T19:56:50.443+0000] {logging_mixin.py:117} INFO - [2022-09-24T19:56:50.443+0000] {dag.py:2573} INFO - Sync 1 DAGs
[2022-09-24T19:56:50.537+0000] {logging_mixin.py:117} INFO - [2022-09-24T19:56:50.537+0000] {dag.py:3328} INFO - Setting next_dagrun for tutorial_taskflow_api_virtualenv to None, run_after=None
[2022-09-24T19:56:50.592+0000] {processor.py:178} INFO - Processing /home/airflow/.local/lib/python3.7/site-packages/airflow/example_dags/tutorial_taskflow_api_virtualenv.py took 0.433 seconds
[2022-09-24T19:57:31.890+0000] {processor.py:156} INFO - Started process (PID=2734) to work on /home/airflow/.local/lib/python3.7/site-packages/airflow/example_dags/tutorial_taskflow_api_virtualenv.py
[2022-09-24T19:57:31.894+0000] {processor.py:758} INFO - Processing file /home/airflow/.local/lib/python3.7/site-packages/airflow/example_dags/tutorial_taskflow_api_virtualenv.py for tasks to queue
[2022-09-24T19:57:31.899+0000] {logging_mixin.py:117} INFO - [2022-09-24T19:57:31.898+0000] {dagbag.py:525} INFO - Filling up the DagBag from /home/airflow/.local/lib/python3.7/site-packages/airflow/example_dags/tutorial_taskflow_api_virtualenv.py
[2022-09-24T19:57:31.983+0000] {processor.py:768} INFO - DAG(s) dict_keys(['tutorial_taskflow_api_virtualenv']) retrieved from /home/airflow/.local/lib/python3.7/site-packages/airflow/example_dags/tutorial_taskflow_api_virtualenv.py
[2022-09-24T19:57:32.150+0000] {logging_mixin.py:117} INFO - [2022-09-24T19:57:32.149+0000] {dag.py:2573} INFO - Sync 1 DAGs
[2022-09-24T19:57:32.261+0000] {logging_mixin.py:117} INFO - [2022-09-24T19:57:32.260+0000] {dag.py:3328} INFO - Setting next_dagrun for tutorial_taskflow_api_virtualenv to None, run_after=None
[2022-09-24T19:57:32.363+0000] {processor.py:178} INFO - Processing /home/airflow/.local/lib/python3.7/site-packages/airflow/example_dags/tutorial_taskflow_api_virtualenv.py took 0.483 seconds
[2022-09-24T19:58:02.831+0000] {processor.py:156} INFO - Started process (PID=2938) to work on /home/airflow/.local/lib/python3.7/site-packages/airflow/example_dags/tutorial_taskflow_api_virtualenv.py
[2022-09-24T19:58:02.839+0000] {processor.py:758} INFO - Processing file /home/airflow/.local/lib/python3.7/site-packages/airflow/example_dags/tutorial_taskflow_api_virtualenv.py for tasks to queue
[2022-09-24T19:58:02.854+0000] {logging_mixin.py:117} INFO - [2022-09-24T19:58:02.852+0000] {dagbag.py:525} INFO - Filling up the DagBag from /home/airflow/.local/lib/python3.7/site-packages/airflow/example_dags/tutorial_taskflow_api_virtualenv.py
[2022-09-24T19:58:02.991+0000] {processor.py:768} INFO - DAG(s) dict_keys(['tutorial_taskflow_api_virtualenv']) retrieved from /home/airflow/.local/lib/python3.7/site-packages/airflow/example_dags/tutorial_taskflow_api_virtualenv.py
[2022-09-24T19:58:03.123+0000] {logging_mixin.py:117} INFO - [2022-09-24T19:58:03.123+0000] {dag.py:2573} INFO - Sync 1 DAGs
[2022-09-24T19:58:03.290+0000] {logging_mixin.py:117} INFO - [2022-09-24T19:58:03.290+0000] {dag.py:3328} INFO - Setting next_dagrun for tutorial_taskflow_api_virtualenv to None, run_after=None
[2022-09-24T19:58:03.382+0000] {processor.py:178} INFO - Processing /home/airflow/.local/lib/python3.7/site-packages/airflow/example_dags/tutorial_taskflow_api_virtualenv.py took 0.586 seconds
[2022-09-24T19:58:35.525+0000] {processor.py:156} INFO - Started process (PID=3131) to work on /home/airflow/.local/lib/python3.7/site-packages/airflow/example_dags/tutorial_taskflow_api_virtualenv.py
[2022-09-24T19:58:35.532+0000] {processor.py:758} INFO - Processing file /home/airflow/.local/lib/python3.7/site-packages/airflow/example_dags/tutorial_taskflow_api_virtualenv.py for tasks to queue
[2022-09-24T19:58:35.539+0000] {logging_mixin.py:117} INFO - [2022-09-24T19:58:35.538+0000] {dagbag.py:525} INFO - Filling up the DagBag from /home/airflow/.local/lib/python3.7/site-packages/airflow/example_dags/tutorial_taskflow_api_virtualenv.py
[2022-09-24T19:58:35.846+0000] {processor.py:768} INFO - DAG(s) dict_keys(['tutorial_taskflow_api_virtualenv']) retrieved from /home/airflow/.local/lib/python3.7/site-packages/airflow/example_dags/tutorial_taskflow_api_virtualenv.py
[2022-09-24T19:58:36.263+0000] {logging_mixin.py:117} INFO - [2022-09-24T19:58:36.262+0000] {dag.py:2573} INFO - Sync 1 DAGs
[2022-09-24T19:58:36.399+0000] {logging_mixin.py:117} INFO - [2022-09-24T19:58:36.398+0000] {dag.py:3328} INFO - Setting next_dagrun for tutorial_taskflow_api_virtualenv to None, run_after=None
[2022-09-24T19:58:36.482+0000] {processor.py:178} INFO - Processing /home/airflow/.local/lib/python3.7/site-packages/airflow/example_dags/tutorial_taskflow_api_virtualenv.py took 0.977 seconds
[2022-09-24T19:59:09.312+0000] {processor.py:156} INFO - Started process (PID=3338) to work on /home/airflow/.local/lib/python3.7/site-packages/airflow/example_dags/tutorial_taskflow_api_virtualenv.py
[2022-09-24T19:59:09.318+0000] {processor.py:758} INFO - Processing file /home/airflow/.local/lib/python3.7/site-packages/airflow/example_dags/tutorial_taskflow_api_virtualenv.py for tasks to queue
[2022-09-24T19:59:09.324+0000] {logging_mixin.py:117} INFO - [2022-09-24T19:59:09.323+0000] {dagbag.py:525} INFO - Filling up the DagBag from /home/airflow/.local/lib/python3.7/site-packages/airflow/example_dags/tutorial_taskflow_api_virtualenv.py
[2022-09-24T19:59:09.437+0000] {processor.py:768} INFO - DAG(s) dict_keys(['tutorial_taskflow_api_virtualenv']) retrieved from /home/airflow/.local/lib/python3.7/site-packages/airflow/example_dags/tutorial_taskflow_api_virtualenv.py
[2022-09-24T19:59:09.631+0000] {logging_mixin.py:117} INFO - [2022-09-24T19:59:09.631+0000] {dag.py:2573} INFO - Sync 1 DAGs
[2022-09-24T19:59:09.766+0000] {logging_mixin.py:117} INFO - [2022-09-24T19:59:09.766+0000] {dag.py:3328} INFO - Setting next_dagrun for tutorial_taskflow_api_virtualenv to None, run_after=None
[2022-09-24T19:59:09.827+0000] {processor.py:178} INFO - Processing /home/airflow/.local/lib/python3.7/site-packages/airflow/example_dags/tutorial_taskflow_api_virtualenv.py took 0.541 seconds
[2022-09-24T19:59:41.204+0000] {processor.py:156} INFO - Started process (PID=3537) to work on /home/airflow/.local/lib/python3.7/site-packages/airflow/example_dags/tutorial_taskflow_api_virtualenv.py
[2022-09-24T19:59:41.211+0000] {processor.py:758} INFO - Processing file /home/airflow/.local/lib/python3.7/site-packages/airflow/example_dags/tutorial_taskflow_api_virtualenv.py for tasks to queue
[2022-09-24T19:59:41.215+0000] {logging_mixin.py:117} INFO - [2022-09-24T19:59:41.214+0000] {dagbag.py:525} INFO - Filling up the DagBag from /home/airflow/.local/lib/python3.7/site-packages/airflow/example_dags/tutorial_taskflow_api_virtualenv.py
[2022-09-24T19:59:41.405+0000] {processor.py:768} INFO - DAG(s) dict_keys(['tutorial_taskflow_api_virtualenv']) retrieved from /home/airflow/.local/lib/python3.7/site-packages/airflow/example_dags/tutorial_taskflow_api_virtualenv.py
[2022-09-24T19:59:41.593+0000] {logging_mixin.py:117} INFO - [2022-09-24T19:59:41.591+0000] {dag.py:2573} INFO - Sync 1 DAGs
[2022-09-24T19:59:41.701+0000] {logging_mixin.py:117} INFO - [2022-09-24T19:59:41.701+0000] {dag.py:3328} INFO - Setting next_dagrun for tutorial_taskflow_api_virtualenv to None, run_after=None
[2022-09-24T19:59:41.780+0000] {processor.py:178} INFO - Processing /home/airflow/.local/lib/python3.7/site-packages/airflow/example_dags/tutorial_taskflow_api_virtualenv.py took 0.593 seconds
[2022-09-24T20:00:12.522+0000] {processor.py:156} INFO - Started process (PID=3736) to work on /home/airflow/.local/lib/python3.7/site-packages/airflow/example_dags/tutorial_taskflow_api_virtualenv.py
[2022-09-24T20:00:12.525+0000] {processor.py:758} INFO - Processing file /home/airflow/.local/lib/python3.7/site-packages/airflow/example_dags/tutorial_taskflow_api_virtualenv.py for tasks to queue
[2022-09-24T20:00:12.529+0000] {logging_mixin.py:117} INFO - [2022-09-24T20:00:12.528+0000] {dagbag.py:525} INFO - Filling up the DagBag from /home/airflow/.local/lib/python3.7/site-packages/airflow/example_dags/tutorial_taskflow_api_virtualenv.py
[2022-09-24T20:00:12.597+0000] {processor.py:768} INFO - DAG(s) dict_keys(['tutorial_taskflow_api_virtualenv']) retrieved from /home/airflow/.local/lib/python3.7/site-packages/airflow/example_dags/tutorial_taskflow_api_virtualenv.py
[2022-09-24T20:00:12.699+0000] {logging_mixin.py:117} INFO - [2022-09-24T20:00:12.699+0000] {dag.py:2573} INFO - Sync 1 DAGs
[2022-09-24T20:00:12.760+0000] {logging_mixin.py:117} INFO - [2022-09-24T20:00:12.760+0000] {dag.py:3328} INFO - Setting next_dagrun for tutorial_taskflow_api_virtualenv to None, run_after=None
[2022-09-24T20:00:12.818+0000] {processor.py:178} INFO - Processing /home/airflow/.local/lib/python3.7/site-packages/airflow/example_dags/tutorial_taskflow_api_virtualenv.py took 0.305 seconds
[2022-09-24T20:00:43.539+0000] {processor.py:156} INFO - Started process (PID=3933) to work on /home/airflow/.local/lib/python3.7/site-packages/airflow/example_dags/tutorial_taskflow_api_virtualenv.py
[2022-09-24T20:00:43.544+0000] {processor.py:758} INFO - Processing file /home/airflow/.local/lib/python3.7/site-packages/airflow/example_dags/tutorial_taskflow_api_virtualenv.py for tasks to queue
[2022-09-24T20:00:43.559+0000] {logging_mixin.py:117} INFO - [2022-09-24T20:00:43.558+0000] {dagbag.py:525} INFO - Filling up the DagBag from /home/airflow/.local/lib/python3.7/site-packages/airflow/example_dags/tutorial_taskflow_api_virtualenv.py
[2022-09-24T20:00:43.726+0000] {processor.py:768} INFO - DAG(s) dict_keys(['tutorial_taskflow_api_virtualenv']) retrieved from /home/airflow/.local/lib/python3.7/site-packages/airflow/example_dags/tutorial_taskflow_api_virtualenv.py
[2022-09-24T20:00:43.964+0000] {logging_mixin.py:117} INFO - [2022-09-24T20:00:43.964+0000] {dag.py:2573} INFO - Sync 1 DAGs
[2022-09-24T20:00:44.038+0000] {logging_mixin.py:117} INFO - [2022-09-24T20:00:44.038+0000] {dag.py:3328} INFO - Setting next_dagrun for tutorial_taskflow_api_virtualenv to None, run_after=None
[2022-09-24T20:00:44.100+0000] {processor.py:178} INFO - Processing /home/airflow/.local/lib/python3.7/site-packages/airflow/example_dags/tutorial_taskflow_api_virtualenv.py took 0.573 seconds
[2022-09-24T20:01:14.803+0000] {processor.py:156} INFO - Started process (PID=4131) to work on /home/airflow/.local/lib/python3.7/site-packages/airflow/example_dags/tutorial_taskflow_api_virtualenv.py
[2022-09-24T20:01:14.807+0000] {processor.py:758} INFO - Processing file /home/airflow/.local/lib/python3.7/site-packages/airflow/example_dags/tutorial_taskflow_api_virtualenv.py for tasks to queue
[2022-09-24T20:01:14.811+0000] {logging_mixin.py:117} INFO - [2022-09-24T20:01:14.810+0000] {dagbag.py:525} INFO - Filling up the DagBag from /home/airflow/.local/lib/python3.7/site-packages/airflow/example_dags/tutorial_taskflow_api_virtualenv.py
[2022-09-24T20:01:14.866+0000] {processor.py:768} INFO - DAG(s) dict_keys(['tutorial_taskflow_api_virtualenv']) retrieved from /home/airflow/.local/lib/python3.7/site-packages/airflow/example_dags/tutorial_taskflow_api_virtualenv.py
[2022-09-24T20:01:14.946+0000] {logging_mixin.py:117} INFO - [2022-09-24T20:01:14.946+0000] {dag.py:2573} INFO - Sync 1 DAGs
[2022-09-24T20:01:15.008+0000] {logging_mixin.py:117} INFO - [2022-09-24T20:01:15.008+0000] {dag.py:3328} INFO - Setting next_dagrun for tutorial_taskflow_api_virtualenv to None, run_after=None
[2022-09-24T20:01:15.045+0000] {processor.py:178} INFO - Processing /home/airflow/.local/lib/python3.7/site-packages/airflow/example_dags/tutorial_taskflow_api_virtualenv.py took 0.257 seconds
[2022-09-24T20:01:47.531+0000] {processor.py:156} INFO - Started process (PID=4336) to work on /home/airflow/.local/lib/python3.7/site-packages/airflow/example_dags/tutorial_taskflow_api_virtualenv.py
[2022-09-24T20:01:47.535+0000] {processor.py:758} INFO - Processing file /home/airflow/.local/lib/python3.7/site-packages/airflow/example_dags/tutorial_taskflow_api_virtualenv.py for tasks to queue
[2022-09-24T20:01:47.547+0000] {logging_mixin.py:117} INFO - [2022-09-24T20:01:47.547+0000] {dagbag.py:525} INFO - Filling up the DagBag from /home/airflow/.local/lib/python3.7/site-packages/airflow/example_dags/tutorial_taskflow_api_virtualenv.py
[2022-09-24T20:01:47.683+0000] {processor.py:768} INFO - DAG(s) dict_keys(['tutorial_taskflow_api_virtualenv']) retrieved from /home/airflow/.local/lib/python3.7/site-packages/airflow/example_dags/tutorial_taskflow_api_virtualenv.py
[2022-09-24T20:01:47.924+0000] {logging_mixin.py:117} INFO - [2022-09-24T20:01:47.923+0000] {dag.py:2573} INFO - Sync 1 DAGs
[2022-09-24T20:01:48.252+0000] {logging_mixin.py:117} INFO - [2022-09-24T20:01:48.252+0000] {dag.py:3328} INFO - Setting next_dagrun for tutorial_taskflow_api_virtualenv to None, run_after=None
[2022-09-24T20:01:48.437+0000] {processor.py:178} INFO - Processing /home/airflow/.local/lib/python3.7/site-packages/airflow/example_dags/tutorial_taskflow_api_virtualenv.py took 0.922 seconds
[2022-09-24T20:02:18.749+0000] {processor.py:156} INFO - Started process (PID=4536) to work on /home/airflow/.local/lib/python3.7/site-packages/airflow/example_dags/tutorial_taskflow_api_virtualenv.py
[2022-09-24T20:02:18.751+0000] {processor.py:758} INFO - Processing file /home/airflow/.local/lib/python3.7/site-packages/airflow/example_dags/tutorial_taskflow_api_virtualenv.py for tasks to queue
[2022-09-24T20:02:18.754+0000] {logging_mixin.py:117} INFO - [2022-09-24T20:02:18.753+0000] {dagbag.py:525} INFO - Filling up the DagBag from /home/airflow/.local/lib/python3.7/site-packages/airflow/example_dags/tutorial_taskflow_api_virtualenv.py
[2022-09-24T20:02:18.814+0000] {processor.py:768} INFO - DAG(s) dict_keys(['tutorial_taskflow_api_virtualenv']) retrieved from /home/airflow/.local/lib/python3.7/site-packages/airflow/example_dags/tutorial_taskflow_api_virtualenv.py
[2022-09-24T20:02:18.887+0000] {logging_mixin.py:117} INFO - [2022-09-24T20:02:18.887+0000] {dag.py:2573} INFO - Sync 1 DAGs
[2022-09-24T20:02:18.956+0000] {logging_mixin.py:117} INFO - [2022-09-24T20:02:18.956+0000] {dag.py:3328} INFO - Setting next_dagrun for tutorial_taskflow_api_virtualenv to None, run_after=None
[2022-09-24T20:02:18.991+0000] {processor.py:178} INFO - Processing /home/airflow/.local/lib/python3.7/site-packages/airflow/example_dags/tutorial_taskflow_api_virtualenv.py took 0.253 seconds
[2022-09-24T20:02:49.398+0000] {processor.py:156} INFO - Started process (PID=4735) to work on /home/airflow/.local/lib/python3.7/site-packages/airflow/example_dags/tutorial_taskflow_api_virtualenv.py
[2022-09-24T20:02:49.401+0000] {processor.py:758} INFO - Processing file /home/airflow/.local/lib/python3.7/site-packages/airflow/example_dags/tutorial_taskflow_api_virtualenv.py for tasks to queue
[2022-09-24T20:02:49.404+0000] {logging_mixin.py:117} INFO - [2022-09-24T20:02:49.403+0000] {dagbag.py:525} INFO - Filling up the DagBag from /home/airflow/.local/lib/python3.7/site-packages/airflow/example_dags/tutorial_taskflow_api_virtualenv.py
[2022-09-24T20:02:49.448+0000] {processor.py:768} INFO - DAG(s) dict_keys(['tutorial_taskflow_api_virtualenv']) retrieved from /home/airflow/.local/lib/python3.7/site-packages/airflow/example_dags/tutorial_taskflow_api_virtualenv.py
[2022-09-24T20:02:49.543+0000] {logging_mixin.py:117} INFO - [2022-09-24T20:02:49.543+0000] {dag.py:2573} INFO - Sync 1 DAGs
[2022-09-24T20:02:49.589+0000] {logging_mixin.py:117} INFO - [2022-09-24T20:02:49.589+0000] {dag.py:3328} INFO - Setting next_dagrun for tutorial_taskflow_api_virtualenv to None, run_after=None
[2022-09-24T20:02:49.629+0000] {processor.py:178} INFO - Processing /home/airflow/.local/lib/python3.7/site-packages/airflow/example_dags/tutorial_taskflow_api_virtualenv.py took 0.241 seconds
[2022-09-24T20:03:20.701+0000] {processor.py:156} INFO - Started process (PID=4939) to work on /home/airflow/.local/lib/python3.7/site-packages/airflow/example_dags/tutorial_taskflow_api_virtualenv.py
[2022-09-24T20:03:20.705+0000] {processor.py:758} INFO - Processing file /home/airflow/.local/lib/python3.7/site-packages/airflow/example_dags/tutorial_taskflow_api_virtualenv.py for tasks to queue
[2022-09-24T20:03:20.708+0000] {logging_mixin.py:117} INFO - [2022-09-24T20:03:20.708+0000] {dagbag.py:525} INFO - Filling up the DagBag from /home/airflow/.local/lib/python3.7/site-packages/airflow/example_dags/tutorial_taskflow_api_virtualenv.py
[2022-09-24T20:03:20.815+0000] {processor.py:768} INFO - DAG(s) dict_keys(['tutorial_taskflow_api_virtualenv']) retrieved from /home/airflow/.local/lib/python3.7/site-packages/airflow/example_dags/tutorial_taskflow_api_virtualenv.py
[2022-09-24T20:03:20.909+0000] {logging_mixin.py:117} INFO - [2022-09-24T20:03:20.909+0000] {dag.py:2573} INFO - Sync 1 DAGs
[2022-09-24T20:03:21.034+0000] {logging_mixin.py:117} INFO - [2022-09-24T20:03:21.034+0000] {dag.py:3328} INFO - Setting next_dagrun for tutorial_taskflow_api_virtualenv to None, run_after=None
[2022-09-24T20:03:21.124+0000] {processor.py:178} INFO - Processing /home/airflow/.local/lib/python3.7/site-packages/airflow/example_dags/tutorial_taskflow_api_virtualenv.py took 0.434 seconds
[2022-09-24T20:03:51.546+0000] {processor.py:156} INFO - Started process (PID=5132) to work on /home/airflow/.local/lib/python3.7/site-packages/airflow/example_dags/tutorial_taskflow_api_virtualenv.py
[2022-09-24T20:03:51.550+0000] {processor.py:758} INFO - Processing file /home/airflow/.local/lib/python3.7/site-packages/airflow/example_dags/tutorial_taskflow_api_virtualenv.py for tasks to queue
[2022-09-24T20:03:51.554+0000] {logging_mixin.py:117} INFO - [2022-09-24T20:03:51.553+0000] {dagbag.py:525} INFO - Filling up the DagBag from /home/airflow/.local/lib/python3.7/site-packages/airflow/example_dags/tutorial_taskflow_api_virtualenv.py
[2022-09-24T20:03:51.614+0000] {processor.py:768} INFO - DAG(s) dict_keys(['tutorial_taskflow_api_virtualenv']) retrieved from /home/airflow/.local/lib/python3.7/site-packages/airflow/example_dags/tutorial_taskflow_api_virtualenv.py
[2022-09-24T20:03:51.757+0000] {logging_mixin.py:117} INFO - [2022-09-24T20:03:51.753+0000] {dag.py:2573} INFO - Sync 1 DAGs
[2022-09-24T20:03:51.816+0000] {logging_mixin.py:117} INFO - [2022-09-24T20:03:51.816+0000] {dag.py:3328} INFO - Setting next_dagrun for tutorial_taskflow_api_virtualenv to None, run_after=None
[2022-09-24T20:03:51.870+0000] {processor.py:178} INFO - Processing /home/airflow/.local/lib/python3.7/site-packages/airflow/example_dags/tutorial_taskflow_api_virtualenv.py took 0.330 seconds
[2022-09-24T20:04:22.071+0000] {processor.py:156} INFO - Started process (PID=5335) to work on /home/airflow/.local/lib/python3.7/site-packages/airflow/example_dags/tutorial_taskflow_api_virtualenv.py
[2022-09-24T20:04:22.075+0000] {processor.py:758} INFO - Processing file /home/airflow/.local/lib/python3.7/site-packages/airflow/example_dags/tutorial_taskflow_api_virtualenv.py for tasks to queue
[2022-09-24T20:04:22.079+0000] {logging_mixin.py:117} INFO - [2022-09-24T20:04:22.079+0000] {dagbag.py:525} INFO - Filling up the DagBag from /home/airflow/.local/lib/python3.7/site-packages/airflow/example_dags/tutorial_taskflow_api_virtualenv.py
[2022-09-24T20:04:22.136+0000] {processor.py:768} INFO - DAG(s) dict_keys(['tutorial_taskflow_api_virtualenv']) retrieved from /home/airflow/.local/lib/python3.7/site-packages/airflow/example_dags/tutorial_taskflow_api_virtualenv.py
[2022-09-24T20:04:22.321+0000] {logging_mixin.py:117} INFO - [2022-09-24T20:04:22.321+0000] {dag.py:2573} INFO - Sync 1 DAGs
[2022-09-24T20:04:22.415+0000] {logging_mixin.py:117} INFO - [2022-09-24T20:04:22.415+0000] {dag.py:3328} INFO - Setting next_dagrun for tutorial_taskflow_api_virtualenv to None, run_after=None
[2022-09-24T20:04:22.480+0000] {processor.py:178} INFO - Processing /home/airflow/.local/lib/python3.7/site-packages/airflow/example_dags/tutorial_taskflow_api_virtualenv.py took 0.419 seconds
[2022-09-24T20:04:53.854+0000] {processor.py:156} INFO - Started process (PID=5535) to work on /home/airflow/.local/lib/python3.7/site-packages/airflow/example_dags/tutorial_taskflow_api_virtualenv.py
[2022-09-24T20:04:53.882+0000] {processor.py:758} INFO - Processing file /home/airflow/.local/lib/python3.7/site-packages/airflow/example_dags/tutorial_taskflow_api_virtualenv.py for tasks to queue
[2022-09-24T20:04:53.906+0000] {logging_mixin.py:117} INFO - [2022-09-24T20:04:53.906+0000] {dagbag.py:525} INFO - Filling up the DagBag from /home/airflow/.local/lib/python3.7/site-packages/airflow/example_dags/tutorial_taskflow_api_virtualenv.py
[2022-09-24T20:04:54.070+0000] {processor.py:768} INFO - DAG(s) dict_keys(['tutorial_taskflow_api_virtualenv']) retrieved from /home/airflow/.local/lib/python3.7/site-packages/airflow/example_dags/tutorial_taskflow_api_virtualenv.py
[2022-09-24T20:04:54.314+0000] {logging_mixin.py:117} INFO - [2022-09-24T20:04:54.313+0000] {dag.py:2573} INFO - Sync 1 DAGs
[2022-09-24T20:04:54.441+0000] {logging_mixin.py:117} INFO - [2022-09-24T20:04:54.441+0000] {dag.py:3328} INFO - Setting next_dagrun for tutorial_taskflow_api_virtualenv to None, run_after=None
[2022-09-24T20:04:54.526+0000] {processor.py:178} INFO - Processing /home/airflow/.local/lib/python3.7/site-packages/airflow/example_dags/tutorial_taskflow_api_virtualenv.py took 0.704 seconds
[2022-09-24T20:05:25.531+0000] {processor.py:156} INFO - Started process (PID=5734) to work on /home/airflow/.local/lib/python3.7/site-packages/airflow/example_dags/tutorial_taskflow_api_virtualenv.py
[2022-09-24T20:05:25.544+0000] {processor.py:758} INFO - Processing file /home/airflow/.local/lib/python3.7/site-packages/airflow/example_dags/tutorial_taskflow_api_virtualenv.py for tasks to queue
[2022-09-24T20:05:25.548+0000] {logging_mixin.py:117} INFO - [2022-09-24T20:05:25.547+0000] {dagbag.py:525} INFO - Filling up the DagBag from /home/airflow/.local/lib/python3.7/site-packages/airflow/example_dags/tutorial_taskflow_api_virtualenv.py
[2022-09-24T20:05:26.666+0000] {processor.py:768} INFO - DAG(s) dict_keys(['tutorial_taskflow_api_virtualenv']) retrieved from /home/airflow/.local/lib/python3.7/site-packages/airflow/example_dags/tutorial_taskflow_api_virtualenv.py
[2022-09-24T20:05:27.214+0000] {logging_mixin.py:117} INFO - [2022-09-24T20:05:27.214+0000] {dag.py:2573} INFO - Sync 1 DAGs
[2022-09-24T20:05:27.320+0000] {logging_mixin.py:117} INFO - [2022-09-24T20:05:27.320+0000] {dag.py:3328} INFO - Setting next_dagrun for tutorial_taskflow_api_virtualenv to None, run_after=None
[2022-09-24T20:05:27.608+0000] {processor.py:178} INFO - Processing /home/airflow/.local/lib/python3.7/site-packages/airflow/example_dags/tutorial_taskflow_api_virtualenv.py took 2.279 seconds
[2022-09-24T20:05:58.291+0000] {processor.py:156} INFO - Started process (PID=5937) to work on /home/airflow/.local/lib/python3.7/site-packages/airflow/example_dags/tutorial_taskflow_api_virtualenv.py
[2022-09-24T20:05:58.299+0000] {processor.py:758} INFO - Processing file /home/airflow/.local/lib/python3.7/site-packages/airflow/example_dags/tutorial_taskflow_api_virtualenv.py for tasks to queue
[2022-09-24T20:05:58.302+0000] {logging_mixin.py:117} INFO - [2022-09-24T20:05:58.302+0000] {dagbag.py:525} INFO - Filling up the DagBag from /home/airflow/.local/lib/python3.7/site-packages/airflow/example_dags/tutorial_taskflow_api_virtualenv.py
[2022-09-24T20:05:58.386+0000] {processor.py:768} INFO - DAG(s) dict_keys(['tutorial_taskflow_api_virtualenv']) retrieved from /home/airflow/.local/lib/python3.7/site-packages/airflow/example_dags/tutorial_taskflow_api_virtualenv.py
[2022-09-24T20:05:58.540+0000] {logging_mixin.py:117} INFO - [2022-09-24T20:05:58.540+0000] {dag.py:2573} INFO - Sync 1 DAGs
[2022-09-24T20:05:58.751+0000] {logging_mixin.py:117} INFO - [2022-09-24T20:05:58.750+0000] {dag.py:3328} INFO - Setting next_dagrun for tutorial_taskflow_api_virtualenv to None, run_after=None
[2022-09-24T20:05:58.838+0000] {processor.py:178} INFO - Processing /home/airflow/.local/lib/python3.7/site-packages/airflow/example_dags/tutorial_taskflow_api_virtualenv.py took 0.557 seconds
[2022-09-24T20:06:29.219+0000] {processor.py:156} INFO - Started process (PID=6134) to work on /home/airflow/.local/lib/python3.7/site-packages/airflow/example_dags/tutorial_taskflow_api_virtualenv.py
[2022-09-24T20:06:29.224+0000] {processor.py:758} INFO - Processing file /home/airflow/.local/lib/python3.7/site-packages/airflow/example_dags/tutorial_taskflow_api_virtualenv.py for tasks to queue
[2022-09-24T20:06:29.230+0000] {logging_mixin.py:117} INFO - [2022-09-24T20:06:29.226+0000] {dagbag.py:525} INFO - Filling up the DagBag from /home/airflow/.local/lib/python3.7/site-packages/airflow/example_dags/tutorial_taskflow_api_virtualenv.py
[2022-09-24T20:06:29.306+0000] {processor.py:768} INFO - DAG(s) dict_keys(['tutorial_taskflow_api_virtualenv']) retrieved from /home/airflow/.local/lib/python3.7/site-packages/airflow/example_dags/tutorial_taskflow_api_virtualenv.py
[2022-09-24T20:06:29.406+0000] {logging_mixin.py:117} INFO - [2022-09-24T20:06:29.406+0000] {dag.py:2573} INFO - Sync 1 DAGs
[2022-09-24T20:06:29.498+0000] {logging_mixin.py:117} INFO - [2022-09-24T20:06:29.497+0000] {dag.py:3328} INFO - Setting next_dagrun for tutorial_taskflow_api_virtualenv to None, run_after=None
[2022-09-24T20:06:29.565+0000] {processor.py:178} INFO - Processing /home/airflow/.local/lib/python3.7/site-packages/airflow/example_dags/tutorial_taskflow_api_virtualenv.py took 0.355 seconds
[2022-09-24T20:06:59.795+0000] {processor.py:156} INFO - Started process (PID=6332) to work on /home/airflow/.local/lib/python3.7/site-packages/airflow/example_dags/tutorial_taskflow_api_virtualenv.py
[2022-09-24T20:06:59.800+0000] {processor.py:758} INFO - Processing file /home/airflow/.local/lib/python3.7/site-packages/airflow/example_dags/tutorial_taskflow_api_virtualenv.py for tasks to queue
[2022-09-24T20:06:59.805+0000] {logging_mixin.py:117} INFO - [2022-09-24T20:06:59.804+0000] {dagbag.py:525} INFO - Filling up the DagBag from /home/airflow/.local/lib/python3.7/site-packages/airflow/example_dags/tutorial_taskflow_api_virtualenv.py
[2022-09-24T20:06:59.873+0000] {processor.py:768} INFO - DAG(s) dict_keys(['tutorial_taskflow_api_virtualenv']) retrieved from /home/airflow/.local/lib/python3.7/site-packages/airflow/example_dags/tutorial_taskflow_api_virtualenv.py
[2022-09-24T20:07:00.006+0000] {logging_mixin.py:117} INFO - [2022-09-24T20:07:00.006+0000] {dag.py:2573} INFO - Sync 1 DAGs
[2022-09-24T20:07:00.070+0000] {logging_mixin.py:117} INFO - [2022-09-24T20:07:00.070+0000] {dag.py:3328} INFO - Setting next_dagrun for tutorial_taskflow_api_virtualenv to None, run_after=None
[2022-09-24T20:07:00.144+0000] {processor.py:178} INFO - Processing /home/airflow/.local/lib/python3.7/site-packages/airflow/example_dags/tutorial_taskflow_api_virtualenv.py took 0.356 seconds
[2022-09-24T20:07:30.949+0000] {processor.py:156} INFO - Started process (PID=6530) to work on /home/airflow/.local/lib/python3.7/site-packages/airflow/example_dags/tutorial_taskflow_api_virtualenv.py
[2022-09-24T20:07:30.952+0000] {processor.py:758} INFO - Processing file /home/airflow/.local/lib/python3.7/site-packages/airflow/example_dags/tutorial_taskflow_api_virtualenv.py for tasks to queue
[2022-09-24T20:07:30.959+0000] {logging_mixin.py:117} INFO - [2022-09-24T20:07:30.959+0000] {dagbag.py:525} INFO - Filling up the DagBag from /home/airflow/.local/lib/python3.7/site-packages/airflow/example_dags/tutorial_taskflow_api_virtualenv.py
[2022-09-24T20:07:31.045+0000] {processor.py:768} INFO - DAG(s) dict_keys(['tutorial_taskflow_api_virtualenv']) retrieved from /home/airflow/.local/lib/python3.7/site-packages/airflow/example_dags/tutorial_taskflow_api_virtualenv.py
[2022-09-24T20:07:31.243+0000] {logging_mixin.py:117} INFO - [2022-09-24T20:07:31.243+0000] {dag.py:2573} INFO - Sync 1 DAGs
[2022-09-24T20:07:31.401+0000] {logging_mixin.py:117} INFO - [2022-09-24T20:07:31.401+0000] {dag.py:3328} INFO - Setting next_dagrun for tutorial_taskflow_api_virtualenv to None, run_after=None
[2022-09-24T20:07:31.518+0000] {processor.py:178} INFO - Processing /home/airflow/.local/lib/python3.7/site-packages/airflow/example_dags/tutorial_taskflow_api_virtualenv.py took 0.575 seconds
[2022-09-24T20:08:02.357+0000] {processor.py:156} INFO - Started process (PID=6738) to work on /home/airflow/.local/lib/python3.7/site-packages/airflow/example_dags/tutorial_taskflow_api_virtualenv.py
[2022-09-24T20:08:02.361+0000] {processor.py:758} INFO - Processing file /home/airflow/.local/lib/python3.7/site-packages/airflow/example_dags/tutorial_taskflow_api_virtualenv.py for tasks to queue
[2022-09-24T20:08:02.363+0000] {logging_mixin.py:117} INFO - [2022-09-24T20:08:02.363+0000] {dagbag.py:525} INFO - Filling up the DagBag from /home/airflow/.local/lib/python3.7/site-packages/airflow/example_dags/tutorial_taskflow_api_virtualenv.py
[2022-09-24T20:08:02.427+0000] {processor.py:768} INFO - DAG(s) dict_keys(['tutorial_taskflow_api_virtualenv']) retrieved from /home/airflow/.local/lib/python3.7/site-packages/airflow/example_dags/tutorial_taskflow_api_virtualenv.py
[2022-09-24T20:08:02.543+0000] {logging_mixin.py:117} INFO - [2022-09-24T20:08:02.543+0000] {dag.py:2573} INFO - Sync 1 DAGs
[2022-09-24T20:08:02.608+0000] {logging_mixin.py:117} INFO - [2022-09-24T20:08:02.607+0000] {dag.py:3328} INFO - Setting next_dagrun for tutorial_taskflow_api_virtualenv to None, run_after=None
[2022-09-24T20:08:02.672+0000] {processor.py:178} INFO - Processing /home/airflow/.local/lib/python3.7/site-packages/airflow/example_dags/tutorial_taskflow_api_virtualenv.py took 0.321 seconds
[2022-09-24T20:08:33.413+0000] {processor.py:156} INFO - Started process (PID=6937) to work on /home/airflow/.local/lib/python3.7/site-packages/airflow/example_dags/tutorial_taskflow_api_virtualenv.py
[2022-09-24T20:08:33.442+0000] {processor.py:758} INFO - Processing file /home/airflow/.local/lib/python3.7/site-packages/airflow/example_dags/tutorial_taskflow_api_virtualenv.py for tasks to queue
[2022-09-24T20:08:33.445+0000] {logging_mixin.py:117} INFO - [2022-09-24T20:08:33.445+0000] {dagbag.py:525} INFO - Filling up the DagBag from /home/airflow/.local/lib/python3.7/site-packages/airflow/example_dags/tutorial_taskflow_api_virtualenv.py
[2022-09-24T20:08:33.629+0000] {processor.py:768} INFO - DAG(s) dict_keys(['tutorial_taskflow_api_virtualenv']) retrieved from /home/airflow/.local/lib/python3.7/site-packages/airflow/example_dags/tutorial_taskflow_api_virtualenv.py
[2022-09-24T20:08:33.786+0000] {logging_mixin.py:117} INFO - [2022-09-24T20:08:33.786+0000] {dag.py:2573} INFO - Sync 1 DAGs
[2022-09-24T20:08:33.895+0000] {logging_mixin.py:117} INFO - [2022-09-24T20:08:33.894+0000] {dag.py:3328} INFO - Setting next_dagrun for tutorial_taskflow_api_virtualenv to None, run_after=None
[2022-09-24T20:08:34.011+0000] {processor.py:178} INFO - Processing /home/airflow/.local/lib/python3.7/site-packages/airflow/example_dags/tutorial_taskflow_api_virtualenv.py took 0.608 seconds
[2022-09-24T20:09:05.144+0000] {processor.py:156} INFO - Started process (PID=7152) to work on /home/airflow/.local/lib/python3.7/site-packages/airflow/example_dags/tutorial_taskflow_api_virtualenv.py
[2022-09-24T20:09:05.150+0000] {processor.py:758} INFO - Processing file /home/airflow/.local/lib/python3.7/site-packages/airflow/example_dags/tutorial_taskflow_api_virtualenv.py for tasks to queue
[2022-09-24T20:09:05.154+0000] {logging_mixin.py:117} INFO - [2022-09-24T20:09:05.154+0000] {dagbag.py:525} INFO - Filling up the DagBag from /home/airflow/.local/lib/python3.7/site-packages/airflow/example_dags/tutorial_taskflow_api_virtualenv.py
[2022-09-24T20:09:05.291+0000] {processor.py:768} INFO - DAG(s) dict_keys(['tutorial_taskflow_api_virtualenv']) retrieved from /home/airflow/.local/lib/python3.7/site-packages/airflow/example_dags/tutorial_taskflow_api_virtualenv.py
[2022-09-24T20:09:05.560+0000] {logging_mixin.py:117} INFO - [2022-09-24T20:09:05.559+0000] {dag.py:2573} INFO - Sync 1 DAGs
[2022-09-24T20:09:05.705+0000] {logging_mixin.py:117} INFO - [2022-09-24T20:09:05.705+0000] {dag.py:3328} INFO - Setting next_dagrun for tutorial_taskflow_api_virtualenv to None, run_after=None
[2022-09-24T20:09:05.777+0000] {processor.py:178} INFO - Processing /home/airflow/.local/lib/python3.7/site-packages/airflow/example_dags/tutorial_taskflow_api_virtualenv.py took 0.640 seconds
[2022-09-24T20:09:36.838+0000] {processor.py:156} INFO - Started process (PID=7351) to work on /home/airflow/.local/lib/python3.7/site-packages/airflow/example_dags/tutorial_taskflow_api_virtualenv.py
[2022-09-24T20:09:36.844+0000] {processor.py:758} INFO - Processing file /home/airflow/.local/lib/python3.7/site-packages/airflow/example_dags/tutorial_taskflow_api_virtualenv.py for tasks to queue
[2022-09-24T20:09:36.849+0000] {logging_mixin.py:117} INFO - [2022-09-24T20:09:36.848+0000] {dagbag.py:525} INFO - Filling up the DagBag from /home/airflow/.local/lib/python3.7/site-packages/airflow/example_dags/tutorial_taskflow_api_virtualenv.py
[2022-09-24T20:09:36.902+0000] {processor.py:768} INFO - DAG(s) dict_keys(['tutorial_taskflow_api_virtualenv']) retrieved from /home/airflow/.local/lib/python3.7/site-packages/airflow/example_dags/tutorial_taskflow_api_virtualenv.py
[2022-09-24T20:09:36.997+0000] {logging_mixin.py:117} INFO - [2022-09-24T20:09:36.996+0000] {dag.py:2573} INFO - Sync 1 DAGs
[2022-09-24T20:09:37.064+0000] {logging_mixin.py:117} INFO - [2022-09-24T20:09:37.064+0000] {dag.py:3328} INFO - Setting next_dagrun for tutorial_taskflow_api_virtualenv to None, run_after=None
[2022-09-24T20:09:37.116+0000] {processor.py:178} INFO - Processing /home/airflow/.local/lib/python3.7/site-packages/airflow/example_dags/tutorial_taskflow_api_virtualenv.py took 0.295 seconds
[2022-09-24T20:10:07.599+0000] {processor.py:156} INFO - Started process (PID=7558) to work on /home/airflow/.local/lib/python3.7/site-packages/airflow/example_dags/tutorial_taskflow_api_virtualenv.py
[2022-09-24T20:10:07.605+0000] {processor.py:758} INFO - Processing file /home/airflow/.local/lib/python3.7/site-packages/airflow/example_dags/tutorial_taskflow_api_virtualenv.py for tasks to queue
[2022-09-24T20:10:07.609+0000] {logging_mixin.py:117} INFO - [2022-09-24T20:10:07.608+0000] {dagbag.py:525} INFO - Filling up the DagBag from /home/airflow/.local/lib/python3.7/site-packages/airflow/example_dags/tutorial_taskflow_api_virtualenv.py
[2022-09-24T20:10:07.680+0000] {processor.py:768} INFO - DAG(s) dict_keys(['tutorial_taskflow_api_virtualenv']) retrieved from /home/airflow/.local/lib/python3.7/site-packages/airflow/example_dags/tutorial_taskflow_api_virtualenv.py
[2022-09-24T20:10:07.784+0000] {logging_mixin.py:117} INFO - [2022-09-24T20:10:07.784+0000] {dag.py:2573} INFO - Sync 1 DAGs
[2022-09-24T20:10:07.840+0000] {logging_mixin.py:117} INFO - [2022-09-24T20:10:07.840+0000] {dag.py:3328} INFO - Setting next_dagrun for tutorial_taskflow_api_virtualenv to None, run_after=None
[2022-09-24T20:10:07.897+0000] {processor.py:178} INFO - Processing /home/airflow/.local/lib/python3.7/site-packages/airflow/example_dags/tutorial_taskflow_api_virtualenv.py took 0.315 seconds
[2022-09-24T20:10:38.138+0000] {processor.py:156} INFO - Started process (PID=7756) to work on /home/airflow/.local/lib/python3.7/site-packages/airflow/example_dags/tutorial_taskflow_api_virtualenv.py
[2022-09-24T20:10:38.142+0000] {processor.py:758} INFO - Processing file /home/airflow/.local/lib/python3.7/site-packages/airflow/example_dags/tutorial_taskflow_api_virtualenv.py for tasks to queue
[2022-09-24T20:10:38.145+0000] {logging_mixin.py:117} INFO - [2022-09-24T20:10:38.145+0000] {dagbag.py:525} INFO - Filling up the DagBag from /home/airflow/.local/lib/python3.7/site-packages/airflow/example_dags/tutorial_taskflow_api_virtualenv.py
[2022-09-24T20:10:38.195+0000] {processor.py:768} INFO - DAG(s) dict_keys(['tutorial_taskflow_api_virtualenv']) retrieved from /home/airflow/.local/lib/python3.7/site-packages/airflow/example_dags/tutorial_taskflow_api_virtualenv.py
[2022-09-24T20:10:38.281+0000] {logging_mixin.py:117} INFO - [2022-09-24T20:10:38.281+0000] {dag.py:2573} INFO - Sync 1 DAGs
[2022-09-24T20:10:38.346+0000] {logging_mixin.py:117} INFO - [2022-09-24T20:10:38.346+0000] {dag.py:3328} INFO - Setting next_dagrun for tutorial_taskflow_api_virtualenv to None, run_after=None
[2022-09-24T20:10:38.426+0000] {processor.py:178} INFO - Processing /home/airflow/.local/lib/python3.7/site-packages/airflow/example_dags/tutorial_taskflow_api_virtualenv.py took 0.294 seconds
[2022-09-24T20:11:09.426+0000] {processor.py:156} INFO - Started process (PID=7962) to work on /home/airflow/.local/lib/python3.7/site-packages/airflow/example_dags/tutorial_taskflow_api_virtualenv.py
[2022-09-24T20:11:09.431+0000] {processor.py:758} INFO - Processing file /home/airflow/.local/lib/python3.7/site-packages/airflow/example_dags/tutorial_taskflow_api_virtualenv.py for tasks to queue
[2022-09-24T20:11:09.438+0000] {logging_mixin.py:117} INFO - [2022-09-24T20:11:09.437+0000] {dagbag.py:525} INFO - Filling up the DagBag from /home/airflow/.local/lib/python3.7/site-packages/airflow/example_dags/tutorial_taskflow_api_virtualenv.py
[2022-09-24T20:11:09.491+0000] {processor.py:768} INFO - DAG(s) dict_keys(['tutorial_taskflow_api_virtualenv']) retrieved from /home/airflow/.local/lib/python3.7/site-packages/airflow/example_dags/tutorial_taskflow_api_virtualenv.py
[2022-09-24T20:11:09.639+0000] {logging_mixin.py:117} INFO - [2022-09-24T20:11:09.638+0000] {dag.py:2573} INFO - Sync 1 DAGs
[2022-09-24T20:11:09.799+0000] {logging_mixin.py:117} INFO - [2022-09-24T20:11:09.799+0000] {dag.py:3328} INFO - Setting next_dagrun for tutorial_taskflow_api_virtualenv to None, run_after=None
[2022-09-24T20:11:09.876+0000] {processor.py:178} INFO - Processing /home/airflow/.local/lib/python3.7/site-packages/airflow/example_dags/tutorial_taskflow_api_virtualenv.py took 0.459 seconds
[2022-09-24T20:11:40.173+0000] {processor.py:156} INFO - Started process (PID=8160) to work on /home/airflow/.local/lib/python3.7/site-packages/airflow/example_dags/tutorial_taskflow_api_virtualenv.py
[2022-09-24T20:11:40.179+0000] {processor.py:758} INFO - Processing file /home/airflow/.local/lib/python3.7/site-packages/airflow/example_dags/tutorial_taskflow_api_virtualenv.py for tasks to queue
[2022-09-24T20:11:40.194+0000] {logging_mixin.py:117} INFO - [2022-09-24T20:11:40.191+0000] {dagbag.py:525} INFO - Filling up the DagBag from /home/airflow/.local/lib/python3.7/site-packages/airflow/example_dags/tutorial_taskflow_api_virtualenv.py
[2022-09-24T20:11:40.502+0000] {processor.py:768} INFO - DAG(s) dict_keys(['tutorial_taskflow_api_virtualenv']) retrieved from /home/airflow/.local/lib/python3.7/site-packages/airflow/example_dags/tutorial_taskflow_api_virtualenv.py
[2022-09-24T20:11:40.879+0000] {logging_mixin.py:117} INFO - [2022-09-24T20:11:40.878+0000] {dag.py:2573} INFO - Sync 1 DAGs
[2022-09-24T20:11:41.191+0000] {logging_mixin.py:117} INFO - [2022-09-24T20:11:41.173+0000] {dag.py:3328} INFO - Setting next_dagrun for tutorial_taskflow_api_virtualenv to None, run_after=None
[2022-09-24T20:11:41.341+0000] {processor.py:178} INFO - Processing /home/airflow/.local/lib/python3.7/site-packages/airflow/example_dags/tutorial_taskflow_api_virtualenv.py took 1.215 seconds
[2022-09-24T20:12:12.123+0000] {processor.py:156} INFO - Started process (PID=8358) to work on /home/airflow/.local/lib/python3.7/site-packages/airflow/example_dags/tutorial_taskflow_api_virtualenv.py
[2022-09-24T20:12:12.126+0000] {processor.py:758} INFO - Processing file /home/airflow/.local/lib/python3.7/site-packages/airflow/example_dags/tutorial_taskflow_api_virtualenv.py for tasks to queue
[2022-09-24T20:12:12.128+0000] {logging_mixin.py:117} INFO - [2022-09-24T20:12:12.128+0000] {dagbag.py:525} INFO - Filling up the DagBag from /home/airflow/.local/lib/python3.7/site-packages/airflow/example_dags/tutorial_taskflow_api_virtualenv.py
[2022-09-24T20:12:12.206+0000] {processor.py:768} INFO - DAG(s) dict_keys(['tutorial_taskflow_api_virtualenv']) retrieved from /home/airflow/.local/lib/python3.7/site-packages/airflow/example_dags/tutorial_taskflow_api_virtualenv.py
[2022-09-24T20:12:12.331+0000] {logging_mixin.py:117} INFO - [2022-09-24T20:12:12.330+0000] {dag.py:2573} INFO - Sync 1 DAGs
[2022-09-24T20:12:12.425+0000] {logging_mixin.py:117} INFO - [2022-09-24T20:12:12.425+0000] {dag.py:3328} INFO - Setting next_dagrun for tutorial_taskflow_api_virtualenv to None, run_after=None
[2022-09-24T20:12:12.484+0000] {processor.py:178} INFO - Processing /home/airflow/.local/lib/python3.7/site-packages/airflow/example_dags/tutorial_taskflow_api_virtualenv.py took 0.371 seconds
[2022-09-24T20:12:43.878+0000] {processor.py:156} INFO - Started process (PID=8564) to work on /home/airflow/.local/lib/python3.7/site-packages/airflow/example_dags/tutorial_taskflow_api_virtualenv.py
[2022-09-24T20:12:43.882+0000] {processor.py:758} INFO - Processing file /home/airflow/.local/lib/python3.7/site-packages/airflow/example_dags/tutorial_taskflow_api_virtualenv.py for tasks to queue
[2022-09-24T20:12:43.886+0000] {logging_mixin.py:117} INFO - [2022-09-24T20:12:43.885+0000] {dagbag.py:525} INFO - Filling up the DagBag from /home/airflow/.local/lib/python3.7/site-packages/airflow/example_dags/tutorial_taskflow_api_virtualenv.py
[2022-09-24T20:12:43.940+0000] {processor.py:768} INFO - DAG(s) dict_keys(['tutorial_taskflow_api_virtualenv']) retrieved from /home/airflow/.local/lib/python3.7/site-packages/airflow/example_dags/tutorial_taskflow_api_virtualenv.py
[2022-09-24T20:12:44.013+0000] {logging_mixin.py:117} INFO - [2022-09-24T20:12:44.013+0000] {dag.py:2573} INFO - Sync 1 DAGs
[2022-09-24T20:12:44.072+0000] {logging_mixin.py:117} INFO - [2022-09-24T20:12:44.071+0000] {dag.py:3328} INFO - Setting next_dagrun for tutorial_taskflow_api_virtualenv to None, run_after=None
[2022-09-24T20:12:44.145+0000] {processor.py:178} INFO - Processing /home/airflow/.local/lib/python3.7/site-packages/airflow/example_dags/tutorial_taskflow_api_virtualenv.py took 0.271 seconds
[2022-09-24T20:13:14.861+0000] {processor.py:156} INFO - Started process (PID=8762) to work on /home/airflow/.local/lib/python3.7/site-packages/airflow/example_dags/tutorial_taskflow_api_virtualenv.py
[2022-09-24T20:13:14.866+0000] {processor.py:758} INFO - Processing file /home/airflow/.local/lib/python3.7/site-packages/airflow/example_dags/tutorial_taskflow_api_virtualenv.py for tasks to queue
[2022-09-24T20:13:14.869+0000] {logging_mixin.py:117} INFO - [2022-09-24T20:13:14.869+0000] {dagbag.py:525} INFO - Filling up the DagBag from /home/airflow/.local/lib/python3.7/site-packages/airflow/example_dags/tutorial_taskflow_api_virtualenv.py
[2022-09-24T20:13:15.478+0000] {processor.py:768} INFO - DAG(s) dict_keys(['tutorial_taskflow_api_virtualenv']) retrieved from /home/airflow/.local/lib/python3.7/site-packages/airflow/example_dags/tutorial_taskflow_api_virtualenv.py
[2022-09-24T20:13:15.685+0000] {logging_mixin.py:117} INFO - [2022-09-24T20:13:15.684+0000] {dag.py:2573} INFO - Sync 1 DAGs
[2022-09-24T20:13:15.870+0000] {logging_mixin.py:117} INFO - [2022-09-24T20:13:15.867+0000] {dag.py:3328} INFO - Setting next_dagrun for tutorial_taskflow_api_virtualenv to None, run_after=None
[2022-09-24T20:13:15.951+0000] {processor.py:178} INFO - Processing /home/airflow/.local/lib/python3.7/site-packages/airflow/example_dags/tutorial_taskflow_api_virtualenv.py took 1.101 seconds
[2022-09-24T20:13:48.176+0000] {processor.py:156} INFO - Started process (PID=8969) to work on /home/airflow/.local/lib/python3.7/site-packages/airflow/example_dags/tutorial_taskflow_api_virtualenv.py
[2022-09-24T20:13:48.189+0000] {processor.py:758} INFO - Processing file /home/airflow/.local/lib/python3.7/site-packages/airflow/example_dags/tutorial_taskflow_api_virtualenv.py for tasks to queue
[2022-09-24T20:13:48.202+0000] {logging_mixin.py:117} INFO - [2022-09-24T20:13:48.200+0000] {dagbag.py:525} INFO - Filling up the DagBag from /home/airflow/.local/lib/python3.7/site-packages/airflow/example_dags/tutorial_taskflow_api_virtualenv.py
[2022-09-24T20:13:48.335+0000] {processor.py:768} INFO - DAG(s) dict_keys(['tutorial_taskflow_api_virtualenv']) retrieved from /home/airflow/.local/lib/python3.7/site-packages/airflow/example_dags/tutorial_taskflow_api_virtualenv.py
[2022-09-24T20:13:48.486+0000] {logging_mixin.py:117} INFO - [2022-09-24T20:13:48.486+0000] {dag.py:2573} INFO - Sync 1 DAGs
[2022-09-24T20:13:48.573+0000] {logging_mixin.py:117} INFO - [2022-09-24T20:13:48.573+0000] {dag.py:3328} INFO - Setting next_dagrun for tutorial_taskflow_api_virtualenv to None, run_after=None
[2022-09-24T20:13:48.662+0000] {processor.py:178} INFO - Processing /home/airflow/.local/lib/python3.7/site-packages/airflow/example_dags/tutorial_taskflow_api_virtualenv.py took 0.546 seconds
[2022-09-24T20:14:31.295+0000] {processor.py:156} INFO - Started process (PID=9212) to work on /home/airflow/.local/lib/python3.7/site-packages/airflow/example_dags/tutorial_taskflow_api_virtualenv.py
[2022-09-24T20:14:31.301+0000] {processor.py:758} INFO - Processing file /home/airflow/.local/lib/python3.7/site-packages/airflow/example_dags/tutorial_taskflow_api_virtualenv.py for tasks to queue
[2022-09-24T20:14:31.309+0000] {logging_mixin.py:117} INFO - [2022-09-24T20:14:31.309+0000] {dagbag.py:525} INFO - Filling up the DagBag from /home/airflow/.local/lib/python3.7/site-packages/airflow/example_dags/tutorial_taskflow_api_virtualenv.py
[2022-09-24T20:14:31.471+0000] {processor.py:768} INFO - DAG(s) dict_keys(['tutorial_taskflow_api_virtualenv']) retrieved from /home/airflow/.local/lib/python3.7/site-packages/airflow/example_dags/tutorial_taskflow_api_virtualenv.py
[2022-09-24T20:14:31.791+0000] {logging_mixin.py:117} INFO - [2022-09-24T20:14:31.790+0000] {dag.py:2573} INFO - Sync 1 DAGs
[2022-09-24T20:14:31.977+0000] {logging_mixin.py:117} INFO - [2022-09-24T20:14:31.976+0000] {dag.py:3328} INFO - Setting next_dagrun for tutorial_taskflow_api_virtualenv to None, run_after=None
[2022-09-24T20:14:32.127+0000] {processor.py:178} INFO - Processing /home/airflow/.local/lib/python3.7/site-packages/airflow/example_dags/tutorial_taskflow_api_virtualenv.py took 0.839 seconds
[2022-09-24T20:15:02.483+0000] {processor.py:156} INFO - Started process (PID=9408) to work on /home/airflow/.local/lib/python3.7/site-packages/airflow/example_dags/tutorial_taskflow_api_virtualenv.py
[2022-09-24T20:15:02.489+0000] {processor.py:758} INFO - Processing file /home/airflow/.local/lib/python3.7/site-packages/airflow/example_dags/tutorial_taskflow_api_virtualenv.py for tasks to queue
[2022-09-24T20:15:02.499+0000] {logging_mixin.py:117} INFO - [2022-09-24T20:15:02.499+0000] {dagbag.py:525} INFO - Filling up the DagBag from /home/airflow/.local/lib/python3.7/site-packages/airflow/example_dags/tutorial_taskflow_api_virtualenv.py
[2022-09-24T20:15:02.600+0000] {processor.py:768} INFO - DAG(s) dict_keys(['tutorial_taskflow_api_virtualenv']) retrieved from /home/airflow/.local/lib/python3.7/site-packages/airflow/example_dags/tutorial_taskflow_api_virtualenv.py
[2022-09-24T20:15:02.772+0000] {logging_mixin.py:117} INFO - [2022-09-24T20:15:02.772+0000] {dag.py:2573} INFO - Sync 1 DAGs
[2022-09-24T20:15:02.902+0000] {logging_mixin.py:117} INFO - [2022-09-24T20:15:02.901+0000] {dag.py:3328} INFO - Setting next_dagrun for tutorial_taskflow_api_virtualenv to None, run_after=None
[2022-09-24T20:15:03.378+0000] {processor.py:178} INFO - Processing /home/airflow/.local/lib/python3.7/site-packages/airflow/example_dags/tutorial_taskflow_api_virtualenv.py took 0.949 seconds
[2022-09-24T20:15:34.006+0000] {processor.py:156} INFO - Started process (PID=9608) to work on /home/airflow/.local/lib/python3.7/site-packages/airflow/example_dags/tutorial_taskflow_api_virtualenv.py
[2022-09-24T20:15:34.015+0000] {processor.py:758} INFO - Processing file /home/airflow/.local/lib/python3.7/site-packages/airflow/example_dags/tutorial_taskflow_api_virtualenv.py for tasks to queue
[2022-09-24T20:15:34.019+0000] {logging_mixin.py:117} INFO - [2022-09-24T20:15:34.019+0000] {dagbag.py:525} INFO - Filling up the DagBag from /home/airflow/.local/lib/python3.7/site-packages/airflow/example_dags/tutorial_taskflow_api_virtualenv.py
[2022-09-24T20:15:34.308+0000] {processor.py:768} INFO - DAG(s) dict_keys(['tutorial_taskflow_api_virtualenv']) retrieved from /home/airflow/.local/lib/python3.7/site-packages/airflow/example_dags/tutorial_taskflow_api_virtualenv.py
[2022-09-24T20:15:35.104+0000] {logging_mixin.py:117} INFO - [2022-09-24T20:15:35.104+0000] {dag.py:2573} INFO - Sync 1 DAGs
[2022-09-24T20:15:35.402+0000] {logging_mixin.py:117} INFO - [2022-09-24T20:15:35.397+0000] {dag.py:3328} INFO - Setting next_dagrun for tutorial_taskflow_api_virtualenv to None, run_after=None
[2022-09-24T20:15:35.757+0000] {processor.py:178} INFO - Processing /home/airflow/.local/lib/python3.7/site-packages/airflow/example_dags/tutorial_taskflow_api_virtualenv.py took 1.776 seconds
[2022-09-24T20:16:06.716+0000] {processor.py:156} INFO - Started process (PID=9808) to work on /home/airflow/.local/lib/python3.7/site-packages/airflow/example_dags/tutorial_taskflow_api_virtualenv.py
[2022-09-24T20:16:06.722+0000] {processor.py:758} INFO - Processing file /home/airflow/.local/lib/python3.7/site-packages/airflow/example_dags/tutorial_taskflow_api_virtualenv.py for tasks to queue
[2022-09-24T20:16:06.726+0000] {logging_mixin.py:117} INFO - [2022-09-24T20:16:06.725+0000] {dagbag.py:525} INFO - Filling up the DagBag from /home/airflow/.local/lib/python3.7/site-packages/airflow/example_dags/tutorial_taskflow_api_virtualenv.py
[2022-09-24T20:16:06.796+0000] {processor.py:768} INFO - DAG(s) dict_keys(['tutorial_taskflow_api_virtualenv']) retrieved from /home/airflow/.local/lib/python3.7/site-packages/airflow/example_dags/tutorial_taskflow_api_virtualenv.py
[2022-09-24T20:16:06.909+0000] {logging_mixin.py:117} INFO - [2022-09-24T20:16:06.909+0000] {dag.py:2573} INFO - Sync 1 DAGs
[2022-09-24T20:16:06.971+0000] {logging_mixin.py:117} INFO - [2022-09-24T20:16:06.971+0000] {dag.py:3328} INFO - Setting next_dagrun for tutorial_taskflow_api_virtualenv to None, run_after=None
[2022-09-24T20:16:07.033+0000] {processor.py:178} INFO - Processing /home/airflow/.local/lib/python3.7/site-packages/airflow/example_dags/tutorial_taskflow_api_virtualenv.py took 0.326 seconds
[2022-09-24T20:16:37.244+0000] {processor.py:156} INFO - Started process (PID=10016) to work on /home/airflow/.local/lib/python3.7/site-packages/airflow/example_dags/tutorial_taskflow_api_virtualenv.py
[2022-09-24T20:16:37.248+0000] {processor.py:758} INFO - Processing file /home/airflow/.local/lib/python3.7/site-packages/airflow/example_dags/tutorial_taskflow_api_virtualenv.py for tasks to queue
[2022-09-24T20:16:37.251+0000] {logging_mixin.py:117} INFO - [2022-09-24T20:16:37.250+0000] {dagbag.py:525} INFO - Filling up the DagBag from /home/airflow/.local/lib/python3.7/site-packages/airflow/example_dags/tutorial_taskflow_api_virtualenv.py
[2022-09-24T20:16:37.296+0000] {processor.py:768} INFO - DAG(s) dict_keys(['tutorial_taskflow_api_virtualenv']) retrieved from /home/airflow/.local/lib/python3.7/site-packages/airflow/example_dags/tutorial_taskflow_api_virtualenv.py
[2022-09-24T20:16:37.373+0000] {logging_mixin.py:117} INFO - [2022-09-24T20:16:37.373+0000] {dag.py:2573} INFO - Sync 1 DAGs
[2022-09-24T20:16:37.420+0000] {logging_mixin.py:117} INFO - [2022-09-24T20:16:37.420+0000] {dag.py:3328} INFO - Setting next_dagrun for tutorial_taskflow_api_virtualenv to None, run_after=None
[2022-09-24T20:16:37.466+0000] {processor.py:178} INFO - Processing /home/airflow/.local/lib/python3.7/site-packages/airflow/example_dags/tutorial_taskflow_api_virtualenv.py took 0.232 seconds
[2022-09-24T20:17:07.578+0000] {processor.py:156} INFO - Started process (PID=10214) to work on /home/airflow/.local/lib/python3.7/site-packages/airflow/example_dags/tutorial_taskflow_api_virtualenv.py
[2022-09-24T20:17:07.582+0000] {processor.py:758} INFO - Processing file /home/airflow/.local/lib/python3.7/site-packages/airflow/example_dags/tutorial_taskflow_api_virtualenv.py for tasks to queue
[2022-09-24T20:17:07.586+0000] {logging_mixin.py:117} INFO - [2022-09-24T20:17:07.586+0000] {dagbag.py:525} INFO - Filling up the DagBag from /home/airflow/.local/lib/python3.7/site-packages/airflow/example_dags/tutorial_taskflow_api_virtualenv.py
[2022-09-24T20:17:07.639+0000] {processor.py:768} INFO - DAG(s) dict_keys(['tutorial_taskflow_api_virtualenv']) retrieved from /home/airflow/.local/lib/python3.7/site-packages/airflow/example_dags/tutorial_taskflow_api_virtualenv.py
[2022-09-24T20:17:07.726+0000] {logging_mixin.py:117} INFO - [2022-09-24T20:17:07.726+0000] {dag.py:2573} INFO - Sync 1 DAGs
[2022-09-24T20:17:07.781+0000] {logging_mixin.py:117} INFO - [2022-09-24T20:17:07.781+0000] {dag.py:3328} INFO - Setting next_dagrun for tutorial_taskflow_api_virtualenv to None, run_after=None
[2022-09-24T20:17:07.874+0000] {processor.py:178} INFO - Processing /home/airflow/.local/lib/python3.7/site-packages/airflow/example_dags/tutorial_taskflow_api_virtualenv.py took 0.306 seconds
[2022-09-24T20:17:39.010+0000] {processor.py:156} INFO - Started process (PID=10410) to work on /home/airflow/.local/lib/python3.7/site-packages/airflow/example_dags/tutorial_taskflow_api_virtualenv.py
[2022-09-24T20:17:39.014+0000] {processor.py:758} INFO - Processing file /home/airflow/.local/lib/python3.7/site-packages/airflow/example_dags/tutorial_taskflow_api_virtualenv.py for tasks to queue
[2022-09-24T20:17:39.017+0000] {logging_mixin.py:117} INFO - [2022-09-24T20:17:39.017+0000] {dagbag.py:525} INFO - Filling up the DagBag from /home/airflow/.local/lib/python3.7/site-packages/airflow/example_dags/tutorial_taskflow_api_virtualenv.py
[2022-09-24T20:17:39.133+0000] {processor.py:768} INFO - DAG(s) dict_keys(['tutorial_taskflow_api_virtualenv']) retrieved from /home/airflow/.local/lib/python3.7/site-packages/airflow/example_dags/tutorial_taskflow_api_virtualenv.py
[2022-09-24T20:17:39.351+0000] {logging_mixin.py:117} INFO - [2022-09-24T20:17:39.350+0000] {dag.py:2573} INFO - Sync 1 DAGs
[2022-09-24T20:17:39.479+0000] {logging_mixin.py:117} INFO - [2022-09-24T20:17:39.479+0000] {dag.py:3328} INFO - Setting next_dagrun for tutorial_taskflow_api_virtualenv to None, run_after=None
[2022-09-24T20:17:39.566+0000] {processor.py:178} INFO - Processing /home/airflow/.local/lib/python3.7/site-packages/airflow/example_dags/tutorial_taskflow_api_virtualenv.py took 0.573 seconds
[2022-09-24T20:18:12.102+0000] {processor.py:156} INFO - Started process (PID=10608) to work on /home/airflow/.local/lib/python3.7/site-packages/airflow/example_dags/tutorial_taskflow_api_virtualenv.py
[2022-09-24T20:18:12.105+0000] {processor.py:758} INFO - Processing file /home/airflow/.local/lib/python3.7/site-packages/airflow/example_dags/tutorial_taskflow_api_virtualenv.py for tasks to queue
[2022-09-24T20:18:12.108+0000] {logging_mixin.py:117} INFO - [2022-09-24T20:18:12.108+0000] {dagbag.py:525} INFO - Filling up the DagBag from /home/airflow/.local/lib/python3.7/site-packages/airflow/example_dags/tutorial_taskflow_api_virtualenv.py
[2022-09-24T20:18:12.160+0000] {processor.py:768} INFO - DAG(s) dict_keys(['tutorial_taskflow_api_virtualenv']) retrieved from /home/airflow/.local/lib/python3.7/site-packages/airflow/example_dags/tutorial_taskflow_api_virtualenv.py
[2022-09-24T20:18:12.255+0000] {logging_mixin.py:117} INFO - [2022-09-24T20:18:12.255+0000] {dag.py:2573} INFO - Sync 1 DAGs
[2022-09-24T20:18:12.315+0000] {logging_mixin.py:117} INFO - [2022-09-24T20:18:12.315+0000] {dag.py:3328} INFO - Setting next_dagrun for tutorial_taskflow_api_virtualenv to None, run_after=None
[2022-09-24T20:18:12.369+0000] {processor.py:178} INFO - Processing /home/airflow/.local/lib/python3.7/site-packages/airflow/example_dags/tutorial_taskflow_api_virtualenv.py took 0.275 seconds
[2022-09-24T20:18:42.595+0000] {processor.py:156} INFO - Started process (PID=10806) to work on /home/airflow/.local/lib/python3.7/site-packages/airflow/example_dags/tutorial_taskflow_api_virtualenv.py
[2022-09-24T20:18:42.597+0000] {processor.py:758} INFO - Processing file /home/airflow/.local/lib/python3.7/site-packages/airflow/example_dags/tutorial_taskflow_api_virtualenv.py for tasks to queue
[2022-09-24T20:18:42.601+0000] {logging_mixin.py:117} INFO - [2022-09-24T20:18:42.601+0000] {dagbag.py:525} INFO - Filling up the DagBag from /home/airflow/.local/lib/python3.7/site-packages/airflow/example_dags/tutorial_taskflow_api_virtualenv.py
[2022-09-24T20:18:42.661+0000] {processor.py:768} INFO - DAG(s) dict_keys(['tutorial_taskflow_api_virtualenv']) retrieved from /home/airflow/.local/lib/python3.7/site-packages/airflow/example_dags/tutorial_taskflow_api_virtualenv.py
[2022-09-24T20:18:42.759+0000] {logging_mixin.py:117} INFO - [2022-09-24T20:18:42.758+0000] {dag.py:2573} INFO - Sync 1 DAGs
[2022-09-24T20:18:42.813+0000] {logging_mixin.py:117} INFO - [2022-09-24T20:18:42.813+0000] {dag.py:3328} INFO - Setting next_dagrun for tutorial_taskflow_api_virtualenv to None, run_after=None
[2022-09-24T20:18:42.860+0000] {processor.py:178} INFO - Processing /home/airflow/.local/lib/python3.7/site-packages/airflow/example_dags/tutorial_taskflow_api_virtualenv.py took 0.275 seconds
[2022-09-24T20:19:15.956+0000] {processor.py:156} INFO - Started process (PID=11014) to work on /home/airflow/.local/lib/python3.7/site-packages/airflow/example_dags/tutorial_taskflow_api_virtualenv.py
[2022-09-24T20:19:15.965+0000] {processor.py:758} INFO - Processing file /home/airflow/.local/lib/python3.7/site-packages/airflow/example_dags/tutorial_taskflow_api_virtualenv.py for tasks to queue
[2022-09-24T20:19:15.974+0000] {logging_mixin.py:117} INFO - [2022-09-24T20:19:15.974+0000] {dagbag.py:525} INFO - Filling up the DagBag from /home/airflow/.local/lib/python3.7/site-packages/airflow/example_dags/tutorial_taskflow_api_virtualenv.py
[2022-09-24T20:19:16.096+0000] {processor.py:768} INFO - DAG(s) dict_keys(['tutorial_taskflow_api_virtualenv']) retrieved from /home/airflow/.local/lib/python3.7/site-packages/airflow/example_dags/tutorial_taskflow_api_virtualenv.py
[2022-09-24T20:19:16.237+0000] {logging_mixin.py:117} INFO - [2022-09-24T20:19:16.237+0000] {dag.py:2573} INFO - Sync 1 DAGs
[2022-09-24T20:19:16.384+0000] {logging_mixin.py:117} INFO - [2022-09-24T20:19:16.384+0000] {dag.py:3328} INFO - Setting next_dagrun for tutorial_taskflow_api_virtualenv to None, run_after=None
[2022-09-24T20:19:16.509+0000] {processor.py:178} INFO - Processing /home/airflow/.local/lib/python3.7/site-packages/airflow/example_dags/tutorial_taskflow_api_virtualenv.py took 0.567 seconds
[2022-09-24T20:19:48.518+0000] {processor.py:156} INFO - Started process (PID=11223) to work on /home/airflow/.local/lib/python3.7/site-packages/airflow/example_dags/tutorial_taskflow_api_virtualenv.py
[2022-09-24T20:19:48.525+0000] {processor.py:758} INFO - Processing file /home/airflow/.local/lib/python3.7/site-packages/airflow/example_dags/tutorial_taskflow_api_virtualenv.py for tasks to queue
[2022-09-24T20:19:48.547+0000] {logging_mixin.py:117} INFO - [2022-09-24T20:19:48.547+0000] {dagbag.py:525} INFO - Filling up the DagBag from /home/airflow/.local/lib/python3.7/site-packages/airflow/example_dags/tutorial_taskflow_api_virtualenv.py
[2022-09-24T20:19:48.612+0000] {processor.py:768} INFO - DAG(s) dict_keys(['tutorial_taskflow_api_virtualenv']) retrieved from /home/airflow/.local/lib/python3.7/site-packages/airflow/example_dags/tutorial_taskflow_api_virtualenv.py
[2022-09-24T20:19:48.717+0000] {logging_mixin.py:117} INFO - [2022-09-24T20:19:48.717+0000] {dag.py:2573} INFO - Sync 1 DAGs
[2022-09-24T20:19:48.827+0000] {logging_mixin.py:117} INFO - [2022-09-24T20:19:48.826+0000] {dag.py:3328} INFO - Setting next_dagrun for tutorial_taskflow_api_virtualenv to None, run_after=None
[2022-09-24T20:19:48.894+0000] {processor.py:178} INFO - Processing /home/airflow/.local/lib/python3.7/site-packages/airflow/example_dags/tutorial_taskflow_api_virtualenv.py took 0.390 seconds
[2022-09-24T20:20:20.370+0000] {processor.py:156} INFO - Started process (PID=11431) to work on /home/airflow/.local/lib/python3.7/site-packages/airflow/example_dags/tutorial_taskflow_api_virtualenv.py
[2022-09-24T20:20:20.377+0000] {processor.py:758} INFO - Processing file /home/airflow/.local/lib/python3.7/site-packages/airflow/example_dags/tutorial_taskflow_api_virtualenv.py for tasks to queue
[2022-09-24T20:20:20.385+0000] {logging_mixin.py:117} INFO - [2022-09-24T20:20:20.384+0000] {dagbag.py:525} INFO - Filling up the DagBag from /home/airflow/.local/lib/python3.7/site-packages/airflow/example_dags/tutorial_taskflow_api_virtualenv.py
[2022-09-24T20:20:20.487+0000] {processor.py:768} INFO - DAG(s) dict_keys(['tutorial_taskflow_api_virtualenv']) retrieved from /home/airflow/.local/lib/python3.7/site-packages/airflow/example_dags/tutorial_taskflow_api_virtualenv.py
[2022-09-24T20:20:20.639+0000] {logging_mixin.py:117} INFO - [2022-09-24T20:20:20.638+0000] {dag.py:2573} INFO - Sync 1 DAGs
[2022-09-24T20:20:20.725+0000] {logging_mixin.py:117} INFO - [2022-09-24T20:20:20.725+0000] {dag.py:3328} INFO - Setting next_dagrun for tutorial_taskflow_api_virtualenv to None, run_after=None
[2022-09-24T20:20:20.797+0000] {processor.py:178} INFO - Processing /home/airflow/.local/lib/python3.7/site-packages/airflow/example_dags/tutorial_taskflow_api_virtualenv.py took 0.437 seconds
[2022-09-24T20:20:51.510+0000] {processor.py:156} INFO - Started process (PID=11637) to work on /home/airflow/.local/lib/python3.7/site-packages/airflow/example_dags/tutorial_taskflow_api_virtualenv.py
[2022-09-24T20:20:51.514+0000] {processor.py:758} INFO - Processing file /home/airflow/.local/lib/python3.7/site-packages/airflow/example_dags/tutorial_taskflow_api_virtualenv.py for tasks to queue
[2022-09-24T20:20:51.518+0000] {logging_mixin.py:117} INFO - [2022-09-24T20:20:51.518+0000] {dagbag.py:525} INFO - Filling up the DagBag from /home/airflow/.local/lib/python3.7/site-packages/airflow/example_dags/tutorial_taskflow_api_virtualenv.py
[2022-09-24T20:20:51.579+0000] {processor.py:768} INFO - DAG(s) dict_keys(['tutorial_taskflow_api_virtualenv']) retrieved from /home/airflow/.local/lib/python3.7/site-packages/airflow/example_dags/tutorial_taskflow_api_virtualenv.py
[2022-09-24T20:20:51.657+0000] {logging_mixin.py:117} INFO - [2022-09-24T20:20:51.657+0000] {dag.py:2573} INFO - Sync 1 DAGs
[2022-09-24T20:20:51.715+0000] {logging_mixin.py:117} INFO - [2022-09-24T20:20:51.714+0000] {dag.py:3328} INFO - Setting next_dagrun for tutorial_taskflow_api_virtualenv to None, run_after=None
[2022-09-24T20:20:51.760+0000] {processor.py:178} INFO - Processing /home/airflow/.local/lib/python3.7/site-packages/airflow/example_dags/tutorial_taskflow_api_virtualenv.py took 0.264 seconds
[2022-09-24T20:21:22.029+0000] {processor.py:156} INFO - Started process (PID=11835) to work on /home/airflow/.local/lib/python3.7/site-packages/airflow/example_dags/tutorial_taskflow_api_virtualenv.py
[2022-09-24T20:21:22.060+0000] {processor.py:758} INFO - Processing file /home/airflow/.local/lib/python3.7/site-packages/airflow/example_dags/tutorial_taskflow_api_virtualenv.py for tasks to queue
[2022-09-24T20:21:22.064+0000] {logging_mixin.py:117} INFO - [2022-09-24T20:21:22.064+0000] {dagbag.py:525} INFO - Filling up the DagBag from /home/airflow/.local/lib/python3.7/site-packages/airflow/example_dags/tutorial_taskflow_api_virtualenv.py
[2022-09-24T20:21:22.377+0000] {processor.py:768} INFO - DAG(s) dict_keys(['tutorial_taskflow_api_virtualenv']) retrieved from /home/airflow/.local/lib/python3.7/site-packages/airflow/example_dags/tutorial_taskflow_api_virtualenv.py
[2022-09-24T20:21:22.723+0000] {logging_mixin.py:117} INFO - [2022-09-24T20:21:22.723+0000] {dag.py:2573} INFO - Sync 1 DAGs
[2022-09-24T20:21:22.876+0000] {logging_mixin.py:117} INFO - [2022-09-24T20:21:22.875+0000] {dag.py:3328} INFO - Setting next_dagrun for tutorial_taskflow_api_virtualenv to None, run_after=None
[2022-09-24T20:21:22.932+0000] {processor.py:178} INFO - Processing /home/airflow/.local/lib/python3.7/site-packages/airflow/example_dags/tutorial_taskflow_api_virtualenv.py took 0.918 seconds
