[2022-09-24T19:50:52.404+0000] {processor.py:156} INFO - Started process (PID=274) to work on /home/airflow/.local/lib/python3.7/site-packages/airflow/example_dags/tutorial_dag.py
[2022-09-24T19:50:52.412+0000] {processor.py:758} INFO - Processing file /home/airflow/.local/lib/python3.7/site-packages/airflow/example_dags/tutorial_dag.py for tasks to queue
[2022-09-24T19:50:52.421+0000] {logging_mixin.py:117} INFO - [2022-09-24T19:50:52.418+0000] {dagbag.py:525} INFO - Filling up the DagBag from /home/airflow/.local/lib/python3.7/site-packages/airflow/example_dags/tutorial_dag.py
[2022-09-24T19:50:52.650+0000] {processor.py:768} INFO - DAG(s) dict_keys(['tutorial_dag']) retrieved from /home/airflow/.local/lib/python3.7/site-packages/airflow/example_dags/tutorial_dag.py
[2022-09-24T19:50:53.099+0000] {logging_mixin.py:117} INFO - [2022-09-24T19:50:53.099+0000] {dag.py:2573} INFO - Sync 1 DAGs
[2022-09-24T19:50:53.515+0000] {logging_mixin.py:117} INFO - [2022-09-24T19:50:53.515+0000] {dag.py:3328} INFO - Setting next_dagrun for tutorial_dag to None, run_after=None
[2022-09-24T19:50:53.647+0000] {processor.py:178} INFO - Processing /home/airflow/.local/lib/python3.7/site-packages/airflow/example_dags/tutorial_dag.py took 1.263 seconds
[2022-09-24T19:51:24.993+0000] {processor.py:156} INFO - Started process (PID=472) to work on /home/airflow/.local/lib/python3.7/site-packages/airflow/example_dags/tutorial_dag.py
[2022-09-24T19:51:25.008+0000] {processor.py:758} INFO - Processing file /home/airflow/.local/lib/python3.7/site-packages/airflow/example_dags/tutorial_dag.py for tasks to queue
[2022-09-24T19:51:25.013+0000] {logging_mixin.py:117} INFO - [2022-09-24T19:51:25.012+0000] {dagbag.py:525} INFO - Filling up the DagBag from /home/airflow/.local/lib/python3.7/site-packages/airflow/example_dags/tutorial_dag.py
[2022-09-24T19:51:25.065+0000] {processor.py:768} INFO - DAG(s) dict_keys(['tutorial_dag']) retrieved from /home/airflow/.local/lib/python3.7/site-packages/airflow/example_dags/tutorial_dag.py
[2022-09-24T19:51:25.465+0000] {logging_mixin.py:117} INFO - [2022-09-24T19:51:25.462+0000] {dag.py:2573} INFO - Sync 1 DAGs
[2022-09-24T19:51:25.606+0000] {logging_mixin.py:117} INFO - [2022-09-24T19:51:25.606+0000] {dag.py:3328} INFO - Setting next_dagrun for tutorial_dag to None, run_after=None
[2022-09-24T19:51:25.746+0000] {processor.py:178} INFO - Processing /home/airflow/.local/lib/python3.7/site-packages/airflow/example_dags/tutorial_dag.py took 0.768 seconds
[2022-09-24T19:52:01.752+0000] {processor.py:156} INFO - Started process (PID=672) to work on /home/airflow/.local/lib/python3.7/site-packages/airflow/example_dags/tutorial_dag.py
[2022-09-24T19:52:01.764+0000] {processor.py:758} INFO - Processing file /home/airflow/.local/lib/python3.7/site-packages/airflow/example_dags/tutorial_dag.py for tasks to queue
[2022-09-24T19:52:01.778+0000] {logging_mixin.py:117} INFO - [2022-09-24T19:52:01.776+0000] {dagbag.py:525} INFO - Filling up the DagBag from /home/airflow/.local/lib/python3.7/site-packages/airflow/example_dags/tutorial_dag.py
[2022-09-24T19:52:02.074+0000] {processor.py:768} INFO - DAG(s) dict_keys(['tutorial_dag']) retrieved from /home/airflow/.local/lib/python3.7/site-packages/airflow/example_dags/tutorial_dag.py
[2022-09-24T19:52:02.451+0000] {logging_mixin.py:117} INFO - [2022-09-24T19:52:02.451+0000] {dag.py:2573} INFO - Sync 1 DAGs
[2022-09-24T19:52:02.808+0000] {logging_mixin.py:117} INFO - [2022-09-24T19:52:02.808+0000] {dag.py:3328} INFO - Setting next_dagrun for tutorial_dag to None, run_after=None
[2022-09-24T19:52:02.906+0000] {processor.py:178} INFO - Processing /home/airflow/.local/lib/python3.7/site-packages/airflow/example_dags/tutorial_dag.py took 1.200 seconds
[2022-09-24T19:52:33.609+0000] {processor.py:156} INFO - Started process (PID=870) to work on /home/airflow/.local/lib/python3.7/site-packages/airflow/example_dags/tutorial_dag.py
[2022-09-24T19:52:33.618+0000] {processor.py:758} INFO - Processing file /home/airflow/.local/lib/python3.7/site-packages/airflow/example_dags/tutorial_dag.py for tasks to queue
[2022-09-24T19:52:33.634+0000] {logging_mixin.py:117} INFO - [2022-09-24T19:52:33.631+0000] {dagbag.py:525} INFO - Filling up the DagBag from /home/airflow/.local/lib/python3.7/site-packages/airflow/example_dags/tutorial_dag.py
[2022-09-24T19:52:33.671+0000] {processor.py:768} INFO - DAG(s) dict_keys(['tutorial_dag']) retrieved from /home/airflow/.local/lib/python3.7/site-packages/airflow/example_dags/tutorial_dag.py
[2022-09-24T19:52:33.780+0000] {logging_mixin.py:117} INFO - [2022-09-24T19:52:33.780+0000] {dag.py:2573} INFO - Sync 1 DAGs
[2022-09-24T19:52:34.162+0000] {logging_mixin.py:117} INFO - [2022-09-24T19:52:34.161+0000] {dag.py:3328} INFO - Setting next_dagrun for tutorial_dag to None, run_after=None
[2022-09-24T19:52:34.204+0000] {processor.py:178} INFO - Processing /home/airflow/.local/lib/python3.7/site-packages/airflow/example_dags/tutorial_dag.py took 0.607 seconds
[2022-09-24T19:53:04.602+0000] {processor.py:156} INFO - Started process (PID=1067) to work on /home/airflow/.local/lib/python3.7/site-packages/airflow/example_dags/tutorial_dag.py
[2022-09-24T19:53:04.606+0000] {processor.py:758} INFO - Processing file /home/airflow/.local/lib/python3.7/site-packages/airflow/example_dags/tutorial_dag.py for tasks to queue
[2022-09-24T19:53:04.616+0000] {logging_mixin.py:117} INFO - [2022-09-24T19:53:04.616+0000] {dagbag.py:525} INFO - Filling up the DagBag from /home/airflow/.local/lib/python3.7/site-packages/airflow/example_dags/tutorial_dag.py
[2022-09-24T19:53:04.676+0000] {processor.py:768} INFO - DAG(s) dict_keys(['tutorial_dag']) retrieved from /home/airflow/.local/lib/python3.7/site-packages/airflow/example_dags/tutorial_dag.py
[2022-09-24T19:53:05.444+0000] {logging_mixin.py:117} INFO - [2022-09-24T19:53:05.444+0000] {dag.py:2573} INFO - Sync 1 DAGs
[2022-09-24T19:53:05.509+0000] {logging_mixin.py:117} INFO - [2022-09-24T19:53:05.509+0000] {dag.py:3328} INFO - Setting next_dagrun for tutorial_dag to None, run_after=None
[2022-09-24T19:53:05.567+0000] {processor.py:178} INFO - Processing /home/airflow/.local/lib/python3.7/site-packages/airflow/example_dags/tutorial_dag.py took 0.970 seconds
[2022-09-24T19:53:36.779+0000] {processor.py:156} INFO - Started process (PID=1265) to work on /home/airflow/.local/lib/python3.7/site-packages/airflow/example_dags/tutorial_dag.py
[2022-09-24T19:53:36.794+0000] {processor.py:758} INFO - Processing file /home/airflow/.local/lib/python3.7/site-packages/airflow/example_dags/tutorial_dag.py for tasks to queue
[2022-09-24T19:53:36.803+0000] {logging_mixin.py:117} INFO - [2022-09-24T19:53:36.803+0000] {dagbag.py:525} INFO - Filling up the DagBag from /home/airflow/.local/lib/python3.7/site-packages/airflow/example_dags/tutorial_dag.py
[2022-09-24T19:53:36.920+0000] {processor.py:768} INFO - DAG(s) dict_keys(['tutorial_dag']) retrieved from /home/airflow/.local/lib/python3.7/site-packages/airflow/example_dags/tutorial_dag.py
[2022-09-24T19:53:37.900+0000] {logging_mixin.py:117} INFO - [2022-09-24T19:53:37.900+0000] {dag.py:2573} INFO - Sync 1 DAGs
[2022-09-24T19:53:37.998+0000] {logging_mixin.py:117} INFO - [2022-09-24T19:53:37.997+0000] {dag.py:3328} INFO - Setting next_dagrun for tutorial_dag to None, run_after=None
[2022-09-24T19:53:38.155+0000] {processor.py:178} INFO - Processing /home/airflow/.local/lib/python3.7/site-packages/airflow/example_dags/tutorial_dag.py took 1.471 seconds
[2022-09-24T19:54:08.874+0000] {processor.py:156} INFO - Started process (PID=1463) to work on /home/airflow/.local/lib/python3.7/site-packages/airflow/example_dags/tutorial_dag.py
[2022-09-24T19:54:08.881+0000] {processor.py:758} INFO - Processing file /home/airflow/.local/lib/python3.7/site-packages/airflow/example_dags/tutorial_dag.py for tasks to queue
[2022-09-24T19:54:08.885+0000] {logging_mixin.py:117} INFO - [2022-09-24T19:54:08.885+0000] {dagbag.py:525} INFO - Filling up the DagBag from /home/airflow/.local/lib/python3.7/site-packages/airflow/example_dags/tutorial_dag.py
[2022-09-24T19:54:09.318+0000] {processor.py:768} INFO - DAG(s) dict_keys(['tutorial_dag']) retrieved from /home/airflow/.local/lib/python3.7/site-packages/airflow/example_dags/tutorial_dag.py
[2022-09-24T19:54:09.432+0000] {logging_mixin.py:117} INFO - [2022-09-24T19:54:09.432+0000] {dag.py:2573} INFO - Sync 1 DAGs
[2022-09-24T19:54:09.541+0000] {logging_mixin.py:117} INFO - [2022-09-24T19:54:09.541+0000] {dag.py:3328} INFO - Setting next_dagrun for tutorial_dag to None, run_after=None
[2022-09-24T19:54:09.687+0000] {processor.py:178} INFO - Processing /home/airflow/.local/lib/python3.7/site-packages/airflow/example_dags/tutorial_dag.py took 0.842 seconds
[2022-09-24T19:54:40.822+0000] {processor.py:156} INFO - Started process (PID=1667) to work on /home/airflow/.local/lib/python3.7/site-packages/airflow/example_dags/tutorial_dag.py
[2022-09-24T19:54:40.826+0000] {processor.py:758} INFO - Processing file /home/airflow/.local/lib/python3.7/site-packages/airflow/example_dags/tutorial_dag.py for tasks to queue
[2022-09-24T19:54:40.838+0000] {logging_mixin.py:117} INFO - [2022-09-24T19:54:40.838+0000] {dagbag.py:525} INFO - Filling up the DagBag from /home/airflow/.local/lib/python3.7/site-packages/airflow/example_dags/tutorial_dag.py
[2022-09-24T19:54:41.261+0000] {processor.py:768} INFO - DAG(s) dict_keys(['tutorial_dag']) retrieved from /home/airflow/.local/lib/python3.7/site-packages/airflow/example_dags/tutorial_dag.py
[2022-09-24T19:54:41.518+0000] {logging_mixin.py:117} INFO - [2022-09-24T19:54:41.518+0000] {dag.py:2573} INFO - Sync 1 DAGs
[2022-09-24T19:54:41.598+0000] {logging_mixin.py:117} INFO - [2022-09-24T19:54:41.598+0000] {dag.py:3328} INFO - Setting next_dagrun for tutorial_dag to None, run_after=None
[2022-09-24T19:54:41.657+0000] {processor.py:178} INFO - Processing /home/airflow/.local/lib/python3.7/site-packages/airflow/example_dags/tutorial_dag.py took 1.736 seconds
[2022-09-24T19:55:12.569+0000] {processor.py:156} INFO - Started process (PID=1866) to work on /home/airflow/.local/lib/python3.7/site-packages/airflow/example_dags/tutorial_dag.py
[2022-09-24T19:55:12.572+0000] {processor.py:758} INFO - Processing file /home/airflow/.local/lib/python3.7/site-packages/airflow/example_dags/tutorial_dag.py for tasks to queue
[2022-09-24T19:55:12.575+0000] {logging_mixin.py:117} INFO - [2022-09-24T19:55:12.574+0000] {dagbag.py:525} INFO - Filling up the DagBag from /home/airflow/.local/lib/python3.7/site-packages/airflow/example_dags/tutorial_dag.py
[2022-09-24T19:55:12.635+0000] {processor.py:768} INFO - DAG(s) dict_keys(['tutorial_dag']) retrieved from /home/airflow/.local/lib/python3.7/site-packages/airflow/example_dags/tutorial_dag.py
[2022-09-24T19:55:12.784+0000] {logging_mixin.py:117} INFO - [2022-09-24T19:55:12.784+0000] {dag.py:2573} INFO - Sync 1 DAGs
[2022-09-24T19:55:12.960+0000] {logging_mixin.py:117} INFO - [2022-09-24T19:55:12.959+0000] {dag.py:3328} INFO - Setting next_dagrun for tutorial_dag to None, run_after=None
[2022-09-24T19:55:13.105+0000] {processor.py:178} INFO - Processing /home/airflow/.local/lib/python3.7/site-packages/airflow/example_dags/tutorial_dag.py took 0.544 seconds
[2022-09-24T19:55:44.056+0000] {processor.py:156} INFO - Started process (PID=2065) to work on /home/airflow/.local/lib/python3.7/site-packages/airflow/example_dags/tutorial_dag.py
[2022-09-24T19:55:44.060+0000] {processor.py:758} INFO - Processing file /home/airflow/.local/lib/python3.7/site-packages/airflow/example_dags/tutorial_dag.py for tasks to queue
[2022-09-24T19:55:44.063+0000] {logging_mixin.py:117} INFO - [2022-09-24T19:55:44.063+0000] {dagbag.py:525} INFO - Filling up the DagBag from /home/airflow/.local/lib/python3.7/site-packages/airflow/example_dags/tutorial_dag.py
[2022-09-24T19:55:44.118+0000] {processor.py:768} INFO - DAG(s) dict_keys(['tutorial_dag']) retrieved from /home/airflow/.local/lib/python3.7/site-packages/airflow/example_dags/tutorial_dag.py
[2022-09-24T19:55:44.230+0000] {logging_mixin.py:117} INFO - [2022-09-24T19:55:44.230+0000] {dag.py:2573} INFO - Sync 1 DAGs
[2022-09-24T19:55:44.305+0000] {logging_mixin.py:117} INFO - [2022-09-24T19:55:44.305+0000] {dag.py:3328} INFO - Setting next_dagrun for tutorial_dag to None, run_after=None
[2022-09-24T19:55:44.365+0000] {processor.py:178} INFO - Processing /home/airflow/.local/lib/python3.7/site-packages/airflow/example_dags/tutorial_dag.py took 0.317 seconds
[2022-09-24T19:56:14.831+0000] {processor.py:156} INFO - Started process (PID=2262) to work on /home/airflow/.local/lib/python3.7/site-packages/airflow/example_dags/tutorial_dag.py
[2022-09-24T19:56:14.836+0000] {processor.py:758} INFO - Processing file /home/airflow/.local/lib/python3.7/site-packages/airflow/example_dags/tutorial_dag.py for tasks to queue
[2022-09-24T19:56:14.839+0000] {logging_mixin.py:117} INFO - [2022-09-24T19:56:14.839+0000] {dagbag.py:525} INFO - Filling up the DagBag from /home/airflow/.local/lib/python3.7/site-packages/airflow/example_dags/tutorial_dag.py
[2022-09-24T19:56:14.922+0000] {processor.py:768} INFO - DAG(s) dict_keys(['tutorial_dag']) retrieved from /home/airflow/.local/lib/python3.7/site-packages/airflow/example_dags/tutorial_dag.py
[2022-09-24T19:56:15.144+0000] {logging_mixin.py:117} INFO - [2022-09-24T19:56:15.141+0000] {dag.py:2573} INFO - Sync 1 DAGs
[2022-09-24T19:56:15.235+0000] {logging_mixin.py:117} INFO - [2022-09-24T19:56:15.235+0000] {dag.py:3328} INFO - Setting next_dagrun for tutorial_dag to None, run_after=None
[2022-09-24T19:56:15.352+0000] {processor.py:178} INFO - Processing /home/airflow/.local/lib/python3.7/site-packages/airflow/example_dags/tutorial_dag.py took 0.545 seconds
[2022-09-24T19:56:45.684+0000] {processor.py:156} INFO - Started process (PID=2461) to work on /home/airflow/.local/lib/python3.7/site-packages/airflow/example_dags/tutorial_dag.py
[2022-09-24T19:56:45.691+0000] {processor.py:758} INFO - Processing file /home/airflow/.local/lib/python3.7/site-packages/airflow/example_dags/tutorial_dag.py for tasks to queue
[2022-09-24T19:56:45.694+0000] {logging_mixin.py:117} INFO - [2022-09-24T19:56:45.693+0000] {dagbag.py:525} INFO - Filling up the DagBag from /home/airflow/.local/lib/python3.7/site-packages/airflow/example_dags/tutorial_dag.py
[2022-09-24T19:56:45.743+0000] {processor.py:768} INFO - DAG(s) dict_keys(['tutorial_dag']) retrieved from /home/airflow/.local/lib/python3.7/site-packages/airflow/example_dags/tutorial_dag.py
[2022-09-24T19:56:45.831+0000] {logging_mixin.py:117} INFO - [2022-09-24T19:56:45.830+0000] {dag.py:2573} INFO - Sync 1 DAGs
[2022-09-24T19:56:45.899+0000] {logging_mixin.py:117} INFO - [2022-09-24T19:56:45.899+0000] {dag.py:3328} INFO - Setting next_dagrun for tutorial_dag to None, run_after=None
[2022-09-24T19:56:45.975+0000] {processor.py:178} INFO - Processing /home/airflow/.local/lib/python3.7/site-packages/airflow/example_dags/tutorial_dag.py took 0.306 seconds
[2022-09-24T19:57:19.294+0000] {processor.py:156} INFO - Started process (PID=2667) to work on /home/airflow/.local/lib/python3.7/site-packages/airflow/example_dags/tutorial_dag.py
[2022-09-24T19:57:19.310+0000] {processor.py:758} INFO - Processing file /home/airflow/.local/lib/python3.7/site-packages/airflow/example_dags/tutorial_dag.py for tasks to queue
[2022-09-24T19:57:19.326+0000] {logging_mixin.py:117} INFO - [2022-09-24T19:57:19.325+0000] {dagbag.py:525} INFO - Filling up the DagBag from /home/airflow/.local/lib/python3.7/site-packages/airflow/example_dags/tutorial_dag.py
[2022-09-24T19:57:19.410+0000] {processor.py:768} INFO - DAG(s) dict_keys(['tutorial_dag']) retrieved from /home/airflow/.local/lib/python3.7/site-packages/airflow/example_dags/tutorial_dag.py
[2022-09-24T19:57:19.919+0000] {logging_mixin.py:117} INFO - [2022-09-24T19:57:19.917+0000] {dag.py:2573} INFO - Sync 1 DAGs
[2022-09-24T19:57:20.725+0000] {logging_mixin.py:117} INFO - [2022-09-24T19:57:20.687+0000] {dag.py:3328} INFO - Setting next_dagrun for tutorial_dag to None, run_after=None
[2022-09-24T19:57:21.615+0000] {processor.py:178} INFO - Processing /home/airflow/.local/lib/python3.7/site-packages/airflow/example_dags/tutorial_dag.py took 2.432 seconds
[2022-09-24T19:57:52.065+0000] {processor.py:156} INFO - Started process (PID=2870) to work on /home/airflow/.local/lib/python3.7/site-packages/airflow/example_dags/tutorial_dag.py
[2022-09-24T19:57:52.071+0000] {processor.py:758} INFO - Processing file /home/airflow/.local/lib/python3.7/site-packages/airflow/example_dags/tutorial_dag.py for tasks to queue
[2022-09-24T19:57:52.074+0000] {logging_mixin.py:117} INFO - [2022-09-24T19:57:52.074+0000] {dagbag.py:525} INFO - Filling up the DagBag from /home/airflow/.local/lib/python3.7/site-packages/airflow/example_dags/tutorial_dag.py
[2022-09-24T19:57:52.114+0000] {processor.py:768} INFO - DAG(s) dict_keys(['tutorial_dag']) retrieved from /home/airflow/.local/lib/python3.7/site-packages/airflow/example_dags/tutorial_dag.py
[2022-09-24T19:57:52.202+0000] {logging_mixin.py:117} INFO - [2022-09-24T19:57:52.201+0000] {dag.py:2573} INFO - Sync 1 DAGs
[2022-09-24T19:57:52.275+0000] {logging_mixin.py:117} INFO - [2022-09-24T19:57:52.275+0000] {dag.py:3328} INFO - Setting next_dagrun for tutorial_dag to None, run_after=None
[2022-09-24T19:57:52.337+0000] {processor.py:178} INFO - Processing /home/airflow/.local/lib/python3.7/site-packages/airflow/example_dags/tutorial_dag.py took 0.282 seconds
[2022-09-24T19:58:22.728+0000] {processor.py:156} INFO - Started process (PID=3064) to work on /home/airflow/.local/lib/python3.7/site-packages/airflow/example_dags/tutorial_dag.py
[2022-09-24T19:58:22.737+0000] {processor.py:758} INFO - Processing file /home/airflow/.local/lib/python3.7/site-packages/airflow/example_dags/tutorial_dag.py for tasks to queue
[2022-09-24T19:58:22.740+0000] {logging_mixin.py:117} INFO - [2022-09-24T19:58:22.739+0000] {dagbag.py:525} INFO - Filling up the DagBag from /home/airflow/.local/lib/python3.7/site-packages/airflow/example_dags/tutorial_dag.py
[2022-09-24T19:58:22.844+0000] {processor.py:768} INFO - DAG(s) dict_keys(['tutorial_dag']) retrieved from /home/airflow/.local/lib/python3.7/site-packages/airflow/example_dags/tutorial_dag.py
[2022-09-24T19:58:23.068+0000] {logging_mixin.py:117} INFO - [2022-09-24T19:58:23.067+0000] {dag.py:2573} INFO - Sync 1 DAGs
[2022-09-24T19:58:23.135+0000] {logging_mixin.py:117} INFO - [2022-09-24T19:58:23.134+0000] {dag.py:3328} INFO - Setting next_dagrun for tutorial_dag to None, run_after=None
[2022-09-24T19:58:23.182+0000] {processor.py:178} INFO - Processing /home/airflow/.local/lib/python3.7/site-packages/airflow/example_dags/tutorial_dag.py took 0.474 seconds
[2022-09-24T19:58:53.903+0000] {processor.py:156} INFO - Started process (PID=3262) to work on /home/airflow/.local/lib/python3.7/site-packages/airflow/example_dags/tutorial_dag.py
[2022-09-24T19:58:53.908+0000] {processor.py:758} INFO - Processing file /home/airflow/.local/lib/python3.7/site-packages/airflow/example_dags/tutorial_dag.py for tasks to queue
[2022-09-24T19:58:53.919+0000] {logging_mixin.py:117} INFO - [2022-09-24T19:58:53.918+0000] {dagbag.py:525} INFO - Filling up the DagBag from /home/airflow/.local/lib/python3.7/site-packages/airflow/example_dags/tutorial_dag.py
[2022-09-24T19:58:53.997+0000] {processor.py:768} INFO - DAG(s) dict_keys(['tutorial_dag']) retrieved from /home/airflow/.local/lib/python3.7/site-packages/airflow/example_dags/tutorial_dag.py
[2022-09-24T19:58:54.109+0000] {logging_mixin.py:117} INFO - [2022-09-24T19:58:54.108+0000] {dag.py:2573} INFO - Sync 1 DAGs
[2022-09-24T19:58:54.177+0000] {logging_mixin.py:117} INFO - [2022-09-24T19:58:54.177+0000] {dag.py:3328} INFO - Setting next_dagrun for tutorial_dag to None, run_after=None
[2022-09-24T19:58:54.244+0000] {processor.py:178} INFO - Processing /home/airflow/.local/lib/python3.7/site-packages/airflow/example_dags/tutorial_dag.py took 0.371 seconds
[2022-09-24T19:59:24.539+0000] {processor.py:156} INFO - Started process (PID=3457) to work on /home/airflow/.local/lib/python3.7/site-packages/airflow/example_dags/tutorial_dag.py
[2022-09-24T19:59:24.549+0000] {processor.py:758} INFO - Processing file /home/airflow/.local/lib/python3.7/site-packages/airflow/example_dags/tutorial_dag.py for tasks to queue
[2022-09-24T19:59:24.555+0000] {logging_mixin.py:117} INFO - [2022-09-24T19:59:24.553+0000] {dagbag.py:525} INFO - Filling up the DagBag from /home/airflow/.local/lib/python3.7/site-packages/airflow/example_dags/tutorial_dag.py
[2022-09-24T19:59:24.643+0000] {processor.py:768} INFO - DAG(s) dict_keys(['tutorial_dag']) retrieved from /home/airflow/.local/lib/python3.7/site-packages/airflow/example_dags/tutorial_dag.py
[2022-09-24T19:59:24.833+0000] {logging_mixin.py:117} INFO - [2022-09-24T19:59:24.832+0000] {dag.py:2573} INFO - Sync 1 DAGs
[2022-09-24T19:59:24.936+0000] {logging_mixin.py:117} INFO - [2022-09-24T19:59:24.935+0000] {dag.py:3328} INFO - Setting next_dagrun for tutorial_dag to None, run_after=None
[2022-09-24T19:59:25.066+0000] {processor.py:178} INFO - Processing /home/airflow/.local/lib/python3.7/site-packages/airflow/example_dags/tutorial_dag.py took 0.539 seconds
[2022-09-24T19:59:55.756+0000] {processor.py:156} INFO - Started process (PID=3658) to work on /home/airflow/.local/lib/python3.7/site-packages/airflow/example_dags/tutorial_dag.py
[2022-09-24T19:59:55.838+0000] {processor.py:758} INFO - Processing file /home/airflow/.local/lib/python3.7/site-packages/airflow/example_dags/tutorial_dag.py for tasks to queue
[2022-09-24T19:59:55.859+0000] {logging_mixin.py:117} INFO - [2022-09-24T19:59:55.858+0000] {dagbag.py:525} INFO - Filling up the DagBag from /home/airflow/.local/lib/python3.7/site-packages/airflow/example_dags/tutorial_dag.py
[2022-09-24T19:59:56.165+0000] {processor.py:768} INFO - DAG(s) dict_keys(['tutorial_dag']) retrieved from /home/airflow/.local/lib/python3.7/site-packages/airflow/example_dags/tutorial_dag.py
[2022-09-24T19:59:56.329+0000] {logging_mixin.py:117} INFO - [2022-09-24T19:59:56.328+0000] {dag.py:2573} INFO - Sync 1 DAGs
[2022-09-24T19:59:56.416+0000] {logging_mixin.py:117} INFO - [2022-09-24T19:59:56.416+0000] {dag.py:3328} INFO - Setting next_dagrun for tutorial_dag to None, run_after=None
[2022-09-24T19:59:56.484+0000] {processor.py:178} INFO - Processing /home/airflow/.local/lib/python3.7/site-packages/airflow/example_dags/tutorial_dag.py took 0.761 seconds
[2022-09-24T20:00:27.250+0000] {processor.py:156} INFO - Started process (PID=3856) to work on /home/airflow/.local/lib/python3.7/site-packages/airflow/example_dags/tutorial_dag.py
[2022-09-24T20:00:27.256+0000] {processor.py:758} INFO - Processing file /home/airflow/.local/lib/python3.7/site-packages/airflow/example_dags/tutorial_dag.py for tasks to queue
[2022-09-24T20:00:27.270+0000] {logging_mixin.py:117} INFO - [2022-09-24T20:00:27.266+0000] {dagbag.py:525} INFO - Filling up the DagBag from /home/airflow/.local/lib/python3.7/site-packages/airflow/example_dags/tutorial_dag.py
[2022-09-24T20:00:27.354+0000] {processor.py:768} INFO - DAG(s) dict_keys(['tutorial_dag']) retrieved from /home/airflow/.local/lib/python3.7/site-packages/airflow/example_dags/tutorial_dag.py
[2022-09-24T20:00:27.510+0000] {logging_mixin.py:117} INFO - [2022-09-24T20:00:27.509+0000] {dag.py:2573} INFO - Sync 1 DAGs
[2022-09-24T20:00:27.607+0000] {logging_mixin.py:117} INFO - [2022-09-24T20:00:27.606+0000] {dag.py:3328} INFO - Setting next_dagrun for tutorial_dag to None, run_after=None
[2022-09-24T20:00:27.762+0000] {processor.py:178} INFO - Processing /home/airflow/.local/lib/python3.7/site-packages/airflow/example_dags/tutorial_dag.py took 0.537 seconds
[2022-09-24T20:00:58.566+0000] {processor.py:156} INFO - Started process (PID=4054) to work on /home/airflow/.local/lib/python3.7/site-packages/airflow/example_dags/tutorial_dag.py
[2022-09-24T20:00:58.571+0000] {processor.py:758} INFO - Processing file /home/airflow/.local/lib/python3.7/site-packages/airflow/example_dags/tutorial_dag.py for tasks to queue
[2022-09-24T20:00:58.575+0000] {logging_mixin.py:117} INFO - [2022-09-24T20:00:58.575+0000] {dagbag.py:525} INFO - Filling up the DagBag from /home/airflow/.local/lib/python3.7/site-packages/airflow/example_dags/tutorial_dag.py
[2022-09-24T20:00:58.628+0000] {processor.py:768} INFO - DAG(s) dict_keys(['tutorial_dag']) retrieved from /home/airflow/.local/lib/python3.7/site-packages/airflow/example_dags/tutorial_dag.py
[2022-09-24T20:00:58.720+0000] {logging_mixin.py:117} INFO - [2022-09-24T20:00:58.719+0000] {dag.py:2573} INFO - Sync 1 DAGs
[2022-09-24T20:00:58.780+0000] {logging_mixin.py:117} INFO - [2022-09-24T20:00:58.780+0000] {dag.py:3328} INFO - Setting next_dagrun for tutorial_dag to None, run_after=None
[2022-09-24T20:00:58.830+0000] {processor.py:178} INFO - Processing /home/airflow/.local/lib/python3.7/site-packages/airflow/example_dags/tutorial_dag.py took 0.283 seconds
[2022-09-24T20:01:29.405+0000] {processor.py:156} INFO - Started process (PID=4252) to work on /home/airflow/.local/lib/python3.7/site-packages/airflow/example_dags/tutorial_dag.py
[2022-09-24T20:01:29.410+0000] {processor.py:758} INFO - Processing file /home/airflow/.local/lib/python3.7/site-packages/airflow/example_dags/tutorial_dag.py for tasks to queue
[2022-09-24T20:01:29.415+0000] {logging_mixin.py:117} INFO - [2022-09-24T20:01:29.414+0000] {dagbag.py:525} INFO - Filling up the DagBag from /home/airflow/.local/lib/python3.7/site-packages/airflow/example_dags/tutorial_dag.py
[2022-09-24T20:01:29.459+0000] {processor.py:768} INFO - DAG(s) dict_keys(['tutorial_dag']) retrieved from /home/airflow/.local/lib/python3.7/site-packages/airflow/example_dags/tutorial_dag.py
[2022-09-24T20:01:29.558+0000] {logging_mixin.py:117} INFO - [2022-09-24T20:01:29.557+0000] {dag.py:2573} INFO - Sync 1 DAGs
[2022-09-24T20:01:29.668+0000] {logging_mixin.py:117} INFO - [2022-09-24T20:01:29.668+0000] {dag.py:3328} INFO - Setting next_dagrun for tutorial_dag to None, run_after=None
[2022-09-24T20:01:29.725+0000] {processor.py:178} INFO - Processing /home/airflow/.local/lib/python3.7/site-packages/airflow/example_dags/tutorial_dag.py took 0.336 seconds
[2022-09-24T20:02:00.033+0000] {processor.py:156} INFO - Started process (PID=4450) to work on /home/airflow/.local/lib/python3.7/site-packages/airflow/example_dags/tutorial_dag.py
[2022-09-24T20:02:00.037+0000] {processor.py:758} INFO - Processing file /home/airflow/.local/lib/python3.7/site-packages/airflow/example_dags/tutorial_dag.py for tasks to queue
[2022-09-24T20:02:00.041+0000] {logging_mixin.py:117} INFO - [2022-09-24T20:02:00.040+0000] {dagbag.py:525} INFO - Filling up the DagBag from /home/airflow/.local/lib/python3.7/site-packages/airflow/example_dags/tutorial_dag.py
[2022-09-24T20:02:00.081+0000] {processor.py:768} INFO - DAG(s) dict_keys(['tutorial_dag']) retrieved from /home/airflow/.local/lib/python3.7/site-packages/airflow/example_dags/tutorial_dag.py
[2022-09-24T20:02:00.168+0000] {logging_mixin.py:117} INFO - [2022-09-24T20:02:00.168+0000] {dag.py:2573} INFO - Sync 1 DAGs
[2022-09-24T20:02:00.235+0000] {logging_mixin.py:117} INFO - [2022-09-24T20:02:00.235+0000] {dag.py:3328} INFO - Setting next_dagrun for tutorial_dag to None, run_after=None
[2022-09-24T20:02:00.290+0000] {processor.py:178} INFO - Processing /home/airflow/.local/lib/python3.7/site-packages/airflow/example_dags/tutorial_dag.py took 0.266 seconds
[2022-09-24T20:02:30.638+0000] {processor.py:156} INFO - Started process (PID=4655) to work on /home/airflow/.local/lib/python3.7/site-packages/airflow/example_dags/tutorial_dag.py
[2022-09-24T20:02:30.644+0000] {processor.py:758} INFO - Processing file /home/airflow/.local/lib/python3.7/site-packages/airflow/example_dags/tutorial_dag.py for tasks to queue
[2022-09-24T20:02:30.652+0000] {logging_mixin.py:117} INFO - [2022-09-24T20:02:30.652+0000] {dagbag.py:525} INFO - Filling up the DagBag from /home/airflow/.local/lib/python3.7/site-packages/airflow/example_dags/tutorial_dag.py
[2022-09-24T20:02:30.697+0000] {processor.py:768} INFO - DAG(s) dict_keys(['tutorial_dag']) retrieved from /home/airflow/.local/lib/python3.7/site-packages/airflow/example_dags/tutorial_dag.py
[2022-09-24T20:02:30.841+0000] {logging_mixin.py:117} INFO - [2022-09-24T20:02:30.841+0000] {dag.py:2573} INFO - Sync 1 DAGs
[2022-09-24T20:02:30.913+0000] {logging_mixin.py:117} INFO - [2022-09-24T20:02:30.912+0000] {dag.py:3328} INFO - Setting next_dagrun for tutorial_dag to None, run_after=None
[2022-09-24T20:02:30.961+0000] {processor.py:178} INFO - Processing /home/airflow/.local/lib/python3.7/site-packages/airflow/example_dags/tutorial_dag.py took 0.342 seconds
[2022-09-24T20:03:01.441+0000] {processor.py:156} INFO - Started process (PID=4854) to work on /home/airflow/.local/lib/python3.7/site-packages/airflow/example_dags/tutorial_dag.py
[2022-09-24T20:03:01.446+0000] {processor.py:758} INFO - Processing file /home/airflow/.local/lib/python3.7/site-packages/airflow/example_dags/tutorial_dag.py for tasks to queue
[2022-09-24T20:03:01.449+0000] {logging_mixin.py:117} INFO - [2022-09-24T20:03:01.449+0000] {dagbag.py:525} INFO - Filling up the DagBag from /home/airflow/.local/lib/python3.7/site-packages/airflow/example_dags/tutorial_dag.py
[2022-09-24T20:03:01.490+0000] {processor.py:768} INFO - DAG(s) dict_keys(['tutorial_dag']) retrieved from /home/airflow/.local/lib/python3.7/site-packages/airflow/example_dags/tutorial_dag.py
[2022-09-24T20:03:01.579+0000] {logging_mixin.py:117} INFO - [2022-09-24T20:03:01.579+0000] {dag.py:2573} INFO - Sync 1 DAGs
[2022-09-24T20:03:01.633+0000] {logging_mixin.py:117} INFO - [2022-09-24T20:03:01.632+0000] {dag.py:3328} INFO - Setting next_dagrun for tutorial_dag to None, run_after=None
[2022-09-24T20:03:01.682+0000] {processor.py:178} INFO - Processing /home/airflow/.local/lib/python3.7/site-packages/airflow/example_dags/tutorial_dag.py took 0.260 seconds
[2022-09-24T20:03:39.292+0000] {processor.py:156} INFO - Started process (PID=5065) to work on /home/airflow/.local/lib/python3.7/site-packages/airflow/example_dags/tutorial_dag.py
[2022-09-24T20:03:39.297+0000] {processor.py:758} INFO - Processing file /home/airflow/.local/lib/python3.7/site-packages/airflow/example_dags/tutorial_dag.py for tasks to queue
[2022-09-24T20:03:39.301+0000] {logging_mixin.py:117} INFO - [2022-09-24T20:03:39.300+0000] {dagbag.py:525} INFO - Filling up the DagBag from /home/airflow/.local/lib/python3.7/site-packages/airflow/example_dags/tutorial_dag.py
[2022-09-24T20:03:39.423+0000] {processor.py:768} INFO - DAG(s) dict_keys(['tutorial_dag']) retrieved from /home/airflow/.local/lib/python3.7/site-packages/airflow/example_dags/tutorial_dag.py
[2022-09-24T20:03:39.817+0000] {logging_mixin.py:117} INFO - [2022-09-24T20:03:39.817+0000] {dag.py:2573} INFO - Sync 1 DAGs
[2022-09-24T20:03:39.911+0000] {logging_mixin.py:117} INFO - [2022-09-24T20:03:39.911+0000] {dag.py:3328} INFO - Setting next_dagrun for tutorial_dag to None, run_after=None
[2022-09-24T20:03:39.970+0000] {processor.py:178} INFO - Processing /home/airflow/.local/lib/python3.7/site-packages/airflow/example_dags/tutorial_dag.py took 0.695 seconds
[2022-09-24T20:04:10.102+0000] {processor.py:156} INFO - Started process (PID=5250) to work on /home/airflow/.local/lib/python3.7/site-packages/airflow/example_dags/tutorial_dag.py
[2022-09-24T20:04:10.106+0000] {processor.py:758} INFO - Processing file /home/airflow/.local/lib/python3.7/site-packages/airflow/example_dags/tutorial_dag.py for tasks to queue
[2022-09-24T20:04:10.109+0000] {logging_mixin.py:117} INFO - [2022-09-24T20:04:10.108+0000] {dagbag.py:525} INFO - Filling up the DagBag from /home/airflow/.local/lib/python3.7/site-packages/airflow/example_dags/tutorial_dag.py
[2022-09-24T20:04:10.187+0000] {processor.py:768} INFO - DAG(s) dict_keys(['tutorial_dag']) retrieved from /home/airflow/.local/lib/python3.7/site-packages/airflow/example_dags/tutorial_dag.py
[2022-09-24T20:04:10.317+0000] {logging_mixin.py:117} INFO - [2022-09-24T20:04:10.317+0000] {dag.py:2573} INFO - Sync 1 DAGs
[2022-09-24T20:04:10.462+0000] {logging_mixin.py:117} INFO - [2022-09-24T20:04:10.462+0000] {dag.py:3328} INFO - Setting next_dagrun for tutorial_dag to None, run_after=None
[2022-09-24T20:04:10.539+0000] {processor.py:178} INFO - Processing /home/airflow/.local/lib/python3.7/site-packages/airflow/example_dags/tutorial_dag.py took 0.450 seconds
[2022-09-24T20:04:40.670+0000] {processor.py:156} INFO - Started process (PID=5448) to work on /home/airflow/.local/lib/python3.7/site-packages/airflow/example_dags/tutorial_dag.py
[2022-09-24T20:04:40.674+0000] {processor.py:758} INFO - Processing file /home/airflow/.local/lib/python3.7/site-packages/airflow/example_dags/tutorial_dag.py for tasks to queue
[2022-09-24T20:04:40.680+0000] {logging_mixin.py:117} INFO - [2022-09-24T20:04:40.679+0000] {dagbag.py:525} INFO - Filling up the DagBag from /home/airflow/.local/lib/python3.7/site-packages/airflow/example_dags/tutorial_dag.py
[2022-09-24T20:04:40.729+0000] {processor.py:768} INFO - DAG(s) dict_keys(['tutorial_dag']) retrieved from /home/airflow/.local/lib/python3.7/site-packages/airflow/example_dags/tutorial_dag.py
[2022-09-24T20:04:40.854+0000] {logging_mixin.py:117} INFO - [2022-09-24T20:04:40.854+0000] {dag.py:2573} INFO - Sync 1 DAGs
[2022-09-24T20:04:40.931+0000] {logging_mixin.py:117} INFO - [2022-09-24T20:04:40.930+0000] {dag.py:3328} INFO - Setting next_dagrun for tutorial_dag to None, run_after=None
[2022-09-24T20:04:41.301+0000] {processor.py:178} INFO - Processing /home/airflow/.local/lib/python3.7/site-packages/airflow/example_dags/tutorial_dag.py took 0.645 seconds
[2022-09-24T20:05:11.973+0000] {processor.py:156} INFO - Started process (PID=5646) to work on /home/airflow/.local/lib/python3.7/site-packages/airflow/example_dags/tutorial_dag.py
[2022-09-24T20:05:11.977+0000] {processor.py:758} INFO - Processing file /home/airflow/.local/lib/python3.7/site-packages/airflow/example_dags/tutorial_dag.py for tasks to queue
[2022-09-24T20:05:11.983+0000] {logging_mixin.py:117} INFO - [2022-09-24T20:05:11.983+0000] {dagbag.py:525} INFO - Filling up the DagBag from /home/airflow/.local/lib/python3.7/site-packages/airflow/example_dags/tutorial_dag.py
[2022-09-24T20:05:12.019+0000] {processor.py:768} INFO - DAG(s) dict_keys(['tutorial_dag']) retrieved from /home/airflow/.local/lib/python3.7/site-packages/airflow/example_dags/tutorial_dag.py
[2022-09-24T20:05:12.110+0000] {logging_mixin.py:117} INFO - [2022-09-24T20:05:12.110+0000] {dag.py:2573} INFO - Sync 1 DAGs
[2022-09-24T20:05:12.169+0000] {logging_mixin.py:117} INFO - [2022-09-24T20:05:12.169+0000] {dag.py:3328} INFO - Setting next_dagrun for tutorial_dag to None, run_after=None
[2022-09-24T20:05:12.218+0000] {processor.py:178} INFO - Processing /home/airflow/.local/lib/python3.7/site-packages/airflow/example_dags/tutorial_dag.py took 0.258 seconds
[2022-09-24T20:05:43.060+0000] {processor.py:156} INFO - Started process (PID=5845) to work on /home/airflow/.local/lib/python3.7/site-packages/airflow/example_dags/tutorial_dag.py
[2022-09-24T20:05:43.063+0000] {processor.py:758} INFO - Processing file /home/airflow/.local/lib/python3.7/site-packages/airflow/example_dags/tutorial_dag.py for tasks to queue
[2022-09-24T20:05:43.070+0000] {logging_mixin.py:117} INFO - [2022-09-24T20:05:43.068+0000] {dagbag.py:525} INFO - Filling up the DagBag from /home/airflow/.local/lib/python3.7/site-packages/airflow/example_dags/tutorial_dag.py
[2022-09-24T20:05:43.192+0000] {processor.py:768} INFO - DAG(s) dict_keys(['tutorial_dag']) retrieved from /home/airflow/.local/lib/python3.7/site-packages/airflow/example_dags/tutorial_dag.py
[2022-09-24T20:05:43.320+0000] {logging_mixin.py:117} INFO - [2022-09-24T20:05:43.320+0000] {dag.py:2573} INFO - Sync 1 DAGs
[2022-09-24T20:05:43.378+0000] {logging_mixin.py:117} INFO - [2022-09-24T20:05:43.378+0000] {dag.py:3328} INFO - Setting next_dagrun for tutorial_dag to None, run_after=None
[2022-09-24T20:05:43.438+0000] {processor.py:178} INFO - Processing /home/airflow/.local/lib/python3.7/site-packages/airflow/example_dags/tutorial_dag.py took 0.392 seconds
[2022-09-24T20:06:13.878+0000] {processor.py:156} INFO - Started process (PID=6043) to work on /home/airflow/.local/lib/python3.7/site-packages/airflow/example_dags/tutorial_dag.py
[2022-09-24T20:06:13.884+0000] {processor.py:758} INFO - Processing file /home/airflow/.local/lib/python3.7/site-packages/airflow/example_dags/tutorial_dag.py for tasks to queue
[2022-09-24T20:06:13.890+0000] {logging_mixin.py:117} INFO - [2022-09-24T20:06:13.890+0000] {dagbag.py:525} INFO - Filling up the DagBag from /home/airflow/.local/lib/python3.7/site-packages/airflow/example_dags/tutorial_dag.py
[2022-09-24T20:06:13.936+0000] {processor.py:768} INFO - DAG(s) dict_keys(['tutorial_dag']) retrieved from /home/airflow/.local/lib/python3.7/site-packages/airflow/example_dags/tutorial_dag.py
[2022-09-24T20:06:14.054+0000] {logging_mixin.py:117} INFO - [2022-09-24T20:06:14.054+0000] {dag.py:2573} INFO - Sync 1 DAGs
[2022-09-24T20:06:14.135+0000] {logging_mixin.py:117} INFO - [2022-09-24T20:06:14.134+0000] {dag.py:3328} INFO - Setting next_dagrun for tutorial_dag to None, run_after=None
[2022-09-24T20:06:14.191+0000] {processor.py:178} INFO - Processing /home/airflow/.local/lib/python3.7/site-packages/airflow/example_dags/tutorial_dag.py took 0.319 seconds
[2022-09-24T20:06:44.261+0000] {processor.py:156} INFO - Started process (PID=6240) to work on /home/airflow/.local/lib/python3.7/site-packages/airflow/example_dags/tutorial_dag.py
[2022-09-24T20:06:44.266+0000] {processor.py:758} INFO - Processing file /home/airflow/.local/lib/python3.7/site-packages/airflow/example_dags/tutorial_dag.py for tasks to queue
[2022-09-24T20:06:44.269+0000] {logging_mixin.py:117} INFO - [2022-09-24T20:06:44.268+0000] {dagbag.py:525} INFO - Filling up the DagBag from /home/airflow/.local/lib/python3.7/site-packages/airflow/example_dags/tutorial_dag.py
[2022-09-24T20:06:44.303+0000] {processor.py:768} INFO - DAG(s) dict_keys(['tutorial_dag']) retrieved from /home/airflow/.local/lib/python3.7/site-packages/airflow/example_dags/tutorial_dag.py
[2022-09-24T20:06:44.395+0000] {logging_mixin.py:117} INFO - [2022-09-24T20:06:44.394+0000] {dag.py:2573} INFO - Sync 1 DAGs
[2022-09-24T20:06:44.458+0000] {logging_mixin.py:117} INFO - [2022-09-24T20:06:44.458+0000] {dag.py:3328} INFO - Setting next_dagrun for tutorial_dag to None, run_after=None
[2022-09-24T20:06:44.509+0000] {processor.py:178} INFO - Processing /home/airflow/.local/lib/python3.7/site-packages/airflow/example_dags/tutorial_dag.py took 0.255 seconds
[2022-09-24T20:07:14.762+0000] {processor.py:156} INFO - Started process (PID=6439) to work on /home/airflow/.local/lib/python3.7/site-packages/airflow/example_dags/tutorial_dag.py
[2022-09-24T20:07:14.766+0000] {processor.py:758} INFO - Processing file /home/airflow/.local/lib/python3.7/site-packages/airflow/example_dags/tutorial_dag.py for tasks to queue
[2022-09-24T20:07:14.770+0000] {logging_mixin.py:117} INFO - [2022-09-24T20:07:14.770+0000] {dagbag.py:525} INFO - Filling up the DagBag from /home/airflow/.local/lib/python3.7/site-packages/airflow/example_dags/tutorial_dag.py
[2022-09-24T20:07:14.798+0000] {processor.py:768} INFO - DAG(s) dict_keys(['tutorial_dag']) retrieved from /home/airflow/.local/lib/python3.7/site-packages/airflow/example_dags/tutorial_dag.py
[2022-09-24T20:07:14.883+0000] {logging_mixin.py:117} INFO - [2022-09-24T20:07:14.883+0000] {dag.py:2573} INFO - Sync 1 DAGs
[2022-09-24T20:07:14.930+0000] {logging_mixin.py:117} INFO - [2022-09-24T20:07:14.930+0000] {dag.py:3328} INFO - Setting next_dagrun for tutorial_dag to None, run_after=None
[2022-09-24T20:07:14.976+0000] {processor.py:178} INFO - Processing /home/airflow/.local/lib/python3.7/site-packages/airflow/example_dags/tutorial_dag.py took 0.220 seconds
[2022-09-24T20:07:45.343+0000] {processor.py:156} INFO - Started process (PID=6646) to work on /home/airflow/.local/lib/python3.7/site-packages/airflow/example_dags/tutorial_dag.py
[2022-09-24T20:07:45.346+0000] {processor.py:758} INFO - Processing file /home/airflow/.local/lib/python3.7/site-packages/airflow/example_dags/tutorial_dag.py for tasks to queue
[2022-09-24T20:07:45.349+0000] {logging_mixin.py:117} INFO - [2022-09-24T20:07:45.348+0000] {dagbag.py:525} INFO - Filling up the DagBag from /home/airflow/.local/lib/python3.7/site-packages/airflow/example_dags/tutorial_dag.py
[2022-09-24T20:07:45.378+0000] {processor.py:768} INFO - DAG(s) dict_keys(['tutorial_dag']) retrieved from /home/airflow/.local/lib/python3.7/site-packages/airflow/example_dags/tutorial_dag.py
[2022-09-24T20:07:45.454+0000] {logging_mixin.py:117} INFO - [2022-09-24T20:07:45.454+0000] {dag.py:2573} INFO - Sync 1 DAGs
[2022-09-24T20:07:45.515+0000] {logging_mixin.py:117} INFO - [2022-09-24T20:07:45.515+0000] {dag.py:3328} INFO - Setting next_dagrun for tutorial_dag to None, run_after=None
[2022-09-24T20:07:45.568+0000] {processor.py:178} INFO - Processing /home/airflow/.local/lib/python3.7/site-packages/airflow/example_dags/tutorial_dag.py took 0.231 seconds
[2022-09-24T20:08:16.011+0000] {processor.py:156} INFO - Started process (PID=6844) to work on /home/airflow/.local/lib/python3.7/site-packages/airflow/example_dags/tutorial_dag.py
[2022-09-24T20:08:16.014+0000] {processor.py:758} INFO - Processing file /home/airflow/.local/lib/python3.7/site-packages/airflow/example_dags/tutorial_dag.py for tasks to queue
[2022-09-24T20:08:16.017+0000] {logging_mixin.py:117} INFO - [2022-09-24T20:08:16.016+0000] {dagbag.py:525} INFO - Filling up the DagBag from /home/airflow/.local/lib/python3.7/site-packages/airflow/example_dags/tutorial_dag.py
[2022-09-24T20:08:16.052+0000] {processor.py:768} INFO - DAG(s) dict_keys(['tutorial_dag']) retrieved from /home/airflow/.local/lib/python3.7/site-packages/airflow/example_dags/tutorial_dag.py
[2022-09-24T20:08:16.156+0000] {logging_mixin.py:117} INFO - [2022-09-24T20:08:16.156+0000] {dag.py:2573} INFO - Sync 1 DAGs
[2022-09-24T20:08:16.211+0000] {logging_mixin.py:117} INFO - [2022-09-24T20:08:16.211+0000] {dag.py:3328} INFO - Setting next_dagrun for tutorial_dag to None, run_after=None
[2022-09-24T20:08:16.256+0000] {processor.py:178} INFO - Processing /home/airflow/.local/lib/python3.7/site-packages/airflow/example_dags/tutorial_dag.py took 0.258 seconds
[2022-09-24T20:08:46.351+0000] {processor.py:156} INFO - Started process (PID=7043) to work on /home/airflow/.local/lib/python3.7/site-packages/airflow/example_dags/tutorial_dag.py
[2022-09-24T20:08:46.354+0000] {processor.py:758} INFO - Processing file /home/airflow/.local/lib/python3.7/site-packages/airflow/example_dags/tutorial_dag.py for tasks to queue
[2022-09-24T20:08:46.358+0000] {logging_mixin.py:117} INFO - [2022-09-24T20:08:46.358+0000] {dagbag.py:525} INFO - Filling up the DagBag from /home/airflow/.local/lib/python3.7/site-packages/airflow/example_dags/tutorial_dag.py
[2022-09-24T20:08:46.387+0000] {processor.py:768} INFO - DAG(s) dict_keys(['tutorial_dag']) retrieved from /home/airflow/.local/lib/python3.7/site-packages/airflow/example_dags/tutorial_dag.py
[2022-09-24T20:08:46.459+0000] {logging_mixin.py:117} INFO - [2022-09-24T20:08:46.458+0000] {dag.py:2573} INFO - Sync 1 DAGs
[2022-09-24T20:08:46.509+0000] {logging_mixin.py:117} INFO - [2022-09-24T20:08:46.508+0000] {dag.py:3328} INFO - Setting next_dagrun for tutorial_dag to None, run_after=None
[2022-09-24T20:08:46.550+0000] {processor.py:178} INFO - Processing /home/airflow/.local/lib/python3.7/site-packages/airflow/example_dags/tutorial_dag.py took 0.209 seconds
[2022-09-24T20:09:17.056+0000] {processor.py:156} INFO - Started process (PID=7251) to work on /home/airflow/.local/lib/python3.7/site-packages/airflow/example_dags/tutorial_dag.py
[2022-09-24T20:09:17.059+0000] {processor.py:758} INFO - Processing file /home/airflow/.local/lib/python3.7/site-packages/airflow/example_dags/tutorial_dag.py for tasks to queue
[2022-09-24T20:09:17.062+0000] {logging_mixin.py:117} INFO - [2022-09-24T20:09:17.062+0000] {dagbag.py:525} INFO - Filling up the DagBag from /home/airflow/.local/lib/python3.7/site-packages/airflow/example_dags/tutorial_dag.py
[2022-09-24T20:09:17.094+0000] {processor.py:768} INFO - DAG(s) dict_keys(['tutorial_dag']) retrieved from /home/airflow/.local/lib/python3.7/site-packages/airflow/example_dags/tutorial_dag.py
[2022-09-24T20:09:17.171+0000] {logging_mixin.py:117} INFO - [2022-09-24T20:09:17.170+0000] {dag.py:2573} INFO - Sync 1 DAGs
[2022-09-24T20:09:17.219+0000] {logging_mixin.py:117} INFO - [2022-09-24T20:09:17.218+0000] {dag.py:3328} INFO - Setting next_dagrun for tutorial_dag to None, run_after=None
[2022-09-24T20:09:17.261+0000] {processor.py:178} INFO - Processing /home/airflow/.local/lib/python3.7/site-packages/airflow/example_dags/tutorial_dag.py took 0.211 seconds
[2022-09-24T20:09:47.442+0000] {processor.py:156} INFO - Started process (PID=7450) to work on /home/airflow/.local/lib/python3.7/site-packages/airflow/example_dags/tutorial_dag.py
[2022-09-24T20:09:47.447+0000] {processor.py:758} INFO - Processing file /home/airflow/.local/lib/python3.7/site-packages/airflow/example_dags/tutorial_dag.py for tasks to queue
[2022-09-24T20:09:47.451+0000] {logging_mixin.py:117} INFO - [2022-09-24T20:09:47.450+0000] {dagbag.py:525} INFO - Filling up the DagBag from /home/airflow/.local/lib/python3.7/site-packages/airflow/example_dags/tutorial_dag.py
[2022-09-24T20:09:47.493+0000] {processor.py:768} INFO - DAG(s) dict_keys(['tutorial_dag']) retrieved from /home/airflow/.local/lib/python3.7/site-packages/airflow/example_dags/tutorial_dag.py
[2022-09-24T20:09:47.570+0000] {logging_mixin.py:117} INFO - [2022-09-24T20:09:47.570+0000] {dag.py:2573} INFO - Sync 1 DAGs
[2022-09-24T20:09:47.645+0000] {logging_mixin.py:117} INFO - [2022-09-24T20:09:47.645+0000] {dag.py:3328} INFO - Setting next_dagrun for tutorial_dag to None, run_after=None
[2022-09-24T20:09:47.693+0000] {processor.py:178} INFO - Processing /home/airflow/.local/lib/python3.7/site-packages/airflow/example_dags/tutorial_dag.py took 0.260 seconds
[2022-09-24T20:10:17.968+0000] {processor.py:156} INFO - Started process (PID=7657) to work on /home/airflow/.local/lib/python3.7/site-packages/airflow/example_dags/tutorial_dag.py
[2022-09-24T20:10:17.970+0000] {processor.py:758} INFO - Processing file /home/airflow/.local/lib/python3.7/site-packages/airflow/example_dags/tutorial_dag.py for tasks to queue
[2022-09-24T20:10:17.974+0000] {logging_mixin.py:117} INFO - [2022-09-24T20:10:17.973+0000] {dagbag.py:525} INFO - Filling up the DagBag from /home/airflow/.local/lib/python3.7/site-packages/airflow/example_dags/tutorial_dag.py
[2022-09-24T20:10:18.004+0000] {processor.py:768} INFO - DAG(s) dict_keys(['tutorial_dag']) retrieved from /home/airflow/.local/lib/python3.7/site-packages/airflow/example_dags/tutorial_dag.py
[2022-09-24T20:10:18.091+0000] {logging_mixin.py:117} INFO - [2022-09-24T20:10:18.091+0000] {dag.py:2573} INFO - Sync 1 DAGs
[2022-09-24T20:10:18.143+0000] {logging_mixin.py:117} INFO - [2022-09-24T20:10:18.143+0000] {dag.py:3328} INFO - Setting next_dagrun for tutorial_dag to None, run_after=None
[2022-09-24T20:10:18.185+0000] {processor.py:178} INFO - Processing /home/airflow/.local/lib/python3.7/site-packages/airflow/example_dags/tutorial_dag.py took 0.226 seconds
[2022-09-24T20:10:48.627+0000] {processor.py:156} INFO - Started process (PID=7855) to work on /home/airflow/.local/lib/python3.7/site-packages/airflow/example_dags/tutorial_dag.py
[2022-09-24T20:10:48.631+0000] {processor.py:758} INFO - Processing file /home/airflow/.local/lib/python3.7/site-packages/airflow/example_dags/tutorial_dag.py for tasks to queue
[2022-09-24T20:10:48.634+0000] {logging_mixin.py:117} INFO - [2022-09-24T20:10:48.634+0000] {dagbag.py:525} INFO - Filling up the DagBag from /home/airflow/.local/lib/python3.7/site-packages/airflow/example_dags/tutorial_dag.py
[2022-09-24T20:10:48.673+0000] {processor.py:768} INFO - DAG(s) dict_keys(['tutorial_dag']) retrieved from /home/airflow/.local/lib/python3.7/site-packages/airflow/example_dags/tutorial_dag.py
[2022-09-24T20:10:48.756+0000] {logging_mixin.py:117} INFO - [2022-09-24T20:10:48.755+0000] {dag.py:2573} INFO - Sync 1 DAGs
[2022-09-24T20:10:48.803+0000] {logging_mixin.py:117} INFO - [2022-09-24T20:10:48.803+0000] {dag.py:3328} INFO - Setting next_dagrun for tutorial_dag to None, run_after=None
[2022-09-24T20:10:48.840+0000] {processor.py:178} INFO - Processing /home/airflow/.local/lib/python3.7/site-packages/airflow/example_dags/tutorial_dag.py took 0.221 seconds
[2022-09-24T20:11:19.571+0000] {processor.py:156} INFO - Started process (PID=8052) to work on /home/airflow/.local/lib/python3.7/site-packages/airflow/example_dags/tutorial_dag.py
[2022-09-24T20:11:19.574+0000] {processor.py:758} INFO - Processing file /home/airflow/.local/lib/python3.7/site-packages/airflow/example_dags/tutorial_dag.py for tasks to queue
[2022-09-24T20:11:19.577+0000] {logging_mixin.py:117} INFO - [2022-09-24T20:11:19.577+0000] {dagbag.py:525} INFO - Filling up the DagBag from /home/airflow/.local/lib/python3.7/site-packages/airflow/example_dags/tutorial_dag.py
[2022-09-24T20:11:19.607+0000] {processor.py:768} INFO - DAG(s) dict_keys(['tutorial_dag']) retrieved from /home/airflow/.local/lib/python3.7/site-packages/airflow/example_dags/tutorial_dag.py
[2022-09-24T20:11:19.678+0000] {logging_mixin.py:117} INFO - [2022-09-24T20:11:19.677+0000] {dag.py:2573} INFO - Sync 1 DAGs
[2022-09-24T20:11:19.730+0000] {logging_mixin.py:117} INFO - [2022-09-24T20:11:19.729+0000] {dag.py:3328} INFO - Setting next_dagrun for tutorial_dag to None, run_after=None
[2022-09-24T20:11:19.788+0000] {processor.py:178} INFO - Processing /home/airflow/.local/lib/python3.7/site-packages/airflow/example_dags/tutorial_dag.py took 0.224 seconds
[2022-09-24T20:11:50.161+0000] {processor.py:156} INFO - Started process (PID=8259) to work on /home/airflow/.local/lib/python3.7/site-packages/airflow/example_dags/tutorial_dag.py
[2022-09-24T20:11:50.166+0000] {processor.py:758} INFO - Processing file /home/airflow/.local/lib/python3.7/site-packages/airflow/example_dags/tutorial_dag.py for tasks to queue
[2022-09-24T20:11:50.172+0000] {logging_mixin.py:117} INFO - [2022-09-24T20:11:50.172+0000] {dagbag.py:525} INFO - Filling up the DagBag from /home/airflow/.local/lib/python3.7/site-packages/airflow/example_dags/tutorial_dag.py
[2022-09-24T20:11:50.208+0000] {processor.py:768} INFO - DAG(s) dict_keys(['tutorial_dag']) retrieved from /home/airflow/.local/lib/python3.7/site-packages/airflow/example_dags/tutorial_dag.py
[2022-09-24T20:11:50.307+0000] {logging_mixin.py:117} INFO - [2022-09-24T20:11:50.307+0000] {dag.py:2573} INFO - Sync 1 DAGs
[2022-09-24T20:11:50.385+0000] {logging_mixin.py:117} INFO - [2022-09-24T20:11:50.385+0000] {dag.py:3328} INFO - Setting next_dagrun for tutorial_dag to None, run_after=None
[2022-09-24T20:11:50.456+0000] {processor.py:178} INFO - Processing /home/airflow/.local/lib/python3.7/site-packages/airflow/example_dags/tutorial_dag.py took 0.306 seconds
[2022-09-24T20:12:21.815+0000] {processor.py:156} INFO - Started process (PID=8456) to work on /home/airflow/.local/lib/python3.7/site-packages/airflow/example_dags/tutorial_dag.py
[2022-09-24T20:12:21.819+0000] {processor.py:758} INFO - Processing file /home/airflow/.local/lib/python3.7/site-packages/airflow/example_dags/tutorial_dag.py for tasks to queue
[2022-09-24T20:12:21.823+0000] {logging_mixin.py:117} INFO - [2022-09-24T20:12:21.822+0000] {dagbag.py:525} INFO - Filling up the DagBag from /home/airflow/.local/lib/python3.7/site-packages/airflow/example_dags/tutorial_dag.py
[2022-09-24T20:12:21.917+0000] {processor.py:768} INFO - DAG(s) dict_keys(['tutorial_dag']) retrieved from /home/airflow/.local/lib/python3.7/site-packages/airflow/example_dags/tutorial_dag.py
[2022-09-24T20:12:22.262+0000] {logging_mixin.py:117} INFO - [2022-09-24T20:12:22.261+0000] {dag.py:2573} INFO - Sync 1 DAGs
[2022-09-24T20:12:22.340+0000] {logging_mixin.py:117} INFO - [2022-09-24T20:12:22.340+0000] {dag.py:3328} INFO - Setting next_dagrun for tutorial_dag to None, run_after=None
[2022-09-24T20:12:22.384+0000] {processor.py:178} INFO - Processing /home/airflow/.local/lib/python3.7/site-packages/airflow/example_dags/tutorial_dag.py took 0.576 seconds
[2022-09-24T20:12:53.672+0000] {processor.py:156} INFO - Started process (PID=8653) to work on /home/airflow/.local/lib/python3.7/site-packages/airflow/example_dags/tutorial_dag.py
[2022-09-24T20:12:53.704+0000] {processor.py:758} INFO - Processing file /home/airflow/.local/lib/python3.7/site-packages/airflow/example_dags/tutorial_dag.py for tasks to queue
[2022-09-24T20:12:53.738+0000] {logging_mixin.py:117} INFO - [2022-09-24T20:12:53.726+0000] {dagbag.py:525} INFO - Filling up the DagBag from /home/airflow/.local/lib/python3.7/site-packages/airflow/example_dags/tutorial_dag.py
[2022-09-24T20:12:54.040+0000] {processor.py:768} INFO - DAG(s) dict_keys(['tutorial_dag']) retrieved from /home/airflow/.local/lib/python3.7/site-packages/airflow/example_dags/tutorial_dag.py
[2022-09-24T20:12:54.370+0000] {logging_mixin.py:117} INFO - [2022-09-24T20:12:54.370+0000] {dag.py:2573} INFO - Sync 1 DAGs
[2022-09-24T20:12:54.506+0000] {logging_mixin.py:117} INFO - [2022-09-24T20:12:54.506+0000] {dag.py:3328} INFO - Setting next_dagrun for tutorial_dag to None, run_after=None
[2022-09-24T20:12:54.592+0000] {processor.py:178} INFO - Processing /home/airflow/.local/lib/python3.7/site-packages/airflow/example_dags/tutorial_dag.py took 0.994 seconds
[2022-09-24T20:13:24.890+0000] {processor.py:156} INFO - Started process (PID=8851) to work on /home/airflow/.local/lib/python3.7/site-packages/airflow/example_dags/tutorial_dag.py
[2022-09-24T20:13:24.895+0000] {processor.py:758} INFO - Processing file /home/airflow/.local/lib/python3.7/site-packages/airflow/example_dags/tutorial_dag.py for tasks to queue
[2022-09-24T20:13:24.900+0000] {logging_mixin.py:117} INFO - [2022-09-24T20:13:24.900+0000] {dagbag.py:525} INFO - Filling up the DagBag from /home/airflow/.local/lib/python3.7/site-packages/airflow/example_dags/tutorial_dag.py
[2022-09-24T20:13:24.946+0000] {processor.py:768} INFO - DAG(s) dict_keys(['tutorial_dag']) retrieved from /home/airflow/.local/lib/python3.7/site-packages/airflow/example_dags/tutorial_dag.py
[2022-09-24T20:13:25.046+0000] {logging_mixin.py:117} INFO - [2022-09-24T20:13:25.046+0000] {dag.py:2573} INFO - Sync 1 DAGs
[2022-09-24T20:13:25.136+0000] {logging_mixin.py:117} INFO - [2022-09-24T20:13:25.136+0000] {dag.py:3328} INFO - Setting next_dagrun for tutorial_dag to None, run_after=None
[2022-09-24T20:13:25.188+0000] {processor.py:178} INFO - Processing /home/airflow/.local/lib/python3.7/site-packages/airflow/example_dags/tutorial_dag.py took 0.313 seconds
[2022-09-24T20:13:55.433+0000] {processor.py:156} INFO - Started process (PID=9047) to work on /home/airflow/.local/lib/python3.7/site-packages/airflow/example_dags/tutorial_dag.py
[2022-09-24T20:13:55.437+0000] {processor.py:758} INFO - Processing file /home/airflow/.local/lib/python3.7/site-packages/airflow/example_dags/tutorial_dag.py for tasks to queue
[2022-09-24T20:13:55.439+0000] {logging_mixin.py:117} INFO - [2022-09-24T20:13:55.439+0000] {dagbag.py:525} INFO - Filling up the DagBag from /home/airflow/.local/lib/python3.7/site-packages/airflow/example_dags/tutorial_dag.py
[2022-09-24T20:13:55.472+0000] {processor.py:768} INFO - DAG(s) dict_keys(['tutorial_dag']) retrieved from /home/airflow/.local/lib/python3.7/site-packages/airflow/example_dags/tutorial_dag.py
[2022-09-24T20:13:55.581+0000] {logging_mixin.py:117} INFO - [2022-09-24T20:13:55.581+0000] {dag.py:2573} INFO - Sync 1 DAGs
[2022-09-24T20:13:55.641+0000] {logging_mixin.py:117} INFO - [2022-09-24T20:13:55.641+0000] {dag.py:3328} INFO - Setting next_dagrun for tutorial_dag to None, run_after=None
[2022-09-24T20:13:55.695+0000] {processor.py:178} INFO - Processing /home/airflow/.local/lib/python3.7/site-packages/airflow/example_dags/tutorial_dag.py took 0.275 seconds
[2022-09-24T20:14:34.049+0000] {processor.py:156} INFO - Started process (PID=9247) to work on /home/airflow/.local/lib/python3.7/site-packages/airflow/example_dags/tutorial_dag.py
[2022-09-24T20:14:34.055+0000] {processor.py:758} INFO - Processing file /home/airflow/.local/lib/python3.7/site-packages/airflow/example_dags/tutorial_dag.py for tasks to queue
[2022-09-24T20:14:34.059+0000] {logging_mixin.py:117} INFO - [2022-09-24T20:14:34.058+0000] {dagbag.py:525} INFO - Filling up the DagBag from /home/airflow/.local/lib/python3.7/site-packages/airflow/example_dags/tutorial_dag.py
[2022-09-24T20:14:34.120+0000] {processor.py:768} INFO - DAG(s) dict_keys(['tutorial_dag']) retrieved from /home/airflow/.local/lib/python3.7/site-packages/airflow/example_dags/tutorial_dag.py
[2022-09-24T20:14:34.305+0000] {logging_mixin.py:117} INFO - [2022-09-24T20:14:34.305+0000] {dag.py:2573} INFO - Sync 1 DAGs
[2022-09-24T20:14:34.412+0000] {logging_mixin.py:117} INFO - [2022-09-24T20:14:34.411+0000] {dag.py:3328} INFO - Setting next_dagrun for tutorial_dag to None, run_after=None
[2022-09-24T20:14:34.485+0000] {processor.py:178} INFO - Processing /home/airflow/.local/lib/python3.7/site-packages/airflow/example_dags/tutorial_dag.py took 0.449 seconds
[2022-09-24T20:15:05.655+0000] {processor.py:156} INFO - Started process (PID=9436) to work on /home/airflow/.local/lib/python3.7/site-packages/airflow/example_dags/tutorial_dag.py
[2022-09-24T20:15:05.658+0000] {processor.py:758} INFO - Processing file /home/airflow/.local/lib/python3.7/site-packages/airflow/example_dags/tutorial_dag.py for tasks to queue
[2022-09-24T20:15:05.661+0000] {logging_mixin.py:117} INFO - [2022-09-24T20:15:05.660+0000] {dagbag.py:525} INFO - Filling up the DagBag from /home/airflow/.local/lib/python3.7/site-packages/airflow/example_dags/tutorial_dag.py
[2022-09-24T20:15:05.876+0000] {processor.py:768} INFO - DAG(s) dict_keys(['tutorial_dag']) retrieved from /home/airflow/.local/lib/python3.7/site-packages/airflow/example_dags/tutorial_dag.py
[2022-09-24T20:15:06.414+0000] {logging_mixin.py:117} INFO - [2022-09-24T20:15:06.413+0000] {dag.py:2573} INFO - Sync 1 DAGs
[2022-09-24T20:15:06.687+0000] {logging_mixin.py:117} INFO - [2022-09-24T20:15:06.687+0000] {dag.py:3328} INFO - Setting next_dagrun for tutorial_dag to None, run_after=None
[2022-09-24T20:15:06.868+0000] {processor.py:178} INFO - Processing /home/airflow/.local/lib/python3.7/site-packages/airflow/example_dags/tutorial_dag.py took 1.256 seconds
[2022-09-24T20:15:39.682+0000] {processor.py:156} INFO - Started process (PID=9637) to work on /home/airflow/.local/lib/python3.7/site-packages/airflow/example_dags/tutorial_dag.py
[2022-09-24T20:15:39.688+0000] {processor.py:758} INFO - Processing file /home/airflow/.local/lib/python3.7/site-packages/airflow/example_dags/tutorial_dag.py for tasks to queue
[2022-09-24T20:15:39.692+0000] {logging_mixin.py:117} INFO - [2022-09-24T20:15:39.691+0000] {dagbag.py:525} INFO - Filling up the DagBag from /home/airflow/.local/lib/python3.7/site-packages/airflow/example_dags/tutorial_dag.py
[2022-09-24T20:15:39.746+0000] {processor.py:768} INFO - DAG(s) dict_keys(['tutorial_dag']) retrieved from /home/airflow/.local/lib/python3.7/site-packages/airflow/example_dags/tutorial_dag.py
[2022-09-24T20:15:39.925+0000] {logging_mixin.py:117} INFO - [2022-09-24T20:15:39.925+0000] {dag.py:2573} INFO - Sync 1 DAGs
[2022-09-24T20:15:40.079+0000] {logging_mixin.py:117} INFO - [2022-09-24T20:15:40.078+0000] {dag.py:3328} INFO - Setting next_dagrun for tutorial_dag to None, run_after=None
[2022-09-24T20:15:40.182+0000] {processor.py:178} INFO - Processing /home/airflow/.local/lib/python3.7/site-packages/airflow/example_dags/tutorial_dag.py took 0.602 seconds
[2022-09-24T20:16:10.556+0000] {processor.py:156} INFO - Started process (PID=9835) to work on /home/airflow/.local/lib/python3.7/site-packages/airflow/example_dags/tutorial_dag.py
[2022-09-24T20:16:10.560+0000] {processor.py:758} INFO - Processing file /home/airflow/.local/lib/python3.7/site-packages/airflow/example_dags/tutorial_dag.py for tasks to queue
[2022-09-24T20:16:10.565+0000] {logging_mixin.py:117} INFO - [2022-09-24T20:16:10.565+0000] {dagbag.py:525} INFO - Filling up the DagBag from /home/airflow/.local/lib/python3.7/site-packages/airflow/example_dags/tutorial_dag.py
[2022-09-24T20:16:10.596+0000] {processor.py:768} INFO - DAG(s) dict_keys(['tutorial_dag']) retrieved from /home/airflow/.local/lib/python3.7/site-packages/airflow/example_dags/tutorial_dag.py
[2022-09-24T20:16:10.730+0000] {logging_mixin.py:117} INFO - [2022-09-24T20:16:10.729+0000] {dag.py:2573} INFO - Sync 1 DAGs
[2022-09-24T20:16:10.849+0000] {logging_mixin.py:117} INFO - [2022-09-24T20:16:10.849+0000] {dag.py:3328} INFO - Setting next_dagrun for tutorial_dag to None, run_after=None
[2022-09-24T20:16:10.966+0000] {processor.py:178} INFO - Processing /home/airflow/.local/lib/python3.7/site-packages/airflow/example_dags/tutorial_dag.py took 0.419 seconds
[2022-09-24T20:16:42.121+0000] {processor.py:156} INFO - Started process (PID=10041) to work on /home/airflow/.local/lib/python3.7/site-packages/airflow/example_dags/tutorial_dag.py
[2022-09-24T20:16:42.129+0000] {processor.py:758} INFO - Processing file /home/airflow/.local/lib/python3.7/site-packages/airflow/example_dags/tutorial_dag.py for tasks to queue
[2022-09-24T20:16:42.135+0000] {logging_mixin.py:117} INFO - [2022-09-24T20:16:42.135+0000] {dagbag.py:525} INFO - Filling up the DagBag from /home/airflow/.local/lib/python3.7/site-packages/airflow/example_dags/tutorial_dag.py
[2022-09-24T20:16:42.179+0000] {processor.py:768} INFO - DAG(s) dict_keys(['tutorial_dag']) retrieved from /home/airflow/.local/lib/python3.7/site-packages/airflow/example_dags/tutorial_dag.py
[2022-09-24T20:16:42.290+0000] {logging_mixin.py:117} INFO - [2022-09-24T20:16:42.290+0000] {dag.py:2573} INFO - Sync 1 DAGs
[2022-09-24T20:16:42.352+0000] {logging_mixin.py:117} INFO - [2022-09-24T20:16:42.352+0000] {dag.py:3328} INFO - Setting next_dagrun for tutorial_dag to None, run_after=None
[2022-09-24T20:16:42.418+0000] {processor.py:178} INFO - Processing /home/airflow/.local/lib/python3.7/site-packages/airflow/example_dags/tutorial_dag.py took 0.312 seconds
[2022-09-24T20:17:12.829+0000] {processor.py:156} INFO - Started process (PID=10239) to work on /home/airflow/.local/lib/python3.7/site-packages/airflow/example_dags/tutorial_dag.py
[2022-09-24T20:17:12.832+0000] {processor.py:758} INFO - Processing file /home/airflow/.local/lib/python3.7/site-packages/airflow/example_dags/tutorial_dag.py for tasks to queue
[2022-09-24T20:17:12.835+0000] {logging_mixin.py:117} INFO - [2022-09-24T20:17:12.835+0000] {dagbag.py:525} INFO - Filling up the DagBag from /home/airflow/.local/lib/python3.7/site-packages/airflow/example_dags/tutorial_dag.py
[2022-09-24T20:17:12.880+0000] {processor.py:768} INFO - DAG(s) dict_keys(['tutorial_dag']) retrieved from /home/airflow/.local/lib/python3.7/site-packages/airflow/example_dags/tutorial_dag.py
[2022-09-24T20:17:12.975+0000] {logging_mixin.py:117} INFO - [2022-09-24T20:17:12.974+0000] {dag.py:2573} INFO - Sync 1 DAGs
[2022-09-24T20:17:13.032+0000] {logging_mixin.py:117} INFO - [2022-09-24T20:17:13.032+0000] {dag.py:3328} INFO - Setting next_dagrun for tutorial_dag to None, run_after=None
[2022-09-24T20:17:13.076+0000] {processor.py:178} INFO - Processing /home/airflow/.local/lib/python3.7/site-packages/airflow/example_dags/tutorial_dag.py took 0.256 seconds
[2022-09-24T20:17:43.279+0000] {processor.py:156} INFO - Started process (PID=10435) to work on /home/airflow/.local/lib/python3.7/site-packages/airflow/example_dags/tutorial_dag.py
[2022-09-24T20:17:43.282+0000] {processor.py:758} INFO - Processing file /home/airflow/.local/lib/python3.7/site-packages/airflow/example_dags/tutorial_dag.py for tasks to queue
[2022-09-24T20:17:43.287+0000] {logging_mixin.py:117} INFO - [2022-09-24T20:17:43.286+0000] {dagbag.py:525} INFO - Filling up the DagBag from /home/airflow/.local/lib/python3.7/site-packages/airflow/example_dags/tutorial_dag.py
[2022-09-24T20:17:43.324+0000] {processor.py:768} INFO - DAG(s) dict_keys(['tutorial_dag']) retrieved from /home/airflow/.local/lib/python3.7/site-packages/airflow/example_dags/tutorial_dag.py
[2022-09-24T20:17:43.423+0000] {logging_mixin.py:117} INFO - [2022-09-24T20:17:43.423+0000] {dag.py:2573} INFO - Sync 1 DAGs
[2022-09-24T20:17:43.481+0000] {logging_mixin.py:117} INFO - [2022-09-24T20:17:43.480+0000] {dag.py:3328} INFO - Setting next_dagrun for tutorial_dag to None, run_after=None
[2022-09-24T20:17:43.584+0000] {processor.py:178} INFO - Processing /home/airflow/.local/lib/python3.7/site-packages/airflow/example_dags/tutorial_dag.py took 0.320 seconds
[2022-09-24T20:18:14.508+0000] {processor.py:156} INFO - Started process (PID=10635) to work on /home/airflow/.local/lib/python3.7/site-packages/airflow/example_dags/tutorial_dag.py
[2022-09-24T20:18:14.516+0000] {processor.py:758} INFO - Processing file /home/airflow/.local/lib/python3.7/site-packages/airflow/example_dags/tutorial_dag.py for tasks to queue
[2022-09-24T20:18:14.521+0000] {logging_mixin.py:117} INFO - [2022-09-24T20:18:14.520+0000] {dagbag.py:525} INFO - Filling up the DagBag from /home/airflow/.local/lib/python3.7/site-packages/airflow/example_dags/tutorial_dag.py
[2022-09-24T20:18:14.574+0000] {processor.py:768} INFO - DAG(s) dict_keys(['tutorial_dag']) retrieved from /home/airflow/.local/lib/python3.7/site-packages/airflow/example_dags/tutorial_dag.py
[2022-09-24T20:18:14.672+0000] {logging_mixin.py:117} INFO - [2022-09-24T20:18:14.672+0000] {dag.py:2573} INFO - Sync 1 DAGs
[2022-09-24T20:18:14.730+0000] {logging_mixin.py:117} INFO - [2022-09-24T20:18:14.730+0000] {dag.py:3328} INFO - Setting next_dagrun for tutorial_dag to None, run_after=None
[2022-09-24T20:18:14.791+0000] {processor.py:178} INFO - Processing /home/airflow/.local/lib/python3.7/site-packages/airflow/example_dags/tutorial_dag.py took 0.293 seconds
[2022-09-24T20:18:45.860+0000] {processor.py:156} INFO - Started process (PID=10833) to work on /home/airflow/.local/lib/python3.7/site-packages/airflow/example_dags/tutorial_dag.py
[2022-09-24T20:18:45.863+0000] {processor.py:758} INFO - Processing file /home/airflow/.local/lib/python3.7/site-packages/airflow/example_dags/tutorial_dag.py for tasks to queue
[2022-09-24T20:18:45.867+0000] {logging_mixin.py:117} INFO - [2022-09-24T20:18:45.866+0000] {dagbag.py:525} INFO - Filling up the DagBag from /home/airflow/.local/lib/python3.7/site-packages/airflow/example_dags/tutorial_dag.py
[2022-09-24T20:18:45.899+0000] {processor.py:768} INFO - DAG(s) dict_keys(['tutorial_dag']) retrieved from /home/airflow/.local/lib/python3.7/site-packages/airflow/example_dags/tutorial_dag.py
[2022-09-24T20:18:46.027+0000] {logging_mixin.py:117} INFO - [2022-09-24T20:18:46.027+0000] {dag.py:2573} INFO - Sync 1 DAGs
[2022-09-24T20:18:46.082+0000] {logging_mixin.py:117} INFO - [2022-09-24T20:18:46.082+0000] {dag.py:3328} INFO - Setting next_dagrun for tutorial_dag to None, run_after=None
[2022-09-24T20:18:46.188+0000] {processor.py:178} INFO - Processing /home/airflow/.local/lib/python3.7/site-packages/airflow/example_dags/tutorial_dag.py took 0.338 seconds
[2022-09-24T20:19:17.037+0000] {processor.py:156} INFO - Started process (PID=11029) to work on /home/airflow/.local/lib/python3.7/site-packages/airflow/example_dags/tutorial_dag.py
[2022-09-24T20:19:17.050+0000] {processor.py:758} INFO - Processing file /home/airflow/.local/lib/python3.7/site-packages/airflow/example_dags/tutorial_dag.py for tasks to queue
[2022-09-24T20:19:17.054+0000] {logging_mixin.py:117} INFO - [2022-09-24T20:19:17.054+0000] {dagbag.py:525} INFO - Filling up the DagBag from /home/airflow/.local/lib/python3.7/site-packages/airflow/example_dags/tutorial_dag.py
[2022-09-24T20:19:17.113+0000] {processor.py:768} INFO - DAG(s) dict_keys(['tutorial_dag']) retrieved from /home/airflow/.local/lib/python3.7/site-packages/airflow/example_dags/tutorial_dag.py
[2022-09-24T20:19:17.203+0000] {logging_mixin.py:117} INFO - [2022-09-24T20:19:17.203+0000] {dag.py:2573} INFO - Sync 1 DAGs
[2022-09-24T20:19:17.269+0000] {logging_mixin.py:117} INFO - [2022-09-24T20:19:17.269+0000] {dag.py:3328} INFO - Setting next_dagrun for tutorial_dag to None, run_after=None
[2022-09-24T20:19:17.306+0000] {processor.py:178} INFO - Processing /home/airflow/.local/lib/python3.7/site-packages/airflow/example_dags/tutorial_dag.py took 0.297 seconds
[2022-09-24T20:19:48.887+0000] {processor.py:156} INFO - Started process (PID=11228) to work on /home/airflow/.local/lib/python3.7/site-packages/airflow/example_dags/tutorial_dag.py
[2022-09-24T20:19:48.891+0000] {processor.py:758} INFO - Processing file /home/airflow/.local/lib/python3.7/site-packages/airflow/example_dags/tutorial_dag.py for tasks to queue
[2022-09-24T20:19:48.896+0000] {logging_mixin.py:117} INFO - [2022-09-24T20:19:48.896+0000] {dagbag.py:525} INFO - Filling up the DagBag from /home/airflow/.local/lib/python3.7/site-packages/airflow/example_dags/tutorial_dag.py
[2022-09-24T20:19:48.935+0000] {processor.py:768} INFO - DAG(s) dict_keys(['tutorial_dag']) retrieved from /home/airflow/.local/lib/python3.7/site-packages/airflow/example_dags/tutorial_dag.py
[2022-09-24T20:19:49.084+0000] {logging_mixin.py:117} INFO - [2022-09-24T20:19:49.084+0000] {dag.py:2573} INFO - Sync 1 DAGs
[2022-09-24T20:19:49.211+0000] {logging_mixin.py:117} INFO - [2022-09-24T20:19:49.211+0000] {dag.py:3328} INFO - Setting next_dagrun for tutorial_dag to None, run_after=None
[2022-09-24T20:19:49.356+0000] {processor.py:178} INFO - Processing /home/airflow/.local/lib/python3.7/site-packages/airflow/example_dags/tutorial_dag.py took 0.483 seconds
[2022-09-24T20:20:19.767+0000] {processor.py:156} INFO - Started process (PID=11419) to work on /home/airflow/.local/lib/python3.7/site-packages/airflow/example_dags/tutorial_dag.py
[2022-09-24T20:20:19.774+0000] {processor.py:758} INFO - Processing file /home/airflow/.local/lib/python3.7/site-packages/airflow/example_dags/tutorial_dag.py for tasks to queue
[2022-09-24T20:20:19.780+0000] {logging_mixin.py:117} INFO - [2022-09-24T20:20:19.780+0000] {dagbag.py:525} INFO - Filling up the DagBag from /home/airflow/.local/lib/python3.7/site-packages/airflow/example_dags/tutorial_dag.py
[2022-09-24T20:20:19.853+0000] {processor.py:768} INFO - DAG(s) dict_keys(['tutorial_dag']) retrieved from /home/airflow/.local/lib/python3.7/site-packages/airflow/example_dags/tutorial_dag.py
[2022-09-24T20:20:20.052+0000] {logging_mixin.py:117} INFO - [2022-09-24T20:20:20.052+0000] {dag.py:2573} INFO - Sync 1 DAGs
[2022-09-24T20:20:20.174+0000] {logging_mixin.py:117} INFO - [2022-09-24T20:20:20.174+0000] {dag.py:3328} INFO - Setting next_dagrun for tutorial_dag to None, run_after=None
[2022-09-24T20:20:20.227+0000] {processor.py:178} INFO - Processing /home/airflow/.local/lib/python3.7/site-packages/airflow/example_dags/tutorial_dag.py took 0.477 seconds
[2022-09-24T20:20:50.413+0000] {processor.py:156} INFO - Started process (PID=11629) to work on /home/airflow/.local/lib/python3.7/site-packages/airflow/example_dags/tutorial_dag.py
[2022-09-24T20:20:50.416+0000] {processor.py:758} INFO - Processing file /home/airflow/.local/lib/python3.7/site-packages/airflow/example_dags/tutorial_dag.py for tasks to queue
[2022-09-24T20:20:50.420+0000] {logging_mixin.py:117} INFO - [2022-09-24T20:20:50.419+0000] {dagbag.py:525} INFO - Filling up the DagBag from /home/airflow/.local/lib/python3.7/site-packages/airflow/example_dags/tutorial_dag.py
[2022-09-24T20:20:50.446+0000] {processor.py:768} INFO - DAG(s) dict_keys(['tutorial_dag']) retrieved from /home/airflow/.local/lib/python3.7/site-packages/airflow/example_dags/tutorial_dag.py
[2022-09-24T20:20:50.514+0000] {logging_mixin.py:117} INFO - [2022-09-24T20:20:50.514+0000] {dag.py:2573} INFO - Sync 1 DAGs
[2022-09-24T20:20:50.559+0000] {logging_mixin.py:117} INFO - [2022-09-24T20:20:50.559+0000] {dag.py:3328} INFO - Setting next_dagrun for tutorial_dag to None, run_after=None
[2022-09-24T20:20:50.601+0000] {processor.py:178} INFO - Processing /home/airflow/.local/lib/python3.7/site-packages/airflow/example_dags/tutorial_dag.py took 0.193 seconds
[2022-09-24T20:21:20.696+0000] {processor.py:156} INFO - Started process (PID=11826) to work on /home/airflow/.local/lib/python3.7/site-packages/airflow/example_dags/tutorial_dag.py
[2022-09-24T20:21:20.701+0000] {processor.py:758} INFO - Processing file /home/airflow/.local/lib/python3.7/site-packages/airflow/example_dags/tutorial_dag.py for tasks to queue
[2022-09-24T20:21:20.704+0000] {logging_mixin.py:117} INFO - [2022-09-24T20:21:20.704+0000] {dagbag.py:525} INFO - Filling up the DagBag from /home/airflow/.local/lib/python3.7/site-packages/airflow/example_dags/tutorial_dag.py
[2022-09-24T20:21:20.739+0000] {processor.py:768} INFO - DAG(s) dict_keys(['tutorial_dag']) retrieved from /home/airflow/.local/lib/python3.7/site-packages/airflow/example_dags/tutorial_dag.py
[2022-09-24T20:21:20.856+0000] {logging_mixin.py:117} INFO - [2022-09-24T20:21:20.856+0000] {dag.py:2573} INFO - Sync 1 DAGs
[2022-09-24T20:21:20.925+0000] {logging_mixin.py:117} INFO - [2022-09-24T20:21:20.925+0000] {dag.py:3328} INFO - Setting next_dagrun for tutorial_dag to None, run_after=None
[2022-09-24T20:21:20.975+0000] {processor.py:178} INFO - Processing /home/airflow/.local/lib/python3.7/site-packages/airflow/example_dags/tutorial_dag.py took 0.291 seconds
