[2022-09-24T19:50:40.633+0000] {processor.py:156} INFO - Started process (PID=195) to work on /home/airflow/.local/lib/python3.7/site-packages/airflow/example_dags/tutorial_taskflow_api.py
[2022-09-24T19:50:40.641+0000] {processor.py:758} INFO - Processing file /home/airflow/.local/lib/python3.7/site-packages/airflow/example_dags/tutorial_taskflow_api.py for tasks to queue
[2022-09-24T19:50:40.645+0000] {logging_mixin.py:117} INFO - [2022-09-24T19:50:40.644+0000] {dagbag.py:525} INFO - Filling up the DagBag from /home/airflow/.local/lib/python3.7/site-packages/airflow/example_dags/tutorial_taskflow_api.py
[2022-09-24T19:50:40.834+0000] {processor.py:768} INFO - DAG(s) dict_keys(['tutorial_taskflow_api']) retrieved from /home/airflow/.local/lib/python3.7/site-packages/airflow/example_dags/tutorial_taskflow_api.py
[2022-09-24T19:50:41.241+0000] {logging_mixin.py:117} INFO - [2022-09-24T19:50:41.240+0000] {dag.py:2573} INFO - Sync 1 DAGs
[2022-09-24T19:50:41.405+0000] {logging_mixin.py:117} INFO - [2022-09-24T19:50:41.405+0000] {dag.py:3328} INFO - Setting next_dagrun for tutorial_taskflow_api to None, run_after=None
[2022-09-24T19:50:41.526+0000] {processor.py:178} INFO - Processing /home/airflow/.local/lib/python3.7/site-packages/airflow/example_dags/tutorial_taskflow_api.py took 0.920 seconds
[2022-09-24T19:51:12.533+0000] {processor.py:156} INFO - Started process (PID=393) to work on /home/airflow/.local/lib/python3.7/site-packages/airflow/example_dags/tutorial_taskflow_api.py
[2022-09-24T19:51:12.548+0000] {processor.py:758} INFO - Processing file /home/airflow/.local/lib/python3.7/site-packages/airflow/example_dags/tutorial_taskflow_api.py for tasks to queue
[2022-09-24T19:51:12.559+0000] {logging_mixin.py:117} INFO - [2022-09-24T19:51:12.558+0000] {dagbag.py:525} INFO - Filling up the DagBag from /home/airflow/.local/lib/python3.7/site-packages/airflow/example_dags/tutorial_taskflow_api.py
[2022-09-24T19:51:12.720+0000] {processor.py:768} INFO - DAG(s) dict_keys(['tutorial_taskflow_api']) retrieved from /home/airflow/.local/lib/python3.7/site-packages/airflow/example_dags/tutorial_taskflow_api.py
[2022-09-24T19:51:12.932+0000] {logging_mixin.py:117} INFO - [2022-09-24T19:51:12.932+0000] {dag.py:2573} INFO - Sync 1 DAGs
[2022-09-24T19:51:13.046+0000] {logging_mixin.py:117} INFO - [2022-09-24T19:51:13.045+0000] {dag.py:3328} INFO - Setting next_dagrun for tutorial_taskflow_api to None, run_after=None
[2022-09-24T19:51:13.727+0000] {processor.py:178} INFO - Processing /home/airflow/.local/lib/python3.7/site-packages/airflow/example_dags/tutorial_taskflow_api.py took 1.211 seconds
[2022-09-24T19:51:44.311+0000] {processor.py:156} INFO - Started process (PID=598) to work on /home/airflow/.local/lib/python3.7/site-packages/airflow/example_dags/tutorial_taskflow_api.py
[2022-09-24T19:51:44.319+0000] {processor.py:758} INFO - Processing file /home/airflow/.local/lib/python3.7/site-packages/airflow/example_dags/tutorial_taskflow_api.py for tasks to queue
[2022-09-24T19:51:44.324+0000] {logging_mixin.py:117} INFO - [2022-09-24T19:51:44.324+0000] {dagbag.py:525} INFO - Filling up the DagBag from /home/airflow/.local/lib/python3.7/site-packages/airflow/example_dags/tutorial_taskflow_api.py
[2022-09-24T19:51:44.419+0000] {processor.py:768} INFO - DAG(s) dict_keys(['tutorial_taskflow_api']) retrieved from /home/airflow/.local/lib/python3.7/site-packages/airflow/example_dags/tutorial_taskflow_api.py
[2022-09-24T19:51:44.508+0000] {logging_mixin.py:117} INFO - [2022-09-24T19:51:44.508+0000] {dag.py:2573} INFO - Sync 1 DAGs
[2022-09-24T19:51:44.932+0000] {logging_mixin.py:117} INFO - [2022-09-24T19:51:44.932+0000] {dag.py:3328} INFO - Setting next_dagrun for tutorial_taskflow_api to None, run_after=None
[2022-09-24T19:51:45.002+0000] {processor.py:178} INFO - Processing /home/airflow/.local/lib/python3.7/site-packages/airflow/example_dags/tutorial_taskflow_api.py took 0.697 seconds
[2022-09-24T19:52:16.250+0000] {processor.py:156} INFO - Started process (PID=792) to work on /home/airflow/.local/lib/python3.7/site-packages/airflow/example_dags/tutorial_taskflow_api.py
[2022-09-24T19:52:16.260+0000] {processor.py:758} INFO - Processing file /home/airflow/.local/lib/python3.7/site-packages/airflow/example_dags/tutorial_taskflow_api.py for tasks to queue
[2022-09-24T19:52:16.264+0000] {logging_mixin.py:117} INFO - [2022-09-24T19:52:16.263+0000] {dagbag.py:525} INFO - Filling up the DagBag from /home/airflow/.local/lib/python3.7/site-packages/airflow/example_dags/tutorial_taskflow_api.py
[2022-09-24T19:52:16.378+0000] {processor.py:768} INFO - DAG(s) dict_keys(['tutorial_taskflow_api']) retrieved from /home/airflow/.local/lib/python3.7/site-packages/airflow/example_dags/tutorial_taskflow_api.py
[2022-09-24T19:52:16.505+0000] {logging_mixin.py:117} INFO - [2022-09-24T19:52:16.504+0000] {dag.py:2573} INFO - Sync 1 DAGs
[2022-09-24T19:52:16.793+0000] {logging_mixin.py:117} INFO - [2022-09-24T19:52:16.792+0000] {dag.py:3328} INFO - Setting next_dagrun for tutorial_taskflow_api to None, run_after=None
[2022-09-24T19:52:16.833+0000] {processor.py:178} INFO - Processing /home/airflow/.local/lib/python3.7/site-packages/airflow/example_dags/tutorial_taskflow_api.py took 0.596 seconds
[2022-09-24T19:52:47.220+0000] {processor.py:156} INFO - Started process (PID=989) to work on /home/airflow/.local/lib/python3.7/site-packages/airflow/example_dags/tutorial_taskflow_api.py
[2022-09-24T19:52:47.231+0000] {processor.py:758} INFO - Processing file /home/airflow/.local/lib/python3.7/site-packages/airflow/example_dags/tutorial_taskflow_api.py for tasks to queue
[2022-09-24T19:52:47.240+0000] {logging_mixin.py:117} INFO - [2022-09-24T19:52:47.237+0000] {dagbag.py:525} INFO - Filling up the DagBag from /home/airflow/.local/lib/python3.7/site-packages/airflow/example_dags/tutorial_taskflow_api.py
[2022-09-24T19:52:47.340+0000] {processor.py:768} INFO - DAG(s) dict_keys(['tutorial_taskflow_api']) retrieved from /home/airflow/.local/lib/python3.7/site-packages/airflow/example_dags/tutorial_taskflow_api.py
[2022-09-24T19:52:47.760+0000] {logging_mixin.py:117} INFO - [2022-09-24T19:52:47.759+0000] {dag.py:2573} INFO - Sync 1 DAGs
[2022-09-24T19:52:47.810+0000] {logging_mixin.py:117} INFO - [2022-09-24T19:52:47.810+0000] {dag.py:3328} INFO - Setting next_dagrun for tutorial_taskflow_api to None, run_after=None
[2022-09-24T19:52:47.849+0000] {processor.py:178} INFO - Processing /home/airflow/.local/lib/python3.7/site-packages/airflow/example_dags/tutorial_taskflow_api.py took 0.649 seconds
[2022-09-24T19:53:22.985+0000] {processor.py:156} INFO - Started process (PID=1193) to work on /home/airflow/.local/lib/python3.7/site-packages/airflow/example_dags/tutorial_taskflow_api.py
[2022-09-24T19:53:23.002+0000] {processor.py:758} INFO - Processing file /home/airflow/.local/lib/python3.7/site-packages/airflow/example_dags/tutorial_taskflow_api.py for tasks to queue
[2022-09-24T19:53:23.016+0000] {logging_mixin.py:117} INFO - [2022-09-24T19:53:23.015+0000] {dagbag.py:525} INFO - Filling up the DagBag from /home/airflow/.local/lib/python3.7/site-packages/airflow/example_dags/tutorial_taskflow_api.py
[2022-09-24T19:53:24.768+0000] {processor.py:768} INFO - DAG(s) dict_keys(['tutorial_taskflow_api']) retrieved from /home/airflow/.local/lib/python3.7/site-packages/airflow/example_dags/tutorial_taskflow_api.py
[2022-09-24T19:53:26.285+0000] {logging_mixin.py:117} INFO - [2022-09-24T19:53:26.285+0000] {dag.py:2573} INFO - Sync 1 DAGs
[2022-09-24T19:53:26.428+0000] {logging_mixin.py:117} INFO - [2022-09-24T19:53:26.427+0000] {dag.py:3328} INFO - Setting next_dagrun for tutorial_taskflow_api to None, run_after=None
[2022-09-24T19:53:26.521+0000] {processor.py:178} INFO - Processing /home/airflow/.local/lib/python3.7/site-packages/airflow/example_dags/tutorial_taskflow_api.py took 3.586 seconds
[2022-09-24T19:53:57.214+0000] {processor.py:156} INFO - Started process (PID=1395) to work on /home/airflow/.local/lib/python3.7/site-packages/airflow/example_dags/tutorial_taskflow_api.py
[2022-09-24T19:53:57.219+0000] {processor.py:758} INFO - Processing file /home/airflow/.local/lib/python3.7/site-packages/airflow/example_dags/tutorial_taskflow_api.py for tasks to queue
[2022-09-24T19:53:57.224+0000] {logging_mixin.py:117} INFO - [2022-09-24T19:53:57.224+0000] {dagbag.py:525} INFO - Filling up the DagBag from /home/airflow/.local/lib/python3.7/site-packages/airflow/example_dags/tutorial_taskflow_api.py
[2022-09-24T19:53:57.456+0000] {processor.py:768} INFO - DAG(s) dict_keys(['tutorial_taskflow_api']) retrieved from /home/airflow/.local/lib/python3.7/site-packages/airflow/example_dags/tutorial_taskflow_api.py
[2022-09-24T19:53:57.527+0000] {logging_mixin.py:117} INFO - [2022-09-24T19:53:57.527+0000] {dag.py:2573} INFO - Sync 1 DAGs
[2022-09-24T19:53:57.598+0000] {logging_mixin.py:117} INFO - [2022-09-24T19:53:57.597+0000] {dag.py:3328} INFO - Setting next_dagrun for tutorial_taskflow_api to None, run_after=None
[2022-09-24T19:53:57.670+0000] {processor.py:178} INFO - Processing /home/airflow/.local/lib/python3.7/site-packages/airflow/example_dags/tutorial_taskflow_api.py took 0.466 seconds
[2022-09-24T19:54:28.217+0000] {processor.py:156} INFO - Started process (PID=1593) to work on /home/airflow/.local/lib/python3.7/site-packages/airflow/example_dags/tutorial_taskflow_api.py
[2022-09-24T19:54:28.221+0000] {processor.py:758} INFO - Processing file /home/airflow/.local/lib/python3.7/site-packages/airflow/example_dags/tutorial_taskflow_api.py for tasks to queue
[2022-09-24T19:54:28.224+0000] {logging_mixin.py:117} INFO - [2022-09-24T19:54:28.224+0000] {dagbag.py:525} INFO - Filling up the DagBag from /home/airflow/.local/lib/python3.7/site-packages/airflow/example_dags/tutorial_taskflow_api.py
[2022-09-24T19:54:28.500+0000] {processor.py:768} INFO - DAG(s) dict_keys(['tutorial_taskflow_api']) retrieved from /home/airflow/.local/lib/python3.7/site-packages/airflow/example_dags/tutorial_taskflow_api.py
[2022-09-24T19:54:28.569+0000] {logging_mixin.py:117} INFO - [2022-09-24T19:54:28.569+0000] {dag.py:2573} INFO - Sync 1 DAGs
[2022-09-24T19:54:28.614+0000] {logging_mixin.py:117} INFO - [2022-09-24T19:54:28.614+0000] {dag.py:3328} INFO - Setting next_dagrun for tutorial_taskflow_api to None, run_after=None
[2022-09-24T19:54:28.722+0000] {processor.py:178} INFO - Processing /home/airflow/.local/lib/python3.7/site-packages/airflow/example_dags/tutorial_taskflow_api.py took 0.513 seconds
[2022-09-24T19:54:59.437+0000] {processor.py:156} INFO - Started process (PID=1790) to work on /home/airflow/.local/lib/python3.7/site-packages/airflow/example_dags/tutorial_taskflow_api.py
[2022-09-24T19:54:59.445+0000] {processor.py:758} INFO - Processing file /home/airflow/.local/lib/python3.7/site-packages/airflow/example_dags/tutorial_taskflow_api.py for tasks to queue
[2022-09-24T19:54:59.452+0000] {logging_mixin.py:117} INFO - [2022-09-24T19:54:59.451+0000] {dagbag.py:525} INFO - Filling up the DagBag from /home/airflow/.local/lib/python3.7/site-packages/airflow/example_dags/tutorial_taskflow_api.py
[2022-09-24T19:54:59.533+0000] {processor.py:768} INFO - DAG(s) dict_keys(['tutorial_taskflow_api']) retrieved from /home/airflow/.local/lib/python3.7/site-packages/airflow/example_dags/tutorial_taskflow_api.py
[2022-09-24T19:54:59.634+0000] {logging_mixin.py:117} INFO - [2022-09-24T19:54:59.634+0000] {dag.py:2573} INFO - Sync 1 DAGs
[2022-09-24T19:54:59.711+0000] {logging_mixin.py:117} INFO - [2022-09-24T19:54:59.711+0000] {dag.py:3328} INFO - Setting next_dagrun for tutorial_taskflow_api to None, run_after=None
[2022-09-24T19:54:59.779+0000] {processor.py:178} INFO - Processing /home/airflow/.local/lib/python3.7/site-packages/airflow/example_dags/tutorial_taskflow_api.py took 0.354 seconds
[2022-09-24T19:55:30.563+0000] {processor.py:156} INFO - Started process (PID=1988) to work on /home/airflow/.local/lib/python3.7/site-packages/airflow/example_dags/tutorial_taskflow_api.py
[2022-09-24T19:55:30.566+0000] {processor.py:758} INFO - Processing file /home/airflow/.local/lib/python3.7/site-packages/airflow/example_dags/tutorial_taskflow_api.py for tasks to queue
[2022-09-24T19:55:30.576+0000] {logging_mixin.py:117} INFO - [2022-09-24T19:55:30.575+0000] {dagbag.py:525} INFO - Filling up the DagBag from /home/airflow/.local/lib/python3.7/site-packages/airflow/example_dags/tutorial_taskflow_api.py
[2022-09-24T19:55:30.683+0000] {processor.py:768} INFO - DAG(s) dict_keys(['tutorial_taskflow_api']) retrieved from /home/airflow/.local/lib/python3.7/site-packages/airflow/example_dags/tutorial_taskflow_api.py
[2022-09-24T19:55:30.844+0000] {logging_mixin.py:117} INFO - [2022-09-24T19:55:30.844+0000] {dag.py:2573} INFO - Sync 1 DAGs
[2022-09-24T19:55:31.202+0000] {logging_mixin.py:117} INFO - [2022-09-24T19:55:31.201+0000] {dag.py:3328} INFO - Setting next_dagrun for tutorial_taskflow_api to None, run_after=None
[2022-09-24T19:55:31.312+0000] {processor.py:178} INFO - Processing /home/airflow/.local/lib/python3.7/site-packages/airflow/example_dags/tutorial_taskflow_api.py took 0.769 seconds
[2022-09-24T19:56:01.971+0000] {processor.py:156} INFO - Started process (PID=2186) to work on /home/airflow/.local/lib/python3.7/site-packages/airflow/example_dags/tutorial_taskflow_api.py
[2022-09-24T19:56:01.977+0000] {processor.py:758} INFO - Processing file /home/airflow/.local/lib/python3.7/site-packages/airflow/example_dags/tutorial_taskflow_api.py for tasks to queue
[2022-09-24T19:56:01.981+0000] {logging_mixin.py:117} INFO - [2022-09-24T19:56:01.981+0000] {dagbag.py:525} INFO - Filling up the DagBag from /home/airflow/.local/lib/python3.7/site-packages/airflow/example_dags/tutorial_taskflow_api.py
[2022-09-24T19:56:02.109+0000] {processor.py:768} INFO - DAG(s) dict_keys(['tutorial_taskflow_api']) retrieved from /home/airflow/.local/lib/python3.7/site-packages/airflow/example_dags/tutorial_taskflow_api.py
[2022-09-24T19:56:02.323+0000] {logging_mixin.py:117} INFO - [2022-09-24T19:56:02.322+0000] {dag.py:2573} INFO - Sync 1 DAGs
[2022-09-24T19:56:02.396+0000] {logging_mixin.py:117} INFO - [2022-09-24T19:56:02.395+0000] {dag.py:3328} INFO - Setting next_dagrun for tutorial_taskflow_api to None, run_after=None
[2022-09-24T19:56:02.478+0000] {processor.py:178} INFO - Processing /home/airflow/.local/lib/python3.7/site-packages/airflow/example_dags/tutorial_taskflow_api.py took 0.517 seconds
[2022-09-24T19:56:32.772+0000] {processor.py:156} INFO - Started process (PID=2389) to work on /home/airflow/.local/lib/python3.7/site-packages/airflow/example_dags/tutorial_taskflow_api.py
[2022-09-24T19:56:32.776+0000] {processor.py:758} INFO - Processing file /home/airflow/.local/lib/python3.7/site-packages/airflow/example_dags/tutorial_taskflow_api.py for tasks to queue
[2022-09-24T19:56:32.780+0000] {logging_mixin.py:117} INFO - [2022-09-24T19:56:32.780+0000] {dagbag.py:525} INFO - Filling up the DagBag from /home/airflow/.local/lib/python3.7/site-packages/airflow/example_dags/tutorial_taskflow_api.py
[2022-09-24T19:56:32.831+0000] {processor.py:768} INFO - DAG(s) dict_keys(['tutorial_taskflow_api']) retrieved from /home/airflow/.local/lib/python3.7/site-packages/airflow/example_dags/tutorial_taskflow_api.py
[2022-09-24T19:56:32.917+0000] {logging_mixin.py:117} INFO - [2022-09-24T19:56:32.916+0000] {dag.py:2573} INFO - Sync 1 DAGs
[2022-09-24T19:56:32.965+0000] {logging_mixin.py:117} INFO - [2022-09-24T19:56:32.965+0000] {dag.py:3328} INFO - Setting next_dagrun for tutorial_taskflow_api to None, run_after=None
[2022-09-24T19:56:33.005+0000] {processor.py:178} INFO - Processing /home/airflow/.local/lib/python3.7/site-packages/airflow/example_dags/tutorial_taskflow_api.py took 0.242 seconds
[2022-09-24T19:57:03.368+0000] {processor.py:156} INFO - Started process (PID=2595) to work on /home/airflow/.local/lib/python3.7/site-packages/airflow/example_dags/tutorial_taskflow_api.py
[2022-09-24T19:57:03.373+0000] {processor.py:758} INFO - Processing file /home/airflow/.local/lib/python3.7/site-packages/airflow/example_dags/tutorial_taskflow_api.py for tasks to queue
[2022-09-24T19:57:03.377+0000] {logging_mixin.py:117} INFO - [2022-09-24T19:57:03.376+0000] {dagbag.py:525} INFO - Filling up the DagBag from /home/airflow/.local/lib/python3.7/site-packages/airflow/example_dags/tutorial_taskflow_api.py
[2022-09-24T19:57:03.430+0000] {processor.py:768} INFO - DAG(s) dict_keys(['tutorial_taskflow_api']) retrieved from /home/airflow/.local/lib/python3.7/site-packages/airflow/example_dags/tutorial_taskflow_api.py
[2022-09-24T19:57:03.513+0000] {logging_mixin.py:117} INFO - [2022-09-24T19:57:03.513+0000] {dag.py:2573} INFO - Sync 1 DAGs
[2022-09-24T19:57:03.570+0000] {logging_mixin.py:117} INFO - [2022-09-24T19:57:03.570+0000] {dag.py:3328} INFO - Setting next_dagrun for tutorial_taskflow_api to None, run_after=None
[2022-09-24T19:57:03.613+0000] {processor.py:178} INFO - Processing /home/airflow/.local/lib/python3.7/site-packages/airflow/example_dags/tutorial_taskflow_api.py took 0.251 seconds
[2022-09-24T19:57:34.251+0000] {processor.py:156} INFO - Started process (PID=2774) to work on /home/airflow/.local/lib/python3.7/site-packages/airflow/example_dags/tutorial_taskflow_api.py
[2022-09-24T19:57:34.256+0000] {processor.py:758} INFO - Processing file /home/airflow/.local/lib/python3.7/site-packages/airflow/example_dags/tutorial_taskflow_api.py for tasks to queue
[2022-09-24T19:57:34.262+0000] {logging_mixin.py:117} INFO - [2022-09-24T19:57:34.261+0000] {dagbag.py:525} INFO - Filling up the DagBag from /home/airflow/.local/lib/python3.7/site-packages/airflow/example_dags/tutorial_taskflow_api.py
[2022-09-24T19:57:34.349+0000] {processor.py:768} INFO - DAG(s) dict_keys(['tutorial_taskflow_api']) retrieved from /home/airflow/.local/lib/python3.7/site-packages/airflow/example_dags/tutorial_taskflow_api.py
[2022-09-24T19:57:34.514+0000] {logging_mixin.py:117} INFO - [2022-09-24T19:57:34.513+0000] {dag.py:2573} INFO - Sync 1 DAGs
[2022-09-24T19:57:34.649+0000] {logging_mixin.py:117} INFO - [2022-09-24T19:57:34.649+0000] {dag.py:3328} INFO - Setting next_dagrun for tutorial_taskflow_api to None, run_after=None
[2022-09-24T19:57:34.797+0000] {processor.py:178} INFO - Processing /home/airflow/.local/lib/python3.7/site-packages/airflow/example_dags/tutorial_taskflow_api.py took 0.560 seconds
[2022-09-24T19:58:07.153+0000] {processor.py:156} INFO - Started process (PID=2982) to work on /home/airflow/.local/lib/python3.7/site-packages/airflow/example_dags/tutorial_taskflow_api.py
[2022-09-24T19:58:07.167+0000] {processor.py:758} INFO - Processing file /home/airflow/.local/lib/python3.7/site-packages/airflow/example_dags/tutorial_taskflow_api.py for tasks to queue
[2022-09-24T19:58:07.169+0000] {logging_mixin.py:117} INFO - [2022-09-24T19:58:07.169+0000] {dagbag.py:525} INFO - Filling up the DagBag from /home/airflow/.local/lib/python3.7/site-packages/airflow/example_dags/tutorial_taskflow_api.py
[2022-09-24T19:58:07.333+0000] {processor.py:768} INFO - DAG(s) dict_keys(['tutorial_taskflow_api']) retrieved from /home/airflow/.local/lib/python3.7/site-packages/airflow/example_dags/tutorial_taskflow_api.py
[2022-09-24T19:58:07.589+0000] {logging_mixin.py:117} INFO - [2022-09-24T19:58:07.589+0000] {dag.py:2573} INFO - Sync 1 DAGs
[2022-09-24T19:58:07.838+0000] {logging_mixin.py:117} INFO - [2022-09-24T19:58:07.838+0000] {dag.py:3328} INFO - Setting next_dagrun for tutorial_taskflow_api to None, run_after=None
[2022-09-24T19:58:08.031+0000] {processor.py:178} INFO - Processing /home/airflow/.local/lib/python3.7/site-packages/airflow/example_dags/tutorial_taskflow_api.py took 0.919 seconds
[2022-09-24T19:58:39.065+0000] {processor.py:156} INFO - Started process (PID=3180) to work on /home/airflow/.local/lib/python3.7/site-packages/airflow/example_dags/tutorial_taskflow_api.py
[2022-09-24T19:58:39.072+0000] {processor.py:758} INFO - Processing file /home/airflow/.local/lib/python3.7/site-packages/airflow/example_dags/tutorial_taskflow_api.py for tasks to queue
[2022-09-24T19:58:39.075+0000] {logging_mixin.py:117} INFO - [2022-09-24T19:58:39.075+0000] {dagbag.py:525} INFO - Filling up the DagBag from /home/airflow/.local/lib/python3.7/site-packages/airflow/example_dags/tutorial_taskflow_api.py
[2022-09-24T19:58:39.172+0000] {processor.py:768} INFO - DAG(s) dict_keys(['tutorial_taskflow_api']) retrieved from /home/airflow/.local/lib/python3.7/site-packages/airflow/example_dags/tutorial_taskflow_api.py
[2022-09-24T19:58:39.360+0000] {logging_mixin.py:117} INFO - [2022-09-24T19:58:39.360+0000] {dag.py:2573} INFO - Sync 1 DAGs
[2022-09-24T19:58:39.447+0000] {logging_mixin.py:117} INFO - [2022-09-24T19:58:39.447+0000] {dag.py:3328} INFO - Setting next_dagrun for tutorial_taskflow_api to None, run_after=None
[2022-09-24T19:58:39.526+0000] {processor.py:178} INFO - Processing /home/airflow/.local/lib/python3.7/site-packages/airflow/example_dags/tutorial_taskflow_api.py took 0.471 seconds
[2022-09-24T19:59:12.487+0000] {processor.py:156} INFO - Started process (PID=3377) to work on /home/airflow/.local/lib/python3.7/site-packages/airflow/example_dags/tutorial_taskflow_api.py
[2022-09-24T19:59:12.494+0000] {processor.py:758} INFO - Processing file /home/airflow/.local/lib/python3.7/site-packages/airflow/example_dags/tutorial_taskflow_api.py for tasks to queue
[2022-09-24T19:59:12.506+0000] {logging_mixin.py:117} INFO - [2022-09-24T19:59:12.503+0000] {dagbag.py:525} INFO - Filling up the DagBag from /home/airflow/.local/lib/python3.7/site-packages/airflow/example_dags/tutorial_taskflow_api.py
[2022-09-24T19:59:12.590+0000] {processor.py:768} INFO - DAG(s) dict_keys(['tutorial_taskflow_api']) retrieved from /home/airflow/.local/lib/python3.7/site-packages/airflow/example_dags/tutorial_taskflow_api.py
[2022-09-24T19:59:12.782+0000] {logging_mixin.py:117} INFO - [2022-09-24T19:59:12.781+0000] {dag.py:2573} INFO - Sync 1 DAGs
[2022-09-24T19:59:12.941+0000] {logging_mixin.py:117} INFO - [2022-09-24T19:59:12.940+0000] {dag.py:3328} INFO - Setting next_dagrun for tutorial_taskflow_api to None, run_after=None
[2022-09-24T19:59:13.001+0000] {processor.py:178} INFO - Processing /home/airflow/.local/lib/python3.7/site-packages/airflow/example_dags/tutorial_taskflow_api.py took 0.532 seconds
[2022-09-24T19:59:44.187+0000] {processor.py:156} INFO - Started process (PID=3577) to work on /home/airflow/.local/lib/python3.7/site-packages/airflow/example_dags/tutorial_taskflow_api.py
[2022-09-24T19:59:44.191+0000] {processor.py:758} INFO - Processing file /home/airflow/.local/lib/python3.7/site-packages/airflow/example_dags/tutorial_taskflow_api.py for tasks to queue
[2022-09-24T19:59:44.195+0000] {logging_mixin.py:117} INFO - [2022-09-24T19:59:44.194+0000] {dagbag.py:525} INFO - Filling up the DagBag from /home/airflow/.local/lib/python3.7/site-packages/airflow/example_dags/tutorial_taskflow_api.py
[2022-09-24T19:59:44.304+0000] {processor.py:768} INFO - DAG(s) dict_keys(['tutorial_taskflow_api']) retrieved from /home/airflow/.local/lib/python3.7/site-packages/airflow/example_dags/tutorial_taskflow_api.py
[2022-09-24T19:59:44.414+0000] {logging_mixin.py:117} INFO - [2022-09-24T19:59:44.413+0000] {dag.py:2573} INFO - Sync 1 DAGs
[2022-09-24T19:59:44.482+0000] {logging_mixin.py:117} INFO - [2022-09-24T19:59:44.481+0000] {dag.py:3328} INFO - Setting next_dagrun for tutorial_taskflow_api to None, run_after=None
[2022-09-24T19:59:44.554+0000] {processor.py:178} INFO - Processing /home/airflow/.local/lib/python3.7/site-packages/airflow/example_dags/tutorial_taskflow_api.py took 0.378 seconds
[2022-09-24T20:00:15.073+0000] {processor.py:156} INFO - Started process (PID=3770) to work on /home/airflow/.local/lib/python3.7/site-packages/airflow/example_dags/tutorial_taskflow_api.py
[2022-09-24T20:00:15.077+0000] {processor.py:758} INFO - Processing file /home/airflow/.local/lib/python3.7/site-packages/airflow/example_dags/tutorial_taskflow_api.py for tasks to queue
[2022-09-24T20:00:15.086+0000] {logging_mixin.py:117} INFO - [2022-09-24T20:00:15.085+0000] {dagbag.py:525} INFO - Filling up the DagBag from /home/airflow/.local/lib/python3.7/site-packages/airflow/example_dags/tutorial_taskflow_api.py
[2022-09-24T20:00:15.182+0000] {processor.py:768} INFO - DAG(s) dict_keys(['tutorial_taskflow_api']) retrieved from /home/airflow/.local/lib/python3.7/site-packages/airflow/example_dags/tutorial_taskflow_api.py
[2022-09-24T20:00:15.357+0000] {logging_mixin.py:117} INFO - [2022-09-24T20:00:15.357+0000] {dag.py:2573} INFO - Sync 1 DAGs
[2022-09-24T20:00:15.416+0000] {logging_mixin.py:117} INFO - [2022-09-24T20:00:15.416+0000] {dag.py:3328} INFO - Setting next_dagrun for tutorial_taskflow_api to None, run_after=None
[2022-09-24T20:00:15.519+0000] {processor.py:178} INFO - Processing /home/airflow/.local/lib/python3.7/site-packages/airflow/example_dags/tutorial_taskflow_api.py took 0.451 seconds
[2022-09-24T20:00:45.849+0000] {processor.py:156} INFO - Started process (PID=3968) to work on /home/airflow/.local/lib/python3.7/site-packages/airflow/example_dags/tutorial_taskflow_api.py
[2022-09-24T20:00:45.853+0000] {processor.py:758} INFO - Processing file /home/airflow/.local/lib/python3.7/site-packages/airflow/example_dags/tutorial_taskflow_api.py for tasks to queue
[2022-09-24T20:00:45.855+0000] {logging_mixin.py:117} INFO - [2022-09-24T20:00:45.855+0000] {dagbag.py:525} INFO - Filling up the DagBag from /home/airflow/.local/lib/python3.7/site-packages/airflow/example_dags/tutorial_taskflow_api.py
[2022-09-24T20:00:45.903+0000] {processor.py:768} INFO - DAG(s) dict_keys(['tutorial_taskflow_api']) retrieved from /home/airflow/.local/lib/python3.7/site-packages/airflow/example_dags/tutorial_taskflow_api.py
[2022-09-24T20:00:45.981+0000] {logging_mixin.py:117} INFO - [2022-09-24T20:00:45.980+0000] {dag.py:2573} INFO - Sync 1 DAGs
[2022-09-24T20:00:46.033+0000] {logging_mixin.py:117} INFO - [2022-09-24T20:00:46.033+0000] {dag.py:3328} INFO - Setting next_dagrun for tutorial_taskflow_api to None, run_after=None
[2022-09-24T20:00:46.105+0000] {processor.py:178} INFO - Processing /home/airflow/.local/lib/python3.7/site-packages/airflow/example_dags/tutorial_taskflow_api.py took 0.262 seconds
[2022-09-24T20:01:17.505+0000] {processor.py:156} INFO - Started process (PID=4175) to work on /home/airflow/.local/lib/python3.7/site-packages/airflow/example_dags/tutorial_taskflow_api.py
[2022-09-24T20:01:17.512+0000] {processor.py:758} INFO - Processing file /home/airflow/.local/lib/python3.7/site-packages/airflow/example_dags/tutorial_taskflow_api.py for tasks to queue
[2022-09-24T20:01:17.515+0000] {logging_mixin.py:117} INFO - [2022-09-24T20:01:17.514+0000] {dagbag.py:525} INFO - Filling up the DagBag from /home/airflow/.local/lib/python3.7/site-packages/airflow/example_dags/tutorial_taskflow_api.py
[2022-09-24T20:01:17.605+0000] {processor.py:768} INFO - DAG(s) dict_keys(['tutorial_taskflow_api']) retrieved from /home/airflow/.local/lib/python3.7/site-packages/airflow/example_dags/tutorial_taskflow_api.py
[2022-09-24T20:01:17.750+0000] {logging_mixin.py:117} INFO - [2022-09-24T20:01:17.749+0000] {dag.py:2573} INFO - Sync 1 DAGs
[2022-09-24T20:01:17.906+0000] {logging_mixin.py:117} INFO - [2022-09-24T20:01:17.905+0000] {dag.py:3328} INFO - Setting next_dagrun for tutorial_taskflow_api to None, run_after=None
[2022-09-24T20:01:17.985+0000] {processor.py:178} INFO - Processing /home/airflow/.local/lib/python3.7/site-packages/airflow/example_dags/tutorial_taskflow_api.py took 0.489 seconds
[2022-09-24T20:01:49.005+0000] {processor.py:156} INFO - Started process (PID=4351) to work on /home/airflow/.local/lib/python3.7/site-packages/airflow/example_dags/tutorial_taskflow_api.py
[2022-09-24T20:01:49.020+0000] {processor.py:758} INFO - Processing file /home/airflow/.local/lib/python3.7/site-packages/airflow/example_dags/tutorial_taskflow_api.py for tasks to queue
[2022-09-24T20:01:49.026+0000] {logging_mixin.py:117} INFO - [2022-09-24T20:01:49.024+0000] {dagbag.py:525} INFO - Filling up the DagBag from /home/airflow/.local/lib/python3.7/site-packages/airflow/example_dags/tutorial_taskflow_api.py
[2022-09-24T20:01:49.130+0000] {processor.py:768} INFO - DAG(s) dict_keys(['tutorial_taskflow_api']) retrieved from /home/airflow/.local/lib/python3.7/site-packages/airflow/example_dags/tutorial_taskflow_api.py
[2022-09-24T20:01:49.314+0000] {logging_mixin.py:117} INFO - [2022-09-24T20:01:49.314+0000] {dag.py:2573} INFO - Sync 1 DAGs
[2022-09-24T20:01:49.478+0000] {logging_mixin.py:117} INFO - [2022-09-24T20:01:49.478+0000] {dag.py:3328} INFO - Setting next_dagrun for tutorial_taskflow_api to None, run_after=None
[2022-09-24T20:01:49.571+0000] {processor.py:178} INFO - Processing /home/airflow/.local/lib/python3.7/site-packages/airflow/example_dags/tutorial_taskflow_api.py took 0.589 seconds
[2022-09-24T20:02:20.077+0000] {processor.py:156} INFO - Started process (PID=4549) to work on /home/airflow/.local/lib/python3.7/site-packages/airflow/example_dags/tutorial_taskflow_api.py
[2022-09-24T20:02:20.080+0000] {processor.py:758} INFO - Processing file /home/airflow/.local/lib/python3.7/site-packages/airflow/example_dags/tutorial_taskflow_api.py for tasks to queue
[2022-09-24T20:02:20.082+0000] {logging_mixin.py:117} INFO - [2022-09-24T20:02:20.082+0000] {dagbag.py:525} INFO - Filling up the DagBag from /home/airflow/.local/lib/python3.7/site-packages/airflow/example_dags/tutorial_taskflow_api.py
[2022-09-24T20:02:20.134+0000] {processor.py:768} INFO - DAG(s) dict_keys(['tutorial_taskflow_api']) retrieved from /home/airflow/.local/lib/python3.7/site-packages/airflow/example_dags/tutorial_taskflow_api.py
[2022-09-24T20:02:20.217+0000] {logging_mixin.py:117} INFO - [2022-09-24T20:02:20.216+0000] {dag.py:2573} INFO - Sync 1 DAGs
[2022-09-24T20:02:20.263+0000] {logging_mixin.py:117} INFO - [2022-09-24T20:02:20.263+0000] {dag.py:3328} INFO - Setting next_dagrun for tutorial_taskflow_api to None, run_after=None
[2022-09-24T20:02:20.315+0000] {processor.py:178} INFO - Processing /home/airflow/.local/lib/python3.7/site-packages/airflow/example_dags/tutorial_taskflow_api.py took 0.248 seconds
[2022-09-24T20:02:50.723+0000] {processor.py:156} INFO - Started process (PID=4748) to work on /home/airflow/.local/lib/python3.7/site-packages/airflow/example_dags/tutorial_taskflow_api.py
[2022-09-24T20:02:50.735+0000] {processor.py:758} INFO - Processing file /home/airflow/.local/lib/python3.7/site-packages/airflow/example_dags/tutorial_taskflow_api.py for tasks to queue
[2022-09-24T20:02:50.740+0000] {logging_mixin.py:117} INFO - [2022-09-24T20:02:50.740+0000] {dagbag.py:525} INFO - Filling up the DagBag from /home/airflow/.local/lib/python3.7/site-packages/airflow/example_dags/tutorial_taskflow_api.py
[2022-09-24T20:02:50.864+0000] {processor.py:768} INFO - DAG(s) dict_keys(['tutorial_taskflow_api']) retrieved from /home/airflow/.local/lib/python3.7/site-packages/airflow/example_dags/tutorial_taskflow_api.py
[2022-09-24T20:02:50.955+0000] {logging_mixin.py:117} INFO - [2022-09-24T20:02:50.954+0000] {dag.py:2573} INFO - Sync 1 DAGs
[2022-09-24T20:02:51.029+0000] {logging_mixin.py:117} INFO - [2022-09-24T20:02:51.029+0000] {dag.py:3328} INFO - Setting next_dagrun for tutorial_taskflow_api to None, run_after=None
[2022-09-24T20:02:51.074+0000] {processor.py:178} INFO - Processing /home/airflow/.local/lib/python3.7/site-packages/airflow/example_dags/tutorial_taskflow_api.py took 0.357 seconds
[2022-09-24T20:03:21.440+0000] {processor.py:156} INFO - Started process (PID=4956) to work on /home/airflow/.local/lib/python3.7/site-packages/airflow/example_dags/tutorial_taskflow_api.py
[2022-09-24T20:03:21.453+0000] {processor.py:758} INFO - Processing file /home/airflow/.local/lib/python3.7/site-packages/airflow/example_dags/tutorial_taskflow_api.py for tasks to queue
[2022-09-24T20:03:21.456+0000] {logging_mixin.py:117} INFO - [2022-09-24T20:03:21.456+0000] {dagbag.py:525} INFO - Filling up the DagBag from /home/airflow/.local/lib/python3.7/site-packages/airflow/example_dags/tutorial_taskflow_api.py
[2022-09-24T20:03:21.569+0000] {processor.py:768} INFO - DAG(s) dict_keys(['tutorial_taskflow_api']) retrieved from /home/airflow/.local/lib/python3.7/site-packages/airflow/example_dags/tutorial_taskflow_api.py
[2022-09-24T20:03:21.682+0000] {logging_mixin.py:117} INFO - [2022-09-24T20:03:21.682+0000] {dag.py:2573} INFO - Sync 1 DAGs
[2022-09-24T20:03:21.784+0000] {logging_mixin.py:117} INFO - [2022-09-24T20:03:21.783+0000] {dag.py:3328} INFO - Setting next_dagrun for tutorial_taskflow_api to None, run_after=None
[2022-09-24T20:03:21.854+0000] {processor.py:178} INFO - Processing /home/airflow/.local/lib/python3.7/site-packages/airflow/example_dags/tutorial_taskflow_api.py took 0.427 seconds
[2022-09-24T20:03:51.989+0000] {processor.py:156} INFO - Started process (PID=5145) to work on /home/airflow/.local/lib/python3.7/site-packages/airflow/example_dags/tutorial_taskflow_api.py
[2022-09-24T20:03:51.993+0000] {processor.py:758} INFO - Processing file /home/airflow/.local/lib/python3.7/site-packages/airflow/example_dags/tutorial_taskflow_api.py for tasks to queue
[2022-09-24T20:03:51.995+0000] {logging_mixin.py:117} INFO - [2022-09-24T20:03:51.995+0000] {dagbag.py:525} INFO - Filling up the DagBag from /home/airflow/.local/lib/python3.7/site-packages/airflow/example_dags/tutorial_taskflow_api.py
[2022-09-24T20:03:52.040+0000] {processor.py:768} INFO - DAG(s) dict_keys(['tutorial_taskflow_api']) retrieved from /home/airflow/.local/lib/python3.7/site-packages/airflow/example_dags/tutorial_taskflow_api.py
[2022-09-24T20:03:52.122+0000] {logging_mixin.py:117} INFO - [2022-09-24T20:03:52.121+0000] {dag.py:2573} INFO - Sync 1 DAGs
[2022-09-24T20:03:52.186+0000] {logging_mixin.py:117} INFO - [2022-09-24T20:03:52.186+0000] {dag.py:3328} INFO - Setting next_dagrun for tutorial_taskflow_api to None, run_after=None
[2022-09-24T20:03:52.231+0000] {processor.py:178} INFO - Processing /home/airflow/.local/lib/python3.7/site-packages/airflow/example_dags/tutorial_taskflow_api.py took 0.248 seconds
[2022-09-24T20:04:22.776+0000] {processor.py:156} INFO - Started process (PID=5352) to work on /home/airflow/.local/lib/python3.7/site-packages/airflow/example_dags/tutorial_taskflow_api.py
[2022-09-24T20:04:22.789+0000] {processor.py:758} INFO - Processing file /home/airflow/.local/lib/python3.7/site-packages/airflow/example_dags/tutorial_taskflow_api.py for tasks to queue
[2022-09-24T20:04:22.792+0000] {logging_mixin.py:117} INFO - [2022-09-24T20:04:22.792+0000] {dagbag.py:525} INFO - Filling up the DagBag from /home/airflow/.local/lib/python3.7/site-packages/airflow/example_dags/tutorial_taskflow_api.py
[2022-09-24T20:04:22.900+0000] {processor.py:768} INFO - DAG(s) dict_keys(['tutorial_taskflow_api']) retrieved from /home/airflow/.local/lib/python3.7/site-packages/airflow/example_dags/tutorial_taskflow_api.py
[2022-09-24T20:04:23.041+0000] {logging_mixin.py:117} INFO - [2022-09-24T20:04:23.040+0000] {dag.py:2573} INFO - Sync 1 DAGs
[2022-09-24T20:04:23.098+0000] {logging_mixin.py:117} INFO - [2022-09-24T20:04:23.097+0000] {dag.py:3328} INFO - Setting next_dagrun for tutorial_taskflow_api to None, run_after=None
[2022-09-24T20:04:23.136+0000] {processor.py:178} INFO - Processing /home/airflow/.local/lib/python3.7/site-packages/airflow/example_dags/tutorial_taskflow_api.py took 0.367 seconds
[2022-09-24T20:04:55.525+0000] {processor.py:156} INFO - Started process (PID=5550) to work on /home/airflow/.local/lib/python3.7/site-packages/airflow/example_dags/tutorial_taskflow_api.py
[2022-09-24T20:04:55.529+0000] {processor.py:758} INFO - Processing file /home/airflow/.local/lib/python3.7/site-packages/airflow/example_dags/tutorial_taskflow_api.py for tasks to queue
[2022-09-24T20:04:55.535+0000] {logging_mixin.py:117} INFO - [2022-09-24T20:04:55.534+0000] {dagbag.py:525} INFO - Filling up the DagBag from /home/airflow/.local/lib/python3.7/site-packages/airflow/example_dags/tutorial_taskflow_api.py
[2022-09-24T20:04:55.610+0000] {processor.py:768} INFO - DAG(s) dict_keys(['tutorial_taskflow_api']) retrieved from /home/airflow/.local/lib/python3.7/site-packages/airflow/example_dags/tutorial_taskflow_api.py
[2022-09-24T20:04:55.852+0000] {logging_mixin.py:117} INFO - [2022-09-24T20:04:55.836+0000] {dag.py:2573} INFO - Sync 1 DAGs
[2022-09-24T20:04:56.012+0000] {logging_mixin.py:117} INFO - [2022-09-24T20:04:56.012+0000] {dag.py:3328} INFO - Setting next_dagrun for tutorial_taskflow_api to None, run_after=None
[2022-09-24T20:04:56.092+0000] {processor.py:178} INFO - Processing /home/airflow/.local/lib/python3.7/site-packages/airflow/example_dags/tutorial_taskflow_api.py took 0.575 seconds
[2022-09-24T20:05:27.885+0000] {processor.py:156} INFO - Started process (PID=5749) to work on /home/airflow/.local/lib/python3.7/site-packages/airflow/example_dags/tutorial_taskflow_api.py
[2022-09-24T20:05:27.891+0000] {processor.py:758} INFO - Processing file /home/airflow/.local/lib/python3.7/site-packages/airflow/example_dags/tutorial_taskflow_api.py for tasks to queue
[2022-09-24T20:05:27.895+0000] {logging_mixin.py:117} INFO - [2022-09-24T20:05:27.895+0000] {dagbag.py:525} INFO - Filling up the DagBag from /home/airflow/.local/lib/python3.7/site-packages/airflow/example_dags/tutorial_taskflow_api.py
[2022-09-24T20:05:27.978+0000] {processor.py:768} INFO - DAG(s) dict_keys(['tutorial_taskflow_api']) retrieved from /home/airflow/.local/lib/python3.7/site-packages/airflow/example_dags/tutorial_taskflow_api.py
[2022-09-24T20:05:28.121+0000] {logging_mixin.py:117} INFO - [2022-09-24T20:05:28.121+0000] {dag.py:2573} INFO - Sync 1 DAGs
[2022-09-24T20:05:28.230+0000] {logging_mixin.py:117} INFO - [2022-09-24T20:05:28.229+0000] {dag.py:3328} INFO - Setting next_dagrun for tutorial_taskflow_api to None, run_after=None
[2022-09-24T20:05:28.370+0000] {processor.py:178} INFO - Processing /home/airflow/.local/lib/python3.7/site-packages/airflow/example_dags/tutorial_taskflow_api.py took 0.498 seconds
[2022-09-24T20:05:58.989+0000] {processor.py:156} INFO - Started process (PID=5944) to work on /home/airflow/.local/lib/python3.7/site-packages/airflow/example_dags/tutorial_taskflow_api.py
[2022-09-24T20:05:58.993+0000] {processor.py:758} INFO - Processing file /home/airflow/.local/lib/python3.7/site-packages/airflow/example_dags/tutorial_taskflow_api.py for tasks to queue
[2022-09-24T20:05:59.002+0000] {logging_mixin.py:117} INFO - [2022-09-24T20:05:59.001+0000] {dagbag.py:525} INFO - Filling up the DagBag from /home/airflow/.local/lib/python3.7/site-packages/airflow/example_dags/tutorial_taskflow_api.py
[2022-09-24T20:05:59.144+0000] {processor.py:768} INFO - DAG(s) dict_keys(['tutorial_taskflow_api']) retrieved from /home/airflow/.local/lib/python3.7/site-packages/airflow/example_dags/tutorial_taskflow_api.py
[2022-09-24T20:05:59.322+0000] {logging_mixin.py:117} INFO - [2022-09-24T20:05:59.321+0000] {dag.py:2573} INFO - Sync 1 DAGs
[2022-09-24T20:05:59.604+0000] {logging_mixin.py:117} INFO - [2022-09-24T20:05:59.604+0000] {dag.py:3328} INFO - Setting next_dagrun for tutorial_taskflow_api to None, run_after=None
[2022-09-24T20:05:59.670+0000] {processor.py:178} INFO - Processing /home/airflow/.local/lib/python3.7/site-packages/airflow/example_dags/tutorial_taskflow_api.py took 0.698 seconds
[2022-09-24T20:06:30.678+0000] {processor.py:156} INFO - Started process (PID=6141) to work on /home/airflow/.local/lib/python3.7/site-packages/airflow/example_dags/tutorial_taskflow_api.py
[2022-09-24T20:06:30.689+0000] {processor.py:758} INFO - Processing file /home/airflow/.local/lib/python3.7/site-packages/airflow/example_dags/tutorial_taskflow_api.py for tasks to queue
[2022-09-24T20:06:30.695+0000] {logging_mixin.py:117} INFO - [2022-09-24T20:06:30.693+0000] {dagbag.py:525} INFO - Filling up the DagBag from /home/airflow/.local/lib/python3.7/site-packages/airflow/example_dags/tutorial_taskflow_api.py
[2022-09-24T20:06:30.778+0000] {processor.py:768} INFO - DAG(s) dict_keys(['tutorial_taskflow_api']) retrieved from /home/airflow/.local/lib/python3.7/site-packages/airflow/example_dags/tutorial_taskflow_api.py
[2022-09-24T20:06:30.956+0000] {logging_mixin.py:117} INFO - [2022-09-24T20:06:30.954+0000] {dag.py:2573} INFO - Sync 1 DAGs
[2022-09-24T20:06:31.036+0000] {logging_mixin.py:117} INFO - [2022-09-24T20:06:31.036+0000] {dag.py:3328} INFO - Setting next_dagrun for tutorial_taskflow_api to None, run_after=None
[2022-09-24T20:06:31.089+0000] {processor.py:178} INFO - Processing /home/airflow/.local/lib/python3.7/site-packages/airflow/example_dags/tutorial_taskflow_api.py took 0.431 seconds
[2022-09-24T20:07:01.261+0000] {processor.py:156} INFO - Started process (PID=6339) to work on /home/airflow/.local/lib/python3.7/site-packages/airflow/example_dags/tutorial_taskflow_api.py
[2022-09-24T20:07:01.267+0000] {processor.py:758} INFO - Processing file /home/airflow/.local/lib/python3.7/site-packages/airflow/example_dags/tutorial_taskflow_api.py for tasks to queue
[2022-09-24T20:07:01.279+0000] {logging_mixin.py:117} INFO - [2022-09-24T20:07:01.278+0000] {dagbag.py:525} INFO - Filling up the DagBag from /home/airflow/.local/lib/python3.7/site-packages/airflow/example_dags/tutorial_taskflow_api.py
[2022-09-24T20:07:01.345+0000] {processor.py:768} INFO - DAG(s) dict_keys(['tutorial_taskflow_api']) retrieved from /home/airflow/.local/lib/python3.7/site-packages/airflow/example_dags/tutorial_taskflow_api.py
[2022-09-24T20:07:01.470+0000] {logging_mixin.py:117} INFO - [2022-09-24T20:07:01.469+0000] {dag.py:2573} INFO - Sync 1 DAGs
[2022-09-24T20:07:01.538+0000] {logging_mixin.py:117} INFO - [2022-09-24T20:07:01.538+0000] {dag.py:3328} INFO - Setting next_dagrun for tutorial_taskflow_api to None, run_after=None
[2022-09-24T20:07:01.608+0000] {processor.py:178} INFO - Processing /home/airflow/.local/lib/python3.7/site-packages/airflow/example_dags/tutorial_taskflow_api.py took 0.358 seconds
[2022-09-24T20:07:32.585+0000] {processor.py:156} INFO - Started process (PID=6547) to work on /home/airflow/.local/lib/python3.7/site-packages/airflow/example_dags/tutorial_taskflow_api.py
[2022-09-24T20:07:32.591+0000] {processor.py:758} INFO - Processing file /home/airflow/.local/lib/python3.7/site-packages/airflow/example_dags/tutorial_taskflow_api.py for tasks to queue
[2022-09-24T20:07:32.597+0000] {logging_mixin.py:117} INFO - [2022-09-24T20:07:32.596+0000] {dagbag.py:525} INFO - Filling up the DagBag from /home/airflow/.local/lib/python3.7/site-packages/airflow/example_dags/tutorial_taskflow_api.py
[2022-09-24T20:07:32.674+0000] {processor.py:768} INFO - DAG(s) dict_keys(['tutorial_taskflow_api']) retrieved from /home/airflow/.local/lib/python3.7/site-packages/airflow/example_dags/tutorial_taskflow_api.py
[2022-09-24T20:07:32.753+0000] {logging_mixin.py:117} INFO - [2022-09-24T20:07:32.753+0000] {dag.py:2573} INFO - Sync 1 DAGs
[2022-09-24T20:07:32.820+0000] {logging_mixin.py:117} INFO - [2022-09-24T20:07:32.820+0000] {dag.py:3328} INFO - Setting next_dagrun for tutorial_taskflow_api to None, run_after=None
[2022-09-24T20:07:32.884+0000] {processor.py:178} INFO - Processing /home/airflow/.local/lib/python3.7/site-packages/airflow/example_dags/tutorial_taskflow_api.py took 0.338 seconds
[2022-09-24T20:08:03.376+0000] {processor.py:156} INFO - Started process (PID=6745) to work on /home/airflow/.local/lib/python3.7/site-packages/airflow/example_dags/tutorial_taskflow_api.py
[2022-09-24T20:08:03.384+0000] {processor.py:758} INFO - Processing file /home/airflow/.local/lib/python3.7/site-packages/airflow/example_dags/tutorial_taskflow_api.py for tasks to queue
[2022-09-24T20:08:03.393+0000] {logging_mixin.py:117} INFO - [2022-09-24T20:08:03.393+0000] {dagbag.py:525} INFO - Filling up the DagBag from /home/airflow/.local/lib/python3.7/site-packages/airflow/example_dags/tutorial_taskflow_api.py
[2022-09-24T20:08:03.495+0000] {processor.py:768} INFO - DAG(s) dict_keys(['tutorial_taskflow_api']) retrieved from /home/airflow/.local/lib/python3.7/site-packages/airflow/example_dags/tutorial_taskflow_api.py
[2022-09-24T20:08:03.638+0000] {logging_mixin.py:117} INFO - [2022-09-24T20:08:03.638+0000] {dag.py:2573} INFO - Sync 1 DAGs
[2022-09-24T20:08:03.749+0000] {logging_mixin.py:117} INFO - [2022-09-24T20:08:03.748+0000] {dag.py:3328} INFO - Setting next_dagrun for tutorial_taskflow_api to None, run_after=None
[2022-09-24T20:08:03.840+0000] {processor.py:178} INFO - Processing /home/airflow/.local/lib/python3.7/site-packages/airflow/example_dags/tutorial_taskflow_api.py took 0.470 seconds
[2022-09-24T20:08:34.085+0000] {processor.py:156} INFO - Started process (PID=6950) to work on /home/airflow/.local/lib/python3.7/site-packages/airflow/example_dags/tutorial_taskflow_api.py
[2022-09-24T20:08:34.090+0000] {processor.py:758} INFO - Processing file /home/airflow/.local/lib/python3.7/site-packages/airflow/example_dags/tutorial_taskflow_api.py for tasks to queue
[2022-09-24T20:08:34.097+0000] {logging_mixin.py:117} INFO - [2022-09-24T20:08:34.097+0000] {dagbag.py:525} INFO - Filling up the DagBag from /home/airflow/.local/lib/python3.7/site-packages/airflow/example_dags/tutorial_taskflow_api.py
[2022-09-24T20:08:34.193+0000] {processor.py:768} INFO - DAG(s) dict_keys(['tutorial_taskflow_api']) retrieved from /home/airflow/.local/lib/python3.7/site-packages/airflow/example_dags/tutorial_taskflow_api.py
[2022-09-24T20:08:34.350+0000] {logging_mixin.py:117} INFO - [2022-09-24T20:08:34.350+0000] {dag.py:2573} INFO - Sync 1 DAGs
[2022-09-24T20:08:34.455+0000] {logging_mixin.py:117} INFO - [2022-09-24T20:08:34.455+0000] {dag.py:3328} INFO - Setting next_dagrun for tutorial_taskflow_api to None, run_after=None
[2022-09-24T20:08:34.519+0000] {processor.py:178} INFO - Processing /home/airflow/.local/lib/python3.7/site-packages/airflow/example_dags/tutorial_taskflow_api.py took 0.443 seconds
[2022-09-24T20:09:04.658+0000] {processor.py:156} INFO - Started process (PID=7145) to work on /home/airflow/.local/lib/python3.7/site-packages/airflow/example_dags/tutorial_taskflow_api.py
[2022-09-24T20:09:04.666+0000] {processor.py:758} INFO - Processing file /home/airflow/.local/lib/python3.7/site-packages/airflow/example_dags/tutorial_taskflow_api.py for tasks to queue
[2022-09-24T20:09:04.671+0000] {logging_mixin.py:117} INFO - [2022-09-24T20:09:04.671+0000] {dagbag.py:525} INFO - Filling up the DagBag from /home/airflow/.local/lib/python3.7/site-packages/airflow/example_dags/tutorial_taskflow_api.py
[2022-09-24T20:09:04.753+0000] {processor.py:768} INFO - DAG(s) dict_keys(['tutorial_taskflow_api']) retrieved from /home/airflow/.local/lib/python3.7/site-packages/airflow/example_dags/tutorial_taskflow_api.py
[2022-09-24T20:09:04.888+0000] {logging_mixin.py:117} INFO - [2022-09-24T20:09:04.887+0000] {dag.py:2573} INFO - Sync 1 DAGs
[2022-09-24T20:09:04.970+0000] {logging_mixin.py:117} INFO - [2022-09-24T20:09:04.970+0000] {dag.py:3328} INFO - Setting next_dagrun for tutorial_taskflow_api to None, run_after=None
[2022-09-24T20:09:05.065+0000] {processor.py:178} INFO - Processing /home/airflow/.local/lib/python3.7/site-packages/airflow/example_dags/tutorial_taskflow_api.py took 0.415 seconds
[2022-09-24T20:09:35.463+0000] {processor.py:156} INFO - Started process (PID=7344) to work on /home/airflow/.local/lib/python3.7/site-packages/airflow/example_dags/tutorial_taskflow_api.py
[2022-09-24T20:09:35.472+0000] {processor.py:758} INFO - Processing file /home/airflow/.local/lib/python3.7/site-packages/airflow/example_dags/tutorial_taskflow_api.py for tasks to queue
[2022-09-24T20:09:35.475+0000] {logging_mixin.py:117} INFO - [2022-09-24T20:09:35.474+0000] {dagbag.py:525} INFO - Filling up the DagBag from /home/airflow/.local/lib/python3.7/site-packages/airflow/example_dags/tutorial_taskflow_api.py
[2022-09-24T20:09:35.534+0000] {processor.py:768} INFO - DAG(s) dict_keys(['tutorial_taskflow_api']) retrieved from /home/airflow/.local/lib/python3.7/site-packages/airflow/example_dags/tutorial_taskflow_api.py
[2022-09-24T20:09:35.618+0000] {logging_mixin.py:117} INFO - [2022-09-24T20:09:35.618+0000] {dag.py:2573} INFO - Sync 1 DAGs
[2022-09-24T20:09:35.667+0000] {logging_mixin.py:117} INFO - [2022-09-24T20:09:35.666+0000] {dag.py:3328} INFO - Setting next_dagrun for tutorial_taskflow_api to None, run_after=None
[2022-09-24T20:09:35.713+0000] {processor.py:178} INFO - Processing /home/airflow/.local/lib/python3.7/site-packages/airflow/example_dags/tutorial_taskflow_api.py took 0.258 seconds
[2022-09-24T20:10:06.083+0000] {processor.py:156} INFO - Started process (PID=7551) to work on /home/airflow/.local/lib/python3.7/site-packages/airflow/example_dags/tutorial_taskflow_api.py
[2022-09-24T20:10:06.088+0000] {processor.py:758} INFO - Processing file /home/airflow/.local/lib/python3.7/site-packages/airflow/example_dags/tutorial_taskflow_api.py for tasks to queue
[2022-09-24T20:10:06.104+0000] {logging_mixin.py:117} INFO - [2022-09-24T20:10:06.103+0000] {dagbag.py:525} INFO - Filling up the DagBag from /home/airflow/.local/lib/python3.7/site-packages/airflow/example_dags/tutorial_taskflow_api.py
[2022-09-24T20:10:06.248+0000] {processor.py:768} INFO - DAG(s) dict_keys(['tutorial_taskflow_api']) retrieved from /home/airflow/.local/lib/python3.7/site-packages/airflow/example_dags/tutorial_taskflow_api.py
[2022-09-24T20:10:06.361+0000] {logging_mixin.py:117} INFO - [2022-09-24T20:10:06.361+0000] {dag.py:2573} INFO - Sync 1 DAGs
[2022-09-24T20:10:06.421+0000] {logging_mixin.py:117} INFO - [2022-09-24T20:10:06.421+0000] {dag.py:3328} INFO - Setting next_dagrun for tutorial_taskflow_api to None, run_after=None
[2022-09-24T20:10:06.472+0000] {processor.py:178} INFO - Processing /home/airflow/.local/lib/python3.7/site-packages/airflow/example_dags/tutorial_taskflow_api.py took 0.402 seconds
[2022-09-24T20:10:36.670+0000] {processor.py:156} INFO - Started process (PID=7747) to work on /home/airflow/.local/lib/python3.7/site-packages/airflow/example_dags/tutorial_taskflow_api.py
[2022-09-24T20:10:36.676+0000] {processor.py:758} INFO - Processing file /home/airflow/.local/lib/python3.7/site-packages/airflow/example_dags/tutorial_taskflow_api.py for tasks to queue
[2022-09-24T20:10:36.683+0000] {logging_mixin.py:117} INFO - [2022-09-24T20:10:36.682+0000] {dagbag.py:525} INFO - Filling up the DagBag from /home/airflow/.local/lib/python3.7/site-packages/airflow/example_dags/tutorial_taskflow_api.py
[2022-09-24T20:10:36.787+0000] {processor.py:768} INFO - DAG(s) dict_keys(['tutorial_taskflow_api']) retrieved from /home/airflow/.local/lib/python3.7/site-packages/airflow/example_dags/tutorial_taskflow_api.py
[2022-09-24T20:10:36.859+0000] {logging_mixin.py:117} INFO - [2022-09-24T20:10:36.859+0000] {dag.py:2573} INFO - Sync 1 DAGs
[2022-09-24T20:10:36.944+0000] {logging_mixin.py:117} INFO - [2022-09-24T20:10:36.944+0000] {dag.py:3328} INFO - Setting next_dagrun for tutorial_taskflow_api to None, run_after=None
[2022-09-24T20:10:37.027+0000] {processor.py:178} INFO - Processing /home/airflow/.local/lib/python3.7/site-packages/airflow/example_dags/tutorial_taskflow_api.py took 0.379 seconds
[2022-09-24T20:11:07.582+0000] {processor.py:156} INFO - Started process (PID=7954) to work on /home/airflow/.local/lib/python3.7/site-packages/airflow/example_dags/tutorial_taskflow_api.py
[2022-09-24T20:11:07.589+0000] {processor.py:758} INFO - Processing file /home/airflow/.local/lib/python3.7/site-packages/airflow/example_dags/tutorial_taskflow_api.py for tasks to queue
[2022-09-24T20:11:07.599+0000] {logging_mixin.py:117} INFO - [2022-09-24T20:11:07.599+0000] {dagbag.py:525} INFO - Filling up the DagBag from /home/airflow/.local/lib/python3.7/site-packages/airflow/example_dags/tutorial_taskflow_api.py
[2022-09-24T20:11:08.027+0000] {processor.py:768} INFO - DAG(s) dict_keys(['tutorial_taskflow_api']) retrieved from /home/airflow/.local/lib/python3.7/site-packages/airflow/example_dags/tutorial_taskflow_api.py
[2022-09-24T20:11:08.111+0000] {logging_mixin.py:117} INFO - [2022-09-24T20:11:08.111+0000] {dag.py:2573} INFO - Sync 1 DAGs
[2022-09-24T20:11:08.207+0000] {logging_mixin.py:117} INFO - [2022-09-24T20:11:08.206+0000] {dag.py:3328} INFO - Setting next_dagrun for tutorial_taskflow_api to None, run_after=None
[2022-09-24T20:11:08.276+0000] {processor.py:178} INFO - Processing /home/airflow/.local/lib/python3.7/site-packages/airflow/example_dags/tutorial_taskflow_api.py took 0.709 seconds
[2022-09-24T20:11:38.438+0000] {processor.py:156} INFO - Started process (PID=8151) to work on /home/airflow/.local/lib/python3.7/site-packages/airflow/example_dags/tutorial_taskflow_api.py
[2022-09-24T20:11:38.443+0000] {processor.py:758} INFO - Processing file /home/airflow/.local/lib/python3.7/site-packages/airflow/example_dags/tutorial_taskflow_api.py for tasks to queue
[2022-09-24T20:11:38.446+0000] {logging_mixin.py:117} INFO - [2022-09-24T20:11:38.446+0000] {dagbag.py:525} INFO - Filling up the DagBag from /home/airflow/.local/lib/python3.7/site-packages/airflow/example_dags/tutorial_taskflow_api.py
[2022-09-24T20:11:38.535+0000] {processor.py:768} INFO - DAG(s) dict_keys(['tutorial_taskflow_api']) retrieved from /home/airflow/.local/lib/python3.7/site-packages/airflow/example_dags/tutorial_taskflow_api.py
[2022-09-24T20:11:38.781+0000] {logging_mixin.py:117} INFO - [2022-09-24T20:11:38.781+0000] {dag.py:2573} INFO - Sync 1 DAGs
[2022-09-24T20:11:38.844+0000] {logging_mixin.py:117} INFO - [2022-09-24T20:11:38.844+0000] {dag.py:3328} INFO - Setting next_dagrun for tutorial_taskflow_api to None, run_after=None
[2022-09-24T20:11:38.950+0000] {processor.py:178} INFO - Processing /home/airflow/.local/lib/python3.7/site-packages/airflow/example_dags/tutorial_taskflow_api.py took 0.523 seconds
[2022-09-24T20:12:09.485+0000] {processor.py:156} INFO - Started process (PID=8349) to work on /home/airflow/.local/lib/python3.7/site-packages/airflow/example_dags/tutorial_taskflow_api.py
[2022-09-24T20:12:09.488+0000] {processor.py:758} INFO - Processing file /home/airflow/.local/lib/python3.7/site-packages/airflow/example_dags/tutorial_taskflow_api.py for tasks to queue
[2022-09-24T20:12:09.496+0000] {logging_mixin.py:117} INFO - [2022-09-24T20:12:09.496+0000] {dagbag.py:525} INFO - Filling up the DagBag from /home/airflow/.local/lib/python3.7/site-packages/airflow/example_dags/tutorial_taskflow_api.py
[2022-09-24T20:12:09.597+0000] {processor.py:768} INFO - DAG(s) dict_keys(['tutorial_taskflow_api']) retrieved from /home/airflow/.local/lib/python3.7/site-packages/airflow/example_dags/tutorial_taskflow_api.py
[2022-09-24T20:12:09.788+0000] {logging_mixin.py:117} INFO - [2022-09-24T20:12:09.788+0000] {dag.py:2573} INFO - Sync 1 DAGs
[2022-09-24T20:12:09.908+0000] {logging_mixin.py:117} INFO - [2022-09-24T20:12:09.908+0000] {dag.py:3328} INFO - Setting next_dagrun for tutorial_taskflow_api to None, run_after=None
[2022-09-24T20:12:09.980+0000] {processor.py:178} INFO - Processing /home/airflow/.local/lib/python3.7/site-packages/airflow/example_dags/tutorial_taskflow_api.py took 0.520 seconds
[2022-09-24T20:12:40.649+0000] {processor.py:156} INFO - Started process (PID=8549) to work on /home/airflow/.local/lib/python3.7/site-packages/airflow/example_dags/tutorial_taskflow_api.py
[2022-09-24T20:12:40.657+0000] {processor.py:758} INFO - Processing file /home/airflow/.local/lib/python3.7/site-packages/airflow/example_dags/tutorial_taskflow_api.py for tasks to queue
[2022-09-24T20:12:40.664+0000] {logging_mixin.py:117} INFO - [2022-09-24T20:12:40.660+0000] {dagbag.py:525} INFO - Filling up the DagBag from /home/airflow/.local/lib/python3.7/site-packages/airflow/example_dags/tutorial_taskflow_api.py
[2022-09-24T20:12:40.821+0000] {processor.py:768} INFO - DAG(s) dict_keys(['tutorial_taskflow_api']) retrieved from /home/airflow/.local/lib/python3.7/site-packages/airflow/example_dags/tutorial_taskflow_api.py
[2022-09-24T20:12:41.151+0000] {logging_mixin.py:117} INFO - [2022-09-24T20:12:41.151+0000] {dag.py:2573} INFO - Sync 1 DAGs
[2022-09-24T20:12:41.246+0000] {logging_mixin.py:117} INFO - [2022-09-24T20:12:41.246+0000] {dag.py:3328} INFO - Setting next_dagrun for tutorial_taskflow_api to None, run_after=None
[2022-09-24T20:12:41.314+0000] {processor.py:178} INFO - Processing /home/airflow/.local/lib/python3.7/site-packages/airflow/example_dags/tutorial_taskflow_api.py took 0.675 seconds
[2022-09-24T20:13:12.097+0000] {processor.py:156} INFO - Started process (PID=8747) to work on /home/airflow/.local/lib/python3.7/site-packages/airflow/example_dags/tutorial_taskflow_api.py
[2022-09-24T20:13:12.102+0000] {processor.py:758} INFO - Processing file /home/airflow/.local/lib/python3.7/site-packages/airflow/example_dags/tutorial_taskflow_api.py for tasks to queue
[2022-09-24T20:13:12.108+0000] {logging_mixin.py:117} INFO - [2022-09-24T20:13:12.107+0000] {dagbag.py:525} INFO - Filling up the DagBag from /home/airflow/.local/lib/python3.7/site-packages/airflow/example_dags/tutorial_taskflow_api.py
[2022-09-24T20:13:12.176+0000] {processor.py:768} INFO - DAG(s) dict_keys(['tutorial_taskflow_api']) retrieved from /home/airflow/.local/lib/python3.7/site-packages/airflow/example_dags/tutorial_taskflow_api.py
[2022-09-24T20:13:12.301+0000] {logging_mixin.py:117} INFO - [2022-09-24T20:13:12.300+0000] {dag.py:2573} INFO - Sync 1 DAGs
[2022-09-24T20:13:12.382+0000] {logging_mixin.py:117} INFO - [2022-09-24T20:13:12.381+0000] {dag.py:3328} INFO - Setting next_dagrun for tutorial_taskflow_api to None, run_after=None
[2022-09-24T20:13:12.424+0000] {processor.py:178} INFO - Processing /home/airflow/.local/lib/python3.7/site-packages/airflow/example_dags/tutorial_taskflow_api.py took 0.333 seconds
[2022-09-24T20:13:43.331+0000] {processor.py:156} INFO - Started process (PID=8945) to work on /home/airflow/.local/lib/python3.7/site-packages/airflow/example_dags/tutorial_taskflow_api.py
[2022-09-24T20:13:43.333+0000] {processor.py:758} INFO - Processing file /home/airflow/.local/lib/python3.7/site-packages/airflow/example_dags/tutorial_taskflow_api.py for tasks to queue
[2022-09-24T20:13:43.336+0000] {logging_mixin.py:117} INFO - [2022-09-24T20:13:43.336+0000] {dagbag.py:525} INFO - Filling up the DagBag from /home/airflow/.local/lib/python3.7/site-packages/airflow/example_dags/tutorial_taskflow_api.py
[2022-09-24T20:13:43.392+0000] {processor.py:768} INFO - DAG(s) dict_keys(['tutorial_taskflow_api']) retrieved from /home/airflow/.local/lib/python3.7/site-packages/airflow/example_dags/tutorial_taskflow_api.py
[2022-09-24T20:13:43.492+0000] {logging_mixin.py:117} INFO - [2022-09-24T20:13:43.491+0000] {dag.py:2573} INFO - Sync 1 DAGs
[2022-09-24T20:13:43.557+0000] {logging_mixin.py:117} INFO - [2022-09-24T20:13:43.556+0000] {dag.py:3328} INFO - Setting next_dagrun for tutorial_taskflow_api to None, run_after=None
[2022-09-24T20:13:43.607+0000] {processor.py:178} INFO - Processing /home/airflow/.local/lib/python3.7/site-packages/airflow/example_dags/tutorial_taskflow_api.py took 0.282 seconds
[2022-09-24T20:14:24.421+0000] {processor.py:156} INFO - Started process (PID=9150) to work on /home/airflow/.local/lib/python3.7/site-packages/airflow/example_dags/tutorial_taskflow_api.py
[2022-09-24T20:14:24.428+0000] {processor.py:758} INFO - Processing file /home/airflow/.local/lib/python3.7/site-packages/airflow/example_dags/tutorial_taskflow_api.py for tasks to queue
[2022-09-24T20:14:24.444+0000] {logging_mixin.py:117} INFO - [2022-09-24T20:14:24.444+0000] {dagbag.py:525} INFO - Filling up the DagBag from /home/airflow/.local/lib/python3.7/site-packages/airflow/example_dags/tutorial_taskflow_api.py
[2022-09-24T20:14:24.712+0000] {processor.py:768} INFO - DAG(s) dict_keys(['tutorial_taskflow_api']) retrieved from /home/airflow/.local/lib/python3.7/site-packages/airflow/example_dags/tutorial_taskflow_api.py
[2022-09-24T20:14:25.061+0000] {logging_mixin.py:117} INFO - [2022-09-24T20:14:25.060+0000] {dag.py:2573} INFO - Sync 1 DAGs
[2022-09-24T20:14:25.375+0000] {logging_mixin.py:117} INFO - [2022-09-24T20:14:25.375+0000] {dag.py:3328} INFO - Setting next_dagrun for tutorial_taskflow_api to None, run_after=None
[2022-09-24T20:14:25.528+0000] {processor.py:178} INFO - Processing /home/airflow/.local/lib/python3.7/site-packages/airflow/example_dags/tutorial_taskflow_api.py took 1.214 seconds
[2022-09-24T20:14:56.389+0000] {processor.py:156} INFO - Started process (PID=9350) to work on /home/airflow/.local/lib/python3.7/site-packages/airflow/example_dags/tutorial_taskflow_api.py
[2022-09-24T20:14:56.392+0000] {processor.py:758} INFO - Processing file /home/airflow/.local/lib/python3.7/site-packages/airflow/example_dags/tutorial_taskflow_api.py for tasks to queue
[2022-09-24T20:14:56.395+0000] {logging_mixin.py:117} INFO - [2022-09-24T20:14:56.395+0000] {dagbag.py:525} INFO - Filling up the DagBag from /home/airflow/.local/lib/python3.7/site-packages/airflow/example_dags/tutorial_taskflow_api.py
[2022-09-24T20:14:56.453+0000] {processor.py:768} INFO - DAG(s) dict_keys(['tutorial_taskflow_api']) retrieved from /home/airflow/.local/lib/python3.7/site-packages/airflow/example_dags/tutorial_taskflow_api.py
[2022-09-24T20:14:56.532+0000] {logging_mixin.py:117} INFO - [2022-09-24T20:14:56.532+0000] {dag.py:2573} INFO - Sync 1 DAGs
[2022-09-24T20:14:56.578+0000] {logging_mixin.py:117} INFO - [2022-09-24T20:14:56.578+0000] {dag.py:3328} INFO - Setting next_dagrun for tutorial_taskflow_api to None, run_after=None
[2022-09-24T20:14:56.617+0000] {processor.py:178} INFO - Processing /home/airflow/.local/lib/python3.7/site-packages/airflow/example_dags/tutorial_taskflow_api.py took 0.238 seconds
[2022-09-24T20:15:26.843+0000] {processor.py:156} INFO - Started process (PID=9543) to work on /home/airflow/.local/lib/python3.7/site-packages/airflow/example_dags/tutorial_taskflow_api.py
[2022-09-24T20:15:26.848+0000] {processor.py:758} INFO - Processing file /home/airflow/.local/lib/python3.7/site-packages/airflow/example_dags/tutorial_taskflow_api.py for tasks to queue
[2022-09-24T20:15:26.850+0000] {logging_mixin.py:117} INFO - [2022-09-24T20:15:26.850+0000] {dagbag.py:525} INFO - Filling up the DagBag from /home/airflow/.local/lib/python3.7/site-packages/airflow/example_dags/tutorial_taskflow_api.py
[2022-09-24T20:15:26.978+0000] {processor.py:768} INFO - DAG(s) dict_keys(['tutorial_taskflow_api']) retrieved from /home/airflow/.local/lib/python3.7/site-packages/airflow/example_dags/tutorial_taskflow_api.py
[2022-09-24T20:15:27.213+0000] {logging_mixin.py:117} INFO - [2022-09-24T20:15:27.212+0000] {dag.py:2573} INFO - Sync 1 DAGs
[2022-09-24T20:15:27.310+0000] {logging_mixin.py:117} INFO - [2022-09-24T20:15:27.309+0000] {dag.py:3328} INFO - Setting next_dagrun for tutorial_taskflow_api to None, run_after=None
[2022-09-24T20:15:27.367+0000] {processor.py:178} INFO - Processing /home/airflow/.local/lib/python3.7/site-packages/airflow/example_dags/tutorial_taskflow_api.py took 0.540 seconds
[2022-09-24T20:15:57.994+0000] {processor.py:156} INFO - Started process (PID=9738) to work on /home/airflow/.local/lib/python3.7/site-packages/airflow/example_dags/tutorial_taskflow_api.py
[2022-09-24T20:15:57.998+0000] {processor.py:758} INFO - Processing file /home/airflow/.local/lib/python3.7/site-packages/airflow/example_dags/tutorial_taskflow_api.py for tasks to queue
[2022-09-24T20:15:58.009+0000] {logging_mixin.py:117} INFO - [2022-09-24T20:15:58.005+0000] {dagbag.py:525} INFO - Filling up the DagBag from /home/airflow/.local/lib/python3.7/site-packages/airflow/example_dags/tutorial_taskflow_api.py
[2022-09-24T20:15:58.092+0000] {processor.py:768} INFO - DAG(s) dict_keys(['tutorial_taskflow_api']) retrieved from /home/airflow/.local/lib/python3.7/site-packages/airflow/example_dags/tutorial_taskflow_api.py
[2022-09-24T20:15:58.229+0000] {logging_mixin.py:117} INFO - [2022-09-24T20:15:58.229+0000] {dag.py:2573} INFO - Sync 1 DAGs
[2022-09-24T20:15:58.312+0000] {logging_mixin.py:117} INFO - [2022-09-24T20:15:58.312+0000] {dag.py:3328} INFO - Setting next_dagrun for tutorial_taskflow_api to None, run_after=None
[2022-09-24T20:15:58.384+0000] {processor.py:178} INFO - Processing /home/airflow/.local/lib/python3.7/site-packages/airflow/example_dags/tutorial_taskflow_api.py took 0.399 seconds
[2022-09-24T20:16:28.518+0000] {processor.py:156} INFO - Started process (PID=9938) to work on /home/airflow/.local/lib/python3.7/site-packages/airflow/example_dags/tutorial_taskflow_api.py
[2022-09-24T20:16:28.530+0000] {processor.py:758} INFO - Processing file /home/airflow/.local/lib/python3.7/site-packages/airflow/example_dags/tutorial_taskflow_api.py for tasks to queue
[2022-09-24T20:16:28.541+0000] {logging_mixin.py:117} INFO - [2022-09-24T20:16:28.541+0000] {dagbag.py:525} INFO - Filling up the DagBag from /home/airflow/.local/lib/python3.7/site-packages/airflow/example_dags/tutorial_taskflow_api.py
[2022-09-24T20:16:28.691+0000] {processor.py:768} INFO - DAG(s) dict_keys(['tutorial_taskflow_api']) retrieved from /home/airflow/.local/lib/python3.7/site-packages/airflow/example_dags/tutorial_taskflow_api.py
[2022-09-24T20:16:28.815+0000] {logging_mixin.py:117} INFO - [2022-09-24T20:16:28.815+0000] {dag.py:2573} INFO - Sync 1 DAGs
[2022-09-24T20:16:28.914+0000] {logging_mixin.py:117} INFO - [2022-09-24T20:16:28.914+0000] {dag.py:3328} INFO - Setting next_dagrun for tutorial_taskflow_api to None, run_after=None
[2022-09-24T20:16:28.994+0000] {processor.py:178} INFO - Processing /home/airflow/.local/lib/python3.7/site-packages/airflow/example_dags/tutorial_taskflow_api.py took 0.489 seconds
[2022-09-24T20:16:59.107+0000] {processor.py:156} INFO - Started process (PID=10135) to work on /home/airflow/.local/lib/python3.7/site-packages/airflow/example_dags/tutorial_taskflow_api.py
[2022-09-24T20:16:59.111+0000] {processor.py:758} INFO - Processing file /home/airflow/.local/lib/python3.7/site-packages/airflow/example_dags/tutorial_taskflow_api.py for tasks to queue
[2022-09-24T20:16:59.115+0000] {logging_mixin.py:117} INFO - [2022-09-24T20:16:59.114+0000] {dagbag.py:525} INFO - Filling up the DagBag from /home/airflow/.local/lib/python3.7/site-packages/airflow/example_dags/tutorial_taskflow_api.py
[2022-09-24T20:16:59.176+0000] {processor.py:768} INFO - DAG(s) dict_keys(['tutorial_taskflow_api']) retrieved from /home/airflow/.local/lib/python3.7/site-packages/airflow/example_dags/tutorial_taskflow_api.py
[2022-09-24T20:16:59.399+0000] {logging_mixin.py:117} INFO - [2022-09-24T20:16:59.399+0000] {dag.py:2573} INFO - Sync 1 DAGs
[2022-09-24T20:16:59.515+0000] {logging_mixin.py:117} INFO - [2022-09-24T20:16:59.515+0000] {dag.py:3328} INFO - Setting next_dagrun for tutorial_taskflow_api to None, run_after=None
[2022-09-24T20:16:59.649+0000] {processor.py:178} INFO - Processing /home/airflow/.local/lib/python3.7/site-packages/airflow/example_dags/tutorial_taskflow_api.py took 0.554 seconds
[2022-09-24T20:17:29.967+0000] {processor.py:156} INFO - Started process (PID=10333) to work on /home/airflow/.local/lib/python3.7/site-packages/airflow/example_dags/tutorial_taskflow_api.py
[2022-09-24T20:17:29.973+0000] {processor.py:758} INFO - Processing file /home/airflow/.local/lib/python3.7/site-packages/airflow/example_dags/tutorial_taskflow_api.py for tasks to queue
[2022-09-24T20:17:29.975+0000] {logging_mixin.py:117} INFO - [2022-09-24T20:17:29.975+0000] {dagbag.py:525} INFO - Filling up the DagBag from /home/airflow/.local/lib/python3.7/site-packages/airflow/example_dags/tutorial_taskflow_api.py
[2022-09-24T20:17:30.028+0000] {processor.py:768} INFO - DAG(s) dict_keys(['tutorial_taskflow_api']) retrieved from /home/airflow/.local/lib/python3.7/site-packages/airflow/example_dags/tutorial_taskflow_api.py
[2022-09-24T20:17:30.129+0000] {logging_mixin.py:117} INFO - [2022-09-24T20:17:30.129+0000] {dag.py:2573} INFO - Sync 1 DAGs
[2022-09-24T20:17:30.191+0000] {logging_mixin.py:117} INFO - [2022-09-24T20:17:30.191+0000] {dag.py:3328} INFO - Setting next_dagrun for tutorial_taskflow_api to None, run_after=None
[2022-09-24T20:17:30.244+0000] {processor.py:178} INFO - Processing /home/airflow/.local/lib/python3.7/site-packages/airflow/example_dags/tutorial_taskflow_api.py took 0.284 seconds
[2022-09-24T20:18:00.477+0000] {processor.py:156} INFO - Started process (PID=10531) to work on /home/airflow/.local/lib/python3.7/site-packages/airflow/example_dags/tutorial_taskflow_api.py
[2022-09-24T20:18:00.481+0000] {processor.py:758} INFO - Processing file /home/airflow/.local/lib/python3.7/site-packages/airflow/example_dags/tutorial_taskflow_api.py for tasks to queue
[2022-09-24T20:18:00.488+0000] {logging_mixin.py:117} INFO - [2022-09-24T20:18:00.487+0000] {dagbag.py:525} INFO - Filling up the DagBag from /home/airflow/.local/lib/python3.7/site-packages/airflow/example_dags/tutorial_taskflow_api.py
[2022-09-24T20:18:00.573+0000] {processor.py:768} INFO - DAG(s) dict_keys(['tutorial_taskflow_api']) retrieved from /home/airflow/.local/lib/python3.7/site-packages/airflow/example_dags/tutorial_taskflow_api.py
[2022-09-24T20:18:00.799+0000] {logging_mixin.py:117} INFO - [2022-09-24T20:18:00.798+0000] {dag.py:2573} INFO - Sync 1 DAGs
[2022-09-24T20:18:01.624+0000] {logging_mixin.py:117} INFO - [2022-09-24T20:18:01.623+0000] {dag.py:3328} INFO - Setting next_dagrun for tutorial_taskflow_api to None, run_after=None
[2022-09-24T20:18:01.823+0000] {processor.py:178} INFO - Processing /home/airflow/.local/lib/python3.7/site-packages/airflow/example_dags/tutorial_taskflow_api.py took 1.358 seconds
[2022-09-24T20:18:32.087+0000] {processor.py:156} INFO - Started process (PID=10729) to work on /home/airflow/.local/lib/python3.7/site-packages/airflow/example_dags/tutorial_taskflow_api.py
[2022-09-24T20:18:32.089+0000] {processor.py:758} INFO - Processing file /home/airflow/.local/lib/python3.7/site-packages/airflow/example_dags/tutorial_taskflow_api.py for tasks to queue
[2022-09-24T20:18:32.091+0000] {logging_mixin.py:117} INFO - [2022-09-24T20:18:32.091+0000] {dagbag.py:525} INFO - Filling up the DagBag from /home/airflow/.local/lib/python3.7/site-packages/airflow/example_dags/tutorial_taskflow_api.py
[2022-09-24T20:18:32.176+0000] {processor.py:768} INFO - DAG(s) dict_keys(['tutorial_taskflow_api']) retrieved from /home/airflow/.local/lib/python3.7/site-packages/airflow/example_dags/tutorial_taskflow_api.py
[2022-09-24T20:18:32.249+0000] {logging_mixin.py:117} INFO - [2022-09-24T20:18:32.249+0000] {dag.py:2573} INFO - Sync 1 DAGs
[2022-09-24T20:18:32.294+0000] {logging_mixin.py:117} INFO - [2022-09-24T20:18:32.293+0000] {dag.py:3328} INFO - Setting next_dagrun for tutorial_taskflow_api to None, run_after=None
[2022-09-24T20:18:32.346+0000] {processor.py:178} INFO - Processing /home/airflow/.local/lib/python3.7/site-packages/airflow/example_dags/tutorial_taskflow_api.py took 0.264 seconds
[2022-09-24T20:19:02.567+0000] {processor.py:156} INFO - Started process (PID=10936) to work on /home/airflow/.local/lib/python3.7/site-packages/airflow/example_dags/tutorial_taskflow_api.py
[2022-09-24T20:19:02.580+0000] {processor.py:758} INFO - Processing file /home/airflow/.local/lib/python3.7/site-packages/airflow/example_dags/tutorial_taskflow_api.py for tasks to queue
[2022-09-24T20:19:02.584+0000] {logging_mixin.py:117} INFO - [2022-09-24T20:19:02.583+0000] {dagbag.py:525} INFO - Filling up the DagBag from /home/airflow/.local/lib/python3.7/site-packages/airflow/example_dags/tutorial_taskflow_api.py
[2022-09-24T20:19:02.647+0000] {processor.py:768} INFO - DAG(s) dict_keys(['tutorial_taskflow_api']) retrieved from /home/airflow/.local/lib/python3.7/site-packages/airflow/example_dags/tutorial_taskflow_api.py
[2022-09-24T20:19:02.739+0000] {logging_mixin.py:117} INFO - [2022-09-24T20:19:02.738+0000] {dag.py:2573} INFO - Sync 1 DAGs
[2022-09-24T20:19:02.870+0000] {logging_mixin.py:117} INFO - [2022-09-24T20:19:02.868+0000] {dag.py:3328} INFO - Setting next_dagrun for tutorial_taskflow_api to None, run_after=None
[2022-09-24T20:19:02.934+0000] {processor.py:178} INFO - Processing /home/airflow/.local/lib/python3.7/site-packages/airflow/example_dags/tutorial_taskflow_api.py took 0.377 seconds
[2022-09-24T20:19:33.252+0000] {processor.py:156} INFO - Started process (PID=11136) to work on /home/airflow/.local/lib/python3.7/site-packages/airflow/example_dags/tutorial_taskflow_api.py
[2022-09-24T20:19:33.256+0000] {processor.py:758} INFO - Processing file /home/airflow/.local/lib/python3.7/site-packages/airflow/example_dags/tutorial_taskflow_api.py for tasks to queue
[2022-09-24T20:19:33.258+0000] {logging_mixin.py:117} INFO - [2022-09-24T20:19:33.258+0000] {dagbag.py:525} INFO - Filling up the DagBag from /home/airflow/.local/lib/python3.7/site-packages/airflow/example_dags/tutorial_taskflow_api.py
[2022-09-24T20:19:33.303+0000] {processor.py:768} INFO - DAG(s) dict_keys(['tutorial_taskflow_api']) retrieved from /home/airflow/.local/lib/python3.7/site-packages/airflow/example_dags/tutorial_taskflow_api.py
[2022-09-24T20:19:33.378+0000] {logging_mixin.py:117} INFO - [2022-09-24T20:19:33.378+0000] {dag.py:2573} INFO - Sync 1 DAGs
[2022-09-24T20:19:33.429+0000] {logging_mixin.py:117} INFO - [2022-09-24T20:19:33.429+0000] {dag.py:3328} INFO - Setting next_dagrun for tutorial_taskflow_api to None, run_after=None
[2022-09-24T20:19:33.469+0000] {processor.py:178} INFO - Processing /home/airflow/.local/lib/python3.7/site-packages/airflow/example_dags/tutorial_taskflow_api.py took 0.224 seconds
[2022-09-24T20:20:03.970+0000] {processor.py:156} INFO - Started process (PID=11334) to work on /home/airflow/.local/lib/python3.7/site-packages/airflow/example_dags/tutorial_taskflow_api.py
[2022-09-24T20:20:03.977+0000] {processor.py:758} INFO - Processing file /home/airflow/.local/lib/python3.7/site-packages/airflow/example_dags/tutorial_taskflow_api.py for tasks to queue
[2022-09-24T20:20:03.981+0000] {logging_mixin.py:117} INFO - [2022-09-24T20:20:03.981+0000] {dagbag.py:525} INFO - Filling up the DagBag from /home/airflow/.local/lib/python3.7/site-packages/airflow/example_dags/tutorial_taskflow_api.py
[2022-09-24T20:20:04.026+0000] {processor.py:768} INFO - DAG(s) dict_keys(['tutorial_taskflow_api']) retrieved from /home/airflow/.local/lib/python3.7/site-packages/airflow/example_dags/tutorial_taskflow_api.py
[2022-09-24T20:20:04.120+0000] {logging_mixin.py:117} INFO - [2022-09-24T20:20:04.119+0000] {dag.py:2573} INFO - Sync 1 DAGs
[2022-09-24T20:20:04.172+0000] {logging_mixin.py:117} INFO - [2022-09-24T20:20:04.171+0000] {dag.py:3328} INFO - Setting next_dagrun for tutorial_taskflow_api to None, run_after=None
[2022-09-24T20:20:04.210+0000] {processor.py:178} INFO - Processing /home/airflow/.local/lib/python3.7/site-packages/airflow/example_dags/tutorial_taskflow_api.py took 0.250 seconds
[2022-09-24T20:20:34.297+0000] {processor.py:156} INFO - Started process (PID=11532) to work on /home/airflow/.local/lib/python3.7/site-packages/airflow/example_dags/tutorial_taskflow_api.py
[2022-09-24T20:20:34.300+0000] {processor.py:758} INFO - Processing file /home/airflow/.local/lib/python3.7/site-packages/airflow/example_dags/tutorial_taskflow_api.py for tasks to queue
[2022-09-24T20:20:34.304+0000] {logging_mixin.py:117} INFO - [2022-09-24T20:20:34.303+0000] {dagbag.py:525} INFO - Filling up the DagBag from /home/airflow/.local/lib/python3.7/site-packages/airflow/example_dags/tutorial_taskflow_api.py
[2022-09-24T20:20:34.357+0000] {processor.py:768} INFO - DAG(s) dict_keys(['tutorial_taskflow_api']) retrieved from /home/airflow/.local/lib/python3.7/site-packages/airflow/example_dags/tutorial_taskflow_api.py
[2022-09-24T20:20:34.428+0000] {logging_mixin.py:117} INFO - [2022-09-24T20:20:34.427+0000] {dag.py:2573} INFO - Sync 1 DAGs
[2022-09-24T20:20:34.471+0000] {logging_mixin.py:117} INFO - [2022-09-24T20:20:34.470+0000] {dag.py:3328} INFO - Setting next_dagrun for tutorial_taskflow_api to None, run_after=None
[2022-09-24T20:20:34.512+0000] {processor.py:178} INFO - Processing /home/airflow/.local/lib/python3.7/site-packages/airflow/example_dags/tutorial_taskflow_api.py took 0.220 seconds
[2022-09-24T20:21:04.718+0000] {processor.py:156} INFO - Started process (PID=11734) to work on /home/airflow/.local/lib/python3.7/site-packages/airflow/example_dags/tutorial_taskflow_api.py
[2022-09-24T20:21:04.721+0000] {processor.py:758} INFO - Processing file /home/airflow/.local/lib/python3.7/site-packages/airflow/example_dags/tutorial_taskflow_api.py for tasks to queue
[2022-09-24T20:21:04.723+0000] {logging_mixin.py:117} INFO - [2022-09-24T20:21:04.723+0000] {dagbag.py:525} INFO - Filling up the DagBag from /home/airflow/.local/lib/python3.7/site-packages/airflow/example_dags/tutorial_taskflow_api.py
[2022-09-24T20:21:04.815+0000] {processor.py:768} INFO - DAG(s) dict_keys(['tutorial_taskflow_api']) retrieved from /home/airflow/.local/lib/python3.7/site-packages/airflow/example_dags/tutorial_taskflow_api.py
[2022-09-24T20:21:04.907+0000] {logging_mixin.py:117} INFO - [2022-09-24T20:21:04.906+0000] {dag.py:2573} INFO - Sync 1 DAGs
[2022-09-24T20:21:04.965+0000] {logging_mixin.py:117} INFO - [2022-09-24T20:21:04.964+0000] {dag.py:3328} INFO - Setting next_dagrun for tutorial_taskflow_api to None, run_after=None
[2022-09-24T20:21:05.010+0000] {processor.py:178} INFO - Processing /home/airflow/.local/lib/python3.7/site-packages/airflow/example_dags/tutorial_taskflow_api.py took 0.301 seconds
[2022-09-24T20:21:35.294+0000] {processor.py:156} INFO - Started process (PID=11932) to work on /home/airflow/.local/lib/python3.7/site-packages/airflow/example_dags/tutorial_taskflow_api.py
[2022-09-24T20:21:35.298+0000] {processor.py:758} INFO - Processing file /home/airflow/.local/lib/python3.7/site-packages/airflow/example_dags/tutorial_taskflow_api.py for tasks to queue
[2022-09-24T20:21:35.302+0000] {logging_mixin.py:117} INFO - [2022-09-24T20:21:35.302+0000] {dagbag.py:525} INFO - Filling up the DagBag from /home/airflow/.local/lib/python3.7/site-packages/airflow/example_dags/tutorial_taskflow_api.py
[2022-09-24T20:21:35.349+0000] {processor.py:768} INFO - DAG(s) dict_keys(['tutorial_taskflow_api']) retrieved from /home/airflow/.local/lib/python3.7/site-packages/airflow/example_dags/tutorial_taskflow_api.py
[2022-09-24T20:21:35.418+0000] {logging_mixin.py:117} INFO - [2022-09-24T20:21:35.418+0000] {dag.py:2573} INFO - Sync 1 DAGs
[2022-09-24T20:21:35.460+0000] {logging_mixin.py:117} INFO - [2022-09-24T20:21:35.459+0000] {dag.py:3328} INFO - Setting next_dagrun for tutorial_taskflow_api to None, run_after=None
[2022-09-24T20:21:35.504+0000] {processor.py:178} INFO - Processing /home/airflow/.local/lib/python3.7/site-packages/airflow/example_dags/tutorial_taskflow_api.py took 0.216 seconds
